<?xml version="1.0" encoding="UTF-8" ?>
<testsuites name="vitest tests" tests="1014" failures="520" errors="0" time="0.250976333">
    <testsuite name="src/test-suite-12.spec.ts" timestamp="2025-07-09T06:39:44.953Z" hostname="andraseszes-mbp" tests="1014" failures="520" errors="0" skipped="0" time="0.250976333">
        <testcase classname="src/test-suite-12.spec.ts" name="&apos;Robust impactful algorithm&apos; &gt; &apos;The COM bandwidth is down, bypass the…&apos;" time="0.0064985">
            <failure message="expected [ { …(3) }, { …(3) }, { …(3) }, …(1) ] to deeply equal [ { …(3) }, { …(3) }, { …(3) }, …(2) ]" type="AssertionError">
AssertionError: expected [ { …(3) }, { …(3) }, { …(3) }, …(1) ] to deeply equal [ { …(3) }, { …(3) }, { …(3) }, …(2) ]

- Expected
+ Received

  [
    {
-     &quot;description&quot;: &quot;You can&apos;t quantify the bandwidth without copying the digital AI bandwidth!&quot;,
-     &quot;message&quot;: &quot;If we input the array, we can get to the RAM pixel through the primary COM card!&quot;,
-     &quot;summary&quot;: &quot;I&apos;ll copy the wireless API card, that should bus the EXE array!&quot;,
+     &quot;description&quot;: &quot;connecting the circuit won&apos;t do anything, we need to calculate the bluetooth SMS bus!&quot;,
+     &quot;message&quot;: &quot;We need to program the primary JBOD alarm!&quot;,
+     &quot;summary&quot;: &quot;The XSS system is down, hack the mobile sensor so we can input the XML system!&quot;,
    },
    {
-     &quot;description&quot;: &quot;If we copy the monitor, we can get to the SCSI array through the virtual USB system!&quot;,
-     &quot;message&quot;: &quot;We need to index the back-end DRAM card!&quot;,
-     &quot;summary&quot;: &quot;If we parse the firewall, we can get to the AI application through the bluetooth UTF8 panel!&quot;,
-   },
-   {
-     &quot;description&quot;: &quot;If we program the port, we can get to the JBOD card through the open-source TLS monitor!&quot;,
-     &quot;message&quot;: &quot;Try to bypass the XSS feed, maybe it will compress the bluetooth hard drive!&quot;,
-     &quot;summary&quot;: &quot;You can&apos;t calculate the interface without quantifying the wireless IB application!&quot;,
+     &quot;description&quot;: &quot;Use the multi-byte COM sensor, then you can override the mobile application!&quot;,
+     &quot;message&quot;: &quot;Use the cross-platform COM capacitor, then you can bypass the back-end microchip!&quot;,
+     &quot;summary&quot;: &quot;We need to connect the auxiliary SQL circuit!&quot;,
    },
    {
-     &quot;description&quot;: &quot;The TCP matrix is down, connect the 1080p hard drive so we can parse the RSS program!&quot;,
-     &quot;message&quot;: &quot;The IP matrix is down, reboot the open-source matrix so we can bypass the SAS application!&quot;,
-     &quot;summary&quot;: &quot;If we synthesize the system, we can get to the SAS circuit through the wireless THX matrix!&quot;,
+     &quot;description&quot;: &quot;We need to back up the online CLI circuit!&quot;,
+     &quot;message&quot;: &quot;I&apos;ll back up the digital JSON system, that should pixel the AGP driver!&quot;,
+     &quot;summary&quot;: &quot;I&apos;ll transmit the digital DNS driver, that should circuit the SSL system!&quot;,
    },
    {
-     &quot;description&quot;: &quot;We need to quantify the bluetooth DNS microchip!&quot;,
-     &quot;message&quot;: &quot;transmitting the feed won&apos;t do anything, we need to parse the wireless ADP pixel!&quot;,
-     &quot;summary&quot;: &quot;If we quantify the application, we can get to the CSS capacitor through the wireless PNG feed!&quot;,
+     &quot;description&quot;: &quot;I&apos;ll transmit the redundant UTF8 program, that should program the SMTP system!&quot;,
+     &quot;message&quot;: &quot;You can&apos;t index the driver without programming the neural SMS feed!&quot;,
+     &quot;summary&quot;: &quot;I&apos;ll program the multi-byte IP application, that should program the JBOD panel!&quot;,
    },
  ]

 ❯ src/test-suite-12.spec.ts:21:20
            </failure>
        </testcase>
        <testcase classname="src/test-suite-12.spec.ts" name="&apos;Robust impactful algorithm&apos; &gt; &apos;transmitting the pixel won\&apos;t do anyt…&apos;" time="0.000258">
        </testcase>
        <testcase classname="src/test-suite-12.spec.ts" name="&apos;Robust impactful algorithm&apos; &gt; &apos;synthesizing the circuit won\&apos;t do an…&apos;" time="0.000954792">
            <failure message="expected [ { …(3) }, { …(3) } ] to deeply equal [ { …(3) }, { …(3) }, { …(3) }, …(1) ]" type="AssertionError">
AssertionError: expected [ { …(3) }, { …(3) } ] to deeply equal [ { …(3) }, { …(3) }, { …(3) }, …(1) ]

- Expected
+ Received

  [
    {
-     &quot;description&quot;: &quot;Try to generate the SSL alarm, maybe it will input the digital matrix!&quot;,
-     &quot;message&quot;: &quot;calculating the feed won&apos;t do anything, we need to transmit the redundant HDD matrix!&quot;,
-     &quot;summary&quot;: &quot;Try to back up the ADP firewall, maybe it will back up the open-source monitor!&quot;,
+     &quot;description&quot;: &quot;If we connect the program, we can get to the PCI port through the solid state HTTP firewall!&quot;,
+     &quot;message&quot;: &quot;Use the back-end SMTP application, then you can reboot the cross-platform protocol!&quot;,
+     &quot;summary&quot;: &quot;We need to quantify the virtual FTP bus!&quot;,
    },
    {
-     &quot;description&quot;: &quot;The IP microchip is down, calculate the haptic interface so we can generate the CSS protocol!&quot;,
-     &quot;message&quot;: &quot;The HEX feed is down, navigate the bluetooth card so we can navigate the SDD bandwidth!&quot;,
-     &quot;summary&quot;: &quot;You can&apos;t navigate the microchip without overriding the redundant PNG bandwidth!&quot;,
-   },
-   {
-     &quot;description&quot;: &quot;Use the haptic UTF8 array, then you can compress the solid state interface!&quot;,
-     &quot;message&quot;: &quot;You can&apos;t connect the pixel without quantifying the open-source PNG transmitter!&quot;,
-     &quot;summary&quot;: &quot;We need to hack the cross-platform ASCII monitor!&quot;,
-   },
-   {
-     &quot;description&quot;: &quot;Try to hack the EXE array, maybe it will navigate the auxiliary bandwidth!&quot;,
-     &quot;message&quot;: &quot;I&apos;ll copy the open-source USB hard drive, that should monitor the TLS firewall!&quot;,
-     &quot;summary&quot;: &quot;I&apos;ll program the bluetooth SMTP firewall, that should bus the HEX sensor!&quot;,
+     &quot;description&quot;: &quot;calculating the bus won&apos;t do anything, we need to copy the wireless SSL monitor!&quot;,
+     &quot;message&quot;: &quot;Try to reboot the HDD bus, maybe it will generate the neural card!&quot;,
+     &quot;summary&quot;: &quot;You can&apos;t back up the application without compressing the cross-platform ASCII firewall!&quot;,
    },
  ]

 ❯ src/test-suite-12.spec.ts:21:20
            </failure>
        </testcase>
        <testcase classname="src/test-suite-12.spec.ts" name="&apos;Robust impactful algorithm&apos; &gt; &apos;generating the capacitor won\&apos;t do an…&apos;" time="0.000124583">
        </testcase>
        <testcase classname="src/test-suite-12.spec.ts" name="&apos;Robust impactful algorithm&apos; &gt; &apos;I\&apos;ll quantify the auxiliary HDD matr…&apos;" time="0.000707542">
            <failure message="expected [ { …(3) }, { …(3) }, { …(3) }, …(2) ] to deeply equal [ { …(3) }, { …(3) }, { …(3) }, …(1) ]" type="AssertionError">
AssertionError: expected [ { …(3) }, { …(3) }, { …(3) }, …(2) ] to deeply equal [ { …(3) }, { …(3) }, { …(3) }, …(1) ]

- Expected
+ Received

  [
    {
-     &quot;description&quot;: &quot;You can&apos;t navigate the transmitter without indexing the redundant CLI program!&quot;,
-     &quot;message&quot;: &quot;Try to reboot the TCP system, maybe it will navigate the multi-byte circuit!&quot;,
-     &quot;summary&quot;: &quot;You can&apos;t connect the monitor without programming the back-end XML bandwidth!&quot;,
+     &quot;description&quot;: &quot;We need to synthesize the neural THX monitor!&quot;,
+     &quot;message&quot;: &quot;You can&apos;t calculate the port without connecting the solid state XML sensor!&quot;,
+     &quot;summary&quot;: &quot;parsing the system won&apos;t do anything, we need to input the neural FTP panel!&quot;,
    },
    {
-     &quot;description&quot;: &quot;We need to back up the redundant FTP bandwidth!&quot;,
-     &quot;message&quot;: &quot;Try to synthesize the DNS sensor, maybe it will index the digital port!&quot;,
-     &quot;summary&quot;: &quot;Try to connect the IB driver, maybe it will override the multi-byte protocol!&quot;,
+     &quot;description&quot;: &quot;The HDD bandwidth is down, quantify the back-end array so we can generate the DRAM transmitter!&quot;,
+     &quot;message&quot;: &quot;Try to connect the API interface, maybe it will navigate the back-end feed!&quot;,
+     &quot;summary&quot;: &quot;You can&apos;t generate the program without overriding the digital TLS feed!&quot;,
+   },
+   {
+     &quot;description&quot;: &quot;We need to calculate the primary SQL hard drive!&quot;,
+     &quot;message&quot;: &quot;If we compress the protocol, we can get to the TLS bandwidth through the auxiliary THX monitor!&quot;,
+     &quot;summary&quot;: &quot;Use the bluetooth XSS alarm, then you can connect the digital program!&quot;,
    },
    {
-     &quot;description&quot;: &quot;The CLI protocol is down, input the open-source feed so we can hack the SMS pixel!&quot;,
-     &quot;message&quot;: &quot;If we bypass the driver, we can get to the PCI sensor through the back-end TLS system!&quot;,
-     &quot;summary&quot;: &quot;copying the transmitter won&apos;t do anything, we need to program the open-source AI system!&quot;,
+     &quot;description&quot;: &quot;You can&apos;t input the pixel without parsing the online IP pixel!&quot;,
+     &quot;message&quot;: &quot;I&apos;ll index the virtual SDD transmitter, that should application the DRAM array!&quot;,
+     &quot;summary&quot;: &quot;navigating the firewall won&apos;t do anything, we need to calculate the mobile UTF8 port!&quot;,
    },
    {
-     &quot;description&quot;: &quot;compressing the matrix won&apos;t do anything, we need to back up the optical SMTP application!&quot;,
-     &quot;message&quot;: &quot;Use the multi-byte UDP feed, then you can synthesize the optical sensor!&quot;,
-     &quot;summary&quot;: &quot;The DRAM sensor is down, hack the digital sensor so we can parse the IB microchip!&quot;,
+     &quot;description&quot;: &quot;Use the back-end HTTP bandwidth, then you can index the primary interface!&quot;,
+     &quot;message&quot;: &quot;Use the cross-platform XML circuit, then you can override the digital panel!&quot;,
+     &quot;summary&quot;: &quot;If we hack the application, we can get to the SDD interface through the optical SSD application!&quot;,
    },
  ]

 ❯ src/test-suite-12.spec.ts:21:20
            </failure>
        </testcase>
        <testcase classname="src/test-suite-12.spec.ts" name="&apos;Robust impactful algorithm&apos; &gt; &apos;I\&apos;ll parse the haptic AI array, that…&apos;" time="0.000117917">
        </testcase>
        <testcase classname="src/test-suite-12.spec.ts" name="&apos;Robust impactful algorithm&apos; &gt; &apos;Try to connect the OCR firewall, mayb…&apos;" time="0.000721875">
            <failure message="expected [ { …(3) }, { …(3) }, { …(3) } ] to deeply equal [ { …(3) }, { …(3) } ]" type="AssertionError">
AssertionError: expected [ { …(3) }, { …(3) }, { …(3) } ] to deeply equal [ { …(3) }, { …(3) } ]

- Expected
+ Received

  [
    {
-     &quot;description&quot;: &quot;We need to parse the mobile IB transmitter!&quot;,
-     &quot;message&quot;: &quot;We need to hack the solid state SQL card!&quot;,
-     &quot;summary&quot;: &quot;Use the haptic COM alarm, then you can connect the auxiliary circuit!&quot;,
+     &quot;description&quot;: &quot;If we navigate the alarm, we can get to the HDD firewall through the bluetooth PNG capacitor!&quot;,
+     &quot;message&quot;: &quot;Try to quantify the ASCII card, maybe it will input the haptic firewall!&quot;,
+     &quot;summary&quot;: &quot;The PCI card is down, synthesize the haptic bandwidth so we can generate the XSS panel!&quot;,
+   },
+   {
+     &quot;description&quot;: &quot;We need to hack the multi-byte SMS feed!&quot;,
+     &quot;message&quot;: &quot;Try to back up the SMS alarm, maybe it will calculate the neural monitor!&quot;,
+     &quot;summary&quot;: &quot;programming the panel won&apos;t do anything, we need to back up the bluetooth COM driver!&quot;,
    },
    {
-     &quot;description&quot;: &quot;If we synthesize the monitor, we can get to the ADP port through the online HEX pixel!&quot;,
-     &quot;message&quot;: &quot;parsing the feed won&apos;t do anything, we need to back up the wireless AI array!&quot;,
-     &quot;summary&quot;: &quot;The HDD capacitor is down, synthesize the 1080p program so we can synthesize the JSON system!&quot;,
+     &quot;description&quot;: &quot;Try to generate the JBOD application, maybe it will navigate the multi-byte driver!&quot;,
+     &quot;message&quot;: &quot;We need to index the primary TLS protocol!&quot;,
+     &quot;summary&quot;: &quot;You can&apos;t parse the array without programming the primary AI matrix!&quot;,
    },
  ]

 ❯ src/test-suite-12.spec.ts:21:20
            </failure>
        </testcase>
        <testcase classname="src/test-suite-12.spec.ts" name="&apos;Robust impactful algorithm&apos; &gt; &apos;The HEX interface is down, hack the o…&apos;" time="0.000190417">
        </testcase>
        <testcase classname="src/test-suite-12.spec.ts" name="&apos;Robust impactful algorithm&apos; &gt; &apos;You can\&apos;t input the array without ge…&apos;" time="0.00090375">
            <failure message="expected [ { …(3) }, { …(3) } ] to deeply equal [ { …(3) }, { …(3) }, { …(3) }, …(1) ]" type="AssertionError">
AssertionError: expected [ { …(3) }, { …(3) } ] to deeply equal [ { …(3) }, { …(3) }, { …(3) }, …(1) ]

- Expected
+ Received

  [
    {
-     &quot;description&quot;: &quot;Try to copy the VGA transmitter, maybe it will compress the multi-byte bus!&quot;,
-     &quot;message&quot;: &quot;Try to override the FTP protocol, maybe it will input the 1080p monitor!&quot;,
-     &quot;summary&quot;: &quot;Try to connect the DNS matrix, maybe it will parse the 1080p hard drive!&quot;,
+     &quot;description&quot;: &quot;I&apos;ll navigate the back-end AGP interface, that should capacitor the XSS pixel!&quot;,
+     &quot;message&quot;: &quot;We need to compress the open-source HEX interface!&quot;,
+     &quot;summary&quot;: &quot;If we parse the panel, we can get to the JSON firewall through the optical SMS panel!&quot;,
    },
    {
-     &quot;description&quot;: &quot;We need to index the haptic GB microchip!&quot;,
-     &quot;message&quot;: &quot;If we hack the bandwidth, we can get to the VGA bandwidth through the wireless RSS monitor!&quot;,
-     &quot;summary&quot;: &quot;Try to hack the ADP card, maybe it will index the bluetooth card!&quot;,
-   },
-   {
-     &quot;description&quot;: &quot;Try to bypass the SSL pixel, maybe it will program the multi-byte program!&quot;,
-     &quot;message&quot;: &quot;Try to compress the AI hard drive, maybe it will override the multi-byte microchip!&quot;,
-     &quot;summary&quot;: &quot;We need to override the virtual USB feed!&quot;,
-   },
-   {
-     &quot;description&quot;: &quot;We need to override the 1080p COM system!&quot;,
-     &quot;message&quot;: &quot;If we parse the protocol, we can get to the XML protocol through the redundant CSS application!&quot;,
-     &quot;summary&quot;: &quot;Use the cross-platform SQL card, then you can quantify the auxiliary monitor!&quot;,
+     &quot;description&quot;: &quot;Use the back-end COM hard drive, then you can synthesize the 1080p system!&quot;,
+     &quot;message&quot;: &quot;Use the primary SCSI firewall, then you can copy the neural application!&quot;,
+     &quot;summary&quot;: &quot;Use the back-end TCP capacitor, then you can parse the multi-byte protocol!&quot;,
    },
  ]

 ❯ src/test-suite-12.spec.ts:21:20
            </failure>
        </testcase>
        <testcase classname="src/test-suite-12.spec.ts" name="&apos;Robust impactful algorithm&apos; &gt; &apos;Use the redundant SSL system, then yo…&apos;" time="0.000146334">
        </testcase>
        <testcase classname="src/test-suite-12.spec.ts" name="&apos;Robust impactful algorithm&apos; &gt; &apos;Use the multi-byte HDD monitor, then …&apos;" time="0.000616458">
            <failure message="expected [ { …(3) }, { …(3) }, { …(3) } ] to deeply equal [ { …(3) }, { …(3) }, { …(3) }, …(1) ]" type="AssertionError">
AssertionError: expected [ { …(3) }, { …(3) }, { …(3) } ] to deeply equal [ { …(3) }, { …(3) }, { …(3) }, …(1) ]

- Expected
+ Received

  [
    {
-     &quot;description&quot;: &quot;We need to calculate the 1080p HDD alarm!&quot;,
-     &quot;message&quot;: &quot;I&apos;ll back up the cross-platform JBOD capacitor, that should microchip the ASCII microchip!&quot;,
-     &quot;summary&quot;: &quot;Try to override the TLS pixel, maybe it will quantify the virtual program!&quot;,
-   },
-   {
-     &quot;description&quot;: &quot;I&apos;ll bypass the haptic PCI driver, that should panel the API capacitor!&quot;,
-     &quot;message&quot;: &quot;Use the online ADP hard drive, then you can quantify the redundant sensor!&quot;,
-     &quot;summary&quot;: &quot;The COM program is down, quantify the online circuit so we can synthesize the HTTP alarm!&quot;,
+     &quot;description&quot;: &quot;I&apos;ll synthesize the mobile FTP firewall, that should program the GB hard drive!&quot;,
+     &quot;message&quot;: &quot;Try to input the SQL capacitor, maybe it will calculate the redundant hard drive!&quot;,
+     &quot;summary&quot;: &quot;I&apos;ll copy the virtual SSD capacitor, that should program the API program!&quot;,
    },
    {
-     &quot;description&quot;: &quot;Try to compress the DNS firewall, maybe it will index the neural feed!&quot;,
-     &quot;message&quot;: &quot;Use the multi-byte SSL driver, then you can reboot the auxiliary transmitter!&quot;,
-     &quot;summary&quot;: &quot;Use the back-end ADP card, then you can bypass the 1080p capacitor!&quot;,
+     &quot;description&quot;: &quot;If we synthesize the system, we can get to the IP interface through the redundant COM bandwidth!&quot;,
+     &quot;message&quot;: &quot;We need to compress the haptic SQL firewall!&quot;,
+     &quot;summary&quot;: &quot;copying the protocol won&apos;t do anything, we need to calculate the redundant OCR alarm!&quot;,
    },
    {
-     &quot;description&quot;: &quot;I&apos;ll copy the optical JSON port, that should alarm the HEX array!&quot;,
-     &quot;message&quot;: &quot;We need to parse the auxiliary IB protocol!&quot;,
-     &quot;summary&quot;: &quot;You can&apos;t calculate the feed without overriding the mobile DNS sensor!&quot;,
+     &quot;description&quot;: &quot;Use the solid state HEX circuit, then you can synthesize the auxiliary driver!&quot;,
+     &quot;message&quot;: &quot;Use the online XML system, then you can hack the bluetooth system!&quot;,
+     &quot;summary&quot;: &quot;indexing the capacitor won&apos;t do anything, we need to parse the open-source AI matrix!&quot;,
    },
  ]

 ❯ src/test-suite-12.spec.ts:21:20
            </failure>
        </testcase>
        <testcase classname="src/test-suite-12.spec.ts" name="&apos;Robust impactful algorithm&apos; &gt; &apos;indexing the protocol won\&apos;t do anyth…&apos;" time="0.00011225">
        </testcase>
        <testcase classname="src/test-suite-12.spec.ts" name="&apos;Robust impactful algorithm&apos; &gt; &apos;You can\&apos;t copy the system without in…&apos;" time="0.000764834">
            <failure message="expected [ { …(3) }, { …(3) }, { …(3) }, …(2) ] to deeply equal [ { …(3) }, { …(3) }, { …(3) }, …(2) ]" type="AssertionError">
AssertionError: expected [ { …(3) }, { …(3) }, { …(3) }, …(2) ] to deeply equal [ { …(3) }, { …(3) }, { …(3) }, …(2) ]

- Expected
+ Received

  [
    {
-     &quot;description&quot;: &quot;Try to navigate the ASCII feed, maybe it will back up the 1080p program!&quot;,
-     &quot;message&quot;: &quot;You can&apos;t bypass the capacitor without generating the optical SCSI array!&quot;,
-     &quot;summary&quot;: &quot;We need to parse the cross-platform ASCII program!&quot;,
+     &quot;description&quot;: &quot;We need to index the virtual USB program!&quot;,
+     &quot;message&quot;: &quot;You can&apos;t compress the program without indexing the virtual GB transmitter!&quot;,
+     &quot;summary&quot;: &quot;We need to input the cross-platform DNS bus!&quot;,
    },
    {
-     &quot;description&quot;: &quot;I&apos;ll quantify the optical JBOD capacitor, that should matrix the PCI microchip!&quot;,
-     &quot;message&quot;: &quot;You can&apos;t quantify the array without calculating the neural SMS monitor!&quot;,
-     &quot;summary&quot;: &quot;The THX program is down, bypass the optical capacitor so we can back up the JSON system!&quot;,
+     &quot;description&quot;: &quot;Use the open-source PCI panel, then you can parse the virtual port!&quot;,
+     &quot;message&quot;: &quot;We need to calculate the digital TCP microchip!&quot;,
+     &quot;summary&quot;: &quot;The XML alarm is down, generate the multi-byte monitor so we can quantify the IB circuit!&quot;,
    },
    {
-     &quot;description&quot;: &quot;I&apos;ll hack the optical CSS driver, that should application the SCSI panel!&quot;,
-     &quot;message&quot;: &quot;We need to compress the optical ASCII panel!&quot;,
-     &quot;summary&quot;: &quot;I&apos;ll hack the virtual SMTP interface, that should capacitor the PCI capacitor!&quot;,
+     &quot;description&quot;: &quot;You can&apos;t generate the hard drive without generating the cross-platform SMS alarm!&quot;,
+     &quot;message&quot;: &quot;Use the multi-byte SSD pixel, then you can input the neural driver!&quot;,
+     &quot;summary&quot;: &quot;compressing the feed won&apos;t do anything, we need to copy the haptic OCR matrix!&quot;,
    },
    {
-     &quot;description&quot;: &quot;The SSD matrix is down, quantify the mobile transmitter so we can reboot the JSON array!&quot;,
-     &quot;message&quot;: &quot;You can&apos;t index the program without quantifying the optical IB alarm!&quot;,
-     &quot;summary&quot;: &quot;connecting the firewall won&apos;t do anything, we need to back up the digital TLS system!&quot;,
+     &quot;description&quot;: &quot;I&apos;ll connect the wireless VGA matrix, that should matrix the SSL interface!&quot;,
+     &quot;message&quot;: &quot;You can&apos;t quantify the hard drive without navigating the multi-byte TLS panel!&quot;,
+     &quot;summary&quot;: &quot;Try to bypass the OCR bandwidth, maybe it will program the auxiliary program!&quot;,
    },
    {
-     &quot;description&quot;: &quot;If we input the monitor, we can get to the TCP matrix through the online RAM bandwidth!&quot;,
-     &quot;message&quot;: &quot;Use the cross-platform XML transmitter, then you can reboot the mobile microchip!&quot;,
-     &quot;summary&quot;: &quot;You can&apos;t hack the transmitter without calculating the bluetooth THX sensor!&quot;,
+     &quot;description&quot;: &quot;We need to reboot the optical AGP panel!&quot;,
+     &quot;message&quot;: &quot;We need to synthesize the redundant ADP capacitor!&quot;,
+     &quot;summary&quot;: &quot;Try to reboot the TLS capacitor, maybe it will generate the neural port!&quot;,
    },
  ]

 ❯ src/test-suite-12.spec.ts:21:20
            </failure>
        </testcase>
        <testcase classname="src/test-suite-12.spec.ts" name="&apos;Robust impactful algorithm&apos; &gt; &apos;I\&apos;ll compress the cross-platform FTP…&apos;" time="0.000068958">
        </testcase>
        <testcase classname="src/test-suite-12.spec.ts" name="&apos;Robust impactful algorithm&apos; &gt; &apos;Try to input the SDD feed, maybe it w…&apos;" time="0.000362375">
            <failure message="expected [ { …(3) }, { …(3) } ] to deeply equal [ { …(3) }, { …(3) }, { …(3) } ]" type="AssertionError">
AssertionError: expected [ { …(3) }, { …(3) } ] to deeply equal [ { …(3) }, { …(3) }, { …(3) } ]

- Expected
+ Received

  [
    {
-     &quot;description&quot;: &quot;synthesizing the driver won&apos;t do anything, we need to quantify the back-end SSL pixel!&quot;,
-     &quot;message&quot;: &quot;You can&apos;t input the microchip without synthesizing the open-source UDP panel!&quot;,
-     &quot;summary&quot;: &quot;We need to program the auxiliary ASCII alarm!&quot;,
-   },
-   {
-     &quot;description&quot;: &quot;We need to compress the wireless CLI circuit!&quot;,
-     &quot;message&quot;: &quot;Use the cross-platform CLI hard drive, then you can reboot the neural microchip!&quot;,
-     &quot;summary&quot;: &quot;The UDP transmitter is down, transmit the online monitor so we can parse the SMS hard drive!&quot;,
+     &quot;description&quot;: &quot;generating the transmitter won&apos;t do anything, we need to transmit the optical RSS matrix!&quot;,
+     &quot;message&quot;: &quot;navigating the feed won&apos;t do anything, we need to program the back-end FTP sensor!&quot;,
+     &quot;summary&quot;: &quot;I&apos;ll connect the optical PCI card, that should firewall the XML card!&quot;,
    },
    {
-     &quot;description&quot;: &quot;We need to parse the open-source EXE driver!&quot;,
-     &quot;message&quot;: &quot;compressing the card won&apos;t do anything, we need to copy the digital ASCII driver!&quot;,
-     &quot;summary&quot;: &quot;If we back up the microchip, we can get to the PCI circuit through the optical XSS alarm!&quot;,
+     &quot;description&quot;: &quot;Use the redundant USB hard drive, then you can transmit the online pixel!&quot;,
+     &quot;message&quot;: &quot;We need to transmit the neural AGP system!&quot;,
+     &quot;summary&quot;: &quot;I&apos;ll parse the cross-platform EXE alarm, that should program the UTF8 transmitter!&quot;,
    },
  ]

 ❯ src/test-suite-12.spec.ts:21:20
            </failure>
        </testcase>
        <testcase classname="src/test-suite-12.spec.ts" name="&apos;Robust impactful algorithm&apos; &gt; &apos;You can\&apos;t quantify the bus without c…&apos;" time="0.00010775">
        </testcase>
        <testcase classname="src/test-suite-12.spec.ts" name="&apos;Robust impactful algorithm&apos; &gt; &apos;We need to program the virtual SMTP p…&apos;" time="0.000794">
            <failure message="expected [ { …(3) }, { …(3) }, { …(3) }, …(2) ] to deeply equal [ { …(3) }, { …(3) }, { …(3) }, …(1) ]" type="AssertionError">
AssertionError: expected [ { …(3) }, { …(3) }, { …(3) }, …(2) ] to deeply equal [ { …(3) }, { …(3) }, { …(3) }, …(1) ]

- Expected
+ Received

  [
    {
-     &quot;description&quot;: &quot;The UDP transmitter is down, override the open-source application so we can reboot the HTTP bandwidth!&quot;,
-     &quot;message&quot;: &quot;I&apos;ll generate the redundant SMTP capacitor, that should panel the COM pixel!&quot;,
-     &quot;summary&quot;: &quot;If we reboot the matrix, we can get to the SMTP hard drive through the online USB panel!&quot;,
+     &quot;description&quot;: &quot;We need to bypass the auxiliary DNS sensor!&quot;,
+     &quot;message&quot;: &quot;Try to copy the HEX array, maybe it will synthesize the back-end bus!&quot;,
+     &quot;summary&quot;: &quot;If we generate the application, we can get to the SMS firewall through the multi-byte JSON application!&quot;,
    },
    {
-     &quot;description&quot;: &quot;If we parse the microchip, we can get to the XML transmitter through the virtual XML interface!&quot;,
-     &quot;message&quot;: &quot;Use the digital JBOD array, then you can index the open-source bandwidth!&quot;,
-     &quot;summary&quot;: &quot;Use the back-end DNS application, then you can bypass the neural feed!&quot;,
+     &quot;description&quot;: &quot;Try to reboot the FTP pixel, maybe it will program the virtual panel!&quot;,
+     &quot;message&quot;: &quot;We need to reboot the bluetooth SAS card!&quot;,
+     &quot;summary&quot;: &quot;I&apos;ll parse the 1080p SCSI transmitter, that should driver the SMTP application!&quot;,
+   },
+   {
+     &quot;description&quot;: &quot;I&apos;ll connect the bluetooth SSL hard drive, that should port the EXE alarm!&quot;,
+     &quot;message&quot;: &quot;You can&apos;t copy the protocol without programming the bluetooth IB driver!&quot;,
+     &quot;summary&quot;: &quot;bypassing the sensor won&apos;t do anything, we need to calculate the wireless EXE array!&quot;,
    },
    {
-     &quot;description&quot;: &quot;We need to index the haptic SMS alarm!&quot;,
-     &quot;message&quot;: &quot;The OCR application is down, connect the wireless matrix so we can synthesize the SCSI driver!&quot;,
-     &quot;summary&quot;: &quot;If we parse the circuit, we can get to the SMTP matrix through the haptic SDD array!&quot;,
+     &quot;description&quot;: &quot;Use the solid state IP matrix, then you can override the online alarm!&quot;,
+     &quot;message&quot;: &quot;If we override the sensor, we can get to the AI alarm through the haptic EXE application!&quot;,
+     &quot;summary&quot;: &quot;Use the digital TLS microchip, then you can index the primary pixel!&quot;,
    },
    {
-     &quot;description&quot;: &quot;The FTP feed is down, parse the 1080p panel so we can program the VGA driver!&quot;,
-     &quot;message&quot;: &quot;Use the haptic AGP matrix, then you can input the solid state array!&quot;,
-     &quot;summary&quot;: &quot;The PNG interface is down, synthesize the redundant array so we can bypass the DNS bandwidth!&quot;,
+     &quot;description&quot;: &quot;If we transmit the feed, we can get to the XML bus through the wireless RSS hard drive!&quot;,
+     &quot;message&quot;: &quot;The IB array is down, bypass the open-source circuit so we can reboot the EXE application!&quot;,
+     &quot;summary&quot;: &quot;The AI circuit is down, generate the solid state interface so we can bypass the DRAM bus!&quot;,
    },
  ]

 ❯ src/test-suite-12.spec.ts:21:20
            </failure>
        </testcase>
        <testcase classname="src/test-suite-12.spec.ts" name="&apos;Robust impactful algorithm&apos; &gt; &apos;If we program the firewall, we can ge…&apos;" time="0.000156959">
        </testcase>
        <testcase classname="src/test-suite-12.spec.ts" name="&apos;Robust impactful algorithm&apos; &gt; &apos;We need to navigate the back-end IP c…&apos;" time="0.000554375">
            <failure message="expected [ { …(3) }, { …(3) }, { …(3) }, …(1) ] to deeply equal [ { …(3) }, { …(3) }, { …(3) }, …(2) ]" type="AssertionError">
AssertionError: expected [ { …(3) }, { …(3) }, { …(3) }, …(1) ] to deeply equal [ { …(3) }, { …(3) }, { …(3) }, …(2) ]

- Expected
+ Received

  [
    {
-     &quot;description&quot;: &quot;We need to compress the open-source ASCII port!&quot;,
-     &quot;message&quot;: &quot;Use the wireless SDD microchip, then you can bypass the primary transmitter!&quot;,
-     &quot;summary&quot;: &quot;If we program the capacitor, we can get to the PNG panel through the optical PNG monitor!&quot;,
+     &quot;description&quot;: &quot;quantifying the interface won&apos;t do anything, we need to back up the haptic ASCII sensor!&quot;,
+     &quot;message&quot;: &quot;If we compress the hard drive, we can get to the AGP bus through the online VGA panel!&quot;,
+     &quot;summary&quot;: &quot;If we copy the monitor, we can get to the XML pixel through the primary SMS port!&quot;,
    },
    {
-     &quot;description&quot;: &quot;You can&apos;t compress the firewall without copying the virtual SSL card!&quot;,
-     &quot;message&quot;: &quot;If we synthesize the hard drive, we can get to the CLI panel through the wireless IB protocol!&quot;,
-     &quot;summary&quot;: &quot;Try to calculate the IB transmitter, maybe it will quantify the online firewall!&quot;,
-   },
-   {
-     &quot;description&quot;: &quot;The CLI matrix is down, bypass the digital feed so we can copy the SQL array!&quot;,
-     &quot;message&quot;: &quot;The TCP bandwidth is down, generate the 1080p firewall so we can quantify the HTTP hard drive!&quot;,
-     &quot;summary&quot;: &quot;We need to parse the redundant RSS interface!&quot;,
+     &quot;description&quot;: &quot;If we navigate the panel, we can get to the ASCII program through the multi-byte JSON transmitter!&quot;,
+     &quot;message&quot;: &quot;You can&apos;t compress the hard drive without overriding the redundant IP pixel!&quot;,
+     &quot;summary&quot;: &quot;We need to connect the back-end AGP program!&quot;,
    },
    {
-     &quot;description&quot;: &quot;connecting the panel won&apos;t do anything, we need to transmit the cross-platform XSS system!&quot;,
-     &quot;message&quot;: &quot;I&apos;ll program the bluetooth EXE protocol, that should transmitter the HTTP capacitor!&quot;,
-     &quot;summary&quot;: &quot;I&apos;ll compress the cross-platform SSD port, that should card the OCR pixel!&quot;,
+     &quot;description&quot;: &quot;I&apos;ll calculate the primary HEX program, that should application the ADP sensor!&quot;,
+     &quot;message&quot;: &quot;Try to navigate the CSS hard drive, maybe it will quantify the back-end alarm!&quot;,
+     &quot;summary&quot;: &quot;You can&apos;t calculate the transmitter without transmitting the wireless EXE program!&quot;,
    },
    {
-     &quot;description&quot;: &quot;I&apos;ll back up the 1080p THX alarm, that should port the RSS hard drive!&quot;,
-     &quot;message&quot;: &quot;You can&apos;t index the sensor without quantifying the multi-byte SDD circuit!&quot;,
-     &quot;summary&quot;: &quot;You can&apos;t index the alarm without synthesizing the cross-platform TCP feed!&quot;,
+     &quot;description&quot;: &quot;The SCSI bus is down, override the bluetooth capacitor so we can calculate the SSD card!&quot;,
+     &quot;message&quot;: &quot;connecting the bus won&apos;t do anything, we need to compress the wireless ASCII protocol!&quot;,
+     &quot;summary&quot;: &quot;Use the back-end API card, then you can back up the back-end circuit!&quot;,
    },
  ]

 ❯ src/test-suite-12.spec.ts:21:20
            </failure>
        </testcase>
        <testcase classname="src/test-suite-12.spec.ts" name="&apos;Robust impactful algorithm&apos; &gt; &apos;If we calculate the panel, we can get…&apos;" time="0.000076375">
        </testcase>
        <testcase classname="src/test-suite-12.spec.ts" name="&apos;Robust impactful algorithm&apos; &gt; &apos;We need to bypass the redundant SCSI …&apos;" time="0.000395209">
            <failure message="expected [ { …(3) }, { …(3) }, { …(3) } ] to deeply equal [ { …(3) }, { …(3) }, { …(3) } ]" type="AssertionError">
AssertionError: expected [ { …(3) }, { …(3) }, { …(3) } ] to deeply equal [ { …(3) }, { …(3) }, { …(3) } ]

- Expected
+ Received

  [
    {
-     &quot;description&quot;: &quot;We need to hack the optical CLI program!&quot;,
-     &quot;message&quot;: &quot;If we bypass the pixel, we can get to the VGA card through the multi-byte SSL card!&quot;,
-     &quot;summary&quot;: &quot;bypassing the card won&apos;t do anything, we need to program the back-end ADP array!&quot;,
+     &quot;description&quot;: &quot;Use the haptic UDP protocol, then you can input the multi-byte panel!&quot;,
+     &quot;message&quot;: &quot;Try to input the RAM firewall, maybe it will transmit the solid state pixel!&quot;,
+     &quot;summary&quot;: &quot;If we connect the capacitor, we can get to the VGA card through the multi-byte USB card!&quot;,
    },
    {
-     &quot;description&quot;: &quot;I&apos;ll calculate the wireless DRAM system, that should interface the JBOD protocol!&quot;,
-     &quot;message&quot;: &quot;Use the online IB monitor, then you can compress the optical bus!&quot;,
-     &quot;summary&quot;: &quot;You can&apos;t navigate the panel without compressing the auxiliary API interface!&quot;,
+     &quot;description&quot;: &quot;We need to quantify the optical JBOD matrix!&quot;,
+     &quot;message&quot;: &quot;synthesizing the transmitter won&apos;t do anything, we need to parse the mobile PNG microchip!&quot;,
+     &quot;summary&quot;: &quot;Try to back up the SMS application, maybe it will connect the haptic bandwidth!&quot;,
    },
    {
-     &quot;description&quot;: &quot;Use the optical FTP sensor, then you can hack the cross-platform feed!&quot;,
-     &quot;message&quot;: &quot;Try to override the API transmitter, maybe it will program the cross-platform monitor!&quot;,
-     &quot;summary&quot;: &quot;Use the multi-byte SMTP driver, then you can parse the neural system!&quot;,
+     &quot;description&quot;: &quot;The SDD interface is down, index the back-end firewall so we can compress the THX feed!&quot;,
+     &quot;message&quot;: &quot;You can&apos;t bypass the pixel without synthesizing the multi-byte XSS system!&quot;,
+     &quot;summary&quot;: &quot;We need to reboot the 1080p XML array!&quot;,
    },
  ]

 ❯ src/test-suite-12.spec.ts:21:20
            </failure>
        </testcase>
        <testcase classname="src/test-suite-12.spec.ts" name="&apos;Robust impactful algorithm&apos; &gt; &apos;The HDD application is down, transmit…&apos;" time="0.000120542">
        </testcase>
        <testcase classname="src/test-suite-12.spec.ts" name="&apos;Robust impactful algorithm&apos; &gt; &apos;If we synthesize the card, we can get…&apos;" time="0.000753208">
            <failure message="expected [ { …(3) }, { …(3) }, { …(3) } ] to deeply equal [ { …(3) }, { …(3) }, { …(3) } ]" type="AssertionError">
AssertionError: expected [ { …(3) }, { …(3) }, { …(3) } ] to deeply equal [ { …(3) }, { …(3) }, { …(3) } ]

- Expected
+ Received

  [
    {
-     &quot;description&quot;: &quot;Use the wireless API protocol, then you can copy the primary interface!&quot;,
-     &quot;message&quot;: &quot;Try to reboot the VGA capacitor, maybe it will connect the online interface!&quot;,
-     &quot;summary&quot;: &quot;You can&apos;t copy the interface without quantifying the virtual SQL pixel!&quot;,
+     &quot;description&quot;: &quot;The VGA driver is down, connect the online hard drive so we can quantify the IB port!&quot;,
+     &quot;message&quot;: &quot;The HTTP card is down, calculate the wireless firewall so we can generate the TLS port!&quot;,
+     &quot;summary&quot;: &quot;If we quantify the interface, we can get to the SSL interface through the optical PCI alarm!&quot;,
    },
    {
-     &quot;description&quot;: &quot;Use the wireless OCR driver, then you can bypass the auxiliary array!&quot;,
-     &quot;message&quot;: &quot;If we bypass the firewall, we can get to the DNS monitor through the optical EXE program!&quot;,
-     &quot;summary&quot;: &quot;If we calculate the monitor, we can get to the CSS transmitter through the multi-byte UTF8 monitor!&quot;,
+     &quot;description&quot;: &quot;indexing the matrix won&apos;t do anything, we need to program the back-end UTF8 hard drive!&quot;,
+     &quot;message&quot;: &quot;copying the protocol won&apos;t do anything, we need to navigate the solid state SMS bus!&quot;,
+     &quot;summary&quot;: &quot;parsing the bandwidth won&apos;t do anything, we need to input the open-source OCR capacitor!&quot;,
    },
    {
-     &quot;description&quot;: &quot;If we parse the sensor, we can get to the PNG transmitter through the online CSS application!&quot;,
-     &quot;message&quot;: &quot;Use the wireless TLS matrix, then you can bypass the optical monitor!&quot;,
-     &quot;summary&quot;: &quot;Use the optical SMTP sensor, then you can hack the back-end pixel!&quot;,
+     &quot;description&quot;: &quot;The IB capacitor is down, parse the wireless sensor so we can input the SDD microchip!&quot;,
+     &quot;message&quot;: &quot;Try to override the PNG pixel, maybe it will reboot the 1080p bus!&quot;,
+     &quot;summary&quot;: &quot;You can&apos;t reboot the bus without calculating the auxiliary XML protocol!&quot;,
    },
  ]

 ❯ src/test-suite-12.spec.ts:21:20
            </failure>
        </testcase>
        <testcase classname="src/test-suite-12.spec.ts" name="&apos;Robust impactful algorithm&apos; &gt; &apos;You can\&apos;t quantify the program witho…&apos;" time="0.000146">
        </testcase>
        <testcase classname="src/test-suite-12.spec.ts" name="&apos;Robust impactful algorithm&apos; &gt; &apos;navigating the system won\&apos;t do anyth…&apos;" time="0.0005785">
            <failure message="expected [ { …(3) }, { …(3) }, { …(3) } ] to deeply equal [ { …(3) }, { …(3) }, { …(3) }, …(2) ]" type="AssertionError">
AssertionError: expected [ { …(3) }, { …(3) }, { …(3) } ] to deeply equal [ { …(3) }, { …(3) }, { …(3) }, …(2) ]

- Expected
+ Received

  [
    {
-     &quot;description&quot;: &quot;If we parse the panel, we can get to the TLS sensor through the auxiliary PNG monitor!&quot;,
-     &quot;message&quot;: &quot;Use the wireless SMTP transmitter, then you can synthesize the redundant monitor!&quot;,
-     &quot;summary&quot;: &quot;Use the bluetooth SDD array, then you can copy the 1080p panel!&quot;,
+     &quot;description&quot;: &quot;I&apos;ll hack the online AGP circuit, that should panel the XSS microchip!&quot;,
+     &quot;message&quot;: &quot;You can&apos;t back up the pixel without generating the mobile CLI firewall!&quot;,
+     &quot;summary&quot;: &quot;If we copy the bus, we can get to the RSS array through the auxiliary SCSI feed!&quot;,
    },
    {
-     &quot;description&quot;: &quot;Use the cross-platform CLI feed, then you can parse the back-end alarm!&quot;,
-     &quot;message&quot;: &quot;connecting the program won&apos;t do anything, we need to quantify the cross-platform CLI panel!&quot;,
-     &quot;summary&quot;: &quot;Try to bypass the SSL pixel, maybe it will hack the solid state capacitor!&quot;,
+     &quot;description&quot;: &quot;If we bypass the panel, we can get to the ASCII capacitor through the back-end DNS application!&quot;,
+     &quot;message&quot;: &quot;Try to synthesize the API card, maybe it will back up the auxiliary microchip!&quot;,
+     &quot;summary&quot;: &quot;backing up the matrix won&apos;t do anything, we need to program the optical CSS feed!&quot;,
    },
    {
-     &quot;description&quot;: &quot;If we compress the system, we can get to the SSL interface through the 1080p ADP protocol!&quot;,
-     &quot;message&quot;: &quot;Use the open-source JSON feed, then you can bypass the open-source capacitor!&quot;,
-     &quot;summary&quot;: &quot;Try to transmit the COM port, maybe it will copy the online microchip!&quot;,
-   },
-   {
-     &quot;description&quot;: &quot;We need to override the virtual EXE bandwidth!&quot;,
-     &quot;message&quot;: &quot;navigating the monitor won&apos;t do anything, we need to back up the multi-byte PCI hard drive!&quot;,
-     &quot;summary&quot;: &quot;Use the open-source EXE hard drive, then you can transmit the cross-platform matrix!&quot;,
-   },
-   {
-     &quot;description&quot;: &quot;Use the primary UDP bandwidth, then you can connect the bluetooth firewall!&quot;,
-     &quot;message&quot;: &quot;If we navigate the transmitter, we can get to the IB array through the virtual VGA interface!&quot;,
-     &quot;summary&quot;: &quot;Use the 1080p FTP capacitor, then you can transmit the mobile system!&quot;,
+     &quot;description&quot;: &quot;navigating the array won&apos;t do anything, we need to hack the wireless COM interface!&quot;,
+     &quot;message&quot;: &quot;I&apos;ll copy the virtual JBOD system, that should bus the EXE matrix!&quot;,
+     &quot;summary&quot;: &quot;The RAM driver is down, synthesize the primary feed so we can generate the COM card!&quot;,
    },
  ]

 ❯ src/test-suite-12.spec.ts:21:20
            </failure>
        </testcase>
        <testcase classname="src/test-suite-12.spec.ts" name="&apos;Robust impactful algorithm&apos; &gt; &apos;If we index the matrix, we can get to…&apos;" time="0.000081833">
        </testcase>
        <testcase classname="src/test-suite-12.spec.ts" name="&apos;Robust impactful algorithm&apos; &gt; &apos;You can\&apos;t calculate the capacitor wi…&apos;" time="0.000392375">
            <failure message="expected [ { …(3) }, { …(3) }, { …(3) } ] to deeply equal [ { …(3) }, { …(3) }, { …(3) } ]" type="AssertionError">
AssertionError: expected [ { …(3) }, { …(3) }, { …(3) } ] to deeply equal [ { …(3) }, { …(3) }, { …(3) } ]

- Expected
+ Received

  [
    {
-     &quot;description&quot;: &quot;I&apos;ll override the neural PCI bandwidth, that should matrix the COM protocol!&quot;,
-     &quot;message&quot;: &quot;I&apos;ll navigate the redundant HDD microchip, that should alarm the XML firewall!&quot;,
-     &quot;summary&quot;: &quot;You can&apos;t calculate the hard drive without compressing the neural CSS sensor!&quot;,
+     &quot;description&quot;: &quot;Try to quantify the UTF8 transmitter, maybe it will synthesize the open-source card!&quot;,
+     &quot;message&quot;: &quot;We need to reboot the online SAS application!&quot;,
+     &quot;summary&quot;: &quot;The THX protocol is down, bypass the multi-byte transmitter so we can program the SSD firewall!&quot;,
    },
    {
-     &quot;description&quot;: &quot;The SAS application is down, bypass the digital driver so we can parse the HDD panel!&quot;,
-     &quot;message&quot;: &quot;The XSS microchip is down, hack the digital driver so we can calculate the AI port!&quot;,
-     &quot;summary&quot;: &quot;I&apos;ll program the neural EXE protocol, that should application the SQL capacitor!&quot;,
+     &quot;description&quot;: &quot;synthesizing the array won&apos;t do anything, we need to copy the redundant HTTP bus!&quot;,
+     &quot;message&quot;: &quot;I&apos;ll generate the wireless OCR sensor, that should bus the CLI driver!&quot;,
+     &quot;summary&quot;: &quot;The UDP program is down, reboot the bluetooth monitor so we can back up the SDD capacitor!&quot;,
    },
    {
-     &quot;description&quot;: &quot;backing up the bus won&apos;t do anything, we need to override the mobile HDD monitor!&quot;,
-     &quot;message&quot;: &quot;Use the open-source IB card, then you can synthesize the 1080p monitor!&quot;,
-     &quot;summary&quot;: &quot;I&apos;ll hack the primary PNG sensor, that should transmitter the CSS transmitter!&quot;,
+     &quot;description&quot;: &quot;I&apos;ll hack the solid state OCR hard drive, that should matrix the ADP bandwidth!&quot;,
+     &quot;message&quot;: &quot;You can&apos;t calculate the monitor without indexing the online ADP bandwidth!&quot;,
+     &quot;summary&quot;: &quot;programming the bandwidth won&apos;t do anything, we need to index the open-source HEX bandwidth!&quot;,
    },
  ]

 ❯ src/test-suite-12.spec.ts:21:20
            </failure>
        </testcase>
        <testcase classname="src/test-suite-12.spec.ts" name="&apos;Robust impactful algorithm&apos; &gt; &apos;You can\&apos;t reboot the system without …&apos;" time="0.001779208">
        </testcase>
        <testcase classname="src/test-suite-12.spec.ts" name="&apos;Robust impactful algorithm&apos; &gt; &apos;Use the virtual JBOD bus, then you ca…&apos;" time="0.000550292">
            <failure message="expected [ { …(3) }, { …(3) }, { …(3) } ] to deeply equal [ { …(3) }, { …(3) } ]" type="AssertionError">
AssertionError: expected [ { …(3) }, { …(3) }, { …(3) } ] to deeply equal [ { …(3) }, { …(3) } ]

- Expected
+ Received

  [
    {
-     &quot;description&quot;: &quot;generating the matrix won&apos;t do anything, we need to transmit the bluetooth XML matrix!&quot;,
-     &quot;message&quot;: &quot;We need to generate the open-source RSS pixel!&quot;,
-     &quot;summary&quot;: &quot;compressing the bandwidth won&apos;t do anything, we need to program the multi-byte COM protocol!&quot;,
+     &quot;description&quot;: &quot;Try to synthesize the TLS card, maybe it will reboot the back-end pixel!&quot;,
+     &quot;message&quot;: &quot;I&apos;ll reboot the haptic XSS microchip, that should card the PNG interface!&quot;,
+     &quot;summary&quot;: &quot;I&apos;ll bypass the redundant IB alarm, that should microchip the XSS transmitter!&quot;,
+   },
+   {
+     &quot;description&quot;: &quot;You can&apos;t parse the matrix without calculating the solid state DRAM port!&quot;,
+     &quot;message&quot;: &quot;Try to quantify the PNG pixel, maybe it will parse the 1080p alarm!&quot;,
+     &quot;summary&quot;: &quot;If we copy the microchip, we can get to the API port through the mobile JBOD alarm!&quot;,
    },
    {
-     &quot;description&quot;: &quot;We need to synthesize the neural SSL array!&quot;,
-     &quot;message&quot;: &quot;Try to transmit the SSD system, maybe it will index the bluetooth system!&quot;,
-     &quot;summary&quot;: &quot;Use the haptic SMTP matrix, then you can quantify the primary transmitter!&quot;,
+     &quot;description&quot;: &quot;I&apos;ll hack the solid state HDD card, that should feed the GB alarm!&quot;,
+     &quot;message&quot;: &quot;We need to generate the auxiliary TLS sensor!&quot;,
+     &quot;summary&quot;: &quot;We need to navigate the mobile HTTP capacitor!&quot;,
    },
  ]

 ❯ src/test-suite-12.spec.ts:21:20
            </failure>
        </testcase>
        <testcase classname="src/test-suite-12.spec.ts" name="&apos;Robust impactful algorithm&apos; &gt; &apos;Use the optical HTTP array, then you …&apos;" time="0.000068083">
        </testcase>
        <testcase classname="src/test-suite-12.spec.ts" name="&apos;Robust impactful algorithm&apos; &gt; &apos;If we back up the firewall, we can ge…&apos;" time="0.000311042">
            <failure message="expected [ { …(3) }, { …(3) } ] to deeply equal [ { …(3) }, { …(3) } ]" type="AssertionError">
AssertionError: expected [ { …(3) }, { …(3) } ] to deeply equal [ { …(3) }, { …(3) } ]

- Expected
+ Received

  [
    {
-     &quot;description&quot;: &quot;If we transmit the array, we can get to the SSD driver through the open-source SCSI monitor!&quot;,
-     &quot;message&quot;: &quot;The COM bus is down, parse the wireless microchip so we can transmit the SAS program!&quot;,
-     &quot;summary&quot;: &quot;If we input the microchip, we can get to the SMS feed through the virtual JBOD monitor!&quot;,
+     &quot;description&quot;: &quot;The OCR capacitor is down, override the back-end circuit so we can synthesize the EXE program!&quot;,
+     &quot;message&quot;: &quot;Use the open-source UTF8 alarm, then you can override the bluetooth monitor!&quot;,
+     &quot;summary&quot;: &quot;I&apos;ll program the multi-byte PNG port, that should monitor the HTTP sensor!&quot;,
    },
    {
-     &quot;description&quot;: &quot;You can&apos;t generate the alarm without bypassing the auxiliary SSL transmitter!&quot;,
-     &quot;message&quot;: &quot;I&apos;ll parse the auxiliary SQL card, that should panel the EXE interface!&quot;,
-     &quot;summary&quot;: &quot;connecting the transmitter won&apos;t do anything, we need to override the back-end RAM capacitor!&quot;,
+     &quot;description&quot;: &quot;Try to index the PCI panel, maybe it will copy the solid state card!&quot;,
+     &quot;message&quot;: &quot;If we parse the interface, we can get to the UDP capacitor through the open-source API bus!&quot;,
+     &quot;summary&quot;: &quot;You can&apos;t back up the capacitor without synthesizing the haptic USB feed!&quot;,
    },
  ]

 ❯ src/test-suite-12.spec.ts:21:20
            </failure>
        </testcase>
        <testcase classname="src/test-suite-12.spec.ts" name="&apos;Robust impactful algorithm&apos; &gt; &apos;We need to compress the bluetooth SSD…&apos;" time="0.000060417">
        </testcase>
        <testcase classname="src/test-suite-12.spec.ts" name="&apos;Robust impactful algorithm&apos; &gt; &apos;If we connect the panel, we can get t…&apos;" time="0.000395083">
            <failure message="expected [ { …(3) }, { …(3) }, { …(3) }, …(2) ] to deeply equal [ { …(3) }, { …(3) } ]" type="AssertionError">
AssertionError: expected [ { …(3) }, { …(3) }, { …(3) }, …(2) ] to deeply equal [ { …(3) }, { …(3) } ]

- Expected
+ Received

  [
    {
-     &quot;description&quot;: &quot;If we quantify the sensor, we can get to the EXE array through the bluetooth PNG system!&quot;,
-     &quot;message&quot;: &quot;If we bypass the alarm, we can get to the DRAM port through the cross-platform SDD array!&quot;,
-     &quot;summary&quot;: &quot;Use the neural DNS firewall, then you can hack the digital microchip!&quot;,
+     &quot;description&quot;: &quot;If we navigate the application, we can get to the RAM port through the back-end GB protocol!&quot;,
+     &quot;message&quot;: &quot;programming the array won&apos;t do anything, we need to quantify the neural JBOD program!&quot;,
+     &quot;summary&quot;: &quot;You can&apos;t bypass the protocol without hacking the 1080p OCR pixel!&quot;,
+   },
+   {
+     &quot;description&quot;: &quot;If we hack the matrix, we can get to the SDD firewall through the 1080p AGP monitor!&quot;,
+     &quot;message&quot;: &quot;The FTP hard drive is down, bypass the wireless capacitor so we can override the SMS firewall!&quot;,
+     &quot;summary&quot;: &quot;Use the online CLI sensor, then you can index the 1080p system!&quot;,
+   },
+   {
+     &quot;description&quot;: &quot;If we generate the port, we can get to the SQL bus through the bluetooth DNS driver!&quot;,
+     &quot;message&quot;: &quot;Try to calculate the SDD system, maybe it will quantify the primary alarm!&quot;,
+     &quot;summary&quot;: &quot;The TLS sensor is down, connect the haptic firewall so we can quantify the GB protocol!&quot;,
+   },
+   {
+     &quot;description&quot;: &quot;Try to synthesize the HEX microchip, maybe it will quantify the auxiliary array!&quot;,
+     &quot;message&quot;: &quot;We need to generate the virtual FTP monitor!&quot;,
+     &quot;summary&quot;: &quot;I&apos;ll index the 1080p RAM capacitor, that should pixel the JSON port!&quot;,
    },
    {
-     &quot;description&quot;: &quot;synthesizing the feed won&apos;t do anything, we need to transmit the wireless JBOD hard drive!&quot;,
-     &quot;message&quot;: &quot;Use the mobile IP application, then you can input the primary monitor!&quot;,
-     &quot;summary&quot;: &quot;Try to bypass the RSS pixel, maybe it will transmit the virtual microchip!&quot;,
+     &quot;description&quot;: &quot;You can&apos;t synthesize the bus without programming the solid state AGP driver!&quot;,
+     &quot;message&quot;: &quot;If we hack the protocol, we can get to the SSL interface through the bluetooth IP transmitter!&quot;,
+     &quot;summary&quot;: &quot;You can&apos;t generate the interface without quantifying the open-source THX circuit!&quot;,
    },
  ]

 ❯ src/test-suite-12.spec.ts:21:20
            </failure>
        </testcase>
        <testcase classname="src/test-suite-12.spec.ts" name="&apos;Robust impactful algorithm&apos; &gt; &apos;Try to input the JSON interface, mayb…&apos;" time="0.000055667">
        </testcase>
        <testcase classname="src/test-suite-12.spec.ts" name="&apos;Robust impactful algorithm&apos; &gt; &apos;Try to parse the ADP card, maybe it w…&apos;" time="0.000288167">
            <failure message="expected [ { …(3) }, { …(3) } ] to deeply equal [ { …(3) }, { …(3) } ]" type="AssertionError">
AssertionError: expected [ { …(3) }, { …(3) } ] to deeply equal [ { …(3) }, { …(3) } ]

- Expected
+ Received

  [
    {
-     &quot;description&quot;: &quot;We need to navigate the primary CLI application!&quot;,
-     &quot;message&quot;: &quot;backing up the sensor won&apos;t do anything, we need to bypass the neural SQL hard drive!&quot;,
-     &quot;summary&quot;: &quot;The ADP matrix is down, transmit the wireless bus so we can reboot the AGP protocol!&quot;,
+     &quot;description&quot;: &quot;You can&apos;t connect the application without quantifying the mobile EXE program!&quot;,
+     &quot;message&quot;: &quot;The VGA interface is down, copy the wireless transmitter so we can bypass the CLI card!&quot;,
+     &quot;summary&quot;: &quot;Try to navigate the SAS transmitter, maybe it will hack the virtual feed!&quot;,
    },
    {
-     &quot;description&quot;: &quot;The JBOD monitor is down, connect the mobile matrix so we can quantify the SAS capacitor!&quot;,
-     &quot;message&quot;: &quot;Try to reboot the AGP firewall, maybe it will override the neural transmitter!&quot;,
-     &quot;summary&quot;: &quot;Try to connect the VGA array, maybe it will override the digital protocol!&quot;,
+     &quot;description&quot;: &quot;Try to parse the UTF8 transmitter, maybe it will calculate the mobile port!&quot;,
+     &quot;message&quot;: &quot;We need to connect the mobile IP application!&quot;,
+     &quot;summary&quot;: &quot;Try to bypass the THX capacitor, maybe it will transmit the cross-platform port!&quot;,
    },
  ]

 ❯ src/test-suite-12.spec.ts:21:20
            </failure>
        </testcase>
        <testcase classname="src/test-suite-12.spec.ts" name="&apos;Robust impactful algorithm&apos; &gt; &apos;I\&apos;ll index the back-end ADP capacito…&apos;" time="0.000062708">
        </testcase>
        <testcase classname="src/test-suite-12.spec.ts" name="&apos;Robust impactful algorithm&apos; &gt; &apos;We need to connect the redundant USB …&apos;" time="0.000467333">
            <failure message="expected [ { …(3) }, { …(3) }, { …(3) }, …(1) ] to deeply equal [ { …(3) }, { …(3) }, { …(3) }, …(1) ]" type="AssertionError">
AssertionError: expected [ { …(3) }, { …(3) }, { …(3) }, …(1) ] to deeply equal [ { …(3) }, { …(3) }, { …(3) }, …(1) ]

- Expected
+ Received

  [
    {
-     &quot;description&quot;: &quot;We need to input the multi-byte IP pixel!&quot;,
-     &quot;message&quot;: &quot;Use the mobile HTTP pixel, then you can quantify the solid state circuit!&quot;,
-     &quot;summary&quot;: &quot;transmitting the program won&apos;t do anything, we need to copy the wireless SMS protocol!&quot;,
+     &quot;description&quot;: &quot;synthesizing the bus won&apos;t do anything, we need to navigate the solid state SMS firewall!&quot;,
+     &quot;message&quot;: &quot;overriding the capacitor won&apos;t do anything, we need to compress the multi-byte AI bus!&quot;,
+     &quot;summary&quot;: &quot;programming the port won&apos;t do anything, we need to compress the haptic USB driver!&quot;,
    },
    {
-     &quot;description&quot;: &quot;If we reboot the microchip, we can get to the FTP interface through the haptic JSON microchip!&quot;,
-     &quot;message&quot;: &quot;The ADP driver is down, override the back-end array so we can override the UDP matrix!&quot;,
-     &quot;summary&quot;: &quot;The EXE bus is down, override the wireless feed so we can parse the CSS protocol!&quot;,
+     &quot;description&quot;: &quot;Try to calculate the ASCII program, maybe it will synthesize the open-source pixel!&quot;,
+     &quot;message&quot;: &quot;If we reboot the sensor, we can get to the PNG microchip through the digital HTTP firewall!&quot;,
+     &quot;summary&quot;: &quot;We need to connect the primary AI firewall!&quot;,
    },
    {
-     &quot;description&quot;: &quot;I&apos;ll override the solid state UTF8 hard drive, that should monitor the SSD program!&quot;,
-     &quot;message&quot;: &quot;backing up the system won&apos;t do anything, we need to bypass the solid state OCR interface!&quot;,
-     &quot;summary&quot;: &quot;We need to calculate the optical PCI matrix!&quot;,
+     &quot;description&quot;: &quot;Try to calculate the SCSI program, maybe it will override the haptic card!&quot;,
+     &quot;message&quot;: &quot;If we reboot the firewall, we can get to the AI firewall through the primary JBOD alarm!&quot;,
+     &quot;summary&quot;: &quot;I&apos;ll bypass the bluetooth SMS bus, that should port the PNG application!&quot;,
    },
    {
-     &quot;description&quot;: &quot;Try to input the THX interface, maybe it will compress the solid state circuit!&quot;,
-     &quot;message&quot;: &quot;We need to compress the solid state SCSI bandwidth!&quot;,
-     &quot;summary&quot;: &quot;We need to parse the cross-platform THX alarm!&quot;,
+     &quot;description&quot;: &quot;The SMTP port is down, navigate the neural bandwidth so we can reboot the ASCII alarm!&quot;,
+     &quot;message&quot;: &quot;Use the wireless TLS card, then you can override the neural circuit!&quot;,
+     &quot;summary&quot;: &quot;bypassing the bus won&apos;t do anything, we need to bypass the back-end XML alarm!&quot;,
    },
  ]

 ❯ src/test-suite-12.spec.ts:21:20
            </failure>
        </testcase>
        <testcase classname="src/test-suite-12.spec.ts" name="&apos;Robust impactful algorithm&apos; &gt; &apos;I\&apos;ll override the back-end DNS feed,…&apos;" time="0.000059333">
        </testcase>
        <testcase classname="src/test-suite-12.spec.ts" name="&apos;Robust impactful algorithm&apos; &gt; &apos;If we reboot the application, we can …&apos;" time="0.000586292">
            <failure message="expected [ { …(3) }, { …(3) }, { …(3) }, …(2) ] to deeply equal [ { …(3) }, { …(3) }, { …(3) }, …(2) ]" type="AssertionError">
AssertionError: expected [ { …(3) }, { …(3) }, { …(3) }, …(2) ] to deeply equal [ { …(3) }, { …(3) }, { …(3) }, …(2) ]

- Expected
+ Received

  [
    {
-     &quot;description&quot;: &quot;Try to index the IB pixel, maybe it will parse the optical microchip!&quot;,
-     &quot;message&quot;: &quot;You can&apos;t back up the bus without compressing the neural ASCII application!&quot;,
-     &quot;summary&quot;: &quot;The SDD sensor is down, quantify the cross-platform array so we can compress the SMS card!&quot;,
+     &quot;description&quot;: &quot;Try to synthesize the HDD feed, maybe it will reboot the 1080p matrix!&quot;,
+     &quot;message&quot;: &quot;Try to bypass the SAS application, maybe it will hack the neural bandwidth!&quot;,
+     &quot;summary&quot;: &quot;Try to compress the AI protocol, maybe it will copy the optical alarm!&quot;,
    },
    {
-     &quot;description&quot;: &quot;You can&apos;t bypass the hard drive without connecting the haptic SMTP array!&quot;,
-     &quot;message&quot;: &quot;You can&apos;t generate the capacitor without calculating the virtual SQL driver!&quot;,
-     &quot;summary&quot;: &quot;Try to index the SAS panel, maybe it will hack the wireless microchip!&quot;,
+     &quot;description&quot;: &quot;connecting the matrix won&apos;t do anything, we need to back up the neural ADP feed!&quot;,
+     &quot;message&quot;: &quot;Use the open-source CLI alarm, then you can connect the wireless bus!&quot;,
+     &quot;summary&quot;: &quot;We need to synthesize the auxiliary DNS pixel!&quot;,
    },
    {
-     &quot;description&quot;: &quot;If we parse the firewall, we can get to the AGP bus through the cross-platform VGA port!&quot;,
-     &quot;message&quot;: &quot;If we bypass the system, we can get to the RAM microchip through the bluetooth SSD system!&quot;,
-     &quot;summary&quot;: &quot;If we compress the firewall, we can get to the CLI feed through the wireless COM program!&quot;,
+     &quot;description&quot;: &quot;You can&apos;t override the capacitor without quantifying the virtual AI interface!&quot;,
+     &quot;message&quot;: &quot;Try to connect the IB circuit, maybe it will quantify the wireless sensor!&quot;,
+     &quot;summary&quot;: &quot;You can&apos;t index the sensor without overriding the online TCP hard drive!&quot;,
    },
    {
-     &quot;description&quot;: &quot;Use the back-end THX feed, then you can compress the multi-byte driver!&quot;,
-     &quot;message&quot;: &quot;parsing the program won&apos;t do anything, we need to synthesize the primary IP bandwidth!&quot;,
-     &quot;summary&quot;: &quot;Use the neural AGP array, then you can parse the optical driver!&quot;,
+     &quot;description&quot;: &quot;If we back up the panel, we can get to the JBOD hard drive through the multi-byte XSS array!&quot;,
+     &quot;message&quot;: &quot;We need to connect the solid state DNS hard drive!&quot;,
+     &quot;summary&quot;: &quot;Try to navigate the SDD feed, maybe it will program the virtual array!&quot;,
    },
    {
-     &quot;description&quot;: &quot;We need to quantify the mobile DNS alarm!&quot;,
-     &quot;message&quot;: &quot;Use the haptic OCR array, then you can copy the primary protocol!&quot;,
-     &quot;summary&quot;: &quot;If we generate the sensor, we can get to the SMTP array through the primary UTF8 protocol!&quot;,
+     &quot;description&quot;: &quot;Try to parse the SAS driver, maybe it will navigate the neural monitor!&quot;,
+     &quot;message&quot;: &quot;You can&apos;t quantify the matrix without transmitting the bluetooth API array!&quot;,
+     &quot;summary&quot;: &quot;parsing the application won&apos;t do anything, we need to compress the digital PNG protocol!&quot;,
    },
  ]

 ❯ src/test-suite-12.spec.ts:21:20
            </failure>
        </testcase>
        <testcase classname="src/test-suite-12.spec.ts" name="&apos;User-friendly needs-based generative …&apos; &gt; &apos;The COM bandwidth is down, bypass the…&apos;" time="0.000607834">
            <failure message="expected [ { …(3) }, { …(3) } ] to deeply equal [ { …(3) }, { …(3) }, { …(3) }, …(2) ]" type="AssertionError">
AssertionError: expected [ { …(3) }, { …(3) } ] to deeply equal [ { …(3) }, { …(3) }, { …(3) }, …(2) ]

- Expected
+ Received

  [
    {
-     &quot;description&quot;: &quot;You can&apos;t quantify the capacitor without programming the bluetooth ASCII panel!&quot;,
-     &quot;message&quot;: &quot;If we hack the hard drive, we can get to the API panel through the virtual SAS program!&quot;,
-     &quot;summary&quot;: &quot;We need to bypass the 1080p UDP protocol!&quot;,
-   },
-   {
-     &quot;description&quot;: &quot;I&apos;ll hack the haptic JBOD array, that should circuit the IB bandwidth!&quot;,
-     &quot;message&quot;: &quot;You can&apos;t synthesize the driver without navigating the multi-byte VGA port!&quot;,
-     &quot;summary&quot;: &quot;I&apos;ll hack the primary TLS feed, that should application the SDD driver!&quot;,
-   },
-   {
-     &quot;description&quot;: &quot;Try to navigate the SQL firewall, maybe it will quantify the primary feed!&quot;,
-     &quot;message&quot;: &quot;I&apos;ll parse the multi-byte HEX transmitter, that should matrix the HDD microchip!&quot;,
-     &quot;summary&quot;: &quot;We need to hack the neural SSL driver!&quot;,
-   },
-   {
-     &quot;description&quot;: &quot;bypassing the bandwidth won&apos;t do anything, we need to back up the optical AGP feed!&quot;,
-     &quot;message&quot;: &quot;If we copy the matrix, we can get to the ASCII application through the mobile TLS firewall!&quot;,
-     &quot;summary&quot;: &quot;transmitting the sensor won&apos;t do anything, we need to quantify the redundant GB circuit!&quot;,
+     &quot;description&quot;: &quot;If we navigate the sensor, we can get to the GB bandwidth through the wireless PCI hard drive!&quot;,
+     &quot;message&quot;: &quot;You can&apos;t reboot the array without backing up the 1080p TCP matrix!&quot;,
+     &quot;summary&quot;: &quot;Try to connect the PCI interface, maybe it will calculate the multi-byte circuit!&quot;,
    },
    {
-     &quot;description&quot;: &quot;programming the capacitor won&apos;t do anything, we need to synthesize the cross-platform VGA driver!&quot;,
-     &quot;message&quot;: &quot;We need to copy the online SAS capacitor!&quot;,
-     &quot;summary&quot;: &quot;navigating the firewall won&apos;t do anything, we need to compress the solid state SMS capacitor!&quot;,
+     &quot;description&quot;: &quot;You can&apos;t program the matrix without transmitting the multi-byte HEX bandwidth!&quot;,
+     &quot;message&quot;: &quot;Use the digital XSS alarm, then you can back up the online feed!&quot;,
+     &quot;summary&quot;: &quot;If we index the pixel, we can get to the SSD port through the primary VGA port!&quot;,
    },
  ]

 ❯ src/test-suite-12.spec.ts:21:20
            </failure>
        </testcase>
        <testcase classname="src/test-suite-12.spec.ts" name="&apos;User-friendly needs-based generative …&apos; &gt; &apos;transmitting the pixel won\&apos;t do anyt…&apos;" time="0.000079208">
        </testcase>
        <testcase classname="src/test-suite-12.spec.ts" name="&apos;User-friendly needs-based generative …&apos; &gt; &apos;synthesizing the circuit won\&apos;t do an…&apos;" time="0.00036">
            <failure message="expected [ { …(3) }, { …(3) } ] to deeply equal [ { …(3) }, { …(3) }, { …(3) }, …(1) ]" type="AssertionError">
AssertionError: expected [ { …(3) }, { …(3) } ] to deeply equal [ { …(3) }, { …(3) }, { …(3) }, …(1) ]

- Expected
+ Received

  [
    {
-     &quot;description&quot;: &quot;The XML bandwidth is down, parse the online bus so we can back up the USB circuit!&quot;,
-     &quot;message&quot;: &quot;Use the mobile AI application, then you can navigate the multi-byte firewall!&quot;,
-     &quot;summary&quot;: &quot;The CLI card is down, bypass the 1080p array so we can override the IB microchip!&quot;,
+     &quot;description&quot;: &quot;The FTP sensor is down, copy the cross-platform bus so we can hack the CSS hard drive!&quot;,
+     &quot;message&quot;: &quot;The JBOD port is down, synthesize the mobile capacitor so we can program the IB array!&quot;,
+     &quot;summary&quot;: &quot;The DNS card is down, navigate the auxiliary program so we can reboot the XML feed!&quot;,
    },
    {
-     &quot;description&quot;: &quot;The PCI protocol is down, generate the cross-platform program so we can synthesize the SQL array!&quot;,
-     &quot;message&quot;: &quot;quantifying the transmitter won&apos;t do anything, we need to calculate the primary IP feed!&quot;,
-     &quot;summary&quot;: &quot;Use the multi-byte SCSI transmitter, then you can back up the wireless array!&quot;,
-   },
-   {
-     &quot;description&quot;: &quot;Use the cross-platform CLI microchip, then you can copy the neural port!&quot;,
-     &quot;message&quot;: &quot;If we input the application, we can get to the PNG sensor through the optical AI monitor!&quot;,
-     &quot;summary&quot;: &quot;Try to synthesize the API transmitter, maybe it will generate the 1080p panel!&quot;,
-   },
-   {
-     &quot;description&quot;: &quot;You can&apos;t parse the card without bypassing the redundant EXE array!&quot;,
-     &quot;message&quot;: &quot;Try to synthesize the OCR feed, maybe it will quantify the optical capacitor!&quot;,
-     &quot;summary&quot;: &quot;transmitting the sensor won&apos;t do anything, we need to override the multi-byte PCI application!&quot;,
+     &quot;description&quot;: &quot;bypassing the protocol won&apos;t do anything, we need to calculate the mobile TLS feed!&quot;,
+     &quot;message&quot;: &quot;The AI panel is down, bypass the optical protocol so we can hack the PNG transmitter!&quot;,
+     &quot;summary&quot;: &quot;Use the cross-platform THX matrix, then you can transmit the neural protocol!&quot;,
    },
  ]

 ❯ src/test-suite-12.spec.ts:21:20
            </failure>
        </testcase>
        <testcase classname="src/test-suite-12.spec.ts" name="&apos;User-friendly needs-based generative …&apos; &gt; &apos;generating the capacitor won\&apos;t do an…&apos;" time="0.000076875">
        </testcase>
        <testcase classname="src/test-suite-12.spec.ts" name="&apos;User-friendly needs-based generative …&apos; &gt; &apos;I\&apos;ll quantify the auxiliary HDD matr…&apos;" time="0.000354042">
            <failure message="expected [ { …(3) }, { …(3) } ] to deeply equal [ { …(3) }, { …(3) } ]" type="AssertionError">
AssertionError: expected [ { …(3) }, { …(3) } ] to deeply equal [ { …(3) }, { …(3) } ]

- Expected
+ Received

  [
    {
-     &quot;description&quot;: &quot;Use the virtual PNG feed, then you can calculate the primary microchip!&quot;,
-     &quot;message&quot;: &quot;If we index the hard drive, we can get to the TLS microchip through the online VGA microchip!&quot;,
-     &quot;summary&quot;: &quot;synthesizing the hard drive won&apos;t do anything, we need to quantify the 1080p IB pixel!&quot;,
+     &quot;description&quot;: &quot;We need to calculate the multi-byte IP array!&quot;,
+     &quot;message&quot;: &quot;Use the multi-byte CLI hard drive, then you can index the haptic circuit!&quot;,
+     &quot;summary&quot;: &quot;We need to synthesize the 1080p USB application!&quot;,
    },
    {
-     &quot;description&quot;: &quot;I&apos;ll hack the haptic CLI hard drive, that should protocol the COM protocol!&quot;,
-     &quot;message&quot;: &quot;navigating the application won&apos;t do anything, we need to generate the open-source CLI hard drive!&quot;,
-     &quot;summary&quot;: &quot;You can&apos;t parse the system without indexing the cross-platform AGP array!&quot;,
+     &quot;description&quot;: &quot;We need to calculate the solid state PNG driver!&quot;,
+     &quot;message&quot;: &quot;We need to transmit the cross-platform EXE firewall!&quot;,
+     &quot;summary&quot;: &quot;Try to compress the CSS card, maybe it will quantify the primary program!&quot;,
    },
  ]

 ❯ src/test-suite-12.spec.ts:21:20
            </failure>
        </testcase>
        <testcase classname="src/test-suite-12.spec.ts" name="&apos;User-friendly needs-based generative …&apos; &gt; &apos;I\&apos;ll parse the haptic AI array, that…&apos;" time="0.000051167">
        </testcase>
        <testcase classname="src/test-suite-12.spec.ts" name="&apos;User-friendly needs-based generative …&apos; &gt; &apos;Try to connect the OCR firewall, mayb…&apos;" time="0.000503583">
            <failure message="expected [ { …(3) }, { …(3) }, { …(3) }, …(2) ] to deeply equal [ { …(3) }, { …(3) }, { …(3) }, …(1) ]" type="AssertionError">
AssertionError: expected [ { …(3) }, { …(3) }, { …(3) }, …(2) ] to deeply equal [ { …(3) }, { …(3) }, { …(3) }, …(1) ]

- Expected
+ Received

  [
    {
-     &quot;description&quot;: &quot;Use the open-source USB matrix, then you can compress the 1080p monitor!&quot;,
-     &quot;message&quot;: &quot;overriding the hard drive won&apos;t do anything, we need to override the mobile SDD alarm!&quot;,
-     &quot;summary&quot;: &quot;I&apos;ll index the auxiliary CSS protocol, that should feed the SCSI matrix!&quot;,
+     &quot;description&quot;: &quot;Try to parse the GB protocol, maybe it will generate the haptic firewall!&quot;,
+     &quot;message&quot;: &quot;If we back up the firewall, we can get to the SMS system through the digital IP circuit!&quot;,
+     &quot;summary&quot;: &quot;I&apos;ll generate the redundant CSS circuit, that should program the UTF8 panel!&quot;,
    },
    {
-     &quot;description&quot;: &quot;We need to input the primary SQL interface!&quot;,
-     &quot;message&quot;: &quot;I&apos;ll calculate the solid state USB matrix, that should pixel the SCSI pixel!&quot;,
-     &quot;summary&quot;: &quot;We need to transmit the bluetooth DRAM system!&quot;,
+     &quot;description&quot;: &quot;The AGP bandwidth is down, quantify the back-end monitor so we can connect the OCR circuit!&quot;,
+     &quot;message&quot;: &quot;If we synthesize the bandwidth, we can get to the USB card through the solid state UTF8 pixel!&quot;,
+     &quot;summary&quot;: &quot;If we connect the bandwidth, we can get to the CLI firewall through the online PCI firewall!&quot;,
+   },
+   {
+     &quot;description&quot;: &quot;Try to input the CLI transmitter, maybe it will copy the neural capacitor!&quot;,
+     &quot;message&quot;: &quot;The USB bandwidth is down, copy the multi-byte program so we can generate the API bandwidth!&quot;,
+     &quot;summary&quot;: &quot;You can&apos;t index the capacitor without hacking the multi-byte JSON bandwidth!&quot;,
    },
    {
-     &quot;description&quot;: &quot;We need to calculate the multi-byte COM program!&quot;,
-     &quot;message&quot;: &quot;Try to back up the AI protocol, maybe it will quantify the wireless transmitter!&quot;,
-     &quot;summary&quot;: &quot;generating the capacitor won&apos;t do anything, we need to back up the wireless JBOD firewall!&quot;,
+     &quot;description&quot;: &quot;If we reboot the protocol, we can get to the HTTP interface through the online PNG panel!&quot;,
+     &quot;message&quot;: &quot;The FTP driver is down, calculate the redundant panel so we can hack the OCR transmitter!&quot;,
+     &quot;summary&quot;: &quot;generating the alarm won&apos;t do anything, we need to index the online SSL firewall!&quot;,
    },
    {
-     &quot;description&quot;: &quot;If we copy the application, we can get to the JSON circuit through the neural XML transmitter!&quot;,
-     &quot;message&quot;: &quot;I&apos;ll program the redundant SQL matrix, that should transmitter the PCI program!&quot;,
-     &quot;summary&quot;: &quot;We need to synthesize the haptic ASCII panel!&quot;,
+     &quot;description&quot;: &quot;Try to index the AGP circuit, maybe it will hack the virtual sensor!&quot;,
+     &quot;message&quot;: &quot;The PNG sensor is down, index the open-source panel so we can hack the IB panel!&quot;,
+     &quot;summary&quot;: &quot;I&apos;ll generate the open-source PNG interface, that should sensor the ASCII driver!&quot;,
    },
  ]

 ❯ src/test-suite-12.spec.ts:21:20
            </failure>
        </testcase>
        <testcase classname="src/test-suite-12.spec.ts" name="&apos;User-friendly needs-based generative …&apos; &gt; &apos;The HEX interface is down, hack the o…&apos;" time="0.000070208">
        </testcase>
        <testcase classname="src/test-suite-12.spec.ts" name="&apos;User-friendly needs-based generative …&apos; &gt; &apos;You can\&apos;t input the array without ge…&apos;" time="0.000349292">
            <failure message="expected [ { …(3) }, { …(3) } ] to deeply equal [ { …(3) }, { …(3) }, { …(3) }, …(1) ]" type="AssertionError">
AssertionError: expected [ { …(3) }, { …(3) } ] to deeply equal [ { …(3) }, { …(3) }, { …(3) }, …(1) ]

- Expected
+ Received

  [
    {
-     &quot;description&quot;: &quot;If we compress the hard drive, we can get to the OCR driver through the bluetooth DNS capacitor!&quot;,
-     &quot;message&quot;: &quot;I&apos;ll navigate the haptic CLI system, that should feed the FTP interface!&quot;,
-     &quot;summary&quot;: &quot;Try to transmit the IB bandwidth, maybe it will parse the solid state card!&quot;,
+     &quot;description&quot;: &quot;I&apos;ll synthesize the open-source API matrix, that should pixel the ADP system!&quot;,
+     &quot;message&quot;: &quot;We need to generate the redundant API driver!&quot;,
+     &quot;summary&quot;: &quot;Use the back-end GB matrix, then you can copy the neural sensor!&quot;,
    },
    {
-     &quot;description&quot;: &quot;If we reboot the hard drive, we can get to the DRAM panel through the back-end RSS microchip!&quot;,
-     &quot;message&quot;: &quot;Use the virtual UDP firewall, then you can synthesize the digital array!&quot;,
-     &quot;summary&quot;: &quot;We need to calculate the back-end CLI protocol!&quot;,
-   },
-   {
-     &quot;description&quot;: &quot;We need to parse the auxiliary EXE firewall!&quot;,
-     &quot;message&quot;: &quot;calculating the feed won&apos;t do anything, we need to quantify the online COM program!&quot;,
-     &quot;summary&quot;: &quot;I&apos;ll navigate the haptic UDP array, that should system the HTTP feed!&quot;,
-   },
-   {
-     &quot;description&quot;: &quot;If we quantify the alarm, we can get to the GB capacitor through the virtual OCR bus!&quot;,
-     &quot;message&quot;: &quot;I&apos;ll copy the primary RSS monitor, that should array the SAS driver!&quot;,
-     &quot;summary&quot;: &quot;If we back up the application, we can get to the IB card through the optical PNG matrix!&quot;,
+     &quot;description&quot;: &quot;Use the open-source ASCII microchip, then you can transmit the digital driver!&quot;,
+     &quot;message&quot;: &quot;The SMTP microchip is down, back up the wireless circuit so we can generate the SAS monitor!&quot;,
+     &quot;summary&quot;: &quot;If we back up the panel, we can get to the HEX hard drive through the multi-byte SQL hard drive!&quot;,
    },
  ]

 ❯ src/test-suite-12.spec.ts:21:20
            </failure>
        </testcase>
        <testcase classname="src/test-suite-12.spec.ts" name="&apos;User-friendly needs-based generative …&apos; &gt; &apos;Use the redundant SSL system, then yo…&apos;" time="0.000066833">
        </testcase>
        <testcase classname="src/test-suite-12.spec.ts" name="&apos;User-friendly needs-based generative …&apos; &gt; &apos;Use the multi-byte HDD monitor, then …&apos;" time="0.0002585">
            <failure message="expected [ { …(3) }, { …(3) } ] to deeply equal [ { …(3) }, { …(3) } ]" type="AssertionError">
AssertionError: expected [ { …(3) }, { …(3) } ] to deeply equal [ { …(3) }, { …(3) } ]

- Expected
+ Received

  [
    {
-     &quot;description&quot;: &quot;I&apos;ll calculate the digital UTF8 port, that should monitor the API system!&quot;,
-     &quot;message&quot;: &quot;I&apos;ll transmit the haptic API microchip, that should bus the SMTP application!&quot;,
-     &quot;summary&quot;: &quot;Try to navigate the XML bus, maybe it will compress the primary interface!&quot;,
+     &quot;description&quot;: &quot;I&apos;ll compress the multi-byte OCR bandwidth, that should firewall the IB bus!&quot;,
+     &quot;message&quot;: &quot;The COM pixel is down, program the haptic firewall so we can index the AI alarm!&quot;,
+     &quot;summary&quot;: &quot;Try to connect the TCP feed, maybe it will hack the open-source protocol!&quot;,
    },
    {
-     &quot;description&quot;: &quot;If we transmit the application, we can get to the ADP port through the neural XSS port!&quot;,
-     &quot;message&quot;: &quot;The IP port is down, reboot the solid state program so we can calculate the EXE card!&quot;,
-     &quot;summary&quot;: &quot;You can&apos;t parse the program without parsing the solid state UTF8 sensor!&quot;,
+     &quot;description&quot;: &quot;Try to connect the RAM monitor, maybe it will navigate the online protocol!&quot;,
+     &quot;message&quot;: &quot;If we copy the card, we can get to the HDD interface through the back-end JBOD port!&quot;,
+     &quot;summary&quot;: &quot;Use the multi-byte SAS circuit, then you can program the solid state application!&quot;,
    },
  ]

 ❯ src/test-suite-12.spec.ts:21:20
            </failure>
        </testcase>
        <testcase classname="src/test-suite-12.spec.ts" name="&apos;User-friendly needs-based generative …&apos; &gt; &apos;indexing the protocol won\&apos;t do anyth…&apos;" time="0.000051917">
        </testcase>
        <testcase classname="src/test-suite-12.spec.ts" name="&apos;User-friendly needs-based generative …&apos; &gt; &apos;You can\&apos;t copy the system without in…&apos;" time="0.000420584">
            <failure message="expected [ { …(3) }, { …(3) }, { …(3) } ] to deeply equal [ { …(3) }, { …(3) }, { …(3) } ]" type="AssertionError">
AssertionError: expected [ { …(3) }, { …(3) }, { …(3) } ] to deeply equal [ { …(3) }, { …(3) }, { …(3) } ]

- Expected
+ Received

  [
    {
-     &quot;description&quot;: &quot;The HTTP panel is down, index the primary system so we can quantify the SMTP protocol!&quot;,
-     &quot;message&quot;: &quot;We need to compress the virtual XSS interface!&quot;,
-     &quot;summary&quot;: &quot;We need to compress the 1080p RAM transmitter!&quot;,
+     &quot;description&quot;: &quot;Use the wireless SQL monitor, then you can input the redundant hard drive!&quot;,
+     &quot;message&quot;: &quot;If we connect the bandwidth, we can get to the TCP microchip through the neural RAM pixel!&quot;,
+     &quot;summary&quot;: &quot;Use the neural IB bandwidth, then you can override the haptic hard drive!&quot;,
    },
    {
-     &quot;description&quot;: &quot;I&apos;ll calculate the neural RSS alarm, that should pixel the AGP driver!&quot;,
-     &quot;message&quot;: &quot;synthesizing the driver won&apos;t do anything, we need to reboot the virtual OCR feed!&quot;,
-     &quot;summary&quot;: &quot;The SSL application is down, index the redundant panel so we can navigate the JSON bandwidth!&quot;,
+     &quot;description&quot;: &quot;You can&apos;t compress the program without navigating the haptic SMS matrix!&quot;,
+     &quot;message&quot;: &quot;I&apos;ll quantify the mobile API card, that should transmitter the CSS feed!&quot;,
+     &quot;summary&quot;: &quot;parsing the sensor won&apos;t do anything, we need to bypass the 1080p TCP pixel!&quot;,
    },
    {
-     &quot;description&quot;: &quot;You can&apos;t connect the bandwidth without calculating the mobile USB transmitter!&quot;,
-     &quot;message&quot;: &quot;You can&apos;t synthesize the bus without generating the primary XML panel!&quot;,
-     &quot;summary&quot;: &quot;I&apos;ll parse the 1080p UDP card, that should capacitor the SSL firewall!&quot;,
+     &quot;description&quot;: &quot;If we copy the bus, we can get to the SQL protocol through the open-source SMS protocol!&quot;,
+     &quot;message&quot;: &quot;We need to reboot the primary HTTP panel!&quot;,
+     &quot;summary&quot;: &quot;Try to compress the FTP panel, maybe it will program the haptic circuit!&quot;,
    },
  ]

 ❯ src/test-suite-12.spec.ts:21:20
            </failure>
        </testcase>
        <testcase classname="src/test-suite-12.spec.ts" name="&apos;User-friendly needs-based generative …&apos; &gt; &apos;I\&apos;ll compress the cross-platform FTP…&apos;" time="0.000084916">
        </testcase>
        <testcase classname="src/test-suite-12.spec.ts" name="&apos;User-friendly needs-based generative …&apos; &gt; &apos;Try to input the SDD feed, maybe it w…&apos;" time="0.000457417">
            <failure message="expected [ { …(3) }, { …(3) }, { …(3) } ] to deeply equal [ { …(3) }, { …(3) }, { …(3) }, …(2) ]" type="AssertionError">
AssertionError: expected [ { …(3) }, { …(3) }, { …(3) } ] to deeply equal [ { …(3) }, { …(3) }, { …(3) }, …(2) ]

- Expected
+ Received

  [
    {
-     &quot;description&quot;: &quot;calculating the application won&apos;t do anything, we need to generate the neural CLI capacitor!&quot;,
-     &quot;message&quot;: &quot;Try to navigate the PNG system, maybe it will generate the multi-byte sensor!&quot;,
-     &quot;summary&quot;: &quot;If we generate the application, we can get to the SAS bus through the wireless UDP circuit!&quot;,
+     &quot;description&quot;: &quot;We need to calculate the open-source USB hard drive!&quot;,
+     &quot;message&quot;: &quot;The CLI bus is down, parse the cross-platform system so we can input the SSD hard drive!&quot;,
+     &quot;summary&quot;: &quot;Use the primary SCSI microchip, then you can connect the neural card!&quot;,
    },
    {
-     &quot;description&quot;: &quot;I&apos;ll quantify the open-source AGP monitor, that should monitor the IP matrix!&quot;,
-     &quot;message&quot;: &quot;If we index the microchip, we can get to the RSS sensor through the mobile SDD transmitter!&quot;,
-     &quot;summary&quot;: &quot;If we program the transmitter, we can get to the UDP panel through the mobile SSL bus!&quot;,
+     &quot;description&quot;: &quot;If we hack the array, we can get to the HEX program through the virtual ASCII capacitor!&quot;,
+     &quot;message&quot;: &quot;The DNS feed is down, override the online interface so we can connect the JBOD hard drive!&quot;,
+     &quot;summary&quot;: &quot;I&apos;ll parse the multi-byte IB application, that should microchip the SAS pixel!&quot;,
    },
    {
-     &quot;description&quot;: &quot;If we copy the feed, we can get to the FTP capacitor through the digital COM hard drive!&quot;,
-     &quot;message&quot;: &quot;You can&apos;t transmit the firewall without transmitting the back-end SMTP firewall!&quot;,
-     &quot;summary&quot;: &quot;Try to quantify the CSS interface, maybe it will bypass the open-source matrix!&quot;,
-   },
-   {
-     &quot;description&quot;: &quot;I&apos;ll calculate the optical HEX program, that should feed the THX transmitter!&quot;,
-     &quot;message&quot;: &quot;Try to copy the GB feed, maybe it will index the back-end sensor!&quot;,
-     &quot;summary&quot;: &quot;If we back up the system, we can get to the IB card through the open-source IB program!&quot;,
-   },
-   {
-     &quot;description&quot;: &quot;Use the open-source SMS matrix, then you can input the neural application!&quot;,
-     &quot;message&quot;: &quot;The XML sensor is down, generate the back-end card so we can synthesize the SQL bus!&quot;,
-     &quot;summary&quot;: &quot;Use the haptic DNS firewall, then you can hack the solid state transmitter!&quot;,
+     &quot;description&quot;: &quot;You can&apos;t hack the capacitor without indexing the back-end API bus!&quot;,
+     &quot;message&quot;: &quot;Use the digital XML interface, then you can calculate the back-end circuit!&quot;,
+     &quot;summary&quot;: &quot;We need to bypass the optical SAS card!&quot;,
    },
  ]

 ❯ src/test-suite-12.spec.ts:21:20
            </failure>
        </testcase>
        <testcase classname="src/test-suite-12.spec.ts" name="&apos;User-friendly needs-based generative …&apos; &gt; &apos;You can\&apos;t quantify the bus without c…&apos;" time="0.000072042">
        </testcase>
        <testcase classname="src/test-suite-12.spec.ts" name="&apos;User-friendly needs-based generative …&apos; &gt; &apos;We need to program the virtual SMTP p…&apos;" time="0.000306541">
            <failure message="expected [ { …(3) }, { …(3) }, { …(3) } ] to deeply equal [ { …(3) }, { …(3) } ]" type="AssertionError">
AssertionError: expected [ { …(3) }, { …(3) }, { …(3) } ] to deeply equal [ { …(3) }, { …(3) } ]

- Expected
+ Received

  [
    {
-     &quot;description&quot;: &quot;We need to synthesize the multi-byte HTTP matrix!&quot;,
-     &quot;message&quot;: &quot;Try to reboot the VGA sensor, maybe it will quantify the online pixel!&quot;,
-     &quot;summary&quot;: &quot;We need to transmit the virtual JBOD system!&quot;,
+     &quot;description&quot;: &quot;The UTF8 application is down, copy the digital microchip so we can hack the IB bandwidth!&quot;,
+     &quot;message&quot;: &quot;We need to bypass the virtual SQL pixel!&quot;,
+     &quot;summary&quot;: &quot;You can&apos;t navigate the pixel without backing up the back-end USB program!&quot;,
+   },
+   {
+     &quot;description&quot;: &quot;Try to synthesize the COM circuit, maybe it will bypass the digital application!&quot;,
+     &quot;message&quot;: &quot;You can&apos;t compress the protocol without transmitting the wireless TLS alarm!&quot;,
+     &quot;summary&quot;: &quot;Try to override the ADP hard drive, maybe it will back up the primary panel!&quot;,
    },
    {
-     &quot;description&quot;: &quot;You can&apos;t bypass the microchip without parsing the open-source SAS alarm!&quot;,
-     &quot;message&quot;: &quot;We need to parse the haptic CLI port!&quot;,
-     &quot;summary&quot;: &quot;If we input the microchip, we can get to the HTTP monitor through the redundant GB microchip!&quot;,
+     &quot;description&quot;: &quot;I&apos;ll parse the solid state SSL application, that should circuit the CSS matrix!&quot;,
+     &quot;message&quot;: &quot;You can&apos;t index the firewall without connecting the cross-platform SMS firewall!&quot;,
+     &quot;summary&quot;: &quot;The RSS protocol is down, copy the solid state bus so we can parse the HDD hard drive!&quot;,
    },
  ]

 ❯ src/test-suite-12.spec.ts:21:20
            </failure>
        </testcase>
        <testcase classname="src/test-suite-12.spec.ts" name="&apos;User-friendly needs-based generative …&apos; &gt; &apos;If we program the firewall, we can ge…&apos;" time="0.00006825">
        </testcase>
        <testcase classname="src/test-suite-12.spec.ts" name="&apos;User-friendly needs-based generative …&apos; &gt; &apos;We need to navigate the back-end IP c…&apos;" time="0.000333333">
            <failure message="expected [ { …(3) }, { …(3) } ] to deeply equal [ { …(3) }, { …(3) }, { …(3) }, …(2) ]" type="AssertionError">
AssertionError: expected [ { …(3) }, { …(3) } ] to deeply equal [ { …(3) }, { …(3) }, { …(3) }, …(2) ]

- Expected
+ Received

  [
    {
-     &quot;description&quot;: &quot;We need to program the optical USB bus!&quot;,
-     &quot;message&quot;: &quot;I&apos;ll program the optical XSS driver, that should array the PCI alarm!&quot;,
-     &quot;summary&quot;: &quot;bypassing the protocol won&apos;t do anything, we need to calculate the primary SMTP interface!&quot;,
-   },
-   {
-     &quot;description&quot;: &quot;We need to synthesize the haptic SCSI firewall!&quot;,
-     &quot;message&quot;: &quot;Use the mobile TCP interface, then you can compress the redundant matrix!&quot;,
-     &quot;summary&quot;: &quot;I&apos;ll hack the 1080p CLI hard drive, that should monitor the SQL panel!&quot;,
-   },
-   {
-     &quot;description&quot;: &quot;synthesizing the sensor won&apos;t do anything, we need to copy the digital CSS protocol!&quot;,
-     &quot;message&quot;: &quot;We need to quantify the auxiliary JSON program!&quot;,
-     &quot;summary&quot;: &quot;Try to navigate the ASCII alarm, maybe it will navigate the wireless circuit!&quot;,
-   },
-   {
-     &quot;description&quot;: &quot;connecting the bandwidth won&apos;t do anything, we need to back up the open-source EXE sensor!&quot;,
-     &quot;message&quot;: &quot;The USB bandwidth is down, connect the solid state monitor so we can calculate the IP pixel!&quot;,
-     &quot;summary&quot;: &quot;Use the redundant SSD alarm, then you can calculate the cross-platform system!&quot;,
+     &quot;description&quot;: &quot;The IB circuit is down, bypass the primary panel so we can hack the SCSI card!&quot;,
+     &quot;message&quot;: &quot;Use the wireless TCP port, then you can index the neural array!&quot;,
+     &quot;summary&quot;: &quot;Use the 1080p ASCII bus, then you can synthesize the solid state bus!&quot;,
    },
    {
-     &quot;description&quot;: &quot;You can&apos;t hack the system without programming the haptic SAS panel!&quot;,
-     &quot;message&quot;: &quot;bypassing the bus won&apos;t do anything, we need to hack the bluetooth JBOD feed!&quot;,
-     &quot;summary&quot;: &quot;Try to program the SQL capacitor, maybe it will copy the wireless application!&quot;,
+     &quot;description&quot;: &quot;If we reboot the pixel, we can get to the TCP interface through the cross-platform USB card!&quot;,
+     &quot;message&quot;: &quot;We need to bypass the neural HTTP driver!&quot;,
+     &quot;summary&quot;: &quot;Try to parse the COM transmitter, maybe it will connect the bluetooth hard drive!&quot;,
    },
  ]

 ❯ src/test-suite-12.spec.ts:21:20
            </failure>
        </testcase>
        <testcase classname="src/test-suite-12.spec.ts" name="&apos;User-friendly needs-based generative …&apos; &gt; &apos;If we calculate the panel, we can get…&apos;" time="0.000050333">
        </testcase>
        <testcase classname="src/test-suite-12.spec.ts" name="&apos;User-friendly needs-based generative …&apos; &gt; &apos;We need to bypass the redundant SCSI …&apos;" time="0.0003175">
            <failure message="expected [ { …(3) }, { …(3) } ] to deeply equal [ { …(3) }, { …(3) }, { …(3) }, …(1) ]" type="AssertionError">
AssertionError: expected [ { …(3) }, { …(3) } ] to deeply equal [ { …(3) }, { …(3) }, { …(3) }, …(1) ]

- Expected
+ Received

  [
    {
-     &quot;description&quot;: &quot;quantifying the feed won&apos;t do anything, we need to program the online API bandwidth!&quot;,
-     &quot;message&quot;: &quot;Try to synthesize the ADP program, maybe it will generate the mobile card!&quot;,
-     &quot;summary&quot;: &quot;The SAS protocol is down, hack the multi-byte monitor so we can input the FTP pixel!&quot;,
+     &quot;description&quot;: &quot;Use the neural COM panel, then you can connect the bluetooth hard drive!&quot;,
+     &quot;message&quot;: &quot;I&apos;ll synthesize the digital TLS card, that should card the CSS transmitter!&quot;,
+     &quot;summary&quot;: &quot;If we calculate the interface, we can get to the USB transmitter through the wireless SQL system!&quot;,
    },
    {
-     &quot;description&quot;: &quot;synthesizing the transmitter won&apos;t do anything, we need to connect the wireless GB program!&quot;,
-     &quot;message&quot;: &quot;If we compress the sensor, we can get to the HEX matrix through the multi-byte RAM array!&quot;,
-     &quot;summary&quot;: &quot;generating the matrix won&apos;t do anything, we need to connect the solid state CLI matrix!&quot;,
-   },
-   {
-     &quot;description&quot;: &quot;Try to program the AGP feed, maybe it will back up the auxiliary sensor!&quot;,
-     &quot;message&quot;: &quot;The SMS application is down, transmit the redundant bandwidth so we can bypass the SMS system!&quot;,
-     &quot;summary&quot;: &quot;Use the multi-byte UTF8 microchip, then you can calculate the multi-byte driver!&quot;,
-   },
-   {
-     &quot;description&quot;: &quot;You can&apos;t parse the program without navigating the bluetooth CLI application!&quot;,
-     &quot;message&quot;: &quot;Use the back-end JSON driver, then you can synthesize the solid state card!&quot;,
-     &quot;summary&quot;: &quot;If we reboot the program, we can get to the TCP alarm through the bluetooth AI program!&quot;,
+     &quot;description&quot;: &quot;The JSON port is down, parse the neural bus so we can quantify the ADP system!&quot;,
+     &quot;message&quot;: &quot;We need to copy the optical SDD program!&quot;,
+     &quot;summary&quot;: &quot;You can&apos;t reboot the firewall without overriding the primary AGP hard drive!&quot;,
    },
  ]

 ❯ src/test-suite-12.spec.ts:21:20
            </failure>
        </testcase>
        <testcase classname="src/test-suite-12.spec.ts" name="&apos;User-friendly needs-based generative …&apos; &gt; &apos;The HDD application is down, transmit…&apos;" time="0.000051458">
        </testcase>
        <testcase classname="src/test-suite-12.spec.ts" name="&apos;User-friendly needs-based generative …&apos; &gt; &apos;If we synthesize the card, we can get…&apos;" time="0.000352959">
            <failure message="expected [ { …(3) }, { …(3) }, { …(3) }, …(2) ] to deeply equal [ { …(3) }, { …(3) } ]" type="AssertionError">
AssertionError: expected [ { …(3) }, { …(3) }, { …(3) }, …(2) ] to deeply equal [ { …(3) }, { …(3) } ]

- Expected
+ Received

  [
    {
-     &quot;description&quot;: &quot;The ASCII port is down, compress the optical array so we can navigate the SQL pixel!&quot;,
-     &quot;message&quot;: &quot;The SCSI transmitter is down, transmit the wireless protocol so we can parse the CLI protocol!&quot;,
-     &quot;summary&quot;: &quot;generating the alarm won&apos;t do anything, we need to generate the neural SSD application!&quot;,
+     &quot;description&quot;: &quot;You can&apos;t generate the feed without transmitting the back-end SMS circuit!&quot;,
+     &quot;message&quot;: &quot;We need to hack the back-end FTP transmitter!&quot;,
+     &quot;summary&quot;: &quot;Use the redundant USB application, then you can calculate the solid state application!&quot;,
+   },
+   {
+     &quot;description&quot;: &quot;You can&apos;t navigate the array without indexing the haptic HEX hard drive!&quot;,
+     &quot;message&quot;: &quot;We need to input the virtual PNG program!&quot;,
+     &quot;summary&quot;: &quot;Use the digital CSS array, then you can reboot the open-source panel!&quot;,
+   },
+   {
+     &quot;description&quot;: &quot;Try to back up the SAS card, maybe it will synthesize the wireless array!&quot;,
+     &quot;message&quot;: &quot;I&apos;ll compress the bluetooth HEX sensor, that should interface the TCP capacitor!&quot;,
+     &quot;summary&quot;: &quot;You can&apos;t override the protocol without backing up the back-end SMS matrix!&quot;,
+   },
+   {
+     &quot;description&quot;: &quot;programming the sensor won&apos;t do anything, we need to synthesize the digital RSS port!&quot;,
+     &quot;message&quot;: &quot;If we index the circuit, we can get to the FTP card through the back-end AI driver!&quot;,
+     &quot;summary&quot;: &quot;calculating the driver won&apos;t do anything, we need to synthesize the mobile EXE driver!&quot;,
    },
    {
-     &quot;description&quot;: &quot;We need to back up the virtual AI monitor!&quot;,
-     &quot;message&quot;: &quot;The SMS protocol is down, generate the auxiliary protocol so we can calculate the OCR port!&quot;,
-     &quot;summary&quot;: &quot;We need to bypass the primary FTP capacitor!&quot;,
+     &quot;description&quot;: &quot;I&apos;ll copy the bluetooth TLS feed, that should matrix the SQL system!&quot;,
+     &quot;message&quot;: &quot;calculating the firewall won&apos;t do anything, we need to bypass the auxiliary HEX transmitter!&quot;,
+     &quot;summary&quot;: &quot;I&apos;ll transmit the 1080p CLI card, that should firewall the FTP firewall!&quot;,
    },
  ]

 ❯ src/test-suite-12.spec.ts:21:20
            </failure>
        </testcase>
        <testcase classname="src/test-suite-12.spec.ts" name="&apos;User-friendly needs-based generative …&apos; &gt; &apos;You can\&apos;t quantify the program witho…&apos;" time="0.000059875">
        </testcase>
        <testcase classname="src/test-suite-12.spec.ts" name="&apos;User-friendly needs-based generative …&apos; &gt; &apos;navigating the system won\&apos;t do anyth…&apos;" time="0.000471834">
            <failure message="expected [ { …(3) }, { …(3) }, { …(3) }, …(2) ] to deeply equal [ { …(3) }, { …(3) }, { …(3) }, …(2) ]" type="AssertionError">
AssertionError: expected [ { …(3) }, { …(3) }, { …(3) }, …(2) ] to deeply equal [ { …(3) }, { …(3) }, { …(3) }, …(2) ]

- Expected
+ Received

  [
    {
-     &quot;description&quot;: &quot;We need to copy the redundant IP hard drive!&quot;,
-     &quot;message&quot;: &quot;We need to input the digital JBOD feed!&quot;,
-     &quot;summary&quot;: &quot;overriding the sensor won&apos;t do anything, we need to parse the neural JBOD microchip!&quot;,
+     &quot;description&quot;: &quot;The PCI hard drive is down, index the haptic bandwidth so we can quantify the TCP monitor!&quot;,
+     &quot;message&quot;: &quot;If we parse the pixel, we can get to the VGA firewall through the haptic ASCII bandwidth!&quot;,
+     &quot;summary&quot;: &quot;You can&apos;t input the card without compressing the online HEX microchip!&quot;,
    },
    {
-     &quot;description&quot;: &quot;Use the primary AGP feed, then you can input the primary card!&quot;,
-     &quot;message&quot;: &quot;Use the mobile GB firewall, then you can index the redundant bandwidth!&quot;,
-     &quot;summary&quot;: &quot;If we connect the circuit, we can get to the UTF8 monitor through the neural PNG card!&quot;,
+     &quot;description&quot;: &quot;Try to navigate the IP capacitor, maybe it will connect the bluetooth protocol!&quot;,
+     &quot;message&quot;: &quot;We need to reboot the open-source SMS application!&quot;,
+     &quot;summary&quot;: &quot;transmitting the array won&apos;t do anything, we need to quantify the redundant SSL application!&quot;,
    },
    {
-     &quot;description&quot;: &quot;We need to program the neural CSS matrix!&quot;,
-     &quot;message&quot;: &quot;We need to program the virtual GB circuit!&quot;,
-     &quot;summary&quot;: &quot;Try to program the CSS card, maybe it will parse the primary transmitter!&quot;,
+     &quot;description&quot;: &quot;Try to input the CSS program, maybe it will navigate the bluetooth driver!&quot;,
+     &quot;message&quot;: &quot;We need to transmit the redundant PCI array!&quot;,
+     &quot;summary&quot;: &quot;I&apos;ll copy the virtual RSS bus, that should circuit the HDD circuit!&quot;,
    },
    {
-     &quot;description&quot;: &quot;I&apos;ll transmit the optical DNS array, that should capacitor the XML circuit!&quot;,
-     &quot;message&quot;: &quot;generating the sensor won&apos;t do anything, we need to parse the back-end UTF8 bandwidth!&quot;,
-     &quot;summary&quot;: &quot;If we generate the bus, we can get to the UDP application through the wireless API pixel!&quot;,
+     &quot;description&quot;: &quot;The HEX port is down, synthesize the multi-byte pixel so we can parse the SSL pixel!&quot;,
+     &quot;message&quot;: &quot;I&apos;ll bypass the neural DNS sensor, that should feed the UTF8 alarm!&quot;,
+     &quot;summary&quot;: &quot;The USB program is down, back up the auxiliary transmitter so we can generate the RSS card!&quot;,
    },
    {
-     &quot;description&quot;: &quot;I&apos;ll index the redundant CSS application, that should firewall the DNS feed!&quot;,
-     &quot;message&quot;: &quot;I&apos;ll copy the mobile DRAM program, that should firewall the SQL alarm!&quot;,
-     &quot;summary&quot;: &quot;parsing the circuit won&apos;t do anything, we need to index the haptic PNG port!&quot;,
+     &quot;description&quot;: &quot;Use the back-end UTF8 circuit, then you can transmit the mobile card!&quot;,
+     &quot;message&quot;: &quot;Try to copy the GB feed, maybe it will reboot the primary hard drive!&quot;,
+     &quot;summary&quot;: &quot;Try to generate the CLI array, maybe it will bypass the redundant feed!&quot;,
    },
  ]

 ❯ src/test-suite-12.spec.ts:21:20
            </failure>
        </testcase>
        <testcase classname="src/test-suite-12.spec.ts" name="&apos;User-friendly needs-based generative …&apos; &gt; &apos;If we index the matrix, we can get to…&apos;" time="0.00005125">
        </testcase>
        <testcase classname="src/test-suite-12.spec.ts" name="&apos;User-friendly needs-based generative …&apos; &gt; &apos;You can\&apos;t calculate the capacitor wi…&apos;" time="0.000577833">
            <failure message="expected [ { …(3) }, { …(3) }, { …(3) }, …(2) ] to deeply equal [ { …(3) }, { …(3) }, { …(3) }, …(2) ]" type="AssertionError">
AssertionError: expected [ { …(3) }, { …(3) }, { …(3) }, …(2) ] to deeply equal [ { …(3) }, { …(3) }, { …(3) }, …(2) ]

- Expected
+ Received

  [
    {
-     &quot;description&quot;: &quot;The VGA program is down, bypass the cross-platform capacitor so we can index the PNG hard drive!&quot;,
-     &quot;message&quot;: &quot;We need to reboot the solid state SMS application!&quot;,
-     &quot;summary&quot;: &quot;If we parse the application, we can get to the AGP matrix through the solid state RAM pixel!&quot;,
+     &quot;description&quot;: &quot;The OCR firewall is down, input the optical firewall so we can quantify the PCI driver!&quot;,
+     &quot;message&quot;: &quot;I&apos;ll copy the multi-byte IP interface, that should system the ADP interface!&quot;,
+     &quot;summary&quot;: &quot;I&apos;ll synthesize the digital HDD application, that should microchip the FTP protocol!&quot;,
    },
    {
-     &quot;description&quot;: &quot;I&apos;ll parse the solid state JSON sensor, that should monitor the IP matrix!&quot;,
-     &quot;message&quot;: &quot;I&apos;ll navigate the primary HTTP pixel, that should monitor the TLS feed!&quot;,
-     &quot;summary&quot;: &quot;The AI protocol is down, navigate the neural card so we can transmit the HDD application!&quot;,
+     &quot;description&quot;: &quot;Use the digital SCSI array, then you can hack the primary monitor!&quot;,
+     &quot;message&quot;: &quot;Use the wireless AI system, then you can override the back-end array!&quot;,
+     &quot;summary&quot;: &quot;Try to synthesize the GB pixel, maybe it will copy the primary array!&quot;,
    },
    {
-     &quot;description&quot;: &quot;If we parse the array, we can get to the GB matrix through the open-source UDP interface!&quot;,
-     &quot;message&quot;: &quot;Use the auxiliary TLS system, then you can parse the auxiliary monitor!&quot;,
-     &quot;summary&quot;: &quot;If we override the program, we can get to the FTP panel through the auxiliary AGP array!&quot;,
+     &quot;description&quot;: &quot;programming the transmitter won&apos;t do anything, we need to connect the virtual TLS protocol!&quot;,
+     &quot;message&quot;: &quot;The EXE port is down, index the open-source bandwidth so we can navigate the CSS hard drive!&quot;,
+     &quot;summary&quot;: &quot;indexing the sensor won&apos;t do anything, we need to calculate the back-end OCR matrix!&quot;,
    },
    {
-     &quot;description&quot;: &quot;If we synthesize the hard drive, we can get to the COM driver through the optical IP microchip!&quot;,
-     &quot;message&quot;: &quot;I&apos;ll override the back-end SSD system, that should transmitter the SSD interface!&quot;,
-     &quot;summary&quot;: &quot;You can&apos;t transmit the bandwidth without calculating the multi-byte SMS application!&quot;,
+     &quot;description&quot;: &quot;You can&apos;t connect the interface without compressing the bluetooth HDD array!&quot;,
+     &quot;message&quot;: &quot;bypassing the protocol won&apos;t do anything, we need to synthesize the 1080p SQL transmitter!&quot;,
+     &quot;summary&quot;: &quot;I&apos;ll navigate the primary JSON driver, that should matrix the SQL panel!&quot;,
    },
    {
-     &quot;description&quot;: &quot;transmitting the capacitor won&apos;t do anything, we need to override the digital HEX sensor!&quot;,
-     &quot;message&quot;: &quot;The THX driver is down, copy the multi-byte matrix so we can generate the PNG pixel!&quot;,
-     &quot;summary&quot;: &quot;Try to calculate the CSS driver, maybe it will index the optical driver!&quot;,
+     &quot;description&quot;: &quot;Use the primary COM panel, then you can index the 1080p driver!&quot;,
+     &quot;message&quot;: &quot;You can&apos;t synthesize the interface without calculating the primary VGA bus!&quot;,
+     &quot;summary&quot;: &quot;We need to transmit the virtual VGA protocol!&quot;,
    },
  ]

 ❯ src/test-suite-12.spec.ts:21:20
            </failure>
        </testcase>
        <testcase classname="src/test-suite-12.spec.ts" name="&apos;User-friendly needs-based generative …&apos; &gt; &apos;You can\&apos;t reboot the system without …&apos;" time="0.000048167">
        </testcase>
        <testcase classname="src/test-suite-12.spec.ts" name="&apos;User-friendly needs-based generative …&apos; &gt; &apos;Use the virtual JBOD bus, then you ca…&apos;" time="0.000365833">
            <failure message="expected [ { …(3) }, { …(3) }, { …(3) }, …(2) ] to deeply equal [ { …(3) }, { …(3) }, { …(3) }, …(1) ]" type="AssertionError">
AssertionError: expected [ { …(3) }, { …(3) }, { …(3) }, …(2) ] to deeply equal [ { …(3) }, { …(3) }, { …(3) }, …(1) ]

- Expected
+ Received

  [
    {
-     &quot;description&quot;: &quot;I&apos;ll input the neural IP card, that should driver the EXE matrix!&quot;,
-     &quot;message&quot;: &quot;Try to input the HDD microchip, maybe it will transmit the bluetooth feed!&quot;,
-     &quot;summary&quot;: &quot;You can&apos;t override the system without generating the online PCI hard drive!&quot;,
+     &quot;description&quot;: &quot;The JBOD interface is down, program the online card so we can index the USB port!&quot;,
+     &quot;message&quot;: &quot;We need to input the open-source UDP monitor!&quot;,
+     &quot;summary&quot;: &quot;You can&apos;t index the circuit without bypassing the 1080p XML alarm!&quot;,
    },
    {
-     &quot;description&quot;: &quot;The TLS system is down, parse the mobile bandwidth so we can calculate the SSD capacitor!&quot;,
-     &quot;message&quot;: &quot;We need to copy the auxiliary AI bandwidth!&quot;,
-     &quot;summary&quot;: &quot;Try to quantify the TLS bandwidth, maybe it will input the redundant firewall!&quot;,
+     &quot;description&quot;: &quot;Use the auxiliary RAM port, then you can copy the solid state feed!&quot;,
+     &quot;message&quot;: &quot;If we override the matrix, we can get to the COM driver through the haptic CSS card!&quot;,
+     &quot;summary&quot;: &quot;Use the optical AI monitor, then you can reboot the bluetooth program!&quot;,
+   },
+   {
+     &quot;description&quot;: &quot;If we compress the circuit, we can get to the DRAM bus through the bluetooth HEX interface!&quot;,
+     &quot;message&quot;: &quot;Use the wireless XSS program, then you can connect the cross-platform protocol!&quot;,
+     &quot;summary&quot;: &quot;Use the wireless THX hard drive, then you can synthesize the haptic protocol!&quot;,
    },
    {
-     &quot;description&quot;: &quot;You can&apos;t reboot the protocol without indexing the online RSS program!&quot;,
-     &quot;message&quot;: &quot;The RAM alarm is down, parse the digital program so we can reboot the DNS interface!&quot;,
-     &quot;summary&quot;: &quot;We need to index the haptic IB monitor!&quot;,
+     &quot;description&quot;: &quot;hacking the application won&apos;t do anything, we need to program the primary TLS program!&quot;,
+     &quot;message&quot;: &quot;We need to transmit the 1080p ASCII bandwidth!&quot;,
+     &quot;summary&quot;: &quot;Try to reboot the CLI port, maybe it will calculate the cross-platform sensor!&quot;,
    },
    {
-     &quot;description&quot;: &quot;I&apos;ll override the online EXE program, that should protocol the IB system!&quot;,
-     &quot;message&quot;: &quot;We need to connect the digital ASCII system!&quot;,
-     &quot;summary&quot;: &quot;Use the 1080p SMS bandwidth, then you can index the 1080p bandwidth!&quot;,
+     &quot;description&quot;: &quot;I&apos;ll index the cross-platform COM array, that should array the VGA pixel!&quot;,
+     &quot;message&quot;: &quot;The AGP interface is down, reboot the mobile feed so we can transmit the SAS monitor!&quot;,
+     &quot;summary&quot;: &quot;I&apos;ll compress the cross-platform PCI interface, that should system the USB hard drive!&quot;,
    },
  ]

 ❯ src/test-suite-12.spec.ts:21:20
            </failure>
        </testcase>
        <testcase classname="src/test-suite-12.spec.ts" name="&apos;User-friendly needs-based generative …&apos; &gt; &apos;Use the optical HTTP array, then you …&apos;" time="0.000045125">
        </testcase>
        <testcase classname="src/test-suite-12.spec.ts" name="&apos;User-friendly needs-based generative …&apos; &gt; &apos;If we back up the firewall, we can ge…&apos;" time="0.0002555">
            <failure message="expected [ { …(3) }, { …(3) } ] to deeply equal [ { …(3) }, { …(3) } ]" type="AssertionError">
AssertionError: expected [ { …(3) }, { …(3) } ] to deeply equal [ { …(3) }, { …(3) } ]

- Expected
+ Received

  [
    {
-     &quot;description&quot;: &quot;We need to synthesize the back-end XSS transmitter!&quot;,
-     &quot;message&quot;: &quot;You can&apos;t synthesize the firewall without generating the bluetooth ADP interface!&quot;,
-     &quot;summary&quot;: &quot;Use the multi-byte DRAM port, then you can bypass the haptic interface!&quot;,
+     &quot;description&quot;: &quot;quantifying the card won&apos;t do anything, we need to input the open-source TCP feed!&quot;,
+     &quot;message&quot;: &quot;You can&apos;t input the array without quantifying the solid state CLI port!&quot;,
+     &quot;summary&quot;: &quot;Try to compress the SSD capacitor, maybe it will calculate the back-end protocol!&quot;,
    },
    {
-     &quot;description&quot;: &quot;We need to quantify the wireless ASCII firewall!&quot;,
-     &quot;message&quot;: &quot;Use the mobile JBOD sensor, then you can program the neural protocol!&quot;,
-     &quot;summary&quot;: &quot;I&apos;ll index the mobile UDP system, that should hard drive the FTP hard drive!&quot;,
+     &quot;description&quot;: &quot;I&apos;ll transmit the primary ASCII panel, that should protocol the DNS pixel!&quot;,
+     &quot;message&quot;: &quot;Use the multi-byte SDD matrix, then you can quantify the digital transmitter!&quot;,
+     &quot;summary&quot;: &quot;We need to connect the multi-byte USB matrix!&quot;,
    },
  ]

 ❯ src/test-suite-12.spec.ts:21:20
            </failure>
        </testcase>
        <testcase classname="src/test-suite-12.spec.ts" name="&apos;User-friendly needs-based generative …&apos; &gt; &apos;We need to compress the bluetooth SSD…&apos;" time="0.00005275">
        </testcase>
        <testcase classname="src/test-suite-12.spec.ts" name="&apos;User-friendly needs-based generative …&apos; &gt; &apos;If we connect the panel, we can get t…&apos;" time="0.000247333">
            <failure message="expected [ { …(3) }, { …(3) } ] to deeply equal [ { …(3) }, { …(3) } ]" type="AssertionError">
AssertionError: expected [ { …(3) }, { …(3) } ] to deeply equal [ { …(3) }, { …(3) } ]

- Expected
+ Received

  [
    {
-     &quot;description&quot;: &quot;The CSS alarm is down, generate the 1080p panel so we can reboot the SSD circuit!&quot;,
-     &quot;message&quot;: &quot;Try to calculate the DNS system, maybe it will parse the wireless transmitter!&quot;,
-     &quot;summary&quot;: &quot;If we input the bandwidth, we can get to the RAM bus through the solid state EXE alarm!&quot;,
+     &quot;description&quot;: &quot;Use the primary ASCII sensor, then you can transmit the haptic interface!&quot;,
+     &quot;message&quot;: &quot;Try to back up the USB capacitor, maybe it will program the optical alarm!&quot;,
+     &quot;summary&quot;: &quot;You can&apos;t quantify the bandwidth without parsing the back-end XML port!&quot;,
    },
    {
-     &quot;description&quot;: &quot;Try to generate the DRAM driver, maybe it will connect the auxiliary bandwidth!&quot;,
-     &quot;message&quot;: &quot;If we copy the firewall, we can get to the SCSI firewall through the mobile CSS feed!&quot;,
-     &quot;summary&quot;: &quot;Use the mobile JSON firewall, then you can generate the haptic program!&quot;,
+     &quot;description&quot;: &quot;If we copy the circuit, we can get to the AGP protocol through the 1080p COM bandwidth!&quot;,
+     &quot;message&quot;: &quot;Use the cross-platform PNG circuit, then you can override the online array!&quot;,
+     &quot;summary&quot;: &quot;I&apos;ll connect the cross-platform SSL capacitor, that should matrix the TLS card!&quot;,
    },
  ]

 ❯ src/test-suite-12.spec.ts:21:20
            </failure>
        </testcase>
        <testcase classname="src/test-suite-12.spec.ts" name="&apos;User-friendly needs-based generative …&apos; &gt; &apos;Try to input the JSON interface, mayb…&apos;" time="0.000059">
        </testcase>
        <testcase classname="src/test-suite-12.spec.ts" name="&apos;User-friendly needs-based generative …&apos; &gt; &apos;Try to parse the ADP card, maybe it w…&apos;" time="0.000320167">
            <failure message="expected [ { …(3) }, { …(3) }, { …(3) }, …(1) ] to deeply equal [ { …(3) }, { …(3) }, { …(3) } ]" type="AssertionError">
AssertionError: expected [ { …(3) }, { …(3) }, { …(3) }, …(1) ] to deeply equal [ { …(3) }, { …(3) }, { …(3) } ]

- Expected
+ Received

  [
    {
-     &quot;description&quot;: &quot;If we program the monitor, we can get to the SQL bus through the open-source UDP monitor!&quot;,
-     &quot;message&quot;: &quot;If we calculate the capacitor, we can get to the UTF8 array through the virtual EXE transmitter!&quot;,
-     &quot;summary&quot;: &quot;We need to input the redundant AGP pixel!&quot;,
+     &quot;description&quot;: &quot;The TLS bandwidth is down, back up the open-source interface so we can reboot the SSL driver!&quot;,
+     &quot;message&quot;: &quot;Try to connect the IB pixel, maybe it will generate the wireless transmitter!&quot;,
+     &quot;summary&quot;: &quot;You can&apos;t back up the bus without hacking the auxiliary TCP matrix!&quot;,
+   },
+   {
+     &quot;description&quot;: &quot;If we navigate the sensor, we can get to the SMS monitor through the primary IP bandwidth!&quot;,
+     &quot;message&quot;: &quot;Try to override the FTP firewall, maybe it will bypass the virtual bus!&quot;,
+     &quot;summary&quot;: &quot;I&apos;ll back up the solid state ASCII alarm, that should port the OCR protocol!&quot;,
    },
    {
-     &quot;description&quot;: &quot;Use the wireless CLI pixel, then you can copy the 1080p program!&quot;,
-     &quot;message&quot;: &quot;The DNS panel is down, back up the redundant interface so we can connect the PNG system!&quot;,
-     &quot;summary&quot;: &quot;Use the auxiliary XSS bus, then you can connect the haptic microchip!&quot;,
+     &quot;description&quot;: &quot;I&apos;ll index the cross-platform UDP bandwidth, that should transmitter the FTP feed!&quot;,
+     &quot;message&quot;: &quot;You can&apos;t compress the transmitter without generating the mobile TLS alarm!&quot;,
+     &quot;summary&quot;: &quot;The PCI alarm is down, reboot the haptic sensor so we can connect the GB microchip!&quot;,
    },
    {
-     &quot;description&quot;: &quot;I&apos;ll synthesize the online IP pixel, that should port the TLS bus!&quot;,
-     &quot;message&quot;: &quot;The SSD microchip is down, input the digital array so we can hack the XML hard drive!&quot;,
-     &quot;summary&quot;: &quot;If we generate the microchip, we can get to the AGP monitor through the multi-byte JBOD card!&quot;,
+     &quot;description&quot;: &quot;Use the bluetooth AGP panel, then you can parse the online protocol!&quot;,
+     &quot;message&quot;: &quot;overriding the panel won&apos;t do anything, we need to connect the solid state UDP interface!&quot;,
+     &quot;summary&quot;: &quot;Use the auxiliary HTTP matrix, then you can synthesize the haptic hard drive!&quot;,
    },
  ]

 ❯ src/test-suite-12.spec.ts:21:20
            </failure>
        </testcase>
        <testcase classname="src/test-suite-12.spec.ts" name="&apos;User-friendly needs-based generative …&apos; &gt; &apos;I\&apos;ll index the back-end ADP capacito…&apos;" time="0.000052334">
        </testcase>
        <testcase classname="src/test-suite-12.spec.ts" name="&apos;User-friendly needs-based generative …&apos; &gt; &apos;We need to connect the redundant USB …&apos;" time="0.000317792">
            <failure message="expected [ { …(3) }, { …(3) }, { …(3) }, …(2) ] to deeply equal [ { …(3) }, { …(3) } ]" type="AssertionError">
AssertionError: expected [ { …(3) }, { …(3) }, { …(3) }, …(2) ] to deeply equal [ { …(3) }, { …(3) } ]

- Expected
+ Received

  [
    {
-     &quot;description&quot;: &quot;Try to hack the SAS sensor, maybe it will navigate the solid state feed!&quot;,
-     &quot;message&quot;: &quot;Use the multi-byte HTTP interface, then you can back up the optical port!&quot;,
-     &quot;summary&quot;: &quot;If we program the hard drive, we can get to the JSON firewall through the 1080p XSS feed!&quot;,
+     &quot;description&quot;: &quot;I&apos;ll compress the mobile ASCII sensor, that should circuit the THX sensor!&quot;,
+     &quot;message&quot;: &quot;synthesizing the capacitor won&apos;t do anything, we need to compress the open-source UTF8 array!&quot;,
+     &quot;summary&quot;: &quot;Use the back-end TCP interface, then you can bypass the bluetooth bandwidth!&quot;,
+   },
+   {
+     &quot;description&quot;: &quot;Try to navigate the IP sensor, maybe it will input the solid state program!&quot;,
+     &quot;message&quot;: &quot;If we hack the hard drive, we can get to the AGP sensor through the back-end RSS card!&quot;,
+     &quot;summary&quot;: &quot;The THX card is down, synthesize the optical bus so we can parse the UDP sensor!&quot;,
+   },
+   {
+     &quot;description&quot;: &quot;backing up the pixel won&apos;t do anything, we need to quantify the open-source SMS capacitor!&quot;,
+     &quot;message&quot;: &quot;If we navigate the monitor, we can get to the IB bandwidth through the solid state TCP bus!&quot;,
+     &quot;summary&quot;: &quot;Use the virtual AI system, then you can copy the cross-platform pixel!&quot;,
+   },
+   {
+     &quot;description&quot;: &quot;You can&apos;t reboot the array without indexing the wireless USB capacitor!&quot;,
+     &quot;message&quot;: &quot;Use the mobile CSS pixel, then you can back up the open-source pixel!&quot;,
+     &quot;summary&quot;: &quot;Use the optical DRAM firewall, then you can parse the cross-platform bandwidth!&quot;,
    },
    {
-     &quot;description&quot;: &quot;I&apos;ll input the digital ADP program, that should matrix the HEX card!&quot;,
-     &quot;message&quot;: &quot;Try to transmit the COM port, maybe it will input the online protocol!&quot;,
-     &quot;summary&quot;: &quot;Try to transmit the SMS capacitor, maybe it will copy the auxiliary bus!&quot;,
+     &quot;description&quot;: &quot;We need to compress the solid state VGA circuit!&quot;,
+     &quot;message&quot;: &quot;If we compress the bus, we can get to the PNG microchip through the open-source GB microchip!&quot;,
+     &quot;summary&quot;: &quot;We need to generate the back-end PCI matrix!&quot;,
    },
  ]

 ❯ src/test-suite-12.spec.ts:21:20
            </failure>
        </testcase>
        <testcase classname="src/test-suite-12.spec.ts" name="&apos;User-friendly needs-based generative …&apos; &gt; &apos;I\&apos;ll override the back-end DNS feed,…&apos;" time="0.000052125">
        </testcase>
        <testcase classname="src/test-suite-12.spec.ts" name="&apos;User-friendly needs-based generative …&apos; &gt; &apos;If we reboot the application, we can …&apos;" time="0.000396458">
            <failure message="expected [ { …(3) }, { …(3) }, { …(3) }, …(2) ] to deeply equal [ { …(3) }, { …(3) }, { …(3) }, …(1) ]" type="AssertionError">
AssertionError: expected [ { …(3) }, { …(3) }, { …(3) }, …(2) ] to deeply equal [ { …(3) }, { …(3) }, { …(3) }, …(1) ]

- Expected
+ Received

  [
    {
-     &quot;description&quot;: &quot;Use the back-end ADP card, then you can program the primary system!&quot;,
-     &quot;message&quot;: &quot;You can&apos;t parse the application without indexing the neural GB feed!&quot;,
-     &quot;summary&quot;: &quot;You can&apos;t bypass the capacitor without synthesizing the back-end COM transmitter!&quot;,
+     &quot;description&quot;: &quot;I&apos;ll parse the online RSS driver, that should interface the AI protocol!&quot;,
+     &quot;message&quot;: &quot;I&apos;ll input the cross-platform RSS program, that should bus the DRAM driver!&quot;,
+     &quot;summary&quot;: &quot;indexing the array won&apos;t do anything, we need to reboot the open-source RSS driver!&quot;,
    },
    {
-     &quot;description&quot;: &quot;The XSS system is down, parse the online interface so we can hack the TCP bus!&quot;,
-     &quot;message&quot;: &quot;You can&apos;t override the transmitter without copying the optical UDP system!&quot;,
-     &quot;summary&quot;: &quot;You can&apos;t bypass the microchip without generating the wireless ADP monitor!&quot;,
+     &quot;description&quot;: &quot;We need to input the auxiliary TLS microchip!&quot;,
+     &quot;message&quot;: &quot;You can&apos;t copy the interface without navigating the haptic ADP card!&quot;,
+     &quot;summary&quot;: &quot;I&apos;ll parse the virtual API bus, that should circuit the JSON port!&quot;,
+   },
+   {
+     &quot;description&quot;: &quot;I&apos;ll index the virtual EXE card, that should program the XSS program!&quot;,
+     &quot;message&quot;: &quot;Use the cross-platform UTF8 interface, then you can copy the cross-platform protocol!&quot;,
+     &quot;summary&quot;: &quot;hacking the bus won&apos;t do anything, we need to transmit the open-source UDP interface!&quot;,
    },
    {
-     &quot;description&quot;: &quot;The CLI bus is down, connect the primary system so we can program the PCI application!&quot;,
-     &quot;message&quot;: &quot;transmitting the panel won&apos;t do anything, we need to calculate the open-source XML driver!&quot;,
-     &quot;summary&quot;: &quot;You can&apos;t input the feed without bypassing the multi-byte AGP pixel!&quot;,
+     &quot;description&quot;: &quot;You can&apos;t parse the transmitter without calculating the back-end TCP microchip!&quot;,
+     &quot;message&quot;: &quot;I&apos;ll program the solid state THX microchip, that should transmitter the SQL bus!&quot;,
+     &quot;summary&quot;: &quot;I&apos;ll calculate the haptic DRAM hard drive, that should port the SMS transmitter!&quot;,
    },
    {
-     &quot;description&quot;: &quot;You can&apos;t reboot the array without parsing the optical SMTP feed!&quot;,
-     &quot;message&quot;: &quot;I&apos;ll connect the virtual THX port, that should transmitter the SAS array!&quot;,
-     &quot;summary&quot;: &quot;If we reboot the program, we can get to the VGA alarm through the online EXE panel!&quot;,
+     &quot;description&quot;: &quot;We need to transmit the optical SAS array!&quot;,
+     &quot;message&quot;: &quot;You can&apos;t navigate the microchip without overriding the digital AGP matrix!&quot;,
+     &quot;summary&quot;: &quot;The THX feed is down, generate the online capacitor so we can override the ASCII array!&quot;,
    },
  ]

 ❯ src/test-suite-12.spec.ts:21:20
            </failure>
        </testcase>
        <testcase classname="src/test-suite-12.spec.ts" name="&apos;Quality-focused interactive task-force&apos; &gt; &apos;The COM bandwidth is down, bypass the…&apos;" time="0.000400459">
            <failure message="expected [ { …(3) }, { …(3) }, { …(3) }, …(2) ] to deeply equal [ { …(3) }, { …(3) }, { …(3) }, …(1) ]" type="AssertionError">
AssertionError: expected [ { …(3) }, { …(3) }, { …(3) }, …(2) ] to deeply equal [ { …(3) }, { …(3) }, { …(3) }, …(1) ]

- Expected
+ Received

  [
    {
-     &quot;description&quot;: &quot;The HEX port is down, connect the bluetooth transmitter so we can override the THX card!&quot;,
-     &quot;message&quot;: &quot;indexing the pixel won&apos;t do anything, we need to copy the virtual HTTP alarm!&quot;,
-     &quot;summary&quot;: &quot;Use the online CLI circuit, then you can calculate the bluetooth alarm!&quot;,
+     &quot;description&quot;: &quot;Use the bluetooth HDD interface, then you can connect the virtual system!&quot;,
+     &quot;message&quot;: &quot;Try to transmit the USB firewall, maybe it will bypass the neural port!&quot;,
+     &quot;summary&quot;: &quot;navigating the alarm won&apos;t do anything, we need to navigate the back-end CLI firewall!&quot;,
    },
    {
-     &quot;description&quot;: &quot;You can&apos;t back up the firewall without compressing the haptic VGA microchip!&quot;,
-     &quot;message&quot;: &quot;You can&apos;t back up the feed without synthesizing the bluetooth ASCII program!&quot;,
-     &quot;summary&quot;: &quot;I&apos;ll navigate the online EXE pixel, that should microchip the JBOD monitor!&quot;,
+     &quot;description&quot;: &quot;The RAM monitor is down, input the mobile card so we can input the JSON protocol!&quot;,
+     &quot;message&quot;: &quot;connecting the system won&apos;t do anything, we need to bypass the redundant DNS hard drive!&quot;,
+     &quot;summary&quot;: &quot;You can&apos;t input the driver without calculating the wireless SQL sensor!&quot;,
+   },
+   {
+     &quot;description&quot;: &quot;The PNG array is down, back up the optical transmitter so we can override the SCSI panel!&quot;,
+     &quot;message&quot;: &quot;I&apos;ll synthesize the online RSS bandwidth, that should interface the HTTP matrix!&quot;,
+     &quot;summary&quot;: &quot;I&apos;ll connect the digital CLI monitor, that should microchip the COM array!&quot;,
    },
    {
-     &quot;description&quot;: &quot;We need to navigate the online DNS transmitter!&quot;,
-     &quot;message&quot;: &quot;I&apos;ll reboot the multi-byte HDD card, that should pixel the EXE application!&quot;,
-     &quot;summary&quot;: &quot;I&apos;ll quantify the primary SSL transmitter, that should capacitor the IP pixel!&quot;,
+     &quot;description&quot;: &quot;overriding the card won&apos;t do anything, we need to bypass the neural SCSI bandwidth!&quot;,
+     &quot;message&quot;: &quot;Try to bypass the GB feed, maybe it will hack the 1080p circuit!&quot;,
+     &quot;summary&quot;: &quot;I&apos;ll index the wireless SSD feed, that should monitor the XSS pixel!&quot;,
    },
    {
-     &quot;description&quot;: &quot;The SSL transmitter is down, navigate the auxiliary alarm so we can input the VGA port!&quot;,
-     &quot;message&quot;: &quot;The SAS panel is down, connect the cross-platform capacitor so we can override the OCR sensor!&quot;,
-     &quot;summary&quot;: &quot;I&apos;ll back up the primary SSL application, that should card the RAM driver!&quot;,
+     &quot;description&quot;: &quot;I&apos;ll synthesize the 1080p SSD application, that should microchip the DRAM array!&quot;,
+     &quot;message&quot;: &quot;We need to generate the 1080p ASCII port!&quot;,
+     &quot;summary&quot;: &quot;We need to transmit the solid state VGA card!&quot;,
    },
  ]

 ❯ src/test-suite-12.spec.ts:21:20
            </failure>
        </testcase>
        <testcase classname="src/test-suite-12.spec.ts" name="&apos;Quality-focused interactive task-force&apos; &gt; &apos;transmitting the pixel won\&apos;t do anyt…&apos;" time="0.00007075">
        </testcase>
        <testcase classname="src/test-suite-12.spec.ts" name="&apos;Quality-focused interactive task-force&apos; &gt; &apos;synthesizing the circuit won\&apos;t do an…&apos;" time="0.000368958">
            <failure message="expected [ { …(3) }, { …(3) } ] to deeply equal [ { …(3) }, { …(3) } ]" type="AssertionError">
AssertionError: expected [ { …(3) }, { …(3) } ] to deeply equal [ { …(3) }, { …(3) } ]

- Expected
+ Received

  [
    {
-     &quot;description&quot;: &quot;The VGA circuit is down, back up the virtual sensor so we can calculate the COM transmitter!&quot;,
-     &quot;message&quot;: &quot;copying the matrix won&apos;t do anything, we need to parse the multi-byte CLI system!&quot;,
-     &quot;summary&quot;: &quot;We need to copy the optical UTF8 pixel!&quot;,
+     &quot;description&quot;: &quot;I&apos;ll hack the open-source RAM microchip, that should circuit the SMS capacitor!&quot;,
+     &quot;message&quot;: &quot;You can&apos;t transmit the microchip without programming the back-end EXE card!&quot;,
+     &quot;summary&quot;: &quot;We need to index the 1080p SSL system!&quot;,
    },
    {
-     &quot;description&quot;: &quot;I&apos;ll connect the virtual USB capacitor, that should application the TCP bandwidth!&quot;,
-     &quot;message&quot;: &quot;hacking the bandwidth won&apos;t do anything, we need to input the optical THX capacitor!&quot;,
-     &quot;summary&quot;: &quot;The JBOD transmitter is down, navigate the 1080p matrix so we can reboot the SSL system!&quot;,
+     &quot;description&quot;: &quot;The SAS protocol is down, connect the multi-byte feed so we can compress the COM firewall!&quot;,
+     &quot;message&quot;: &quot;The CLI microchip is down, quantify the neural bus so we can parse the RAM monitor!&quot;,
+     &quot;summary&quot;: &quot;Use the neural GB sensor, then you can index the haptic card!&quot;,
    },
  ]

 ❯ src/test-suite-12.spec.ts:21:20
            </failure>
        </testcase>
        <testcase classname="src/test-suite-12.spec.ts" name="&apos;Quality-focused interactive task-force&apos; &gt; &apos;generating the capacitor won\&apos;t do an…&apos;" time="0.000085166">
        </testcase>
        <testcase classname="src/test-suite-12.spec.ts" name="&apos;Quality-focused interactive task-force&apos; &gt; &apos;I\&apos;ll quantify the auxiliary HDD matr…&apos;" time="0.00033975">
            <failure message="expected [ { …(3) }, { …(3) } ] to deeply equal [ { …(3) }, { …(3) }, { …(3) }, …(1) ]" type="AssertionError">
AssertionError: expected [ { …(3) }, { …(3) } ] to deeply equal [ { …(3) }, { …(3) }, { …(3) }, …(1) ]

- Expected
+ Received

  [
    {
-     &quot;description&quot;: &quot;We need to navigate the auxiliary AI sensor!&quot;,
-     &quot;message&quot;: &quot;I&apos;ll back up the digital IB hard drive, that should sensor the OCR firewall!&quot;,
-     &quot;summary&quot;: &quot;I&apos;ll calculate the haptic TLS pixel, that should capacitor the SAS transmitter!&quot;,
+     &quot;description&quot;: &quot;Try to navigate the SMS circuit, maybe it will bypass the mobile program!&quot;,
+     &quot;message&quot;: &quot;Try to input the SQL program, maybe it will transmit the back-end capacitor!&quot;,
+     &quot;summary&quot;: &quot;We need to copy the 1080p OCR array!&quot;,
    },
    {
-     &quot;description&quot;: &quot;Try to compress the HDD program, maybe it will quantify the back-end system!&quot;,
-     &quot;message&quot;: &quot;If we bypass the bus, we can get to the SQL sensor through the multi-byte SSL sensor!&quot;,
-     &quot;summary&quot;: &quot;Use the optical ASCII hard drive, then you can copy the virtual interface!&quot;,
-   },
-   {
-     &quot;description&quot;: &quot;The XSS alarm is down, quantify the cross-platform firewall so we can synthesize the GB port!&quot;,
-     &quot;message&quot;: &quot;You can&apos;t override the bus without copying the auxiliary IB alarm!&quot;,
-     &quot;summary&quot;: &quot;Use the solid state SMS protocol, then you can program the back-end sensor!&quot;,
-   },
-   {
-     &quot;description&quot;: &quot;If we hack the sensor, we can get to the ASCII firewall through the neural JBOD driver!&quot;,
-     &quot;message&quot;: &quot;bypassing the microchip won&apos;t do anything, we need to transmit the optical SSL alarm!&quot;,
-     &quot;summary&quot;: &quot;Use the digital ASCII bandwidth, then you can override the redundant sensor!&quot;,
+     &quot;description&quot;: &quot;If we compress the bandwidth, we can get to the XSS circuit through the neural HDD array!&quot;,
+     &quot;message&quot;: &quot;Try to calculate the CLI capacitor, maybe it will transmit the 1080p transmitter!&quot;,
+     &quot;summary&quot;: &quot;If we navigate the protocol, we can get to the SQL port through the wireless IP interface!&quot;,
    },
  ]

 ❯ src/test-suite-12.spec.ts:21:20
            </failure>
        </testcase>
        <testcase classname="src/test-suite-12.spec.ts" name="&apos;Quality-focused interactive task-force&apos; &gt; &apos;I\&apos;ll parse the haptic AI array, that…&apos;" time="0.000059166">
        </testcase>
        <testcase classname="src/test-suite-12.spec.ts" name="&apos;Quality-focused interactive task-force&apos; &gt; &apos;Try to connect the OCR firewall, mayb…&apos;" time="0.000555">
            <failure message="expected [ { …(3) }, { …(3) }, { …(3) }, …(1) ] to deeply equal [ { …(3) }, { …(3) }, { …(3) }, …(1) ]" type="AssertionError">
AssertionError: expected [ { …(3) }, { …(3) }, { …(3) }, …(1) ] to deeply equal [ { …(3) }, { …(3) }, { …(3) }, …(1) ]

- Expected
+ Received

  [
    {
-     &quot;description&quot;: &quot;We need to bypass the online PCI array!&quot;,
-     &quot;message&quot;: &quot;The OCR system is down, quantify the redundant program so we can synthesize the PCI pixel!&quot;,
-     &quot;summary&quot;: &quot;If we back up the circuit, we can get to the DRAM pixel through the mobile JSON array!&quot;,
+     &quot;description&quot;: &quot;Use the wireless UDP card, then you can parse the primary feed!&quot;,
+     &quot;message&quot;: &quot;Try to hack the FTP bandwidth, maybe it will index the solid state port!&quot;,
+     &quot;summary&quot;: &quot;You can&apos;t reboot the protocol without calculating the mobile DRAM driver!&quot;,
    },
    {
-     &quot;description&quot;: &quot;Try to index the DNS panel, maybe it will bypass the open-source system!&quot;,
-     &quot;message&quot;: &quot;Use the open-source SMS transmitter, then you can generate the haptic sensor!&quot;,
-     &quot;summary&quot;: &quot;We need to navigate the bluetooth VGA panel!&quot;,
+     &quot;description&quot;: &quot;Try to bypass the TCP transmitter, maybe it will navigate the haptic pixel!&quot;,
+     &quot;message&quot;: &quot;backing up the sensor won&apos;t do anything, we need to hack the 1080p SMTP interface!&quot;,
+     &quot;summary&quot;: &quot;The PNG matrix is down, compress the digital system so we can parse the COM matrix!&quot;,
    },
    {
-     &quot;description&quot;: &quot;We need to reboot the wireless ADP program!&quot;,
-     &quot;message&quot;: &quot;If we calculate the firewall, we can get to the XSS system through the back-end UDP firewall!&quot;,
-     &quot;summary&quot;: &quot;The SQL application is down, connect the cross-platform protocol so we can connect the AI protocol!&quot;,
+     &quot;description&quot;: &quot;I&apos;ll reboot the mobile SQL microchip, that should panel the ASCII program!&quot;,
+     &quot;message&quot;: &quot;I&apos;ll input the cross-platform VGA driver, that should port the USB circuit!&quot;,
+     &quot;summary&quot;: &quot;You can&apos;t parse the transmitter without connecting the neural TCP circuit!&quot;,
    },
    {
-     &quot;description&quot;: &quot;backing up the monitor won&apos;t do anything, we need to connect the 1080p DNS capacitor!&quot;,
-     &quot;message&quot;: &quot;The JSON program is down, program the neural matrix so we can override the RSS monitor!&quot;,
-     &quot;summary&quot;: &quot;The HDD array is down, copy the neural program so we can quantify the ADP interface!&quot;,
+     &quot;description&quot;: &quot;The XSS application is down, compress the bluetooth sensor so we can compress the COM circuit!&quot;,
+     &quot;message&quot;: &quot;We need to bypass the bluetooth HEX panel!&quot;,
+     &quot;summary&quot;: &quot;I&apos;ll generate the optical SMS application, that should monitor the HTTP array!&quot;,
    },
  ]

 ❯ src/test-suite-12.spec.ts:21:20
            </failure>
        </testcase>
        <testcase classname="src/test-suite-12.spec.ts" name="&apos;Quality-focused interactive task-force&apos; &gt; &apos;The HEX interface is down, hack the o…&apos;" time="0.000077291">
        </testcase>
        <testcase classname="src/test-suite-12.spec.ts" name="&apos;Quality-focused interactive task-force&apos; &gt; &apos;You can\&apos;t input the array without ge…&apos;" time="0.000375041">
            <failure message="expected [ { …(3) }, { …(3) } ] to deeply equal [ { …(3) }, { …(3) }, { …(3) }, …(1) ]" type="AssertionError">
AssertionError: expected [ { …(3) }, { …(3) } ] to deeply equal [ { …(3) }, { …(3) }, { …(3) }, …(1) ]

- Expected
+ Received

  [
    {
-     &quot;description&quot;: &quot;Try to synthesize the HTTP matrix, maybe it will connect the wireless protocol!&quot;,
-     &quot;message&quot;: &quot;You can&apos;t index the bandwidth without backing up the back-end TLS bandwidth!&quot;,
-     &quot;summary&quot;: &quot;transmitting the protocol won&apos;t do anything, we need to bypass the optical HTTP port!&quot;,
+     &quot;description&quot;: &quot;I&apos;ll compress the primary TCP program, that should capacitor the COM matrix!&quot;,
+     &quot;message&quot;: &quot;Try to connect the IB bus, maybe it will compress the digital array!&quot;,
+     &quot;summary&quot;: &quot;If we override the driver, we can get to the IP interface through the multi-byte AI firewall!&quot;,
    },
    {
-     &quot;description&quot;: &quot;transmitting the application won&apos;t do anything, we need to compress the optical TLS panel!&quot;,
-     &quot;message&quot;: &quot;backing up the pixel won&apos;t do anything, we need to synthesize the primary ADP feed!&quot;,
-     &quot;summary&quot;: &quot;Try to program the SMTP alarm, maybe it will override the haptic program!&quot;,
-   },
-   {
-     &quot;description&quot;: &quot;I&apos;ll input the virtual SDD pixel, that should microchip the UTF8 pixel!&quot;,
-     &quot;message&quot;: &quot;Try to navigate the CSS circuit, maybe it will calculate the optical system!&quot;,
-     &quot;summary&quot;: &quot;You can&apos;t program the sensor without backing up the online PNG card!&quot;,
-   },
-   {
-     &quot;description&quot;: &quot;You can&apos;t parse the port without synthesizing the open-source HEX bus!&quot;,
-     &quot;message&quot;: &quot;The HDD alarm is down, compress the auxiliary program so we can override the DRAM capacitor!&quot;,
-     &quot;summary&quot;: &quot;Try to override the SAS protocol, maybe it will index the digital card!&quot;,
+     &quot;description&quot;: &quot;overriding the interface won&apos;t do anything, we need to bypass the cross-platform THX microchip!&quot;,
+     &quot;message&quot;: &quot;navigating the interface won&apos;t do anything, we need to hack the auxiliary UTF8 alarm!&quot;,
+     &quot;summary&quot;: &quot;If we input the firewall, we can get to the SCSI hard drive through the multi-byte COM card!&quot;,
    },
  ]

 ❯ src/test-suite-12.spec.ts:21:20
            </failure>
        </testcase>
        <testcase classname="src/test-suite-12.spec.ts" name="&apos;Quality-focused interactive task-force&apos; &gt; &apos;Use the redundant SSL system, then yo…&apos;" time="0.000078459">
        </testcase>
        <testcase classname="src/test-suite-12.spec.ts" name="&apos;Quality-focused interactive task-force&apos; &gt; &apos;Use the multi-byte HDD monitor, then …&apos;" time="0.000449166">
            <failure message="expected [ { …(3) }, { …(3) }, { …(3) }, …(1) ] to deeply equal [ { …(3) }, { …(3) }, { …(3) }, …(2) ]" type="AssertionError">
AssertionError: expected [ { …(3) }, { …(3) }, { …(3) }, …(1) ] to deeply equal [ { …(3) }, { …(3) }, { …(3) }, …(2) ]

- Expected
+ Received

  [
    {
-     &quot;description&quot;: &quot;The SDD program is down, transmit the 1080p panel so we can bypass the SCSI driver!&quot;,
-     &quot;message&quot;: &quot;Try to calculate the GB interface, maybe it will hack the open-source feed!&quot;,
-     &quot;summary&quot;: &quot;We need to connect the digital IP alarm!&quot;,
+     &quot;description&quot;: &quot;We need to override the multi-byte SSL firewall!&quot;,
+     &quot;message&quot;: &quot;Try to copy the TLS bus, maybe it will calculate the optical port!&quot;,
+     &quot;summary&quot;: &quot;The ASCII protocol is down, synthesize the multi-byte protocol so we can transmit the VGA application!&quot;,
    },
    {
-     &quot;description&quot;: &quot;The ASCII port is down, calculate the redundant port so we can copy the IP alarm!&quot;,
-     &quot;message&quot;: &quot;If we input the system, we can get to the FTP system through the virtual HDD application!&quot;,
-     &quot;summary&quot;: &quot;If we navigate the card, we can get to the SMS firewall through the bluetooth UDP array!&quot;,
-   },
-   {
-     &quot;description&quot;: &quot;I&apos;ll transmit the neural COM array, that should card the UTF8 protocol!&quot;,
-     &quot;message&quot;: &quot;Try to index the VGA hard drive, maybe it will generate the cross-platform circuit!&quot;,
-     &quot;summary&quot;: &quot;The SSD application is down, synthesize the wireless driver so we can index the OCR application!&quot;,
+     &quot;description&quot;: &quot;Use the cross-platform IB driver, then you can parse the optical driver!&quot;,
+     &quot;message&quot;: &quot;If we navigate the system, we can get to the RAM bus through the multi-byte SAS alarm!&quot;,
+     &quot;summary&quot;: &quot;Use the haptic SMTP panel, then you can navigate the optical card!&quot;,
    },
    {
-     &quot;description&quot;: &quot;Try to hack the IB capacitor, maybe it will hack the 1080p monitor!&quot;,
-     &quot;message&quot;: &quot;compressing the transmitter won&apos;t do anything, we need to input the primary HDD program!&quot;,
-     &quot;summary&quot;: &quot;The HTTP microchip is down, program the 1080p hard drive so we can hack the TLS protocol!&quot;,
+     &quot;description&quot;: &quot;I&apos;ll copy the virtual SDD program, that should application the USB capacitor!&quot;,
+     &quot;message&quot;: &quot;We need to calculate the haptic ASCII system!&quot;,
+     &quot;summary&quot;: &quot;quantifying the feed won&apos;t do anything, we need to program the bluetooth THX firewall!&quot;,
    },
    {
-     &quot;description&quot;: &quot;navigating the circuit won&apos;t do anything, we need to navigate the bluetooth SDD array!&quot;,
-     &quot;message&quot;: &quot;synthesizing the driver won&apos;t do anything, we need to transmit the cross-platform HEX system!&quot;,
-     &quot;summary&quot;: &quot;I&apos;ll back up the online HTTP alarm, that should bandwidth the EXE hard drive!&quot;,
+     &quot;description&quot;: &quot;We need to compress the multi-byte RSS feed!&quot;,
+     &quot;message&quot;: &quot;I&apos;ll transmit the virtual SCSI capacitor, that should monitor the HEX bus!&quot;,
+     &quot;summary&quot;: &quot;Try to bypass the FTP pixel, maybe it will compress the mobile pixel!&quot;,
    },
  ]

 ❯ src/test-suite-12.spec.ts:21:20
            </failure>
        </testcase>
        <testcase classname="src/test-suite-12.spec.ts" name="&apos;Quality-focused interactive task-force&apos; &gt; &apos;indexing the protocol won\&apos;t do anyth…&apos;" time="0.000065208">
        </testcase>
        <testcase classname="src/test-suite-12.spec.ts" name="&apos;Quality-focused interactive task-force&apos; &gt; &apos;You can\&apos;t copy the system without in…&apos;" time="0.0003775">
            <failure message="expected [ { …(3) }, { …(3) }, { …(3) }, …(1) ] to deeply equal [ { …(3) }, { …(3) } ]" type="AssertionError">
AssertionError: expected [ { …(3) }, { …(3) }, { …(3) }, …(1) ] to deeply equal [ { …(3) }, { …(3) } ]

- Expected
+ Received

  [
    {
-     &quot;description&quot;: &quot;Use the primary UDP circuit, then you can hack the digital array!&quot;,
-     &quot;message&quot;: &quot;parsing the driver won&apos;t do anything, we need to override the wireless XSS alarm!&quot;,
-     &quot;summary&quot;: &quot;We need to compress the mobile XSS panel!&quot;,
+     &quot;description&quot;: &quot;We need to input the solid state SQL panel!&quot;,
+     &quot;message&quot;: &quot;We need to program the haptic OCR feed!&quot;,
+     &quot;summary&quot;: &quot;Try to hack the IP system, maybe it will synthesize the redundant program!&quot;,
    },
    {
-     &quot;description&quot;: &quot;We need to bypass the neural TCP port!&quot;,
-     &quot;message&quot;: &quot;The ADP transmitter is down, quantify the multi-byte microchip so we can bypass the EXE alarm!&quot;,
-     &quot;summary&quot;: &quot;We need to index the neural XML interface!&quot;,
+     &quot;description&quot;: &quot;I&apos;ll override the optical COM interface, that should pixel the HDD microchip!&quot;,
+     &quot;message&quot;: &quot;Try to quantify the TLS card, maybe it will index the optical system!&quot;,
+     &quot;summary&quot;: &quot;Use the online OCR sensor, then you can back up the redundant matrix!&quot;,
+   },
+   {
+     &quot;description&quot;: &quot;calculating the pixel won&apos;t do anything, we need to compress the 1080p API driver!&quot;,
+     &quot;message&quot;: &quot;Try to synthesize the ASCII matrix, maybe it will parse the open-source alarm!&quot;,
+     &quot;summary&quot;: &quot;If we bypass the circuit, we can get to the GB panel through the redundant RSS hard drive!&quot;,
+   },
+   {
+     &quot;description&quot;: &quot;I&apos;ll synthesize the cross-platform ADP program, that should card the IB transmitter!&quot;,
+     &quot;message&quot;: &quot;navigating the driver won&apos;t do anything, we need to copy the cross-platform SSL transmitter!&quot;,
+     &quot;summary&quot;: &quot;We need to generate the redundant SAS capacitor!&quot;,
    },
  ]

 ❯ src/test-suite-12.spec.ts:21:20
            </failure>
        </testcase>
        <testcase classname="src/test-suite-12.spec.ts" name="&apos;Quality-focused interactive task-force&apos; &gt; &apos;I\&apos;ll compress the cross-platform FTP…&apos;" time="0.000062625">
        </testcase>
        <testcase classname="src/test-suite-12.spec.ts" name="&apos;Quality-focused interactive task-force&apos; &gt; &apos;Try to input the SDD feed, maybe it w…&apos;" time="0.000399417">
            <failure message="expected [ { …(3) }, { …(3) }, { …(3) }, …(2) ] to deeply equal [ { …(3) }, { …(3) }, { …(3) }, …(1) ]" type="AssertionError">
AssertionError: expected [ { …(3) }, { …(3) }, { …(3) }, …(2) ] to deeply equal [ { …(3) }, { …(3) }, { …(3) }, …(1) ]

- Expected
+ Received

  [
    {
-     &quot;description&quot;: &quot;If we input the sensor, we can get to the HEX hard drive through the open-source UTF8 circuit!&quot;,
-     &quot;message&quot;: &quot;The XSS interface is down, compress the neural matrix so we can quantify the XML monitor!&quot;,
-     &quot;summary&quot;: &quot;The JBOD capacitor is down, input the digital microchip so we can index the GB capacitor!&quot;,
+     &quot;description&quot;: &quot;We need to synthesize the virtual ADP application!&quot;,
+     &quot;message&quot;: &quot;I&apos;ll program the virtual ADP firewall, that should microchip the AI pixel!&quot;,
+     &quot;summary&quot;: &quot;I&apos;ll override the 1080p GB array, that should system the API firewall!&quot;,
    },
    {
-     &quot;description&quot;: &quot;backing up the hard drive won&apos;t do anything, we need to transmit the bluetooth XSS monitor!&quot;,
-     &quot;message&quot;: &quot;The EXE sensor is down, generate the redundant port so we can compress the HEX bandwidth!&quot;,
-     &quot;summary&quot;: &quot;You can&apos;t copy the array without navigating the haptic UTF8 microchip!&quot;,
+     &quot;description&quot;: &quot;If we quantify the array, we can get to the FTP firewall through the primary CSS port!&quot;,
+     &quot;message&quot;: &quot;The AI card is down, hack the open-source matrix so we can back up the USB monitor!&quot;,
+     &quot;summary&quot;: &quot;Use the bluetooth TCP microchip, then you can copy the digital alarm!&quot;,
+   },
+   {
+     &quot;description&quot;: &quot;I&apos;ll calculate the primary ASCII transmitter, that should panel the RSS driver!&quot;,
+     &quot;message&quot;: &quot;Try to transmit the GB alarm, maybe it will quantify the solid state matrix!&quot;,
+     &quot;summary&quot;: &quot;If we synthesize the hard drive, we can get to the SDD firewall through the virtual HEX program!&quot;,
    },
    {
-     &quot;description&quot;: &quot;We need to generate the digital TCP feed!&quot;,
-     &quot;message&quot;: &quot;Use the 1080p ADP driver, then you can generate the virtual port!&quot;,
-     &quot;summary&quot;: &quot;You can&apos;t program the array without overriding the 1080p SAS interface!&quot;,
+     &quot;description&quot;: &quot;The CSS microchip is down, bypass the back-end firewall so we can bypass the USB port!&quot;,
+     &quot;message&quot;: &quot;The SQL interface is down, program the virtual circuit so we can program the AGP matrix!&quot;,
+     &quot;summary&quot;: &quot;You can&apos;t index the program without navigating the cross-platform RSS monitor!&quot;,
    },
    {
-     &quot;description&quot;: &quot;If we navigate the monitor, we can get to the DRAM capacitor through the wireless RSS bus!&quot;,
-     &quot;message&quot;: &quot;We need to calculate the bluetooth TCP bandwidth!&quot;,
-     &quot;summary&quot;: &quot;Use the online SAS port, then you can reboot the solid state matrix!&quot;,
+     &quot;description&quot;: &quot;The SQL interface is down, navigate the neural circuit so we can back up the SDD panel!&quot;,
+     &quot;message&quot;: &quot;We need to navigate the neural UTF8 matrix!&quot;,
+     &quot;summary&quot;: &quot;You can&apos;t generate the firewall without parsing the cross-platform ASCII program!&quot;,
    },
  ]

 ❯ src/test-suite-12.spec.ts:21:20
            </failure>
        </testcase>
        <testcase classname="src/test-suite-12.spec.ts" name="&apos;Quality-focused interactive task-force&apos; &gt; &apos;You can\&apos;t quantify the bus without c…&apos;" time="0.000048084">
        </testcase>
        <testcase classname="src/test-suite-12.spec.ts" name="&apos;Quality-focused interactive task-force&apos; &gt; &apos;We need to program the virtual SMTP p…&apos;" time="0.00036375">
            <failure message="expected [ { …(3) }, { …(3) }, { …(3) } ] to deeply equal [ { …(3) }, { …(3) }, { …(3) }, …(1) ]" type="AssertionError">
AssertionError: expected [ { …(3) }, { …(3) }, { …(3) } ] to deeply equal [ { …(3) }, { …(3) }, { …(3) }, …(1) ]

- Expected
+ Received

  [
    {
-     &quot;description&quot;: &quot;If we navigate the array, we can get to the ADP array through the multi-byte IB pixel!&quot;,
-     &quot;message&quot;: &quot;Try to synthesize the SCSI firewall, maybe it will compress the wireless alarm!&quot;,
-     &quot;summary&quot;: &quot;I&apos;ll navigate the virtual SMTP alarm, that should array the SSL bus!&quot;,
-   },
-   {
-     &quot;description&quot;: &quot;You can&apos;t quantify the array without indexing the back-end AI matrix!&quot;,
-     &quot;message&quot;: &quot;Use the virtual SSL capacitor, then you can hack the online capacitor!&quot;,
-     &quot;summary&quot;: &quot;If we back up the program, we can get to the TLS microchip through the multi-byte THX monitor!&quot;,
+     &quot;description&quot;: &quot;Use the virtual THX application, then you can index the redundant panel!&quot;,
+     &quot;message&quot;: &quot;If we back up the hard drive, we can get to the UDP pixel through the online DRAM alarm!&quot;,
+     &quot;summary&quot;: &quot;Try to back up the OCR hard drive, maybe it will transmit the virtual transmitter!&quot;,
    },
    {
-     &quot;description&quot;: &quot;If we synthesize the array, we can get to the PNG microchip through the primary EXE application!&quot;,
-     &quot;message&quot;: &quot;If we program the feed, we can get to the SDD bus through the optical ASCII system!&quot;,
-     &quot;summary&quot;: &quot;I&apos;ll compress the wireless HEX feed, that should hard drive the DRAM alarm!&quot;,
+     &quot;description&quot;: &quot;Use the back-end IP matrix, then you can compress the solid state bandwidth!&quot;,
+     &quot;message&quot;: &quot;Try to navigate the SAS circuit, maybe it will bypass the open-source feed!&quot;,
+     &quot;summary&quot;: &quot;Try to generate the PCI application, maybe it will navigate the optical matrix!&quot;,
    },
    {
-     &quot;description&quot;: &quot;We need to copy the redundant JSON capacitor!&quot;,
-     &quot;message&quot;: &quot;I&apos;ll connect the multi-byte HDD transmitter, that should alarm the IB microchip!&quot;,
-     &quot;summary&quot;: &quot;Try to transmit the UDP hard drive, maybe it will connect the open-source system!&quot;,
+     &quot;description&quot;: &quot;I&apos;ll bypass the online SCSI protocol, that should alarm the JSON array!&quot;,
+     &quot;message&quot;: &quot;I&apos;ll index the bluetooth GB protocol, that should interface the HTTP bus!&quot;,
+     &quot;summary&quot;: &quot;The RSS driver is down, hack the back-end application so we can input the SSL pixel!&quot;,
    },
  ]

 ❯ src/test-suite-12.spec.ts:21:20
            </failure>
        </testcase>
        <testcase classname="src/test-suite-12.spec.ts" name="&apos;Quality-focused interactive task-force&apos; &gt; &apos;If we program the firewall, we can ge…&apos;" time="0.000117458">
        </testcase>
        <testcase classname="src/test-suite-12.spec.ts" name="&apos;Quality-focused interactive task-force&apos; &gt; &apos;We need to navigate the back-end IP c…&apos;" time="0.000374542">
            <failure message="expected [ { …(3) }, { …(3) }, { …(3) }, …(2) ] to deeply equal [ { …(3) }, { …(3) } ]" type="AssertionError">
AssertionError: expected [ { …(3) }, { …(3) }, { …(3) }, …(2) ] to deeply equal [ { …(3) }, { …(3) } ]

- Expected
+ Received

  [
    {
-     &quot;description&quot;: &quot;copying the protocol won&apos;t do anything, we need to parse the open-source UDP microchip!&quot;,
-     &quot;message&quot;: &quot;Try to navigate the EXE application, maybe it will override the redundant pixel!&quot;,
-     &quot;summary&quot;: &quot;You can&apos;t connect the bandwidth without overriding the digital AI hard drive!&quot;,
+     &quot;description&quot;: &quot;If we transmit the circuit, we can get to the SSD program through the solid state VGA transmitter!&quot;,
+     &quot;message&quot;: &quot;The SDD microchip is down, compress the auxiliary transmitter so we can parse the AI array!&quot;,
+     &quot;summary&quot;: &quot;If we copy the alarm, we can get to the SMS hard drive through the neural XML bandwidth!&quot;,
+   },
+   {
+     &quot;description&quot;: &quot;We need to back up the bluetooth CLI system!&quot;,
+     &quot;message&quot;: &quot;Use the bluetooth USB capacitor, then you can hack the multi-byte sensor!&quot;,
+     &quot;summary&quot;: &quot;Use the auxiliary AGP program, then you can back up the back-end pixel!&quot;,
+   },
+   {
+     &quot;description&quot;: &quot;If we program the microchip, we can get to the IB capacitor through the open-source API microchip!&quot;,
+     &quot;message&quot;: &quot;The ASCII program is down, quantify the digital capacitor so we can transmit the AI alarm!&quot;,
+     &quot;summary&quot;: &quot;You can&apos;t hack the system without overriding the haptic RAM circuit!&quot;,
+   },
+   {
+     &quot;description&quot;: &quot;If we calculate the alarm, we can get to the HDD alarm through the auxiliary HEX protocol!&quot;,
+     &quot;message&quot;: &quot;The JSON hard drive is down, back up the solid state bandwidth so we can back up the PNG array!&quot;,
+     &quot;summary&quot;: &quot;We need to override the open-source RSS interface!&quot;,
    },
    {
-     &quot;description&quot;: &quot;You can&apos;t program the interface without transmitting the online SCSI driver!&quot;,
-     &quot;message&quot;: &quot;Try to synthesize the RSS driver, maybe it will synthesize the solid state card!&quot;,
-     &quot;summary&quot;: &quot;We need to quantify the mobile API bandwidth!&quot;,
+     &quot;description&quot;: &quot;Try to connect the AGP bus, maybe it will parse the back-end capacitor!&quot;,
+     &quot;message&quot;: &quot;We need to generate the primary JSON driver!&quot;,
+     &quot;summary&quot;: &quot;You can&apos;t compress the capacitor without quantifying the auxiliary RSS matrix!&quot;,
    },
  ]

 ❯ src/test-suite-12.spec.ts:21:20
            </failure>
        </testcase>
        <testcase classname="src/test-suite-12.spec.ts" name="&apos;Quality-focused interactive task-force&apos; &gt; &apos;If we calculate the panel, we can get…&apos;" time="0.000060959">
        </testcase>
        <testcase classname="src/test-suite-12.spec.ts" name="&apos;Quality-focused interactive task-force&apos; &gt; &apos;We need to bypass the redundant SCSI …&apos;" time="0.000369625">
            <failure message="expected [ { …(3) }, { …(3) } ] to deeply equal [ { …(3) }, { …(3) }, { …(3) }, …(1) ]" type="AssertionError">
AssertionError: expected [ { …(3) }, { …(3) } ] to deeply equal [ { …(3) }, { …(3) }, { …(3) }, …(1) ]

- Expected
+ Received

  [
    {
-     &quot;description&quot;: &quot;Use the cross-platform TLS sensor, then you can calculate the primary circuit!&quot;,
-     &quot;message&quot;: &quot;I&apos;ll calculate the 1080p ADP driver, that should circuit the XML circuit!&quot;,
-     &quot;summary&quot;: &quot;Use the online TLS array, then you can synthesize the optical monitor!&quot;,
+     &quot;description&quot;: &quot;The COM hard drive is down, override the primary matrix so we can program the PNG alarm!&quot;,
+     &quot;message&quot;: &quot;The UDP bandwidth is down, program the bluetooth bandwidth so we can connect the RSS program!&quot;,
+     &quot;summary&quot;: &quot;Use the virtual SAS driver, then you can parse the 1080p circuit!&quot;,
    },
    {
-     &quot;description&quot;: &quot;If we navigate the pixel, we can get to the RSS matrix through the online AI circuit!&quot;,
-     &quot;message&quot;: &quot;You can&apos;t quantify the alarm without indexing the digital OCR interface!&quot;,
-     &quot;summary&quot;: &quot;The COM alarm is down, generate the open-source program so we can reboot the JBOD bus!&quot;,
-   },
-   {
-     &quot;description&quot;: &quot;If we generate the driver, we can get to the PNG microchip through the virtual SSD array!&quot;,
-     &quot;message&quot;: &quot;You can&apos;t copy the monitor without copying the back-end SSD feed!&quot;,
-     &quot;summary&quot;: &quot;copying the alarm won&apos;t do anything, we need to program the auxiliary TLS circuit!&quot;,
-   },
-   {
-     &quot;description&quot;: &quot;If we parse the driver, we can get to the UTF8 alarm through the auxiliary DRAM driver!&quot;,
-     &quot;message&quot;: &quot;If we reboot the array, we can get to the FTP interface through the optical XSS system!&quot;,
-     &quot;summary&quot;: &quot;You can&apos;t compress the capacitor without parsing the online AGP circuit!&quot;,
+     &quot;description&quot;: &quot;The IP protocol is down, quantify the bluetooth alarm so we can synthesize the CLI panel!&quot;,
+     &quot;message&quot;: &quot;synthesizing the pixel won&apos;t do anything, we need to back up the digital PNG alarm!&quot;,
+     &quot;summary&quot;: &quot;You can&apos;t generate the card without compressing the back-end SSL capacitor!&quot;,
    },
  ]

 ❯ src/test-suite-12.spec.ts:21:20
            </failure>
        </testcase>
        <testcase classname="src/test-suite-12.spec.ts" name="&apos;Quality-focused interactive task-force&apos; &gt; &apos;The HDD application is down, transmit…&apos;" time="0.000055084">
        </testcase>
        <testcase classname="src/test-suite-12.spec.ts" name="&apos;Quality-focused interactive task-force&apos; &gt; &apos;If we synthesize the card, we can get…&apos;" time="0.000340208">
            <failure message="expected [ { …(3) }, { …(3) }, { …(3) }, …(1) ] to deeply equal [ { …(3) }, { …(3) }, { …(3) } ]" type="AssertionError">
AssertionError: expected [ { …(3) }, { …(3) }, { …(3) }, …(1) ] to deeply equal [ { …(3) }, { …(3) }, { …(3) } ]

- Expected
+ Received

  [
    {
-     &quot;description&quot;: &quot;Try to index the UDP application, maybe it will input the auxiliary bus!&quot;,
-     &quot;message&quot;: &quot;Try to transmit the SMTP bus, maybe it will compress the primary program!&quot;,
-     &quot;summary&quot;: &quot;The UDP application is down, bypass the cross-platform driver so we can index the CLI microchip!&quot;,
+     &quot;description&quot;: &quot;If we hack the protocol, we can get to the XML bandwidth through the optical TCP system!&quot;,
+     &quot;message&quot;: &quot;calculating the bus won&apos;t do anything, we need to input the 1080p CLI pixel!&quot;,
+     &quot;summary&quot;: &quot;Try to generate the ADP capacitor, maybe it will quantify the primary program!&quot;,
+   },
+   {
+     &quot;description&quot;: &quot;You can&apos;t calculate the transmitter without indexing the haptic VGA sensor!&quot;,
+     &quot;message&quot;: &quot;I&apos;ll bypass the haptic SMTP bus, that should microchip the UDP microchip!&quot;,
+     &quot;summary&quot;: &quot;Try to index the PCI interface, maybe it will bypass the virtual hard drive!&quot;,
    },
    {
-     &quot;description&quot;: &quot;We need to override the wireless DRAM program!&quot;,
-     &quot;message&quot;: &quot;generating the card won&apos;t do anything, we need to bypass the back-end EXE monitor!&quot;,
-     &quot;summary&quot;: &quot;You can&apos;t input the pixel without hacking the haptic JBOD protocol!&quot;,
+     &quot;description&quot;: &quot;We need to program the virtual XML bus!&quot;,
+     &quot;message&quot;: &quot;If we hack the matrix, we can get to the IB circuit through the 1080p THX driver!&quot;,
+     &quot;summary&quot;: &quot;You can&apos;t synthesize the circuit without bypassing the primary ASCII card!&quot;,
    },
    {
-     &quot;description&quot;: &quot;We need to parse the open-source EXE bandwidth!&quot;,
-     &quot;message&quot;: &quot;Use the multi-byte CSS panel, then you can override the wireless card!&quot;,
-     &quot;summary&quot;: &quot;You can&apos;t back up the monitor without synthesizing the digital SSL protocol!&quot;,
+     &quot;description&quot;: &quot;The SMS monitor is down, index the back-end sensor so we can quantify the CSS hard drive!&quot;,
+     &quot;message&quot;: &quot;The XML pixel is down, override the haptic monitor so we can input the IP program!&quot;,
+     &quot;summary&quot;: &quot;If we generate the driver, we can get to the API alarm through the solid state SAS monitor!&quot;,
    },
  ]

 ❯ src/test-suite-12.spec.ts:21:20
            </failure>
        </testcase>
        <testcase classname="src/test-suite-12.spec.ts" name="&apos;Quality-focused interactive task-force&apos; &gt; &apos;You can\&apos;t quantify the program witho…&apos;" time="0.000055917">
        </testcase>
        <testcase classname="src/test-suite-12.spec.ts" name="&apos;Quality-focused interactive task-force&apos; &gt; &apos;navigating the system won\&apos;t do anyth…&apos;" time="0.000260708">
            <failure message="expected [ { …(3) }, { …(3) } ] to deeply equal [ { …(3) }, { …(3) } ]" type="AssertionError">
AssertionError: expected [ { …(3) }, { …(3) } ] to deeply equal [ { …(3) }, { …(3) } ]

- Expected
+ Received

  [
    {
-     &quot;description&quot;: &quot;backing up the pixel won&apos;t do anything, we need to navigate the digital SDD monitor!&quot;,
-     &quot;message&quot;: &quot;We need to input the cross-platform JBOD transmitter!&quot;,
-     &quot;summary&quot;: &quot;If we transmit the alarm, we can get to the OCR hard drive through the mobile SQL hard drive!&quot;,
+     &quot;description&quot;: &quot;Use the open-source SMS sensor, then you can generate the auxiliary circuit!&quot;,
+     &quot;message&quot;: &quot;The JBOD array is down, index the 1080p feed so we can program the UTF8 capacitor!&quot;,
+     &quot;summary&quot;: &quot;Use the 1080p VGA driver, then you can parse the mobile feed!&quot;,
    },
    {
-     &quot;description&quot;: &quot;Try to generate the DNS monitor, maybe it will generate the primary monitor!&quot;,
-     &quot;message&quot;: &quot;The COM capacitor is down, program the digital system so we can connect the SDD alarm!&quot;,
-     &quot;summary&quot;: &quot;Try to back up the ASCII driver, maybe it will synthesize the wireless sensor!&quot;,
+     &quot;description&quot;: &quot;Use the wireless XSS panel, then you can transmit the cross-platform bandwidth!&quot;,
+     &quot;message&quot;: &quot;The HDD monitor is down, connect the cross-platform system so we can index the ASCII array!&quot;,
+     &quot;summary&quot;: &quot;You can&apos;t override the card without generating the primary COM hard drive!&quot;,
    },
  ]

 ❯ src/test-suite-12.spec.ts:21:20
            </failure>
        </testcase>
        <testcase classname="src/test-suite-12.spec.ts" name="&apos;Quality-focused interactive task-force&apos; &gt; &apos;If we index the matrix, we can get to…&apos;" time="0.000049958">
        </testcase>
        <testcase classname="src/test-suite-12.spec.ts" name="&apos;Quality-focused interactive task-force&apos; &gt; &apos;You can\&apos;t calculate the capacitor wi…&apos;" time="0.000322459">
            <failure message="expected [ { …(3) }, { …(3) }, { …(3) } ] to deeply equal [ { …(3) }, { …(3) }, { …(3) } ]" type="AssertionError">
AssertionError: expected [ { …(3) }, { …(3) }, { …(3) } ] to deeply equal [ { …(3) }, { …(3) }, { …(3) } ]

- Expected
+ Received

  [
    {
-     &quot;description&quot;: &quot;The SAS driver is down, program the digital interface so we can program the SMTP card!&quot;,
-     &quot;message&quot;: &quot;Use the redundant XML hard drive, then you can transmit the cross-platform feed!&quot;,
-     &quot;summary&quot;: &quot;Try to connect the RAM firewall, maybe it will compress the redundant hard drive!&quot;,
+     &quot;description&quot;: &quot;I&apos;ll synthesize the multi-byte XSS driver, that should matrix the DRAM transmitter!&quot;,
+     &quot;message&quot;: &quot;If we bypass the program, we can get to the VGA port through the primary GB alarm!&quot;,
+     &quot;summary&quot;: &quot;Use the primary JBOD protocol, then you can override the bluetooth bandwidth!&quot;,
    },
    {
-     &quot;description&quot;: &quot;You can&apos;t navigate the driver without bypassing the digital SAS microchip!&quot;,
-     &quot;message&quot;: &quot;We need to generate the digital CLI firewall!&quot;,
-     &quot;summary&quot;: &quot;The USB system is down, quantify the redundant circuit so we can parse the FTP alarm!&quot;,
+     &quot;description&quot;: &quot;If we bypass the bus, we can get to the RAM matrix through the digital SAS pixel!&quot;,
+     &quot;message&quot;: &quot;calculating the feed won&apos;t do anything, we need to compress the auxiliary XML protocol!&quot;,
+     &quot;summary&quot;: &quot;If we copy the transmitter, we can get to the CLI card through the online UDP bus!&quot;,
    },
    {
-     &quot;description&quot;: &quot;Try to transmit the CLI sensor, maybe it will parse the neural system!&quot;,
-     &quot;message&quot;: &quot;We need to reboot the haptic AI hard drive!&quot;,
-     &quot;summary&quot;: &quot;I&apos;ll quantify the primary PNG hard drive, that should interface the ASCII sensor!&quot;,
+     &quot;description&quot;: &quot;I&apos;ll override the optical JBOD bandwidth, that should circuit the ADP port!&quot;,
+     &quot;message&quot;: &quot;We need to parse the multi-byte UDP transmitter!&quot;,
+     &quot;summary&quot;: &quot;Use the redundant SMTP interface, then you can calculate the multi-byte alarm!&quot;,
    },
  ]

 ❯ src/test-suite-12.spec.ts:21:20
            </failure>
        </testcase>
        <testcase classname="src/test-suite-12.spec.ts" name="&apos;Quality-focused interactive task-force&apos; &gt; &apos;You can\&apos;t reboot the system without …&apos;" time="0.000052375">
        </testcase>
        <testcase classname="src/test-suite-12.spec.ts" name="&apos;Quality-focused interactive task-force&apos; &gt; &apos;Use the virtual JBOD bus, then you ca…&apos;" time="0.000408334">
            <failure message="expected [ { …(3) }, { …(3) }, { …(3) }, …(2) ] to deeply equal [ { …(3) }, { …(3) }, { …(3) }, …(1) ]" type="AssertionError">
AssertionError: expected [ { …(3) }, { …(3) }, { …(3) }, …(2) ] to deeply equal [ { …(3) }, { …(3) }, { …(3) }, …(1) ]

- Expected
+ Received

  [
    {
-     &quot;description&quot;: &quot;Use the mobile AGP bandwidth, then you can bypass the neural hard drive!&quot;,
-     &quot;message&quot;: &quot;The SQL driver is down, bypass the solid state protocol so we can calculate the SMS bandwidth!&quot;,
-     &quot;summary&quot;: &quot;connecting the port won&apos;t do anything, we need to generate the multi-byte GB feed!&quot;,
+     &quot;description&quot;: &quot;I&apos;ll override the online RAM bandwidth, that should bandwidth the DNS application!&quot;,
+     &quot;message&quot;: &quot;If we transmit the firewall, we can get to the CLI hard drive through the haptic PNG card!&quot;,
+     &quot;summary&quot;: &quot;connecting the firewall won&apos;t do anything, we need to navigate the back-end IB microchip!&quot;,
    },
    {
-     &quot;description&quot;: &quot;We need to index the redundant HEX microchip!&quot;,
-     &quot;message&quot;: &quot;Use the open-source COM array, then you can parse the solid state system!&quot;,
-     &quot;summary&quot;: &quot;You can&apos;t transmit the driver without copying the optical SMS hard drive!&quot;,
+     &quot;description&quot;: &quot;compressing the array won&apos;t do anything, we need to transmit the mobile SSD driver!&quot;,
+     &quot;message&quot;: &quot;Use the neural CSS pixel, then you can connect the auxiliary transmitter!&quot;,
+     &quot;summary&quot;: &quot;I&apos;ll reboot the neural PCI bandwidth, that should feed the ADP hard drive!&quot;,
+   },
+   {
+     &quot;description&quot;: &quot;If we transmit the feed, we can get to the THX pixel through the redundant SSD firewall!&quot;,
+     &quot;message&quot;: &quot;If we bypass the port, we can get to the SSD pixel through the wireless JSON card!&quot;,
+     &quot;summary&quot;: &quot;Use the digital UDP bandwidth, then you can copy the back-end monitor!&quot;,
    },
    {
-     &quot;description&quot;: &quot;connecting the bandwidth won&apos;t do anything, we need to input the open-source AGP monitor!&quot;,
-     &quot;message&quot;: &quot;I&apos;ll hack the open-source ADP interface, that should circuit the THX interface!&quot;,
-     &quot;summary&quot;: &quot;Use the bluetooth HTTP alarm, then you can synthesize the multi-byte card!&quot;,
+     &quot;description&quot;: &quot;Try to program the XML monitor, maybe it will connect the auxiliary interface!&quot;,
+     &quot;message&quot;: &quot;Try to parse the JBOD array, maybe it will parse the digital port!&quot;,
+     &quot;summary&quot;: &quot;Use the primary DRAM bandwidth, then you can navigate the redundant application!&quot;,
    },
    {
-     &quot;description&quot;: &quot;Try to program the XSS card, maybe it will hack the virtual matrix!&quot;,
-     &quot;message&quot;: &quot;Try to index the AI system, maybe it will quantify the mobile capacitor!&quot;,
-     &quot;summary&quot;: &quot;We need to input the back-end AI hard drive!&quot;,
+     &quot;description&quot;: &quot;If we generate the sensor, we can get to the SDD port through the wireless THX matrix!&quot;,
+     &quot;message&quot;: &quot;Use the cross-platform AGP transmitter, then you can bypass the primary capacitor!&quot;,
+     &quot;summary&quot;: &quot;connecting the driver won&apos;t do anything, we need to generate the haptic RSS port!&quot;,
    },
  ]

 ❯ src/test-suite-12.spec.ts:21:20
            </failure>
        </testcase>
        <testcase classname="src/test-suite-12.spec.ts" name="&apos;Quality-focused interactive task-force&apos; &gt; &apos;Use the optical HTTP array, then you …&apos;" time="0.000045">
        </testcase>
        <testcase classname="src/test-suite-12.spec.ts" name="&apos;Quality-focused interactive task-force&apos; &gt; &apos;If we back up the firewall, we can ge…&apos;" time="0.000439166">
            <failure message="expected [ { …(3) }, { …(3) }, { …(3) }, …(2) ] to deeply equal [ { …(3) }, { …(3) }, { …(3) }, …(2) ]" type="AssertionError">
AssertionError: expected [ { …(3) }, { …(3) }, { …(3) }, …(2) ] to deeply equal [ { …(3) }, { …(3) }, { …(3) }, …(2) ]

- Expected
+ Received

  [
    {
-     &quot;description&quot;: &quot;compressing the array won&apos;t do anything, we need to generate the cross-platform UDP array!&quot;,
-     &quot;message&quot;: &quot;If we back up the pixel, we can get to the PNG hard drive through the bluetooth SSL application!&quot;,
-     &quot;summary&quot;: &quot;Try to override the ADP array, maybe it will compress the digital transmitter!&quot;,
+     &quot;description&quot;: &quot;navigating the application won&apos;t do anything, we need to back up the cross-platform ASCII firewall!&quot;,
+     &quot;message&quot;: &quot;We need to synthesize the wireless DRAM monitor!&quot;,
+     &quot;summary&quot;: &quot;Try to compress the API feed, maybe it will compress the back-end pixel!&quot;,
    },
    {
-     &quot;description&quot;: &quot;I&apos;ll quantify the mobile GB alarm, that should port the RAM bandwidth!&quot;,
-     &quot;message&quot;: &quot;Try to index the SSD hard drive, maybe it will synthesize the bluetooth matrix!&quot;,
-     &quot;summary&quot;: &quot;quantifying the pixel won&apos;t do anything, we need to connect the solid state SSD interface!&quot;,
+     &quot;description&quot;: &quot;parsing the sensor won&apos;t do anything, we need to connect the back-end AI circuit!&quot;,
+     &quot;message&quot;: &quot;If we parse the alarm, we can get to the EXE capacitor through the open-source HTTP hard drive!&quot;,
+     &quot;summary&quot;: &quot;Use the wireless UTF8 feed, then you can index the multi-byte feed!&quot;,
    },
    {
-     &quot;description&quot;: &quot;Try to reboot the HEX interface, maybe it will copy the open-source pixel!&quot;,
-     &quot;message&quot;: &quot;Try to generate the DNS alarm, maybe it will parse the 1080p alarm!&quot;,
-     &quot;summary&quot;: &quot;I&apos;ll index the mobile JSON panel, that should pixel the ASCII interface!&quot;,
+     &quot;description&quot;: &quot;The ADP panel is down, override the optical matrix so we can bypass the PNG capacitor!&quot;,
+     &quot;message&quot;: &quot;We need to back up the neural JBOD circuit!&quot;,
+     &quot;summary&quot;: &quot;If we connect the alarm, we can get to the IP feed through the mobile SAS application!&quot;,
    },
    {
-     &quot;description&quot;: &quot;The SDD port is down, back up the cross-platform application so we can copy the JBOD alarm!&quot;,
-     &quot;message&quot;: &quot;transmitting the card won&apos;t do anything, we need to parse the bluetooth SAS transmitter!&quot;,
-     &quot;summary&quot;: &quot;If we copy the microchip, we can get to the XSS bus through the digital EXE monitor!&quot;,
+     &quot;description&quot;: &quot;I&apos;ll connect the neural SCSI array, that should alarm the CSS alarm!&quot;,
+     &quot;message&quot;: &quot;I&apos;ll compress the solid state EXE sensor, that should capacitor the AGP interface!&quot;,
+     &quot;summary&quot;: &quot;If we bypass the application, we can get to the API firewall through the 1080p CLI driver!&quot;,
    },
    {
-     &quot;description&quot;: &quot;I&apos;ll hack the 1080p ASCII firewall, that should monitor the TCP firewall!&quot;,
-     &quot;message&quot;: &quot;We need to bypass the auxiliary API sensor!&quot;,
-     &quot;summary&quot;: &quot;The GB monitor is down, generate the wireless interface so we can compress the DRAM port!&quot;,
+     &quot;description&quot;: &quot;Use the solid state XSS application, then you can index the online monitor!&quot;,
+     &quot;message&quot;: &quot;I&apos;ll calculate the primary JSON sensor, that should bus the IB pixel!&quot;,
+     &quot;summary&quot;: &quot;Try to transmit the PCI transmitter, maybe it will generate the wireless capacitor!&quot;,
    },
  ]

 ❯ src/test-suite-12.spec.ts:21:20
            </failure>
        </testcase>
        <testcase classname="src/test-suite-12.spec.ts" name="&apos;Quality-focused interactive task-force&apos; &gt; &apos;We need to compress the bluetooth SSD…&apos;" time="0.000056625">
        </testcase>
        <testcase classname="src/test-suite-12.spec.ts" name="&apos;Quality-focused interactive task-force&apos; &gt; &apos;If we connect the panel, we can get t…&apos;" time="0.000646375">
            <failure message="expected [ { …(3) }, { …(3) }, { …(3) }, …(1) ] to deeply equal [ { …(3) }, { …(3) }, { …(3) }, …(2) ]" type="AssertionError">
AssertionError: expected [ { …(3) }, { …(3) }, { …(3) }, …(1) ] to deeply equal [ { …(3) }, { …(3) }, { …(3) }, …(2) ]

- Expected
+ Received

  [
    {
-     &quot;description&quot;: &quot;If we connect the driver, we can get to the HDD program through the bluetooth OCR alarm!&quot;,
-     &quot;message&quot;: &quot;calculating the matrix won&apos;t do anything, we need to program the redundant HTTP driver!&quot;,
-     &quot;summary&quot;: &quot;I&apos;ll generate the primary AGP protocol, that should driver the SMS card!&quot;,
+     &quot;description&quot;: &quot;Try to transmit the RAM sensor, maybe it will back up the online transmitter!&quot;,
+     &quot;message&quot;: &quot;I&apos;ll input the open-source SMS hard drive, that should panel the JSON pixel!&quot;,
+     &quot;summary&quot;: &quot;You can&apos;t back up the port without quantifying the wireless VGA feed!&quot;,
    },
    {
-     &quot;description&quot;: &quot;We need to calculate the wireless UDP pixel!&quot;,
-     &quot;message&quot;: &quot;You can&apos;t compress the bandwidth without overriding the virtual XML program!&quot;,
-     &quot;summary&quot;: &quot;If we generate the bandwidth, we can get to the JSON card through the multi-byte SSL driver!&quot;,
-   },
-   {
-     &quot;description&quot;: &quot;We need to hack the digital UTF8 array!&quot;,
-     &quot;message&quot;: &quot;I&apos;ll synthesize the optical TLS transmitter, that should panel the HDD array!&quot;,
-     &quot;summary&quot;: &quot;Use the redundant SQL driver, then you can calculate the digital hard drive!&quot;,
+     &quot;description&quot;: &quot;The XML application is down, override the online sensor so we can parse the TLS circuit!&quot;,
+     &quot;message&quot;: &quot;The CSS port is down, reboot the solid state hard drive so we can hack the SMTP bandwidth!&quot;,
+     &quot;summary&quot;: &quot;generating the sensor won&apos;t do anything, we need to parse the neural XML alarm!&quot;,
    },
    {
-     &quot;description&quot;: &quot;Try to override the OCR feed, maybe it will override the digital transmitter!&quot;,
-     &quot;message&quot;: &quot;Use the back-end VGA circuit, then you can input the multi-byte array!&quot;,
-     &quot;summary&quot;: &quot;Use the cross-platform AI matrix, then you can copy the bluetooth driver!&quot;,
+     &quot;description&quot;: &quot;If we compress the feed, we can get to the TCP microchip through the virtual SMTP interface!&quot;,
+     &quot;message&quot;: &quot;I&apos;ll quantify the back-end SCSI alarm, that should interface the AGP panel!&quot;,
+     &quot;summary&quot;: &quot;You can&apos;t compress the hard drive without bypassing the cross-platform JSON card!&quot;,
    },
    {
-     &quot;description&quot;: &quot;You can&apos;t synthesize the array without parsing the primary USB capacitor!&quot;,
-     &quot;message&quot;: &quot;Use the redundant RSS feed, then you can parse the mobile sensor!&quot;,
-     &quot;summary&quot;: &quot;If we calculate the hard drive, we can get to the SSL hard drive through the primary OCR panel!&quot;,
+     &quot;description&quot;: &quot;If we transmit the port, we can get to the SAS card through the online AGP interface!&quot;,
+     &quot;message&quot;: &quot;I&apos;ll compress the 1080p OCR array, that should pixel the DNS panel!&quot;,
+     &quot;summary&quot;: &quot;Try to back up the JBOD capacitor, maybe it will generate the bluetooth application!&quot;,
    },
  ]

 ❯ src/test-suite-12.spec.ts:21:20
            </failure>
        </testcase>
        <testcase classname="src/test-suite-12.spec.ts" name="&apos;Quality-focused interactive task-force&apos; &gt; &apos;Try to input the JSON interface, mayb…&apos;" time="0.000090042">
        </testcase>
        <testcase classname="src/test-suite-12.spec.ts" name="&apos;Quality-focused interactive task-force&apos; &gt; &apos;Try to parse the ADP card, maybe it w…&apos;" time="0.000301041">
            <failure message="expected [ { …(3) }, { …(3) } ] to deeply equal [ { …(3) }, { …(3) }, { …(3) } ]" type="AssertionError">
AssertionError: expected [ { …(3) }, { …(3) } ] to deeply equal [ { …(3) }, { …(3) }, { …(3) } ]

- Expected
+ Received

  [
    {
-     &quot;description&quot;: &quot;You can&apos;t connect the pixel without hacking the auxiliary ASCII monitor!&quot;,
-     &quot;message&quot;: &quot;You can&apos;t calculate the protocol without hacking the back-end OCR monitor!&quot;,
-     &quot;summary&quot;: &quot;We need to override the digital EXE feed!&quot;,
-   },
-   {
-     &quot;description&quot;: &quot;synthesizing the circuit won&apos;t do anything, we need to input the multi-byte IP array!&quot;,
-     &quot;message&quot;: &quot;You can&apos;t connect the program without transmitting the optical JSON capacitor!&quot;,
-     &quot;summary&quot;: &quot;If we override the interface, we can get to the CLI microchip through the cross-platform TLS application!&quot;,
+     &quot;description&quot;: &quot;The HEX alarm is down, reboot the digital alarm so we can reboot the VGA panel!&quot;,
+     &quot;message&quot;: &quot;You can&apos;t index the monitor without compressing the online VGA circuit!&quot;,
+     &quot;summary&quot;: &quot;You can&apos;t parse the panel without parsing the neural DNS alarm!&quot;,
    },
    {
-     &quot;description&quot;: &quot;The DNS firewall is down, input the open-source pixel so we can navigate the PNG circuit!&quot;,
-     &quot;message&quot;: &quot;I&apos;ll back up the solid state FTP microchip, that should system the USB sensor!&quot;,
-     &quot;summary&quot;: &quot;If we copy the sensor, we can get to the SAS capacitor through the multi-byte HDD bandwidth!&quot;,
+     &quot;description&quot;: &quot;Try to compress the JBOD monitor, maybe it will index the virtual port!&quot;,
+     &quot;message&quot;: &quot;Use the bluetooth CSS bus, then you can calculate the open-source bandwidth!&quot;,
+     &quot;summary&quot;: &quot;Use the wireless PCI driver, then you can input the haptic system!&quot;,
    },
  ]

 ❯ src/test-suite-12.spec.ts:21:20
            </failure>
        </testcase>
        <testcase classname="src/test-suite-12.spec.ts" name="&apos;Quality-focused interactive task-force&apos; &gt; &apos;I\&apos;ll index the back-end ADP capacito…&apos;" time="0.000071208">
        </testcase>
        <testcase classname="src/test-suite-12.spec.ts" name="&apos;Quality-focused interactive task-force&apos; &gt; &apos;We need to connect the redundant USB …&apos;" time="0.000371333">
            <failure message="expected [ { …(3) }, { …(3) }, { …(3) }, …(1) ] to deeply equal [ { …(3) }, { …(3) }, { …(3) }, …(1) ]" type="AssertionError">
AssertionError: expected [ { …(3) }, { …(3) }, { …(3) }, …(1) ] to deeply equal [ { …(3) }, { …(3) }, { …(3) }, …(1) ]

- Expected
+ Received

  [
    {
-     &quot;description&quot;: &quot;You can&apos;t back up the hard drive without hacking the wireless IP interface!&quot;,
-     &quot;message&quot;: &quot;We need to input the digital TLS system!&quot;,
-     &quot;summary&quot;: &quot;We need to quantify the cross-platform SSD circuit!&quot;,
+     &quot;description&quot;: &quot;Try to navigate the THX alarm, maybe it will generate the optical matrix!&quot;,
+     &quot;message&quot;: &quot;If we parse the driver, we can get to the SMTP matrix through the 1080p AGP bandwidth!&quot;,
+     &quot;summary&quot;: &quot;If we back up the feed, we can get to the RAM bus through the solid state USB feed!&quot;,
    },
    {
-     &quot;description&quot;: &quot;Try to navigate the THX alarm, maybe it will reboot the online bus!&quot;,
-     &quot;message&quot;: &quot;The XML bus is down, index the optical bandwidth so we can index the GB sensor!&quot;,
-     &quot;summary&quot;: &quot;I&apos;ll input the primary XSS bus, that should sensor the DNS driver!&quot;,
+     &quot;description&quot;: &quot;I&apos;ll override the virtual EXE array, that should port the AGP pixel!&quot;,
+     &quot;message&quot;: &quot;transmitting the card won&apos;t do anything, we need to copy the redundant JBOD protocol!&quot;,
+     &quot;summary&quot;: &quot;We need to program the online GB microchip!&quot;,
    },
    {
-     &quot;description&quot;: &quot;The SMTP firewall is down, transmit the neural system so we can copy the TLS program!&quot;,
-     &quot;message&quot;: &quot;You can&apos;t synthesize the bandwidth without overriding the 1080p JBOD transmitter!&quot;,
-     &quot;summary&quot;: &quot;You can&apos;t override the alarm without compressing the redundant DRAM application!&quot;,
+     &quot;description&quot;: &quot;If we hack the interface, we can get to the USB array through the 1080p EXE bandwidth!&quot;,
+     &quot;message&quot;: &quot;Use the 1080p XSS array, then you can quantify the bluetooth alarm!&quot;,
+     &quot;summary&quot;: &quot;Try to copy the XSS bandwidth, maybe it will input the open-source sensor!&quot;,
    },
    {
-     &quot;description&quot;: &quot;I&apos;ll hack the open-source SMTP bus, that should monitor the COM matrix!&quot;,
-     &quot;message&quot;: &quot;The RAM array is down, back up the digital pixel so we can navigate the PNG bandwidth!&quot;,
-     &quot;summary&quot;: &quot;If we back up the hard drive, we can get to the PNG pixel through the redundant UTF8 monitor!&quot;,
+     &quot;description&quot;: &quot;indexing the bandwidth won&apos;t do anything, we need to parse the open-source THX microchip!&quot;,
+     &quot;message&quot;: &quot;The ASCII transmitter is down, back up the 1080p panel so we can compress the IP bandwidth!&quot;,
+     &quot;summary&quot;: &quot;synthesizing the alarm won&apos;t do anything, we need to input the 1080p FTP card!&quot;,
    },
  ]

 ❯ src/test-suite-12.spec.ts:21:20
            </failure>
        </testcase>
        <testcase classname="src/test-suite-12.spec.ts" name="&apos;Quality-focused interactive task-force&apos; &gt; &apos;I\&apos;ll override the back-end DNS feed,…&apos;" time="0.000073">
        </testcase>
        <testcase classname="src/test-suite-12.spec.ts" name="&apos;Quality-focused interactive task-force&apos; &gt; &apos;If we reboot the application, we can …&apos;" time="0.000343791">
            <failure message="expected [ { …(3) }, { …(3) }, { …(3) }, …(2) ] to deeply equal [ { …(3) }, { …(3) } ]" type="AssertionError">
AssertionError: expected [ { …(3) }, { …(3) }, { …(3) }, …(2) ] to deeply equal [ { …(3) }, { …(3) } ]

- Expected
+ Received

  [
    {
-     &quot;description&quot;: &quot;The ASCII application is down, reboot the online bus so we can hack the RSS transmitter!&quot;,
-     &quot;message&quot;: &quot;copying the card won&apos;t do anything, we need to calculate the neural TLS program!&quot;,
-     &quot;summary&quot;: &quot;You can&apos;t input the circuit without navigating the wireless XML sensor!&quot;,
+     &quot;description&quot;: &quot;I&apos;ll hack the cross-platform PNG monitor, that should sensor the CSS feed!&quot;,
+     &quot;message&quot;: &quot;We need to hack the auxiliary SCSI application!&quot;,
+     &quot;summary&quot;: &quot;The FTP hard drive is down, transmit the back-end application so we can back up the PNG protocol!&quot;,
+   },
+   {
+     &quot;description&quot;: &quot;If we transmit the program, we can get to the SSL monitor through the 1080p ASCII monitor!&quot;,
+     &quot;message&quot;: &quot;Try to input the HTTP firewall, maybe it will program the bluetooth interface!&quot;,
+     &quot;summary&quot;: &quot;bypassing the transmitter won&apos;t do anything, we need to hack the mobile ASCII system!&quot;,
+   },
+   {
+     &quot;description&quot;: &quot;connecting the system won&apos;t do anything, we need to compress the neural SMS array!&quot;,
+     &quot;message&quot;: &quot;synthesizing the circuit won&apos;t do anything, we need to parse the neural CLI panel!&quot;,
+     &quot;summary&quot;: &quot;We need to calculate the online ASCII circuit!&quot;,
+   },
+   {
+     &quot;description&quot;: &quot;Try to quantify the SAS application, maybe it will synthesize the primary program!&quot;,
+     &quot;message&quot;: &quot;indexing the system won&apos;t do anything, we need to program the digital DRAM bus!&quot;,
+     &quot;summary&quot;: &quot;Use the auxiliary CSS driver, then you can quantify the cross-platform feed!&quot;,
    },
    {
-     &quot;description&quot;: &quot;I&apos;ll override the back-end CLI bus, that should application the SQL bus!&quot;,
-     &quot;message&quot;: &quot;Try to compress the JSON hard drive, maybe it will input the primary bus!&quot;,
-     &quot;summary&quot;: &quot;If we hack the alarm, we can get to the USB panel through the redundant TLS hard drive!&quot;,
+     &quot;description&quot;: &quot;I&apos;ll bypass the multi-byte IB card, that should driver the PNG panel!&quot;,
+     &quot;message&quot;: &quot;If we quantify the monitor, we can get to the SDD application through the neural AGP circuit!&quot;,
+     &quot;summary&quot;: &quot;If we override the application, we can get to the CSS firewall through the digital HDD sensor!&quot;,
    },
  ]

 ❯ src/test-suite-12.spec.ts:21:20
            </failure>
        </testcase>
        <testcase classname="src/test-suite-12.spec.ts" name="&apos;Decentralized system-worthy hierarchy&apos; &gt; &apos;The COM bandwidth is down, bypass the…&apos;" time="0.000332542">
            <failure message="expected [ { …(3) }, { …(3) }, { …(3) }, …(1) ] to deeply equal [ { …(3) }, { …(3) }, { …(3) } ]" type="AssertionError">
AssertionError: expected [ { …(3) }, { …(3) }, { …(3) }, …(1) ] to deeply equal [ { …(3) }, { …(3) }, { …(3) } ]

- Expected
+ Received

  [
    {
-     &quot;description&quot;: &quot;We need to override the mobile IB monitor!&quot;,
-     &quot;message&quot;: &quot;If we bypass the transmitter, we can get to the CSS system through the open-source SCSI matrix!&quot;,
-     &quot;summary&quot;: &quot;Use the auxiliary VGA interface, then you can input the redundant port!&quot;,
+     &quot;description&quot;: &quot;The SMS monitor is down, override the digital transmitter so we can transmit the RAM hard drive!&quot;,
+     &quot;message&quot;: &quot;Use the digital JBOD array, then you can back up the optical bandwidth!&quot;,
+     &quot;summary&quot;: &quot;We need to back up the auxiliary SSL system!&quot;,
+   },
+   {
+     &quot;description&quot;: &quot;You can&apos;t copy the transmitter without indexing the back-end PCI application!&quot;,
+     &quot;message&quot;: &quot;We need to synthesize the virtual VGA alarm!&quot;,
+     &quot;summary&quot;: &quot;You can&apos;t quantify the program without hacking the wireless SMTP program!&quot;,
    },
    {
-     &quot;description&quot;: &quot;Try to copy the AGP application, maybe it will transmit the primary protocol!&quot;,
-     &quot;message&quot;: &quot;The DRAM transmitter is down, back up the wireless alarm so we can parse the RAM alarm!&quot;,
-     &quot;summary&quot;: &quot;You can&apos;t index the matrix without generating the redundant UTF8 circuit!&quot;,
+     &quot;description&quot;: &quot;Try to back up the GB array, maybe it will hack the solid state hard drive!&quot;,
+     &quot;message&quot;: &quot;Use the solid state XSS driver, then you can reboot the optical port!&quot;,
+     &quot;summary&quot;: &quot;The HEX monitor is down, input the bluetooth panel so we can reboot the CLI panel!&quot;,
    },
    {
-     &quot;description&quot;: &quot;We need to copy the wireless OCR transmitter!&quot;,
-     &quot;message&quot;: &quot;Try to hack the DNS card, maybe it will hack the virtual program!&quot;,
-     &quot;summary&quot;: &quot;The SCSI protocol is down, calculate the multi-byte hard drive so we can bypass the HDD hard drive!&quot;,
+     &quot;description&quot;: &quot;You can&apos;t quantify the monitor without backing up the haptic TCP program!&quot;,
+     &quot;message&quot;: &quot;Try to calculate the COM array, maybe it will quantify the 1080p sensor!&quot;,
+     &quot;summary&quot;: &quot;Use the open-source SAS protocol, then you can navigate the multi-byte interface!&quot;,
    },
  ]

 ❯ src/test-suite-12.spec.ts:21:20
            </failure>
        </testcase>
        <testcase classname="src/test-suite-12.spec.ts" name="&apos;Decentralized system-worthy hierarchy&apos; &gt; &apos;transmitting the pixel won\&apos;t do anyt…&apos;" time="0.000045875">
        </testcase>
        <testcase classname="src/test-suite-12.spec.ts" name="&apos;Decentralized system-worthy hierarchy&apos; &gt; &apos;synthesizing the circuit won\&apos;t do an…&apos;" time="0.000359">
            <failure message="expected [ { …(3) }, { …(3) }, { …(3) }, …(2) ] to deeply equal [ { …(3) }, { …(3) }, { …(3) }, …(1) ]" type="AssertionError">
AssertionError: expected [ { …(3) }, { …(3) }, { …(3) }, …(2) ] to deeply equal [ { …(3) }, { …(3) }, { …(3) }, …(1) ]

- Expected
+ Received

  [
    {
-     &quot;description&quot;: &quot;I&apos;ll override the virtual COM port, that should program the IP array!&quot;,
-     &quot;message&quot;: &quot;You can&apos;t compress the program without navigating the 1080p SCSI card!&quot;,
-     &quot;summary&quot;: &quot;The UTF8 matrix is down, back up the back-end transmitter so we can synthesize the HDD bus!&quot;,
+     &quot;description&quot;: &quot;You can&apos;t synthesize the microchip without transmitting the primary SMS port!&quot;,
+     &quot;message&quot;: &quot;If we transmit the feed, we can get to the SDD alarm through the primary HDD protocol!&quot;,
+     &quot;summary&quot;: &quot;We need to compress the 1080p GB protocol!&quot;,
    },
    {
-     &quot;description&quot;: &quot;The TLS panel is down, compress the open-source port so we can back up the SMTP system!&quot;,
-     &quot;message&quot;: &quot;bypassing the panel won&apos;t do anything, we need to back up the optical AGP card!&quot;,
-     &quot;summary&quot;: &quot;The SSL protocol is down, navigate the multi-byte transmitter so we can copy the THX array!&quot;,
+     &quot;description&quot;: &quot;Try to quantify the TLS pixel, maybe it will calculate the multi-byte hard drive!&quot;,
+     &quot;message&quot;: &quot;connecting the circuit won&apos;t do anything, we need to hack the online COM bus!&quot;,
+     &quot;summary&quot;: &quot;The UDP microchip is down, quantify the mobile driver so we can override the RSS feed!&quot;,
+   },
+   {
+     &quot;description&quot;: &quot;We need to connect the redundant SQL circuit!&quot;,
+     &quot;message&quot;: &quot;We need to synthesize the haptic HDD bus!&quot;,
+     &quot;summary&quot;: &quot;Use the neural RSS microchip, then you can compress the virtual hard drive!&quot;,
    },
    {
-     &quot;description&quot;: &quot;If we connect the card, we can get to the FTP bandwidth through the wireless SQL protocol!&quot;,
-     &quot;message&quot;: &quot;The SCSI array is down, input the bluetooth bus so we can navigate the SDD circuit!&quot;,
-     &quot;summary&quot;: &quot;If we input the bandwidth, we can get to the OCR driver through the back-end SMS capacitor!&quot;,
+     &quot;description&quot;: &quot;Try to hack the IB array, maybe it will calculate the mobile card!&quot;,
+     &quot;message&quot;: &quot;You can&apos;t input the matrix without bypassing the online AI capacitor!&quot;,
+     &quot;summary&quot;: &quot;The FTP circuit is down, hack the neural pixel so we can override the JSON firewall!&quot;,
    },
    {
-     &quot;description&quot;: &quot;generating the circuit won&apos;t do anything, we need to navigate the cross-platform SSL panel!&quot;,
-     &quot;message&quot;: &quot;You can&apos;t override the firewall without bypassing the redundant USB hard drive!&quot;,
-     &quot;summary&quot;: &quot;We need to parse the haptic THX protocol!&quot;,
+     &quot;description&quot;: &quot;We need to parse the neural JBOD hard drive!&quot;,
+     &quot;message&quot;: &quot;I&apos;ll index the back-end SSD microchip, that should panel the AI bandwidth!&quot;,
+     &quot;summary&quot;: &quot;Use the multi-byte IP application, then you can calculate the solid state port!&quot;,
    },
  ]

 ❯ src/test-suite-12.spec.ts:21:20
            </failure>
        </testcase>
        <testcase classname="src/test-suite-12.spec.ts" name="&apos;Decentralized system-worthy hierarchy&apos; &gt; &apos;generating the capacitor won\&apos;t do an…&apos;" time="0.000048125">
        </testcase>
        <testcase classname="src/test-suite-12.spec.ts" name="&apos;Decentralized system-worthy hierarchy&apos; &gt; &apos;I\&apos;ll quantify the auxiliary HDD matr…&apos;" time="0.000312667">
            <failure message="expected [ { …(3) }, { …(3) }, { …(3) }, …(2) ] to deeply equal [ { …(3) }, { …(3) } ]" type="AssertionError">
AssertionError: expected [ { …(3) }, { …(3) }, { …(3) }, …(2) ] to deeply equal [ { …(3) }, { …(3) } ]

- Expected
+ Received

  [
    {
-     &quot;description&quot;: &quot;We need to transmit the solid state DNS port!&quot;,
-     &quot;message&quot;: &quot;You can&apos;t compress the driver without calculating the open-source JBOD bus!&quot;,
-     &quot;summary&quot;: &quot;I&apos;ll index the bluetooth OCR system, that should panel the IP protocol!&quot;,
+     &quot;description&quot;: &quot;If we index the application, we can get to the JBOD microchip through the 1080p GB alarm!&quot;,
+     &quot;message&quot;: &quot;Use the virtual HEX bus, then you can index the 1080p firewall!&quot;,
+     &quot;summary&quot;: &quot;Try to quantify the ASCII monitor, maybe it will connect the 1080p feed!&quot;,
+   },
+   {
+     &quot;description&quot;: &quot;Try to bypass the SSL sensor, maybe it will reboot the optical system!&quot;,
+     &quot;message&quot;: &quot;I&apos;ll quantify the auxiliary DRAM card, that should driver the ASCII circuit!&quot;,
+     &quot;summary&quot;: &quot;Try to override the PCI interface, maybe it will synthesize the haptic port!&quot;,
+   },
+   {
+     &quot;description&quot;: &quot;I&apos;ll hack the auxiliary CSS bus, that should microchip the OCR sensor!&quot;,
+     &quot;message&quot;: &quot;Try to hack the CSS capacitor, maybe it will quantify the haptic application!&quot;,
+     &quot;summary&quot;: &quot;We need to compress the solid state XSS alarm!&quot;,
+   },
+   {
+     &quot;description&quot;: &quot;The THX bus is down, calculate the solid state circuit so we can bypass the DNS sensor!&quot;,
+     &quot;message&quot;: &quot;The UTF8 card is down, program the solid state panel so we can parse the IP matrix!&quot;,
+     &quot;summary&quot;: &quot;I&apos;ll generate the haptic IP program, that should feed the TLS pixel!&quot;,
    },
    {
-     &quot;description&quot;: &quot;transmitting the microchip won&apos;t do anything, we need to connect the multi-byte OCR bus!&quot;,
-     &quot;message&quot;: &quot;We need to navigate the primary RSS circuit!&quot;,
-     &quot;summary&quot;: &quot;hacking the sensor won&apos;t do anything, we need to connect the wireless SAS feed!&quot;,
+     &quot;description&quot;: &quot;The IP bandwidth is down, reboot the redundant card so we can hack the JSON driver!&quot;,
+     &quot;message&quot;: &quot;I&apos;ll back up the solid state AGP bandwidth, that should transmitter the HTTP bus!&quot;,
+     &quot;summary&quot;: &quot;We need to connect the wireless UTF8 protocol!&quot;,
    },
  ]

 ❯ src/test-suite-12.spec.ts:21:20
            </failure>
        </testcase>
        <testcase classname="src/test-suite-12.spec.ts" name="&apos;Decentralized system-worthy hierarchy&apos; &gt; &apos;I\&apos;ll parse the haptic AI array, that…&apos;" time="0.000135625">
        </testcase>
        <testcase classname="src/test-suite-12.spec.ts" name="&apos;Decentralized system-worthy hierarchy&apos; &gt; &apos;Try to connect the OCR firewall, mayb…&apos;" time="0.001646833">
            <failure message="expected [ { …(3) }, { …(3) } ] to deeply equal [ { …(3) }, { …(3) }, { …(3) }, …(2) ]" type="AssertionError">
AssertionError: expected [ { …(3) }, { …(3) } ] to deeply equal [ { …(3) }, { …(3) }, { …(3) }, …(2) ]

- Expected
+ Received

  [
    {
-     &quot;description&quot;: &quot;Use the open-source UTF8 card, then you can bypass the virtual port!&quot;,
-     &quot;message&quot;: &quot;The HDD bus is down, reboot the mobile bus so we can copy the DRAM alarm!&quot;,
-     &quot;summary&quot;: &quot;Try to quantify the SCSI sensor, maybe it will bypass the online system!&quot;,
-   },
-   {
-     &quot;description&quot;: &quot;If we copy the panel, we can get to the JSON port through the bluetooth HDD firewall!&quot;,
-     &quot;message&quot;: &quot;programming the sensor won&apos;t do anything, we need to index the multi-byte SMS bus!&quot;,
-     &quot;summary&quot;: &quot;You can&apos;t hack the alarm without generating the wireless ASCII matrix!&quot;,
-   },
-   {
-     &quot;description&quot;: &quot;Use the neural SMTP protocol, then you can calculate the online interface!&quot;,
-     &quot;message&quot;: &quot;You can&apos;t hack the interface without transmitting the cross-platform SDD protocol!&quot;,
-     &quot;summary&quot;: &quot;I&apos;ll compress the online JSON microchip, that should interface the SSL bandwidth!&quot;,
-   },
-   {
-     &quot;description&quot;: &quot;If we connect the feed, we can get to the DNS application through the bluetooth JBOD sensor!&quot;,
-     &quot;message&quot;: &quot;Use the optical CLI capacitor, then you can override the open-source program!&quot;,
-     &quot;summary&quot;: &quot;overriding the array won&apos;t do anything, we need to synthesize the solid state OCR pixel!&quot;,
+     &quot;description&quot;: &quot;The TLS circuit is down, connect the auxiliary sensor so we can copy the ADP monitor!&quot;,
+     &quot;message&quot;: &quot;You can&apos;t parse the circuit without parsing the back-end XSS panel!&quot;,
+     &quot;summary&quot;: &quot;You can&apos;t synthesize the hard drive without synthesizing the mobile XSS port!&quot;,
    },
    {
-     &quot;description&quot;: &quot;If we generate the monitor, we can get to the JSON bus through the haptic IP circuit!&quot;,
-     &quot;message&quot;: &quot;The DNS transmitter is down, override the neural firewall so we can generate the API matrix!&quot;,
-     &quot;summary&quot;: &quot;generating the protocol won&apos;t do anything, we need to generate the digital EXE protocol!&quot;,
+     &quot;description&quot;: &quot;We need to override the haptic RAM protocol!&quot;,
+     &quot;message&quot;: &quot;If we input the array, we can get to the SCSI monitor through the bluetooth HTTP driver!&quot;,
+     &quot;summary&quot;: &quot;I&apos;ll copy the solid state JBOD alarm, that should hard drive the DRAM interface!&quot;,
    },
  ]

 ❯ src/test-suite-12.spec.ts:21:20
            </failure>
        </testcase>
        <testcase classname="src/test-suite-12.spec.ts" name="&apos;Decentralized system-worthy hierarchy&apos; &gt; &apos;The HEX interface is down, hack the o…&apos;" time="0.000124125">
        </testcase>
        <testcase classname="src/test-suite-12.spec.ts" name="&apos;Decentralized system-worthy hierarchy&apos; &gt; &apos;You can\&apos;t input the array without ge…&apos;" time="0.000310041">
            <failure message="expected [ { …(3) }, { …(3) }, { …(3) }, …(1) ] to deeply equal [ { …(3) }, { …(3) } ]" type="AssertionError">
AssertionError: expected [ { …(3) }, { …(3) }, { …(3) }, …(1) ] to deeply equal [ { …(3) }, { …(3) } ]

- Expected
+ Received

  [
    {
-     &quot;description&quot;: &quot;connecting the array won&apos;t do anything, we need to input the cross-platform HEX firewall!&quot;,
-     &quot;message&quot;: &quot;quantifying the pixel won&apos;t do anything, we need to calculate the haptic API sensor!&quot;,
-     &quot;summary&quot;: &quot;We need to reboot the digital HTTP driver!&quot;,
+     &quot;description&quot;: &quot;We need to hack the multi-byte DRAM program!&quot;,
+     &quot;message&quot;: &quot;We need to copy the bluetooth THX feed!&quot;,
+     &quot;summary&quot;: &quot;quantifying the driver won&apos;t do anything, we need to reboot the neural UDP driver!&quot;,
    },
    {
-     &quot;description&quot;: &quot;We need to hack the back-end HDD feed!&quot;,
-     &quot;message&quot;: &quot;hacking the card won&apos;t do anything, we need to hack the open-source VGA card!&quot;,
-     &quot;summary&quot;: &quot;Try to input the HEX card, maybe it will compress the bluetooth monitor!&quot;,
+     &quot;description&quot;: &quot;You can&apos;t quantify the card without hacking the back-end RSS transmitter!&quot;,
+     &quot;message&quot;: &quot;Try to compress the ADP pixel, maybe it will synthesize the auxiliary circuit!&quot;,
+     &quot;summary&quot;: &quot;I&apos;ll synthesize the redundant SMTP application, that should alarm the AGP port!&quot;,
+   },
+   {
+     &quot;description&quot;: &quot;I&apos;ll generate the auxiliary XSS bus, that should application the XML system!&quot;,
+     &quot;message&quot;: &quot;If we parse the alarm, we can get to the HTTP microchip through the optical SSD capacitor!&quot;,
+     &quot;summary&quot;: &quot;You can&apos;t copy the application without compressing the wireless SDD card!&quot;,
+   },
+   {
+     &quot;description&quot;: &quot;calculating the application won&apos;t do anything, we need to back up the auxiliary ASCII matrix!&quot;,
+     &quot;message&quot;: &quot;You can&apos;t generate the interface without navigating the primary SSL feed!&quot;,
+     &quot;summary&quot;: &quot;Use the digital OCR driver, then you can parse the solid state program!&quot;,
    },
  ]

 ❯ src/test-suite-12.spec.ts:21:20
            </failure>
        </testcase>
        <testcase classname="src/test-suite-12.spec.ts" name="&apos;Decentralized system-worthy hierarchy&apos; &gt; &apos;Use the redundant SSL system, then yo…&apos;" time="0.00006575">
        </testcase>
        <testcase classname="src/test-suite-12.spec.ts" name="&apos;Decentralized system-worthy hierarchy&apos; &gt; &apos;Use the multi-byte HDD monitor, then …&apos;" time="0.000338959">
            <failure message="expected [ { …(3) }, { …(3) }, { …(3) }, …(2) ] to deeply equal [ { …(3) }, { …(3) }, { …(3) } ]" type="AssertionError">
AssertionError: expected [ { …(3) }, { …(3) }, { …(3) }, …(2) ] to deeply equal [ { …(3) }, { …(3) }, { …(3) } ]

- Expected
+ Received

  [
    {
-     &quot;description&quot;: &quot;You can&apos;t reboot the monitor without navigating the wireless SCSI port!&quot;,
-     &quot;message&quot;: &quot;Use the online SMTP system, then you can connect the virtual system!&quot;,
-     &quot;summary&quot;: &quot;Try to generate the UDP system, maybe it will synthesize the 1080p card!&quot;,
+     &quot;description&quot;: &quot;The HDD card is down, hack the auxiliary driver so we can back up the SAS sensor!&quot;,
+     &quot;message&quot;: &quot;The XSS feed is down, program the auxiliary port so we can bypass the API bandwidth!&quot;,
+     &quot;summary&quot;: &quot;Try to generate the DNS pixel, maybe it will synthesize the online bandwidth!&quot;,
    },
    {
-     &quot;description&quot;: &quot;I&apos;ll override the digital JBOD capacitor, that should array the FTP interface!&quot;,
-     &quot;message&quot;: &quot;If we calculate the bandwidth, we can get to the UTF8 microchip through the optical DNS hard drive!&quot;,
-     &quot;summary&quot;: &quot;Use the open-source UDP feed, then you can generate the back-end circuit!&quot;,
+     &quot;description&quot;: &quot;The FTP system is down, hack the multi-byte monitor so we can connect the XSS application!&quot;,
+     &quot;message&quot;: &quot;Try to synthesize the TLS firewall, maybe it will reboot the haptic hard drive!&quot;,
+     &quot;summary&quot;: &quot;hacking the circuit won&apos;t do anything, we need to back up the bluetooth HEX application!&quot;,
    },
    {
-     &quot;description&quot;: &quot;The GB sensor is down, quantify the primary monitor so we can back up the IP capacitor!&quot;,
-     &quot;message&quot;: &quot;bypassing the matrix won&apos;t do anything, we need to connect the multi-byte TCP matrix!&quot;,
-     &quot;summary&quot;: &quot;Try to back up the USB circuit, maybe it will transmit the optical matrix!&quot;,
+     &quot;description&quot;: &quot;You can&apos;t back up the panel without synthesizing the bluetooth SMTP firewall!&quot;,
+     &quot;message&quot;: &quot;Try to override the ADP transmitter, maybe it will compress the optical array!&quot;,
+     &quot;summary&quot;: &quot;generating the sensor won&apos;t do anything, we need to compress the online TLS card!&quot;,
+   },
+   {
+     &quot;description&quot;: &quot;Use the haptic ADP card, then you can back up the auxiliary application!&quot;,
+     &quot;message&quot;: &quot;Try to program the AI system, maybe it will parse the cross-platform monitor!&quot;,
+     &quot;summary&quot;: &quot;The SMS protocol is down, compress the 1080p matrix so we can parse the AI sensor!&quot;,
+   },
+   {
+     &quot;description&quot;: &quot;If we program the hard drive, we can get to the IP pixel through the digital GB interface!&quot;,
+     &quot;message&quot;: &quot;Use the bluetooth PNG monitor, then you can parse the haptic program!&quot;,
+     &quot;summary&quot;: &quot;calculating the card won&apos;t do anything, we need to reboot the online HDD monitor!&quot;,
    },
  ]

 ❯ src/test-suite-12.spec.ts:21:20
            </failure>
        </testcase>
        <testcase classname="src/test-suite-12.spec.ts" name="&apos;Decentralized system-worthy hierarchy&apos; &gt; &apos;indexing the protocol won\&apos;t do anyth…&apos;" time="0.000059166">
        </testcase>
        <testcase classname="src/test-suite-12.spec.ts" name="&apos;Decentralized system-worthy hierarchy&apos; &gt; &apos;You can\&apos;t copy the system without in…&apos;" time="0.00028425">
            <failure message="expected [ { …(3) }, { …(3) }, { …(3) }, …(1) ] to deeply equal [ { …(3) }, { …(3) }, { …(3) } ]" type="AssertionError">
AssertionError: expected [ { …(3) }, { …(3) }, { …(3) }, …(1) ] to deeply equal [ { …(3) }, { …(3) }, { …(3) } ]

- Expected
+ Received

  [
    {
-     &quot;description&quot;: &quot;Try to quantify the SDD microchip, maybe it will quantify the virtual port!&quot;,
-     &quot;message&quot;: &quot;I&apos;ll index the solid state SSL microchip, that should matrix the PCI program!&quot;,
-     &quot;summary&quot;: &quot;You can&apos;t generate the interface without navigating the multi-byte JBOD feed!&quot;,
+     &quot;description&quot;: &quot;You can&apos;t synthesize the sensor without quantifying the cross-platform TCP protocol!&quot;,
+     &quot;message&quot;: &quot;We need to back up the online EXE feed!&quot;,
+     &quot;summary&quot;: &quot;If we copy the port, we can get to the ADP alarm through the mobile USB interface!&quot;,
+   },
+   {
+     &quot;description&quot;: &quot;Try to back up the SDD microchip, maybe it will program the open-source alarm!&quot;,
+     &quot;message&quot;: &quot;We need to hack the wireless SMTP firewall!&quot;,
+     &quot;summary&quot;: &quot;Use the redundant DRAM firewall, then you can calculate the virtual hard drive!&quot;,
    },
    {
-     &quot;description&quot;: &quot;indexing the sensor won&apos;t do anything, we need to index the online UDP transmitter!&quot;,
-     &quot;message&quot;: &quot;The DRAM capacitor is down, copy the solid state driver so we can transmit the XML port!&quot;,
-     &quot;summary&quot;: &quot;bypassing the circuit won&apos;t do anything, we need to reboot the multi-byte SSD program!&quot;,
+     &quot;description&quot;: &quot;overriding the array won&apos;t do anything, we need to index the solid state SSD bus!&quot;,
+     &quot;message&quot;: &quot;connecting the driver won&apos;t do anything, we need to calculate the optical DRAM application!&quot;,
+     &quot;summary&quot;: &quot;We need to generate the primary OCR bus!&quot;,
    },
    {
-     &quot;description&quot;: &quot;Try to transmit the UDP capacitor, maybe it will calculate the online panel!&quot;,
-     &quot;message&quot;: &quot;You can&apos;t override the application without quantifying the haptic THX firewall!&quot;,
-     &quot;summary&quot;: &quot;If we index the microchip, we can get to the SCSI capacitor through the digital CLI array!&quot;,
+     &quot;description&quot;: &quot;I&apos;ll calculate the back-end TCP pixel, that should panel the SSL hard drive!&quot;,
+     &quot;message&quot;: &quot;compressing the pixel won&apos;t do anything, we need to synthesize the optical SDD monitor!&quot;,
+     &quot;summary&quot;: &quot;compressing the system won&apos;t do anything, we need to back up the digital DRAM protocol!&quot;,
    },
  ]

 ❯ src/test-suite-12.spec.ts:21:20
            </failure>
        </testcase>
        <testcase classname="src/test-suite-12.spec.ts" name="&apos;Decentralized system-worthy hierarchy&apos; &gt; &apos;I\&apos;ll compress the cross-platform FTP…&apos;" time="0.000055958">
        </testcase>
        <testcase classname="src/test-suite-12.spec.ts" name="&apos;Decentralized system-worthy hierarchy&apos; &gt; &apos;Try to input the SDD feed, maybe it w…&apos;" time="0.000244334">
            <failure message="expected [ { …(3) }, { …(3) }, { …(3) } ] to deeply equal [ { …(3) }, { …(3) } ]" type="AssertionError">
AssertionError: expected [ { …(3) }, { …(3) }, { …(3) } ] to deeply equal [ { …(3) }, { …(3) } ]

- Expected
+ Received

  [
    {
-     &quot;description&quot;: &quot;You can&apos;t program the port without compressing the neural OCR panel!&quot;,
-     &quot;message&quot;: &quot;If we navigate the monitor, we can get to the SMTP program through the wireless OCR system!&quot;,
-     &quot;summary&quot;: &quot;If we reboot the interface, we can get to the HEX pixel through the neural CSS microchip!&quot;,
+     &quot;description&quot;: &quot;I&apos;ll calculate the wireless IP hard drive, that should sensor the TCP pixel!&quot;,
+     &quot;message&quot;: &quot;I&apos;ll hack the mobile AI monitor, that should feed the THX array!&quot;,
+     &quot;summary&quot;: &quot;I&apos;ll index the online ADP firewall, that should bandwidth the ADP feed!&quot;,
+   },
+   {
+     &quot;description&quot;: &quot;You can&apos;t reboot the interface without quantifying the wireless FTP hard drive!&quot;,
+     &quot;message&quot;: &quot;Try to navigate the HDD transmitter, maybe it will quantify the bluetooth application!&quot;,
+     &quot;summary&quot;: &quot;If we transmit the panel, we can get to the USB driver through the primary EXE application!&quot;,
    },
    {
-     &quot;description&quot;: &quot;You can&apos;t program the system without overriding the optical PCI protocol!&quot;,
-     &quot;message&quot;: &quot;calculating the interface won&apos;t do anything, we need to bypass the multi-byte JSON card!&quot;,
-     &quot;summary&quot;: &quot;Try to transmit the UDP driver, maybe it will compress the haptic circuit!&quot;,
+     &quot;description&quot;: &quot;If we back up the monitor, we can get to the SDD application through the bluetooth SQL system!&quot;,
+     &quot;message&quot;: &quot;I&apos;ll connect the virtual XML matrix, that should array the COM protocol!&quot;,
+     &quot;summary&quot;: &quot;You can&apos;t connect the protocol without calculating the bluetooth PNG transmitter!&quot;,
    },
  ]

 ❯ src/test-suite-12.spec.ts:21:20
            </failure>
        </testcase>
        <testcase classname="src/test-suite-12.spec.ts" name="&apos;Decentralized system-worthy hierarchy&apos; &gt; &apos;You can\&apos;t quantify the bus without c…&apos;" time="0.000061">
        </testcase>
        <testcase classname="src/test-suite-12.spec.ts" name="&apos;Decentralized system-worthy hierarchy&apos; &gt; &apos;We need to program the virtual SMTP p…&apos;" time="0.000270542">
            <failure message="expected [ { …(3) }, { …(3) }, { …(3) } ] to deeply equal [ { …(3) }, { …(3) }, { …(3) } ]" type="AssertionError">
AssertionError: expected [ { …(3) }, { …(3) }, { …(3) } ] to deeply equal [ { …(3) }, { …(3) }, { …(3) } ]

- Expected
+ Received

  [
    {
-     &quot;description&quot;: &quot;You can&apos;t synthesize the matrix without quantifying the bluetooth SDD driver!&quot;,
-     &quot;message&quot;: &quot;Try to reboot the HEX firewall, maybe it will reboot the mobile protocol!&quot;,
-     &quot;summary&quot;: &quot;You can&apos;t program the bandwidth without parsing the solid state THX alarm!&quot;,
+     &quot;description&quot;: &quot;If we calculate the driver, we can get to the PNG sensor through the haptic SSD port!&quot;,
+     &quot;message&quot;: &quot;Use the multi-byte SSD firewall, then you can override the redundant feed!&quot;,
+     &quot;summary&quot;: &quot;Use the bluetooth RAM transmitter, then you can connect the haptic pixel!&quot;,
    },
    {
-     &quot;description&quot;: &quot;We need to hack the 1080p XML system!&quot;,
-     &quot;message&quot;: &quot;The SSD hard drive is down, override the virtual card so we can parse the UTF8 application!&quot;,
-     &quot;summary&quot;: &quot;The CSS transmitter is down, back up the redundant panel so we can back up the PCI alarm!&quot;,
+     &quot;description&quot;: &quot;We need to compress the primary EXE program!&quot;,
+     &quot;message&quot;: &quot;You can&apos;t transmit the bandwidth without synthesizing the cross-platform SMS transmitter!&quot;,
+     &quot;summary&quot;: &quot;The DRAM pixel is down, connect the solid state hard drive so we can reboot the EXE interface!&quot;,
    },
    {
-     &quot;description&quot;: &quot;If we quantify the alarm, we can get to the COM array through the online VGA hard drive!&quot;,
-     &quot;message&quot;: &quot;Try to parse the DRAM pixel, maybe it will synthesize the neural protocol!&quot;,
-     &quot;summary&quot;: &quot;If we navigate the bandwidth, we can get to the IB application through the 1080p SMS bandwidth!&quot;,
+     &quot;description&quot;: &quot;programming the circuit won&apos;t do anything, we need to compress the auxiliary JBOD capacitor!&quot;,
+     &quot;message&quot;: &quot;Use the open-source IP driver, then you can generate the optical application!&quot;,
+     &quot;summary&quot;: &quot;Try to calculate the UTF8 matrix, maybe it will connect the back-end transmitter!&quot;,
    },
  ]

 ❯ src/test-suite-12.spec.ts:21:20
            </failure>
        </testcase>
        <testcase classname="src/test-suite-12.spec.ts" name="&apos;Decentralized system-worthy hierarchy&apos; &gt; &apos;If we program the firewall, we can ge…&apos;" time="0.000039958">
        </testcase>
        <testcase classname="src/test-suite-12.spec.ts" name="&apos;Decentralized system-worthy hierarchy&apos; &gt; &apos;We need to navigate the back-end IP c…&apos;" time="0.0004095">
            <failure message="expected [ { …(3) }, { …(3) }, { …(3) }, …(2) ] to deeply equal [ { …(3) }, { …(3) }, { …(3) }, …(1) ]" type="AssertionError">
AssertionError: expected [ { …(3) }, { …(3) }, { …(3) }, …(2) ] to deeply equal [ { …(3) }, { …(3) }, { …(3) }, …(1) ]

- Expected
+ Received

  [
    {
-     &quot;description&quot;: &quot;hacking the transmitter won&apos;t do anything, we need to reboot the open-source SAS bus!&quot;,
-     &quot;message&quot;: &quot;hacking the hard drive won&apos;t do anything, we need to reboot the 1080p SSD monitor!&quot;,
-     &quot;summary&quot;: &quot;The IP bus is down, generate the open-source panel so we can quantify the PCI alarm!&quot;,
+     &quot;description&quot;: &quot;The RSS transmitter is down, copy the wireless system so we can generate the AGP capacitor!&quot;,
+     &quot;message&quot;: &quot;We need to hack the solid state SMS monitor!&quot;,
+     &quot;summary&quot;: &quot;Try to parse the JSON monitor, maybe it will quantify the digital application!&quot;,
    },
    {
-     &quot;description&quot;: &quot;I&apos;ll program the open-source SSD firewall, that should monitor the SSL microchip!&quot;,
-     &quot;message&quot;: &quot;The XSS matrix is down, connect the wireless card so we can back up the USB firewall!&quot;,
-     &quot;summary&quot;: &quot;Try to calculate the CSS program, maybe it will generate the auxiliary bandwidth!&quot;,
+     &quot;description&quot;: &quot;I&apos;ll program the optical FTP capacitor, that should sensor the OCR circuit!&quot;,
+     &quot;message&quot;: &quot;Use the cross-platform DRAM driver, then you can hack the multi-byte alarm!&quot;,
+     &quot;summary&quot;: &quot;We need to navigate the virtual THX matrix!&quot;,
+   },
+   {
+     &quot;description&quot;: &quot;synthesizing the feed won&apos;t do anything, we need to override the virtual TCP matrix!&quot;,
+     &quot;message&quot;: &quot;You can&apos;t hack the transmitter without overriding the mobile USB port!&quot;,
+     &quot;summary&quot;: &quot;You can&apos;t quantify the feed without hacking the digital XSS sensor!&quot;,
    },
    {
-     &quot;description&quot;: &quot;You can&apos;t connect the array without bypassing the solid state TLS capacitor!&quot;,
-     &quot;message&quot;: &quot;We need to synthesize the primary SDD firewall!&quot;,
-     &quot;summary&quot;: &quot;If we navigate the bandwidth, we can get to the AI bandwidth through the back-end ADP bus!&quot;,
+     &quot;description&quot;: &quot;You can&apos;t hack the alarm without navigating the optical UTF8 microchip!&quot;,
+     &quot;message&quot;: &quot;I&apos;ll reboot the auxiliary ADP driver, that should microchip the XSS program!&quot;,
+     &quot;summary&quot;: &quot;We need to calculate the solid state FTP monitor!&quot;,
    },
    {
-     &quot;description&quot;: &quot;We need to synthesize the open-source DRAM protocol!&quot;,
-     &quot;message&quot;: &quot;Use the bluetooth OCR capacitor, then you can back up the neural application!&quot;,
-     &quot;summary&quot;: &quot;bypassing the hard drive won&apos;t do anything, we need to index the cross-platform CLI application!&quot;,
+     &quot;description&quot;: &quot;If we program the alarm, we can get to the AI driver through the online AI capacitor!&quot;,
+     &quot;message&quot;: &quot;Use the neural OCR application, then you can hack the back-end alarm!&quot;,
+     &quot;summary&quot;: &quot;I&apos;ll copy the multi-byte GB feed, that should alarm the COM protocol!&quot;,
    },
  ]

 ❯ src/test-suite-12.spec.ts:21:20
            </failure>
        </testcase>
        <testcase classname="src/test-suite-12.spec.ts" name="&apos;Decentralized system-worthy hierarchy&apos; &gt; &apos;If we calculate the panel, we can get…&apos;" time="0.000102291">
        </testcase>
        <testcase classname="src/test-suite-12.spec.ts" name="&apos;Decentralized system-worthy hierarchy&apos; &gt; &apos;We need to bypass the redundant SCSI …&apos;" time="0.000387084">
            <failure message="expected [ { …(3) }, { …(3) }, { …(3) }, …(2) ] to deeply equal [ { …(3) }, { …(3) } ]" type="AssertionError">
AssertionError: expected [ { …(3) }, { …(3) }, { …(3) }, …(2) ] to deeply equal [ { …(3) }, { …(3) } ]

- Expected
+ Received

  [
    {
-     &quot;description&quot;: &quot;You can&apos;t calculate the alarm without overriding the online FTP bus!&quot;,
-     &quot;message&quot;: &quot;Try to copy the SQL array, maybe it will back up the open-source protocol!&quot;,
-     &quot;summary&quot;: &quot;The GB capacitor is down, reboot the wireless hard drive so we can override the SAS monitor!&quot;,
+     &quot;description&quot;: &quot;quantifying the transmitter won&apos;t do anything, we need to compress the auxiliary JBOD circuit!&quot;,
+     &quot;message&quot;: &quot;You can&apos;t copy the matrix without bypassing the 1080p CLI bus!&quot;,
+     &quot;summary&quot;: &quot;We need to back up the multi-byte RAM program!&quot;,
+   },
+   {
+     &quot;description&quot;: &quot;I&apos;ll index the haptic USB capacitor, that should matrix the ASCII system!&quot;,
+     &quot;message&quot;: &quot;Use the auxiliary SCSI circuit, then you can synthesize the redundant bandwidth!&quot;,
+     &quot;summary&quot;: &quot;If we transmit the bandwidth, we can get to the ADP system through the 1080p RSS application!&quot;,
+   },
+   {
+     &quot;description&quot;: &quot;The TLS monitor is down, program the online system so we can transmit the SMS bandwidth!&quot;,
+     &quot;message&quot;: &quot;If we hack the microchip, we can get to the UDP bus through the solid state JBOD bus!&quot;,
+     &quot;summary&quot;: &quot;I&apos;ll quantify the neural API application, that should hard drive the DNS matrix!&quot;,
+   },
+   {
+     &quot;description&quot;: &quot;indexing the circuit won&apos;t do anything, we need to compress the optical SSL circuit!&quot;,
+     &quot;message&quot;: &quot;Use the back-end JBOD port, then you can quantify the redundant matrix!&quot;,
+     &quot;summary&quot;: &quot;If we calculate the capacitor, we can get to the VGA capacitor through the open-source SQL sensor!&quot;,
    },
    {
-     &quot;description&quot;: &quot;The XSS monitor is down, back up the redundant alarm so we can copy the CSS port!&quot;,
-     &quot;message&quot;: &quot;Use the redundant RAM monitor, then you can hack the redundant program!&quot;,
-     &quot;summary&quot;: &quot;Try to program the ADP circuit, maybe it will input the haptic driver!&quot;,
+     &quot;description&quot;: &quot;We need to calculate the auxiliary SMTP sensor!&quot;,
+     &quot;message&quot;: &quot;I&apos;ll compress the neural VGA port, that should matrix the FTP hard drive!&quot;,
+     &quot;summary&quot;: &quot;Use the optical IP bus, then you can copy the neural port!&quot;,
    },
  ]

 ❯ src/test-suite-12.spec.ts:21:20
            </failure>
        </testcase>
        <testcase classname="src/test-suite-12.spec.ts" name="&apos;Decentralized system-worthy hierarchy&apos; &gt; &apos;The HDD application is down, transmit…&apos;" time="0.000062542">
        </testcase>
        <testcase classname="src/test-suite-12.spec.ts" name="&apos;Decentralized system-worthy hierarchy&apos; &gt; &apos;If we synthesize the card, we can get…&apos;" time="0.000308875">
            <failure message="expected [ { …(3) }, { …(3) } ] to deeply equal [ { …(3) }, { …(3) }, { …(3) }, …(2) ]" type="AssertionError">
AssertionError: expected [ { …(3) }, { …(3) } ] to deeply equal [ { …(3) }, { …(3) }, { …(3) }, …(2) ]

- Expected
+ Received

  [
    {
-     &quot;description&quot;: &quot;If we back up the bus, we can get to the SMS microchip through the virtual SSL pixel!&quot;,
-     &quot;message&quot;: &quot;The IB panel is down, transmit the mobile program so we can calculate the IB driver!&quot;,
-     &quot;summary&quot;: &quot;You can&apos;t generate the system without hacking the open-source THX interface!&quot;,
-   },
-   {
-     &quot;description&quot;: &quot;calculating the program won&apos;t do anything, we need to input the 1080p ASCII feed!&quot;,
-     &quot;message&quot;: &quot;Use the primary IP monitor, then you can quantify the multi-byte microchip!&quot;,
-     &quot;summary&quot;: &quot;We need to index the mobile SCSI sensor!&quot;,
-   },
-   {
-     &quot;description&quot;: &quot;You can&apos;t connect the panel without calculating the open-source AGP driver!&quot;,
-     &quot;message&quot;: &quot;If we program the program, we can get to the ASCII transmitter through the 1080p CSS sensor!&quot;,
-     &quot;summary&quot;: &quot;If we parse the alarm, we can get to the DRAM alarm through the haptic HEX application!&quot;,
-   },
-   {
-     &quot;description&quot;: &quot;You can&apos;t compress the bus without indexing the auxiliary ASCII feed!&quot;,
-     &quot;message&quot;: &quot;If we input the array, we can get to the RAM alarm through the optical THX bus!&quot;,
-     &quot;summary&quot;: &quot;You can&apos;t program the bus without overriding the cross-platform SMTP program!&quot;,
+     &quot;description&quot;: &quot;The RAM program is down, override the multi-byte monitor so we can copy the FTP protocol!&quot;,
+     &quot;message&quot;: &quot;You can&apos;t input the pixel without connecting the digital ASCII bus!&quot;,
+     &quot;summary&quot;: &quot;You can&apos;t reboot the circuit without calculating the solid state PNG system!&quot;,
    },
    {
-     &quot;description&quot;: &quot;overriding the bandwidth won&apos;t do anything, we need to override the multi-byte SMS driver!&quot;,
-     &quot;message&quot;: &quot;If we input the alarm, we can get to the SDD capacitor through the wireless JSON firewall!&quot;,
-     &quot;summary&quot;: &quot;We need to connect the mobile UDP port!&quot;,
+     &quot;description&quot;: &quot;connecting the interface won&apos;t do anything, we need to override the primary RSS feed!&quot;,
+     &quot;message&quot;: &quot;Use the wireless SQL firewall, then you can synthesize the wireless interface!&quot;,
+     &quot;summary&quot;: &quot;We need to input the mobile SAS panel!&quot;,
    },
  ]

 ❯ src/test-suite-12.spec.ts:21:20
            </failure>
        </testcase>
        <testcase classname="src/test-suite-12.spec.ts" name="&apos;Decentralized system-worthy hierarchy&apos; &gt; &apos;You can\&apos;t quantify the program witho…&apos;" time="0.000063625">
        </testcase>
        <testcase classname="src/test-suite-12.spec.ts" name="&apos;Decentralized system-worthy hierarchy&apos; &gt; &apos;navigating the system won\&apos;t do anyth…&apos;" time="0.000249083">
            <failure message="expected [ { …(3) }, { …(3) } ] to deeply equal [ { …(3) }, { …(3) }, { …(3) } ]" type="AssertionError">
AssertionError: expected [ { …(3) }, { …(3) } ] to deeply equal [ { …(3) }, { …(3) }, { …(3) } ]

- Expected
+ Received

  [
    {
-     &quot;description&quot;: &quot;We need to generate the bluetooth CLI microchip!&quot;,
-     &quot;message&quot;: &quot;The DNS transmitter is down, compress the haptic monitor so we can connect the XSS alarm!&quot;,
-     &quot;summary&quot;: &quot;I&apos;ll calculate the wireless JBOD feed, that should sensor the IP bandwidth!&quot;,
-   },
-   {
-     &quot;description&quot;: &quot;Try to program the SDD protocol, maybe it will parse the wireless application!&quot;,
-     &quot;message&quot;: &quot;Try to program the IP card, maybe it will compress the cross-platform bandwidth!&quot;,
-     &quot;summary&quot;: &quot;You can&apos;t override the monitor without calculating the online USB application!&quot;,
+     &quot;description&quot;: &quot;If we quantify the capacitor, we can get to the SMS array through the mobile TLS protocol!&quot;,
+     &quot;message&quot;: &quot;The AGP circuit is down, synthesize the multi-byte port so we can synthesize the ADP alarm!&quot;,
+     &quot;summary&quot;: &quot;Try to synthesize the UTF8 microchip, maybe it will parse the primary application!&quot;,
    },
    {
-     &quot;description&quot;: &quot;We need to connect the digital SQL program!&quot;,
-     &quot;message&quot;: &quot;You can&apos;t back up the panel without connecting the auxiliary TCP feed!&quot;,
-     &quot;summary&quot;: &quot;Use the wireless DRAM array, then you can hack the haptic interface!&quot;,
+     &quot;description&quot;: &quot;We need to index the back-end RAM program!&quot;,
+     &quot;message&quot;: &quot;We need to compress the bluetooth JBOD port!&quot;,
+     &quot;summary&quot;: &quot;If we calculate the microchip, we can get to the HTTP system through the auxiliary API card!&quot;,
    },
  ]

 ❯ src/test-suite-12.spec.ts:21:20
            </failure>
        </testcase>
        <testcase classname="src/test-suite-12.spec.ts" name="&apos;Decentralized system-worthy hierarchy&apos; &gt; &apos;If we index the matrix, we can get to…&apos;" time="0.00004775">
        </testcase>
        <testcase classname="src/test-suite-12.spec.ts" name="&apos;Decentralized system-worthy hierarchy&apos; &gt; &apos;You can\&apos;t calculate the capacitor wi…&apos;" time="0.000244125">
            <failure message="expected [ { …(3) }, { …(3) }, { …(3) } ] to deeply equal [ { …(3) }, { …(3) } ]" type="AssertionError">
AssertionError: expected [ { …(3) }, { …(3) }, { …(3) } ] to deeply equal [ { …(3) }, { …(3) } ]

- Expected
+ Received

  [
    {
-     &quot;description&quot;: &quot;If we index the circuit, we can get to the XML matrix through the primary UTF8 protocol!&quot;,
-     &quot;message&quot;: &quot;Use the bluetooth ADP circuit, then you can program the virtual interface!&quot;,
-     &quot;summary&quot;: &quot;Try to back up the AGP circuit, maybe it will connect the 1080p bandwidth!&quot;,
+     &quot;description&quot;: &quot;The HTTP program is down, navigate the mobile transmitter so we can transmit the AGP hard drive!&quot;,
+     &quot;message&quot;: &quot;The OCR protocol is down, navigate the optical matrix so we can compress the CLI application!&quot;,
+     &quot;summary&quot;: &quot;compressing the program won&apos;t do anything, we need to synthesize the wireless SQL driver!&quot;,
+   },
+   {
+     &quot;description&quot;: &quot;You can&apos;t program the card without generating the bluetooth SMTP matrix!&quot;,
+     &quot;message&quot;: &quot;If we index the microchip, we can get to the ASCII system through the online TLS program!&quot;,
+     &quot;summary&quot;: &quot;Use the optical JSON circuit, then you can program the redundant hard drive!&quot;,
    },
    {
-     &quot;description&quot;: &quot;We need to calculate the mobile HEX bus!&quot;,
-     &quot;message&quot;: &quot;If we copy the driver, we can get to the PNG monitor through the virtual DNS protocol!&quot;,
-     &quot;summary&quot;: &quot;If we parse the array, we can get to the UDP application through the haptic SDD capacitor!&quot;,
+     &quot;description&quot;: &quot;copying the feed won&apos;t do anything, we need to bypass the solid state API firewall!&quot;,
+     &quot;message&quot;: &quot;We need to calculate the wireless TCP card!&quot;,
+     &quot;summary&quot;: &quot;Use the mobile RAM microchip, then you can back up the wireless panel!&quot;,
    },
  ]

 ❯ src/test-suite-12.spec.ts:21:20
            </failure>
        </testcase>
        <testcase classname="src/test-suite-12.spec.ts" name="&apos;Decentralized system-worthy hierarchy&apos; &gt; &apos;You can\&apos;t reboot the system without …&apos;" time="0.000046958">
        </testcase>
        <testcase classname="src/test-suite-12.spec.ts" name="&apos;Decentralized system-worthy hierarchy&apos; &gt; &apos;Use the virtual JBOD bus, then you ca…&apos;" time="0.000319167">
            <failure message="expected [ { …(3) }, { …(3) }, { …(3) } ] to deeply equal [ { …(3) }, { …(3) }, { …(3) }, …(2) ]" type="AssertionError">
AssertionError: expected [ { …(3) }, { …(3) }, { …(3) } ] to deeply equal [ { …(3) }, { …(3) }, { …(3) }, …(2) ]

- Expected
+ Received

  [
    {
-     &quot;description&quot;: &quot;If we generate the program, we can get to the SCSI card through the solid state SCSI sensor!&quot;,
-     &quot;message&quot;: &quot;You can&apos;t back up the application without generating the digital RSS panel!&quot;,
-     &quot;summary&quot;: &quot;You can&apos;t index the matrix without copying the optical ADP transmitter!&quot;,
+     &quot;description&quot;: &quot;calculating the system won&apos;t do anything, we need to quantify the online EXE alarm!&quot;,
+     &quot;message&quot;: &quot;The USB array is down, program the auxiliary matrix so we can compress the API capacitor!&quot;,
+     &quot;summary&quot;: &quot;I&apos;ll transmit the haptic XML bandwidth, that should pixel the CSS protocol!&quot;,
    },
    {
-     &quot;description&quot;: &quot;The DRAM panel is down, program the wireless monitor so we can compress the SSL system!&quot;,
-     &quot;message&quot;: &quot;Use the bluetooth HDD array, then you can parse the solid state interface!&quot;,
-     &quot;summary&quot;: &quot;We need to input the auxiliary IP pixel!&quot;,
+     &quot;description&quot;: &quot;The SDD bandwidth is down, index the digital pixel so we can input the SMTP alarm!&quot;,
+     &quot;message&quot;: &quot;We need to program the cross-platform TCP firewall!&quot;,
+     &quot;summary&quot;: &quot;The HTTP card is down, hack the virtual protocol so we can calculate the RAM driver!&quot;,
    },
    {
-     &quot;description&quot;: &quot;The RAM port is down, copy the online feed so we can reboot the XSS interface!&quot;,
-     &quot;message&quot;: &quot;You can&apos;t copy the capacitor without backing up the 1080p OCR pixel!&quot;,
-     &quot;summary&quot;: &quot;I&apos;ll hack the neural API firewall, that should alarm the USB pixel!&quot;,
-   },
-   {
-     &quot;description&quot;: &quot;Try to calculate the OCR port, maybe it will generate the online program!&quot;,
-     &quot;message&quot;: &quot;If we index the feed, we can get to the UDP bandwidth through the wireless HEX protocol!&quot;,
-     &quot;summary&quot;: &quot;You can&apos;t generate the bandwidth without generating the wireless EXE hard drive!&quot;,
-   },
-   {
-     &quot;description&quot;: &quot;The TCP hard drive is down, synthesize the neural monitor so we can reboot the EXE firewall!&quot;,
-     &quot;message&quot;: &quot;Use the optical XML driver, then you can transmit the redundant bus!&quot;,
-     &quot;summary&quot;: &quot;Try to connect the SSL monitor, maybe it will quantify the auxiliary system!&quot;,
+     &quot;description&quot;: &quot;I&apos;ll compress the virtual THX feed, that should card the FTP application!&quot;,
+     &quot;message&quot;: &quot;Use the cross-platform SMS feed, then you can quantify the bluetooth port!&quot;,
+     &quot;summary&quot;: &quot;You can&apos;t program the transmitter without indexing the open-source AI driver!&quot;,
    },
  ]

 ❯ src/test-suite-12.spec.ts:21:20
            </failure>
        </testcase>
        <testcase classname="src/test-suite-12.spec.ts" name="&apos;Decentralized system-worthy hierarchy&apos; &gt; &apos;Use the optical HTTP array, then you …&apos;" time="0.000056667">
        </testcase>
        <testcase classname="src/test-suite-12.spec.ts" name="&apos;Decentralized system-worthy hierarchy&apos; &gt; &apos;If we back up the firewall, we can ge…&apos;" time="0.000345583">
            <failure message="expected [ { …(3) }, { …(3) }, { …(3) }, …(2) ] to deeply equal [ { …(3) }, { …(3) }, { …(3) } ]" type="AssertionError">
AssertionError: expected [ { …(3) }, { …(3) }, { …(3) }, …(2) ] to deeply equal [ { …(3) }, { …(3) }, { …(3) } ]

- Expected
+ Received

  [
    {
-     &quot;description&quot;: &quot;I&apos;ll connect the back-end ADP pixel, that should sensor the TLS microchip!&quot;,
-     &quot;message&quot;: &quot;We need to copy the back-end AGP program!&quot;,
-     &quot;summary&quot;: &quot;I&apos;ll quantify the multi-byte TLS system, that should system the UDP hard drive!&quot;,
+     &quot;description&quot;: &quot;You can&apos;t synthesize the protocol without compressing the digital PCI bus!&quot;,
+     &quot;message&quot;: &quot;We need to transmit the haptic HDD bandwidth!&quot;,
+     &quot;summary&quot;: &quot;The THX pixel is down, index the optical microchip so we can copy the GB firewall!&quot;,
    },
    {
-     &quot;description&quot;: &quot;If we generate the program, we can get to the SAS array through the open-source JSON sensor!&quot;,
-     &quot;message&quot;: &quot;Use the wireless IB circuit, then you can back up the primary circuit!&quot;,
-     &quot;summary&quot;: &quot;The API panel is down, calculate the redundant monitor so we can quantify the SMS bandwidth!&quot;,
+     &quot;description&quot;: &quot;Use the solid state JBOD application, then you can override the solid state panel!&quot;,
+     &quot;message&quot;: &quot;Use the auxiliary PCI driver, then you can transmit the redundant alarm!&quot;,
+     &quot;summary&quot;: &quot;The HEX panel is down, parse the multi-byte interface so we can copy the USB protocol!&quot;,
    },
    {
-     &quot;description&quot;: &quot;Try to transmit the DRAM pixel, maybe it will connect the 1080p hard drive!&quot;,
-     &quot;message&quot;: &quot;The ASCII hard drive is down, bypass the primary protocol so we can synthesize the EXE driver!&quot;,
-     &quot;summary&quot;: &quot;The CSS bandwidth is down, quantify the wireless circuit so we can navigate the GB alarm!&quot;,
+     &quot;description&quot;: &quot;quantifying the panel won&apos;t do anything, we need to hack the multi-byte SMTP firewall!&quot;,
+     &quot;message&quot;: &quot;You can&apos;t index the bus without connecting the 1080p ADP driver!&quot;,
+     &quot;summary&quot;: &quot;I&apos;ll calculate the auxiliary XSS hard drive, that should alarm the COM firewall!&quot;,
+   },
+   {
+     &quot;description&quot;: &quot;We need to program the neural UTF8 bandwidth!&quot;,
+     &quot;message&quot;: &quot;The CLI panel is down, index the primary bandwidth so we can transmit the API hard drive!&quot;,
+     &quot;summary&quot;: &quot;transmitting the card won&apos;t do anything, we need to hack the neural TLS card!&quot;,
+   },
+   {
+     &quot;description&quot;: &quot;I&apos;ll quantify the 1080p ASCII feed, that should capacitor the RSS card!&quot;,
+     &quot;message&quot;: &quot;The CSS monitor is down, input the auxiliary sensor so we can reboot the THX application!&quot;,
+     &quot;summary&quot;: &quot;quantifying the panel won&apos;t do anything, we need to index the bluetooth TLS system!&quot;,
    },
  ]

 ❯ src/test-suite-12.spec.ts:21:20
            </failure>
        </testcase>
        <testcase classname="src/test-suite-12.spec.ts" name="&apos;Decentralized system-worthy hierarchy&apos; &gt; &apos;We need to compress the bluetooth SSD…&apos;" time="0.000048916">
        </testcase>
        <testcase classname="src/test-suite-12.spec.ts" name="&apos;Decentralized system-worthy hierarchy&apos; &gt; &apos;If we connect the panel, we can get t…&apos;" time="0.00028525">
            <failure message="expected [ { …(3) }, { …(3) }, { …(3) } ] to deeply equal [ { …(3) }, { …(3) }, { …(3) }, …(1) ]" type="AssertionError">
AssertionError: expected [ { …(3) }, { …(3) }, { …(3) } ] to deeply equal [ { …(3) }, { …(3) }, { …(3) }, …(1) ]

- Expected
+ Received

  [
    {
-     &quot;description&quot;: &quot;Use the optical SCSI pixel, then you can quantify the neural bus!&quot;,
-     &quot;message&quot;: &quot;You can&apos;t copy the card without backing up the open-source XSS pixel!&quot;,
-     &quot;summary&quot;: &quot;Use the wireless FTP port, then you can navigate the redundant firewall!&quot;,
-   },
-   {
-     &quot;description&quot;: &quot;You can&apos;t program the sensor without navigating the solid state RAM circuit!&quot;,
-     &quot;message&quot;: &quot;If we synthesize the panel, we can get to the AI system through the neural COM panel!&quot;,
-     &quot;summary&quot;: &quot;Try to transmit the HDD circuit, maybe it will reboot the multi-byte array!&quot;,
+     &quot;description&quot;: &quot;generating the bandwidth won&apos;t do anything, we need to parse the primary SSL port!&quot;,
+     &quot;message&quot;: &quot;The TLS alarm is down, synthesize the open-source transmitter so we can override the XSS protocol!&quot;,
+     &quot;summary&quot;: &quot;You can&apos;t generate the interface without compressing the bluetooth VGA array!&quot;,
    },
    {
-     &quot;description&quot;: &quot;You can&apos;t program the bandwidth without parsing the mobile TLS circuit!&quot;,
-     &quot;message&quot;: &quot;Use the bluetooth HTTP bus, then you can parse the virtual program!&quot;,
-     &quot;summary&quot;: &quot;copying the capacitor won&apos;t do anything, we need to generate the mobile JSON array!&quot;,
+     &quot;description&quot;: &quot;The EXE application is down, calculate the back-end monitor so we can bypass the TCP sensor!&quot;,
+     &quot;message&quot;: &quot;Try to parse the SDD capacitor, maybe it will index the optical bus!&quot;,
+     &quot;summary&quot;: &quot;Use the mobile SMS monitor, then you can synthesize the cross-platform interface!&quot;,
    },
    {
-     &quot;description&quot;: &quot;You can&apos;t parse the driver without programming the multi-byte DRAM circuit!&quot;,
-     &quot;message&quot;: &quot;You can&apos;t index the protocol without transmitting the solid state USB circuit!&quot;,
-     &quot;summary&quot;: &quot;We need to calculate the multi-byte UDP array!&quot;,
+     &quot;description&quot;: &quot;You can&apos;t connect the firewall without hacking the cross-platform SAS protocol!&quot;,
+     &quot;message&quot;: &quot;Use the primary HEX system, then you can calculate the primary driver!&quot;,
+     &quot;summary&quot;: &quot;The JSON transmitter is down, copy the auxiliary panel so we can synthesize the SQL sensor!&quot;,
    },
  ]

 ❯ src/test-suite-12.spec.ts:21:20
            </failure>
        </testcase>
        <testcase classname="src/test-suite-12.spec.ts" name="&apos;Decentralized system-worthy hierarchy&apos; &gt; &apos;Try to input the JSON interface, mayb…&apos;" time="0.000056875">
        </testcase>
        <testcase classname="src/test-suite-12.spec.ts" name="&apos;Decentralized system-worthy hierarchy&apos; &gt; &apos;Try to parse the ADP card, maybe it w…&apos;" time="0.000397791">
            <failure message="expected [ { …(3) }, { …(3) }, { …(3) } ] to deeply equal [ { …(3) }, { …(3) }, { …(3) } ]" type="AssertionError">
AssertionError: expected [ { …(3) }, { …(3) }, { …(3) } ] to deeply equal [ { …(3) }, { …(3) }, { …(3) } ]

- Expected
+ Received

  [
    {
-     &quot;description&quot;: &quot;You can&apos;t program the monitor without bypassing the online ADP system!&quot;,
-     &quot;message&quot;: &quot;The ADP feed is down, connect the online panel so we can index the JBOD port!&quot;,
-     &quot;summary&quot;: &quot;The ASCII firewall is down, compress the digital port so we can synthesize the SSL sensor!&quot;,
+     &quot;description&quot;: &quot;parsing the system won&apos;t do anything, we need to bypass the 1080p JBOD sensor!&quot;,
+     &quot;message&quot;: &quot;Use the open-source SSL transmitter, then you can synthesize the haptic program!&quot;,
+     &quot;summary&quot;: &quot;The GB alarm is down, parse the cross-platform pixel so we can navigate the UDP microchip!&quot;,
    },
    {
-     &quot;description&quot;: &quot;You can&apos;t calculate the bus without transmitting the online IP panel!&quot;,
-     &quot;message&quot;: &quot;Use the multi-byte SSD interface, then you can index the optical matrix!&quot;,
-     &quot;summary&quot;: &quot;You can&apos;t compress the bandwidth without generating the online ADP firewall!&quot;,
+     &quot;description&quot;: &quot;The SAS interface is down, back up the haptic sensor so we can transmit the RAM alarm!&quot;,
+     &quot;message&quot;: &quot;Try to compress the UTF8 interface, maybe it will override the back-end capacitor!&quot;,
+     &quot;summary&quot;: &quot;Try to navigate the ASCII array, maybe it will program the back-end bus!&quot;,
    },
    {
-     &quot;description&quot;: &quot;I&apos;ll reboot the 1080p EXE microchip, that should sensor the SMTP firewall!&quot;,
-     &quot;message&quot;: &quot;The TCP protocol is down, index the 1080p card so we can transmit the THX microchip!&quot;,
-     &quot;summary&quot;: &quot;I&apos;ll generate the cross-platform SAS driver, that should firewall the IB panel!&quot;,
+     &quot;description&quot;: &quot;We need to synthesize the neural FTP panel!&quot;,
+     &quot;message&quot;: &quot;If we synthesize the program, we can get to the COM port through the mobile SSD circuit!&quot;,
+     &quot;summary&quot;: &quot;We need to index the solid state SAS monitor!&quot;,
    },
  ]

 ❯ src/test-suite-12.spec.ts:21:20
            </failure>
        </testcase>
        <testcase classname="src/test-suite-12.spec.ts" name="&apos;Decentralized system-worthy hierarchy&apos; &gt; &apos;I\&apos;ll index the back-end ADP capacito…&apos;" time="0.000071416">
        </testcase>
        <testcase classname="src/test-suite-12.spec.ts" name="&apos;Decentralized system-worthy hierarchy&apos; &gt; &apos;We need to connect the redundant USB …&apos;" time="0.000301458">
            <failure message="expected [ { …(3) }, { …(3) } ] to deeply equal [ { …(3) }, { …(3) }, { …(3) }, …(1) ]" type="AssertionError">
AssertionError: expected [ { …(3) }, { …(3) } ] to deeply equal [ { …(3) }, { …(3) }, { …(3) }, …(1) ]

- Expected
+ Received

  [
    {
-     &quot;description&quot;: &quot;If we quantify the hard drive, we can get to the AI monitor through the auxiliary SMTP application!&quot;,
-     &quot;message&quot;: &quot;Try to index the JBOD capacitor, maybe it will connect the haptic bandwidth!&quot;,
-     &quot;summary&quot;: &quot;Try to program the COM capacitor, maybe it will generate the haptic firewall!&quot;,
+     &quot;description&quot;: &quot;The TCP firewall is down, synthesize the optical feed so we can override the USB sensor!&quot;,
+     &quot;message&quot;: &quot;If we bypass the interface, we can get to the HDD panel through the 1080p IP port!&quot;,
+     &quot;summary&quot;: &quot;I&apos;ll copy the optical UTF8 pixel, that should pixel the AI protocol!&quot;,
    },
    {
-     &quot;description&quot;: &quot;We need to navigate the mobile AI alarm!&quot;,
-     &quot;message&quot;: &quot;I&apos;ll bypass the open-source IP array, that should matrix the AGP microchip!&quot;,
-     &quot;summary&quot;: &quot;If we bypass the array, we can get to the HDD bus through the primary SMTP array!&quot;,
-   },
-   {
-     &quot;description&quot;: &quot;You can&apos;t compress the card without compressing the online SMS array!&quot;,
-     &quot;message&quot;: &quot;I&apos;ll synthesize the redundant SMTP interface, that should pixel the IB panel!&quot;,
-     &quot;summary&quot;: &quot;quantifying the alarm won&apos;t do anything, we need to input the back-end PCI array!&quot;,
-   },
-   {
-     &quot;description&quot;: &quot;hacking the system won&apos;t do anything, we need to bypass the 1080p RAM firewall!&quot;,
-     &quot;message&quot;: &quot;Try to program the JBOD card, maybe it will override the auxiliary interface!&quot;,
-     &quot;summary&quot;: &quot;You can&apos;t hack the interface without overriding the auxiliary DNS bandwidth!&quot;,
+     &quot;description&quot;: &quot;Use the wireless SSL monitor, then you can quantify the wireless matrix!&quot;,
+     &quot;message&quot;: &quot;Use the digital CSS bus, then you can connect the redundant bus!&quot;,
+     &quot;summary&quot;: &quot;programming the alarm won&apos;t do anything, we need to bypass the primary UDP bandwidth!&quot;,
    },
  ]

 ❯ src/test-suite-12.spec.ts:21:20
            </failure>
        </testcase>
        <testcase classname="src/test-suite-12.spec.ts" name="&apos;Decentralized system-worthy hierarchy&apos; &gt; &apos;I\&apos;ll override the back-end DNS feed,…&apos;" time="0.000060416">
        </testcase>
        <testcase classname="src/test-suite-12.spec.ts" name="&apos;Decentralized system-worthy hierarchy&apos; &gt; &apos;If we reboot the application, we can …&apos;" time="0.000307292">
            <failure message="expected [ { …(3) }, { …(3) }, { …(3) }, …(1) ] to deeply equal [ { …(3) }, { …(3) }, { …(3) } ]" type="AssertionError">
AssertionError: expected [ { …(3) }, { …(3) }, { …(3) }, …(1) ] to deeply equal [ { …(3) }, { …(3) }, { …(3) } ]

- Expected
+ Received

  [
    {
-     &quot;description&quot;: &quot;Try to quantify the SSL bus, maybe it will calculate the bluetooth capacitor!&quot;,
-     &quot;message&quot;: &quot;Use the open-source SDD bus, then you can back up the digital matrix!&quot;,
-     &quot;summary&quot;: &quot;Use the open-source HTTP circuit, then you can override the online pixel!&quot;,
+     &quot;description&quot;: &quot;I&apos;ll bypass the bluetooth AGP transmitter, that should matrix the XSS sensor!&quot;,
+     &quot;message&quot;: &quot;programming the protocol won&apos;t do anything, we need to input the redundant ASCII system!&quot;,
+     &quot;summary&quot;: &quot;connecting the application won&apos;t do anything, we need to calculate the online RAM circuit!&quot;,
+   },
+   {
+     &quot;description&quot;: &quot;compressing the firewall won&apos;t do anything, we need to index the online AI alarm!&quot;,
+     &quot;message&quot;: &quot;We need to hack the optical JBOD port!&quot;,
+     &quot;summary&quot;: &quot;Use the virtual AI port, then you can reboot the optical pixel!&quot;,
    },
    {
-     &quot;description&quot;: &quot;quantifying the array won&apos;t do anything, we need to synthesize the auxiliary TLS feed!&quot;,
-     &quot;message&quot;: &quot;The SCSI capacitor is down, bypass the neural matrix so we can copy the TLS panel!&quot;,
-     &quot;summary&quot;: &quot;indexing the panel won&apos;t do anything, we need to synthesize the redundant EXE card!&quot;,
+     &quot;description&quot;: &quot;navigating the driver won&apos;t do anything, we need to compress the solid state SSD port!&quot;,
+     &quot;message&quot;: &quot;Use the neural SDD hard drive, then you can quantify the multi-byte transmitter!&quot;,
+     &quot;summary&quot;: &quot;The HEX pixel is down, hack the solid state interface so we can bypass the XSS protocol!&quot;,
    },
    {
-     &quot;description&quot;: &quot;Try to reboot the UTF8 feed, maybe it will calculate the open-source protocol!&quot;,
-     &quot;message&quot;: &quot;Try to navigate the JSON program, maybe it will quantify the solid state panel!&quot;,
-     &quot;summary&quot;: &quot;indexing the sensor won&apos;t do anything, we need to connect the solid state AGP interface!&quot;,
+     &quot;description&quot;: &quot;We need to hack the multi-byte PCI bus!&quot;,
+     &quot;message&quot;: &quot;If we program the application, we can get to the PNG port through the auxiliary COM transmitter!&quot;,
+     &quot;summary&quot;: &quot;I&apos;ll synthesize the 1080p SSL capacitor, that should feed the THX port!&quot;,
    },
  ]

 ❯ src/test-suite-12.spec.ts:21:20
            </failure>
        </testcase>
        <testcase classname="src/test-suite-12.spec.ts" name="&apos;Sustainable composite archive&apos; &gt; &apos;The COM bandwidth is down, bypass the…&apos;" time="0.00034175">
            <failure message="expected [ { …(3) }, { …(3) }, { …(3) }, …(2) ] to deeply equal [ { …(3) }, { …(3) }, { …(3) } ]" type="AssertionError">
AssertionError: expected [ { …(3) }, { …(3) }, { …(3) }, …(2) ] to deeply equal [ { …(3) }, { …(3) }, { …(3) } ]

- Expected
+ Received

  [
    {
-     &quot;description&quot;: &quot;The XSS alarm is down, quantify the haptic circuit so we can copy the DNS protocol!&quot;,
-     &quot;message&quot;: &quot;We need to reboot the mobile XML monitor!&quot;,
-     &quot;summary&quot;: &quot;Use the online SAS interface, then you can index the multi-byte protocol!&quot;,
+     &quot;description&quot;: &quot;If we back up the protocol, we can get to the IB alarm through the solid state SAS pixel!&quot;,
+     &quot;message&quot;: &quot;navigating the microchip won&apos;t do anything, we need to parse the bluetooth SDD application!&quot;,
+     &quot;summary&quot;: &quot;If we quantify the circuit, we can get to the USB transmitter through the digital SAS card!&quot;,
    },
    {
-     &quot;description&quot;: &quot;backing up the alarm won&apos;t do anything, we need to synthesize the digital RSS firewall!&quot;,
-     &quot;message&quot;: &quot;I&apos;ll reboot the online GB feed, that should array the XML program!&quot;,
-     &quot;summary&quot;: &quot;If we quantify the firewall, we can get to the GB array through the back-end GB monitor!&quot;,
+     &quot;description&quot;: &quot;I&apos;ll synthesize the multi-byte XSS pixel, that should monitor the UTF8 panel!&quot;,
+     &quot;message&quot;: &quot;We need to generate the online CSS circuit!&quot;,
+     &quot;summary&quot;: &quot;Try to copy the DNS hard drive, maybe it will transmit the mobile system!&quot;,
    },
    {
-     &quot;description&quot;: &quot;Use the solid state ADP application, then you can back up the optical circuit!&quot;,
-     &quot;message&quot;: &quot;I&apos;ll override the auxiliary CLI card, that should sensor the FTP transmitter!&quot;,
-     &quot;summary&quot;: &quot;If we compress the application, we can get to the SMS monitor through the optical IB bus!&quot;,
+     &quot;description&quot;: &quot;If we generate the bandwidth, we can get to the SAS matrix through the virtual FTP protocol!&quot;,
+     &quot;message&quot;: &quot;The UTF8 interface is down, navigate the bluetooth circuit so we can transmit the XML program!&quot;,
+     &quot;summary&quot;: &quot;Try to quantify the PNG panel, maybe it will calculate the mobile firewall!&quot;,
+   },
+   {
+     &quot;description&quot;: &quot;Try to program the IP matrix, maybe it will connect the digital interface!&quot;,
+     &quot;message&quot;: &quot;connecting the matrix won&apos;t do anything, we need to input the primary COM pixel!&quot;,
+     &quot;summary&quot;: &quot;If we synthesize the port, we can get to the TLS matrix through the 1080p COM card!&quot;,
+   },
+   {
+     &quot;description&quot;: &quot;hacking the system won&apos;t do anything, we need to back up the auxiliary SSD firewall!&quot;,
+     &quot;message&quot;: &quot;The EXE circuit is down, input the optical sensor so we can override the SAS bandwidth!&quot;,
+     &quot;summary&quot;: &quot;calculating the pixel won&apos;t do anything, we need to index the online SDD alarm!&quot;,
    },
  ]

 ❯ src/test-suite-12.spec.ts:21:20
            </failure>
        </testcase>
        <testcase classname="src/test-suite-12.spec.ts" name="&apos;Sustainable composite archive&apos; &gt; &apos;transmitting the pixel won\&apos;t do anyt…&apos;" time="0.000048">
        </testcase>
        <testcase classname="src/test-suite-12.spec.ts" name="&apos;Sustainable composite archive&apos; &gt; &apos;synthesizing the circuit won\&apos;t do an…&apos;" time="0.000350834">
            <failure message="expected [ { …(3) }, { …(3) }, { …(3) }, …(2) ] to deeply equal [ { …(3) }, { …(3) }, { …(3) } ]" type="AssertionError">
AssertionError: expected [ { …(3) }, { …(3) }, { …(3) }, …(2) ] to deeply equal [ { …(3) }, { …(3) }, { …(3) } ]

- Expected
+ Received

  [
    {
-     &quot;description&quot;: &quot;Use the 1080p RAM alarm, then you can navigate the bluetooth application!&quot;,
-     &quot;message&quot;: &quot;You can&apos;t transmit the card without hacking the wireless TCP protocol!&quot;,
-     &quot;summary&quot;: &quot;Use the wireless SCSI array, then you can back up the haptic program!&quot;,
+     &quot;description&quot;: &quot;We need to bypass the 1080p SSL application!&quot;,
+     &quot;message&quot;: &quot;transmitting the transmitter won&apos;t do anything, we need to parse the virtual PCI transmitter!&quot;,
+     &quot;summary&quot;: &quot;You can&apos;t hack the alarm without synthesizing the back-end TCP hard drive!&quot;,
    },
    {
-     &quot;description&quot;: &quot;The XML panel is down, calculate the bluetooth feed so we can override the SMTP port!&quot;,
-     &quot;message&quot;: &quot;If we quantify the microchip, we can get to the JSON array through the haptic XSS feed!&quot;,
-     &quot;summary&quot;: &quot;transmitting the alarm won&apos;t do anything, we need to calculate the cross-platform OCR feed!&quot;,
+     &quot;description&quot;: &quot;Try to hack the RSS matrix, maybe it will index the optical microchip!&quot;,
+     &quot;message&quot;: &quot;I&apos;ll quantify the bluetooth RAM interface, that should port the JSON matrix!&quot;,
+     &quot;summary&quot;: &quot;We need to compress the 1080p API panel!&quot;,
    },
    {
-     &quot;description&quot;: &quot;Use the auxiliary SMTP microchip, then you can synthesize the neural capacitor!&quot;,
-     &quot;message&quot;: &quot;Use the solid state CLI array, then you can parse the neural bus!&quot;,
-     &quot;summary&quot;: &quot;Use the bluetooth SMS bandwidth, then you can override the back-end pixel!&quot;,
+     &quot;description&quot;: &quot;Try to compress the TLS array, maybe it will navigate the online feed!&quot;,
+     &quot;message&quot;: &quot;We need to index the haptic SMS microchip!&quot;,
+     &quot;summary&quot;: &quot;We need to input the online SMTP port!&quot;,
+   },
+   {
+     &quot;description&quot;: &quot;We need to copy the auxiliary SCSI matrix!&quot;,
+     &quot;message&quot;: &quot;If we synthesize the monitor, we can get to the CSS bandwidth through the back-end HTTP circuit!&quot;,
+     &quot;summary&quot;: &quot;The AI monitor is down, reboot the 1080p bus so we can input the PNG array!&quot;,
+   },
+   {
+     &quot;description&quot;: &quot;Use the neural IP monitor, then you can input the optical interface!&quot;,
+     &quot;message&quot;: &quot;We need to input the optical IP transmitter!&quot;,
+     &quot;summary&quot;: &quot;You can&apos;t override the program without synthesizing the online API hard drive!&quot;,
    },
  ]

 ❯ src/test-suite-12.spec.ts:21:20
            </failure>
        </testcase>
        <testcase classname="src/test-suite-12.spec.ts" name="&apos;Sustainable composite archive&apos; &gt; &apos;generating the capacitor won\&apos;t do an…&apos;" time="0.000044416">
        </testcase>
        <testcase classname="src/test-suite-12.spec.ts" name="&apos;Sustainable composite archive&apos; &gt; &apos;I\&apos;ll quantify the auxiliary HDD matr…&apos;" time="0.000248833">
            <failure message="expected [ { …(3) }, { …(3) }, { …(3) } ] to deeply equal [ { …(3) }, { …(3) } ]" type="AssertionError">
AssertionError: expected [ { …(3) }, { …(3) }, { …(3) } ] to deeply equal [ { …(3) }, { …(3) } ]

- Expected
+ Received

  [
    {
-     &quot;description&quot;: &quot;Use the multi-byte XML monitor, then you can back up the mobile sensor!&quot;,
-     &quot;message&quot;: &quot;You can&apos;t index the hard drive without quantifying the redundant CLI system!&quot;,
-     &quot;summary&quot;: &quot;The XML circuit is down, back up the neural microchip so we can reboot the CSS bandwidth!&quot;,
+     &quot;description&quot;: &quot;Use the open-source AGP matrix, then you can transmit the virtual protocol!&quot;,
+     &quot;message&quot;: &quot;You can&apos;t copy the bandwidth without generating the digital SSD program!&quot;,
+     &quot;summary&quot;: &quot;You can&apos;t back up the circuit without synthesizing the solid state SQL firewall!&quot;,
+   },
+   {
+     &quot;description&quot;: &quot;synthesizing the port won&apos;t do anything, we need to back up the mobile TLS pixel!&quot;,
+     &quot;message&quot;: &quot;You can&apos;t generate the application without indexing the redundant DNS application!&quot;,
+     &quot;summary&quot;: &quot;Try to copy the CLI pixel, maybe it will calculate the mobile application!&quot;,
    },
    {
-     &quot;description&quot;: &quot;Try to reboot the CSS card, maybe it will navigate the auxiliary card!&quot;,
-     &quot;message&quot;: &quot;Try to input the HDD feed, maybe it will back up the wireless interface!&quot;,
-     &quot;summary&quot;: &quot;You can&apos;t bypass the card without parsing the virtual SAS bandwidth!&quot;,
+     &quot;description&quot;: &quot;The COM card is down, navigate the digital pixel so we can synthesize the AGP system!&quot;,
+     &quot;message&quot;: &quot;quantifying the protocol won&apos;t do anything, we need to reboot the optical TCP alarm!&quot;,
+     &quot;summary&quot;: &quot;If we parse the monitor, we can get to the JBOD array through the mobile API program!&quot;,
    },
  ]

 ❯ src/test-suite-12.spec.ts:21:20
            </failure>
        </testcase>
        <testcase classname="src/test-suite-12.spec.ts" name="&apos;Sustainable composite archive&apos; &gt; &apos;I\&apos;ll parse the haptic AI array, that…&apos;" time="0.000064083">
        </testcase>
        <testcase classname="src/test-suite-12.spec.ts" name="&apos;Sustainable composite archive&apos; &gt; &apos;Try to connect the OCR firewall, mayb…&apos;" time="0.000289792">
            <failure message="expected [ { …(3) }, { …(3) }, { …(3) }, …(2) ] to deeply equal [ { …(3) }, { …(3) } ]" type="AssertionError">
AssertionError: expected [ { …(3) }, { …(3) }, { …(3) }, …(2) ] to deeply equal [ { …(3) }, { …(3) } ]

- Expected
+ Received

  [
    {
-     &quot;description&quot;: &quot;Try to synthesize the AI panel, maybe it will navigate the 1080p program!&quot;,
-     &quot;message&quot;: &quot;I&apos;ll bypass the online THX driver, that should panel the SSD matrix!&quot;,
-     &quot;summary&quot;: &quot;I&apos;ll connect the haptic DRAM monitor, that should hard drive the JSON capacitor!&quot;,
+     &quot;description&quot;: &quot;You can&apos;t hack the feed without backing up the multi-byte DNS firewall!&quot;,
+     &quot;message&quot;: &quot;connecting the hard drive won&apos;t do anything, we need to override the solid state SDD capacitor!&quot;,
+     &quot;summary&quot;: &quot;Use the wireless UTF8 driver, then you can index the haptic hard drive!&quot;,
+   },
+   {
+     &quot;description&quot;: &quot;If we reboot the transmitter, we can get to the SSL protocol through the virtual HTTP pixel!&quot;,
+     &quot;message&quot;: &quot;Try to bypass the API pixel, maybe it will back up the wireless firewall!&quot;,
+     &quot;summary&quot;: &quot;Use the bluetooth TLS driver, then you can compress the mobile hard drive!&quot;,
+   },
+   {
+     &quot;description&quot;: &quot;Use the back-end SQL sensor, then you can quantify the virtual protocol!&quot;,
+     &quot;message&quot;: &quot;You can&apos;t compress the hard drive without compressing the open-source TLS firewall!&quot;,
+     &quot;summary&quot;: &quot;Use the redundant GB hard drive, then you can program the optical system!&quot;,
+   },
+   {
+     &quot;description&quot;: &quot;We need to program the neural PNG application!&quot;,
+     &quot;message&quot;: &quot;The AGP microchip is down, reboot the digital interface so we can override the COM feed!&quot;,
+     &quot;summary&quot;: &quot;programming the transmitter won&apos;t do anything, we need to compress the optical IP card!&quot;,
    },
    {
-     &quot;description&quot;: &quot;Try to compress the VGA program, maybe it will parse the solid state application!&quot;,
-     &quot;message&quot;: &quot;We need to navigate the auxiliary HDD array!&quot;,
-     &quot;summary&quot;: &quot;copying the alarm won&apos;t do anything, we need to hack the virtual HDD bandwidth!&quot;,
+     &quot;description&quot;: &quot;We need to hack the primary COM card!&quot;,
+     &quot;message&quot;: &quot;Use the optical CLI capacitor, then you can hack the digital application!&quot;,
+     &quot;summary&quot;: &quot;I&apos;ll calculate the back-end EXE driver, that should array the EXE capacitor!&quot;,
    },
  ]

 ❯ src/test-suite-12.spec.ts:21:20
            </failure>
        </testcase>
        <testcase classname="src/test-suite-12.spec.ts" name="&apos;Sustainable composite archive&apos; &gt; &apos;The HEX interface is down, hack the o…&apos;" time="0.000044791">
        </testcase>
        <testcase classname="src/test-suite-12.spec.ts" name="&apos;Sustainable composite archive&apos; &gt; &apos;You can\&apos;t input the array without ge…&apos;" time="0.000247167">
            <failure message="expected [ { …(3) }, { …(3) }, { …(3) } ] to deeply equal [ { …(3) }, { …(3) } ]" type="AssertionError">
AssertionError: expected [ { …(3) }, { …(3) }, { …(3) } ] to deeply equal [ { …(3) }, { …(3) } ]

- Expected
+ Received

  [
    {
-     &quot;description&quot;: &quot;Use the digital COM bandwidth, then you can index the back-end array!&quot;,
-     &quot;message&quot;: &quot;The IB card is down, bypass the multi-byte application so we can parse the SDD bus!&quot;,
-     &quot;summary&quot;: &quot;You can&apos;t bypass the protocol without compressing the optical SSL hard drive!&quot;,
+     &quot;description&quot;: &quot;If we hack the bandwidth, we can get to the IP feed through the redundant AI system!&quot;,
+     &quot;message&quot;: &quot;We need to bypass the wireless SMS panel!&quot;,
+     &quot;summary&quot;: &quot;If we navigate the driver, we can get to the TLS circuit through the 1080p SCSI driver!&quot;,
+   },
+   {
+     &quot;description&quot;: &quot;We need to index the redundant AGP capacitor!&quot;,
+     &quot;message&quot;: &quot;Use the 1080p JBOD sensor, then you can compress the back-end interface!&quot;,
+     &quot;summary&quot;: &quot;Try to copy the ADP capacitor, maybe it will navigate the online port!&quot;,
    },
    {
-     &quot;description&quot;: &quot;If we reboot the sensor, we can get to the THX pixel through the mobile COM driver!&quot;,
-     &quot;message&quot;: &quot;Try to input the VGA matrix, maybe it will input the cross-platform feed!&quot;,
-     &quot;summary&quot;: &quot;Use the primary SMTP port, then you can reboot the digital driver!&quot;,
+     &quot;description&quot;: &quot;The PCI port is down, navigate the 1080p interface so we can connect the DRAM firewall!&quot;,
+     &quot;message&quot;: &quot;Use the bluetooth TCP sensor, then you can index the haptic capacitor!&quot;,
+     &quot;summary&quot;: &quot;Try to parse the HEX matrix, maybe it will connect the open-source bandwidth!&quot;,
    },
  ]

 ❯ src/test-suite-12.spec.ts:21:20
            </failure>
        </testcase>
        <testcase classname="src/test-suite-12.spec.ts" name="&apos;Sustainable composite archive&apos; &gt; &apos;Use the redundant SSL system, then yo…&apos;" time="0.00006175">
        </testcase>
        <testcase classname="src/test-suite-12.spec.ts" name="&apos;Sustainable composite archive&apos; &gt; &apos;Use the multi-byte HDD monitor, then …&apos;" time="0.000271792">
            <failure message="expected [ { …(3) }, { …(3) }, { …(3) }, …(1) ] to deeply equal [ { …(3) }, { …(3) } ]" type="AssertionError">
AssertionError: expected [ { …(3) }, { …(3) }, { …(3) }, …(1) ] to deeply equal [ { …(3) }, { …(3) } ]

- Expected
+ Received

  [
    {
-     &quot;description&quot;: &quot;I&apos;ll back up the haptic UTF8 protocol, that should system the RSS matrix!&quot;,
-     &quot;message&quot;: &quot;You can&apos;t synthesize the port without overriding the open-source FTP sensor!&quot;,
-     &quot;summary&quot;: &quot;parsing the program won&apos;t do anything, we need to bypass the 1080p ADP pixel!&quot;,
+     &quot;description&quot;: &quot;parsing the bandwidth won&apos;t do anything, we need to index the digital VGA microchip!&quot;,
+     &quot;message&quot;: &quot;You can&apos;t connect the alarm without indexing the 1080p HDD circuit!&quot;,
+     &quot;summary&quot;: &quot;Use the digital SQL program, then you can calculate the bluetooth port!&quot;,
    },
    {
-     &quot;description&quot;: &quot;We need to index the back-end JSON bus!&quot;,
-     &quot;message&quot;: &quot;Try to compress the IB protocol, maybe it will hack the neural interface!&quot;,
-     &quot;summary&quot;: &quot;Try to parse the DNS matrix, maybe it will synthesize the primary circuit!&quot;,
+     &quot;description&quot;: &quot;I&apos;ll navigate the 1080p IB system, that should application the CLI panel!&quot;,
+     &quot;message&quot;: &quot;We need to transmit the open-source TCP alarm!&quot;,
+     &quot;summary&quot;: &quot;Use the multi-byte JBOD monitor, then you can copy the redundant microchip!&quot;,
+   },
+   {
+     &quot;description&quot;: &quot;If we transmit the protocol, we can get to the UTF8 port through the optical CLI driver!&quot;,
+     &quot;message&quot;: &quot;The SMS microchip is down, parse the neural monitor so we can transmit the XML alarm!&quot;,
+     &quot;summary&quot;: &quot;I&apos;ll quantify the online JBOD panel, that should sensor the HDD microchip!&quot;,
+   },
+   {
+     &quot;description&quot;: &quot;If we navigate the panel, we can get to the CSS monitor through the primary OCR pixel!&quot;,
+     &quot;message&quot;: &quot;I&apos;ll hack the mobile COM feed, that should panel the JBOD microchip!&quot;,
+     &quot;summary&quot;: &quot;We need to synthesize the back-end USB interface!&quot;,
    },
  ]

 ❯ src/test-suite-12.spec.ts:21:20
            </failure>
        </testcase>
        <testcase classname="src/test-suite-12.spec.ts" name="&apos;Sustainable composite archive&apos; &gt; &apos;indexing the protocol won\&apos;t do anyth…&apos;" time="0.000050166">
        </testcase>
        <testcase classname="src/test-suite-12.spec.ts" name="&apos;Sustainable composite archive&apos; &gt; &apos;You can\&apos;t copy the system without in…&apos;" time="0.000294875">
            <failure message="expected [ { …(3) }, { …(3) }, { …(3) }, …(2) ] to deeply equal [ { …(3) }, { …(3) } ]" type="AssertionError">
AssertionError: expected [ { …(3) }, { …(3) }, { …(3) }, …(2) ] to deeply equal [ { …(3) }, { …(3) } ]

- Expected
+ Received

  [
    {
-     &quot;description&quot;: &quot;The SDD capacitor is down, index the online feed so we can quantify the IP program!&quot;,
-     &quot;message&quot;: &quot;I&apos;ll override the wireless THX circuit, that should monitor the TCP panel!&quot;,
-     &quot;summary&quot;: &quot;compressing the matrix won&apos;t do anything, we need to override the virtual SCSI hard drive!&quot;,
+     &quot;description&quot;: &quot;The PCI bandwidth is down, back up the back-end alarm so we can index the JSON firewall!&quot;,
+     &quot;message&quot;: &quot;quantifying the sensor won&apos;t do anything, we need to generate the open-source TCP application!&quot;,
+     &quot;summary&quot;: &quot;We need to calculate the solid state XSS protocol!&quot;,
+   },
+   {
+     &quot;description&quot;: &quot;We need to reboot the back-end UDP system!&quot;,
+     &quot;message&quot;: &quot;You can&apos;t connect the transmitter without navigating the 1080p AGP firewall!&quot;,
+     &quot;summary&quot;: &quot;If we program the application, we can get to the CLI system through the auxiliary UTF8 system!&quot;,
+   },
+   {
+     &quot;description&quot;: &quot;Try to quantify the ADP transmitter, maybe it will parse the back-end firewall!&quot;,
+     &quot;message&quot;: &quot;The IB transmitter is down, input the solid state alarm so we can parse the DRAM microchip!&quot;,
+     &quot;summary&quot;: &quot;If we synthesize the pixel, we can get to the VGA panel through the bluetooth HDD driver!&quot;,
+   },
+   {
+     &quot;description&quot;: &quot;overriding the system won&apos;t do anything, we need to calculate the back-end USB application!&quot;,
+     &quot;message&quot;: &quot;You can&apos;t quantify the array without synthesizing the optical HEX driver!&quot;,
+     &quot;summary&quot;: &quot;Use the wireless USB card, then you can back up the haptic protocol!&quot;,
    },
    {
-     &quot;description&quot;: &quot;I&apos;ll transmit the 1080p SDD pixel, that should card the HTTP bandwidth!&quot;,
-     &quot;message&quot;: &quot;Try to back up the JSON driver, maybe it will input the auxiliary capacitor!&quot;,
-     &quot;summary&quot;: &quot;calculating the port won&apos;t do anything, we need to compress the back-end OCR program!&quot;,
+     &quot;description&quot;: &quot;The TLS panel is down, back up the mobile feed so we can program the SMTP driver!&quot;,
+     &quot;message&quot;: &quot;We need to hack the wireless XSS protocol!&quot;,
+     &quot;summary&quot;: &quot;We need to transmit the 1080p RAM transmitter!&quot;,
    },
  ]

 ❯ src/test-suite-12.spec.ts:21:20
            </failure>
        </testcase>
        <testcase classname="src/test-suite-12.spec.ts" name="&apos;Sustainable composite archive&apos; &gt; &apos;I\&apos;ll compress the cross-platform FTP…&apos;" time="0.000063709">
        </testcase>
        <testcase classname="src/test-suite-12.spec.ts" name="&apos;Sustainable composite archive&apos; &gt; &apos;Try to input the SDD feed, maybe it w…&apos;" time="0.000377167">
            <failure message="expected [ { …(3) }, { …(3) } ] to deeply equal [ { …(3) }, { …(3) }, { …(3) }, …(1) ]" type="AssertionError">
AssertionError: expected [ { …(3) }, { …(3) } ] to deeply equal [ { …(3) }, { …(3) }, { …(3) }, …(1) ]

- Expected
+ Received

  [
    {
-     &quot;description&quot;: &quot;Try to index the XSS transmitter, maybe it will quantify the solid state matrix!&quot;,
-     &quot;message&quot;: &quot;bypassing the firewall won&apos;t do anything, we need to reboot the digital UDP protocol!&quot;,
-     &quot;summary&quot;: &quot;I&apos;ll reboot the primary JBOD capacitor, that should capacitor the AI transmitter!&quot;,
+     &quot;description&quot;: &quot;If we override the feed, we can get to the AI microchip through the digital VGA alarm!&quot;,
+     &quot;message&quot;: &quot;If we back up the application, we can get to the USB capacitor through the optical RSS firewall!&quot;,
+     &quot;summary&quot;: &quot;You can&apos;t reboot the card without hacking the back-end EXE array!&quot;,
    },
    {
-     &quot;description&quot;: &quot;Use the bluetooth HDD hard drive, then you can input the online interface!&quot;,
-     &quot;message&quot;: &quot;If we hack the pixel, we can get to the AI card through the redundant XML matrix!&quot;,
-     &quot;summary&quot;: &quot;We need to navigate the multi-byte ASCII monitor!&quot;,
-   },
-   {
-     &quot;description&quot;: &quot;The SQL bandwidth is down, parse the cross-platform interface so we can bypass the SMTP matrix!&quot;,
-     &quot;message&quot;: &quot;Use the auxiliary SMS firewall, then you can copy the mobile system!&quot;,
-     &quot;summary&quot;: &quot;If we bypass the bandwidth, we can get to the IP sensor through the solid state AI pixel!&quot;,
-   },
-   {
-     &quot;description&quot;: &quot;I&apos;ll index the haptic IP interface, that should system the EXE capacitor!&quot;,
-     &quot;message&quot;: &quot;Use the mobile OCR array, then you can copy the redundant bus!&quot;,
-     &quot;summary&quot;: &quot;We need to reboot the digital RAM monitor!&quot;,
+     &quot;description&quot;: &quot;If we reboot the program, we can get to the GB driver through the auxiliary SDD bus!&quot;,
+     &quot;message&quot;: &quot;The SQL firewall is down, navigate the open-source system so we can connect the JSON circuit!&quot;,
+     &quot;summary&quot;: &quot;We need to compress the neural SQL system!&quot;,
    },
  ]

 ❯ src/test-suite-12.spec.ts:21:20
            </failure>
        </testcase>
        <testcase classname="src/test-suite-12.spec.ts" name="&apos;Sustainable composite archive&apos; &gt; &apos;You can\&apos;t quantify the bus without c…&apos;" time="0.000046833">
        </testcase>
        <testcase classname="src/test-suite-12.spec.ts" name="&apos;Sustainable composite archive&apos; &gt; &apos;We need to program the virtual SMTP p…&apos;" time="0.000351708">
            <failure message="expected [ { …(3) }, { …(3) }, { …(3) }, …(2) ] to deeply equal [ { …(3) }, { …(3) }, { …(3) } ]" type="AssertionError">
AssertionError: expected [ { …(3) }, { …(3) }, { …(3) }, …(2) ] to deeply equal [ { …(3) }, { …(3) }, { …(3) } ]

- Expected
+ Received

  [
    {
-     &quot;description&quot;: &quot;indexing the alarm won&apos;t do anything, we need to copy the 1080p SMTP port!&quot;,
-     &quot;message&quot;: &quot;If we transmit the port, we can get to the AI circuit through the multi-byte IP alarm!&quot;,
-     &quot;summary&quot;: &quot;I&apos;ll navigate the online CLI panel, that should transmitter the PCI system!&quot;,
+     &quot;description&quot;: &quot;Use the 1080p HTTP bandwidth, then you can transmit the redundant capacitor!&quot;,
+     &quot;message&quot;: &quot;If we override the alarm, we can get to the UDP interface through the mobile VGA circuit!&quot;,
+     &quot;summary&quot;: &quot;If we parse the circuit, we can get to the SDD array through the multi-byte AI bus!&quot;,
    },
    {
-     &quot;description&quot;: &quot;The TLS bandwidth is down, input the cross-platform interface so we can transmit the PCI transmitter!&quot;,
-     &quot;message&quot;: &quot;The UDP protocol is down, hack the solid state capacitor so we can reboot the TLS matrix!&quot;,
-     &quot;summary&quot;: &quot;The RSS hard drive is down, input the redundant card so we can bypass the HDD port!&quot;,
+     &quot;description&quot;: &quot;If we connect the microchip, we can get to the ADP sensor through the digital VGA interface!&quot;,
+     &quot;message&quot;: &quot;I&apos;ll hack the redundant RSS card, that should bus the JBOD application!&quot;,
+     &quot;summary&quot;: &quot;The DRAM panel is down, program the bluetooth firewall so we can compress the CSS pixel!&quot;,
    },
    {
-     &quot;description&quot;: &quot;bypassing the transmitter won&apos;t do anything, we need to bypass the cross-platform TLS capacitor!&quot;,
-     &quot;message&quot;: &quot;navigating the interface won&apos;t do anything, we need to input the digital UDP system!&quot;,
-     &quot;summary&quot;: &quot;If we copy the capacitor, we can get to the SSL panel through the mobile PNG bus!&quot;,
+     &quot;description&quot;: &quot;We need to hack the auxiliary GB card!&quot;,
+     &quot;message&quot;: &quot;Use the auxiliary ASCII application, then you can override the online microchip!&quot;,
+     &quot;summary&quot;: &quot;The IB firewall is down, parse the back-end hard drive so we can connect the SAS sensor!&quot;,
+   },
+   {
+     &quot;description&quot;: &quot;We need to generate the online DNS alarm!&quot;,
+     &quot;message&quot;: &quot;Use the virtual USB monitor, then you can synthesize the optical firewall!&quot;,
+     &quot;summary&quot;: &quot;The TCP circuit is down, back up the 1080p protocol so we can hack the AI panel!&quot;,
+   },
+   {
+     &quot;description&quot;: &quot;Try to compress the FTP feed, maybe it will navigate the haptic protocol!&quot;,
+     &quot;message&quot;: &quot;Try to synthesize the API port, maybe it will transmit the open-source capacitor!&quot;,
+     &quot;summary&quot;: &quot;We need to input the wireless JSON protocol!&quot;,
    },
  ]

 ❯ src/test-suite-12.spec.ts:21:20
            </failure>
        </testcase>
        <testcase classname="src/test-suite-12.spec.ts" name="&apos;Sustainable composite archive&apos; &gt; &apos;If we program the firewall, we can ge…&apos;" time="0.000057375">
        </testcase>
        <testcase classname="src/test-suite-12.spec.ts" name="&apos;Sustainable composite archive&apos; &gt; &apos;We need to navigate the back-end IP c…&apos;" time="0.000343083">
            <failure message="expected [ { …(3) }, { …(3) }, { …(3) } ] to deeply equal [ { …(3) }, { …(3) }, { …(3) } ]" type="AssertionError">
AssertionError: expected [ { …(3) }, { …(3) }, { …(3) } ] to deeply equal [ { …(3) }, { …(3) }, { …(3) } ]

- Expected
+ Received

  [
    {
-     &quot;description&quot;: &quot;I&apos;ll override the primary PNG circuit, that should port the UTF8 bandwidth!&quot;,
-     &quot;message&quot;: &quot;We need to quantify the neural XML system!&quot;,
-     &quot;summary&quot;: &quot;Use the neural DNS system, then you can quantify the neural application!&quot;,
+     &quot;description&quot;: &quot;We need to transmit the back-end XSS sensor!&quot;,
+     &quot;message&quot;: &quot;Use the bluetooth ADP capacitor, then you can calculate the virtual transmitter!&quot;,
+     &quot;summary&quot;: &quot;generating the interface won&apos;t do anything, we need to connect the digital CSS array!&quot;,
    },
    {
-     &quot;description&quot;: &quot;The IP hard drive is down, compress the back-end hard drive so we can input the IP program!&quot;,
-     &quot;message&quot;: &quot;You can&apos;t input the hard drive without backing up the virtual JSON feed!&quot;,
-     &quot;summary&quot;: &quot;I&apos;ll parse the back-end SSL port, that should matrix the HDD hard drive!&quot;,
+     &quot;description&quot;: &quot;Try to index the AI monitor, maybe it will connect the online microchip!&quot;,
+     &quot;message&quot;: &quot;hacking the transmitter won&apos;t do anything, we need to navigate the digital TCP monitor!&quot;,
+     &quot;summary&quot;: &quot;You can&apos;t hack the interface without synthesizing the auxiliary SDD program!&quot;,
    },
    {
-     &quot;description&quot;: &quot;Use the online SCSI matrix, then you can index the digital protocol!&quot;,
-     &quot;message&quot;: &quot;We need to reboot the mobile UDP transmitter!&quot;,
-     &quot;summary&quot;: &quot;I&apos;ll reboot the open-source XSS bandwidth, that should interface the PCI system!&quot;,
+     &quot;description&quot;: &quot;Use the mobile ADP array, then you can generate the wireless bus!&quot;,
+     &quot;message&quot;: &quot;If we back up the bandwidth, we can get to the ASCII transmitter through the back-end IP sensor!&quot;,
+     &quot;summary&quot;: &quot;We need to bypass the back-end RAM sensor!&quot;,
    },
  ]

 ❯ src/test-suite-12.spec.ts:21:20
            </failure>
        </testcase>
        <testcase classname="src/test-suite-12.spec.ts" name="&apos;Sustainable composite archive&apos; &gt; &apos;If we calculate the panel, we can get…&apos;" time="0.000059833">
        </testcase>
        <testcase classname="src/test-suite-12.spec.ts" name="&apos;Sustainable composite archive&apos; &gt; &apos;We need to bypass the redundant SCSI …&apos;" time="0.000303584">
            <failure message="expected [ { …(3) }, { …(3) } ] to deeply equal [ { …(3) }, { …(3) }, { …(3) }, …(1) ]" type="AssertionError">
AssertionError: expected [ { …(3) }, { …(3) } ] to deeply equal [ { …(3) }, { …(3) }, { …(3) }, …(1) ]

- Expected
+ Received

  [
    {
-     &quot;description&quot;: &quot;If we transmit the port, we can get to the HTTP alarm through the digital CSS firewall!&quot;,
-     &quot;message&quot;: &quot;If we program the system, we can get to the TLS array through the neural TCP capacitor!&quot;,
-     &quot;summary&quot;: &quot;You can&apos;t index the system without quantifying the solid state SQL panel!&quot;,
+     &quot;description&quot;: &quot;If we quantify the array, we can get to the JSON protocol through the haptic PNG pixel!&quot;,
+     &quot;message&quot;: &quot;You can&apos;t program the card without indexing the virtual IP panel!&quot;,
+     &quot;summary&quot;: &quot;We need to input the cross-platform JSON port!&quot;,
    },
    {
-     &quot;description&quot;: &quot;backing up the pixel won&apos;t do anything, we need to synthesize the online SAS feed!&quot;,
-     &quot;message&quot;: &quot;Try to copy the SMTP driver, maybe it will copy the 1080p panel!&quot;,
-     &quot;summary&quot;: &quot;Try to synthesize the API panel, maybe it will program the 1080p system!&quot;,
-   },
-   {
-     &quot;description&quot;: &quot;We need to back up the virtual OCR capacitor!&quot;,
-     &quot;message&quot;: &quot;programming the circuit won&apos;t do anything, we need to navigate the cross-platform AI port!&quot;,
-     &quot;summary&quot;: &quot;You can&apos;t transmit the firewall without indexing the optical XSS monitor!&quot;,
-   },
-   {
-     &quot;description&quot;: &quot;Try to navigate the USB hard drive, maybe it will generate the solid state microchip!&quot;,
-     &quot;message&quot;: &quot;I&apos;ll synthesize the virtual DNS system, that should circuit the HTTP transmitter!&quot;,
-     &quot;summary&quot;: &quot;The RSS program is down, reboot the neural matrix so we can generate the OCR system!&quot;,
+     &quot;description&quot;: &quot;We need to override the back-end SMS monitor!&quot;,
+     &quot;message&quot;: &quot;Try to transmit the SMTP port, maybe it will index the wireless port!&quot;,
+     &quot;summary&quot;: &quot;Use the multi-byte DRAM alarm, then you can hack the open-source firewall!&quot;,
    },
  ]

 ❯ src/test-suite-12.spec.ts:21:20
            </failure>
        </testcase>
        <testcase classname="src/test-suite-12.spec.ts" name="&apos;Sustainable composite archive&apos; &gt; &apos;The HDD application is down, transmit…&apos;" time="0.000078584">
        </testcase>
        <testcase classname="src/test-suite-12.spec.ts" name="&apos;Sustainable composite archive&apos; &gt; &apos;If we synthesize the card, we can get…&apos;" time="0.000285291">
            <failure message="expected [ { …(3) }, { …(3) }, { …(3) }, …(2) ] to deeply equal [ { …(3) }, { …(3) } ]" type="AssertionError">
AssertionError: expected [ { …(3) }, { …(3) }, { …(3) }, …(2) ] to deeply equal [ { …(3) }, { …(3) } ]

- Expected
+ Received

  [
    {
-     &quot;description&quot;: &quot;You can&apos;t calculate the port without generating the optical SSD bandwidth!&quot;,
-     &quot;message&quot;: &quot;Use the primary TLS system, then you can back up the online hard drive!&quot;,
-     &quot;summary&quot;: &quot;Try to navigate the HTTP firewall, maybe it will input the optical firewall!&quot;,
+     &quot;description&quot;: &quot;We need to override the solid state RAM array!&quot;,
+     &quot;message&quot;: &quot;We need to parse the virtual XML driver!&quot;,
+     &quot;summary&quot;: &quot;I&apos;ll bypass the wireless UDP interface, that should pixel the SCSI alarm!&quot;,
+   },
+   {
+     &quot;description&quot;: &quot;You can&apos;t calculate the sensor without generating the open-source SSL protocol!&quot;,
+     &quot;message&quot;: &quot;Use the virtual CSS program, then you can back up the mobile microchip!&quot;,
+     &quot;summary&quot;: &quot;We need to input the online ASCII monitor!&quot;,
+   },
+   {
+     &quot;description&quot;: &quot;The UDP capacitor is down, reboot the neural capacitor so we can input the EXE circuit!&quot;,
+     &quot;message&quot;: &quot;calculating the transmitter won&apos;t do anything, we need to program the online PNG driver!&quot;,
+     &quot;summary&quot;: &quot;You can&apos;t compress the system without generating the back-end EXE protocol!&quot;,
+   },
+   {
+     &quot;description&quot;: &quot;Use the primary ADP monitor, then you can compress the 1080p monitor!&quot;,
+     &quot;message&quot;: &quot;The TLS array is down, hack the optical pixel so we can index the PCI alarm!&quot;,
+     &quot;summary&quot;: &quot;You can&apos;t copy the firewall without copying the optical SQL interface!&quot;,
    },
    {
-     &quot;description&quot;: &quot;If we compress the interface, we can get to the XSS capacitor through the redundant TLS circuit!&quot;,
-     &quot;message&quot;: &quot;I&apos;ll transmit the multi-byte SSL bandwidth, that should panel the CSS circuit!&quot;,
-     &quot;summary&quot;: &quot;I&apos;ll bypass the mobile DNS sensor, that should panel the IP circuit!&quot;,
+     &quot;description&quot;: &quot;We need to index the mobile DRAM bus!&quot;,
+     &quot;message&quot;: &quot;I&apos;ll transmit the bluetooth EXE pixel, that should program the EXE panel!&quot;,
+     &quot;summary&quot;: &quot;The HEX feed is down, copy the redundant protocol so we can back up the TCP firewall!&quot;,
    },
  ]

 ❯ src/test-suite-12.spec.ts:21:20
            </failure>
        </testcase>
        <testcase classname="src/test-suite-12.spec.ts" name="&apos;Sustainable composite archive&apos; &gt; &apos;You can\&apos;t quantify the program witho…&apos;" time="0.000052417">
        </testcase>
        <testcase classname="src/test-suite-12.spec.ts" name="&apos;Sustainable composite archive&apos; &gt; &apos;navigating the system won\&apos;t do anyth…&apos;" time="0.000298458">
            <failure message="expected [ { …(3) }, { …(3) }, { …(3) }, …(2) ] to deeply equal [ { …(3) }, { …(3) } ]" type="AssertionError">
AssertionError: expected [ { …(3) }, { …(3) }, { …(3) }, …(2) ] to deeply equal [ { …(3) }, { …(3) } ]

- Expected
+ Received

  [
    {
-     &quot;description&quot;: &quot;You can&apos;t synthesize the feed without copying the multi-byte SSL matrix!&quot;,
-     &quot;message&quot;: &quot;You can&apos;t calculate the card without generating the neural OCR matrix!&quot;,
-     &quot;summary&quot;: &quot;navigating the alarm won&apos;t do anything, we need to connect the back-end THX firewall!&quot;,
+     &quot;description&quot;: &quot;We need to back up the digital TCP array!&quot;,
+     &quot;message&quot;: &quot;We need to index the solid state HEX pixel!&quot;,
+     &quot;summary&quot;: &quot;If we copy the array, we can get to the SCSI capacitor through the haptic RAM program!&quot;,
+   },
+   {
+     &quot;description&quot;: &quot;Use the auxiliary AGP port, then you can index the neural circuit!&quot;,
+     &quot;message&quot;: &quot;Try to bypass the THX panel, maybe it will parse the cross-platform array!&quot;,
+     &quot;summary&quot;: &quot;The IP array is down, connect the multi-byte panel so we can parse the GB bus!&quot;,
+   },
+   {
+     &quot;description&quot;: &quot;Try to transmit the EXE panel, maybe it will reboot the haptic card!&quot;,
+     &quot;message&quot;: &quot;Try to back up the PCI application, maybe it will copy the auxiliary feed!&quot;,
+     &quot;summary&quot;: &quot;You can&apos;t back up the feed without synthesizing the haptic SSL hard drive!&quot;,
+   },
+   {
+     &quot;description&quot;: &quot;I&apos;ll parse the redundant SSL hard drive, that should array the HTTP interface!&quot;,
+     &quot;message&quot;: &quot;I&apos;ll generate the wireless SDD pixel, that should transmitter the DRAM system!&quot;,
+     &quot;summary&quot;: &quot;connecting the array won&apos;t do anything, we need to override the open-source EXE protocol!&quot;,
    },
    {
-     &quot;description&quot;: &quot;Try to calculate the SMTP transmitter, maybe it will bypass the mobile bus!&quot;,
-     &quot;message&quot;: &quot;Use the solid state UTF8 sensor, then you can reboot the online monitor!&quot;,
-     &quot;summary&quot;: &quot;You can&apos;t hack the interface without bypassing the neural COM firewall!&quot;,
+     &quot;description&quot;: &quot;overriding the bus won&apos;t do anything, we need to reboot the online SSD program!&quot;,
+     &quot;message&quot;: &quot;We need to navigate the mobile CSS bandwidth!&quot;,
+     &quot;summary&quot;: &quot;You can&apos;t reboot the bus without compressing the virtual API matrix!&quot;,
    },
  ]

 ❯ src/test-suite-12.spec.ts:21:20
            </failure>
        </testcase>
        <testcase classname="src/test-suite-12.spec.ts" name="&apos;Sustainable composite archive&apos; &gt; &apos;If we index the matrix, we can get to…&apos;" time="0.000053042">
        </testcase>
        <testcase classname="src/test-suite-12.spec.ts" name="&apos;Sustainable composite archive&apos; &gt; &apos;You can\&apos;t calculate the capacitor wi…&apos;" time="0.000275292">
            <failure message="expected [ { …(3) }, { …(3) } ] to deeply equal [ { …(3) }, { …(3) }, { …(3) }, …(2) ]" type="AssertionError">
AssertionError: expected [ { …(3) }, { …(3) } ] to deeply equal [ { …(3) }, { …(3) }, { …(3) }, …(2) ]

- Expected
+ Received

  [
    {
-     &quot;description&quot;: &quot;We need to compress the mobile PCI program!&quot;,
-     &quot;message&quot;: &quot;Use the bluetooth HEX circuit, then you can program the multi-byte capacitor!&quot;,
-     &quot;summary&quot;: &quot;The GB array is down, generate the multi-byte capacitor so we can override the DRAM monitor!&quot;,
-   },
-   {
-     &quot;description&quot;: &quot;If we override the system, we can get to the DNS array through the wireless PCI port!&quot;,
-     &quot;message&quot;: &quot;overriding the system won&apos;t do anything, we need to index the digital GB bus!&quot;,
-     &quot;summary&quot;: &quot;overriding the array won&apos;t do anything, we need to quantify the optical UDP microchip!&quot;,
-   },
-   {
-     &quot;description&quot;: &quot;Use the cross-platform HDD firewall, then you can parse the wireless sensor!&quot;,
-     &quot;message&quot;: &quot;I&apos;ll navigate the primary HDD port, that should program the DRAM hard drive!&quot;,
-     &quot;summary&quot;: &quot;If we index the feed, we can get to the EXE hard drive through the virtual SSL microchip!&quot;,
-   },
-   {
-     &quot;description&quot;: &quot;I&apos;ll quantify the optical DRAM bus, that should card the CLI circuit!&quot;,
-     &quot;message&quot;: &quot;programming the application won&apos;t do anything, we need to back up the cross-platform HEX pixel!&quot;,
-     &quot;summary&quot;: &quot;I&apos;ll parse the haptic PCI feed, that should microchip the USB firewall!&quot;,
+     &quot;description&quot;: &quot;transmitting the microchip won&apos;t do anything, we need to quantify the redundant XML sensor!&quot;,
+     &quot;message&quot;: &quot;Try to program the CSS capacitor, maybe it will calculate the primary interface!&quot;,
+     &quot;summary&quot;: &quot;We need to connect the wireless RAM interface!&quot;,
    },
    {
-     &quot;description&quot;: &quot;We need to connect the bluetooth DNS bus!&quot;,
-     &quot;message&quot;: &quot;We need to transmit the back-end SAS feed!&quot;,
-     &quot;summary&quot;: &quot;indexing the program won&apos;t do anything, we need to navigate the primary AGP bus!&quot;,
+     &quot;description&quot;: &quot;backing up the matrix won&apos;t do anything, we need to reboot the 1080p SDD alarm!&quot;,
+     &quot;message&quot;: &quot;Use the 1080p SCSI array, then you can calculate the redundant system!&quot;,
+     &quot;summary&quot;: &quot;Try to input the HDD driver, maybe it will copy the primary panel!&quot;,
    },
  ]

 ❯ src/test-suite-12.spec.ts:21:20
            </failure>
        </testcase>
        <testcase classname="src/test-suite-12.spec.ts" name="&apos;Sustainable composite archive&apos; &gt; &apos;You can\&apos;t reboot the system without …&apos;" time="0.000060875">
        </testcase>
        <testcase classname="src/test-suite-12.spec.ts" name="&apos;Sustainable composite archive&apos; &gt; &apos;Use the virtual JBOD bus, then you ca…&apos;" time="0.00022625">
            <failure message="expected [ { …(3) }, { …(3) } ] to deeply equal [ { …(3) }, { …(3) } ]" type="AssertionError">
AssertionError: expected [ { …(3) }, { …(3) } ] to deeply equal [ { …(3) }, { …(3) } ]

- Expected
+ Received

  [
    {
-     &quot;description&quot;: &quot;If we calculate the microchip, we can get to the HTTP program through the optical TLS bandwidth!&quot;,
-     &quot;message&quot;: &quot;Use the mobile USB alarm, then you can connect the primary monitor!&quot;,
-     &quot;summary&quot;: &quot;I&apos;ll override the digital SSD program, that should firewall the ADP card!&quot;,
+     &quot;description&quot;: &quot;If we input the alarm, we can get to the SQL capacitor through the solid state VGA panel!&quot;,
+     &quot;message&quot;: &quot;If we transmit the interface, we can get to the DNS alarm through the redundant VGA bus!&quot;,
+     &quot;summary&quot;: &quot;The XSS alarm is down, program the haptic system so we can input the UDP hard drive!&quot;,
    },
    {
-     &quot;description&quot;: &quot;We need to compress the digital SQL bus!&quot;,
-     &quot;message&quot;: &quot;We need to index the bluetooth XSS bus!&quot;,
-     &quot;summary&quot;: &quot;You can&apos;t input the system without bypassing the optical EXE firewall!&quot;,
+     &quot;description&quot;: &quot;Try to generate the SCSI pixel, maybe it will quantify the mobile hard drive!&quot;,
+     &quot;message&quot;: &quot;The IB firewall is down, index the redundant alarm so we can override the HDD application!&quot;,
+     &quot;summary&quot;: &quot;The SMTP monitor is down, transmit the online feed so we can quantify the AI port!&quot;,
    },
  ]

 ❯ src/test-suite-12.spec.ts:21:20
            </failure>
        </testcase>
        <testcase classname="src/test-suite-12.spec.ts" name="&apos;Sustainable composite archive&apos; &gt; &apos;Use the optical HTTP array, then you …&apos;" time="0.000049041">
        </testcase>
        <testcase classname="src/test-suite-12.spec.ts" name="&apos;Sustainable composite archive&apos; &gt; &apos;If we back up the firewall, we can ge…&apos;" time="0.000303208">
            <failure message="expected [ { …(3) }, { …(3) }, { …(3) }, …(2) ] to deeply equal [ { …(3) }, { …(3) } ]" type="AssertionError">
AssertionError: expected [ { …(3) }, { …(3) }, { …(3) }, …(2) ] to deeply equal [ { …(3) }, { …(3) } ]

- Expected
+ Received

  [
    {
-     &quot;description&quot;: &quot;We need to copy the redundant HDD matrix!&quot;,
-     &quot;message&quot;: &quot;The HDD system is down, back up the cross-platform matrix so we can program the EXE application!&quot;,
-     &quot;summary&quot;: &quot;If we navigate the transmitter, we can get to the AGP transmitter through the online UTF8 interface!&quot;,
+     &quot;description&quot;: &quot;Try to generate the COM circuit, maybe it will override the digital card!&quot;,
+     &quot;message&quot;: &quot;We need to calculate the digital SDD circuit!&quot;,
+     &quot;summary&quot;: &quot;You can&apos;t compress the bandwidth without quantifying the back-end UDP firewall!&quot;,
+   },
+   {
+     &quot;description&quot;: &quot;The OCR hard drive is down, input the haptic panel so we can connect the SMS capacitor!&quot;,
+     &quot;message&quot;: &quot;You can&apos;t back up the alarm without compressing the primary AGP protocol!&quot;,
+     &quot;summary&quot;: &quot;You can&apos;t connect the monitor without transmitting the 1080p SMS firewall!&quot;,
+   },
+   {
+     &quot;description&quot;: &quot;The SMS protocol is down, copy the back-end system so we can copy the RSS sensor!&quot;,
+     &quot;message&quot;: &quot;Try to generate the UTF8 card, maybe it will transmit the open-source panel!&quot;,
+     &quot;summary&quot;: &quot;You can&apos;t generate the transmitter without hacking the wireless SDD bus!&quot;,
+   },
+   {
+     &quot;description&quot;: &quot;The FTP array is down, generate the cross-platform driver so we can navigate the HDD microchip!&quot;,
+     &quot;message&quot;: &quot;Use the primary API firewall, then you can synthesize the solid state microchip!&quot;,
+     &quot;summary&quot;: &quot;Use the 1080p SMTP matrix, then you can compress the wireless hard drive!&quot;,
    },
    {
-     &quot;description&quot;: &quot;Try to parse the IB program, maybe it will quantify the primary bus!&quot;,
-     &quot;message&quot;: &quot;overriding the hard drive won&apos;t do anything, we need to quantify the online TLS driver!&quot;,
-     &quot;summary&quot;: &quot;Use the back-end HDD circuit, then you can calculate the redundant program!&quot;,
+     &quot;description&quot;: &quot;I&apos;ll hack the bluetooth CLI capacitor, that should pixel the PCI port!&quot;,
+     &quot;message&quot;: &quot;If we copy the panel, we can get to the DNS driver through the wireless HDD bandwidth!&quot;,
+     &quot;summary&quot;: &quot;The SMTP protocol is down, input the auxiliary system so we can connect the ASCII bandwidth!&quot;,
    },
  ]

 ❯ src/test-suite-12.spec.ts:21:20
            </failure>
        </testcase>
        <testcase classname="src/test-suite-12.spec.ts" name="&apos;Sustainable composite archive&apos; &gt; &apos;We need to compress the bluetooth SSD…&apos;" time="0.000104625">
        </testcase>
        <testcase classname="src/test-suite-12.spec.ts" name="&apos;Sustainable composite archive&apos; &gt; &apos;If we connect the panel, we can get t…&apos;" time="0.000323417">
            <failure message="expected [ { …(3) }, { …(3) }, { …(3) }, …(1) ] to deeply equal [ { …(3) }, { …(3) }, { …(3) }, …(1) ]" type="AssertionError">
AssertionError: expected [ { …(3) }, { …(3) }, { …(3) }, …(1) ] to deeply equal [ { …(3) }, { …(3) }, { …(3) }, …(1) ]

- Expected
+ Received

  [
    {
-     &quot;description&quot;: &quot;generating the program won&apos;t do anything, we need to hack the primary UDP microchip!&quot;,
-     &quot;message&quot;: &quot;Try to synthesize the SDD sensor, maybe it will input the open-source bandwidth!&quot;,
-     &quot;summary&quot;: &quot;If we bypass the protocol, we can get to the DRAM port through the virtual PNG interface!&quot;,
+     &quot;description&quot;: &quot;The HTTP card is down, copy the cross-platform card so we can compress the HTTP application!&quot;,
+     &quot;message&quot;: &quot;Try to connect the DRAM microchip, maybe it will input the auxiliary program!&quot;,
+     &quot;summary&quot;: &quot;generating the pixel won&apos;t do anything, we need to copy the neural RSS transmitter!&quot;,
    },
    {
-     &quot;description&quot;: &quot;Use the back-end GB matrix, then you can calculate the auxiliary microchip!&quot;,
-     &quot;message&quot;: &quot;The ASCII interface is down, connect the mobile matrix so we can synthesize the API card!&quot;,
-     &quot;summary&quot;: &quot;We need to parse the bluetooth XML transmitter!&quot;,
+     &quot;description&quot;: &quot;Use the cross-platform RAM transmitter, then you can generate the multi-byte firewall!&quot;,
+     &quot;message&quot;: &quot;If we parse the array, we can get to the DRAM sensor through the neural AI bandwidth!&quot;,
+     &quot;summary&quot;: &quot;If we generate the microchip, we can get to the EXE bandwidth through the neural SQL alarm!&quot;,
    },
    {
-     &quot;description&quot;: &quot;Use the bluetooth TCP microchip, then you can parse the bluetooth pixel!&quot;,
-     &quot;message&quot;: &quot;If we transmit the bus, we can get to the VGA interface through the virtual TCP driver!&quot;,
-     &quot;summary&quot;: &quot;backing up the system won&apos;t do anything, we need to parse the mobile RAM port!&quot;,
+     &quot;description&quot;: &quot;If we bypass the port, we can get to the SDD array through the auxiliary SMTP bus!&quot;,
+     &quot;message&quot;: &quot;I&apos;ll override the auxiliary SSD alarm, that should sensor the EXE application!&quot;,
+     &quot;summary&quot;: &quot;parsing the port won&apos;t do anything, we need to hack the neural PNG bus!&quot;,
    },
    {
-     &quot;description&quot;: &quot;The SAS firewall is down, navigate the multi-byte program so we can copy the SMTP pixel!&quot;,
-     &quot;message&quot;: &quot;The TLS pixel is down, hack the 1080p protocol so we can transmit the XML system!&quot;,
-     &quot;summary&quot;: &quot;If we transmit the driver, we can get to the IB bandwidth through the primary PCI driver!&quot;,
+     &quot;description&quot;: &quot;Try to program the UTF8 circuit, maybe it will override the solid state transmitter!&quot;,
+     &quot;message&quot;: &quot;If we hack the microchip, we can get to the JSON driver through the multi-byte SDD transmitter!&quot;,
+     &quot;summary&quot;: &quot;Try to transmit the FTP interface, maybe it will index the mobile monitor!&quot;,
    },
  ]

 ❯ src/test-suite-12.spec.ts:21:20
            </failure>
        </testcase>
        <testcase classname="src/test-suite-12.spec.ts" name="&apos;Sustainable composite archive&apos; &gt; &apos;Try to input the JSON interface, mayb…&apos;" time="0.000054958">
        </testcase>
        <testcase classname="src/test-suite-12.spec.ts" name="&apos;Sustainable composite archive&apos; &gt; &apos;Try to parse the ADP card, maybe it w…&apos;" time="0.000343">
            <failure message="expected [ { …(3) }, { …(3) }, { …(3) } ] to deeply equal [ { …(3) }, { …(3) }, { …(3) }, …(2) ]" type="AssertionError">
AssertionError: expected [ { …(3) }, { …(3) }, { …(3) } ] to deeply equal [ { …(3) }, { …(3) }, { …(3) }, …(2) ]

- Expected
+ Received

  [
    {
-     &quot;description&quot;: &quot;I&apos;ll parse the bluetooth SQL transmitter, that should application the TCP matrix!&quot;,
-     &quot;message&quot;: &quot;The SSD hard drive is down, copy the cross-platform circuit so we can bypass the DRAM matrix!&quot;,
-     &quot;summary&quot;: &quot;The CSS firewall is down, connect the optical transmitter so we can compress the PCI circuit!&quot;,
+     &quot;description&quot;: &quot;Use the digital SQL driver, then you can transmit the redundant protocol!&quot;,
+     &quot;message&quot;: &quot;The OCR application is down, index the 1080p panel so we can compress the SSL hard drive!&quot;,
+     &quot;summary&quot;: &quot;We need to generate the primary JSON bus!&quot;,
    },
    {
-     &quot;description&quot;: &quot;Use the primary UDP protocol, then you can synthesize the optical feed!&quot;,
-     &quot;message&quot;: &quot;We need to connect the primary USB bus!&quot;,
-     &quot;summary&quot;: &quot;We need to hack the multi-byte COM circuit!&quot;,
+     &quot;description&quot;: &quot;The USB firewall is down, bypass the solid state array so we can navigate the IB hard drive!&quot;,
+     &quot;message&quot;: &quot;We need to calculate the 1080p ASCII program!&quot;,
+     &quot;summary&quot;: &quot;You can&apos;t override the program without calculating the solid state API matrix!&quot;,
    },
    {
-     &quot;description&quot;: &quot;We need to connect the solid state FTP bus!&quot;,
-     &quot;message&quot;: &quot;The TCP protocol is down, calculate the primary panel so we can override the FTP monitor!&quot;,
-     &quot;summary&quot;: &quot;You can&apos;t input the transmitter without navigating the mobile JBOD feed!&quot;,
-   },
-   {
-     &quot;description&quot;: &quot;We need to program the primary FTP driver!&quot;,
-     &quot;message&quot;: &quot;I&apos;ll hack the optical HEX firewall, that should capacitor the TLS capacitor!&quot;,
-     &quot;summary&quot;: &quot;If we generate the alarm, we can get to the EXE microchip through the solid state HTTP array!&quot;,
-   },
-   {
-     &quot;description&quot;: &quot;I&apos;ll generate the haptic TLS microchip, that should port the PNG application!&quot;,
-     &quot;message&quot;: &quot;The XML port is down, back up the solid state system so we can quantify the SMTP microchip!&quot;,
-     &quot;summary&quot;: &quot;If we program the driver, we can get to the SQL pixel through the solid state THX alarm!&quot;,
+     &quot;description&quot;: &quot;If we hack the array, we can get to the SQL circuit through the 1080p ADP bandwidth!&quot;,
+     &quot;message&quot;: &quot;Try to connect the HEX bus, maybe it will compress the mobile program!&quot;,
+     &quot;summary&quot;: &quot;You can&apos;t parse the hard drive without indexing the digital SSD driver!&quot;,
    },
  ]

 ❯ src/test-suite-12.spec.ts:21:20
            </failure>
        </testcase>
        <testcase classname="src/test-suite-12.spec.ts" name="&apos;Sustainable composite archive&apos; &gt; &apos;I\&apos;ll index the back-end ADP capacito…&apos;" time="0.000055417">
        </testcase>
        <testcase classname="src/test-suite-12.spec.ts" name="&apos;Sustainable composite archive&apos; &gt; &apos;We need to connect the redundant USB …&apos;" time="0.0004195">
            <failure message="expected [ { …(3) }, { …(3) }, { …(3) }, …(2) ] to deeply equal [ { …(3) }, { …(3) }, { …(3) }, …(2) ]" type="AssertionError">
AssertionError: expected [ { …(3) }, { …(3) }, { …(3) }, …(2) ] to deeply equal [ { …(3) }, { …(3) }, { …(3) }, …(2) ]

- Expected
+ Received

  [
    {
-     &quot;description&quot;: &quot;Try to parse the AGP capacitor, maybe it will hack the cross-platform system!&quot;,
-     &quot;message&quot;: &quot;You can&apos;t reboot the interface without parsing the haptic IB driver!&quot;,
-     &quot;summary&quot;: &quot;I&apos;ll connect the auxiliary API interface, that should driver the IB system!&quot;,
+     &quot;description&quot;: &quot;If we back up the feed, we can get to the SMTP monitor through the cross-platform JSON port!&quot;,
+     &quot;message&quot;: &quot;I&apos;ll index the neural COM alarm, that should panel the XML bandwidth!&quot;,
+     &quot;summary&quot;: &quot;The COM pixel is down, back up the multi-byte alarm so we can index the RSS monitor!&quot;,
    },
    {
-     &quot;description&quot;: &quot;If we reboot the panel, we can get to the TLS bandwidth through the redundant HEX circuit!&quot;,
-     &quot;message&quot;: &quot;The UTF8 pixel is down, calculate the neural driver so we can connect the UDP array!&quot;,
-     &quot;summary&quot;: &quot;You can&apos;t synthesize the application without calculating the online SSL application!&quot;,
+     &quot;description&quot;: &quot;If we quantify the bandwidth, we can get to the VGA program through the solid state CLI array!&quot;,
+     &quot;message&quot;: &quot;We need to connect the wireless PNG port!&quot;,
+     &quot;summary&quot;: &quot;Try to quantify the EXE program, maybe it will synthesize the multi-byte array!&quot;,
    },
    {
-     &quot;description&quot;: &quot;Try to bypass the SQL hard drive, maybe it will index the primary application!&quot;,
-     &quot;message&quot;: &quot;The XSS firewall is down, copy the mobile bus so we can bypass the SSD panel!&quot;,
-     &quot;summary&quot;: &quot;Use the solid state JSON matrix, then you can generate the wireless protocol!&quot;,
+     &quot;description&quot;: &quot;Use the primary COM array, then you can connect the auxiliary transmitter!&quot;,
+     &quot;message&quot;: &quot;You can&apos;t override the array without synthesizing the haptic RAM system!&quot;,
+     &quot;summary&quot;: &quot;We need to calculate the multi-byte CSS interface!&quot;,
    },
    {
-     &quot;description&quot;: &quot;Try to transmit the IB panel, maybe it will connect the online pixel!&quot;,
-     &quot;message&quot;: &quot;I&apos;ll parse the bluetooth XSS microchip, that should bus the XSS transmitter!&quot;,
-     &quot;summary&quot;: &quot;The HEX interface is down, navigate the cross-platform transmitter so we can transmit the PCI driver!&quot;,
+     &quot;description&quot;: &quot;hacking the hard drive won&apos;t do anything, we need to calculate the neural PNG driver!&quot;,
+     &quot;message&quot;: &quot;programming the driver won&apos;t do anything, we need to synthesize the back-end ASCII sensor!&quot;,
+     &quot;summary&quot;: &quot;You can&apos;t bypass the matrix without hacking the 1080p PCI pixel!&quot;,
    },
    {
-     &quot;description&quot;: &quot;Use the virtual SMS circuit, then you can quantify the neural firewall!&quot;,
-     &quot;message&quot;: &quot;We need to copy the haptic IB monitor!&quot;,
-     &quot;summary&quot;: &quot;The SDD monitor is down, parse the virtual capacitor so we can compress the FTP microchip!&quot;,
+     &quot;description&quot;: &quot;I&apos;ll connect the online JBOD port, that should microchip the HDD protocol!&quot;,
+     &quot;message&quot;: &quot;Try to override the SSD driver, maybe it will program the haptic monitor!&quot;,
+     &quot;summary&quot;: &quot;Use the optical SSD card, then you can reboot the primary pixel!&quot;,
    },
  ]

 ❯ src/test-suite-12.spec.ts:21:20
            </failure>
        </testcase>
        <testcase classname="src/test-suite-12.spec.ts" name="&apos;Sustainable composite archive&apos; &gt; &apos;I\&apos;ll override the back-end DNS feed,…&apos;" time="0.000056458">
        </testcase>
        <testcase classname="src/test-suite-12.spec.ts" name="&apos;Sustainable composite archive&apos; &gt; &apos;If we reboot the application, we can …&apos;" time="0.000372083">
            <failure message="expected [ { …(3) }, { …(3) }, { …(3) }, …(2) ] to deeply equal [ { …(3) }, { …(3) }, { …(3) }, …(1) ]" type="AssertionError">
AssertionError: expected [ { …(3) }, { …(3) }, { …(3) }, …(2) ] to deeply equal [ { …(3) }, { …(3) }, { …(3) }, …(1) ]

- Expected
+ Received

  [
    {
-     &quot;description&quot;: &quot;We need to override the back-end XSS sensor!&quot;,
-     &quot;message&quot;: &quot;You can&apos;t navigate the capacitor without indexing the wireless USB panel!&quot;,
-     &quot;summary&quot;: &quot;I&apos;ll navigate the back-end API array, that should protocol the XSS bandwidth!&quot;,
+     &quot;description&quot;: &quot;Use the cross-platform DNS driver, then you can synthesize the optical monitor!&quot;,
+     &quot;message&quot;: &quot;calculating the bus won&apos;t do anything, we need to reboot the digital SSL port!&quot;,
+     &quot;summary&quot;: &quot;If we connect the program, we can get to the CSS program through the solid state TLS alarm!&quot;,
    },
    {
-     &quot;description&quot;: &quot;I&apos;ll back up the cross-platform UDP microchip, that should system the THX bus!&quot;,
-     &quot;message&quot;: &quot;calculating the panel won&apos;t do anything, we need to input the redundant ADP panel!&quot;,
-     &quot;summary&quot;: &quot;I&apos;ll calculate the haptic ASCII driver, that should sensor the SMTP interface!&quot;,
+     &quot;description&quot;: &quot;You can&apos;t navigate the matrix without hacking the mobile ASCII system!&quot;,
+     &quot;message&quot;: &quot;We need to input the mobile SCSI monitor!&quot;,
+     &quot;summary&quot;: &quot;If we program the monitor, we can get to the PNG bandwidth through the open-source SMTP protocol!&quot;,
+   },
+   {
+     &quot;description&quot;: &quot;Try to quantify the ASCII bandwidth, maybe it will input the neural microchip!&quot;,
+     &quot;message&quot;: &quot;If we synthesize the firewall, we can get to the AI firewall through the online SQL firewall!&quot;,
+     &quot;summary&quot;: &quot;I&apos;ll program the wireless RSS sensor, that should hard drive the IP driver!&quot;,
    },
    {
-     &quot;description&quot;: &quot;The SCSI driver is down, input the auxiliary sensor so we can index the OCR bus!&quot;,
-     &quot;message&quot;: &quot;The SSD feed is down, compress the neural program so we can index the RSS driver!&quot;,
-     &quot;summary&quot;: &quot;I&apos;ll parse the solid state PNG card, that should monitor the GB application!&quot;,
+     &quot;description&quot;: &quot;If we bypass the microchip, we can get to the JSON system through the auxiliary HDD sensor!&quot;,
+     &quot;message&quot;: &quot;You can&apos;t index the feed without backing up the digital THX bus!&quot;,
+     &quot;summary&quot;: &quot;We need to hack the mobile PNG panel!&quot;,
    },
    {
-     &quot;description&quot;: &quot;Use the auxiliary PCI array, then you can copy the back-end sensor!&quot;,
-     &quot;message&quot;: &quot;If we quantify the microchip, we can get to the USB monitor through the primary EXE transmitter!&quot;,
-     &quot;summary&quot;: &quot;If we synthesize the port, we can get to the OCR firewall through the 1080p XML driver!&quot;,
+     &quot;description&quot;: &quot;If we generate the alarm, we can get to the UDP system through the mobile COM driver!&quot;,
+     &quot;message&quot;: &quot;If we index the sensor, we can get to the AGP feed through the virtual CLI port!&quot;,
+     &quot;summary&quot;: &quot;You can&apos;t calculate the panel without connecting the mobile ADP capacitor!&quot;,
    },
  ]

 ❯ src/test-suite-12.spec.ts:21:20
            </failure>
        </testcase>
        <testcase classname="src/test-suite-12.spec.ts" name="&apos;Streamlined leading edge collaboration&apos; &gt; &apos;The COM bandwidth is down, bypass the…&apos;" time="0.000280583">
            <failure message="expected [ { …(3) }, { …(3) }, { …(3) }, …(1) ] to deeply equal [ { …(3) }, { …(3) } ]" type="AssertionError">
AssertionError: expected [ { …(3) }, { …(3) }, { …(3) }, …(1) ] to deeply equal [ { …(3) }, { …(3) } ]

- Expected
+ Received

  [
    {
-     &quot;description&quot;: &quot;Try to quantify the COM array, maybe it will calculate the neural feed!&quot;,
-     &quot;message&quot;: &quot;indexing the array won&apos;t do anything, we need to calculate the redundant OCR hard drive!&quot;,
-     &quot;summary&quot;: &quot;You can&apos;t compress the port without backing up the multi-byte SMTP protocol!&quot;,
+     &quot;description&quot;: &quot;The AGP transmitter is down, parse the haptic transmitter so we can parse the ADP transmitter!&quot;,
+     &quot;message&quot;: &quot;We need to copy the mobile USB driver!&quot;,
+     &quot;summary&quot;: &quot;We need to input the optical FTP program!&quot;,
    },
    {
-     &quot;description&quot;: &quot;Try to transmit the SSL driver, maybe it will navigate the open-source capacitor!&quot;,
-     &quot;message&quot;: &quot;We need to connect the open-source COM application!&quot;,
-     &quot;summary&quot;: &quot;I&apos;ll program the optical ASCII alarm, that should capacitor the XSS application!&quot;,
+     &quot;description&quot;: &quot;Try to input the SAS application, maybe it will compress the multi-byte alarm!&quot;,
+     &quot;message&quot;: &quot;copying the pixel won&apos;t do anything, we need to bypass the multi-byte IP pixel!&quot;,
+     &quot;summary&quot;: &quot;If we program the panel, we can get to the OCR circuit through the online AGP application!&quot;,
+   },
+   {
+     &quot;description&quot;: &quot;Use the online USB feed, then you can generate the haptic sensor!&quot;,
+     &quot;message&quot;: &quot;hacking the application won&apos;t do anything, we need to calculate the solid state OCR program!&quot;,
+     &quot;summary&quot;: &quot;We need to connect the open-source USB pixel!&quot;,
+   },
+   {
+     &quot;description&quot;: &quot;Try to index the AGP bandwidth, maybe it will back up the multi-byte bandwidth!&quot;,
+     &quot;message&quot;: &quot;I&apos;ll parse the solid state IB bus, that should monitor the JBOD sensor!&quot;,
+     &quot;summary&quot;: &quot;We need to input the mobile UDP alarm!&quot;,
    },
  ]

 ❯ src/test-suite-12.spec.ts:21:20
            </failure>
        </testcase>
        <testcase classname="src/test-suite-12.spec.ts" name="&apos;Streamlined leading edge collaboration&apos; &gt; &apos;transmitting the pixel won\&apos;t do anyt…&apos;" time="0.000064083">
        </testcase>
        <testcase classname="src/test-suite-12.spec.ts" name="&apos;Streamlined leading edge collaboration&apos; &gt; &apos;synthesizing the circuit won\&apos;t do an…&apos;" time="0.000334042">
            <failure message="expected [ { …(3) }, { …(3) }, { …(3) }, …(1) ] to deeply equal [ { …(3) }, { …(3) }, { …(3) }, …(2) ]" type="AssertionError">
AssertionError: expected [ { …(3) }, { …(3) }, { …(3) }, …(1) ] to deeply equal [ { …(3) }, { …(3) }, { …(3) }, …(2) ]

- Expected
+ Received

  [
    {
-     &quot;description&quot;: &quot;copying the monitor won&apos;t do anything, we need to navigate the 1080p CLI port!&quot;,
-     &quot;message&quot;: &quot;copying the transmitter won&apos;t do anything, we need to connect the auxiliary SSD bus!&quot;,
-     &quot;summary&quot;: &quot;Use the online ADP feed, then you can compress the mobile circuit!&quot;,
+     &quot;description&quot;: &quot;The API feed is down, compress the auxiliary microchip so we can bypass the AI alarm!&quot;,
+     &quot;message&quot;: &quot;Try to index the FTP bus, maybe it will transmit the virtual system!&quot;,
+     &quot;summary&quot;: &quot;The SMTP driver is down, navigate the multi-byte program so we can back up the JBOD bandwidth!&quot;,
    },
    {
-     &quot;description&quot;: &quot;I&apos;ll copy the bluetooth HDD driver, that should card the SSL hard drive!&quot;,
-     &quot;message&quot;: &quot;transmitting the firewall won&apos;t do anything, we need to back up the multi-byte THX system!&quot;,
-     &quot;summary&quot;: &quot;hacking the microchip won&apos;t do anything, we need to parse the auxiliary SSD sensor!&quot;,
-   },
-   {
-     &quot;description&quot;: &quot;Use the redundant CSS driver, then you can input the bluetooth array!&quot;,
-     &quot;message&quot;: &quot;We need to generate the wireless UTF8 firewall!&quot;,
-     &quot;summary&quot;: &quot;If we input the application, we can get to the RAM monitor through the optical IB card!&quot;,
+     &quot;description&quot;: &quot;You can&apos;t input the card without bypassing the mobile FTP card!&quot;,
+     &quot;message&quot;: &quot;We need to synthesize the solid state HTTP system!&quot;,
+     &quot;summary&quot;: &quot;You can&apos;t generate the alarm without indexing the multi-byte HDD system!&quot;,
    },
    {
-     &quot;description&quot;: &quot;You can&apos;t hack the array without indexing the cross-platform RAM monitor!&quot;,
-     &quot;message&quot;: &quot;Use the neural AI circuit, then you can override the online interface!&quot;,
-     &quot;summary&quot;: &quot;overriding the alarm won&apos;t do anything, we need to bypass the bluetooth PNG card!&quot;,
+     &quot;description&quot;: &quot;If we navigate the program, we can get to the XML transmitter through the back-end XSS program!&quot;,
+     &quot;message&quot;: &quot;Use the digital SAS card, then you can copy the multi-byte feed!&quot;,
+     &quot;summary&quot;: &quot;We need to connect the virtual GB program!&quot;,
    },
    {
-     &quot;description&quot;: &quot;I&apos;ll quantify the mobile SDD bus, that should monitor the DNS bus!&quot;,
-     &quot;message&quot;: &quot;Use the open-source VGA circuit, then you can parse the solid state panel!&quot;,
-     &quot;summary&quot;: &quot;If we compress the capacitor, we can get to the UTF8 protocol through the neural XML alarm!&quot;,
+     &quot;description&quot;: &quot;Use the solid state SMTP application, then you can hack the virtual pixel!&quot;,
+     &quot;message&quot;: &quot;The CSS array is down, override the open-source feed so we can calculate the SAS driver!&quot;,
+     &quot;summary&quot;: &quot;If we index the interface, we can get to the PNG capacitor through the solid state PNG application!&quot;,
    },
  ]

 ❯ src/test-suite-12.spec.ts:21:20
            </failure>
        </testcase>
        <testcase classname="src/test-suite-12.spec.ts" name="&apos;Streamlined leading edge collaboration&apos; &gt; &apos;generating the capacitor won\&apos;t do an…&apos;" time="0.000055833">
        </testcase>
        <testcase classname="src/test-suite-12.spec.ts" name="&apos;Streamlined leading edge collaboration&apos; &gt; &apos;I\&apos;ll quantify the auxiliary HDD matr…&apos;" time="0.000228916">
            <failure message="expected [ { …(3) }, { …(3) }, { …(3) } ] to deeply equal [ { …(3) }, { …(3) } ]" type="AssertionError">
AssertionError: expected [ { …(3) }, { …(3) }, { …(3) } ] to deeply equal [ { …(3) }, { …(3) } ]

- Expected
+ Received

  [
    {
-     &quot;description&quot;: &quot;calculating the system won&apos;t do anything, we need to hack the redundant THX port!&quot;,
-     &quot;message&quot;: &quot;We need to compress the 1080p AI firewall!&quot;,
-     &quot;summary&quot;: &quot;Use the solid state API array, then you can copy the online port!&quot;,
+     &quot;description&quot;: &quot;navigating the sensor won&apos;t do anything, we need to calculate the multi-byte HTTP application!&quot;,
+     &quot;message&quot;: &quot;You can&apos;t input the system without overriding the haptic SMS capacitor!&quot;,
+     &quot;summary&quot;: &quot;If we transmit the alarm, we can get to the VGA card through the optical COM sensor!&quot;,
+   },
+   {
+     &quot;description&quot;: &quot;You can&apos;t hack the monitor without synthesizing the wireless SCSI matrix!&quot;,
+     &quot;message&quot;: &quot;If we hack the sensor, we can get to the RSS card through the haptic IP feed!&quot;,
+     &quot;summary&quot;: &quot;We need to input the solid state CSS card!&quot;,
    },
    {
-     &quot;description&quot;: &quot;Try to bypass the GB capacitor, maybe it will input the optical application!&quot;,
-     &quot;message&quot;: &quot;You can&apos;t copy the pixel without generating the multi-byte FTP hard drive!&quot;,
-     &quot;summary&quot;: &quot;I&apos;ll calculate the optical SMS array, that should system the OCR port!&quot;,
+     &quot;description&quot;: &quot;We need to connect the redundant SCSI pixel!&quot;,
+     &quot;message&quot;: &quot;If we synthesize the matrix, we can get to the SMTP bus through the multi-byte PCI circuit!&quot;,
+     &quot;summary&quot;: &quot;We need to compress the solid state SQL array!&quot;,
    },
  ]

 ❯ src/test-suite-12.spec.ts:21:20
            </failure>
        </testcase>
        <testcase classname="src/test-suite-12.spec.ts" name="&apos;Streamlined leading edge collaboration&apos; &gt; &apos;I\&apos;ll parse the haptic AI array, that…&apos;" time="0.000054875">
        </testcase>
        <testcase classname="src/test-suite-12.spec.ts" name="&apos;Streamlined leading edge collaboration&apos; &gt; &apos;Try to connect the OCR firewall, mayb…&apos;" time="0.000250834">
            <failure message="expected [ { …(3) }, { …(3) }, { …(3) }, …(1) ] to deeply equal [ { …(3) }, { …(3) } ]" type="AssertionError">
AssertionError: expected [ { …(3) }, { …(3) }, { …(3) }, …(1) ] to deeply equal [ { …(3) }, { …(3) } ]

- Expected
+ Received

  [
    {
-     &quot;description&quot;: &quot;The RAM system is down, connect the auxiliary program so we can generate the SSL transmitter!&quot;,
-     &quot;message&quot;: &quot;I&apos;ll connect the redundant USB protocol, that should bus the SDD protocol!&quot;,
-     &quot;summary&quot;: &quot;You can&apos;t index the program without parsing the online HEX interface!&quot;,
+     &quot;description&quot;: &quot;Use the neural UTF8 panel, then you can quantify the back-end capacitor!&quot;,
+     &quot;message&quot;: &quot;We need to override the auxiliary API microchip!&quot;,
+     &quot;summary&quot;: &quot;Try to index the ADP firewall, maybe it will navigate the redundant port!&quot;,
    },
    {
-     &quot;description&quot;: &quot;The SSL port is down, bypass the haptic microchip so we can input the XML monitor!&quot;,
-     &quot;message&quot;: &quot;quantifying the matrix won&apos;t do anything, we need to generate the bluetooth JBOD bus!&quot;,
-     &quot;summary&quot;: &quot;The ADP driver is down, input the virtual application so we can navigate the UTF8 firewall!&quot;,
+     &quot;description&quot;: &quot;We need to bypass the wireless XSS sensor!&quot;,
+     &quot;message&quot;: &quot;You can&apos;t parse the system without navigating the neural UTF8 alarm!&quot;,
+     &quot;summary&quot;: &quot;If we generate the bus, we can get to the PCI firewall through the 1080p AI transmitter!&quot;,
+   },
+   {
+     &quot;description&quot;: &quot;Try to connect the PNG system, maybe it will transmit the haptic circuit!&quot;,
+     &quot;message&quot;: &quot;I&apos;ll navigate the haptic TLS capacitor, that should system the SCSI sensor!&quot;,
+     &quot;summary&quot;: &quot;If we parse the bandwidth, we can get to the API driver through the primary SQL firewall!&quot;,
+   },
+   {
+     &quot;description&quot;: &quot;copying the interface won&apos;t do anything, we need to connect the virtual DRAM transmitter!&quot;,
+     &quot;message&quot;: &quot;You can&apos;t parse the transmitter without navigating the optical DNS array!&quot;,
+     &quot;summary&quot;: &quot;I&apos;ll index the bluetooth UDP microchip, that should interface the THX protocol!&quot;,
    },
  ]

 ❯ src/test-suite-12.spec.ts:21:20
            </failure>
        </testcase>
        <testcase classname="src/test-suite-12.spec.ts" name="&apos;Streamlined leading edge collaboration&apos; &gt; &apos;The HEX interface is down, hack the o…&apos;" time="0.00005175">
        </testcase>
        <testcase classname="src/test-suite-12.spec.ts" name="&apos;Streamlined leading edge collaboration&apos; &gt; &apos;You can\&apos;t input the array without ge…&apos;" time="0.0002725">
            <failure message="expected [ { …(3) }, { …(3) }, { …(3) } ] to deeply equal [ { …(3) }, { …(3) }, { …(3) } ]" type="AssertionError">
AssertionError: expected [ { …(3) }, { …(3) }, { …(3) } ] to deeply equal [ { …(3) }, { …(3) }, { …(3) } ]

- Expected
+ Received

  [
    {
-     &quot;description&quot;: &quot;I&apos;ll override the optical SAS sensor, that should hard drive the AI firewall!&quot;,
-     &quot;message&quot;: &quot;I&apos;ll synthesize the solid state OCR card, that should transmitter the FTP hard drive!&quot;,
-     &quot;summary&quot;: &quot;The AGP monitor is down, parse the auxiliary matrix so we can navigate the PCI port!&quot;,
+     &quot;description&quot;: &quot;hacking the circuit won&apos;t do anything, we need to navigate the haptic USB feed!&quot;,
+     &quot;message&quot;: &quot;If we program the capacitor, we can get to the CSS panel through the optical API circuit!&quot;,
+     &quot;summary&quot;: &quot;Try to program the THX matrix, maybe it will override the optical program!&quot;,
    },
    {
-     &quot;description&quot;: &quot;If we navigate the application, we can get to the HEX interface through the virtual TCP capacitor!&quot;,
-     &quot;message&quot;: &quot;We need to synthesize the bluetooth PCI transmitter!&quot;,
-     &quot;summary&quot;: &quot;We need to bypass the wireless HTTP sensor!&quot;,
+     &quot;description&quot;: &quot;I&apos;ll quantify the multi-byte SSD program, that should port the SCSI protocol!&quot;,
+     &quot;message&quot;: &quot;The TCP matrix is down, reboot the multi-byte matrix so we can reboot the PNG firewall!&quot;,
+     &quot;summary&quot;: &quot;If we override the card, we can get to the SAS bus through the optical HDD capacitor!&quot;,
    },
    {
-     &quot;description&quot;: &quot;connecting the pixel won&apos;t do anything, we need to synthesize the online RAM protocol!&quot;,
-     &quot;message&quot;: &quot;Use the cross-platform HTTP panel, then you can reboot the auxiliary alarm!&quot;,
-     &quot;summary&quot;: &quot;Try to index the SQL matrix, maybe it will generate the primary array!&quot;,
+     &quot;description&quot;: &quot;indexing the system won&apos;t do anything, we need to transmit the wireless CLI transmitter!&quot;,
+     &quot;message&quot;: &quot;I&apos;ll calculate the cross-platform DRAM circuit, that should matrix the AI microchip!&quot;,
+     &quot;summary&quot;: &quot;Use the solid state HDD system, then you can synthesize the neural monitor!&quot;,
    },
  ]

 ❯ src/test-suite-12.spec.ts:21:20
            </failure>
        </testcase>
        <testcase classname="src/test-suite-12.spec.ts" name="&apos;Streamlined leading edge collaboration&apos; &gt; &apos;Use the redundant SSL system, then yo…&apos;" time="0.000055625">
        </testcase>
        <testcase classname="src/test-suite-12.spec.ts" name="&apos;Streamlined leading edge collaboration&apos; &gt; &apos;Use the multi-byte HDD monitor, then …&apos;" time="0.000271458">
            <failure message="expected [ { …(3) }, { …(3) }, { …(3) } ] to deeply equal [ { …(3) }, { …(3) }, { …(3) }, …(1) ]" type="AssertionError">
AssertionError: expected [ { …(3) }, { …(3) }, { …(3) } ] to deeply equal [ { …(3) }, { …(3) }, { …(3) }, …(1) ]

- Expected
+ Received

  [
    {
-     &quot;description&quot;: &quot;Try to copy the OCR bus, maybe it will synthesize the online circuit!&quot;,
-     &quot;message&quot;: &quot;The HTTP firewall is down, input the optical system so we can generate the SQL pixel!&quot;,
-     &quot;summary&quot;: &quot;We need to hack the online DNS sensor!&quot;,
-   },
-   {
-     &quot;description&quot;: &quot;I&apos;ll calculate the optical SSL card, that should transmitter the UTF8 port!&quot;,
-     &quot;message&quot;: &quot;I&apos;ll synthesize the online HEX card, that should feed the PNG pixel!&quot;,
-     &quot;summary&quot;: &quot;If we hack the system, we can get to the OCR feed through the haptic EXE panel!&quot;,
+     &quot;description&quot;: &quot;hacking the alarm won&apos;t do anything, we need to back up the redundant SCSI bus!&quot;,
+     &quot;message&quot;: &quot;indexing the interface won&apos;t do anything, we need to calculate the back-end SMS matrix!&quot;,
+     &quot;summary&quot;: &quot;overriding the protocol won&apos;t do anything, we need to reboot the wireless JBOD card!&quot;,
    },
    {
-     &quot;description&quot;: &quot;We need to index the redundant AGP alarm!&quot;,
-     &quot;message&quot;: &quot;You can&apos;t generate the application without navigating the mobile HDD panel!&quot;,
-     &quot;summary&quot;: &quot;We need to generate the mobile DRAM microchip!&quot;,
+     &quot;description&quot;: &quot;You can&apos;t bypass the card without generating the virtual AGP matrix!&quot;,
+     &quot;message&quot;: &quot;Use the cross-platform JSON array, then you can input the neural alarm!&quot;,
+     &quot;summary&quot;: &quot;Use the bluetooth VGA pixel, then you can copy the 1080p bandwidth!&quot;,
    },
    {
-     &quot;description&quot;: &quot;We need to index the back-end GB card!&quot;,
-     &quot;message&quot;: &quot;I&apos;ll navigate the mobile COM monitor, that should interface the THX feed!&quot;,
-     &quot;summary&quot;: &quot;We need to index the auxiliary API hard drive!&quot;,
+     &quot;description&quot;: &quot;We need to index the open-source VGA transmitter!&quot;,
+     &quot;message&quot;: &quot;If we bypass the pixel, we can get to the HEX program through the haptic USB alarm!&quot;,
+     &quot;summary&quot;: &quot;I&apos;ll compress the primary DNS matrix, that should card the SMTP driver!&quot;,
    },
  ]

 ❯ src/test-suite-12.spec.ts:21:20
            </failure>
        </testcase>
        <testcase classname="src/test-suite-12.spec.ts" name="&apos;Streamlined leading edge collaboration&apos; &gt; &apos;indexing the protocol won\&apos;t do anyth…&apos;" time="0.000046833">
        </testcase>
        <testcase classname="src/test-suite-12.spec.ts" name="&apos;Streamlined leading edge collaboration&apos; &gt; &apos;You can\&apos;t copy the system without in…&apos;" time="0.00030475">
            <failure message="expected [ { …(3) }, { …(3) }, { …(3) }, …(2) ] to deeply equal [ { …(3) }, { …(3) }, { …(3) } ]" type="AssertionError">
AssertionError: expected [ { …(3) }, { …(3) }, { …(3) }, …(2) ] to deeply equal [ { …(3) }, { …(3) }, { …(3) } ]

- Expected
+ Received

  [
    {
-     &quot;description&quot;: &quot;You can&apos;t synthesize the panel without quantifying the open-source USB bus!&quot;,
-     &quot;message&quot;: &quot;Use the optical FTP system, then you can copy the open-source monitor!&quot;,
-     &quot;summary&quot;: &quot;programming the application won&apos;t do anything, we need to connect the online SDD firewall!&quot;,
+     &quot;description&quot;: &quot;We need to override the solid state HEX card!&quot;,
+     &quot;message&quot;: &quot;Try to copy the XML circuit, maybe it will hack the virtual panel!&quot;,
+     &quot;summary&quot;: &quot;connecting the card won&apos;t do anything, we need to navigate the bluetooth FTP matrix!&quot;,
    },
    {
-     &quot;description&quot;: &quot;The SSD card is down, generate the neural transmitter so we can transmit the CSS capacitor!&quot;,
-     &quot;message&quot;: &quot;You can&apos;t compress the protocol without calculating the optical IP panel!&quot;,
-     &quot;summary&quot;: &quot;You can&apos;t copy the sensor without connecting the auxiliary TCP card!&quot;,
+     &quot;description&quot;: &quot;Use the solid state SMTP alarm, then you can navigate the mobile card!&quot;,
+     &quot;message&quot;: &quot;programming the bandwidth won&apos;t do anything, we need to quantify the optical SAS driver!&quot;,
+     &quot;summary&quot;: &quot;compressing the bandwidth won&apos;t do anything, we need to index the wireless UDP sensor!&quot;,
    },
    {
-     &quot;description&quot;: &quot;If we bypass the alarm, we can get to the CSS monitor through the redundant DNS hard drive!&quot;,
-     &quot;message&quot;: &quot;compressing the capacitor won&apos;t do anything, we need to quantify the solid state RSS microchip!&quot;,
-     &quot;summary&quot;: &quot;Try to transmit the TLS bus, maybe it will bypass the wireless monitor!&quot;,
+     &quot;description&quot;: &quot;I&apos;ll bypass the bluetooth COM system, that should program the XML bus!&quot;,
+     &quot;message&quot;: &quot;Try to override the SDD bandwidth, maybe it will calculate the neural monitor!&quot;,
+     &quot;summary&quot;: &quot;We need to transmit the solid state GB capacitor!&quot;,
+   },
+   {
+     &quot;description&quot;: &quot;I&apos;ll override the wireless DNS port, that should driver the SSL port!&quot;,
+     &quot;message&quot;: &quot;You can&apos;t bypass the panel without compressing the neural SMS port!&quot;,
+     &quot;summary&quot;: &quot;Use the cross-platform SMTP circuit, then you can generate the solid state program!&quot;,
+   },
+   {
+     &quot;description&quot;: &quot;generating the capacitor won&apos;t do anything, we need to transmit the bluetooth TLS hard drive!&quot;,
+     &quot;message&quot;: &quot;Use the haptic PNG bandwidth, then you can reboot the primary port!&quot;,
+     &quot;summary&quot;: &quot;You can&apos;t back up the array without bypassing the digital SDD microchip!&quot;,
    },
  ]

 ❯ src/test-suite-12.spec.ts:21:20
            </failure>
        </testcase>
        <testcase classname="src/test-suite-12.spec.ts" name="&apos;Streamlined leading edge collaboration&apos; &gt; &apos;I\&apos;ll compress the cross-platform FTP…&apos;" time="0.000040042">
        </testcase>
        <testcase classname="src/test-suite-12.spec.ts" name="&apos;Streamlined leading edge collaboration&apos; &gt; &apos;Try to input the SDD feed, maybe it w…&apos;" time="0.001666041">
            <failure message="expected [ { …(3) }, { …(3) }, { …(3) }, …(2) ] to deeply equal [ { …(3) }, { …(3) }, { …(3) }, …(2) ]" type="AssertionError">
AssertionError: expected [ { …(3) }, { …(3) }, { …(3) }, …(2) ] to deeply equal [ { …(3) }, { …(3) }, { …(3) }, …(2) ]

- Expected
+ Received

  [
    {
-     &quot;description&quot;: &quot;If we calculate the system, we can get to the AI application through the wireless PNG interface!&quot;,
-     &quot;message&quot;: &quot;We need to hack the haptic USB bandwidth!&quot;,
-     &quot;summary&quot;: &quot;parsing the transmitter won&apos;t do anything, we need to synthesize the solid state TCP hard drive!&quot;,
+     &quot;description&quot;: &quot;The USB circuit is down, calculate the 1080p matrix so we can override the THX system!&quot;,
+     &quot;message&quot;: &quot;You can&apos;t copy the program without compressing the auxiliary SDD program!&quot;,
+     &quot;summary&quot;: &quot;Use the online GB panel, then you can parse the primary hard drive!&quot;,
    },
    {
-     &quot;description&quot;: &quot;hacking the protocol won&apos;t do anything, we need to hack the solid state XML bandwidth!&quot;,
-     &quot;message&quot;: &quot;Use the cross-platform SQL feed, then you can navigate the redundant firewall!&quot;,
-     &quot;summary&quot;: &quot;The SMS sensor is down, transmit the online bandwidth so we can input the DNS hard drive!&quot;,
+     &quot;description&quot;: &quot;We need to reboot the redundant XSS array!&quot;,
+     &quot;message&quot;: &quot;You can&apos;t program the firewall without overriding the bluetooth XSS port!&quot;,
+     &quot;summary&quot;: &quot;The TLS card is down, synthesize the back-end bus so we can input the SQL hard drive!&quot;,
    },
    {
-     &quot;description&quot;: &quot;copying the capacitor won&apos;t do anything, we need to connect the back-end IB protocol!&quot;,
-     &quot;message&quot;: &quot;The CSS bus is down, index the haptic feed so we can parse the THX hard drive!&quot;,
-     &quot;summary&quot;: &quot;Use the haptic ADP monitor, then you can connect the bluetooth monitor!&quot;,
+     &quot;description&quot;: &quot;Use the optical TCP microchip, then you can quantify the mobile panel!&quot;,
+     &quot;message&quot;: &quot;Try to copy the SQL capacitor, maybe it will back up the open-source hard drive!&quot;,
+     &quot;summary&quot;: &quot;navigating the capacitor won&apos;t do anything, we need to compress the online JBOD system!&quot;,
    },
    {
-     &quot;description&quot;: &quot;I&apos;ll navigate the multi-byte IB card, that should hard drive the API program!&quot;,
-     &quot;message&quot;: &quot;The SMTP interface is down, back up the virtual feed so we can program the IB hard drive!&quot;,
-     &quot;summary&quot;: &quot;Try to calculate the HEX bus, maybe it will index the bluetooth sensor!&quot;,
+     &quot;description&quot;: &quot;You can&apos;t back up the capacitor without backing up the multi-byte PNG capacitor!&quot;,
+     &quot;message&quot;: &quot;I&apos;ll override the neural CLI bus, that should transmitter the UDP protocol!&quot;,
+     &quot;summary&quot;: &quot;If we transmit the alarm, we can get to the SSD sensor through the redundant FTP card!&quot;,
    },
    {
-     &quot;description&quot;: &quot;I&apos;ll parse the mobile PNG array, that should matrix the IB card!&quot;,
-     &quot;message&quot;: &quot;I&apos;ll override the optical CSS protocol, that should panel the PNG alarm!&quot;,
-     &quot;summary&quot;: &quot;Use the virtual SAS transmitter, then you can quantify the open-source monitor!&quot;,
+     &quot;description&quot;: &quot;We need to generate the multi-byte SSL circuit!&quot;,
+     &quot;message&quot;: &quot;If we calculate the feed, we can get to the HTTP monitor through the primary THX transmitter!&quot;,
+     &quot;summary&quot;: &quot;quantifying the protocol won&apos;t do anything, we need to copy the mobile COM feed!&quot;,
    },
  ]

 ❯ src/test-suite-12.spec.ts:21:20
            </failure>
        </testcase>
        <testcase classname="src/test-suite-12.spec.ts" name="&apos;Streamlined leading edge collaboration&apos; &gt; &apos;You can\&apos;t quantify the bus without c…&apos;" time="0.000121833">
        </testcase>
        <testcase classname="src/test-suite-12.spec.ts" name="&apos;Streamlined leading edge collaboration&apos; &gt; &apos;We need to program the virtual SMTP p…&apos;" time="0.000462083">
            <failure message="expected [ { …(3) }, { …(3) }, { …(3) }, …(1) ] to deeply equal [ { …(3) }, { …(3) }, { …(3) }, …(2) ]" type="AssertionError">
AssertionError: expected [ { …(3) }, { …(3) }, { …(3) }, …(1) ] to deeply equal [ { …(3) }, { …(3) }, { …(3) }, …(2) ]

- Expected
+ Received

  [
    {
-     &quot;description&quot;: &quot;The AGP hard drive is down, connect the 1080p interface so we can override the UDP array!&quot;,
-     &quot;message&quot;: &quot;If we index the circuit, we can get to the FTP hard drive through the haptic IP firewall!&quot;,
-     &quot;summary&quot;: &quot;We need to index the online XML port!&quot;,
+     &quot;description&quot;: &quot;I&apos;ll generate the haptic HEX interface, that should card the JBOD monitor!&quot;,
+     &quot;message&quot;: &quot;The THX protocol is down, synthesize the wireless card so we can copy the HEX hard drive!&quot;,
+     &quot;summary&quot;: &quot;We need to hack the back-end DNS driver!&quot;,
    },
    {
-     &quot;description&quot;: &quot;The TCP system is down, hack the 1080p driver so we can transmit the JBOD matrix!&quot;,
-     &quot;message&quot;: &quot;You can&apos;t bypass the matrix without bypassing the haptic UTF8 bus!&quot;,
-     &quot;summary&quot;: &quot;generating the firewall won&apos;t do anything, we need to hack the solid state ADP card!&quot;,
-   },
-   {
-     &quot;description&quot;: &quot;You can&apos;t index the system without connecting the mobile HEX system!&quot;,
-     &quot;message&quot;: &quot;I&apos;ll generate the 1080p DRAM sensor, that should transmitter the TLS program!&quot;,
-     &quot;summary&quot;: &quot;We need to transmit the auxiliary HEX hard drive!&quot;,
+     &quot;description&quot;: &quot;copying the program won&apos;t do anything, we need to reboot the cross-platform VGA card!&quot;,
+     &quot;message&quot;: &quot;You can&apos;t connect the array without compressing the bluetooth HTTP feed!&quot;,
+     &quot;summary&quot;: &quot;If we input the protocol, we can get to the IP bandwidth through the neural DNS firewall!&quot;,
    },
    {
-     &quot;description&quot;: &quot;We need to transmit the multi-byte COM alarm!&quot;,
-     &quot;message&quot;: &quot;The COM protocol is down, calculate the auxiliary protocol so we can navigate the GB circuit!&quot;,
-     &quot;summary&quot;: &quot;If we compress the capacitor, we can get to the DRAM bandwidth through the auxiliary USB monitor!&quot;,
+     &quot;description&quot;: &quot;I&apos;ll compress the cross-platform JSON feed, that should application the DNS feed!&quot;,
+     &quot;message&quot;: &quot;If we parse the hard drive, we can get to the FTP bus through the digital EXE card!&quot;,
+     &quot;summary&quot;: &quot;If we reboot the bandwidth, we can get to the JSON bus through the multi-byte THX pixel!&quot;,
    },
    {
-     &quot;description&quot;: &quot;We need to compress the haptic RSS port!&quot;,
-     &quot;message&quot;: &quot;indexing the program won&apos;t do anything, we need to reboot the optical PCI matrix!&quot;,
-     &quot;summary&quot;: &quot;You can&apos;t navigate the application without backing up the virtual DNS circuit!&quot;,
+     &quot;description&quot;: &quot;I&apos;ll synthesize the back-end DNS card, that should driver the SCSI feed!&quot;,
+     &quot;message&quot;: &quot;We need to index the cross-platform AI circuit!&quot;,
+     &quot;summary&quot;: &quot;We need to transmit the mobile USB circuit!&quot;,
    },
  ]

 ❯ src/test-suite-12.spec.ts:21:20
            </failure>
        </testcase>
        <testcase classname="src/test-suite-12.spec.ts" name="&apos;Streamlined leading edge collaboration&apos; &gt; &apos;If we program the firewall, we can ge…&apos;" time="0.00006425">
        </testcase>
        <testcase classname="src/test-suite-12.spec.ts" name="&apos;Streamlined leading edge collaboration&apos; &gt; &apos;We need to navigate the back-end IP c…&apos;" time="0.000225375">
            <failure message="expected [ { …(3) }, { …(3) } ] to deeply equal [ { …(3) }, { …(3) } ]" type="AssertionError">
AssertionError: expected [ { …(3) }, { …(3) } ] to deeply equal [ { …(3) }, { …(3) } ]

- Expected
+ Received

  [
    {
-     &quot;description&quot;: &quot;The THX protocol is down, input the redundant feed so we can calculate the XML capacitor!&quot;,
-     &quot;message&quot;: &quot;You can&apos;t back up the monitor without parsing the mobile IP application!&quot;,
-     &quot;summary&quot;: &quot;I&apos;ll parse the cross-platform OCR matrix, that should bandwidth the THX driver!&quot;,
+     &quot;description&quot;: &quot;You can&apos;t transmit the monitor without hacking the neural EXE interface!&quot;,
+     &quot;message&quot;: &quot;indexing the array won&apos;t do anything, we need to generate the cross-platform GB protocol!&quot;,
+     &quot;summary&quot;: &quot;connecting the bus won&apos;t do anything, we need to parse the 1080p XML matrix!&quot;,
    },
    {
-     &quot;description&quot;: &quot;If we reboot the pixel, we can get to the SMS program through the optical SSD port!&quot;,
-     &quot;message&quot;: &quot;Use the multi-byte JBOD alarm, then you can compress the neural bus!&quot;,
-     &quot;summary&quot;: &quot;navigating the monitor won&apos;t do anything, we need to back up the bluetooth UDP bus!&quot;,
+     &quot;description&quot;: &quot;Use the cross-platform PNG circuit, then you can bypass the neural application!&quot;,
+     &quot;message&quot;: &quot;We need to navigate the digital UTF8 port!&quot;,
+     &quot;summary&quot;: &quot;I&apos;ll bypass the neural SSL program, that should program the UTF8 monitor!&quot;,
    },
  ]

 ❯ src/test-suite-12.spec.ts:21:20
            </failure>
        </testcase>
        <testcase classname="src/test-suite-12.spec.ts" name="&apos;Streamlined leading edge collaboration&apos; &gt; &apos;If we calculate the panel, we can get…&apos;" time="0.00006575">
        </testcase>
        <testcase classname="src/test-suite-12.spec.ts" name="&apos;Streamlined leading edge collaboration&apos; &gt; &apos;We need to bypass the redundant SCSI …&apos;" time="0.000323334">
            <failure message="expected [ { …(3) }, { …(3) }, { …(3) }, …(2) ] to deeply equal [ { …(3) }, { …(3) }, { …(3) }, …(1) ]" type="AssertionError">
AssertionError: expected [ { …(3) }, { …(3) }, { …(3) }, …(2) ] to deeply equal [ { …(3) }, { …(3) }, { …(3) }, …(1) ]

- Expected
+ Received

  [
    {
-     &quot;description&quot;: &quot;We need to synthesize the back-end OCR protocol!&quot;,
-     &quot;message&quot;: &quot;Use the neural CSS hard drive, then you can synthesize the digital array!&quot;,
-     &quot;summary&quot;: &quot;The EXE sensor is down, bypass the primary interface so we can transmit the XML capacitor!&quot;,
+     &quot;description&quot;: &quot;Try to input the USB program, maybe it will back up the auxiliary capacitor!&quot;,
+     &quot;message&quot;: &quot;If we parse the system, we can get to the SQL driver through the redundant DRAM transmitter!&quot;,
+     &quot;summary&quot;: &quot;Use the neural DRAM matrix, then you can copy the virtual matrix!&quot;,
    },
    {
-     &quot;description&quot;: &quot;I&apos;ll program the digital API interface, that should bandwidth the SMTP interface!&quot;,
-     &quot;message&quot;: &quot;I&apos;ll navigate the mobile HTTP bus, that should matrix the SCSI sensor!&quot;,
-     &quot;summary&quot;: &quot;I&apos;ll generate the online SSD matrix, that should capacitor the CLI application!&quot;,
+     &quot;description&quot;: &quot;Use the digital EXE interface, then you can program the optical bandwidth!&quot;,
+     &quot;message&quot;: &quot;The AI program is down, generate the cross-platform monitor so we can compress the AI interface!&quot;,
+     &quot;summary&quot;: &quot;You can&apos;t synthesize the pixel without transmitting the multi-byte SMS port!&quot;,
+   },
+   {
+     &quot;description&quot;: &quot;If we back up the alarm, we can get to the SMS transmitter through the neural EXE monitor!&quot;,
+     &quot;message&quot;: &quot;If we back up the transmitter, we can get to the ADP capacitor through the bluetooth AI bandwidth!&quot;,
+     &quot;summary&quot;: &quot;I&apos;ll parse the open-source SDD driver, that should protocol the AI firewall!&quot;,
    },
    {
-     &quot;description&quot;: &quot;You can&apos;t connect the firewall without synthesizing the redundant FTP hard drive!&quot;,
-     &quot;message&quot;: &quot;The CSS interface is down, generate the solid state port so we can compress the AI bus!&quot;,
-     &quot;summary&quot;: &quot;If we index the capacitor, we can get to the PCI program through the mobile XSS bandwidth!&quot;,
+     &quot;description&quot;: &quot;Use the bluetooth COM monitor, then you can generate the redundant alarm!&quot;,
+     &quot;message&quot;: &quot;We need to navigate the redundant EXE interface!&quot;,
+     &quot;summary&quot;: &quot;The OCR port is down, input the 1080p sensor so we can back up the SSL bandwidth!&quot;,
    },
    {
-     &quot;description&quot;: &quot;You can&apos;t calculate the driver without transmitting the multi-byte IB circuit!&quot;,
-     &quot;message&quot;: &quot;We need to transmit the digital IB monitor!&quot;,
-     &quot;summary&quot;: &quot;Try to quantify the UDP capacitor, maybe it will calculate the haptic pixel!&quot;,
+     &quot;description&quot;: &quot;Use the mobile PCI card, then you can parse the bluetooth driver!&quot;,
+     &quot;message&quot;: &quot;The PNG capacitor is down, input the primary application so we can reboot the XML circuit!&quot;,
+     &quot;summary&quot;: &quot;The PCI transmitter is down, connect the bluetooth driver so we can navigate the PNG bus!&quot;,
    },
  ]

 ❯ src/test-suite-12.spec.ts:21:20
            </failure>
        </testcase>
        <testcase classname="src/test-suite-12.spec.ts" name="&apos;Streamlined leading edge collaboration&apos; &gt; &apos;The HDD application is down, transmit…&apos;" time="0.000045792">
        </testcase>
        <testcase classname="src/test-suite-12.spec.ts" name="&apos;Streamlined leading edge collaboration&apos; &gt; &apos;If we synthesize the card, we can get…&apos;" time="0.000315583">
            <failure message="expected [ { …(3) }, { …(3) }, { …(3) }, …(1) ] to deeply equal [ { …(3) }, { …(3) }, { …(3) }, …(1) ]" type="AssertionError">
AssertionError: expected [ { …(3) }, { …(3) }, { …(3) }, …(1) ] to deeply equal [ { …(3) }, { …(3) }, { …(3) }, …(1) ]

- Expected
+ Received

  [
    {
-     &quot;description&quot;: &quot;parsing the interface won&apos;t do anything, we need to quantify the redundant SMTP feed!&quot;,
-     &quot;message&quot;: &quot;You can&apos;t hack the system without bypassing the bluetooth ADP protocol!&quot;,
-     &quot;summary&quot;: &quot;You can&apos;t program the matrix without generating the bluetooth CLI hard drive!&quot;,
+     &quot;description&quot;: &quot;quantifying the protocol won&apos;t do anything, we need to connect the 1080p CLI system!&quot;,
+     &quot;message&quot;: &quot;backing up the transmitter won&apos;t do anything, we need to input the redundant JSON protocol!&quot;,
+     &quot;summary&quot;: &quot;I&apos;ll synthesize the solid state SDD hard drive, that should capacitor the ASCII microchip!&quot;,
    },
    {
-     &quot;description&quot;: &quot;We need to hack the virtual AGP circuit!&quot;,
-     &quot;message&quot;: &quot;If we hack the hard drive, we can get to the HEX capacitor through the mobile SQL matrix!&quot;,
-     &quot;summary&quot;: &quot;I&apos;ll override the primary ADP capacitor, that should feed the GB capacitor!&quot;,
+     &quot;description&quot;: &quot;generating the matrix won&apos;t do anything, we need to reboot the bluetooth XSS matrix!&quot;,
+     &quot;message&quot;: &quot;connecting the driver won&apos;t do anything, we need to navigate the virtual API program!&quot;,
+     &quot;summary&quot;: &quot;Use the bluetooth ASCII array, then you can calculate the virtual alarm!&quot;,
    },
    {
-     &quot;description&quot;: &quot;You can&apos;t override the system without generating the neural OCR feed!&quot;,
-     &quot;message&quot;: &quot;Use the digital SSL card, then you can calculate the digital bandwidth!&quot;,
-     &quot;summary&quot;: &quot;The TLS array is down, program the back-end pixel so we can synthesize the AGP bandwidth!&quot;,
+     &quot;description&quot;: &quot;We need to quantify the multi-byte API firewall!&quot;,
+     &quot;message&quot;: &quot;The USB alarm is down, compress the digital transmitter so we can copy the SCSI capacitor!&quot;,
+     &quot;summary&quot;: &quot;The OCR capacitor is down, override the neural protocol so we can synthesize the USB feed!&quot;,
    },
    {
-     &quot;description&quot;: &quot;The DNS array is down, connect the cross-platform hard drive so we can override the SSL interface!&quot;,
-     &quot;message&quot;: &quot;I&apos;ll input the multi-byte PCI sensor, that should application the DRAM microchip!&quot;,
-     &quot;summary&quot;: &quot;Try to navigate the XML alarm, maybe it will transmit the wireless interface!&quot;,
+     &quot;description&quot;: &quot;We need to back up the optical SQL pixel!&quot;,
+     &quot;message&quot;: &quot;The RSS sensor is down, quantify the optical circuit so we can program the ASCII bandwidth!&quot;,
+     &quot;summary&quot;: &quot;You can&apos;t back up the system without bypassing the solid state TCP firewall!&quot;,
    },
  ]

 ❯ src/test-suite-12.spec.ts:21:20
            </failure>
        </testcase>
        <testcase classname="src/test-suite-12.spec.ts" name="&apos;Streamlined leading edge collaboration&apos; &gt; &apos;You can\&apos;t quantify the program witho…&apos;" time="0.000045875">
        </testcase>
        <testcase classname="src/test-suite-12.spec.ts" name="&apos;Streamlined leading edge collaboration&apos; &gt; &apos;navigating the system won\&apos;t do anyth…&apos;" time="0.000302458">
            <failure message="expected [ { …(3) }, { …(3) }, { …(3) }, …(1) ] to deeply equal [ { …(3) }, { …(3) }, { …(3) } ]" type="AssertionError">
AssertionError: expected [ { …(3) }, { …(3) }, { …(3) }, …(1) ] to deeply equal [ { …(3) }, { …(3) }, { …(3) } ]

- Expected
+ Received

  [
    {
-     &quot;description&quot;: &quot;bypassing the program won&apos;t do anything, we need to back up the 1080p TCP matrix!&quot;,
-     &quot;message&quot;: &quot;You can&apos;t back up the application without quantifying the 1080p CLI card!&quot;,
-     &quot;summary&quot;: &quot;You can&apos;t connect the driver without hacking the solid state SDD alarm!&quot;,
+     &quot;description&quot;: &quot;navigating the system won&apos;t do anything, we need to synthesize the redundant ASCII sensor!&quot;,
+     &quot;message&quot;: &quot;We need to parse the optical SAS hard drive!&quot;,
+     &quot;summary&quot;: &quot;You can&apos;t reboot the driver without calculating the wireless VGA panel!&quot;,
+   },
+   {
+     &quot;description&quot;: &quot;I&apos;ll reboot the auxiliary SMTP system, that should interface the XML feed!&quot;,
+     &quot;message&quot;: &quot;Try to back up the JBOD transmitter, maybe it will parse the haptic array!&quot;,
+     &quot;summary&quot;: &quot;We need to connect the primary COM capacitor!&quot;,
    },
    {
-     &quot;description&quot;: &quot;We need to program the 1080p PCI program!&quot;,
-     &quot;message&quot;: &quot;I&apos;ll back up the open-source SMS program, that should circuit the EXE sensor!&quot;,
-     &quot;summary&quot;: &quot;Try to compress the RAM sensor, maybe it will parse the redundant driver!&quot;,
+     &quot;description&quot;: &quot;You can&apos;t navigate the matrix without overriding the mobile XSS hard drive!&quot;,
+     &quot;message&quot;: &quot;programming the hard drive won&apos;t do anything, we need to transmit the auxiliary XSS protocol!&quot;,
+     &quot;summary&quot;: &quot;I&apos;ll synthesize the digital SAS driver, that should panel the VGA interface!&quot;,
    },
    {
-     &quot;description&quot;: &quot;Use the back-end HDD firewall, then you can hack the redundant matrix!&quot;,
-     &quot;message&quot;: &quot;You can&apos;t index the bandwidth without generating the online IP feed!&quot;,
-     &quot;summary&quot;: &quot;Try to override the COM transmitter, maybe it will parse the open-source system!&quot;,
+     &quot;description&quot;: &quot;If we hack the microchip, we can get to the CLI program through the neural HDD panel!&quot;,
+     &quot;message&quot;: &quot;The SCSI program is down, reboot the haptic hard drive so we can hack the XSS circuit!&quot;,
+     &quot;summary&quot;: &quot;The EXE matrix is down, connect the virtual bandwidth so we can hack the SSL pixel!&quot;,
    },
  ]

 ❯ src/test-suite-12.spec.ts:21:20
            </failure>
        </testcase>
        <testcase classname="src/test-suite-12.spec.ts" name="&apos;Streamlined leading edge collaboration&apos; &gt; &apos;If we index the matrix, we can get to…&apos;" time="0.000061916">
        </testcase>
        <testcase classname="src/test-suite-12.spec.ts" name="&apos;Streamlined leading edge collaboration&apos; &gt; &apos;You can\&apos;t calculate the capacitor wi…&apos;" time="0.000351041">
            <failure message="expected [ { …(3) }, { …(3) }, { …(3) }, …(1) ] to deeply equal [ { …(3) }, { …(3) }, { …(3) }, …(2) ]" type="AssertionError">
AssertionError: expected [ { …(3) }, { …(3) }, { …(3) }, …(1) ] to deeply equal [ { …(3) }, { …(3) }, { …(3) }, …(2) ]

- Expected
+ Received

  [
    {
-     &quot;description&quot;: &quot;We need to hack the solid state HTTP system!&quot;,
-     &quot;message&quot;: &quot;copying the capacitor won&apos;t do anything, we need to calculate the multi-byte SSD panel!&quot;,
-     &quot;summary&quot;: &quot;We need to quantify the digital IB pixel!&quot;,
+     &quot;description&quot;: &quot;Use the wireless SMTP bandwidth, then you can compress the mobile capacitor!&quot;,
+     &quot;message&quot;: &quot;The AGP microchip is down, copy the mobile feed so we can navigate the SCSI card!&quot;,
+     &quot;summary&quot;: &quot;If we index the alarm, we can get to the USB system through the redundant DRAM feed!&quot;,
    },
    {
-     &quot;description&quot;: &quot;I&apos;ll bypass the cross-platform ADP card, that should driver the TLS protocol!&quot;,
-     &quot;message&quot;: &quot;You can&apos;t generate the circuit without indexing the solid state API port!&quot;,
-     &quot;summary&quot;: &quot;I&apos;ll reboot the primary JSON bandwidth, that should feed the JBOD transmitter!&quot;,
-   },
-   {
-     &quot;description&quot;: &quot;Use the multi-byte SCSI bandwidth, then you can calculate the haptic panel!&quot;,
-     &quot;message&quot;: &quot;We need to program the cross-platform DRAM array!&quot;,
-     &quot;summary&quot;: &quot;You can&apos;t navigate the matrix without synthesizing the virtual PNG interface!&quot;,
+     &quot;description&quot;: &quot;The USB pixel is down, parse the online protocol so we can compress the SSD panel!&quot;,
+     &quot;message&quot;: &quot;The TCP card is down, parse the back-end matrix so we can transmit the USB driver!&quot;,
+     &quot;summary&quot;: &quot;You can&apos;t copy the matrix without parsing the online COM protocol!&quot;,
    },
    {
-     &quot;description&quot;: &quot;I&apos;ll copy the mobile USB transmitter, that should bus the CLI pixel!&quot;,
-     &quot;message&quot;: &quot;The HDD hard drive is down, transmit the neural feed so we can parse the RSS protocol!&quot;,
-     &quot;summary&quot;: &quot;You can&apos;t program the card without copying the neural HTTP feed!&quot;,
+     &quot;description&quot;: &quot;You can&apos;t program the port without bypassing the auxiliary ASCII pixel!&quot;,
+     &quot;message&quot;: &quot;calculating the bandwidth won&apos;t do anything, we need to hack the solid state DNS panel!&quot;,
+     &quot;summary&quot;: &quot;We need to compress the auxiliary UTF8 feed!&quot;,
    },
    {
-     &quot;description&quot;: &quot;The VGA system is down, calculate the neural program so we can copy the XSS circuit!&quot;,
-     &quot;message&quot;: &quot;Use the bluetooth CSS microchip, then you can hack the mobile protocol!&quot;,
-     &quot;summary&quot;: &quot;We need to reboot the 1080p UTF8 bandwidth!&quot;,
+     &quot;description&quot;: &quot;You can&apos;t navigate the array without parsing the auxiliary COM microchip!&quot;,
+     &quot;message&quot;: &quot;We need to compress the auxiliary API hard drive!&quot;,
+     &quot;summary&quot;: &quot;Try to quantify the OCR port, maybe it will calculate the haptic bandwidth!&quot;,
    },
  ]

 ❯ src/test-suite-12.spec.ts:21:20
            </failure>
        </testcase>
        <testcase classname="src/test-suite-12.spec.ts" name="&apos;Streamlined leading edge collaboration&apos; &gt; &apos;You can\&apos;t reboot the system without …&apos;" time="0.000052417">
        </testcase>
        <testcase classname="src/test-suite-12.spec.ts" name="&apos;Streamlined leading edge collaboration&apos; &gt; &apos;Use the virtual JBOD bus, then you ca…&apos;" time="0.000321125">
            <failure message="expected [ { …(3) }, { …(3) }, { …(3) }, …(1) ] to deeply equal [ { …(3) }, { …(3) }, { …(3) }, …(1) ]" type="AssertionError">
AssertionError: expected [ { …(3) }, { …(3) }, { …(3) }, …(1) ] to deeply equal [ { …(3) }, { …(3) }, { …(3) }, …(1) ]

- Expected
+ Received

  [
    {
-     &quot;description&quot;: &quot;Use the primary EXE sensor, then you can index the primary application!&quot;,
-     &quot;message&quot;: &quot;If we transmit the bandwidth, we can get to the SQL firewall through the 1080p SMS feed!&quot;,
-     &quot;summary&quot;: &quot;You can&apos;t bypass the array without copying the wireless TLS port!&quot;,
+     &quot;description&quot;: &quot;I&apos;ll parse the back-end UTF8 card, that should hard drive the CSS port!&quot;,
+     &quot;message&quot;: &quot;Try to generate the JSON monitor, maybe it will copy the solid state firewall!&quot;,
+     &quot;summary&quot;: &quot;You can&apos;t reboot the capacitor without copying the bluetooth AI pixel!&quot;,
    },
    {
-     &quot;description&quot;: &quot;You can&apos;t compress the firewall without synthesizing the mobile DNS bandwidth!&quot;,
-     &quot;message&quot;: &quot;You can&apos;t copy the panel without copying the digital IB sensor!&quot;,
-     &quot;summary&quot;: &quot;Use the multi-byte RSS microchip, then you can hack the 1080p hard drive!&quot;,
+     &quot;description&quot;: &quot;If we override the transmitter, we can get to the ASCII transmitter through the 1080p API feed!&quot;,
+     &quot;message&quot;: &quot;If we compress the driver, we can get to the TCP firewall through the open-source HEX array!&quot;,
+     &quot;summary&quot;: &quot;You can&apos;t hack the circuit without quantifying the redundant XSS monitor!&quot;,
    },
    {
-     &quot;description&quot;: &quot;You can&apos;t input the transmitter without parsing the redundant ASCII alarm!&quot;,
-     &quot;message&quot;: &quot;We need to hack the solid state HEX port!&quot;,
-     &quot;summary&quot;: &quot;connecting the application won&apos;t do anything, we need to transmit the multi-byte ADP bus!&quot;,
+     &quot;description&quot;: &quot;The JSON feed is down, quantify the bluetooth capacitor so we can quantify the JBOD system!&quot;,
+     &quot;message&quot;: &quot;Use the mobile XML bus, then you can synthesize the solid state pixel!&quot;,
+     &quot;summary&quot;: &quot;You can&apos;t parse the hard drive without connecting the 1080p SDD capacitor!&quot;,
    },
    {
-     &quot;description&quot;: &quot;If we reboot the capacitor, we can get to the DRAM array through the online API alarm!&quot;,
-     &quot;message&quot;: &quot;connecting the driver won&apos;t do anything, we need to generate the open-source SMTP matrix!&quot;,
-     &quot;summary&quot;: &quot;We need to reboot the 1080p AI sensor!&quot;,
+     &quot;description&quot;: &quot;If we index the panel, we can get to the XSS sensor through the optical USB firewall!&quot;,
+     &quot;message&quot;: &quot;I&apos;ll transmit the back-end RAM port, that should circuit the XSS sensor!&quot;,
+     &quot;summary&quot;: &quot;We need to index the cross-platform API alarm!&quot;,
    },
  ]

 ❯ src/test-suite-12.spec.ts:21:20
            </failure>
        </testcase>
        <testcase classname="src/test-suite-12.spec.ts" name="&apos;Streamlined leading edge collaboration&apos; &gt; &apos;Use the optical HTTP array, then you …&apos;" time="0.000062584">
        </testcase>
        <testcase classname="src/test-suite-12.spec.ts" name="&apos;Streamlined leading edge collaboration&apos; &gt; &apos;If we back up the firewall, we can ge…&apos;" time="0.000302125">
            <failure message="expected [ { …(3) }, { …(3) }, { …(3) }, …(1) ] to deeply equal [ { …(3) }, { …(3) }, { …(3) }, …(1) ]" type="AssertionError">
AssertionError: expected [ { …(3) }, { …(3) }, { …(3) }, …(1) ] to deeply equal [ { …(3) }, { …(3) }, { …(3) }, …(1) ]

- Expected
+ Received

  [
    {
-     &quot;description&quot;: &quot;connecting the monitor won&apos;t do anything, we need to connect the mobile TLS microchip!&quot;,
-     &quot;message&quot;: &quot;If we index the transmitter, we can get to the XML program through the cross-platform TLS matrix!&quot;,
-     &quot;summary&quot;: &quot;I&apos;ll hack the open-source ADP port, that should sensor the DNS bandwidth!&quot;,
+     &quot;description&quot;: &quot;Try to back up the SSL circuit, maybe it will synthesize the neural driver!&quot;,
+     &quot;message&quot;: &quot;Try to parse the USB port, maybe it will generate the optical bandwidth!&quot;,
+     &quot;summary&quot;: &quot;Use the 1080p IB bus, then you can back up the haptic system!&quot;,
    },
    {
-     &quot;description&quot;: &quot;Try to compress the OCR program, maybe it will override the mobile card!&quot;,
-     &quot;message&quot;: &quot;Try to synthesize the SDD transmitter, maybe it will program the open-source system!&quot;,
-     &quot;summary&quot;: &quot;I&apos;ll connect the primary SSD microchip, that should panel the SDD system!&quot;,
+     &quot;description&quot;: &quot;Use the cross-platform DNS sensor, then you can generate the digital hard drive!&quot;,
+     &quot;message&quot;: &quot;If we override the driver, we can get to the IB circuit through the back-end SMS hard drive!&quot;,
+     &quot;summary&quot;: &quot;Use the open-source SCSI card, then you can connect the virtual card!&quot;,
    },
    {
-     &quot;description&quot;: &quot;If we navigate the array, we can get to the SCSI program through the redundant GB monitor!&quot;,
-     &quot;message&quot;: &quot;We need to navigate the cross-platform FTP bus!&quot;,
-     &quot;summary&quot;: &quot;Try to bypass the USB microchip, maybe it will synthesize the open-source interface!&quot;,
+     &quot;description&quot;: &quot;Try to override the PCI circuit, maybe it will copy the online matrix!&quot;,
+     &quot;message&quot;: &quot;If we connect the array, we can get to the SQL interface through the neural FTP pixel!&quot;,
+     &quot;summary&quot;: &quot;Try to program the JSON interface, maybe it will input the solid state application!&quot;,
    },
    {
-     &quot;description&quot;: &quot;quantifying the driver won&apos;t do anything, we need to navigate the online JSON monitor!&quot;,
-     &quot;message&quot;: &quot;I&apos;ll connect the haptic OCR capacitor, that should bandwidth the GB program!&quot;,
-     &quot;summary&quot;: &quot;transmitting the bandwidth won&apos;t do anything, we need to bypass the back-end RAM panel!&quot;,
+     &quot;description&quot;: &quot;You can&apos;t index the circuit without indexing the neural RAM monitor!&quot;,
+     &quot;message&quot;: &quot;You can&apos;t calculate the interface without indexing the open-source ASCII microchip!&quot;,
+     &quot;summary&quot;: &quot;Use the bluetooth RSS alarm, then you can back up the cross-platform firewall!&quot;,
    },
  ]

 ❯ src/test-suite-12.spec.ts:21:20
            </failure>
        </testcase>
        <testcase classname="src/test-suite-12.spec.ts" name="&apos;Streamlined leading edge collaboration&apos; &gt; &apos;We need to compress the bluetooth SSD…&apos;" time="0.000053375">
        </testcase>
        <testcase classname="src/test-suite-12.spec.ts" name="&apos;Streamlined leading edge collaboration&apos; &gt; &apos;If we connect the panel, we can get t…&apos;" time="0.000260292">
            <failure message="expected [ { …(3) }, { …(3) } ] to deeply equal [ { …(3) }, { …(3) }, { …(3) }, …(2) ]" type="AssertionError">
AssertionError: expected [ { …(3) }, { …(3) } ] to deeply equal [ { …(3) }, { …(3) }, { …(3) }, …(2) ]

- Expected
+ Received

  [
    {
-     &quot;description&quot;: &quot;The SSL transmitter is down, synthesize the auxiliary system so we can input the SQL capacitor!&quot;,
-     &quot;message&quot;: &quot;The SCSI sensor is down, bypass the virtual interface so we can compress the JBOD capacitor!&quot;,
-     &quot;summary&quot;: &quot;Try to calculate the IP protocol, maybe it will generate the wireless array!&quot;,
-   },
-   {
-     &quot;description&quot;: &quot;Try to index the PNG panel, maybe it will reboot the primary panel!&quot;,
-     &quot;message&quot;: &quot;The DNS circuit is down, hack the digital circuit so we can synthesize the FTP application!&quot;,
-     &quot;summary&quot;: &quot;We need to input the cross-platform SDD monitor!&quot;,
-   },
-   {
-     &quot;description&quot;: &quot;I&apos;ll index the virtual OCR microchip, that should bus the PNG microchip!&quot;,
-     &quot;message&quot;: &quot;If we calculate the firewall, we can get to the SSL interface through the 1080p SDD array!&quot;,
-     &quot;summary&quot;: &quot;navigating the transmitter won&apos;t do anything, we need to navigate the haptic DNS alarm!&quot;,
-   },
-   {
-     &quot;description&quot;: &quot;The COM array is down, hack the mobile pixel so we can calculate the RAM array!&quot;,
-     &quot;message&quot;: &quot;We need to bypass the solid state OCR panel!&quot;,
-     &quot;summary&quot;: &quot;If we connect the pixel, we can get to the API firewall through the open-source SMS system!&quot;,
+     &quot;description&quot;: &quot;You can&apos;t reboot the port without hacking the online COM transmitter!&quot;,
+     &quot;message&quot;: &quot;I&apos;ll navigate the online VGA circuit, that should array the THX matrix!&quot;,
+     &quot;summary&quot;: &quot;If we compress the circuit, we can get to the JBOD pixel through the mobile ASCII matrix!&quot;,
    },
    {
-     &quot;description&quot;: &quot;Use the digital OCR circuit, then you can override the auxiliary firewall!&quot;,
-     &quot;message&quot;: &quot;The SQL application is down, bypass the mobile circuit so we can input the OCR system!&quot;,
-     &quot;summary&quot;: &quot;overriding the card won&apos;t do anything, we need to override the auxiliary SQL system!&quot;,
+     &quot;description&quot;: &quot;Use the online FTP matrix, then you can program the redundant protocol!&quot;,
+     &quot;message&quot;: &quot;Use the cross-platform HTTP circuit, then you can calculate the online protocol!&quot;,
+     &quot;summary&quot;: &quot;We need to compress the 1080p JBOD program!&quot;,
    },
  ]

 ❯ src/test-suite-12.spec.ts:21:20
            </failure>
        </testcase>
        <testcase classname="src/test-suite-12.spec.ts" name="&apos;Streamlined leading edge collaboration&apos; &gt; &apos;Try to input the JSON interface, mayb…&apos;" time="0.000064917">
        </testcase>
        <testcase classname="src/test-suite-12.spec.ts" name="&apos;Streamlined leading edge collaboration&apos; &gt; &apos;Try to parse the ADP card, maybe it w…&apos;" time="0.000242583">
            <failure message="expected [ { …(3) }, { …(3) } ] to deeply equal [ { …(3) }, { …(3) }, { …(3) }, …(1) ]" type="AssertionError">
AssertionError: expected [ { …(3) }, { …(3) } ] to deeply equal [ { …(3) }, { …(3) }, { …(3) }, …(1) ]

- Expected
+ Received

  [
    {
-     &quot;description&quot;: &quot;If we synthesize the bandwidth, we can get to the GB monitor through the redundant HDD circuit!&quot;,
-     &quot;message&quot;: &quot;Try to back up the AGP matrix, maybe it will parse the back-end program!&quot;,
-     &quot;summary&quot;: &quot;The XSS transmitter is down, compress the auxiliary matrix so we can bypass the UDP firewall!&quot;,
+     &quot;description&quot;: &quot;Try to input the SMTP program, maybe it will generate the back-end microchip!&quot;,
+     &quot;message&quot;: &quot;The DNS alarm is down, calculate the bluetooth panel so we can navigate the XSS transmitter!&quot;,
+     &quot;summary&quot;: &quot;You can&apos;t quantify the capacitor without synthesizing the redundant CLI matrix!&quot;,
    },
    {
-     &quot;description&quot;: &quot;If we synthesize the feed, we can get to the IP bus through the primary FTP sensor!&quot;,
-     &quot;message&quot;: &quot;I&apos;ll override the digital SSL transmitter, that should protocol the SMTP driver!&quot;,
-     &quot;summary&quot;: &quot;synthesizing the driver won&apos;t do anything, we need to back up the solid state SSL array!&quot;,
-   },
-   {
-     &quot;description&quot;: &quot;You can&apos;t index the panel without connecting the haptic HTTP feed!&quot;,
-     &quot;message&quot;: &quot;If we override the driver, we can get to the AI interface through the digital GB hard drive!&quot;,
-     &quot;summary&quot;: &quot;You can&apos;t hack the driver without indexing the auxiliary ADP application!&quot;,
-   },
-   {
-     &quot;description&quot;: &quot;If we back up the transmitter, we can get to the USB port through the multi-byte SAS bus!&quot;,
-     &quot;message&quot;: &quot;Try to hack the ADP bandwidth, maybe it will compress the open-source application!&quot;,
-     &quot;summary&quot;: &quot;Try to quantify the HEX bus, maybe it will synthesize the back-end capacitor!&quot;,
+     &quot;description&quot;: &quot;You can&apos;t copy the port without compressing the neural DNS pixel!&quot;,
+     &quot;message&quot;: &quot;Try to index the JBOD application, maybe it will reboot the open-source matrix!&quot;,
+     &quot;summary&quot;: &quot;If we bypass the array, we can get to the PCI application through the back-end USB matrix!&quot;,
    },
  ]

 ❯ src/test-suite-12.spec.ts:21:20
            </failure>
        </testcase>
        <testcase classname="src/test-suite-12.spec.ts" name="&apos;Streamlined leading edge collaboration&apos; &gt; &apos;I\&apos;ll index the back-end ADP capacito…&apos;" time="0.000052792">
        </testcase>
        <testcase classname="src/test-suite-12.spec.ts" name="&apos;Streamlined leading edge collaboration&apos; &gt; &apos;We need to connect the redundant USB …&apos;" time="0.00026025">
            <failure message="expected [ { …(3) }, { …(3) } ] to deeply equal [ { …(3) }, { …(3) }, { …(3) }, …(2) ]" type="AssertionError">
AssertionError: expected [ { …(3) }, { …(3) } ] to deeply equal [ { …(3) }, { …(3) }, { …(3) }, …(2) ]

- Expected
+ Received

  [
    {
-     &quot;description&quot;: &quot;We need to bypass the mobile JBOD driver!&quot;,
-     &quot;message&quot;: &quot;We need to index the redundant JSON circuit!&quot;,
-     &quot;summary&quot;: &quot;I&apos;ll override the virtual DNS array, that should sensor the AI matrix!&quot;,
-   },
-   {
-     &quot;description&quot;: &quot;Use the 1080p VGA pixel, then you can calculate the bluetooth array!&quot;,
-     &quot;message&quot;: &quot;The SAS panel is down, program the open-source circuit so we can transmit the HDD capacitor!&quot;,
-     &quot;summary&quot;: &quot;If we reboot the hard drive, we can get to the DRAM port through the haptic RSS bandwidth!&quot;,
-   },
-   {
-     &quot;description&quot;: &quot;Try to input the TLS microchip, maybe it will transmit the cross-platform interface!&quot;,
-     &quot;message&quot;: &quot;Use the auxiliary HTTP card, then you can compress the redundant firewall!&quot;,
-     &quot;summary&quot;: &quot;I&apos;ll transmit the wireless TCP capacitor, that should matrix the UDP protocol!&quot;,
-   },
-   {
-     &quot;description&quot;: &quot;The SAS bandwidth is down, bypass the open-source card so we can index the COM application!&quot;,
-     &quot;message&quot;: &quot;You can&apos;t navigate the transmitter without backing up the digital AI array!&quot;,
-     &quot;summary&quot;: &quot;generating the alarm won&apos;t do anything, we need to program the optical HDD microchip!&quot;,
+     &quot;description&quot;: &quot;Use the virtual SAS card, then you can quantify the open-source monitor!&quot;,
+     &quot;message&quot;: &quot;I&apos;ll synthesize the cross-platform SSL array, that should driver the XSS transmitter!&quot;,
+     &quot;summary&quot;: &quot;I&apos;ll index the solid state USB sensor, that should microchip the DRAM hard drive!&quot;,
    },
    {
-     &quot;description&quot;: &quot;I&apos;ll back up the neural RAM pixel, that should matrix the HDD capacitor!&quot;,
-     &quot;message&quot;: &quot;We need to parse the auxiliary CSS sensor!&quot;,
-     &quot;summary&quot;: &quot;If we quantify the circuit, we can get to the XML array through the multi-byte SSL hard drive!&quot;,
+     &quot;description&quot;: &quot;If we navigate the alarm, we can get to the API firewall through the cross-platform HEX program!&quot;,
+     &quot;message&quot;: &quot;indexing the panel won&apos;t do anything, we need to index the solid state VGA firewall!&quot;,
+     &quot;summary&quot;: &quot;quantifying the port won&apos;t do anything, we need to index the haptic AGP microchip!&quot;,
    },
  ]

 ❯ src/test-suite-12.spec.ts:21:20
            </failure>
        </testcase>
        <testcase classname="src/test-suite-12.spec.ts" name="&apos;Streamlined leading edge collaboration&apos; &gt; &apos;I\&apos;ll override the back-end DNS feed,…&apos;" time="0.000047666">
        </testcase>
        <testcase classname="src/test-suite-12.spec.ts" name="&apos;Streamlined leading edge collaboration&apos; &gt; &apos;If we reboot the application, we can …&apos;" time="0.000272458">
            <failure message="expected [ { …(3) }, { …(3) }, { …(3) }, …(2) ] to deeply equal [ { …(3) }, { …(3) }, { …(3) } ]" type="AssertionError">
AssertionError: expected [ { …(3) }, { …(3) }, { …(3) }, …(2) ] to deeply equal [ { …(3) }, { …(3) }, { …(3) } ]

- Expected
+ Received

  [
    {
-     &quot;description&quot;: &quot;We need to override the multi-byte COM array!&quot;,
-     &quot;message&quot;: &quot;If we input the microchip, we can get to the SMS pixel through the digital API monitor!&quot;,
-     &quot;summary&quot;: &quot;Try to calculate the GB transmitter, maybe it will program the neural circuit!&quot;,
+     &quot;description&quot;: &quot;If we copy the panel, we can get to the HTTP program through the haptic EXE microchip!&quot;,
+     &quot;message&quot;: &quot;You can&apos;t parse the bandwidth without backing up the virtual UTF8 circuit!&quot;,
+     &quot;summary&quot;: &quot;You can&apos;t copy the interface without indexing the digital USB hard drive!&quot;,
    },
    {
-     &quot;description&quot;: &quot;Try to quantify the IB feed, maybe it will quantify the open-source pixel!&quot;,
-     &quot;message&quot;: &quot;I&apos;ll back up the 1080p HTTP driver, that should program the AGP hard drive!&quot;,
-     &quot;summary&quot;: &quot;We need to back up the neural RAM protocol!&quot;,
+     &quot;description&quot;: &quot;We need to compress the primary JBOD panel!&quot;,
+     &quot;message&quot;: &quot;You can&apos;t input the transmitter without transmitting the open-source PCI microchip!&quot;,
+     &quot;summary&quot;: &quot;If we synthesize the port, we can get to the TLS interface through the optical HEX pixel!&quot;,
    },
    {
-     &quot;description&quot;: &quot;If we index the hard drive, we can get to the XSS microchip through the neural AI protocol!&quot;,
-     &quot;message&quot;: &quot;Try to transmit the AGP bandwidth, maybe it will reboot the solid state hard drive!&quot;,
-     &quot;summary&quot;: &quot;If we copy the bus, we can get to the THX matrix through the neural FTP port!&quot;,
+     &quot;description&quot;: &quot;Use the cross-platform HTTP hard drive, then you can program the redundant matrix!&quot;,
+     &quot;message&quot;: &quot;You can&apos;t navigate the firewall without indexing the bluetooth PNG bandwidth!&quot;,
+     &quot;summary&quot;: &quot;You can&apos;t transmit the application without synthesizing the virtual FTP hard drive!&quot;,
+   },
+   {
+     &quot;description&quot;: &quot;We need to quantify the digital SCSI panel!&quot;,
+     &quot;message&quot;: &quot;The TLS bandwidth is down, transmit the auxiliary protocol so we can override the API card!&quot;,
+     &quot;summary&quot;: &quot;synthesizing the interface won&apos;t do anything, we need to hack the online PNG feed!&quot;,
+   },
+   {
+     &quot;description&quot;: &quot;hacking the port won&apos;t do anything, we need to parse the haptic VGA program!&quot;,
+     &quot;message&quot;: &quot;The UTF8 transmitter is down, index the auxiliary feed so we can compress the AGP firewall!&quot;,
+     &quot;summary&quot;: &quot;If we index the transmitter, we can get to the HEX application through the multi-byte IB firewall!&quot;,
    },
  ]

 ❯ src/test-suite-12.spec.ts:21:20
            </failure>
        </testcase>
        <testcase classname="src/test-suite-12.spec.ts" name="&apos;Public-key heuristic support&apos; &gt; &apos;The COM bandwidth is down, bypass the…&apos;" time="0.000250375">
            <failure message="expected [ { …(3) }, { …(3) }, { …(3) } ] to deeply equal [ { …(3) }, { …(3) }, { …(3) } ]" type="AssertionError">
AssertionError: expected [ { …(3) }, { …(3) }, { …(3) } ] to deeply equal [ { …(3) }, { …(3) }, { …(3) } ]

- Expected
+ Received

  [
    {
-     &quot;description&quot;: &quot;If we calculate the matrix, we can get to the SSL pixel through the digital XML feed!&quot;,
-     &quot;message&quot;: &quot;bypassing the program won&apos;t do anything, we need to index the solid state HEX sensor!&quot;,
-     &quot;summary&quot;: &quot;You can&apos;t navigate the interface without connecting the solid state RSS system!&quot;,
+     &quot;description&quot;: &quot;Use the auxiliary TLS circuit, then you can quantify the solid state program!&quot;,
+     &quot;message&quot;: &quot;Use the open-source THX port, then you can transmit the optical bus!&quot;,
+     &quot;summary&quot;: &quot;programming the panel won&apos;t do anything, we need to index the mobile DRAM panel!&quot;,
    },
    {
-     &quot;description&quot;: &quot;You can&apos;t reboot the transmitter without indexing the virtual XSS monitor!&quot;,
-     &quot;message&quot;: &quot;Try to input the PCI system, maybe it will bypass the redundant microchip!&quot;,
-     &quot;summary&quot;: &quot;Use the digital UTF8 bandwidth, then you can transmit the online program!&quot;,
+     &quot;description&quot;: &quot;Try to quantify the OCR program, maybe it will hack the redundant pixel!&quot;,
+     &quot;message&quot;: &quot;We need to input the optical DNS microchip!&quot;,
+     &quot;summary&quot;: &quot;navigating the capacitor won&apos;t do anything, we need to connect the open-source EXE monitor!&quot;,
    },
    {
-     &quot;description&quot;: &quot;We need to generate the open-source TCP port!&quot;,
-     &quot;message&quot;: &quot;Try to back up the HEX card, maybe it will connect the open-source hard drive!&quot;,
-     &quot;summary&quot;: &quot;If we reboot the firewall, we can get to the GB bandwidth through the neural SSD hard drive!&quot;,
+     &quot;description&quot;: &quot;You can&apos;t navigate the port without backing up the solid state RAM card!&quot;,
+     &quot;message&quot;: &quot;I&apos;ll override the digital CSS alarm, that should program the CSS circuit!&quot;,
+     &quot;summary&quot;: &quot;If we copy the circuit, we can get to the AI application through the optical JSON capacitor!&quot;,
    },
  ]

 ❯ src/test-suite-12.spec.ts:21:20
            </failure>
        </testcase>
        <testcase classname="src/test-suite-12.spec.ts" name="&apos;Public-key heuristic support&apos; &gt; &apos;transmitting the pixel won\&apos;t do anyt…&apos;" time="0.000053208">
        </testcase>
        <testcase classname="src/test-suite-12.spec.ts" name="&apos;Public-key heuristic support&apos; &gt; &apos;synthesizing the circuit won\&apos;t do an…&apos;" time="0.000299125">
            <failure message="expected [ { …(3) }, { …(3) }, { …(3) }, …(2) ] to deeply equal [ { …(3) }, { …(3) }, { …(3) }, …(1) ]" type="AssertionError">
AssertionError: expected [ { …(3) }, { …(3) }, { …(3) }, …(2) ] to deeply equal [ { …(3) }, { …(3) }, { …(3) }, …(1) ]

- Expected
+ Received

  [
    {
-     &quot;description&quot;: &quot;I&apos;ll reboot the cross-platform ASCII transmitter, that should matrix the COM monitor!&quot;,
-     &quot;message&quot;: &quot;Try to synthesize the SQL application, maybe it will generate the haptic circuit!&quot;,
-     &quot;summary&quot;: &quot;The TLS feed is down, parse the optical pixel so we can connect the AI capacitor!&quot;,
+     &quot;description&quot;: &quot;If we hack the firewall, we can get to the SCSI bandwidth through the solid state GB circuit!&quot;,
+     &quot;message&quot;: &quot;indexing the array won&apos;t do anything, we need to connect the open-source THX array!&quot;,
+     &quot;summary&quot;: &quot;We need to hack the bluetooth CLI firewall!&quot;,
    },
    {
-     &quot;description&quot;: &quot;If we bypass the monitor, we can get to the XSS bandwidth through the neural IB port!&quot;,
-     &quot;message&quot;: &quot;I&apos;ll back up the redundant FTP card, that should driver the XSS feed!&quot;,
-     &quot;summary&quot;: &quot;We need to back up the cross-platform SQL program!&quot;,
+     &quot;description&quot;: &quot;The JBOD capacitor is down, input the solid state pixel so we can synthesize the PNG driver!&quot;,
+     &quot;message&quot;: &quot;I&apos;ll hack the optical SMS circuit, that should matrix the CLI capacitor!&quot;,
+     &quot;summary&quot;: &quot;You can&apos;t synthesize the array without calculating the solid state USB application!&quot;,
+   },
+   {
+     &quot;description&quot;: &quot;You can&apos;t transmit the array without hacking the multi-byte GB card!&quot;,
+     &quot;message&quot;: &quot;parsing the firewall won&apos;t do anything, we need to program the 1080p SMTP matrix!&quot;,
+     &quot;summary&quot;: &quot;quantifying the firewall won&apos;t do anything, we need to transmit the 1080p PNG interface!&quot;,
    },
    {
-     &quot;description&quot;: &quot;We need to calculate the bluetooth RAM protocol!&quot;,
-     &quot;message&quot;: &quot;Use the auxiliary EXE bandwidth, then you can program the multi-byte transmitter!&quot;,
-     &quot;summary&quot;: &quot;If we index the application, we can get to the COM application through the 1080p UDP capacitor!&quot;,
+     &quot;description&quot;: &quot;We need to index the open-source API application!&quot;,
+     &quot;message&quot;: &quot;You can&apos;t transmit the interface without bypassing the bluetooth API microchip!&quot;,
+     &quot;summary&quot;: &quot;I&apos;ll back up the cross-platform HTTP bandwidth, that should panel the ASCII protocol!&quot;,
    },
    {
-     &quot;description&quot;: &quot;We need to hack the redundant HDD circuit!&quot;,
-     &quot;message&quot;: &quot;If we generate the driver, we can get to the SCSI monitor through the auxiliary SSD monitor!&quot;,
-     &quot;summary&quot;: &quot;navigating the driver won&apos;t do anything, we need to calculate the cross-platform FTP transmitter!&quot;,
+     &quot;description&quot;: &quot;Try to generate the ADP circuit, maybe it will bypass the optical pixel!&quot;,
+     &quot;message&quot;: &quot;If we connect the panel, we can get to the ASCII microchip through the solid state USB hard drive!&quot;,
+     &quot;summary&quot;: &quot;The SCSI alarm is down, program the 1080p transmitter so we can bypass the USB hard drive!&quot;,
    },
  ]

 ❯ src/test-suite-12.spec.ts:21:20
            </failure>
        </testcase>
        <testcase classname="src/test-suite-12.spec.ts" name="&apos;Public-key heuristic support&apos; &gt; &apos;generating the capacitor won\&apos;t do an…&apos;" time="0.000040542">
        </testcase>
        <testcase classname="src/test-suite-12.spec.ts" name="&apos;Public-key heuristic support&apos; &gt; &apos;I\&apos;ll quantify the auxiliary HDD matr…&apos;" time="0.000315792">
            <failure message="expected [ { …(3) }, { …(3) }, { …(3) }, …(2) ] to deeply equal [ { …(3) }, { …(3) }, { …(3) } ]" type="AssertionError">
AssertionError: expected [ { …(3) }, { …(3) }, { …(3) }, …(2) ] to deeply equal [ { …(3) }, { …(3) }, { …(3) } ]

- Expected
+ Received

  [
    {
-     &quot;description&quot;: &quot;I&apos;ll generate the redundant UTF8 driver, that should transmitter the SQL sensor!&quot;,
-     &quot;message&quot;: &quot;Try to navigate the RAM driver, maybe it will hack the mobile protocol!&quot;,
-     &quot;summary&quot;: &quot;The SQL transmitter is down, hack the multi-byte bandwidth so we can override the JBOD card!&quot;,
+     &quot;description&quot;: &quot;The UTF8 interface is down, synthesize the neural firewall so we can generate the OCR card!&quot;,
+     &quot;message&quot;: &quot;If we bypass the program, we can get to the SMS firewall through the mobile PCI application!&quot;,
+     &quot;summary&quot;: &quot;I&apos;ll program the mobile USB transmitter, that should panel the SMS microchip!&quot;,
    },
    {
-     &quot;description&quot;: &quot;We need to override the digital XSS microchip!&quot;,
-     &quot;message&quot;: &quot;The HDD matrix is down, parse the multi-byte program so we can connect the USB port!&quot;,
-     &quot;summary&quot;: &quot;Use the auxiliary CLI application, then you can input the 1080p card!&quot;,
+     &quot;description&quot;: &quot;You can&apos;t back up the system without bypassing the optical AGP firewall!&quot;,
+     &quot;message&quot;: &quot;programming the interface won&apos;t do anything, we need to parse the neural SSL hard drive!&quot;,
+     &quot;summary&quot;: &quot;You can&apos;t parse the firewall without synthesizing the haptic DNS card!&quot;,
    },
    {
-     &quot;description&quot;: &quot;Use the multi-byte HTTP program, then you can generate the 1080p interface!&quot;,
-     &quot;message&quot;: &quot;We need to index the haptic CLI bandwidth!&quot;,
-     &quot;summary&quot;: &quot;You can&apos;t navigate the pixel without hacking the neural OCR card!&quot;,
+     &quot;description&quot;: &quot;programming the program won&apos;t do anything, we need to compress the multi-byte AI hard drive!&quot;,
+     &quot;message&quot;: &quot;You can&apos;t bypass the bus without calculating the 1080p COM transmitter!&quot;,
+     &quot;summary&quot;: &quot;You can&apos;t navigate the driver without calculating the auxiliary SQL sensor!&quot;,
+   },
+   {
+     &quot;description&quot;: &quot;We need to parse the digital SQL panel!&quot;,
+     &quot;message&quot;: &quot;The DNS protocol is down, override the wireless protocol so we can copy the EXE panel!&quot;,
+     &quot;summary&quot;: &quot;We need to generate the haptic USB microchip!&quot;,
+   },
+   {
+     &quot;description&quot;: &quot;The RSS pixel is down, calculate the auxiliary circuit so we can override the USB port!&quot;,
+     &quot;message&quot;: &quot;You can&apos;t navigate the transmitter without programming the bluetooth IP card!&quot;,
+     &quot;summary&quot;: &quot;If we hack the panel, we can get to the XSS port through the open-source CLI bus!&quot;,
    },
  ]

 ❯ src/test-suite-12.spec.ts:21:20
            </failure>
        </testcase>
        <testcase classname="src/test-suite-12.spec.ts" name="&apos;Public-key heuristic support&apos; &gt; &apos;I\&apos;ll parse the haptic AI array, that…&apos;" time="0.000088084">
        </testcase>
        <testcase classname="src/test-suite-12.spec.ts" name="&apos;Public-key heuristic support&apos; &gt; &apos;Try to connect the OCR firewall, mayb…&apos;" time="0.00050375">
            <failure message="expected [ { …(3) }, { …(3) }, { …(3) }, …(2) ] to deeply equal [ { …(3) }, { …(3) }, { …(3) }, …(1) ]" type="AssertionError">
AssertionError: expected [ { …(3) }, { …(3) }, { …(3) }, …(2) ] to deeply equal [ { …(3) }, { …(3) }, { …(3) }, …(1) ]

- Expected
+ Received

  [
    {
-     &quot;description&quot;: &quot;We need to navigate the redundant PNG bus!&quot;,
-     &quot;message&quot;: &quot;backing up the program won&apos;t do anything, we need to hack the optical CSS system!&quot;,
-     &quot;summary&quot;: &quot;I&apos;ll program the haptic XSS monitor, that should monitor the XML port!&quot;,
+     &quot;description&quot;: &quot;Try to override the CLI system, maybe it will navigate the primary port!&quot;,
+     &quot;message&quot;: &quot;Try to calculate the UDP bandwidth, maybe it will connect the solid state port!&quot;,
+     &quot;summary&quot;: &quot;programming the microchip won&apos;t do anything, we need to parse the online PCI array!&quot;,
    },
    {
-     &quot;description&quot;: &quot;Use the solid state HEX bus, then you can transmit the back-end port!&quot;,
-     &quot;message&quot;: &quot;We need to synthesize the solid state UDP firewall!&quot;,
-     &quot;summary&quot;: &quot;I&apos;ll back up the virtual SSD bandwidth, that should panel the GB card!&quot;,
+     &quot;description&quot;: &quot;I&apos;ll reboot the virtual EXE system, that should interface the SDD port!&quot;,
+     &quot;message&quot;: &quot;backing up the port won&apos;t do anything, we need to quantify the digital COM program!&quot;,
+     &quot;summary&quot;: &quot;The ADP transmitter is down, calculate the cross-platform system so we can connect the ASCII microchip!&quot;,
+   },
+   {
+     &quot;description&quot;: &quot;If we program the application, we can get to the GB port through the redundant JSON array!&quot;,
+     &quot;message&quot;: &quot;We need to reboot the redundant SQL system!&quot;,
+     &quot;summary&quot;: &quot;Use the mobile DRAM sensor, then you can hack the primary panel!&quot;,
    },
    {
-     &quot;description&quot;: &quot;We need to reboot the redundant HEX feed!&quot;,
-     &quot;message&quot;: &quot;If we bypass the bus, we can get to the JSON panel through the wireless CSS feed!&quot;,
-     &quot;summary&quot;: &quot;We need to override the back-end CLI system!&quot;,
+     &quot;description&quot;: &quot;You can&apos;t program the card without quantifying the neural GB application!&quot;,
+     &quot;message&quot;: &quot;If we program the port, we can get to the SAS driver through the mobile API monitor!&quot;,
+     &quot;summary&quot;: &quot;If we compress the firewall, we can get to the THX panel through the optical HEX feed!&quot;,
    },
    {
-     &quot;description&quot;: &quot;We need to parse the primary SSD array!&quot;,
-     &quot;message&quot;: &quot;Use the open-source EXE feed, then you can calculate the digital pixel!&quot;,
-     &quot;summary&quot;: &quot;I&apos;ll synthesize the bluetooth GB sensor, that should program the TLS panel!&quot;,
+     &quot;description&quot;: &quot;You can&apos;t synthesize the application without transmitting the back-end SMS card!&quot;,
+     &quot;message&quot;: &quot;If we compress the microchip, we can get to the IB panel through the primary SSL firewall!&quot;,
+     &quot;summary&quot;: &quot;The VGA feed is down, quantify the open-source circuit so we can back up the THX bus!&quot;,
    },
  ]

 ❯ src/test-suite-12.spec.ts:21:20
            </failure>
        </testcase>
        <testcase classname="src/test-suite-12.spec.ts" name="&apos;Public-key heuristic support&apos; &gt; &apos;The HEX interface is down, hack the o…&apos;" time="0.000074">
        </testcase>
        <testcase classname="src/test-suite-12.spec.ts" name="&apos;Public-key heuristic support&apos; &gt; &apos;You can\&apos;t input the array without ge…&apos;" time="0.000255333">
            <failure message="expected [ { …(3) }, { …(3) }, { …(3) }, …(1) ] to deeply equal [ { …(3) }, { …(3) } ]" type="AssertionError">
AssertionError: expected [ { …(3) }, { …(3) }, { …(3) }, …(1) ] to deeply equal [ { …(3) }, { …(3) } ]

- Expected
+ Received

  [
    {
-     &quot;description&quot;: &quot;You can&apos;t connect the bandwidth without parsing the bluetooth SSD system!&quot;,
-     &quot;message&quot;: &quot;If we input the feed, we can get to the JBOD circuit through the solid state XSS application!&quot;,
-     &quot;summary&quot;: &quot;bypassing the firewall won&apos;t do anything, we need to override the mobile FTP program!&quot;,
+     &quot;description&quot;: &quot;You can&apos;t calculate the pixel without compressing the 1080p OCR matrix!&quot;,
+     &quot;message&quot;: &quot;The JBOD matrix is down, back up the auxiliary card so we can override the JBOD firewall!&quot;,
+     &quot;summary&quot;: &quot;You can&apos;t reboot the panel without hacking the redundant HEX interface!&quot;,
    },
    {
-     &quot;description&quot;: &quot;I&apos;ll navigate the digital TLS firewall, that should bus the PNG program!&quot;,
-     &quot;message&quot;: &quot;Use the mobile HEX microchip, then you can reboot the 1080p program!&quot;,
-     &quot;summary&quot;: &quot;Use the multi-byte CLI program, then you can back up the primary bandwidth!&quot;,
+     &quot;description&quot;: &quot;synthesizing the panel won&apos;t do anything, we need to copy the 1080p SSD interface!&quot;,
+     &quot;message&quot;: &quot;Use the optical RSS alarm, then you can navigate the mobile protocol!&quot;,
+     &quot;summary&quot;: &quot;If we input the pixel, we can get to the RAM alarm through the open-source AI sensor!&quot;,
+   },
+   {
+     &quot;description&quot;: &quot;I&apos;ll back up the mobile PNG sensor, that should transmitter the DNS capacitor!&quot;,
+     &quot;message&quot;: &quot;The UDP bandwidth is down, program the cross-platform pixel so we can hack the API hard drive!&quot;,
+     &quot;summary&quot;: &quot;You can&apos;t hack the bandwidth without calculating the haptic EXE alarm!&quot;,
+   },
+   {
+     &quot;description&quot;: &quot;We need to index the digital PCI array!&quot;,
+     &quot;message&quot;: &quot;I&apos;ll index the auxiliary XML pixel, that should microchip the PNG protocol!&quot;,
+     &quot;summary&quot;: &quot;transmitting the array won&apos;t do anything, we need to parse the cross-platform HTTP alarm!&quot;,
    },
  ]

 ❯ src/test-suite-12.spec.ts:21:20
            </failure>
        </testcase>
        <testcase classname="src/test-suite-12.spec.ts" name="&apos;Public-key heuristic support&apos; &gt; &apos;Use the redundant SSL system, then yo…&apos;" time="0.000051709">
        </testcase>
        <testcase classname="src/test-suite-12.spec.ts" name="&apos;Public-key heuristic support&apos; &gt; &apos;Use the multi-byte HDD monitor, then …&apos;" time="0.000302041">
            <failure message="expected [ { …(3) }, { …(3) }, { …(3) }, …(1) ] to deeply equal [ { …(3) }, { …(3) }, { …(3) }, …(2) ]" type="AssertionError">
AssertionError: expected [ { …(3) }, { …(3) }, { …(3) }, …(1) ] to deeply equal [ { …(3) }, { …(3) }, { …(3) }, …(2) ]

- Expected
+ Received

  [
    {
-     &quot;description&quot;: &quot;I&apos;ll parse the primary DRAM hard drive, that should microchip the TCP panel!&quot;,
-     &quot;message&quot;: &quot;Use the online RSS bandwidth, then you can generate the wireless feed!&quot;,
-     &quot;summary&quot;: &quot;I&apos;ll transmit the haptic AI card, that should port the CSS system!&quot;,
+     &quot;description&quot;: &quot;compressing the array won&apos;t do anything, we need to hack the auxiliary SQL capacitor!&quot;,
+     &quot;message&quot;: &quot;Try to program the HTTP pixel, maybe it will generate the online capacitor!&quot;,
+     &quot;summary&quot;: &quot;Use the solid state JBOD application, then you can connect the virtual bus!&quot;,
    },
    {
-     &quot;description&quot;: &quot;The CSS firewall is down, navigate the primary bus so we can input the ASCII sensor!&quot;,
-     &quot;message&quot;: &quot;I&apos;ll navigate the haptic CSS circuit, that should matrix the HDD panel!&quot;,
-     &quot;summary&quot;: &quot;If we reboot the driver, we can get to the JBOD pixel through the cross-platform DNS capacitor!&quot;,
-   },
-   {
-     &quot;description&quot;: &quot;Try to index the OCR matrix, maybe it will compress the online port!&quot;,
-     &quot;message&quot;: &quot;The RAM interface is down, reboot the cross-platform driver so we can hack the ASCII driver!&quot;,
-     &quot;summary&quot;: &quot;I&apos;ll copy the neural CSS transmitter, that should system the HTTP feed!&quot;,
+     &quot;description&quot;: &quot;parsing the transmitter won&apos;t do anything, we need to copy the open-source TCP panel!&quot;,
+     &quot;message&quot;: &quot;We need to quantify the neural SSD firewall!&quot;,
+     &quot;summary&quot;: &quot;If we connect the port, we can get to the SDD circuit through the primary IP transmitter!&quot;,
    },
    {
-     &quot;description&quot;: &quot;The OCR monitor is down, generate the haptic bandwidth so we can calculate the UTF8 pixel!&quot;,
-     &quot;message&quot;: &quot;If we transmit the microchip, we can get to the RSS card through the 1080p SMTP capacitor!&quot;,
-     &quot;summary&quot;: &quot;generating the feed won&apos;t do anything, we need to program the haptic RAM system!&quot;,
+     &quot;description&quot;: &quot;compressing the system won&apos;t do anything, we need to calculate the multi-byte TCP alarm!&quot;,
+     &quot;message&quot;: &quot;We need to back up the bluetooth IB protocol!&quot;,
+     &quot;summary&quot;: &quot;Try to calculate the TLS array, maybe it will input the optical firewall!&quot;,
    },
    {
-     &quot;description&quot;: &quot;I&apos;ll override the primary ASCII array, that should panel the API bandwidth!&quot;,
-     &quot;message&quot;: &quot;programming the card won&apos;t do anything, we need to connect the open-source OCR port!&quot;,
-     &quot;summary&quot;: &quot;If we compress the microchip, we can get to the SMTP array through the open-source SMTP sensor!&quot;,
+     &quot;description&quot;: &quot;Try to generate the GB panel, maybe it will override the digital firewall!&quot;,
+     &quot;message&quot;: &quot;I&apos;ll connect the wireless AGP circuit, that should port the COM pixel!&quot;,
+     &quot;summary&quot;: &quot;If we index the bus, we can get to the DNS pixel through the back-end PCI array!&quot;,
    },
  ]

 ❯ src/test-suite-12.spec.ts:21:20
            </failure>
        </testcase>
        <testcase classname="src/test-suite-12.spec.ts" name="&apos;Public-key heuristic support&apos; &gt; &apos;indexing the protocol won\&apos;t do anyth…&apos;" time="0.000036334">
        </testcase>
        <testcase classname="src/test-suite-12.spec.ts" name="&apos;Public-key heuristic support&apos; &gt; &apos;You can\&apos;t copy the system without in…&apos;" time="0.000235625">
            <failure message="expected [ { …(3) }, { …(3) } ] to deeply equal [ { …(3) }, { …(3) }, { …(3) }, …(1) ]" type="AssertionError">
AssertionError: expected [ { …(3) }, { …(3) } ] to deeply equal [ { …(3) }, { …(3) }, { …(3) }, …(1) ]

- Expected
+ Received

  [
    {
-     &quot;description&quot;: &quot;If we navigate the interface, we can get to the PCI monitor through the online RSS capacitor!&quot;,
-     &quot;message&quot;: &quot;We need to connect the bluetooth SSD bus!&quot;,
-     &quot;summary&quot;: &quot;Use the wireless HEX card, then you can back up the open-source alarm!&quot;,
+     &quot;description&quot;: &quot;If we program the firewall, we can get to the ASCII bus through the 1080p OCR bandwidth!&quot;,
+     &quot;message&quot;: &quot;Try to bypass the JSON application, maybe it will copy the redundant array!&quot;,
+     &quot;summary&quot;: &quot;We need to navigate the redundant THX pixel!&quot;,
    },
    {
-     &quot;description&quot;: &quot;Try to override the VGA alarm, maybe it will reboot the cross-platform program!&quot;,
-     &quot;message&quot;: &quot;We need to input the open-source COM protocol!&quot;,
-     &quot;summary&quot;: &quot;The AGP alarm is down, reboot the solid state sensor so we can synthesize the PCI array!&quot;,
-   },
-   {
-     &quot;description&quot;: &quot;overriding the firewall won&apos;t do anything, we need to connect the wireless EXE transmitter!&quot;,
-     &quot;message&quot;: &quot;You can&apos;t override the port without connecting the mobile XSS application!&quot;,
-     &quot;summary&quot;: &quot;Use the bluetooth FTP bus, then you can transmit the digital port!&quot;,
-   },
-   {
-     &quot;description&quot;: &quot;Try to override the PNG circuit, maybe it will navigate the mobile system!&quot;,
-     &quot;message&quot;: &quot;You can&apos;t calculate the bus without parsing the auxiliary CLI port!&quot;,
-     &quot;summary&quot;: &quot;Use the virtual UTF8 pixel, then you can index the auxiliary protocol!&quot;,
+     &quot;description&quot;: &quot;Use the neural GB hard drive, then you can connect the auxiliary card!&quot;,
+     &quot;message&quot;: &quot;You can&apos;t bypass the microchip without indexing the optical DRAM firewall!&quot;,
+     &quot;summary&quot;: &quot;I&apos;ll index the wireless SSD protocol, that should monitor the API transmitter!&quot;,
    },
  ]

 ❯ src/test-suite-12.spec.ts:21:20
            </failure>
        </testcase>
        <testcase classname="src/test-suite-12.spec.ts" name="&apos;Public-key heuristic support&apos; &gt; &apos;I\&apos;ll compress the cross-platform FTP…&apos;" time="0.000052708">
        </testcase>
        <testcase classname="src/test-suite-12.spec.ts" name="&apos;Public-key heuristic support&apos; &gt; &apos;Try to input the SDD feed, maybe it w…&apos;" time="0.000274916">
            <failure message="expected [ { …(3) }, { …(3) }, { …(3) }, …(1) ] to deeply equal [ { …(3) }, { …(3) }, { …(3) }, …(1) ]" type="AssertionError">
AssertionError: expected [ { …(3) }, { …(3) }, { …(3) }, …(1) ] to deeply equal [ { …(3) }, { …(3) }, { …(3) }, …(1) ]

- Expected
+ Received

  [
    {
-     &quot;description&quot;: &quot;You can&apos;t override the bandwidth without parsing the mobile TLS bandwidth!&quot;,
-     &quot;message&quot;: &quot;Try to input the DNS card, maybe it will program the solid state transmitter!&quot;,
-     &quot;summary&quot;: &quot;You can&apos;t parse the hard drive without backing up the neural CLI microchip!&quot;,
+     &quot;description&quot;: &quot;The SCSI microchip is down, hack the redundant sensor so we can synthesize the THX circuit!&quot;,
+     &quot;message&quot;: &quot;We need to copy the open-source TLS hard drive!&quot;,
+     &quot;summary&quot;: &quot;You can&apos;t transmit the hard drive without programming the wireless TLS application!&quot;,
    },
    {
-     &quot;description&quot;: &quot;Try to synthesize the XML port, maybe it will bypass the bluetooth firewall!&quot;,
-     &quot;message&quot;: &quot;navigating the system won&apos;t do anything, we need to calculate the open-source SSL port!&quot;,
-     &quot;summary&quot;: &quot;We need to transmit the open-source SAS array!&quot;,
+     &quot;description&quot;: &quot;We need to calculate the online XSS alarm!&quot;,
+     &quot;message&quot;: &quot;If we generate the panel, we can get to the OCR transmitter through the redundant TCP system!&quot;,
+     &quot;summary&quot;: &quot;You can&apos;t bypass the bandwidth without navigating the open-source ADP bus!&quot;,
    },
    {
-     &quot;description&quot;: &quot;compressing the monitor won&apos;t do anything, we need to index the optical JBOD transmitter!&quot;,
-     &quot;message&quot;: &quot;I&apos;ll quantify the neural CSS feed, that should firewall the XSS application!&quot;,
-     &quot;summary&quot;: &quot;The EXE port is down, reboot the multi-byte card so we can copy the CSS transmitter!&quot;,
+     &quot;description&quot;: &quot;Try to navigate the HEX circuit, maybe it will index the open-source transmitter!&quot;,
+     &quot;message&quot;: &quot;You can&apos;t bypass the driver without calculating the open-source OCR alarm!&quot;,
+     &quot;summary&quot;: &quot;The UDP pixel is down, reboot the bluetooth array so we can quantify the SSD program!&quot;,
    },
    {
-     &quot;description&quot;: &quot;Try to navigate the DNS capacitor, maybe it will reboot the open-source transmitter!&quot;,
-     &quot;message&quot;: &quot;We need to copy the mobile SQL interface!&quot;,
-     &quot;summary&quot;: &quot;Use the optical TCP interface, then you can quantify the optical bus!&quot;,
+     &quot;description&quot;: &quot;The AGP microchip is down, reboot the primary capacitor so we can transmit the PNG firewall!&quot;,
+     &quot;message&quot;: &quot;You can&apos;t reboot the interface without programming the haptic IB hard drive!&quot;,
+     &quot;summary&quot;: &quot;We need to back up the bluetooth RAM microchip!&quot;,
    },
  ]

 ❯ src/test-suite-12.spec.ts:21:20
            </failure>
        </testcase>
        <testcase classname="src/test-suite-12.spec.ts" name="&apos;Public-key heuristic support&apos; &gt; &apos;You can\&apos;t quantify the bus without c…&apos;" time="0.000045042">
        </testcase>
        <testcase classname="src/test-suite-12.spec.ts" name="&apos;Public-key heuristic support&apos; &gt; &apos;We need to program the virtual SMTP p…&apos;" time="0.000247125">
            <failure message="expected [ { …(3) }, { …(3) }, { …(3) } ] to deeply equal [ { …(3) }, { …(3) }, { …(3) }, …(1) ]" type="AssertionError">
AssertionError: expected [ { …(3) }, { …(3) }, { …(3) } ] to deeply equal [ { …(3) }, { …(3) }, { …(3) }, …(1) ]

- Expected
+ Received

  [
    {
-     &quot;description&quot;: &quot;The DRAM system is down, reboot the solid state bus so we can compress the HDD matrix!&quot;,
-     &quot;message&quot;: &quot;The TCP port is down, input the cross-platform pixel so we can bypass the HEX pixel!&quot;,
-     &quot;summary&quot;: &quot;We need to compress the open-source JBOD protocol!&quot;,
-   },
-   {
-     &quot;description&quot;: &quot;We need to connect the back-end JSON sensor!&quot;,
-     &quot;message&quot;: &quot;I&apos;ll compress the virtual XSS system, that should feed the FTP matrix!&quot;,
-     &quot;summary&quot;: &quot;indexing the transmitter won&apos;t do anything, we need to transmit the virtual JSON firewall!&quot;,
+     &quot;description&quot;: &quot;We need to reboot the optical DRAM hard drive!&quot;,
+     &quot;message&quot;: &quot;Try to generate the RSS circuit, maybe it will navigate the digital array!&quot;,
+     &quot;summary&quot;: &quot;Use the redundant ASCII array, then you can quantify the redundant card!&quot;,
    },
    {
-     &quot;description&quot;: &quot;The UTF8 feed is down, quantify the online panel so we can back up the SSL transmitter!&quot;,
-     &quot;message&quot;: &quot;Try to hack the XSS system, maybe it will reboot the auxiliary microchip!&quot;,
-     &quot;summary&quot;: &quot;The TCP alarm is down, copy the primary panel so we can generate the VGA monitor!&quot;,
+     &quot;description&quot;: &quot;We need to calculate the online SDD protocol!&quot;,
+     &quot;message&quot;: &quot;bypassing the bus won&apos;t do anything, we need to copy the bluetooth OCR matrix!&quot;,
+     &quot;summary&quot;: &quot;I&apos;ll override the neural CLI sensor, that should capacitor the SCSI panel!&quot;,
    },
    {
-     &quot;description&quot;: &quot;Use the redundant PNG pixel, then you can navigate the bluetooth monitor!&quot;,
-     &quot;message&quot;: &quot;Use the bluetooth DNS bus, then you can synthesize the optical microchip!&quot;,
-     &quot;summary&quot;: &quot;You can&apos;t navigate the bandwidth without copying the back-end HTTP feed!&quot;,
+     &quot;description&quot;: &quot;The HDD monitor is down, generate the primary pixel so we can copy the ASCII bandwidth!&quot;,
+     &quot;message&quot;: &quot;If we connect the microchip, we can get to the RSS application through the auxiliary ADP matrix!&quot;,
+     &quot;summary&quot;: &quot;navigating the microchip won&apos;t do anything, we need to synthesize the back-end USB feed!&quot;,
    },
  ]

 ❯ src/test-suite-12.spec.ts:21:20
            </failure>
        </testcase>
        <testcase classname="src/test-suite-12.spec.ts" name="&apos;Public-key heuristic support&apos; &gt; &apos;If we program the firewall, we can ge…&apos;" time="0.000041292">
        </testcase>
        <testcase classname="src/test-suite-12.spec.ts" name="&apos;Public-key heuristic support&apos; &gt; &apos;We need to navigate the back-end IP c…&apos;" time="0.000269417">
            <failure message="expected [ { …(3) }, { …(3) }, { …(3) } ] to deeply equal [ { …(3) }, { …(3) }, { …(3) }, …(2) ]" type="AssertionError">
AssertionError: expected [ { …(3) }, { …(3) }, { …(3) } ] to deeply equal [ { …(3) }, { …(3) }, { …(3) }, …(2) ]

- Expected
+ Received

  [
    {
-     &quot;description&quot;: &quot;Try to transmit the SDD protocol, maybe it will index the optical pixel!&quot;,
-     &quot;message&quot;: &quot;connecting the array won&apos;t do anything, we need to input the mobile IP interface!&quot;,
-     &quot;summary&quot;: &quot;overriding the protocol won&apos;t do anything, we need to transmit the neural SMTP card!&quot;,
+     &quot;description&quot;: &quot;If we navigate the matrix, we can get to the FTP application through the neural HTTP alarm!&quot;,
+     &quot;message&quot;: &quot;If we reboot the firewall, we can get to the JBOD alarm through the solid state SSD port!&quot;,
+     &quot;summary&quot;: &quot;Use the primary CLI bus, then you can override the primary bus!&quot;,
    },
    {
-     &quot;description&quot;: &quot;You can&apos;t program the circuit without connecting the bluetooth FTP program!&quot;,
-     &quot;message&quot;: &quot;Try to compress the SSD transmitter, maybe it will index the multi-byte bus!&quot;,
-     &quot;summary&quot;: &quot;If we back up the array, we can get to the UTF8 sensor through the open-source TCP system!&quot;,
+     &quot;description&quot;: &quot;If we connect the program, we can get to the JSON capacitor through the multi-byte PNG matrix!&quot;,
+     &quot;message&quot;: &quot;Use the primary SQL panel, then you can program the digital protocol!&quot;,
+     &quot;summary&quot;: &quot;The UDP system is down, synthesize the cross-platform protocol so we can index the JBOD monitor!&quot;,
    },
    {
-     &quot;description&quot;: &quot;If we bypass the pixel, we can get to the AGP sensor through the online JSON firewall!&quot;,
-     &quot;message&quot;: &quot;You can&apos;t back up the bandwidth without copying the redundant HDD monitor!&quot;,
-     &quot;summary&quot;: &quot;The CSS port is down, calculate the auxiliary card so we can parse the HTTP card!&quot;,
-   },
-   {
-     &quot;description&quot;: &quot;If we input the microchip, we can get to the UDP card through the solid state PCI pixel!&quot;,
-     &quot;message&quot;: &quot;Try to copy the EXE bus, maybe it will bypass the back-end monitor!&quot;,
-     &quot;summary&quot;: &quot;Use the redundant JSON capacitor, then you can input the 1080p program!&quot;,
-   },
-   {
-     &quot;description&quot;: &quot;backing up the driver won&apos;t do anything, we need to input the redundant SMS card!&quot;,
-     &quot;message&quot;: &quot;If we program the protocol, we can get to the XML matrix through the bluetooth DNS feed!&quot;,
-     &quot;summary&quot;: &quot;If we compress the pixel, we can get to the PCI matrix through the primary CSS bandwidth!&quot;,
+     &quot;description&quot;: &quot;The FTP monitor is down, copy the mobile microchip so we can calculate the AI feed!&quot;,
+     &quot;message&quot;: &quot;If we generate the pixel, we can get to the JSON hard drive through the cross-platform SMS microchip!&quot;,
+     &quot;summary&quot;: &quot;We need to generate the bluetooth TCP capacitor!&quot;,
    },
  ]

 ❯ src/test-suite-12.spec.ts:21:20
            </failure>
        </testcase>
        <testcase classname="src/test-suite-12.spec.ts" name="&apos;Public-key heuristic support&apos; &gt; &apos;If we calculate the panel, we can get…&apos;" time="0.000047">
        </testcase>
        <testcase classname="src/test-suite-12.spec.ts" name="&apos;Public-key heuristic support&apos; &gt; &apos;We need to bypass the redundant SCSI …&apos;" time="0.000231875">
            <failure message="expected [ { …(3) }, { …(3) } ] to deeply equal [ { …(3) }, { …(3) }, { …(3) }, …(1) ]" type="AssertionError">
AssertionError: expected [ { …(3) }, { …(3) } ] to deeply equal [ { …(3) }, { …(3) }, { …(3) }, …(1) ]

- Expected
+ Received

  [
    {
-     &quot;description&quot;: &quot;I&apos;ll navigate the redundant DRAM capacitor, that should program the SCSI program!&quot;,
-     &quot;message&quot;: &quot;I&apos;ll compress the multi-byte SCSI bus, that should system the UDP monitor!&quot;,
-     &quot;summary&quot;: &quot;Try to parse the EXE alarm, maybe it will reboot the bluetooth sensor!&quot;,
+     &quot;description&quot;: &quot;If we back up the microchip, we can get to the PCI protocol through the solid state PNG capacitor!&quot;,
+     &quot;message&quot;: &quot;Use the primary ASCII monitor, then you can transmit the multi-byte pixel!&quot;,
+     &quot;summary&quot;: &quot;programming the interface won&apos;t do anything, we need to transmit the virtual USB interface!&quot;,
    },
    {
-     &quot;description&quot;: &quot;Try to hack the JSON array, maybe it will transmit the 1080p bandwidth!&quot;,
-     &quot;message&quot;: &quot;compressing the program won&apos;t do anything, we need to back up the optical TCP capacitor!&quot;,
-     &quot;summary&quot;: &quot;The RSS alarm is down, generate the optical alarm so we can navigate the HDD protocol!&quot;,
-   },
-   {
-     &quot;description&quot;: &quot;Try to back up the SSD protocol, maybe it will connect the online sensor!&quot;,
-     &quot;message&quot;: &quot;You can&apos;t connect the port without backing up the auxiliary AI application!&quot;,
-     &quot;summary&quot;: &quot;Try to connect the SQL alarm, maybe it will navigate the online system!&quot;,
-   },
-   {
-     &quot;description&quot;: &quot;We need to hack the cross-platform COM sensor!&quot;,
-     &quot;message&quot;: &quot;If we generate the array, we can get to the UTF8 array through the digital HEX interface!&quot;,
-     &quot;summary&quot;: &quot;I&apos;ll hack the solid state RAM card, that should program the EXE bandwidth!&quot;,
+     &quot;description&quot;: &quot;The EXE array is down, navigate the back-end microchip so we can reboot the VGA bus!&quot;,
+     &quot;message&quot;: &quot;If we parse the array, we can get to the FTP capacitor through the digital SQL monitor!&quot;,
+     &quot;summary&quot;: &quot;The SQL array is down, navigate the mobile circuit so we can parse the FTP monitor!&quot;,
    },
  ]

 ❯ src/test-suite-12.spec.ts:21:20
            </failure>
        </testcase>
        <testcase classname="src/test-suite-12.spec.ts" name="&apos;Public-key heuristic support&apos; &gt; &apos;The HDD application is down, transmit…&apos;" time="0.00003625">
        </testcase>
        <testcase classname="src/test-suite-12.spec.ts" name="&apos;Public-key heuristic support&apos; &gt; &apos;If we synthesize the card, we can get…&apos;" time="0.0001855">
            <failure message="expected [ { …(3) }, { …(3) } ] to deeply equal [ { …(3) }, { …(3) } ]" type="AssertionError">
AssertionError: expected [ { …(3) }, { …(3) } ] to deeply equal [ { …(3) }, { …(3) } ]

- Expected
+ Received

  [
    {
-     &quot;description&quot;: &quot;connecting the bus won&apos;t do anything, we need to connect the back-end GB alarm!&quot;,
-     &quot;message&quot;: &quot;I&apos;ll hack the redundant DNS interface, that should program the COM application!&quot;,
-     &quot;summary&quot;: &quot;We need to generate the 1080p JBOD card!&quot;,
+     &quot;description&quot;: &quot;You can&apos;t synthesize the transmitter without overriding the optical SMS alarm!&quot;,
+     &quot;message&quot;: &quot;You can&apos;t navigate the transmitter without generating the virtual SQL sensor!&quot;,
+     &quot;summary&quot;: &quot;I&apos;ll calculate the haptic EXE alarm, that should system the PNG alarm!&quot;,
    },
    {
-     &quot;description&quot;: &quot;I&apos;ll index the wireless JBOD application, that should program the HDD application!&quot;,
-     &quot;message&quot;: &quot;We need to transmit the back-end ASCII port!&quot;,
-     &quot;summary&quot;: &quot;Try to program the OCR hard drive, maybe it will generate the multi-byte microchip!&quot;,
+     &quot;description&quot;: &quot;Try to input the TCP transmitter, maybe it will program the cross-platform bandwidth!&quot;,
+     &quot;message&quot;: &quot;I&apos;ll copy the optical TCP feed, that should application the GB application!&quot;,
+     &quot;summary&quot;: &quot;Use the bluetooth PNG interface, then you can override the redundant monitor!&quot;,
    },
  ]

 ❯ src/test-suite-12.spec.ts:21:20
            </failure>
        </testcase>
        <testcase classname="src/test-suite-12.spec.ts" name="&apos;Public-key heuristic support&apos; &gt; &apos;You can\&apos;t quantify the program witho…&apos;" time="0.000055292">
        </testcase>
        <testcase classname="src/test-suite-12.spec.ts" name="&apos;Public-key heuristic support&apos; &gt; &apos;navigating the system won\&apos;t do anyth…&apos;" time="0.000245708">
            <failure message="expected [ { …(3) }, { …(3) }, { …(3) } ] to deeply equal [ { …(3) }, { …(3) }, { …(3) }, …(1) ]" type="AssertionError">
AssertionError: expected [ { …(3) }, { …(3) }, { …(3) } ] to deeply equal [ { …(3) }, { …(3) }, { …(3) }, …(1) ]

- Expected
+ Received

  [
    {
-     &quot;description&quot;: &quot;I&apos;ll copy the optical DRAM capacitor, that should card the ASCII matrix!&quot;,
-     &quot;message&quot;: &quot;Use the digital XSS bus, then you can index the primary panel!&quot;,
-     &quot;summary&quot;: &quot;If we bypass the card, we can get to the CSS capacitor through the haptic EXE sensor!&quot;,
-   },
-   {
-     &quot;description&quot;: &quot;We need to generate the digital JSON matrix!&quot;,
-     &quot;message&quot;: &quot;I&apos;ll calculate the back-end SSD monitor, that should pixel the THX card!&quot;,
-     &quot;summary&quot;: &quot;If we override the alarm, we can get to the HDD hard drive through the redundant HDD panel!&quot;,
+     &quot;description&quot;: &quot;overriding the microchip won&apos;t do anything, we need to navigate the open-source JSON monitor!&quot;,
+     &quot;message&quot;: &quot;You can&apos;t program the bandwidth without parsing the wireless HEX driver!&quot;,
+     &quot;summary&quot;: &quot;I&apos;ll copy the mobile XML hard drive, that should hard drive the HEX hard drive!&quot;,
    },
    {
-     &quot;description&quot;: &quot;I&apos;ll synthesize the haptic CSS pixel, that should application the DNS matrix!&quot;,
-     &quot;message&quot;: &quot;If we synthesize the monitor, we can get to the DRAM interface through the multi-byte AI feed!&quot;,
-     &quot;summary&quot;: &quot;We need to index the virtual SMS alarm!&quot;,
+     &quot;description&quot;: &quot;Use the bluetooth EXE bus, then you can index the multi-byte capacitor!&quot;,
+     &quot;message&quot;: &quot;Try to quantify the API hard drive, maybe it will reboot the solid state monitor!&quot;,
+     &quot;summary&quot;: &quot;The TCP system is down, synthesize the cross-platform sensor so we can synthesize the API interface!&quot;,
    },
    {
-     &quot;description&quot;: &quot;We need to copy the solid state XSS bandwidth!&quot;,
-     &quot;message&quot;: &quot;Try to navigate the SMTP card, maybe it will input the virtual array!&quot;,
-     &quot;summary&quot;: &quot;If we navigate the monitor, we can get to the SMTP port through the open-source RAM array!&quot;,
+     &quot;description&quot;: &quot;Use the primary SDD hard drive, then you can bypass the wireless card!&quot;,
+     &quot;message&quot;: &quot;I&apos;ll generate the wireless THX array, that should bus the TLS program!&quot;,
+     &quot;summary&quot;: &quot;If we connect the matrix, we can get to the CSS hard drive through the auxiliary VGA driver!&quot;,
    },
  ]

 ❯ src/test-suite-12.spec.ts:21:20
            </failure>
        </testcase>
        <testcase classname="src/test-suite-12.spec.ts" name="&apos;Public-key heuristic support&apos; &gt; &apos;If we index the matrix, we can get to…&apos;" time="0.000040291">
        </testcase>
        <testcase classname="src/test-suite-12.spec.ts" name="&apos;Public-key heuristic support&apos; &gt; &apos;You can\&apos;t calculate the capacitor wi…&apos;" time="0.000233792">
            <failure message="expected [ { …(3) }, { …(3) }, { …(3) } ] to deeply equal [ { …(3) }, { …(3) }, { …(3) } ]" type="AssertionError">
AssertionError: expected [ { …(3) }, { …(3) }, { …(3) } ] to deeply equal [ { …(3) }, { …(3) }, { …(3) } ]

- Expected
+ Received

  [
    {
-     &quot;description&quot;: &quot;Use the auxiliary XSS bandwidth, then you can transmit the digital array!&quot;,
-     &quot;message&quot;: &quot;copying the array won&apos;t do anything, we need to calculate the cross-platform CSS program!&quot;,
-     &quot;summary&quot;: &quot;We need to index the mobile SDD system!&quot;,
+     &quot;description&quot;: &quot;We need to input the haptic DRAM port!&quot;,
+     &quot;message&quot;: &quot;The RSS array is down, input the open-source sensor so we can generate the TCP bus!&quot;,
+     &quot;summary&quot;: &quot;The PNG alarm is down, hack the bluetooth bandwidth so we can connect the SMS hard drive!&quot;,
    },
    {
-     &quot;description&quot;: &quot;connecting the hard drive won&apos;t do anything, we need to generate the bluetooth ADP matrix!&quot;,
-     &quot;message&quot;: &quot;The IP bus is down, index the mobile application so we can index the IB monitor!&quot;,
-     &quot;summary&quot;: &quot;The FTP alarm is down, reboot the virtual application so we can back up the SMS bus!&quot;,
+     &quot;description&quot;: &quot;The SDD alarm is down, quantify the neural bus so we can override the SDD hard drive!&quot;,
+     &quot;message&quot;: &quot;The XML alarm is down, hack the haptic driver so we can override the RAM protocol!&quot;,
+     &quot;summary&quot;: &quot;I&apos;ll navigate the virtual API interface, that should sensor the SAS panel!&quot;,
    },
    {
-     &quot;description&quot;: &quot;indexing the pixel won&apos;t do anything, we need to calculate the solid state DRAM capacitor!&quot;,
-     &quot;message&quot;: &quot;If we compress the circuit, we can get to the RAM driver through the digital ASCII protocol!&quot;,
-     &quot;summary&quot;: &quot;I&apos;ll calculate the redundant AGP bandwidth, that should driver the JSON bus!&quot;,
+     &quot;description&quot;: &quot;synthesizing the system won&apos;t do anything, we need to bypass the multi-byte EXE interface!&quot;,
+     &quot;message&quot;: &quot;The XML alarm is down, navigate the wireless system so we can input the RAM interface!&quot;,
+     &quot;summary&quot;: &quot;We need to copy the digital EXE hard drive!&quot;,
    },
  ]

 ❯ src/test-suite-12.spec.ts:21:20
            </failure>
        </testcase>
        <testcase classname="src/test-suite-12.spec.ts" name="&apos;Public-key heuristic support&apos; &gt; &apos;You can\&apos;t reboot the system without …&apos;" time="0.000034292">
        </testcase>
        <testcase classname="src/test-suite-12.spec.ts" name="&apos;Public-key heuristic support&apos; &gt; &apos;Use the virtual JBOD bus, then you ca…&apos;" time="0.000314625">
            <failure message="expected [ { …(3) }, { …(3) }, { …(3) }, …(2) ] to deeply equal [ { …(3) }, { …(3) }, { …(3) }, …(2) ]" type="AssertionError">
AssertionError: expected [ { …(3) }, { …(3) }, { …(3) }, …(2) ] to deeply equal [ { …(3) }, { …(3) }, { …(3) }, …(2) ]

- Expected
+ Received

  [
    {
-     &quot;description&quot;: &quot;The GB pixel is down, transmit the auxiliary card so we can back up the HEX driver!&quot;,
-     &quot;message&quot;: &quot;If we generate the microchip, we can get to the USB application through the 1080p AI card!&quot;,
-     &quot;summary&quot;: &quot;We need to quantify the auxiliary AI monitor!&quot;,
+     &quot;description&quot;: &quot;I&apos;ll compress the virtual DRAM panel, that should bus the API monitor!&quot;,
+     &quot;message&quot;: &quot;Use the virtual HEX application, then you can compress the online interface!&quot;,
+     &quot;summary&quot;: &quot;I&apos;ll program the digital SQL bus, that should port the SDD hard drive!&quot;,
    },
    {
-     &quot;description&quot;: &quot;Try to parse the XSS application, maybe it will generate the open-source pixel!&quot;,
-     &quot;message&quot;: &quot;Use the primary AI feed, then you can input the auxiliary transmitter!&quot;,
-     &quot;summary&quot;: &quot;Try to connect the API driver, maybe it will override the auxiliary alarm!&quot;,
+     &quot;description&quot;: &quot;overriding the program won&apos;t do anything, we need to navigate the optical HEX transmitter!&quot;,
+     &quot;message&quot;: &quot;I&apos;ll bypass the open-source API monitor, that should firewall the CLI driver!&quot;,
+     &quot;summary&quot;: &quot;Use the neural THX system, then you can back up the back-end port!&quot;,
    },
    {
-     &quot;description&quot;: &quot;Try to transmit the XSS microchip, maybe it will synthesize the multi-byte microchip!&quot;,
-     &quot;message&quot;: &quot;I&apos;ll parse the digital AI bus, that should pixel the SSD firewall!&quot;,
-     &quot;summary&quot;: &quot;I&apos;ll quantify the virtual SSL matrix, that should microchip the SQL feed!&quot;,
+     &quot;description&quot;: &quot;I&apos;ll connect the back-end SSL hard drive, that should port the SMTP interface!&quot;,
+     &quot;message&quot;: &quot;The HTTP matrix is down, hack the haptic hard drive so we can quantify the UDP capacitor!&quot;,
+     &quot;summary&quot;: &quot;We need to copy the primary DNS alarm!&quot;,
    },
    {
-     &quot;description&quot;: &quot;Use the digital SDD application, then you can input the 1080p feed!&quot;,
-     &quot;message&quot;: &quot;Use the auxiliary SAS sensor, then you can hack the neural application!&quot;,
-     &quot;summary&quot;: &quot;hacking the sensor won&apos;t do anything, we need to back up the auxiliary HEX transmitter!&quot;,
+     &quot;description&quot;: &quot;If we generate the monitor, we can get to the USB protocol through the back-end JBOD monitor!&quot;,
+     &quot;message&quot;: &quot;Use the wireless PNG program, then you can index the digital card!&quot;,
+     &quot;summary&quot;: &quot;Use the back-end COM interface, then you can copy the primary driver!&quot;,
    },
    {
-     &quot;description&quot;: &quot;I&apos;ll navigate the optical SSL sensor, that should hard drive the SCSI transmitter!&quot;,
-     &quot;message&quot;: &quot;You can&apos;t parse the system without indexing the 1080p SCSI microchip!&quot;,
-     &quot;summary&quot;: &quot;The UDP firewall is down, transmit the neural hard drive so we can hack the AGP transmitter!&quot;,
+     &quot;description&quot;: &quot;Use the neural SDD interface, then you can hack the digital port!&quot;,
+     &quot;message&quot;: &quot;The SMS array is down, program the bluetooth bus so we can quantify the SMS array!&quot;,
+     &quot;summary&quot;: &quot;programming the circuit won&apos;t do anything, we need to input the online GB system!&quot;,
    },
  ]

 ❯ src/test-suite-12.spec.ts:21:20
            </failure>
        </testcase>
        <testcase classname="src/test-suite-12.spec.ts" name="&apos;Public-key heuristic support&apos; &gt; &apos;Use the optical HTTP array, then you …&apos;" time="0.0000535">
        </testcase>
        <testcase classname="src/test-suite-12.spec.ts" name="&apos;Public-key heuristic support&apos; &gt; &apos;If we back up the firewall, we can ge…&apos;" time="0.000487875">
            <failure message="expected [ { …(3) }, { …(3) }, { …(3) }, …(2) ] to deeply equal [ { …(3) }, { …(3) }, { …(3) }, …(1) ]" type="AssertionError">
AssertionError: expected [ { …(3) }, { …(3) }, { …(3) }, …(2) ] to deeply equal [ { …(3) }, { …(3) }, { …(3) }, …(1) ]

- Expected
+ Received

  [
    {
-     &quot;description&quot;: &quot;Use the digital ADP port, then you can calculate the redundant interface!&quot;,
-     &quot;message&quot;: &quot;The SSD monitor is down, input the digital interface so we can navigate the USB interface!&quot;,
-     &quot;summary&quot;: &quot;If we synthesize the matrix, we can get to the SMS panel through the open-source HTTP firewall!&quot;,
+     &quot;description&quot;: &quot;transmitting the application won&apos;t do anything, we need to navigate the cross-platform XML panel!&quot;,
+     &quot;message&quot;: &quot;navigating the feed won&apos;t do anything, we need to transmit the redundant SSL application!&quot;,
+     &quot;summary&quot;: &quot;Use the open-source EXE hard drive, then you can compress the mobile bus!&quot;,
    },
    {
-     &quot;description&quot;: &quot;synthesizing the interface won&apos;t do anything, we need to transmit the haptic COM hard drive!&quot;,
-     &quot;message&quot;: &quot;We need to program the virtual SDD array!&quot;,
-     &quot;summary&quot;: &quot;Use the 1080p RSS microchip, then you can parse the auxiliary capacitor!&quot;,
+     &quot;description&quot;: &quot;If we quantify the program, we can get to the PCI array through the back-end TCP driver!&quot;,
+     &quot;message&quot;: &quot;Try to copy the HDD transmitter, maybe it will quantify the wireless system!&quot;,
+     &quot;summary&quot;: &quot;I&apos;ll compress the bluetooth RSS pixel, that should bus the CSS array!&quot;,
+   },
+   {
+     &quot;description&quot;: &quot;Try to reboot the SCSI card, maybe it will synthesize the open-source protocol!&quot;,
+     &quot;message&quot;: &quot;I&apos;ll quantify the back-end DNS transmitter, that should interface the RSS hard drive!&quot;,
+     &quot;summary&quot;: &quot;Use the optical SSD program, then you can reboot the open-source array!&quot;,
    },
    {
-     &quot;description&quot;: &quot;The UTF8 interface is down, calculate the haptic bandwidth so we can reboot the TLS bus!&quot;,
-     &quot;message&quot;: &quot;I&apos;ll back up the multi-byte USB microchip, that should hard drive the SSL protocol!&quot;,
-     &quot;summary&quot;: &quot;Try to override the DRAM system, maybe it will synthesize the haptic system!&quot;,
+     &quot;description&quot;: &quot;You can&apos;t navigate the protocol without synthesizing the neural IP panel!&quot;,
+     &quot;message&quot;: &quot;I&apos;ll connect the online SMS bandwidth, that should capacitor the AGP array!&quot;,
+     &quot;summary&quot;: &quot;If we quantify the system, we can get to the SSL matrix through the bluetooth VGA interface!&quot;,
    },
    {
-     &quot;description&quot;: &quot;The ADP transmitter is down, reboot the haptic feed so we can back up the PCI protocol!&quot;,
-     &quot;message&quot;: &quot;We need to connect the bluetooth COM capacitor!&quot;,
-     &quot;summary&quot;: &quot;We need to bypass the digital RSS application!&quot;,
+     &quot;description&quot;: &quot;If we program the driver, we can get to the RAM card through the bluetooth EXE card!&quot;,
+     &quot;message&quot;: &quot;Use the online JSON protocol, then you can connect the 1080p hard drive!&quot;,
+     &quot;summary&quot;: &quot;overriding the port won&apos;t do anything, we need to hack the neural XML protocol!&quot;,
    },
  ]

 ❯ src/test-suite-12.spec.ts:21:20
            </failure>
        </testcase>
        <testcase classname="src/test-suite-12.spec.ts" name="&apos;Public-key heuristic support&apos; &gt; &apos;We need to compress the bluetooth SSD…&apos;" time="0.000075334">
        </testcase>
        <testcase classname="src/test-suite-12.spec.ts" name="&apos;Public-key heuristic support&apos; &gt; &apos;If we connect the panel, we can get t…&apos;" time="0.000411209">
            <failure message="expected [ { …(3) }, { …(3) }, { …(3) }, …(1) ] to deeply equal [ { …(3) }, { …(3) }, { …(3) }, …(1) ]" type="AssertionError">
AssertionError: expected [ { …(3) }, { …(3) }, { …(3) }, …(1) ] to deeply equal [ { …(3) }, { …(3) }, { …(3) }, …(1) ]

- Expected
+ Received

  [
    {
-     &quot;description&quot;: &quot;Use the optical ASCII sensor, then you can copy the digital protocol!&quot;,
-     &quot;message&quot;: &quot;Try to hack the AGP card, maybe it will program the auxiliary sensor!&quot;,
-     &quot;summary&quot;: &quot;You can&apos;t index the sensor without hacking the solid state IB bandwidth!&quot;,
+     &quot;description&quot;: &quot;Use the auxiliary SMTP monitor, then you can connect the bluetooth program!&quot;,
+     &quot;message&quot;: &quot;The ASCII hard drive is down, calculate the 1080p firewall so we can connect the SSL driver!&quot;,
+     &quot;summary&quot;: &quot;Try to parse the THX bus, maybe it will reboot the primary pixel!&quot;,
    },
    {
-     &quot;description&quot;: &quot;I&apos;ll synthesize the open-source CLI protocol, that should port the JSON feed!&quot;,
-     &quot;message&quot;: &quot;You can&apos;t program the monitor without copying the digital SDD driver!&quot;,
-     &quot;summary&quot;: &quot;We need to calculate the multi-byte VGA feed!&quot;,
+     &quot;description&quot;: &quot;copying the port won&apos;t do anything, we need to synthesize the online SSL monitor!&quot;,
+     &quot;message&quot;: &quot;If we input the capacitor, we can get to the SCSI microchip through the wireless CSS pixel!&quot;,
+     &quot;summary&quot;: &quot;I&apos;ll copy the auxiliary IB microchip, that should card the THX firewall!&quot;,
    },
    {
-     &quot;description&quot;: &quot;You can&apos;t synthesize the program without quantifying the optical TCP interface!&quot;,
-     &quot;message&quot;: &quot;transmitting the sensor won&apos;t do anything, we need to input the bluetooth SSD sensor!&quot;,
-     &quot;summary&quot;: &quot;hacking the panel won&apos;t do anything, we need to navigate the redundant CLI transmitter!&quot;,
+     &quot;description&quot;: &quot;Use the optical DRAM hard drive, then you can synthesize the back-end bus!&quot;,
+     &quot;message&quot;: &quot;If we back up the bandwidth, we can get to the UDP monitor through the redundant USB hard drive!&quot;,
+     &quot;summary&quot;: &quot;I&apos;ll parse the redundant ADP array, that should capacitor the DRAM array!&quot;,
    },
    {
-     &quot;description&quot;: &quot;Use the digital COM monitor, then you can override the cross-platform array!&quot;,
-     &quot;message&quot;: &quot;calculating the microchip won&apos;t do anything, we need to compress the optical SQL capacitor!&quot;,
-     &quot;summary&quot;: &quot;backing up the interface won&apos;t do anything, we need to connect the mobile SMTP feed!&quot;,
+     &quot;description&quot;: &quot;The DRAM firewall is down, input the haptic driver so we can transmit the DRAM array!&quot;,
+     &quot;message&quot;: &quot;Use the online PCI firewall, then you can connect the wireless bandwidth!&quot;,
+     &quot;summary&quot;: &quot;If we generate the hard drive, we can get to the CLI driver through the auxiliary HDD card!&quot;,
    },
  ]

 ❯ src/test-suite-12.spec.ts:21:20
            </failure>
        </testcase>
        <testcase classname="src/test-suite-12.spec.ts" name="&apos;Public-key heuristic support&apos; &gt; &apos;Try to input the JSON interface, mayb…&apos;" time="0.000045291">
        </testcase>
        <testcase classname="src/test-suite-12.spec.ts" name="&apos;Public-key heuristic support&apos; &gt; &apos;Try to parse the ADP card, maybe it w…&apos;" time="0.000342166">
            <failure message="expected [ { …(3) }, { …(3) }, { …(3) }, …(2) ] to deeply equal [ { …(3) }, { …(3) }, { …(3) }, …(1) ]" type="AssertionError">
AssertionError: expected [ { …(3) }, { …(3) }, { …(3) }, …(2) ] to deeply equal [ { …(3) }, { …(3) }, { …(3) }, …(1) ]

- Expected
+ Received

  [
    {
-     &quot;description&quot;: &quot;hacking the card won&apos;t do anything, we need to quantify the back-end HEX pixel!&quot;,
-     &quot;message&quot;: &quot;Try to generate the CSS bus, maybe it will back up the back-end interface!&quot;,
-     &quot;summary&quot;: &quot;Use the primary PCI transmitter, then you can hack the virtual application!&quot;,
+     &quot;description&quot;: &quot;I&apos;ll back up the auxiliary SDD feed, that should protocol the FTP microchip!&quot;,
+     &quot;message&quot;: &quot;indexing the driver won&apos;t do anything, we need to bypass the redundant IB monitor!&quot;,
+     &quot;summary&quot;: &quot;If we hack the microchip, we can get to the SSL feed through the multi-byte SAS protocol!&quot;,
    },
    {
-     &quot;description&quot;: &quot;If we index the system, we can get to the SMS driver through the open-source HTTP matrix!&quot;,
-     &quot;message&quot;: &quot;synthesizing the program won&apos;t do anything, we need to index the primary CLI bandwidth!&quot;,
-     &quot;summary&quot;: &quot;Use the digital XML interface, then you can quantify the primary interface!&quot;,
+     &quot;description&quot;: &quot;Try to calculate the USB protocol, maybe it will reboot the multi-byte circuit!&quot;,
+     &quot;message&quot;: &quot;You can&apos;t copy the matrix without transmitting the haptic SMTP bus!&quot;,
+     &quot;summary&quot;: &quot;You can&apos;t override the pixel without copying the digital SSL application!&quot;,
+   },
+   {
+     &quot;description&quot;: &quot;We need to calculate the virtual TLS card!&quot;,
+     &quot;message&quot;: &quot;Try to index the HTTP circuit, maybe it will synthesize the multi-byte transmitter!&quot;,
+     &quot;summary&quot;: &quot;You can&apos;t index the driver without connecting the back-end SMTP protocol!&quot;,
    },
    {
-     &quot;description&quot;: &quot;I&apos;ll input the solid state PCI program, that should hard drive the IB array!&quot;,
-     &quot;message&quot;: &quot;I&apos;ll back up the bluetooth VGA microchip, that should hard drive the OCR alarm!&quot;,
-     &quot;summary&quot;: &quot;The RSS port is down, program the cross-platform driver so we can index the USB panel!&quot;,
+     &quot;description&quot;: &quot;Try to synthesize the FTP capacitor, maybe it will hack the 1080p monitor!&quot;,
+     &quot;message&quot;: &quot;The USB microchip is down, calculate the digital array so we can generate the RSS feed!&quot;,
+     &quot;summary&quot;: &quot;I&apos;ll compress the 1080p DNS hard drive, that should array the AI circuit!&quot;,
    },
    {
-     &quot;description&quot;: &quot;Try to quantify the IP feed, maybe it will back up the virtual bandwidth!&quot;,
-     &quot;message&quot;: &quot;Try to generate the XSS sensor, maybe it will parse the redundant protocol!&quot;,
-     &quot;summary&quot;: &quot;Use the mobile AI protocol, then you can index the primary application!&quot;,
+     &quot;description&quot;: &quot;programming the hard drive won&apos;t do anything, we need to index the bluetooth GB application!&quot;,
+     &quot;message&quot;: &quot;We need to transmit the bluetooth SCSI driver!&quot;,
+     &quot;summary&quot;: &quot;The SSD port is down, transmit the primary hard drive so we can parse the CSS panel!&quot;,
    },
  ]

 ❯ src/test-suite-12.spec.ts:21:20
            </failure>
        </testcase>
        <testcase classname="src/test-suite-12.spec.ts" name="&apos;Public-key heuristic support&apos; &gt; &apos;I\&apos;ll index the back-end ADP capacito…&apos;" time="0.000049459">
        </testcase>
        <testcase classname="src/test-suite-12.spec.ts" name="&apos;Public-key heuristic support&apos; &gt; &apos;We need to connect the redundant USB …&apos;" time="0.000242875">
            <failure message="expected [ { …(3) }, { …(3) } ] to deeply equal [ { …(3) }, { …(3) }, { …(3) } ]" type="AssertionError">
AssertionError: expected [ { …(3) }, { …(3) } ] to deeply equal [ { …(3) }, { …(3) }, { …(3) } ]

- Expected
+ Received

  [
    {
-     &quot;description&quot;: &quot;Try to quantify the XSS application, maybe it will override the mobile matrix!&quot;,
-     &quot;message&quot;: &quot;You can&apos;t connect the capacitor without parsing the open-source EXE bandwidth!&quot;,
-     &quot;summary&quot;: &quot;You can&apos;t parse the panel without quantifying the optical RSS pixel!&quot;,
-   },
-   {
-     &quot;description&quot;: &quot;We need to override the digital UDP alarm!&quot;,
-     &quot;message&quot;: &quot;navigating the monitor won&apos;t do anything, we need to calculate the online EXE system!&quot;,
-     &quot;summary&quot;: &quot;The JBOD hard drive is down, navigate the primary firewall so we can calculate the VGA port!&quot;,
+     &quot;description&quot;: &quot;The CSS driver is down, reboot the cross-platform firewall so we can transmit the SSL driver!&quot;,
+     &quot;message&quot;: &quot;I&apos;ll generate the virtual AGP sensor, that should interface the IP bandwidth!&quot;,
+     &quot;summary&quot;: &quot;You can&apos;t bypass the matrix without quantifying the multi-byte DNS bandwidth!&quot;,
    },
    {
-     &quot;description&quot;: &quot;If we navigate the hard drive, we can get to the HDD bandwidth through the virtual SCSI interface!&quot;,
-     &quot;message&quot;: &quot;Try to program the DRAM system, maybe it will calculate the virtual circuit!&quot;,
-     &quot;summary&quot;: &quot;Try to synthesize the SAS application, maybe it will quantify the online panel!&quot;,
+     &quot;description&quot;: &quot;We need to reboot the primary SMTP alarm!&quot;,
+     &quot;message&quot;: &quot;We need to hack the neural AI system!&quot;,
+     &quot;summary&quot;: &quot;You can&apos;t compress the driver without indexing the neural IP capacitor!&quot;,
    },
  ]

 ❯ src/test-suite-12.spec.ts:21:20
            </failure>
        </testcase>
        <testcase classname="src/test-suite-12.spec.ts" name="&apos;Public-key heuristic support&apos; &gt; &apos;I\&apos;ll override the back-end DNS feed,…&apos;" time="0.000047083">
        </testcase>
        <testcase classname="src/test-suite-12.spec.ts" name="&apos;Public-key heuristic support&apos; &gt; &apos;If we reboot the application, we can …&apos;" time="0.000220042">
            <failure message="expected [ { …(3) }, { …(3) }, { …(3) } ] to deeply equal [ { …(3) }, { …(3) } ]" type="AssertionError">
AssertionError: expected [ { …(3) }, { …(3) }, { …(3) } ] to deeply equal [ { …(3) }, { …(3) } ]

- Expected
+ Received

  [
    {
-     &quot;description&quot;: &quot;You can&apos;t generate the array without quantifying the haptic ASCII firewall!&quot;,
-     &quot;message&quot;: &quot;If we reboot the hard drive, we can get to the FTP bus through the mobile COM feed!&quot;,
-     &quot;summary&quot;: &quot;The ASCII pixel is down, connect the bluetooth sensor so we can index the API hard drive!&quot;,
+     &quot;description&quot;: &quot;Use the back-end AGP system, then you can parse the online sensor!&quot;,
+     &quot;message&quot;: &quot;We need to transmit the multi-byte ASCII firewall!&quot;,
+     &quot;summary&quot;: &quot;Try to synthesize the THX system, maybe it will copy the solid state application!&quot;,
+   },
+   {
+     &quot;description&quot;: &quot;You can&apos;t quantify the matrix without synthesizing the online ASCII capacitor!&quot;,
+     &quot;message&quot;: &quot;compressing the bandwidth won&apos;t do anything, we need to compress the primary CLI sensor!&quot;,
+     &quot;summary&quot;: &quot;If we calculate the protocol, we can get to the CLI pixel through the bluetooth ASCII system!&quot;,
    },
    {
-     &quot;description&quot;: &quot;If we compress the alarm, we can get to the FTP application through the online SCSI firewall!&quot;,
-     &quot;message&quot;: &quot;You can&apos;t input the sensor without compressing the online SCSI card!&quot;,
-     &quot;summary&quot;: &quot;The DRAM bus is down, navigate the redundant bandwidth so we can synthesize the AI hard drive!&quot;,
+     &quot;description&quot;: &quot;We need to index the mobile USB bus!&quot;,
+     &quot;message&quot;: &quot;If we connect the firewall, we can get to the DRAM capacitor through the redundant SQL driver!&quot;,
+     &quot;summary&quot;: &quot;compressing the driver won&apos;t do anything, we need to transmit the open-source OCR sensor!&quot;,
    },
  ]

 ❯ src/test-suite-12.spec.ts:21:20
            </failure>
        </testcase>
        <testcase classname="src/test-suite-12.spec.ts" name="&apos;Total maximized alliance&apos; &gt; &apos;The COM bandwidth is down, bypass the…&apos;" time="0.000211625">
            <failure message="expected [ { …(3) }, { …(3) } ] to deeply equal [ { …(3) }, { …(3) } ]" type="AssertionError">
AssertionError: expected [ { …(3) }, { …(3) } ] to deeply equal [ { …(3) }, { …(3) } ]

- Expected
+ Received

  [
    {
-     &quot;description&quot;: &quot;Use the cross-platform SMS port, then you can program the auxiliary pixel!&quot;,
-     &quot;message&quot;: &quot;The XML pixel is down, reboot the open-source microchip so we can reboot the XML card!&quot;,
-     &quot;summary&quot;: &quot;If we input the alarm, we can get to the UTF8 transmitter through the neural HDD feed!&quot;,
+     &quot;description&quot;: &quot;If we input the application, we can get to the UDP feed through the 1080p GB matrix!&quot;,
+     &quot;message&quot;: &quot;If we bypass the feed, we can get to the CSS panel through the 1080p JBOD pixel!&quot;,
+     &quot;summary&quot;: &quot;Use the bluetooth JSON bandwidth, then you can program the multi-byte alarm!&quot;,
    },
    {
-     &quot;description&quot;: &quot;If we input the circuit, we can get to the DRAM pixel through the wireless SSL alarm!&quot;,
-     &quot;message&quot;: &quot;I&apos;ll reboot the bluetooth GB feed, that should alarm the AI sensor!&quot;,
-     &quot;summary&quot;: &quot;I&apos;ll synthesize the wireless GB sensor, that should capacitor the PNG microchip!&quot;,
+     &quot;description&quot;: &quot;The IB driver is down, parse the online system so we can override the USB hard drive!&quot;,
+     &quot;message&quot;: &quot;If we parse the driver, we can get to the SSD bandwidth through the online AI microchip!&quot;,
+     &quot;summary&quot;: &quot;Try to compress the CSS matrix, maybe it will program the optical sensor!&quot;,
    },
  ]

 ❯ src/test-suite-12.spec.ts:21:20
            </failure>
        </testcase>
        <testcase classname="src/test-suite-12.spec.ts" name="&apos;Total maximized alliance&apos; &gt; &apos;transmitting the pixel won\&apos;t do anyt…&apos;" time="0.000049541">
        </testcase>
        <testcase classname="src/test-suite-12.spec.ts" name="&apos;Total maximized alliance&apos; &gt; &apos;synthesizing the circuit won\&apos;t do an…&apos;" time="0.000304667">
            <failure message="expected [ { …(3) }, { …(3) }, { …(3) }, …(1) ] to deeply equal [ { …(3) }, { …(3) }, { …(3) }, …(2) ]" type="AssertionError">
AssertionError: expected [ { …(3) }, { …(3) }, { …(3) }, …(1) ] to deeply equal [ { …(3) }, { …(3) }, { …(3) }, …(2) ]

- Expected
+ Received

  [
    {
-     &quot;description&quot;: &quot;We need to connect the neural XSS hard drive!&quot;,
-     &quot;message&quot;: &quot;backing up the bandwidth won&apos;t do anything, we need to input the mobile SMS hard drive!&quot;,
-     &quot;summary&quot;: &quot;Use the redundant HDD panel, then you can bypass the online driver!&quot;,
+     &quot;description&quot;: &quot;You can&apos;t calculate the hard drive without synthesizing the back-end RAM system!&quot;,
+     &quot;message&quot;: &quot;Use the primary CLI matrix, then you can program the virtual pixel!&quot;,
+     &quot;summary&quot;: &quot;You can&apos;t reboot the card without overriding the online SSL system!&quot;,
    },
    {
-     &quot;description&quot;: &quot;transmitting the capacitor won&apos;t do anything, we need to bypass the optical SQL feed!&quot;,
-     &quot;message&quot;: &quot;We need to quantify the multi-byte VGA firewall!&quot;,
-     &quot;summary&quot;: &quot;copying the circuit won&apos;t do anything, we need to hack the back-end TCP driver!&quot;,
-   },
-   {
-     &quot;description&quot;: &quot;connecting the program won&apos;t do anything, we need to synthesize the solid state UDP application!&quot;,
-     &quot;message&quot;: &quot;The JSON card is down, override the back-end protocol so we can back up the HDD panel!&quot;,
-     &quot;summary&quot;: &quot;We need to parse the multi-byte AI application!&quot;,
+     &quot;description&quot;: &quot;The SSL pixel is down, navigate the mobile port so we can input the UDP capacitor!&quot;,
+     &quot;message&quot;: &quot;Use the haptic PCI alarm, then you can index the haptic system!&quot;,
+     &quot;summary&quot;: &quot;Use the mobile TCP feed, then you can back up the virtual feed!&quot;,
    },
    {
-     &quot;description&quot;: &quot;If we bypass the application, we can get to the ADP card through the bluetooth IP card!&quot;,
-     &quot;message&quot;: &quot;The RAM microchip is down, back up the 1080p matrix so we can navigate the CSS driver!&quot;,
-     &quot;summary&quot;: &quot;Use the neural VGA system, then you can compress the cross-platform port!&quot;,
+     &quot;description&quot;: &quot;overriding the alarm won&apos;t do anything, we need to back up the back-end SCSI circuit!&quot;,
+     &quot;message&quot;: &quot;Try to back up the RAM pixel, maybe it will input the digital panel!&quot;,
+     &quot;summary&quot;: &quot;quantifying the pixel won&apos;t do anything, we need to generate the cross-platform SDD bus!&quot;,
    },
    {
-     &quot;description&quot;: &quot;connecting the system won&apos;t do anything, we need to calculate the wireless EXE capacitor!&quot;,
-     &quot;message&quot;: &quot;The CSS driver is down, copy the open-source bus so we can back up the AGP feed!&quot;,
-     &quot;summary&quot;: &quot;Try to reboot the CLI protocol, maybe it will index the primary driver!&quot;,
+     &quot;description&quot;: &quot;We need to synthesize the bluetooth RSS circuit!&quot;,
+     &quot;message&quot;: &quot;You can&apos;t input the alarm without compressing the optical FTP driver!&quot;,
+     &quot;summary&quot;: &quot;If we synthesize the system, we can get to the HTTP protocol through the 1080p SMTP sensor!&quot;,
    },
  ]

 ❯ src/test-suite-12.spec.ts:21:20
            </failure>
        </testcase>
        <testcase classname="src/test-suite-12.spec.ts" name="&apos;Total maximized alliance&apos; &gt; &apos;generating the capacitor won\&apos;t do an…&apos;" time="0.000059042">
        </testcase>
        <testcase classname="src/test-suite-12.spec.ts" name="&apos;Total maximized alliance&apos; &gt; &apos;I\&apos;ll quantify the auxiliary HDD matr…&apos;" time="0.000252459">
            <failure message="expected [ { …(3) }, { …(3) }, { …(3) } ] to deeply equal [ { …(3) }, { …(3) }, { …(3) } ]" type="AssertionError">
AssertionError: expected [ { …(3) }, { …(3) }, { …(3) } ] to deeply equal [ { …(3) }, { …(3) }, { …(3) } ]

- Expected
+ Received

  [
    {
-     &quot;description&quot;: &quot;Use the wireless AI circuit, then you can compress the optical array!&quot;,
-     &quot;message&quot;: &quot;I&apos;ll bypass the online COM hard drive, that should driver the ADP protocol!&quot;,
-     &quot;summary&quot;: &quot;quantifying the card won&apos;t do anything, we need to reboot the solid state XML driver!&quot;,
+     &quot;description&quot;: &quot;We need to transmit the redundant UDP alarm!&quot;,
+     &quot;message&quot;: &quot;You can&apos;t override the interface without compressing the wireless SSL bandwidth!&quot;,
+     &quot;summary&quot;: &quot;Use the mobile SMTP card, then you can reboot the bluetooth port!&quot;,
    },
    {
-     &quot;description&quot;: &quot;I&apos;ll quantify the wireless TCP array, that should transmitter the API transmitter!&quot;,
-     &quot;message&quot;: &quot;The UTF8 port is down, bypass the optical pixel so we can synthesize the HDD bus!&quot;,
-     &quot;summary&quot;: &quot;You can&apos;t navigate the firewall without calculating the neural SCSI card!&quot;,
+     &quot;description&quot;: &quot;Try to hack the COM alarm, maybe it will navigate the solid state array!&quot;,
+     &quot;message&quot;: &quot;Try to index the VGA program, maybe it will connect the bluetooth card!&quot;,
+     &quot;summary&quot;: &quot;If we parse the alarm, we can get to the CSS bandwidth through the online UTF8 pixel!&quot;,
    },
    {
-     &quot;description&quot;: &quot;Try to navigate the RAM protocol, maybe it will synthesize the online bus!&quot;,
-     &quot;message&quot;: &quot;You can&apos;t hack the system without connecting the mobile ADP sensor!&quot;,
-     &quot;summary&quot;: &quot;The HTTP protocol is down, back up the cross-platform alarm so we can calculate the OCR matrix!&quot;,
+     &quot;description&quot;: &quot;If we bypass the pixel, we can get to the XSS system through the 1080p GB circuit!&quot;,
+     &quot;message&quot;: &quot;You can&apos;t generate the protocol without transmitting the wireless HDD protocol!&quot;,
+     &quot;summary&quot;: &quot;The SAS firewall is down, copy the cross-platform program so we can back up the TCP transmitter!&quot;,
    },
  ]

 ❯ src/test-suite-12.spec.ts:21:20
            </failure>
        </testcase>
        <testcase classname="src/test-suite-12.spec.ts" name="&apos;Total maximized alliance&apos; &gt; &apos;I\&apos;ll parse the haptic AI array, that…&apos;" time="0.000103833">
        </testcase>
        <testcase classname="src/test-suite-12.spec.ts" name="&apos;Total maximized alliance&apos; &gt; &apos;Try to connect the OCR firewall, mayb…&apos;" time="0.000414084">
            <failure message="expected [ { …(3) }, { …(3) } ] to deeply equal [ { …(3) }, { …(3) } ]" type="AssertionError">
AssertionError: expected [ { …(3) }, { …(3) } ] to deeply equal [ { …(3) }, { …(3) } ]

- Expected
+ Received

  [
    {
-     &quot;description&quot;: &quot;Use the solid state HDD capacitor, then you can connect the mobile port!&quot;,
-     &quot;message&quot;: &quot;The SMTP bandwidth is down, program the wireless transmitter so we can connect the DRAM bus!&quot;,
-     &quot;summary&quot;: &quot;Try to override the USB protocol, maybe it will hack the mobile bus!&quot;,
+     &quot;description&quot;: &quot;Use the wireless USB panel, then you can generate the open-source monitor!&quot;,
+     &quot;message&quot;: &quot;The RSS monitor is down, input the primary capacitor so we can input the XML protocol!&quot;,
+     &quot;summary&quot;: &quot;I&apos;ll program the primary XML transmitter, that should card the IP feed!&quot;,
    },
    {
-     &quot;description&quot;: &quot;Use the virtual SCSI bus, then you can navigate the open-source microchip!&quot;,
-     &quot;message&quot;: &quot;The ASCII system is down, input the virtual port so we can back up the USB firewall!&quot;,
-     &quot;summary&quot;: &quot;Use the wireless TCP microchip, then you can quantify the back-end bus!&quot;,
+     &quot;description&quot;: &quot;I&apos;ll index the multi-byte FTP port, that should driver the THX port!&quot;,
+     &quot;message&quot;: &quot;The SAS program is down, connect the 1080p application so we can synthesize the SSD firewall!&quot;,
+     &quot;summary&quot;: &quot;We need to override the haptic AGP interface!&quot;,
    },
  ]

 ❯ src/test-suite-12.spec.ts:21:20
            </failure>
        </testcase>
        <testcase classname="src/test-suite-12.spec.ts" name="&apos;Total maximized alliance&apos; &gt; &apos;The HEX interface is down, hack the o…&apos;" time="0.000112542">
        </testcase>
        <testcase classname="src/test-suite-12.spec.ts" name="&apos;Total maximized alliance&apos; &gt; &apos;You can\&apos;t input the array without ge…&apos;" time="0.00038375">
            <failure message="expected [ { …(3) }, { …(3) }, { …(3) }, …(1) ] to deeply equal [ { …(3) }, { …(3) }, { …(3) }, …(1) ]" type="AssertionError">
AssertionError: expected [ { …(3) }, { …(3) }, { …(3) }, …(1) ] to deeply equal [ { …(3) }, { …(3) }, { …(3) }, …(1) ]

- Expected
+ Received

  [
    {
-     &quot;description&quot;: &quot;I&apos;ll transmit the optical HEX monitor, that should capacitor the UTF8 feed!&quot;,
-     &quot;message&quot;: &quot;If we generate the firewall, we can get to the SDD hard drive through the 1080p IP alarm!&quot;,
-     &quot;summary&quot;: &quot;I&apos;ll generate the solid state RAM bus, that should application the SSL driver!&quot;,
+     &quot;description&quot;: &quot;You can&apos;t quantify the firewall without parsing the wireless IB alarm!&quot;,
+     &quot;message&quot;: &quot;If we generate the transmitter, we can get to the TCP array through the virtual CLI program!&quot;,
+     &quot;summary&quot;: &quot;If we generate the hard drive, we can get to the SQL hard drive through the primary SAS circuit!&quot;,
    },
    {
-     &quot;description&quot;: &quot;We need to reboot the haptic UDP capacitor!&quot;,
-     &quot;message&quot;: &quot;The UDP application is down, copy the cross-platform protocol so we can bypass the API driver!&quot;,
-     &quot;summary&quot;: &quot;I&apos;ll input the optical AI sensor, that should hard drive the SDD interface!&quot;,
+     &quot;description&quot;: &quot;You can&apos;t input the program without backing up the digital SSD microchip!&quot;,
+     &quot;message&quot;: &quot;Use the neural XML microchip, then you can compress the bluetooth microchip!&quot;,
+     &quot;summary&quot;: &quot;You can&apos;t connect the bus without programming the wireless SMS transmitter!&quot;,
    },
    {
-     &quot;description&quot;: &quot;If we program the application, we can get to the SQL alarm through the open-source SCSI transmitter!&quot;,
-     &quot;message&quot;: &quot;You can&apos;t compress the card without overriding the open-source VGA application!&quot;,
-     &quot;summary&quot;: &quot;connecting the microchip won&apos;t do anything, we need to input the open-source UTF8 matrix!&quot;,
+     &quot;description&quot;: &quot;The EXE alarm is down, copy the bluetooth monitor so we can quantify the RSS bandwidth!&quot;,
+     &quot;message&quot;: &quot;If we navigate the card, we can get to the EXE circuit through the online JSON application!&quot;,
+     &quot;summary&quot;: &quot;If we generate the capacitor, we can get to the JSON pixel through the optical GB array!&quot;,
    },
    {
-     &quot;description&quot;: &quot;The GB panel is down, program the redundant sensor so we can index the IB circuit!&quot;,
-     &quot;message&quot;: &quot;Use the bluetooth JBOD panel, then you can generate the mobile alarm!&quot;,
-     &quot;summary&quot;: &quot;You can&apos;t calculate the port without programming the redundant XSS application!&quot;,
+     &quot;description&quot;: &quot;We need to quantify the bluetooth OCR card!&quot;,
+     &quot;message&quot;: &quot;Try to compress the XML bandwidth, maybe it will reboot the 1080p feed!&quot;,
+     &quot;summary&quot;: &quot;The USB bus is down, override the solid state program so we can parse the HEX program!&quot;,
    },
  ]

 ❯ src/test-suite-12.spec.ts:21:20
            </failure>
        </testcase>
        <testcase classname="src/test-suite-12.spec.ts" name="&apos;Total maximized alliance&apos; &gt; &apos;Use the redundant SSL system, then yo…&apos;" time="0.000067459">
        </testcase>
        <testcase classname="src/test-suite-12.spec.ts" name="&apos;Total maximized alliance&apos; &gt; &apos;Use the multi-byte HDD monitor, then …&apos;" time="0.000287">
            <failure message="expected [ { …(3) }, { …(3) } ] to deeply equal [ { …(3) }, { …(3) }, { …(3) }, …(2) ]" type="AssertionError">
AssertionError: expected [ { …(3) }, { …(3) } ] to deeply equal [ { …(3) }, { …(3) }, { …(3) }, …(2) ]

- Expected
+ Received

  [
    {
-     &quot;description&quot;: &quot;Use the cross-platform COM feed, then you can input the neural sensor!&quot;,
-     &quot;message&quot;: &quot;You can&apos;t calculate the circuit without navigating the solid state USB card!&quot;,
-     &quot;summary&quot;: &quot;I&apos;ll program the optical IP port, that should port the OCR interface!&quot;,
-   },
-   {
-     &quot;description&quot;: &quot;I&apos;ll hack the back-end EXE system, that should hard drive the HDD circuit!&quot;,
-     &quot;message&quot;: &quot;Use the solid state TCP matrix, then you can quantify the cross-platform program!&quot;,
-     &quot;summary&quot;: &quot;The SMTP pixel is down, parse the haptic program so we can transmit the SMS port!&quot;,
-   },
-   {
-     &quot;description&quot;: &quot;You can&apos;t calculate the interface without synthesizing the open-source VGA application!&quot;,
-     &quot;message&quot;: &quot;If we copy the capacitor, we can get to the PCI feed through the solid state UDP panel!&quot;,
-     &quot;summary&quot;: &quot;navigating the system won&apos;t do anything, we need to override the virtual IB microchip!&quot;,
-   },
-   {
-     &quot;description&quot;: &quot;We need to program the primary SMTP microchip!&quot;,
-     &quot;message&quot;: &quot;Use the bluetooth AI firewall, then you can override the auxiliary protocol!&quot;,
-     &quot;summary&quot;: &quot;You can&apos;t parse the firewall without overriding the neural AGP bandwidth!&quot;,
+     &quot;description&quot;: &quot;compressing the driver won&apos;t do anything, we need to bypass the 1080p HDD program!&quot;,
+     &quot;message&quot;: &quot;copying the bandwidth won&apos;t do anything, we need to navigate the solid state OCR bandwidth!&quot;,
+     &quot;summary&quot;: &quot;hacking the program won&apos;t do anything, we need to quantify the primary SCSI protocol!&quot;,
    },
    {
-     &quot;description&quot;: &quot;I&apos;ll synthesize the optical SAS protocol, that should array the DRAM bus!&quot;,
-     &quot;message&quot;: &quot;I&apos;ll index the cross-platform XML sensor, that should microchip the XSS monitor!&quot;,
-     &quot;summary&quot;: &quot;The PNG monitor is down, reboot the primary program so we can program the GB application!&quot;,
+     &quot;description&quot;: &quot;Use the haptic GB feed, then you can program the wireless monitor!&quot;,
+     &quot;message&quot;: &quot;The PNG interface is down, hack the wireless protocol so we can transmit the USB interface!&quot;,
+     &quot;summary&quot;: &quot;Use the virtual HEX port, then you can override the virtual capacitor!&quot;,
    },
  ]

 ❯ src/test-suite-12.spec.ts:21:20
            </failure>
        </testcase>
        <testcase classname="src/test-suite-12.spec.ts" name="&apos;Total maximized alliance&apos; &gt; &apos;indexing the protocol won\&apos;t do anyth…&apos;" time="0.000048459">
        </testcase>
        <testcase classname="src/test-suite-12.spec.ts" name="&apos;Total maximized alliance&apos; &gt; &apos;You can\&apos;t copy the system without in…&apos;" time="0.000317666">
            <failure message="expected [ { …(3) }, { …(3) }, { …(3) }, …(1) ] to deeply equal [ { …(3) }, { …(3) }, { …(3) }, …(2) ]" type="AssertionError">
AssertionError: expected [ { …(3) }, { …(3) }, { …(3) }, …(1) ] to deeply equal [ { …(3) }, { …(3) }, { …(3) }, …(2) ]

- Expected
+ Received

  [
    {
-     &quot;description&quot;: &quot;The UDP array is down, bypass the online protocol so we can synthesize the UDP hard drive!&quot;,
-     &quot;message&quot;: &quot;transmitting the array won&apos;t do anything, we need to hack the haptic PNG bus!&quot;,
-     &quot;summary&quot;: &quot;If we quantify the sensor, we can get to the CLI panel through the optical HDD system!&quot;,
+     &quot;description&quot;: &quot;Use the open-source VGA program, then you can hack the redundant bus!&quot;,
+     &quot;message&quot;: &quot;You can&apos;t quantify the pixel without parsing the 1080p CSS application!&quot;,
+     &quot;summary&quot;: &quot;I&apos;ll index the multi-byte DRAM feed, that should port the ADP microchip!&quot;,
    },
    {
-     &quot;description&quot;: &quot;We need to hack the online SAS hard drive!&quot;,
-     &quot;message&quot;: &quot;quantifying the hard drive won&apos;t do anything, we need to compress the 1080p ADP circuit!&quot;,
-     &quot;summary&quot;: &quot;We need to quantify the solid state SAS transmitter!&quot;,
-   },
-   {
-     &quot;description&quot;: &quot;Use the neural SCSI driver, then you can back up the optical circuit!&quot;,
-     &quot;message&quot;: &quot;You can&apos;t navigate the program without indexing the wireless ASCII array!&quot;,
-     &quot;summary&quot;: &quot;If we compress the sensor, we can get to the UDP application through the online CLI firewall!&quot;,
+     &quot;description&quot;: &quot;Try to index the HEX driver, maybe it will synthesize the wireless transmitter!&quot;,
+     &quot;message&quot;: &quot;If we navigate the system, we can get to the RSS capacitor through the haptic TLS port!&quot;,
+     &quot;summary&quot;: &quot;Try to quantify the OCR array, maybe it will generate the haptic application!&quot;,
    },
    {
-     &quot;description&quot;: &quot;You can&apos;t index the panel without hacking the wireless TCP transmitter!&quot;,
-     &quot;message&quot;: &quot;overriding the transmitter won&apos;t do anything, we need to override the mobile API feed!&quot;,
-     &quot;summary&quot;: &quot;The HEX hard drive is down, calculate the wireless transmitter so we can transmit the DRAM circuit!&quot;,
+     &quot;description&quot;: &quot;If we compress the capacitor, we can get to the ASCII array through the mobile TCP firewall!&quot;,
+     &quot;message&quot;: &quot;We need to reboot the redundant SQL protocol!&quot;,
+     &quot;summary&quot;: &quot;calculating the bus won&apos;t do anything, we need to quantify the cross-platform SMTP bus!&quot;,
    },
    {
-     &quot;description&quot;: &quot;Use the multi-byte FTP feed, then you can quantify the 1080p capacitor!&quot;,
-     &quot;message&quot;: &quot;Use the open-source RSS circuit, then you can quantify the digital driver!&quot;,
-     &quot;summary&quot;: &quot;Try to parse the CLI port, maybe it will copy the wireless interface!&quot;,
+     &quot;description&quot;: &quot;overriding the program won&apos;t do anything, we need to navigate the 1080p TLS system!&quot;,
+     &quot;message&quot;: &quot;Try to override the CLI application, maybe it will back up the 1080p bandwidth!&quot;,
+     &quot;summary&quot;: &quot;We need to override the solid state UDP feed!&quot;,
    },
  ]

 ❯ src/test-suite-12.spec.ts:21:20
            </failure>
        </testcase>
        <testcase classname="src/test-suite-12.spec.ts" name="&apos;Total maximized alliance&apos; &gt; &apos;I\&apos;ll compress the cross-platform FTP…&apos;" time="0.0000455">
        </testcase>
        <testcase classname="src/test-suite-12.spec.ts" name="&apos;Total maximized alliance&apos; &gt; &apos;Try to input the SDD feed, maybe it w…&apos;" time="0.0002495">
            <failure message="expected [ { …(3) }, { …(3) } ] to deeply equal [ { …(3) }, { …(3) }, { …(3) }, …(1) ]" type="AssertionError">
AssertionError: expected [ { …(3) }, { …(3) } ] to deeply equal [ { …(3) }, { …(3) }, { …(3) }, …(1) ]

- Expected
+ Received

  [
    {
-     &quot;description&quot;: &quot;If we quantify the transmitter, we can get to the SMS hard drive through the virtual CLI panel!&quot;,
-     &quot;message&quot;: &quot;You can&apos;t back up the circuit without calculating the auxiliary SAS program!&quot;,
-     &quot;summary&quot;: &quot;The XML sensor is down, back up the virtual monitor so we can synthesize the API pixel!&quot;,
+     &quot;description&quot;: &quot;Use the multi-byte JSON application, then you can generate the auxiliary program!&quot;,
+     &quot;message&quot;: &quot;I&apos;ll program the auxiliary DNS microchip, that should microchip the SDD interface!&quot;,
+     &quot;summary&quot;: &quot;You can&apos;t override the interface without indexing the solid state HEX pixel!&quot;,
    },
    {
-     &quot;description&quot;: &quot;The API monitor is down, transmit the neural bandwidth so we can quantify the PCI panel!&quot;,
-     &quot;message&quot;: &quot;You can&apos;t override the application without indexing the auxiliary SAS circuit!&quot;,
-     &quot;summary&quot;: &quot;Use the online COM matrix, then you can input the redundant capacitor!&quot;,
-   },
-   {
-     &quot;description&quot;: &quot;If we reboot the system, we can get to the SMS transmitter through the solid state UTF8 system!&quot;,
-     &quot;message&quot;: &quot;bypassing the bus won&apos;t do anything, we need to parse the virtual DNS system!&quot;,
-     &quot;summary&quot;: &quot;Use the optical SSD application, then you can parse the solid state matrix!&quot;,
-   },
-   {
-     &quot;description&quot;: &quot;programming the matrix won&apos;t do anything, we need to back up the virtual CSS alarm!&quot;,
-     &quot;message&quot;: &quot;If we program the card, we can get to the SCSI bus through the 1080p DNS feed!&quot;,
-     &quot;summary&quot;: &quot;The PNG card is down, transmit the open-source program so we can reboot the COM interface!&quot;,
+     &quot;description&quot;: &quot;copying the microchip won&apos;t do anything, we need to parse the online TLS microchip!&quot;,
+     &quot;message&quot;: &quot;If we generate the driver, we can get to the THX program through the cross-platform RAM array!&quot;,
+     &quot;summary&quot;: &quot;You can&apos;t connect the port without programming the bluetooth PCI microchip!&quot;,
    },
  ]

 ❯ src/test-suite-12.spec.ts:21:20
            </failure>
        </testcase>
        <testcase classname="src/test-suite-12.spec.ts" name="&apos;Total maximized alliance&apos; &gt; &apos;You can\&apos;t quantify the bus without c…&apos;" time="0.000049">
        </testcase>
        <testcase classname="src/test-suite-12.spec.ts" name="&apos;Total maximized alliance&apos; &gt; &apos;We need to program the virtual SMTP p…&apos;" time="0.000330125">
            <failure message="expected [ { …(3) }, { …(3) }, { …(3) }, …(2) ] to deeply equal [ { …(3) }, { …(3) }, { …(3) }, …(2) ]" type="AssertionError">
AssertionError: expected [ { …(3) }, { …(3) }, { …(3) }, …(2) ] to deeply equal [ { …(3) }, { …(3) }, { …(3) }, …(2) ]

- Expected
+ Received

  [
    {
-     &quot;description&quot;: &quot;calculating the sensor won&apos;t do anything, we need to transmit the haptic USB alarm!&quot;,
-     &quot;message&quot;: &quot;The CLI application is down, reboot the bluetooth monitor so we can program the IB matrix!&quot;,
-     &quot;summary&quot;: &quot;The DRAM firewall is down, bypass the mobile microchip so we can reboot the SCSI microchip!&quot;,
+     &quot;description&quot;: &quot;Use the optical TCP matrix, then you can bypass the back-end capacitor!&quot;,
+     &quot;message&quot;: &quot;I&apos;ll generate the virtual UTF8 pixel, that should protocol the DNS feed!&quot;,
+     &quot;summary&quot;: &quot;We need to index the virtual RSS port!&quot;,
    },
    {
-     &quot;description&quot;: &quot;Try to override the USB transmitter, maybe it will reboot the virtual matrix!&quot;,
-     &quot;message&quot;: &quot;generating the panel won&apos;t do anything, we need to bypass the auxiliary AI monitor!&quot;,
-     &quot;summary&quot;: &quot;Use the cross-platform IB firewall, then you can back up the auxiliary driver!&quot;,
+     &quot;description&quot;: &quot;We need to back up the back-end ADP card!&quot;,
+     &quot;message&quot;: &quot;We need to transmit the haptic PCI port!&quot;,
+     &quot;summary&quot;: &quot;The SAS sensor is down, calculate the online bandwidth so we can navigate the UTF8 capacitor!&quot;,
    },
    {
-     &quot;description&quot;: &quot;You can&apos;t bypass the capacitor without indexing the online SMTP firewall!&quot;,
-     &quot;message&quot;: &quot;I&apos;ll reboot the haptic THX protocol, that should alarm the VGA pixel!&quot;,
-     &quot;summary&quot;: &quot;I&apos;ll synthesize the wireless DRAM bus, that should card the SAS program!&quot;,
+     &quot;description&quot;: &quot;indexing the microchip won&apos;t do anything, we need to navigate the digital API transmitter!&quot;,
+     &quot;message&quot;: &quot;We need to index the redundant SSD hard drive!&quot;,
+     &quot;summary&quot;: &quot;I&apos;ll calculate the cross-platform SSD circuit, that should hard drive the TCP panel!&quot;,
    },
    {
-     &quot;description&quot;: &quot;You can&apos;t hack the bandwidth without backing up the primary HTTP bus!&quot;,
-     &quot;message&quot;: &quot;Try to synthesize the TLS firewall, maybe it will copy the online array!&quot;,
-     &quot;summary&quot;: &quot;The CSS interface is down, override the virtual protocol so we can connect the ADP sensor!&quot;,
+     &quot;description&quot;: &quot;If we program the interface, we can get to the SCSI capacitor through the 1080p RSS panel!&quot;,
+     &quot;message&quot;: &quot;We need to program the solid state ASCII program!&quot;,
+     &quot;summary&quot;: &quot;hacking the bandwidth won&apos;t do anything, we need to transmit the digital SQL monitor!&quot;,
    },
    {
-     &quot;description&quot;: &quot;Use the online VGA sensor, then you can calculate the multi-byte system!&quot;,
-     &quot;message&quot;: &quot;compressing the program won&apos;t do anything, we need to hack the bluetooth UTF8 monitor!&quot;,
-     &quot;summary&quot;: &quot;We need to transmit the neural DNS monitor!&quot;,
+     &quot;description&quot;: &quot;overriding the bandwidth won&apos;t do anything, we need to hack the online SDD protocol!&quot;,
+     &quot;message&quot;: &quot;If we navigate the sensor, we can get to the GB microchip through the back-end AI card!&quot;,
+     &quot;summary&quot;: &quot;If we parse the bandwidth, we can get to the HEX bus through the neural AI monitor!&quot;,
    },
  ]

 ❯ src/test-suite-12.spec.ts:21:20
            </failure>
        </testcase>
        <testcase classname="src/test-suite-12.spec.ts" name="&apos;Total maximized alliance&apos; &gt; &apos;If we program the firewall, we can ge…&apos;" time="0.000056042">
        </testcase>
        <testcase classname="src/test-suite-12.spec.ts" name="&apos;Total maximized alliance&apos; &gt; &apos;We need to navigate the back-end IP c…&apos;" time="0.00023875">
            <failure message="expected [ { …(3) }, { …(3) } ] to deeply equal [ { …(3) }, { …(3) }, { …(3) }, …(1) ]" type="AssertionError">
AssertionError: expected [ { …(3) }, { …(3) } ] to deeply equal [ { …(3) }, { …(3) }, { …(3) }, …(1) ]

- Expected
+ Received

  [
    {
-     &quot;description&quot;: &quot;Use the wireless SSL bus, then you can transmit the virtual capacitor!&quot;,
-     &quot;message&quot;: &quot;The JSON pixel is down, synthesize the virtual program so we can generate the SMTP bandwidth!&quot;,
-     &quot;summary&quot;: &quot;Use the wireless HEX alarm, then you can parse the haptic bus!&quot;,
+     &quot;description&quot;: &quot;You can&apos;t generate the panel without programming the redundant EXE matrix!&quot;,
+     &quot;message&quot;: &quot;overriding the transmitter won&apos;t do anything, we need to index the redundant USB application!&quot;,
+     &quot;summary&quot;: &quot;bypassing the driver won&apos;t do anything, we need to input the optical EXE card!&quot;,
    },
    {
-     &quot;description&quot;: &quot;Use the neural OCR port, then you can compress the multi-byte program!&quot;,
-     &quot;message&quot;: &quot;The FTP panel is down, compress the bluetooth transmitter so we can hack the AI array!&quot;,
-     &quot;summary&quot;: &quot;Use the cross-platform COM alarm, then you can parse the solid state panel!&quot;,
-   },
-   {
-     &quot;description&quot;: &quot;Try to generate the XSS system, maybe it will bypass the wireless port!&quot;,
-     &quot;message&quot;: &quot;I&apos;ll program the 1080p SAS application, that should bus the XSS array!&quot;,
-     &quot;summary&quot;: &quot;connecting the system won&apos;t do anything, we need to parse the primary SDD feed!&quot;,
-   },
-   {
-     &quot;description&quot;: &quot;The ASCII application is down, generate the neural interface so we can program the USB alarm!&quot;,
-     &quot;message&quot;: &quot;I&apos;ll copy the open-source THX monitor, that should array the USB array!&quot;,
-     &quot;summary&quot;: &quot;The JBOD capacitor is down, calculate the auxiliary hard drive so we can hack the PNG card!&quot;,
+     &quot;description&quot;: &quot;If we hack the bandwidth, we can get to the OCR port through the primary SQL firewall!&quot;,
+     &quot;message&quot;: &quot;We need to compress the mobile VGA port!&quot;,
+     &quot;summary&quot;: &quot;Use the online VGA firewall, then you can copy the neural card!&quot;,
    },
  ]

 ❯ src/test-suite-12.spec.ts:21:20
            </failure>
        </testcase>
        <testcase classname="src/test-suite-12.spec.ts" name="&apos;Total maximized alliance&apos; &gt; &apos;If we calculate the panel, we can get…&apos;" time="0.000045583">
        </testcase>
        <testcase classname="src/test-suite-12.spec.ts" name="&apos;Total maximized alliance&apos; &gt; &apos;We need to bypass the redundant SCSI …&apos;" time="0.000272416">
            <failure message="expected [ { …(3) }, { …(3) }, { …(3) }, …(1) ] to deeply equal [ { …(3) }, { …(3) }, { …(3) } ]" type="AssertionError">
AssertionError: expected [ { …(3) }, { …(3) }, { …(3) }, …(1) ] to deeply equal [ { …(3) }, { …(3) }, { …(3) } ]

- Expected
+ Received

  [
    {
-     &quot;description&quot;: &quot;We need to override the wireless VGA interface!&quot;,
-     &quot;message&quot;: &quot;hacking the firewall won&apos;t do anything, we need to compress the online API matrix!&quot;,
-     &quot;summary&quot;: &quot;We need to calculate the digital TCP monitor!&quot;,
+     &quot;description&quot;: &quot;I&apos;ll connect the redundant API sensor, that should capacitor the AI array!&quot;,
+     &quot;message&quot;: &quot;Try to calculate the SQL monitor, maybe it will parse the bluetooth feed!&quot;,
+     &quot;summary&quot;: &quot;You can&apos;t connect the array without bypassing the multi-byte SCSI alarm!&quot;,
+   },
+   {
+     &quot;description&quot;: &quot;You can&apos;t navigate the system without overriding the bluetooth IB program!&quot;,
+     &quot;message&quot;: &quot;If we synthesize the bandwidth, we can get to the ASCII hard drive through the multi-byte VGA application!&quot;,
+     &quot;summary&quot;: &quot;Try to generate the XSS program, maybe it will generate the wireless bandwidth!&quot;,
    },
    {
-     &quot;description&quot;: &quot;I&apos;ll copy the open-source SSL capacitor, that should array the AGP monitor!&quot;,
-     &quot;message&quot;: &quot;If we program the microchip, we can get to the RSS system through the online API interface!&quot;,
-     &quot;summary&quot;: &quot;Try to transmit the SCSI port, maybe it will input the virtual bus!&quot;,
+     &quot;description&quot;: &quot;If we synthesize the firewall, we can get to the VGA alarm through the mobile XSS application!&quot;,
+     &quot;message&quot;: &quot;We need to bypass the 1080p UDP circuit!&quot;,
+     &quot;summary&quot;: &quot;I&apos;ll parse the redundant IB alarm, that should alarm the GB interface!&quot;,
    },
    {
-     &quot;description&quot;: &quot;Use the multi-byte VGA microchip, then you can transmit the 1080p monitor!&quot;,
-     &quot;message&quot;: &quot;The GB port is down, bypass the solid state system so we can generate the SCSI interface!&quot;,
-     &quot;summary&quot;: &quot;The SAS monitor is down, quantify the neural driver so we can copy the SMS feed!&quot;,
+     &quot;description&quot;: &quot;I&apos;ll program the auxiliary SCSI interface, that should system the SQL transmitter!&quot;,
+     &quot;message&quot;: &quot;bypassing the capacitor won&apos;t do anything, we need to calculate the multi-byte SMS card!&quot;,
+     &quot;summary&quot;: &quot;You can&apos;t quantify the alarm without transmitting the neural AGP capacitor!&quot;,
    },
  ]

 ❯ src/test-suite-12.spec.ts:21:20
            </failure>
        </testcase>
        <testcase classname="src/test-suite-12.spec.ts" name="&apos;Total maximized alliance&apos; &gt; &apos;The HDD application is down, transmit…&apos;" time="0.000035583">
        </testcase>
        <testcase classname="src/test-suite-12.spec.ts" name="&apos;Total maximized alliance&apos; &gt; &apos;If we synthesize the card, we can get…&apos;" time="0.000209292">
            <failure message="expected [ { …(3) }, { …(3) } ] to deeply equal [ { …(3) }, { …(3) }, { …(3) } ]" type="AssertionError">
AssertionError: expected [ { …(3) }, { …(3) } ] to deeply equal [ { …(3) }, { …(3) }, { …(3) } ]

- Expected
+ Received

  [
    {
-     &quot;description&quot;: &quot;You can&apos;t connect the program without bypassing the bluetooth PNG application!&quot;,
-     &quot;message&quot;: &quot;Use the wireless API transmitter, then you can calculate the redundant pixel!&quot;,
-     &quot;summary&quot;: &quot;The PCI monitor is down, reboot the redundant pixel so we can input the CSS matrix!&quot;,
-   },
-   {
-     &quot;description&quot;: &quot;Use the cross-platform SQL bandwidth, then you can parse the 1080p system!&quot;,
-     &quot;message&quot;: &quot;You can&apos;t reboot the card without parsing the open-source UTF8 driver!&quot;,
-     &quot;summary&quot;: &quot;You can&apos;t program the protocol without compressing the digital SSL firewall!&quot;,
+     &quot;description&quot;: &quot;Try to compress the SCSI card, maybe it will program the 1080p microchip!&quot;,
+     &quot;message&quot;: &quot;You can&apos;t parse the system without copying the open-source RAM application!&quot;,
+     &quot;summary&quot;: &quot;Use the neural SSD panel, then you can override the virtual bus!&quot;,
    },
    {
-     &quot;description&quot;: &quot;The SAS alarm is down, bypass the auxiliary transmitter so we can program the RSS panel!&quot;,
-     &quot;message&quot;: &quot;I&apos;ll calculate the haptic XML feed, that should pixel the CLI pixel!&quot;,
-     &quot;summary&quot;: &quot;Try to synthesize the JSON bus, maybe it will parse the neural interface!&quot;,
+     &quot;description&quot;: &quot;If we hack the sensor, we can get to the CLI system through the neural UDP driver!&quot;,
+     &quot;message&quot;: &quot;You can&apos;t copy the array without synthesizing the digital HEX driver!&quot;,
+     &quot;summary&quot;: &quot;We need to navigate the cross-platform UTF8 interface!&quot;,
    },
  ]

 ❯ src/test-suite-12.spec.ts:21:20
            </failure>
        </testcase>
        <testcase classname="src/test-suite-12.spec.ts" name="&apos;Total maximized alliance&apos; &gt; &apos;You can\&apos;t quantify the program witho…&apos;" time="0.000046625">
        </testcase>
        <testcase classname="src/test-suite-12.spec.ts" name="&apos;Total maximized alliance&apos; &gt; &apos;navigating the system won\&apos;t do anyth…&apos;" time="0.001706167">
            <failure message="expected [ { …(3) }, { …(3) } ] to deeply equal [ { …(3) }, { …(3) }, { …(3) }, …(2) ]" type="AssertionError">
AssertionError: expected [ { …(3) }, { …(3) } ] to deeply equal [ { …(3) }, { …(3) }, { …(3) }, …(2) ]

- Expected
+ Received

  [
    {
-     &quot;description&quot;: &quot;I&apos;ll synthesize the solid state DNS transmitter, that should capacitor the UDP system!&quot;,
-     &quot;message&quot;: &quot;If we generate the firewall, we can get to the XML bus through the back-end SMS bandwidth!&quot;,
-     &quot;summary&quot;: &quot;You can&apos;t connect the array without hacking the back-end AGP sensor!&quot;,
-   },
-   {
-     &quot;description&quot;: &quot;Try to index the RSS sensor, maybe it will hack the neural port!&quot;,
-     &quot;message&quot;: &quot;If we copy the program, we can get to the SAS pixel through the solid state TCP circuit!&quot;,
-     &quot;summary&quot;: &quot;synthesizing the bus won&apos;t do anything, we need to bypass the virtual PCI panel!&quot;,
-   },
-   {
-     &quot;description&quot;: &quot;You can&apos;t compress the protocol without hacking the redundant GB application!&quot;,
-     &quot;message&quot;: &quot;Use the 1080p PCI alarm, then you can calculate the bluetooth program!&quot;,
-     &quot;summary&quot;: &quot;Use the bluetooth TLS bus, then you can program the bluetooth sensor!&quot;,
-   },
-   {
-     &quot;description&quot;: &quot;We need to generate the 1080p PCI system!&quot;,
-     &quot;message&quot;: &quot;I&apos;ll synthesize the haptic UDP feed, that should transmitter the CLI capacitor!&quot;,
-     &quot;summary&quot;: &quot;navigating the protocol won&apos;t do anything, we need to reboot the online HTTP firewall!&quot;,
+     &quot;description&quot;: &quot;We need to hack the haptic GB firewall!&quot;,
+     &quot;message&quot;: &quot;Try to back up the ASCII alarm, maybe it will index the mobile program!&quot;,
+     &quot;summary&quot;: &quot;quantifying the interface won&apos;t do anything, we need to index the multi-byte EXE microchip!&quot;,
    },
    {
-     &quot;description&quot;: &quot;navigating the application won&apos;t do anything, we need to transmit the mobile DNS capacitor!&quot;,
-     &quot;message&quot;: &quot;Use the redundant IP interface, then you can program the back-end matrix!&quot;,
-     &quot;summary&quot;: &quot;You can&apos;t copy the feed without bypassing the haptic OCR hard drive!&quot;,
+     &quot;description&quot;: &quot;If we program the port, we can get to the CLI bandwidth through the back-end EXE matrix!&quot;,
+     &quot;message&quot;: &quot;Use the online UDP capacitor, then you can copy the cross-platform hard drive!&quot;,
+     &quot;summary&quot;: &quot;You can&apos;t parse the alarm without generating the multi-byte ADP protocol!&quot;,
    },
  ]

 ❯ src/test-suite-12.spec.ts:21:20
            </failure>
        </testcase>
        <testcase classname="src/test-suite-12.spec.ts" name="&apos;Total maximized alliance&apos; &gt; &apos;If we index the matrix, we can get to…&apos;" time="0.000095333">
        </testcase>
        <testcase classname="src/test-suite-12.spec.ts" name="&apos;Total maximized alliance&apos; &gt; &apos;You can\&apos;t calculate the capacitor wi…&apos;" time="0.000269375">
            <failure message="expected [ { …(3) }, { …(3) } ] to deeply equal [ { …(3) }, { …(3) } ]" type="AssertionError">
AssertionError: expected [ { …(3) }, { …(3) } ] to deeply equal [ { …(3) }, { …(3) } ]

- Expected
+ Received

  [
    {
-     &quot;description&quot;: &quot;Use the wireless UDP panel, then you can program the open-source microchip!&quot;,
-     &quot;message&quot;: &quot;We need to bypass the bluetooth PCI matrix!&quot;,
-     &quot;summary&quot;: &quot;compressing the hard drive won&apos;t do anything, we need to generate the mobile SSL circuit!&quot;,
+     &quot;description&quot;: &quot;You can&apos;t index the system without bypassing the solid state RAM pixel!&quot;,
+     &quot;message&quot;: &quot;Try to connect the SSL circuit, maybe it will connect the solid state hard drive!&quot;,
+     &quot;summary&quot;: &quot;I&apos;ll quantify the digital EXE port, that should capacitor the HEX monitor!&quot;,
    },
    {
-     &quot;description&quot;: &quot;I&apos;ll index the online OCR transmitter, that should bandwidth the PCI capacitor!&quot;,
-     &quot;message&quot;: &quot;parsing the microchip won&apos;t do anything, we need to override the multi-byte RSS pixel!&quot;,
-     &quot;summary&quot;: &quot;compressing the system won&apos;t do anything, we need to quantify the optical API alarm!&quot;,
+     &quot;description&quot;: &quot;navigating the bus won&apos;t do anything, we need to override the virtual JBOD matrix!&quot;,
+     &quot;message&quot;: &quot;If we input the feed, we can get to the DRAM program through the online SSD transmitter!&quot;,
+     &quot;summary&quot;: &quot;You can&apos;t parse the monitor without calculating the online RAM panel!&quot;,
    },
  ]

 ❯ src/test-suite-12.spec.ts:21:20
            </failure>
        </testcase>
        <testcase classname="src/test-suite-12.spec.ts" name="&apos;Total maximized alliance&apos; &gt; &apos;You can\&apos;t reboot the system without …&apos;" time="0.000059542">
        </testcase>
        <testcase classname="src/test-suite-12.spec.ts" name="&apos;Total maximized alliance&apos; &gt; &apos;Use the virtual JBOD bus, then you ca…&apos;" time="0.000296042">
            <failure message="expected [ { …(3) }, { …(3) } ] to deeply equal [ { …(3) }, { …(3) }, { …(3) }, …(1) ]" type="AssertionError">
AssertionError: expected [ { …(3) }, { …(3) } ] to deeply equal [ { …(3) }, { …(3) }, { …(3) }, …(1) ]

- Expected
+ Received

  [
    {
-     &quot;description&quot;: &quot;The API alarm is down, input the 1080p matrix so we can generate the UDP capacitor!&quot;,
-     &quot;message&quot;: &quot;generating the sensor won&apos;t do anything, we need to calculate the multi-byte SCSI port!&quot;,
-     &quot;summary&quot;: &quot;I&apos;ll transmit the primary ADP transmitter, that should circuit the SSD transmitter!&quot;,
+     &quot;description&quot;: &quot;We need to program the haptic ASCII panel!&quot;,
+     &quot;message&quot;: &quot;connecting the microchip won&apos;t do anything, we need to quantify the haptic SCSI matrix!&quot;,
+     &quot;summary&quot;: &quot;Try to synthesize the AI capacitor, maybe it will back up the multi-byte feed!&quot;,
    },
    {
-     &quot;description&quot;: &quot;You can&apos;t bypass the monitor without programming the digital SMTP feed!&quot;,
-     &quot;message&quot;: &quot;If we copy the array, we can get to the XSS circuit through the haptic DRAM transmitter!&quot;,
-     &quot;summary&quot;: &quot;I&apos;ll quantify the optical UTF8 feed, that should bus the HDD hard drive!&quot;,
-   },
-   {
-     &quot;description&quot;: &quot;Use the 1080p RSS panel, then you can back up the cross-platform bandwidth!&quot;,
-     &quot;message&quot;: &quot;Use the haptic AGP panel, then you can calculate the auxiliary pixel!&quot;,
-     &quot;summary&quot;: &quot;I&apos;ll reboot the multi-byte UTF8 protocol, that should circuit the SAS system!&quot;,
-   },
-   {
-     &quot;description&quot;: &quot;overriding the transmitter won&apos;t do anything, we need to override the mobile HTTP port!&quot;,
-     &quot;message&quot;: &quot;If we quantify the bandwidth, we can get to the TLS card through the redundant SSD port!&quot;,
-     &quot;summary&quot;: &quot;The PNG firewall is down, hack the multi-byte pixel so we can parse the TCP transmitter!&quot;,
+     &quot;description&quot;: &quot;compressing the program won&apos;t do anything, we need to bypass the optical HTTP driver!&quot;,
+     &quot;message&quot;: &quot;Use the neural UDP pixel, then you can connect the digital alarm!&quot;,
+     &quot;summary&quot;: &quot;If we quantify the bus, we can get to the HEX firewall through the neural PCI panel!&quot;,
    },
  ]

 ❯ src/test-suite-12.spec.ts:21:20
            </failure>
        </testcase>
        <testcase classname="src/test-suite-12.spec.ts" name="&apos;Total maximized alliance&apos; &gt; &apos;Use the optical HTTP array, then you …&apos;" time="0.000066542">
        </testcase>
        <testcase classname="src/test-suite-12.spec.ts" name="&apos;Total maximized alliance&apos; &gt; &apos;If we back up the firewall, we can ge…&apos;" time="0.000320917">
            <failure message="expected [ { …(3) }, { …(3) }, { …(3) }, …(2) ] to deeply equal [ { …(3) }, { …(3) }, { …(3) } ]" type="AssertionError">
AssertionError: expected [ { …(3) }, { …(3) }, { …(3) }, …(2) ] to deeply equal [ { …(3) }, { …(3) }, { …(3) } ]

- Expected
+ Received

  [
    {
-     &quot;description&quot;: &quot;We need to parse the multi-byte SCSI transmitter!&quot;,
-     &quot;message&quot;: &quot;The DNS system is down, quantify the haptic microchip so we can connect the USB bus!&quot;,
-     &quot;summary&quot;: &quot;I&apos;ll generate the optical TCP port, that should matrix the CLI bandwidth!&quot;,
+     &quot;description&quot;: &quot;If we transmit the transmitter, we can get to the CLI pixel through the redundant DRAM monitor!&quot;,
+     &quot;message&quot;: &quot;Try to parse the SCSI sensor, maybe it will index the cross-platform panel!&quot;,
+     &quot;summary&quot;: &quot;Use the bluetooth PNG monitor, then you can back up the optical microchip!&quot;,
    },
    {
-     &quot;description&quot;: &quot;Use the primary PNG pixel, then you can reboot the online matrix!&quot;,
-     &quot;message&quot;: &quot;We need to generate the bluetooth SSD card!&quot;,
-     &quot;summary&quot;: &quot;The API protocol is down, program the haptic bandwidth so we can synthesize the DRAM firewall!&quot;,
+     &quot;description&quot;: &quot;The AI driver is down, synthesize the haptic hard drive so we can override the HEX firewall!&quot;,
+     &quot;message&quot;: &quot;I&apos;ll hack the bluetooth IP card, that should alarm the ADP sensor!&quot;,
+     &quot;summary&quot;: &quot;We need to quantify the cross-platform SSD sensor!&quot;,
    },
    {
-     &quot;description&quot;: &quot;Try to parse the THX card, maybe it will input the haptic circuit!&quot;,
-     &quot;message&quot;: &quot;generating the bandwidth won&apos;t do anything, we need to quantify the back-end USB program!&quot;,
-     &quot;summary&quot;: &quot;The JBOD driver is down, override the multi-byte alarm so we can copy the ADP firewall!&quot;,
+     &quot;description&quot;: &quot;I&apos;ll program the back-end SCSI panel, that should driver the HDD firewall!&quot;,
+     &quot;message&quot;: &quot;We need to hack the back-end RSS interface!&quot;,
+     &quot;summary&quot;: &quot;backing up the transmitter won&apos;t do anything, we need to synthesize the virtual OCR matrix!&quot;,
+   },
+   {
+     &quot;description&quot;: &quot;We need to program the mobile EXE port!&quot;,
+     &quot;message&quot;: &quot;backing up the application won&apos;t do anything, we need to back up the wireless AI panel!&quot;,
+     &quot;summary&quot;: &quot;You can&apos;t override the panel without calculating the digital SSL circuit!&quot;,
+   },
+   {
+     &quot;description&quot;: &quot;programming the firewall won&apos;t do anything, we need to compress the open-source AGP driver!&quot;,
+     &quot;message&quot;: &quot;If we hack the alarm, we can get to the OCR capacitor through the primary HEX array!&quot;,
+     &quot;summary&quot;: &quot;You can&apos;t bypass the bus without overriding the digital USB driver!&quot;,
    },
  ]

 ❯ src/test-suite-12.spec.ts:21:20
            </failure>
        </testcase>
        <testcase classname="src/test-suite-12.spec.ts" name="&apos;Total maximized alliance&apos; &gt; &apos;We need to compress the bluetooth SSD…&apos;" time="0.00004325">
        </testcase>
        <testcase classname="src/test-suite-12.spec.ts" name="&apos;Total maximized alliance&apos; &gt; &apos;If we connect the panel, we can get t…&apos;" time="0.000265833">
            <failure message="expected [ { …(3) }, { …(3) }, { …(3) }, …(2) ] to deeply equal [ { …(3) }, { …(3) } ]" type="AssertionError">
AssertionError: expected [ { …(3) }, { …(3) }, { …(3) }, …(2) ] to deeply equal [ { …(3) }, { …(3) } ]

- Expected
+ Received

  [
    {
-     &quot;description&quot;: &quot;Try to program the GB matrix, maybe it will index the online program!&quot;,
-     &quot;message&quot;: &quot;The SCSI protocol is down, connect the multi-byte microchip so we can connect the THX protocol!&quot;,
-     &quot;summary&quot;: &quot;If we connect the microchip, we can get to the SSD sensor through the optical IB card!&quot;,
+     &quot;description&quot;: &quot;If we compress the protocol, we can get to the USB firewall through the primary ASCII bus!&quot;,
+     &quot;message&quot;: &quot;The GB alarm is down, override the mobile sensor so we can override the IP monitor!&quot;,
+     &quot;summary&quot;: &quot;I&apos;ll hack the digital TLS circuit, that should bandwidth the API system!&quot;,
+   },
+   {
+     &quot;description&quot;: &quot;You can&apos;t program the driver without parsing the 1080p FTP card!&quot;,
+     &quot;message&quot;: &quot;We need to program the auxiliary SQL interface!&quot;,
+     &quot;summary&quot;: &quot;The API feed is down, navigate the solid state hard drive so we can bypass the SMS panel!&quot;,
+   },
+   {
+     &quot;description&quot;: &quot;If we navigate the sensor, we can get to the TCP interface through the neural SMTP array!&quot;,
+     &quot;message&quot;: &quot;We need to connect the optical SDD card!&quot;,
+     &quot;summary&quot;: &quot;I&apos;ll back up the online IP driver, that should matrix the RSS driver!&quot;,
+   },
+   {
+     &quot;description&quot;: &quot;We need to compress the redundant SMS interface!&quot;,
+     &quot;message&quot;: &quot;The CSS capacitor is down, copy the 1080p program so we can input the OCR bandwidth!&quot;,
+     &quot;summary&quot;: &quot;You can&apos;t hack the bus without calculating the multi-byte GB hard drive!&quot;,
    },
    {
-     &quot;description&quot;: &quot;backing up the matrix won&apos;t do anything, we need to quantify the 1080p ASCII hard drive!&quot;,
-     &quot;message&quot;: &quot;You can&apos;t connect the bus without copying the optical USB transmitter!&quot;,
-     &quot;summary&quot;: &quot;Use the haptic TCP protocol, then you can connect the digital bandwidth!&quot;,
+     &quot;description&quot;: &quot;The GB hard drive is down, connect the virtual monitor so we can back up the CSS application!&quot;,
+     &quot;message&quot;: &quot;We need to calculate the mobile IP firewall!&quot;,
+     &quot;summary&quot;: &quot;Try to parse the SMS feed, maybe it will synthesize the 1080p protocol!&quot;,
    },
  ]

 ❯ src/test-suite-12.spec.ts:21:20
            </failure>
        </testcase>
        <testcase classname="src/test-suite-12.spec.ts" name="&apos;Total maximized alliance&apos; &gt; &apos;Try to input the JSON interface, mayb…&apos;" time="0.000056125">
        </testcase>
        <testcase classname="src/test-suite-12.spec.ts" name="&apos;Total maximized alliance&apos; &gt; &apos;Try to parse the ADP card, maybe it w…&apos;" time="0.000261166">
            <failure message="expected [ { …(3) }, { …(3) }, { …(3) } ] to deeply equal [ { …(3) }, { …(3) }, { …(3) }, …(1) ]" type="AssertionError">
AssertionError: expected [ { …(3) }, { …(3) }, { …(3) } ] to deeply equal [ { …(3) }, { …(3) }, { …(3) }, …(1) ]

- Expected
+ Received

  [
    {
-     &quot;description&quot;: &quot;You can&apos;t copy the hard drive without bypassing the virtual XML firewall!&quot;,
-     &quot;message&quot;: &quot;We need to generate the mobile UTF8 bus!&quot;,
-     &quot;summary&quot;: &quot;The DRAM firewall is down, compress the solid state program so we can navigate the IP system!&quot;,
-   },
-   {
-     &quot;description&quot;: &quot;The COM card is down, override the solid state driver so we can quantify the DRAM microchip!&quot;,
-     &quot;message&quot;: &quot;I&apos;ll input the optical RSS program, that should protocol the AI sensor!&quot;,
-     &quot;summary&quot;: &quot;synthesizing the hard drive won&apos;t do anything, we need to copy the bluetooth DNS interface!&quot;,
+     &quot;description&quot;: &quot;Use the primary VGA bus, then you can generate the back-end panel!&quot;,
+     &quot;message&quot;: &quot;We need to index the primary SMTP sensor!&quot;,
+     &quot;summary&quot;: &quot;We need to parse the 1080p COM driver!&quot;,
    },
    {
-     &quot;description&quot;: &quot;hacking the array won&apos;t do anything, we need to hack the 1080p HDD alarm!&quot;,
-     &quot;message&quot;: &quot;If we synthesize the monitor, we can get to the PNG port through the digital ADP bus!&quot;,
-     &quot;summary&quot;: &quot;copying the circuit won&apos;t do anything, we need to connect the 1080p DRAM protocol!&quot;,
+     &quot;description&quot;: &quot;You can&apos;t index the microchip without copying the multi-byte PNG hard drive!&quot;,
+     &quot;message&quot;: &quot;If we parse the card, we can get to the THX system through the mobile DNS firewall!&quot;,
+     &quot;summary&quot;: &quot;I&apos;ll input the neural AGP sensor, that should array the ADP alarm!&quot;,
    },
    {
-     &quot;description&quot;: &quot;If we parse the alarm, we can get to the SMS port through the wireless SDD feed!&quot;,
-     &quot;message&quot;: &quot;Use the mobile EXE interface, then you can bypass the mobile program!&quot;,
-     &quot;summary&quot;: &quot;parsing the feed won&apos;t do anything, we need to connect the back-end HEX system!&quot;,
+     &quot;description&quot;: &quot;If we parse the array, we can get to the API hard drive through the bluetooth EXE circuit!&quot;,
+     &quot;message&quot;: &quot;I&apos;ll quantify the virtual RAM port, that should interface the XSS pixel!&quot;,
+     &quot;summary&quot;: &quot;I&apos;ll back up the 1080p SMS bandwidth, that should feed the TCP capacitor!&quot;,
    },
  ]

 ❯ src/test-suite-12.spec.ts:21:20
            </failure>
        </testcase>
        <testcase classname="src/test-suite-12.spec.ts" name="&apos;Total maximized alliance&apos; &gt; &apos;I\&apos;ll index the back-end ADP capacito…&apos;" time="0.000042958">
        </testcase>
        <testcase classname="src/test-suite-12.spec.ts" name="&apos;Total maximized alliance&apos; &gt; &apos;We need to connect the redundant USB …&apos;" time="0.000407333">
            <failure message="expected [ { …(3) }, { …(3) }, { …(3) }, …(1) ] to deeply equal [ { …(3) }, { …(3) }, { …(3) }, …(1) ]" type="AssertionError">
AssertionError: expected [ { …(3) }, { …(3) }, { …(3) }, …(1) ] to deeply equal [ { …(3) }, { …(3) }, { …(3) }, …(1) ]

- Expected
+ Received

  [
    {
-     &quot;description&quot;: &quot;If we transmit the panel, we can get to the OCR pixel through the neural FTP bus!&quot;,
-     &quot;message&quot;: &quot;quantifying the array won&apos;t do anything, we need to connect the digital JBOD firewall!&quot;,
-     &quot;summary&quot;: &quot;connecting the driver won&apos;t do anything, we need to hack the back-end RSS system!&quot;,
+     &quot;description&quot;: &quot;You can&apos;t input the feed without compressing the wireless AI bus!&quot;,
+     &quot;message&quot;: &quot;Try to parse the PNG alarm, maybe it will back up the online interface!&quot;,
+     &quot;summary&quot;: &quot;You can&apos;t synthesize the sensor without connecting the digital DRAM driver!&quot;,
    },
    {
-     &quot;description&quot;: &quot;indexing the matrix won&apos;t do anything, we need to parse the redundant FTP port!&quot;,
-     &quot;message&quot;: &quot;The SSL matrix is down, override the auxiliary matrix so we can override the COM protocol!&quot;,
-     &quot;summary&quot;: &quot;You can&apos;t index the capacitor without indexing the optical HTTP interface!&quot;,
+     &quot;description&quot;: &quot;You can&apos;t back up the matrix without programming the neural FTP capacitor!&quot;,
+     &quot;message&quot;: &quot;Try to parse the USB panel, maybe it will calculate the cross-platform firewall!&quot;,
+     &quot;summary&quot;: &quot;You can&apos;t override the microchip without programming the mobile TCP bus!&quot;,
    },
    {
-     &quot;description&quot;: &quot;You can&apos;t hack the array without parsing the auxiliary EXE capacitor!&quot;,
-     &quot;message&quot;: &quot;If we reboot the application, we can get to the SSD protocol through the neural HEX application!&quot;,
-     &quot;summary&quot;: &quot;Try to quantify the PCI feed, maybe it will back up the bluetooth array!&quot;,
+     &quot;description&quot;: &quot;The UDP array is down, connect the back-end program so we can calculate the HDD capacitor!&quot;,
+     &quot;message&quot;: &quot;We need to index the solid state PCI interface!&quot;,
+     &quot;summary&quot;: &quot;You can&apos;t quantify the transmitter without transmitting the auxiliary AGP hard drive!&quot;,
    },
    {
-     &quot;description&quot;: &quot;You can&apos;t index the driver without backing up the cross-platform ASCII feed!&quot;,
-     &quot;message&quot;: &quot;Try to hack the PCI application, maybe it will back up the bluetooth driver!&quot;,
-     &quot;summary&quot;: &quot;hacking the driver won&apos;t do anything, we need to index the multi-byte USB card!&quot;,
+     &quot;description&quot;: &quot;connecting the array won&apos;t do anything, we need to generate the back-end GB bus!&quot;,
+     &quot;message&quot;: &quot;transmitting the panel won&apos;t do anything, we need to override the redundant VGA protocol!&quot;,
+     &quot;summary&quot;: &quot;Try to hack the RSS pixel, maybe it will parse the auxiliary port!&quot;,
    },
  ]

 ❯ src/test-suite-12.spec.ts:21:20
            </failure>
        </testcase>
        <testcase classname="src/test-suite-12.spec.ts" name="&apos;Total maximized alliance&apos; &gt; &apos;I\&apos;ll override the back-end DNS feed,…&apos;" time="0.000087917">
        </testcase>
        <testcase classname="src/test-suite-12.spec.ts" name="&apos;Total maximized alliance&apos; &gt; &apos;If we reboot the application, we can …&apos;" time="0.000391">
            <failure message="expected [ { …(3) }, { …(3) }, { …(3) }, …(1) ] to deeply equal [ { …(3) }, { …(3) }, { …(3) }, …(1) ]" type="AssertionError">
AssertionError: expected [ { …(3) }, { …(3) }, { …(3) }, …(1) ] to deeply equal [ { …(3) }, { …(3) }, { …(3) }, …(1) ]

- Expected
+ Received

  [
    {
-     &quot;description&quot;: &quot;If we transmit the circuit, we can get to the CSS matrix through the mobile PCI firewall!&quot;,
-     &quot;message&quot;: &quot;You can&apos;t compress the hard drive without quantifying the auxiliary API feed!&quot;,
-     &quot;summary&quot;: &quot;Try to reboot the IB microchip, maybe it will reboot the neural port!&quot;,
+     &quot;description&quot;: &quot;hacking the circuit won&apos;t do anything, we need to reboot the redundant HTTP transmitter!&quot;,
+     &quot;message&quot;: &quot;If we program the program, we can get to the ASCII bus through the virtual JSON application!&quot;,
+     &quot;summary&quot;: &quot;connecting the port won&apos;t do anything, we need to calculate the 1080p XSS protocol!&quot;,
    },
    {
-     &quot;description&quot;: &quot;The EXE circuit is down, navigate the mobile microchip so we can bypass the HEX matrix!&quot;,
-     &quot;message&quot;: &quot;We need to bypass the haptic TLS feed!&quot;,
-     &quot;summary&quot;: &quot;programming the bus won&apos;t do anything, we need to reboot the neural SSL protocol!&quot;,
+     &quot;description&quot;: &quot;You can&apos;t generate the monitor without overriding the 1080p THX bus!&quot;,
+     &quot;message&quot;: &quot;We need to index the back-end SSD program!&quot;,
+     &quot;summary&quot;: &quot;I&apos;ll compress the neural AI bandwidth, that should sensor the JBOD pixel!&quot;,
    },
    {
-     &quot;description&quot;: &quot;calculating the hard drive won&apos;t do anything, we need to bypass the bluetooth IB matrix!&quot;,
-     &quot;message&quot;: &quot;Use the virtual JSON port, then you can quantify the optical circuit!&quot;,
-     &quot;summary&quot;: &quot;If we generate the bandwidth, we can get to the SSL application through the back-end API feed!&quot;,
+     &quot;description&quot;: &quot;You can&apos;t hack the driver without bypassing the digital RAM pixel!&quot;,
+     &quot;message&quot;: &quot;The TCP array is down, navigate the digital driver so we can hack the HTTP port!&quot;,
+     &quot;summary&quot;: &quot;The GB panel is down, calculate the virtual sensor so we can synthesize the CSS hard drive!&quot;,
    },
    {
-     &quot;description&quot;: &quot;You can&apos;t index the application without copying the virtual HDD driver!&quot;,
-     &quot;message&quot;: &quot;You can&apos;t generate the application without navigating the haptic SSL alarm!&quot;,
-     &quot;summary&quot;: &quot;Use the 1080p JSON bandwidth, then you can reboot the auxiliary driver!&quot;,
+     &quot;description&quot;: &quot;The EXE alarm is down, index the open-source bandwidth so we can transmit the UDP microchip!&quot;,
+     &quot;message&quot;: &quot;You can&apos;t override the card without indexing the back-end RSS feed!&quot;,
+     &quot;summary&quot;: &quot;Try to input the UDP circuit, maybe it will transmit the neural program!&quot;,
    },
  ]

 ❯ src/test-suite-12.spec.ts:21:20
            </failure>
        </testcase>
        <testcase classname="src/test-suite-12.spec.ts" name="&apos;Balanced empowering contingency&apos; &gt; &apos;The COM bandwidth is down, bypass the…&apos;" time="0.000240666">
            <failure message="expected [ { …(3) }, { …(3) } ] to deeply equal [ { …(3) }, { …(3) }, { …(3) } ]" type="AssertionError">
AssertionError: expected [ { …(3) }, { …(3) } ] to deeply equal [ { …(3) }, { …(3) }, { …(3) } ]

- Expected
+ Received

  [
    {
-     &quot;description&quot;: &quot;backing up the pixel won&apos;t do anything, we need to generate the back-end CLI interface!&quot;,
-     &quot;message&quot;: &quot;We need to compress the 1080p ADP pixel!&quot;,
-     &quot;summary&quot;: &quot;You can&apos;t reboot the matrix without generating the virtual SSL card!&quot;,
-   },
-   {
-     &quot;description&quot;: &quot;indexing the alarm won&apos;t do anything, we need to transmit the redundant ASCII bandwidth!&quot;,
-     &quot;message&quot;: &quot;The RAM panel is down, bypass the online bus so we can reboot the EXE bandwidth!&quot;,
-     &quot;summary&quot;: &quot;Try to connect the SMTP application, maybe it will index the wireless panel!&quot;,
+     &quot;description&quot;: &quot;We need to override the mobile SCSI port!&quot;,
+     &quot;message&quot;: &quot;If we parse the bus, we can get to the COM panel through the solid state HDD port!&quot;,
+     &quot;summary&quot;: &quot;If we parse the hard drive, we can get to the XML transmitter through the virtual UDP sensor!&quot;,
    },
    {
-     &quot;description&quot;: &quot;The EXE array is down, compress the solid state system so we can transmit the RAM feed!&quot;,
-     &quot;message&quot;: &quot;The EXE driver is down, compress the primary bus so we can copy the UTF8 bus!&quot;,
-     &quot;summary&quot;: &quot;The USB panel is down, reboot the optical interface so we can synthesize the AI card!&quot;,
+     &quot;description&quot;: &quot;You can&apos;t override the program without quantifying the auxiliary SSD pixel!&quot;,
+     &quot;message&quot;: &quot;Use the wireless SAS microchip, then you can parse the redundant matrix!&quot;,
+     &quot;summary&quot;: &quot;Use the multi-byte JSON circuit, then you can parse the redundant transmitter!&quot;,
    },
  ]

 ❯ src/test-suite-12.spec.ts:21:20
            </failure>
        </testcase>
        <testcase classname="src/test-suite-12.spec.ts" name="&apos;Balanced empowering contingency&apos; &gt; &apos;transmitting the pixel won\&apos;t do anyt…&apos;" time="0.000062458">
        </testcase>
        <testcase classname="src/test-suite-12.spec.ts" name="&apos;Balanced empowering contingency&apos; &gt; &apos;synthesizing the circuit won\&apos;t do an…&apos;" time="0.000248417">
            <failure message="expected [ { …(3) }, { …(3) }, { …(3) } ] to deeply equal [ { …(3) }, { …(3) }, { …(3) } ]" type="AssertionError">
AssertionError: expected [ { …(3) }, { …(3) }, { …(3) } ] to deeply equal [ { …(3) }, { …(3) }, { …(3) } ]

- Expected
+ Received

  [
    {
-     &quot;description&quot;: &quot;hacking the interface won&apos;t do anything, we need to navigate the back-end SDD circuit!&quot;,
-     &quot;message&quot;: &quot;Use the optical TLS driver, then you can back up the redundant program!&quot;,
-     &quot;summary&quot;: &quot;Try to hack the SSD transmitter, maybe it will program the bluetooth matrix!&quot;,
+     &quot;description&quot;: &quot;I&apos;ll transmit the bluetooth GB capacitor, that should protocol the IP port!&quot;,
+     &quot;message&quot;: &quot;You can&apos;t bypass the transmitter without parsing the redundant UDP pixel!&quot;,
+     &quot;summary&quot;: &quot;We need to back up the 1080p CSS pixel!&quot;,
    },
    {
-     &quot;description&quot;: &quot;The ADP transmitter is down, connect the bluetooth card so we can generate the CLI pixel!&quot;,
-     &quot;message&quot;: &quot;We need to index the 1080p IP firewall!&quot;,
-     &quot;summary&quot;: &quot;The GB sensor is down, index the optical panel so we can compress the SQL program!&quot;,
+     &quot;description&quot;: &quot;Use the 1080p UTF8 monitor, then you can synthesize the bluetooth system!&quot;,
+     &quot;message&quot;: &quot;If we connect the panel, we can get to the AI bus through the neural THX driver!&quot;,
+     &quot;summary&quot;: &quot;generating the program won&apos;t do anything, we need to transmit the solid state SDD monitor!&quot;,
    },
    {
-     &quot;description&quot;: &quot;If we navigate the driver, we can get to the SMS firewall through the auxiliary TLS card!&quot;,
-     &quot;message&quot;: &quot;You can&apos;t calculate the application without transmitting the multi-byte UTF8 matrix!&quot;,
-     &quot;summary&quot;: &quot;Use the open-source ADP firewall, then you can copy the virtual sensor!&quot;,
+     &quot;description&quot;: &quot;If we hack the firewall, we can get to the UTF8 circuit through the haptic JSON array!&quot;,
+     &quot;message&quot;: &quot;If we parse the microchip, we can get to the OCR protocol through the online IB driver!&quot;,
+     &quot;summary&quot;: &quot;If we input the protocol, we can get to the CLI firewall through the wireless TLS sensor!&quot;,
    },
  ]

 ❯ src/test-suite-12.spec.ts:21:20
            </failure>
        </testcase>
        <testcase classname="src/test-suite-12.spec.ts" name="&apos;Balanced empowering contingency&apos; &gt; &apos;generating the capacitor won\&apos;t do an…&apos;" time="0.000038791">
        </testcase>
        <testcase classname="src/test-suite-12.spec.ts" name="&apos;Balanced empowering contingency&apos; &gt; &apos;I\&apos;ll quantify the auxiliary HDD matr…&apos;" time="0.000216416">
            <failure message="expected [ { …(3) }, { …(3) } ] to deeply equal [ { …(3) }, { …(3) }, { …(3) } ]" type="AssertionError">
AssertionError: expected [ { …(3) }, { …(3) } ] to deeply equal [ { …(3) }, { …(3) }, { …(3) } ]

- Expected
+ Received

  [
    {
-     &quot;description&quot;: &quot;I&apos;ll transmit the solid state HTTP matrix, that should array the OCR panel!&quot;,
-     &quot;message&quot;: &quot;Try to parse the SAS array, maybe it will index the neural circuit!&quot;,
-     &quot;summary&quot;: &quot;I&apos;ll bypass the redundant ADP program, that should capacitor the IB bandwidth!&quot;,
-   },
-   {
-     &quot;description&quot;: &quot;overriding the array won&apos;t do anything, we need to navigate the open-source SCSI matrix!&quot;,
-     &quot;message&quot;: &quot;I&apos;ll back up the open-source JBOD bus, that should alarm the JBOD pixel!&quot;,
-     &quot;summary&quot;: &quot;I&apos;ll bypass the wireless THX program, that should matrix the SMTP circuit!&quot;,
+     &quot;description&quot;: &quot;You can&apos;t synthesize the card without copying the back-end PCI port!&quot;,
+     &quot;message&quot;: &quot;Try to index the USB port, maybe it will synthesize the primary sensor!&quot;,
+     &quot;summary&quot;: &quot;The HDD monitor is down, synthesize the mobile monitor so we can navigate the XML microchip!&quot;,
    },
    {
-     &quot;description&quot;: &quot;Try to input the VGA firewall, maybe it will index the bluetooth firewall!&quot;,
-     &quot;message&quot;: &quot;You can&apos;t parse the port without calculating the auxiliary RSS interface!&quot;,
-     &quot;summary&quot;: &quot;I&apos;ll index the 1080p SSL matrix, that should program the SMTP port!&quot;,
+     &quot;description&quot;: &quot;If we parse the matrix, we can get to the PCI feed through the solid state SQL bus!&quot;,
+     &quot;message&quot;: &quot;Use the optical OCR firewall, then you can back up the bluetooth transmitter!&quot;,
+     &quot;summary&quot;: &quot;compressing the alarm won&apos;t do anything, we need to transmit the open-source SMS panel!&quot;,
    },
  ]

 ❯ src/test-suite-12.spec.ts:21:20
            </failure>
        </testcase>
        <testcase classname="src/test-suite-12.spec.ts" name="&apos;Balanced empowering contingency&apos; &gt; &apos;I\&apos;ll parse the haptic AI array, that…&apos;" time="0.000047917">
        </testcase>
        <testcase classname="src/test-suite-12.spec.ts" name="&apos;Balanced empowering contingency&apos; &gt; &apos;Try to connect the OCR firewall, mayb…&apos;" time="0.000283917">
            <failure message="expected [ { …(3) }, { …(3) }, { …(3) }, …(1) ] to deeply equal [ { …(3) }, { …(3) }, { …(3) }, …(1) ]" type="AssertionError">
AssertionError: expected [ { …(3) }, { …(3) }, { …(3) }, …(1) ] to deeply equal [ { …(3) }, { …(3) }, { …(3) }, …(1) ]

- Expected
+ Received

  [
    {
-     &quot;description&quot;: &quot;If we input the pixel, we can get to the AGP firewall through the online DRAM interface!&quot;,
-     &quot;message&quot;: &quot;We need to program the auxiliary TCP program!&quot;,
-     &quot;summary&quot;: &quot;Try to hack the XML alarm, maybe it will parse the wireless panel!&quot;,
+     &quot;description&quot;: &quot;We need to synthesize the open-source RAM driver!&quot;,
+     &quot;message&quot;: &quot;You can&apos;t reboot the hard drive without hacking the optical CSS interface!&quot;,
+     &quot;summary&quot;: &quot;Try to program the JBOD program, maybe it will input the optical bandwidth!&quot;,
    },
    {
-     &quot;description&quot;: &quot;The IB port is down, connect the open-source protocol so we can navigate the IB port!&quot;,
-     &quot;message&quot;: &quot;The UTF8 bandwidth is down, synthesize the wireless bandwidth so we can navigate the DRAM system!&quot;,
-     &quot;summary&quot;: &quot;We need to generate the cross-platform PCI capacitor!&quot;,
+     &quot;description&quot;: &quot;If we input the pixel, we can get to the PCI card through the open-source EXE circuit!&quot;,
+     &quot;message&quot;: &quot;I&apos;ll copy the 1080p THX array, that should interface the API bandwidth!&quot;,
+     &quot;summary&quot;: &quot;Try to reboot the RAM sensor, maybe it will quantify the back-end alarm!&quot;,
    },
    {
-     &quot;description&quot;: &quot;I&apos;ll input the online SSD firewall, that should panel the DNS card!&quot;,
-     &quot;message&quot;: &quot;bypassing the array won&apos;t do anything, we need to calculate the wireless TCP port!&quot;,
-     &quot;summary&quot;: &quot;Use the multi-byte FTP sensor, then you can program the bluetooth matrix!&quot;,
+     &quot;description&quot;: &quot;You can&apos;t index the bandwidth without parsing the bluetooth RAM panel!&quot;,
+     &quot;message&quot;: &quot;Use the bluetooth ADP pixel, then you can override the multi-byte panel!&quot;,
+     &quot;summary&quot;: &quot;parsing the bus won&apos;t do anything, we need to back up the digital GB application!&quot;,
    },
    {
-     &quot;description&quot;: &quot;Use the optical SQL hard drive, then you can calculate the back-end alarm!&quot;,
-     &quot;message&quot;: &quot;We need to input the cross-platform AI interface!&quot;,
-     &quot;summary&quot;: &quot;navigating the system won&apos;t do anything, we need to connect the solid state API port!&quot;,
+     &quot;description&quot;: &quot;Use the auxiliary TLS protocol, then you can hack the redundant bus!&quot;,
+     &quot;message&quot;: &quot;Use the cross-platform ADP circuit, then you can calculate the haptic system!&quot;,
+     &quot;summary&quot;: &quot;I&apos;ll back up the multi-byte SAS sensor, that should protocol the API firewall!&quot;,
    },
  ]

 ❯ src/test-suite-12.spec.ts:21:20
            </failure>
        </testcase>
        <testcase classname="src/test-suite-12.spec.ts" name="&apos;Balanced empowering contingency&apos; &gt; &apos;The HEX interface is down, hack the o…&apos;" time="0.000056917">
        </testcase>
        <testcase classname="src/test-suite-12.spec.ts" name="&apos;Balanced empowering contingency&apos; &gt; &apos;You can\&apos;t input the array without ge…&apos;" time="0.00021075">
            <failure message="expected [ { …(3) }, { …(3) } ] to deeply equal [ { …(3) }, { …(3) }, { …(3) } ]" type="AssertionError">
AssertionError: expected [ { …(3) }, { …(3) } ] to deeply equal [ { …(3) }, { …(3) }, { …(3) } ]

- Expected
+ Received

  [
    {
-     &quot;description&quot;: &quot;If we generate the driver, we can get to the SCSI card through the solid state SCSI monitor!&quot;,
-     &quot;message&quot;: &quot;You can&apos;t reboot the array without calculating the multi-byte JSON program!&quot;,
-     &quot;summary&quot;: &quot;quantifying the driver won&apos;t do anything, we need to reboot the virtual TLS array!&quot;,
-   },
-   {
-     &quot;description&quot;: &quot;We need to compress the redundant HDD bandwidth!&quot;,
-     &quot;message&quot;: &quot;The JSON hard drive is down, connect the optical alarm so we can synthesize the SDD card!&quot;,
-     &quot;summary&quot;: &quot;Use the primary HDD driver, then you can transmit the redundant firewall!&quot;,
+     &quot;description&quot;: &quot;If we synthesize the port, we can get to the VGA protocol through the online UTF8 interface!&quot;,
+     &quot;message&quot;: &quot;The RAM protocol is down, back up the virtual card so we can transmit the HEX matrix!&quot;,
+     &quot;summary&quot;: &quot;Try to back up the API monitor, maybe it will connect the optical pixel!&quot;,
    },
    {
-     &quot;description&quot;: &quot;If we reboot the port, we can get to the TCP capacitor through the neural AI program!&quot;,
-     &quot;message&quot;: &quot;The SDD bandwidth is down, quantify the mobile pixel so we can back up the TCP system!&quot;,
-     &quot;summary&quot;: &quot;calculating the bandwidth won&apos;t do anything, we need to parse the digital GB circuit!&quot;,
+     &quot;description&quot;: &quot;If we calculate the capacitor, we can get to the RAM card through the cross-platform SSL feed!&quot;,
+     &quot;message&quot;: &quot;You can&apos;t quantify the firewall without quantifying the cross-platform GB hard drive!&quot;,
+     &quot;summary&quot;: &quot;You can&apos;t parse the interface without connecting the cross-platform HDD system!&quot;,
    },
  ]

 ❯ src/test-suite-12.spec.ts:21:20
            </failure>
        </testcase>
        <testcase classname="src/test-suite-12.spec.ts" name="&apos;Balanced empowering contingency&apos; &gt; &apos;Use the redundant SSL system, then yo…&apos;" time="0.000056792">
        </testcase>
        <testcase classname="src/test-suite-12.spec.ts" name="&apos;Balanced empowering contingency&apos; &gt; &apos;Use the multi-byte HDD monitor, then …&apos;" time="0.000249">
            <failure message="expected [ { …(3) }, { …(3) } ] to deeply equal [ { …(3) }, { …(3) }, { …(3) }, …(2) ]" type="AssertionError">
AssertionError: expected [ { …(3) }, { …(3) } ] to deeply equal [ { …(3) }, { …(3) }, { …(3) }, …(2) ]

- Expected
+ Received

  [
    {
-     &quot;description&quot;: &quot;We need to program the mobile TLS sensor!&quot;,
-     &quot;message&quot;: &quot;If we compress the alarm, we can get to the IB application through the digital HDD application!&quot;,
-     &quot;summary&quot;: &quot;The SMS circuit is down, back up the online port so we can input the SAS bus!&quot;,
-   },
-   {
-     &quot;description&quot;: &quot;We need to generate the primary FTP panel!&quot;,
-     &quot;message&quot;: &quot;I&apos;ll generate the 1080p IB monitor, that should panel the SCSI firewall!&quot;,
-     &quot;summary&quot;: &quot;You can&apos;t index the firewall without copying the cross-platform SCSI pixel!&quot;,
-   },
-   {
-     &quot;description&quot;: &quot;Try to bypass the SDD bus, maybe it will quantify the back-end sensor!&quot;,
-     &quot;message&quot;: &quot;You can&apos;t bypass the protocol without quantifying the redundant HDD interface!&quot;,
-     &quot;summary&quot;: &quot;The JBOD circuit is down, override the multi-byte system so we can quantify the ADP sensor!&quot;,
-   },
-   {
-     &quot;description&quot;: &quot;The RAM system is down, input the optical pixel so we can synthesize the COM array!&quot;,
-     &quot;message&quot;: &quot;The HTTP capacitor is down, input the 1080p array so we can override the UTF8 card!&quot;,
-     &quot;summary&quot;: &quot;I&apos;ll input the auxiliary EXE panel, that should transmitter the SCSI microchip!&quot;,
+     &quot;description&quot;: &quot;Try to copy the ADP program, maybe it will program the back-end driver!&quot;,
+     &quot;message&quot;: &quot;You can&apos;t transmit the bus without programming the bluetooth PNG application!&quot;,
+     &quot;summary&quot;: &quot;Try to compress the OCR transmitter, maybe it will hack the primary protocol!&quot;,
    },
    {
-     &quot;description&quot;: &quot;I&apos;ll connect the solid state ASCII port, that should matrix the JBOD system!&quot;,
-     &quot;message&quot;: &quot;You can&apos;t parse the protocol without backing up the neural TLS interface!&quot;,
-     &quot;summary&quot;: &quot;You can&apos;t back up the hard drive without backing up the optical SDD matrix!&quot;,
+     &quot;description&quot;: &quot;The IP panel is down, connect the haptic monitor so we can index the TCP array!&quot;,
+     &quot;message&quot;: &quot;Use the primary HTTP program, then you can input the open-source system!&quot;,
+     &quot;summary&quot;: &quot;Use the virtual XSS monitor, then you can override the mobile port!&quot;,
    },
  ]

 ❯ src/test-suite-12.spec.ts:21:20
            </failure>
        </testcase>
        <testcase classname="src/test-suite-12.spec.ts" name="&apos;Balanced empowering contingency&apos; &gt; &apos;indexing the protocol won\&apos;t do anyth…&apos;" time="0.000037">
        </testcase>
        <testcase classname="src/test-suite-12.spec.ts" name="&apos;Balanced empowering contingency&apos; &gt; &apos;You can\&apos;t copy the system without in…&apos;" time="0.000247084">
            <failure message="expected [ { …(3) }, { …(3) } ] to deeply equal [ { …(3) }, { …(3) }, { …(3) }, …(2) ]" type="AssertionError">
AssertionError: expected [ { …(3) }, { …(3) } ] to deeply equal [ { …(3) }, { …(3) }, { …(3) }, …(2) ]

- Expected
+ Received

  [
    {
-     &quot;description&quot;: &quot;Try to reboot the FTP monitor, maybe it will input the mobile driver!&quot;,
-     &quot;message&quot;: &quot;You can&apos;t back up the microchip without bypassing the open-source SAS application!&quot;,
-     &quot;summary&quot;: &quot;Try to program the SSD feed, maybe it will parse the 1080p feed!&quot;,
-   },
-   {
-     &quot;description&quot;: &quot;Try to parse the ASCII port, maybe it will input the auxiliary firewall!&quot;,
-     &quot;message&quot;: &quot;Use the neural SQL capacitor, then you can synthesize the solid state system!&quot;,
-     &quot;summary&quot;: &quot;The PCI card is down, input the mobile card so we can back up the RAM bandwidth!&quot;,
-   },
-   {
-     &quot;description&quot;: &quot;Use the online FTP array, then you can transmit the open-source bandwidth!&quot;,
-     &quot;message&quot;: &quot;If we calculate the bandwidth, we can get to the SMTP alarm through the online AGP panel!&quot;,
-     &quot;summary&quot;: &quot;If we back up the driver, we can get to the SDD array through the 1080p AI port!&quot;,
-   },
-   {
-     &quot;description&quot;: &quot;I&apos;ll connect the online AI matrix, that should port the PNG hard drive!&quot;,
-     &quot;message&quot;: &quot;Use the digital API card, then you can index the optical feed!&quot;,
-     &quot;summary&quot;: &quot;The JBOD pixel is down, bypass the mobile card so we can calculate the DRAM feed!&quot;,
+     &quot;description&quot;: &quot;We need to calculate the wireless XML hard drive!&quot;,
+     &quot;message&quot;: &quot;I&apos;ll input the back-end SDD program, that should interface the VGA bandwidth!&quot;,
+     &quot;summary&quot;: &quot;generating the interface won&apos;t do anything, we need to synthesize the wireless IB port!&quot;,
    },
    {
-     &quot;description&quot;: &quot;You can&apos;t input the bus without navigating the wireless VGA protocol!&quot;,
-     &quot;message&quot;: &quot;synthesizing the panel won&apos;t do anything, we need to connect the cross-platform CSS protocol!&quot;,
-     &quot;summary&quot;: &quot;synthesizing the feed won&apos;t do anything, we need to quantify the mobile OCR firewall!&quot;,
+     &quot;description&quot;: &quot;I&apos;ll bypass the bluetooth PCI firewall, that should alarm the TLS bus!&quot;,
+     &quot;message&quot;: &quot;The UTF8 card is down, parse the digital microchip so we can generate the OCR alarm!&quot;,
+     &quot;summary&quot;: &quot;You can&apos;t input the sensor without hacking the virtual CSS firewall!&quot;,
    },
  ]

 ❯ src/test-suite-12.spec.ts:21:20
            </failure>
        </testcase>
        <testcase classname="src/test-suite-12.spec.ts" name="&apos;Balanced empowering contingency&apos; &gt; &apos;I\&apos;ll compress the cross-platform FTP…&apos;" time="0.000035125">
        </testcase>
        <testcase classname="src/test-suite-12.spec.ts" name="&apos;Balanced empowering contingency&apos; &gt; &apos;Try to input the SDD feed, maybe it w…&apos;" time="0.000228042">
            <failure message="expected [ { …(3) }, { …(3) } ] to deeply equal [ { …(3) }, { …(3) }, { …(3) }, …(1) ]" type="AssertionError">
AssertionError: expected [ { …(3) }, { …(3) } ] to deeply equal [ { …(3) }, { …(3) }, { …(3) }, …(1) ]

- Expected
+ Received

  [
    {
-     &quot;description&quot;: &quot;You can&apos;t connect the panel without overriding the auxiliary HEX system!&quot;,
-     &quot;message&quot;: &quot;We need to override the haptic USB bus!&quot;,
-     &quot;summary&quot;: &quot;Use the bluetooth HEX bandwidth, then you can index the wireless circuit!&quot;,
+     &quot;description&quot;: &quot;You can&apos;t generate the capacitor without compressing the multi-byte ADP application!&quot;,
+     &quot;message&quot;: &quot;Use the primary PCI feed, then you can synthesize the auxiliary protocol!&quot;,
+     &quot;summary&quot;: &quot;Use the open-source RSS program, then you can back up the solid state interface!&quot;,
    },
    {
-     &quot;description&quot;: &quot;If we hack the card, we can get to the API pixel through the virtual RAM firewall!&quot;,
-     &quot;message&quot;: &quot;We need to navigate the back-end SSD protocol!&quot;,
-     &quot;summary&quot;: &quot;The OCR array is down, connect the bluetooth capacitor so we can generate the SMTP hard drive!&quot;,
-   },
-   {
-     &quot;description&quot;: &quot;Try to synthesize the UDP bandwidth, maybe it will synthesize the cross-platform card!&quot;,
-     &quot;message&quot;: &quot;We need to back up the redundant VGA feed!&quot;,
-     &quot;summary&quot;: &quot;You can&apos;t reboot the microchip without transmitting the cross-platform ASCII panel!&quot;,
-   },
-   {
-     &quot;description&quot;: &quot;I&apos;ll parse the online JSON application, that should alarm the GB hard drive!&quot;,
-     &quot;message&quot;: &quot;Use the open-source AI firewall, then you can quantify the mobile application!&quot;,
-     &quot;summary&quot;: &quot;If we synthesize the panel, we can get to the PCI system through the primary CLI transmitter!&quot;,
+     &quot;description&quot;: &quot;You can&apos;t connect the application without programming the open-source RAM transmitter!&quot;,
+     &quot;message&quot;: &quot;I&apos;ll transmit the mobile USB system, that should bandwidth the SDD system!&quot;,
+     &quot;summary&quot;: &quot;The CLI firewall is down, compress the digital panel so we can transmit the SMTP card!&quot;,
    },
  ]

 ❯ src/test-suite-12.spec.ts:21:20
            </failure>
        </testcase>
        <testcase classname="src/test-suite-12.spec.ts" name="&apos;Balanced empowering contingency&apos; &gt; &apos;You can\&apos;t quantify the bus without c…&apos;" time="0.000056209">
        </testcase>
        <testcase classname="src/test-suite-12.spec.ts" name="&apos;Balanced empowering contingency&apos; &gt; &apos;We need to program the virtual SMTP p…&apos;" time="0.000267584">
            <failure message="expected [ { …(3) }, { …(3) }, { …(3) }, …(2) ] to deeply equal [ { …(3) }, { …(3) }, { …(3) } ]" type="AssertionError">
AssertionError: expected [ { …(3) }, { …(3) }, { …(3) }, …(2) ] to deeply equal [ { …(3) }, { …(3) }, { …(3) } ]

- Expected
+ Received

  [
    {
-     &quot;description&quot;: &quot;Use the auxiliary RSS alarm, then you can transmit the mobile bandwidth!&quot;,
-     &quot;message&quot;: &quot;I&apos;ll synthesize the 1080p DRAM application, that should card the JSON application!&quot;,
-     &quot;summary&quot;: &quot;Use the multi-byte SSL sensor, then you can reboot the digital card!&quot;,
+     &quot;description&quot;: &quot;If we index the monitor, we can get to the TLS transmitter through the haptic ADP matrix!&quot;,
+     &quot;message&quot;: &quot;Use the solid state UDP protocol, then you can compress the 1080p feed!&quot;,
+     &quot;summary&quot;: &quot;You can&apos;t index the card without generating the digital SSL card!&quot;,
    },
    {
-     &quot;description&quot;: &quot;The JSON panel is down, bypass the wireless feed so we can index the ADP transmitter!&quot;,
-     &quot;message&quot;: &quot;transmitting the sensor won&apos;t do anything, we need to hack the wireless TCP card!&quot;,
-     &quot;summary&quot;: &quot;Use the auxiliary ADP feed, then you can navigate the back-end transmitter!&quot;,
+     &quot;description&quot;: &quot;If we transmit the pixel, we can get to the RAM pixel through the back-end JBOD bandwidth!&quot;,
+     &quot;message&quot;: &quot;I&apos;ll back up the virtual API application, that should program the SSL card!&quot;,
+     &quot;summary&quot;: &quot;calculating the system won&apos;t do anything, we need to synthesize the virtual USB firewall!&quot;,
    },
    {
-     &quot;description&quot;: &quot;If we index the alarm, we can get to the TLS hard drive through the open-source USB matrix!&quot;,
-     &quot;message&quot;: &quot;We need to parse the auxiliary COM panel!&quot;,
-     &quot;summary&quot;: &quot;You can&apos;t bypass the program without connecting the primary HTTP pixel!&quot;,
+     &quot;description&quot;: &quot;We need to parse the virtual UTF8 card!&quot;,
+     &quot;message&quot;: &quot;Use the optical COM firewall, then you can navigate the primary matrix!&quot;,
+     &quot;summary&quot;: &quot;The UDP sensor is down, navigate the 1080p driver so we can input the PCI program!&quot;,
+   },
+   {
+     &quot;description&quot;: &quot;The EXE interface is down, program the cross-platform firewall so we can input the CSS matrix!&quot;,
+     &quot;message&quot;: &quot;You can&apos;t generate the system without programming the primary XSS sensor!&quot;,
+     &quot;summary&quot;: &quot;Use the auxiliary FTP array, then you can index the auxiliary panel!&quot;,
+   },
+   {
+     &quot;description&quot;: &quot;Try to generate the PNG protocol, maybe it will generate the neural protocol!&quot;,
+     &quot;message&quot;: &quot;If we navigate the hard drive, we can get to the UDP monitor through the auxiliary JBOD transmitter!&quot;,
+     &quot;summary&quot;: &quot;I&apos;ll generate the neural COM program, that should bus the AI firewall!&quot;,
    },
  ]

 ❯ src/test-suite-12.spec.ts:21:20
            </failure>
        </testcase>
        <testcase classname="src/test-suite-12.spec.ts" name="&apos;Balanced empowering contingency&apos; &gt; &apos;If we program the firewall, we can ge…&apos;" time="0.000046958">
        </testcase>
        <testcase classname="src/test-suite-12.spec.ts" name="&apos;Balanced empowering contingency&apos; &gt; &apos;We need to navigate the back-end IP c…&apos;" time="0.000291792">
            <failure message="expected [ { …(3) }, { …(3) }, { …(3) }, …(2) ] to deeply equal [ { …(3) }, { …(3) }, { …(3) }, …(1) ]" type="AssertionError">
AssertionError: expected [ { …(3) }, { …(3) }, { …(3) }, …(2) ] to deeply equal [ { …(3) }, { …(3) }, { …(3) }, …(1) ]

- Expected
+ Received

  [
    {
-     &quot;description&quot;: &quot;connecting the bandwidth won&apos;t do anything, we need to parse the cross-platform SAS transmitter!&quot;,
-     &quot;message&quot;: &quot;Try to copy the SSL feed, maybe it will parse the solid state hard drive!&quot;,
-     &quot;summary&quot;: &quot;We need to quantify the multi-byte VGA circuit!&quot;,
+     &quot;description&quot;: &quot;Try to transmit the SAS monitor, maybe it will copy the neural hard drive!&quot;,
+     &quot;message&quot;: &quot;I&apos;ll compress the multi-byte API protocol, that should circuit the UDP pixel!&quot;,
+     &quot;summary&quot;: &quot;Use the auxiliary HDD monitor, then you can navigate the cross-platform application!&quot;,
    },
    {
-     &quot;description&quot;: &quot;We need to bypass the multi-byte ASCII monitor!&quot;,
-     &quot;message&quot;: &quot;You can&apos;t input the alarm without navigating the virtual TLS interface!&quot;,
-     &quot;summary&quot;: &quot;We need to back up the wireless ASCII matrix!&quot;,
+     &quot;description&quot;: &quot;I&apos;ll compress the digital ADP array, that should pixel the VGA protocol!&quot;,
+     &quot;message&quot;: &quot;If we transmit the interface, we can get to the USB monitor through the wireless IP monitor!&quot;,
+     &quot;summary&quot;: &quot;Use the 1080p HTTP capacitor, then you can back up the redundant protocol!&quot;,
+   },
+   {
+     &quot;description&quot;: &quot;I&apos;ll calculate the back-end ASCII hard drive, that should system the XSS bandwidth!&quot;,
+     &quot;message&quot;: &quot;You can&apos;t reboot the bus without synthesizing the virtual AGP interface!&quot;,
+     &quot;summary&quot;: &quot;Use the haptic IB application, then you can generate the solid state driver!&quot;,
    },
    {
-     &quot;description&quot;: &quot;overriding the panel won&apos;t do anything, we need to input the primary HDD driver!&quot;,
-     &quot;message&quot;: &quot;You can&apos;t hack the bandwidth without connecting the back-end API hard drive!&quot;,
-     &quot;summary&quot;: &quot;navigating the capacitor won&apos;t do anything, we need to generate the optical XSS firewall!&quot;,
+     &quot;description&quot;: &quot;We need to input the back-end RSS card!&quot;,
+     &quot;message&quot;: &quot;We need to index the back-end API system!&quot;,
+     &quot;summary&quot;: &quot;You can&apos;t synthesize the hard drive without parsing the back-end AGP pixel!&quot;,
    },
    {
-     &quot;description&quot;: &quot;I&apos;ll navigate the solid state UDP microchip, that should bandwidth the CSS interface!&quot;,
-     &quot;message&quot;: &quot;Use the cross-platform SSD array, then you can synthesize the auxiliary system!&quot;,
-     &quot;summary&quot;: &quot;I&apos;ll calculate the digital GB interface, that should capacitor the IP microchip!&quot;,
+     &quot;description&quot;: &quot;connecting the array won&apos;t do anything, we need to navigate the redundant FTP transmitter!&quot;,
+     &quot;message&quot;: &quot;We need to compress the virtual SSD port!&quot;,
+     &quot;summary&quot;: &quot;We need to calculate the back-end GB driver!&quot;,
    },
  ]

 ❯ src/test-suite-12.spec.ts:21:20
            </failure>
        </testcase>
        <testcase classname="src/test-suite-12.spec.ts" name="&apos;Balanced empowering contingency&apos; &gt; &apos;If we calculate the panel, we can get…&apos;" time="0.000046834">
        </testcase>
        <testcase classname="src/test-suite-12.spec.ts" name="&apos;Balanced empowering contingency&apos; &gt; &apos;We need to bypass the redundant SCSI …&apos;" time="0.000246042">
            <failure message="expected [ { …(3) }, { …(3) }, { …(3) }, …(1) ] to deeply equal [ { …(3) }, { …(3) }, { …(3) } ]" type="AssertionError">
AssertionError: expected [ { …(3) }, { …(3) }, { …(3) }, …(1) ] to deeply equal [ { …(3) }, { …(3) }, { …(3) } ]

- Expected
+ Received

  [
    {
-     &quot;description&quot;: &quot;If we compress the interface, we can get to the EXE system through the bluetooth IP application!&quot;,
-     &quot;message&quot;: &quot;If we back up the capacitor, we can get to the SSL protocol through the digital USB transmitter!&quot;,
-     &quot;summary&quot;: &quot;I&apos;ll index the wireless SCSI sensor, that should hard drive the ADP feed!&quot;,
+     &quot;description&quot;: &quot;Use the optical UDP transmitter, then you can quantify the solid state alarm!&quot;,
+     &quot;message&quot;: &quot;The PCI array is down, index the digital driver so we can program the EXE interface!&quot;,
+     &quot;summary&quot;: &quot;If we program the application, we can get to the SAS microchip through the 1080p SQL system!&quot;,
+   },
+   {
+     &quot;description&quot;: &quot;We need to generate the virtual DNS monitor!&quot;,
+     &quot;message&quot;: &quot;If we back up the pixel, we can get to the HEX driver through the bluetooth DNS microchip!&quot;,
+     &quot;summary&quot;: &quot;We need to bypass the digital GB sensor!&quot;,
    },
    {
-     &quot;description&quot;: &quot;Try to calculate the SAS monitor, maybe it will index the 1080p protocol!&quot;,
-     &quot;message&quot;: &quot;Try to hack the JSON monitor, maybe it will index the back-end bandwidth!&quot;,
-     &quot;summary&quot;: &quot;We need to back up the optical TCP alarm!&quot;,
+     &quot;description&quot;: &quot;Use the auxiliary CLI program, then you can parse the auxiliary matrix!&quot;,
+     &quot;message&quot;: &quot;Try to input the DNS program, maybe it will input the primary capacitor!&quot;,
+     &quot;summary&quot;: &quot;We need to reboot the neural SMS card!&quot;,
    },
    {
-     &quot;description&quot;: &quot;connecting the card won&apos;t do anything, we need to bypass the primary AGP bus!&quot;,
-     &quot;message&quot;: &quot;I&apos;ll index the primary RAM driver, that should bandwidth the PCI bus!&quot;,
-     &quot;summary&quot;: &quot;Use the haptic JBOD capacitor, then you can synthesize the digital microchip!&quot;,
+     &quot;description&quot;: &quot;You can&apos;t connect the port without compressing the cross-platform DNS pixel!&quot;,
+     &quot;message&quot;: &quot;Use the digital SSD bandwidth, then you can hack the digital firewall!&quot;,
+     &quot;summary&quot;: &quot;transmitting the panel won&apos;t do anything, we need to quantify the redundant OCR port!&quot;,
    },
  ]

 ❯ src/test-suite-12.spec.ts:21:20
            </failure>
        </testcase>
        <testcase classname="src/test-suite-12.spec.ts" name="&apos;Balanced empowering contingency&apos; &gt; &apos;The HDD application is down, transmit…&apos;" time="0.000047375">
        </testcase>
        <testcase classname="src/test-suite-12.spec.ts" name="&apos;Balanced empowering contingency&apos; &gt; &apos;If we synthesize the card, we can get…&apos;" time="0.00023025">
            <failure message="expected [ { …(3) }, { …(3) } ] to deeply equal [ { …(3) }, { …(3) }, { …(3) }, …(1) ]" type="AssertionError">
AssertionError: expected [ { …(3) }, { …(3) } ] to deeply equal [ { …(3) }, { …(3) }, { …(3) }, …(1) ]

- Expected
+ Received

  [
    {
-     &quot;description&quot;: &quot;If we back up the array, we can get to the SSL circuit through the redundant SDD firewall!&quot;,
-     &quot;message&quot;: &quot;The SDD transmitter is down, parse the neural feed so we can navigate the SQL alarm!&quot;,
-     &quot;summary&quot;: &quot;parsing the monitor won&apos;t do anything, we need to parse the bluetooth DRAM program!&quot;,
+     &quot;description&quot;: &quot;We need to transmit the cross-platform GB firewall!&quot;,
+     &quot;message&quot;: &quot;The SMS system is down, transmit the solid state matrix so we can calculate the UDP protocol!&quot;,
+     &quot;summary&quot;: &quot;Try to connect the TCP monitor, maybe it will index the wireless panel!&quot;,
    },
    {
-     &quot;description&quot;: &quot;Try to program the OCR sensor, maybe it will bypass the neural capacitor!&quot;,
-     &quot;message&quot;: &quot;We need to program the cross-platform COM pixel!&quot;,
-     &quot;summary&quot;: &quot;The DRAM port is down, navigate the open-source transmitter so we can compress the TCP system!&quot;,
-   },
-   {
-     &quot;description&quot;: &quot;We need to reboot the optical HTTP panel!&quot;,
-     &quot;message&quot;: &quot;The SSL program is down, override the back-end panel so we can reboot the FTP protocol!&quot;,
-     &quot;summary&quot;: &quot;If we copy the circuit, we can get to the API firewall through the primary CLI bandwidth!&quot;,
-   },
-   {
-     &quot;description&quot;: &quot;Use the back-end FTP array, then you can connect the mobile protocol!&quot;,
-     &quot;message&quot;: &quot;You can&apos;t transmit the sensor without calculating the primary TLS firewall!&quot;,
-     &quot;summary&quot;: &quot;The RAM feed is down, synthesize the neural hard drive so we can bypass the RSS circuit!&quot;,
+     &quot;description&quot;: &quot;The IP system is down, input the open-source microchip so we can parse the TCP application!&quot;,
+     &quot;message&quot;: &quot;programming the feed won&apos;t do anything, we need to program the wireless UDP application!&quot;,
+     &quot;summary&quot;: &quot;compressing the interface won&apos;t do anything, we need to bypass the multi-byte SCSI firewall!&quot;,
    },
  ]

 ❯ src/test-suite-12.spec.ts:21:20
            </failure>
        </testcase>
        <testcase classname="src/test-suite-12.spec.ts" name="&apos;Balanced empowering contingency&apos; &gt; &apos;You can\&apos;t quantify the program witho…&apos;" time="0.000051167">
        </testcase>
        <testcase classname="src/test-suite-12.spec.ts" name="&apos;Balanced empowering contingency&apos; &gt; &apos;navigating the system won\&apos;t do anyth…&apos;" time="0.000311459">
            <failure message="expected [ { …(3) }, { …(3) }, { …(3) } ] to deeply equal [ { …(3) }, { …(3) }, { …(3) }, …(2) ]" type="AssertionError">
AssertionError: expected [ { …(3) }, { …(3) }, { …(3) } ] to deeply equal [ { …(3) }, { …(3) }, { …(3) }, …(2) ]

- Expected
+ Received

  [
    {
-     &quot;description&quot;: &quot;You can&apos;t override the transmitter without programming the auxiliary ASCII monitor!&quot;,
-     &quot;message&quot;: &quot;If we connect the firewall, we can get to the XSS capacitor through the haptic AI sensor!&quot;,
-     &quot;summary&quot;: &quot;Try to hack the SMTP circuit, maybe it will synthesize the digital matrix!&quot;,
+     &quot;description&quot;: &quot;Use the solid state XSS protocol, then you can parse the solid state driver!&quot;,
+     &quot;message&quot;: &quot;If we parse the interface, we can get to the API pixel through the multi-byte SSD array!&quot;,
+     &quot;summary&quot;: &quot;If we override the matrix, we can get to the SMTP monitor through the auxiliary DRAM circuit!&quot;,
    },
    {
-     &quot;description&quot;: &quot;We need to hack the haptic API firewall!&quot;,
-     &quot;message&quot;: &quot;The API application is down, input the multi-byte circuit so we can program the SDD interface!&quot;,
-     &quot;summary&quot;: &quot;I&apos;ll transmit the redundant PCI hard drive, that should program the HDD sensor!&quot;,
+     &quot;description&quot;: &quot;Try to quantify the AGP panel, maybe it will transmit the solid state bandwidth!&quot;,
+     &quot;message&quot;: &quot;Use the mobile SDD interface, then you can compress the digital bandwidth!&quot;,
+     &quot;summary&quot;: &quot;Use the online IP feed, then you can parse the mobile hard drive!&quot;,
    },
    {
-     &quot;description&quot;: &quot;Try to bypass the RSS protocol, maybe it will connect the wireless driver!&quot;,
-     &quot;message&quot;: &quot;The SMTP panel is down, copy the 1080p panel so we can quantify the JSON system!&quot;,
-     &quot;summary&quot;: &quot;I&apos;ll compress the open-source GB array, that should application the IP array!&quot;,
-   },
-   {
-     &quot;description&quot;: &quot;You can&apos;t parse the matrix without calculating the optical TLS port!&quot;,
-     &quot;message&quot;: &quot;Try to copy the UTF8 panel, maybe it will index the haptic transmitter!&quot;,
-     &quot;summary&quot;: &quot;We need to navigate the auxiliary SQL pixel!&quot;,
-   },
-   {
-     &quot;description&quot;: &quot;Use the online AGP transmitter, then you can calculate the primary system!&quot;,
-     &quot;message&quot;: &quot;You can&apos;t calculate the microchip without navigating the redundant COM pixel!&quot;,
-     &quot;summary&quot;: &quot;Use the primary SSL program, then you can navigate the open-source protocol!&quot;,
+     &quot;description&quot;: &quot;Try to connect the SCSI firewall, maybe it will copy the optical transmitter!&quot;,
+     &quot;message&quot;: &quot;generating the bandwidth won&apos;t do anything, we need to program the online ADP driver!&quot;,
+     &quot;summary&quot;: &quot;Use the virtual FTP monitor, then you can connect the neural panel!&quot;,
    },
  ]

 ❯ src/test-suite-12.spec.ts:21:20
            </failure>
        </testcase>
        <testcase classname="src/test-suite-12.spec.ts" name="&apos;Balanced empowering contingency&apos; &gt; &apos;If we index the matrix, we can get to…&apos;" time="0.000077084">
        </testcase>
        <testcase classname="src/test-suite-12.spec.ts" name="&apos;Balanced empowering contingency&apos; &gt; &apos;You can\&apos;t calculate the capacitor wi…&apos;" time="0.000307459">
            <failure message="expected [ { …(3) }, { …(3) }, { …(3) }, …(1) ] to deeply equal [ { …(3) }, { …(3) }, { …(3) }, …(2) ]" type="AssertionError">
AssertionError: expected [ { …(3) }, { …(3) }, { …(3) }, …(1) ] to deeply equal [ { …(3) }, { …(3) }, { …(3) }, …(2) ]

- Expected
+ Received

  [
    {
-     &quot;description&quot;: &quot;If we back up the array, we can get to the HTTP array through the digital JBOD protocol!&quot;,
-     &quot;message&quot;: &quot;If we connect the protocol, we can get to the DRAM transmitter through the cross-platform RAM capacitor!&quot;,
-     &quot;summary&quot;: &quot;The AI capacitor is down, transmit the online firewall so we can index the EXE monitor!&quot;,
+     &quot;description&quot;: &quot;We need to synthesize the mobile XML sensor!&quot;,
+     &quot;message&quot;: &quot;Use the open-source OCR capacitor, then you can parse the bluetooth hard drive!&quot;,
+     &quot;summary&quot;: &quot;If we input the matrix, we can get to the ASCII interface through the wireless TCP microchip!&quot;,
    },
    {
-     &quot;description&quot;: &quot;The IP microchip is down, quantify the online monitor so we can override the OCR array!&quot;,
-     &quot;message&quot;: &quot;If we copy the card, we can get to the API port through the redundant SDD transmitter!&quot;,
-     &quot;summary&quot;: &quot;You can&apos;t input the capacitor without quantifying the primary JSON application!&quot;,
-   },
-   {
-     &quot;description&quot;: &quot;The DRAM alarm is down, calculate the redundant system so we can input the IB interface!&quot;,
-     &quot;message&quot;: &quot;You can&apos;t copy the card without hacking the virtual DRAM panel!&quot;,
-     &quot;summary&quot;: &quot;Use the mobile JBOD protocol, then you can transmit the virtual microchip!&quot;,
+     &quot;description&quot;: &quot;hacking the microchip won&apos;t do anything, we need to compress the solid state UTF8 interface!&quot;,
+     &quot;message&quot;: &quot;Try to input the SMS program, maybe it will back up the wireless hard drive!&quot;,
+     &quot;summary&quot;: &quot;If we copy the port, we can get to the SQL matrix through the open-source RAM circuit!&quot;,
    },
    {
-     &quot;description&quot;: &quot;We need to connect the mobile HEX system!&quot;,
-     &quot;message&quot;: &quot;The HTTP sensor is down, connect the multi-byte matrix so we can hack the RAM circuit!&quot;,
-     &quot;summary&quot;: &quot;The SSD transmitter is down, navigate the virtual driver so we can program the GB capacitor!&quot;,
+     &quot;description&quot;: &quot;I&apos;ll transmit the auxiliary XSS monitor, that should feed the AI bandwidth!&quot;,
+     &quot;message&quot;: &quot;If we index the application, we can get to the UTF8 card through the back-end TCP driver!&quot;,
+     &quot;summary&quot;: &quot;Try to parse the SSL array, maybe it will transmit the optical monitor!&quot;,
    },
    {
-     &quot;description&quot;: &quot;I&apos;ll navigate the primary HEX driver, that should transmitter the CLI interface!&quot;,
-     &quot;message&quot;: &quot;navigating the circuit won&apos;t do anything, we need to quantify the neural DRAM matrix!&quot;,
-     &quot;summary&quot;: &quot;Use the mobile RSS interface, then you can compress the redundant matrix!&quot;,
+     &quot;description&quot;: &quot;We need to program the optical CSS transmitter!&quot;,
+     &quot;message&quot;: &quot;The SMTP matrix is down, navigate the wireless transmitter so we can compress the DRAM circuit!&quot;,
+     &quot;summary&quot;: &quot;The RSS transmitter is down, navigate the haptic program so we can reboot the USB capacitor!&quot;,
    },
  ]

 ❯ src/test-suite-12.spec.ts:21:20
            </failure>
        </testcase>
        <testcase classname="src/test-suite-12.spec.ts" name="&apos;Balanced empowering contingency&apos; &gt; &apos;You can\&apos;t reboot the system without …&apos;" time="0.000044208">
        </testcase>
        <testcase classname="src/test-suite-12.spec.ts" name="&apos;Balanced empowering contingency&apos; &gt; &apos;Use the virtual JBOD bus, then you ca…&apos;" time="0.000265667">
            <failure message="expected [ { …(3) }, { …(3) }, { …(3) } ] to deeply equal [ { …(3) }, { …(3) }, { …(3) }, …(2) ]" type="AssertionError">
AssertionError: expected [ { …(3) }, { …(3) }, { …(3) } ] to deeply equal [ { …(3) }, { …(3) }, { …(3) }, …(2) ]

- Expected
+ Received

  [
    {
-     &quot;description&quot;: &quot;I&apos;ll synthesize the solid state HEX alarm, that should bus the DNS panel!&quot;,
-     &quot;message&quot;: &quot;The COM array is down, bypass the digital circuit so we can reboot the PCI matrix!&quot;,
-     &quot;summary&quot;: &quot;We need to copy the bluetooth TLS alarm!&quot;,
+     &quot;description&quot;: &quot;copying the bus won&apos;t do anything, we need to compress the primary ADP monitor!&quot;,
+     &quot;message&quot;: &quot;The VGA program is down, program the bluetooth panel so we can generate the AI bus!&quot;,
+     &quot;summary&quot;: &quot;You can&apos;t input the firewall without connecting the auxiliary HDD hard drive!&quot;,
    },
    {
-     &quot;description&quot;: &quot;We need to parse the haptic SQL system!&quot;,
-     &quot;message&quot;: &quot;We need to program the wireless IP circuit!&quot;,
-     &quot;summary&quot;: &quot;If we synthesize the card, we can get to the HTTP pixel through the 1080p THX bus!&quot;,
+     &quot;description&quot;: &quot;If we program the sensor, we can get to the SMS protocol through the multi-byte EXE system!&quot;,
+     &quot;message&quot;: &quot;If we synthesize the protocol, we can get to the DRAM firewall through the digital DNS feed!&quot;,
+     &quot;summary&quot;: &quot;You can&apos;t hack the transmitter without indexing the primary DNS feed!&quot;,
    },
    {
-     &quot;description&quot;: &quot;Try to calculate the JBOD bandwidth, maybe it will bypass the haptic capacitor!&quot;,
-     &quot;message&quot;: &quot;If we generate the application, we can get to the USB capacitor through the solid state TLS interface!&quot;,
-     &quot;summary&quot;: &quot;I&apos;ll navigate the multi-byte THX protocol, that should protocol the SSD port!&quot;,
-   },
-   {
-     &quot;description&quot;: &quot;Use the back-end TLS interface, then you can override the cross-platform sensor!&quot;,
-     &quot;message&quot;: &quot;I&apos;ll index the 1080p SSD circuit, that should port the UTF8 array!&quot;,
-     &quot;summary&quot;: &quot;The SAS capacitor is down, copy the mobile monitor so we can connect the USB pixel!&quot;,
-   },
-   {
-     &quot;description&quot;: &quot;I&apos;ll transmit the open-source OCR firewall, that should microchip the IB sensor!&quot;,
-     &quot;message&quot;: &quot;Use the 1080p JSON matrix, then you can navigate the auxiliary capacitor!&quot;,
-     &quot;summary&quot;: &quot;I&apos;ll navigate the back-end EXE transmitter, that should firewall the SDD bandwidth!&quot;,
+     &quot;description&quot;: &quot;Use the virtual VGA transmitter, then you can compress the redundant hard drive!&quot;,
+     &quot;message&quot;: &quot;overriding the driver won&apos;t do anything, we need to transmit the auxiliary TCP hard drive!&quot;,
+     &quot;summary&quot;: &quot;If we reboot the system, we can get to the TLS transmitter through the multi-byte GB alarm!&quot;,
    },
  ]

 ❯ src/test-suite-12.spec.ts:21:20
            </failure>
        </testcase>
        <testcase classname="src/test-suite-12.spec.ts" name="&apos;Balanced empowering contingency&apos; &gt; &apos;Use the optical HTTP array, then you …&apos;" time="0.000050125">
        </testcase>
        <testcase classname="src/test-suite-12.spec.ts" name="&apos;Balanced empowering contingency&apos; &gt; &apos;If we back up the firewall, we can ge…&apos;" time="0.000244084">
            <failure message="expected [ { …(3) }, { …(3) } ] to deeply equal [ { …(3) }, { …(3) }, { …(3) }, …(2) ]" type="AssertionError">
AssertionError: expected [ { …(3) }, { …(3) } ] to deeply equal [ { …(3) }, { …(3) }, { …(3) }, …(2) ]

- Expected
+ Received

  [
    {
-     &quot;description&quot;: &quot;The GB array is down, calculate the bluetooth monitor so we can bypass the UDP driver!&quot;,
-     &quot;message&quot;: &quot;navigating the system won&apos;t do anything, we need to override the virtual HTTP alarm!&quot;,
-     &quot;summary&quot;: &quot;You can&apos;t program the bus without generating the primary AI capacitor!&quot;,
-   },
-   {
-     &quot;description&quot;: &quot;navigating the bus won&apos;t do anything, we need to input the solid state SCSI interface!&quot;,
-     &quot;message&quot;: &quot;I&apos;ll index the wireless UTF8 pixel, that should pixel the SQL firewall!&quot;,
-     &quot;summary&quot;: &quot;Use the back-end PCI port, then you can transmit the bluetooth capacitor!&quot;,
-   },
-   {
-     &quot;description&quot;: &quot;You can&apos;t calculate the array without connecting the haptic SSL interface!&quot;,
-     &quot;message&quot;: &quot;I&apos;ll index the bluetooth AI transmitter, that should transmitter the USB matrix!&quot;,
-     &quot;summary&quot;: &quot;Use the open-source XSS alarm, then you can parse the auxiliary driver!&quot;,
-   },
-   {
-     &quot;description&quot;: &quot;The TCP bandwidth is down, parse the online monitor so we can compress the OCR bus!&quot;,
-     &quot;message&quot;: &quot;You can&apos;t navigate the monitor without synthesizing the bluetooth JSON array!&quot;,
-     &quot;summary&quot;: &quot;parsing the feed won&apos;t do anything, we need to generate the mobile ASCII alarm!&quot;,
+     &quot;description&quot;: &quot;We need to bypass the multi-byte DNS pixel!&quot;,
+     &quot;message&quot;: &quot;compressing the application won&apos;t do anything, we need to parse the digital ADP panel!&quot;,
+     &quot;summary&quot;: &quot;The HDD alarm is down, synthesize the solid state bandwidth so we can compress the CLI system!&quot;,
    },
    {
-     &quot;description&quot;: &quot;Try to hack the PCI system, maybe it will quantify the open-source circuit!&quot;,
-     &quot;message&quot;: &quot;We need to hack the primary TLS transmitter!&quot;,
-     &quot;summary&quot;: &quot;I&apos;ll back up the virtual EXE alarm, that should protocol the CSS protocol!&quot;,
+     &quot;description&quot;: &quot;We need to quantify the open-source SAS driver!&quot;,
+     &quot;message&quot;: &quot;The COM array is down, generate the auxiliary bandwidth so we can generate the CLI card!&quot;,
+     &quot;summary&quot;: &quot;The AGP bus is down, bypass the bluetooth bandwidth so we can navigate the SMS sensor!&quot;,
    },
  ]

 ❯ src/test-suite-12.spec.ts:21:20
            </failure>
        </testcase>
        <testcase classname="src/test-suite-12.spec.ts" name="&apos;Balanced empowering contingency&apos; &gt; &apos;We need to compress the bluetooth SSD…&apos;" time="0.000040708">
        </testcase>
        <testcase classname="src/test-suite-12.spec.ts" name="&apos;Balanced empowering contingency&apos; &gt; &apos;If we connect the panel, we can get t…&apos;" time="0.000283125">
            <failure message="expected [ { …(3) }, { …(3) }, { …(3) }, …(1) ] to deeply equal [ { …(3) }, { …(3) }, { …(3) }, …(1) ]" type="AssertionError">
AssertionError: expected [ { …(3) }, { …(3) }, { …(3) }, …(1) ] to deeply equal [ { …(3) }, { …(3) }, { …(3) }, …(1) ]

- Expected
+ Received

  [
    {
-     &quot;description&quot;: &quot;You can&apos;t transmit the capacitor without generating the wireless IB array!&quot;,
-     &quot;message&quot;: &quot;I&apos;ll index the 1080p XSS port, that should monitor the TCP circuit!&quot;,
-     &quot;summary&quot;: &quot;You can&apos;t generate the bandwidth without hacking the digital THX firewall!&quot;,
+     &quot;description&quot;: &quot;You can&apos;t compress the feed without quantifying the redundant HTTP bandwidth!&quot;,
+     &quot;message&quot;: &quot;Use the haptic SCSI driver, then you can compress the solid state panel!&quot;,
+     &quot;summary&quot;: &quot;Use the redundant VGA matrix, then you can connect the cross-platform microchip!&quot;,
    },
    {
-     &quot;description&quot;: &quot;Try to reboot the OCR system, maybe it will program the haptic sensor!&quot;,
-     &quot;message&quot;: &quot;We need to parse the open-source TLS bus!&quot;,
-     &quot;summary&quot;: &quot;If we back up the program, we can get to the SQL driver through the online HTTP application!&quot;,
+     &quot;description&quot;: &quot;The HDD system is down, back up the neural capacitor so we can reboot the SDD matrix!&quot;,
+     &quot;message&quot;: &quot;You can&apos;t override the monitor without synthesizing the bluetooth VGA hard drive!&quot;,
+     &quot;summary&quot;: &quot;We need to synthesize the cross-platform SSL transmitter!&quot;,
    },
    {
-     &quot;description&quot;: &quot;calculating the sensor won&apos;t do anything, we need to navigate the optical DRAM bandwidth!&quot;,
-     &quot;message&quot;: &quot;Try to input the SCSI card, maybe it will bypass the redundant panel!&quot;,
-     &quot;summary&quot;: &quot;I&apos;ll quantify the online OCR array, that should port the UDP microchip!&quot;,
+     &quot;description&quot;: &quot;If we connect the application, we can get to the VGA protocol through the mobile IB matrix!&quot;,
+     &quot;message&quot;: &quot;Use the virtual SMTP protocol, then you can hack the solid state array!&quot;,
+     &quot;summary&quot;: &quot;Try to transmit the EXE firewall, maybe it will generate the mobile panel!&quot;,
    },
    {
-     &quot;description&quot;: &quot;We need to override the solid state IB application!&quot;,
-     &quot;message&quot;: &quot;The VGA bus is down, program the optical system so we can index the EXE monitor!&quot;,
-     &quot;summary&quot;: &quot;We need to calculate the auxiliary SMTP transmitter!&quot;,
+     &quot;description&quot;: &quot;If we synthesize the matrix, we can get to the COM interface through the redundant AGP circuit!&quot;,
+     &quot;message&quot;: &quot;parsing the application won&apos;t do anything, we need to connect the open-source SSD hard drive!&quot;,
+     &quot;summary&quot;: &quot;We need to transmit the optical OCR program!&quot;,
    },
  ]

 ❯ src/test-suite-12.spec.ts:21:20
            </failure>
        </testcase>
        <testcase classname="src/test-suite-12.spec.ts" name="&apos;Balanced empowering contingency&apos; &gt; &apos;Try to input the JSON interface, mayb…&apos;" time="0.000053334">
        </testcase>
        <testcase classname="src/test-suite-12.spec.ts" name="&apos;Balanced empowering contingency&apos; &gt; &apos;Try to parse the ADP card, maybe it w…&apos;" time="0.000246625">
            <failure message="expected [ { …(3) }, { …(3) }, { …(3) }, …(1) ] to deeply equal [ { …(3) }, { …(3) }, { …(3) } ]" type="AssertionError">
AssertionError: expected [ { …(3) }, { …(3) }, { …(3) }, …(1) ] to deeply equal [ { …(3) }, { …(3) }, { …(3) } ]

- Expected
+ Received

  [
    {
-     &quot;description&quot;: &quot;transmitting the pixel won&apos;t do anything, we need to reboot the back-end SSD array!&quot;,
-     &quot;message&quot;: &quot;You can&apos;t calculate the bus without compressing the redundant EXE capacitor!&quot;,
-     &quot;summary&quot;: &quot;hacking the bus won&apos;t do anything, we need to navigate the redundant SCSI hard drive!&quot;,
+     &quot;description&quot;: &quot;generating the microchip won&apos;t do anything, we need to calculate the solid state SSD monitor!&quot;,
+     &quot;message&quot;: &quot;I&apos;ll compress the primary UTF8 monitor, that should alarm the TLS circuit!&quot;,
+     &quot;summary&quot;: &quot;You can&apos;t quantify the monitor without backing up the optical CLI protocol!&quot;,
+   },
+   {
+     &quot;description&quot;: &quot;Try to connect the XSS transmitter, maybe it will compress the multi-byte microchip!&quot;,
+     &quot;message&quot;: &quot;Try to bypass the RSS hard drive, maybe it will generate the mobile bandwidth!&quot;,
+     &quot;summary&quot;: &quot;Use the back-end XSS sensor, then you can quantify the haptic matrix!&quot;,
    },
    {
-     &quot;description&quot;: &quot;The TLS driver is down, transmit the solid state alarm so we can override the SMTP matrix!&quot;,
-     &quot;message&quot;: &quot;If we connect the port, we can get to the IP application through the solid state PNG driver!&quot;,
-     &quot;summary&quot;: &quot;We need to parse the cross-platform API protocol!&quot;,
+     &quot;description&quot;: &quot;You can&apos;t quantify the system without connecting the cross-platform CSS bandwidth!&quot;,
+     &quot;message&quot;: &quot;The IP interface is down, program the primary capacitor so we can transmit the CLI alarm!&quot;,
+     &quot;summary&quot;: &quot;copying the protocol won&apos;t do anything, we need to parse the neural OCR firewall!&quot;,
    },
    {
-     &quot;description&quot;: &quot;I&apos;ll compress the haptic SDD driver, that should bandwidth the AI system!&quot;,
-     &quot;message&quot;: &quot;The PNG pixel is down, navigate the haptic protocol so we can quantify the TCP feed!&quot;,
-     &quot;summary&quot;: &quot;We need to override the cross-platform COM program!&quot;,
+     &quot;description&quot;: &quot;The SDD bus is down, back up the optical panel so we can generate the USB pixel!&quot;,
+     &quot;message&quot;: &quot;If we program the circuit, we can get to the PCI sensor through the cross-platform PCI hard drive!&quot;,
+     &quot;summary&quot;: &quot;If we back up the card, we can get to the AI pixel through the neural HTTP sensor!&quot;,
    },
  ]

 ❯ src/test-suite-12.spec.ts:21:20
            </failure>
        </testcase>
        <testcase classname="src/test-suite-12.spec.ts" name="&apos;Balanced empowering contingency&apos; &gt; &apos;I\&apos;ll index the back-end ADP capacito…&apos;" time="0.000034959">
        </testcase>
        <testcase classname="src/test-suite-12.spec.ts" name="&apos;Balanced empowering contingency&apos; &gt; &apos;We need to connect the redundant USB …&apos;" time="0.000224834">
            <failure message="expected [ { …(3) }, { …(3) } ] to deeply equal [ { …(3) }, { …(3) }, { …(3) } ]" type="AssertionError">
AssertionError: expected [ { …(3) }, { …(3) } ] to deeply equal [ { …(3) }, { …(3) }, { …(3) } ]

- Expected
+ Received

  [
    {
-     &quot;description&quot;: &quot;I&apos;ll transmit the wireless API microchip, that should firewall the GB system!&quot;,
-     &quot;message&quot;: &quot;I&apos;ll navigate the optical THX hard drive, that should program the SSD alarm!&quot;,
-     &quot;summary&quot;: &quot;I&apos;ll transmit the haptic HEX circuit, that should firewall the DRAM capacitor!&quot;,
-   },
-   {
-     &quot;description&quot;: &quot;parsing the microchip won&apos;t do anything, we need to override the 1080p COM sensor!&quot;,
-     &quot;message&quot;: &quot;The DRAM feed is down, parse the cross-platform capacitor so we can navigate the RAM microchip!&quot;,
-     &quot;summary&quot;: &quot;The VGA microchip is down, override the open-source monitor so we can connect the DRAM application!&quot;,
+     &quot;description&quot;: &quot;If we connect the panel, we can get to the DNS transmitter through the cross-platform SDD protocol!&quot;,
+     &quot;message&quot;: &quot;The RSS interface is down, synthesize the mobile array so we can connect the SDD program!&quot;,
+     &quot;summary&quot;: &quot;If we connect the protocol, we can get to the VGA microchip through the bluetooth SMS application!&quot;,
    },
    {
-     &quot;description&quot;: &quot;If we bypass the firewall, we can get to the HTTP card through the virtual XML protocol!&quot;,
-     &quot;message&quot;: &quot;The UDP monitor is down, calculate the cross-platform port so we can override the SSD circuit!&quot;,
-     &quot;summary&quot;: &quot;You can&apos;t bypass the capacitor without transmitting the multi-byte API alarm!&quot;,
+     &quot;description&quot;: &quot;connecting the monitor won&apos;t do anything, we need to synthesize the digital SSD matrix!&quot;,
+     &quot;message&quot;: &quot;You can&apos;t calculate the interface without transmitting the digital SMS capacitor!&quot;,
+     &quot;summary&quot;: &quot;Try to input the DNS pixel, maybe it will parse the cross-platform application!&quot;,
    },
  ]

 ❯ src/test-suite-12.spec.ts:21:20
            </failure>
        </testcase>
        <testcase classname="src/test-suite-12.spec.ts" name="&apos;Balanced empowering contingency&apos; &gt; &apos;I\&apos;ll override the back-end DNS feed,…&apos;" time="0.000041625">
        </testcase>
        <testcase classname="src/test-suite-12.spec.ts" name="&apos;Balanced empowering contingency&apos; &gt; &apos;If we reboot the application, we can …&apos;" time="0.00026925">
            <failure message="expected [ { …(3) }, { …(3) }, { …(3) }, …(1) ] to deeply equal [ { …(3) }, { …(3) }, { …(3) }, …(1) ]" type="AssertionError">
AssertionError: expected [ { …(3) }, { …(3) }, { …(3) }, …(1) ] to deeply equal [ { …(3) }, { …(3) }, { …(3) }, …(1) ]

- Expected
+ Received

  [
    {
-     &quot;description&quot;: &quot;The JSON firewall is down, transmit the bluetooth program so we can program the PNG port!&quot;,
-     &quot;message&quot;: &quot;I&apos;ll back up the open-source HTTP circuit, that should program the OCR card!&quot;,
-     &quot;summary&quot;: &quot;We need to program the mobile JBOD firewall!&quot;,
+     &quot;description&quot;: &quot;Try to index the SMS program, maybe it will navigate the redundant pixel!&quot;,
+     &quot;message&quot;: &quot;We need to back up the back-end UTF8 panel!&quot;,
+     &quot;summary&quot;: &quot;If we generate the system, we can get to the CSS feed through the optical SMTP port!&quot;,
    },
    {
-     &quot;description&quot;: &quot;We need to generate the primary EXE bandwidth!&quot;,
-     &quot;message&quot;: &quot;Try to quantify the THX bus, maybe it will connect the digital protocol!&quot;,
-     &quot;summary&quot;: &quot;The SMS hard drive is down, input the open-source program so we can reboot the SMTP firewall!&quot;,
+     &quot;description&quot;: &quot;You can&apos;t index the protocol without connecting the digital XML transmitter!&quot;,
+     &quot;message&quot;: &quot;You can&apos;t quantify the pixel without synthesizing the primary AGP transmitter!&quot;,
+     &quot;summary&quot;: &quot;Try to hack the OCR system, maybe it will back up the wireless sensor!&quot;,
    },
    {
-     &quot;description&quot;: &quot;Use the bluetooth ADP transmitter, then you can generate the online alarm!&quot;,
-     &quot;message&quot;: &quot;You can&apos;t bypass the program without navigating the 1080p UDP firewall!&quot;,
-     &quot;summary&quot;: &quot;Try to transmit the JBOD pixel, maybe it will override the cross-platform program!&quot;,
+     &quot;description&quot;: &quot;The SMS application is down, copy the cross-platform pixel so we can program the AGP alarm!&quot;,
+     &quot;message&quot;: &quot;The HDD matrix is down, bypass the open-source feed so we can synthesize the AGP driver!&quot;,
+     &quot;summary&quot;: &quot;copying the transmitter won&apos;t do anything, we need to navigate the primary SDD capacitor!&quot;,
    },
    {
-     &quot;description&quot;: &quot;The SMS application is down, generate the digital transmitter so we can compress the TLS interface!&quot;,
-     &quot;message&quot;: &quot;Try to index the CSS panel, maybe it will override the neural microchip!&quot;,
-     &quot;summary&quot;: &quot;I&apos;ll override the digital THX microchip, that should port the JSON capacitor!&quot;,
+     &quot;description&quot;: &quot;Use the online ASCII card, then you can transmit the virtual sensor!&quot;,
+     &quot;message&quot;: &quot;We need to quantify the redundant ADP interface!&quot;,
+     &quot;summary&quot;: &quot;We need to synthesize the redundant VGA bus!&quot;,
    },
  ]

 ❯ src/test-suite-12.spec.ts:21:20
            </failure>
        </testcase>
        <testcase classname="src/test-suite-12.spec.ts" name="&apos;Organic clear-thinking array&apos; &gt; &apos;The COM bandwidth is down, bypass the…&apos;" time="0.000210292">
            <failure message="expected [ { …(3) }, { …(3) } ] to deeply equal [ { …(3) }, { …(3) }, { …(3) } ]" type="AssertionError">
AssertionError: expected [ { …(3) }, { …(3) } ] to deeply equal [ { …(3) }, { …(3) }, { …(3) } ]

- Expected
+ Received

  [
    {
-     &quot;description&quot;: &quot;You can&apos;t navigate the driver without connecting the optical SDD firewall!&quot;,
-     &quot;message&quot;: &quot;Try to generate the SCSI program, maybe it will navigate the bluetooth application!&quot;,
-     &quot;summary&quot;: &quot;We need to quantify the auxiliary DRAM interface!&quot;,
-   },
-   {
-     &quot;description&quot;: &quot;If we calculate the application, we can get to the JBOD bus through the multi-byte RSS firewall!&quot;,
-     &quot;message&quot;: &quot;You can&apos;t override the hard drive without connecting the auxiliary PNG pixel!&quot;,
-     &quot;summary&quot;: &quot;Try to copy the SSL card, maybe it will generate the redundant monitor!&quot;,
+     &quot;description&quot;: &quot;I&apos;ll input the optical UDP capacitor, that should bandwidth the HTTP bandwidth!&quot;,
+     &quot;message&quot;: &quot;You can&apos;t synthesize the port without calculating the neural THX application!&quot;,
+     &quot;summary&quot;: &quot;I&apos;ll back up the auxiliary CLI capacitor, that should protocol the VGA pixel!&quot;,
    },
    {
-     &quot;description&quot;: &quot;We need to hack the solid state IP feed!&quot;,
-     &quot;message&quot;: &quot;If we synthesize the circuit, we can get to the SQL alarm through the mobile COM bus!&quot;,
-     &quot;summary&quot;: &quot;Try to index the API array, maybe it will program the mobile sensor!&quot;,
+     &quot;description&quot;: &quot;parsing the matrix won&apos;t do anything, we need to quantify the redundant XML monitor!&quot;,
+     &quot;message&quot;: &quot;Try to transmit the UTF8 bus, maybe it will calculate the solid state firewall!&quot;,
+     &quot;summary&quot;: &quot;Use the virtual SMTP pixel, then you can navigate the multi-byte capacitor!&quot;,
    },
  ]

 ❯ src/test-suite-12.spec.ts:21:20
            </failure>
        </testcase>
        <testcase classname="src/test-suite-12.spec.ts" name="&apos;Organic clear-thinking array&apos; &gt; &apos;transmitting the pixel won\&apos;t do anyt…&apos;" time="0.000047625">
        </testcase>
        <testcase classname="src/test-suite-12.spec.ts" name="&apos;Organic clear-thinking array&apos; &gt; &apos;synthesizing the circuit won\&apos;t do an…&apos;" time="0.000242917">
            <failure message="expected [ { …(3) }, { …(3) }, { …(3) }, …(2) ] to deeply equal [ { …(3) }, { …(3) } ]" type="AssertionError">
AssertionError: expected [ { …(3) }, { …(3) }, { …(3) }, …(2) ] to deeply equal [ { …(3) }, { …(3) } ]

- Expected
+ Received

  [
    {
-     &quot;description&quot;: &quot;Use the haptic JBOD driver, then you can hack the neural matrix!&quot;,
-     &quot;message&quot;: &quot;Use the 1080p IP bus, then you can program the open-source firewall!&quot;,
-     &quot;summary&quot;: &quot;I&apos;ll quantify the primary UDP feed, that should card the JBOD interface!&quot;,
+     &quot;description&quot;: &quot;You can&apos;t input the port without generating the haptic DRAM application!&quot;,
+     &quot;message&quot;: &quot;You can&apos;t hack the alarm without overriding the 1080p HDD bus!&quot;,
+     &quot;summary&quot;: &quot;If we synthesize the bus, we can get to the COM application through the mobile TLS protocol!&quot;,
+   },
+   {
+     &quot;description&quot;: &quot;backing up the driver won&apos;t do anything, we need to override the auxiliary DNS driver!&quot;,
+     &quot;message&quot;: &quot;If we transmit the panel, we can get to the SDD circuit through the mobile HDD array!&quot;,
+     &quot;summary&quot;: &quot;The SSL application is down, navigate the digital alarm so we can override the GB monitor!&quot;,
+   },
+   {
+     &quot;description&quot;: &quot;Use the multi-byte DRAM program, then you can reboot the haptic circuit!&quot;,
+     &quot;message&quot;: &quot;calculating the matrix won&apos;t do anything, we need to connect the neural JSON bus!&quot;,
+     &quot;summary&quot;: &quot;synthesizing the array won&apos;t do anything, we need to reboot the optical CSS card!&quot;,
+   },
+   {
+     &quot;description&quot;: &quot;Try to bypass the EXE protocol, maybe it will parse the neural system!&quot;,
+     &quot;message&quot;: &quot;We need to override the optical GB pixel!&quot;,
+     &quot;summary&quot;: &quot;We need to quantify the 1080p AGP pixel!&quot;,
    },
    {
-     &quot;description&quot;: &quot;The ADP alarm is down, compress the open-source firewall so we can override the FTP driver!&quot;,
-     &quot;message&quot;: &quot;quantifying the driver won&apos;t do anything, we need to generate the open-source UTF8 firewall!&quot;,
-     &quot;summary&quot;: &quot;Use the auxiliary GB firewall, then you can hack the optical array!&quot;,
+     &quot;description&quot;: &quot;I&apos;ll copy the haptic HTTP card, that should capacitor the USB sensor!&quot;,
+     &quot;message&quot;: &quot;You can&apos;t quantify the microchip without generating the neural API program!&quot;,
+     &quot;summary&quot;: &quot;programming the program won&apos;t do anything, we need to transmit the primary DNS microchip!&quot;,
    },
  ]

 ❯ src/test-suite-12.spec.ts:21:20
            </failure>
        </testcase>
        <testcase classname="src/test-suite-12.spec.ts" name="&apos;Organic clear-thinking array&apos; &gt; &apos;generating the capacitor won\&apos;t do an…&apos;" time="0.000054542">
        </testcase>
        <testcase classname="src/test-suite-12.spec.ts" name="&apos;Organic clear-thinking array&apos; &gt; &apos;I\&apos;ll quantify the auxiliary HDD matr…&apos;" time="0.000394958">
            <failure message="expected [ { …(3) }, { …(3) }, { …(3) } ] to deeply equal [ { …(3) }, { …(3) }, { …(3) } ]" type="AssertionError">
AssertionError: expected [ { …(3) }, { …(3) }, { …(3) } ] to deeply equal [ { …(3) }, { …(3) }, { …(3) } ]

- Expected
+ Received

  [
    {
-     &quot;description&quot;: &quot;The JBOD firewall is down, connect the redundant system so we can override the SSL firewall!&quot;,
-     &quot;message&quot;: &quot;I&apos;ll synthesize the virtual UTF8 monitor, that should port the AGP array!&quot;,
-     &quot;summary&quot;: &quot;backing up the application won&apos;t do anything, we need to connect the auxiliary RAM program!&quot;,
+     &quot;description&quot;: &quot;If we quantify the alarm, we can get to the CSS sensor through the multi-byte DNS system!&quot;,
+     &quot;message&quot;: &quot;Try to transmit the JBOD firewall, maybe it will index the haptic protocol!&quot;,
+     &quot;summary&quot;: &quot;We need to program the wireless TCP alarm!&quot;,
    },
    {
-     &quot;description&quot;: &quot;We need to connect the multi-byte PNG port!&quot;,
-     &quot;message&quot;: &quot;Use the back-end PNG circuit, then you can quantify the optical application!&quot;,
-     &quot;summary&quot;: &quot;The TCP program is down, hack the back-end pixel so we can index the SCSI bus!&quot;,
+     &quot;description&quot;: &quot;You can&apos;t bypass the bandwidth without compressing the haptic XML transmitter!&quot;,
+     &quot;message&quot;: &quot;We need to index the bluetooth HDD hard drive!&quot;,
+     &quot;summary&quot;: &quot;quantifying the pixel won&apos;t do anything, we need to transmit the auxiliary JBOD monitor!&quot;,
    },
    {
-     &quot;description&quot;: &quot;I&apos;ll quantify the auxiliary COM hard drive, that should program the HEX card!&quot;,
-     &quot;message&quot;: &quot;The TCP driver is down, connect the haptic port so we can compress the TCP alarm!&quot;,
-     &quot;summary&quot;: &quot;The RAM array is down, index the cross-platform program so we can input the GB card!&quot;,
+     &quot;description&quot;: &quot;The ASCII hard drive is down, navigate the open-source port so we can navigate the PNG card!&quot;,
+     &quot;message&quot;: &quot;generating the firewall won&apos;t do anything, we need to navigate the multi-byte ASCII hard drive!&quot;,
+     &quot;summary&quot;: &quot;If we transmit the system, we can get to the COM program through the bluetooth JSON matrix!&quot;,
    },
  ]

 ❯ src/test-suite-12.spec.ts:21:20
            </failure>
        </testcase>
        <testcase classname="src/test-suite-12.spec.ts" name="&apos;Organic clear-thinking array&apos; &gt; &apos;I\&apos;ll parse the haptic AI array, that…&apos;" time="0.000119625">
        </testcase>
        <testcase classname="src/test-suite-12.spec.ts" name="&apos;Organic clear-thinking array&apos; &gt; &apos;Try to connect the OCR firewall, mayb…&apos;" time="0.000373417">
            <failure message="expected [ { …(3) }, { …(3) }, { …(3) }, …(2) ] to deeply equal [ { …(3) }, { …(3) }, { …(3) } ]" type="AssertionError">
AssertionError: expected [ { …(3) }, { …(3) }, { …(3) }, …(2) ] to deeply equal [ { …(3) }, { …(3) }, { …(3) } ]

- Expected
+ Received

  [
    {
-     &quot;description&quot;: &quot;You can&apos;t program the hard drive without compressing the solid state TCP hard drive!&quot;,
-     &quot;message&quot;: &quot;Try to program the SQL sensor, maybe it will bypass the optical bus!&quot;,
-     &quot;summary&quot;: &quot;I&apos;ll connect the open-source CSS application, that should interface the FTP microchip!&quot;,
+     &quot;description&quot;: &quot;The RSS program is down, navigate the solid state matrix so we can generate the GB array!&quot;,
+     &quot;message&quot;: &quot;Use the redundant VGA port, then you can program the back-end panel!&quot;,
+     &quot;summary&quot;: &quot;navigating the port won&apos;t do anything, we need to navigate the 1080p UTF8 sensor!&quot;,
    },
    {
-     &quot;description&quot;: &quot;The FTP alarm is down, navigate the auxiliary circuit so we can reboot the SMS port!&quot;,
-     &quot;message&quot;: &quot;We need to input the neural SDD pixel!&quot;,
-     &quot;summary&quot;: &quot;The AGP application is down, back up the open-source matrix so we can index the HEX program!&quot;,
+     &quot;description&quot;: &quot;Try to hack the XML port, maybe it will program the redundant card!&quot;,
+     &quot;message&quot;: &quot;You can&apos;t calculate the pixel without connecting the auxiliary RAM port!&quot;,
+     &quot;summary&quot;: &quot;copying the system won&apos;t do anything, we need to program the solid state HEX bandwidth!&quot;,
    },
    {
-     &quot;description&quot;: &quot;indexing the microchip won&apos;t do anything, we need to connect the multi-byte VGA program!&quot;,
-     &quot;message&quot;: &quot;If we index the firewall, we can get to the IB firewall through the open-source IP driver!&quot;,
-     &quot;summary&quot;: &quot;parsing the bandwidth won&apos;t do anything, we need to copy the 1080p JSON feed!&quot;,
+     &quot;description&quot;: &quot;The EXE panel is down, calculate the cross-platform protocol so we can bypass the PNG capacitor!&quot;,
+     &quot;message&quot;: &quot;The RSS monitor is down, override the redundant driver so we can connect the SCSI card!&quot;,
+     &quot;summary&quot;: &quot;I&apos;ll synthesize the open-source IB hard drive, that should transmitter the JBOD driver!&quot;,
+   },
+   {
+     &quot;description&quot;: &quot;The UDP bandwidth is down, index the haptic feed so we can input the RAM transmitter!&quot;,
+     &quot;message&quot;: &quot;I&apos;ll bypass the digital SSD matrix, that should system the UTF8 port!&quot;,
+     &quot;summary&quot;: &quot;If we compress the bandwidth, we can get to the SSL transmitter through the haptic UDP alarm!&quot;,
+   },
+   {
+     &quot;description&quot;: &quot;The ASCII bandwidth is down, copy the redundant firewall so we can parse the TCP card!&quot;,
+     &quot;message&quot;: &quot;Try to compress the TCP hard drive, maybe it will quantify the bluetooth feed!&quot;,
+     &quot;summary&quot;: &quot;I&apos;ll synthesize the haptic TCP transmitter, that should array the SMTP interface!&quot;,
    },
  ]

 ❯ src/test-suite-12.spec.ts:21:20
            </failure>
        </testcase>
        <testcase classname="src/test-suite-12.spec.ts" name="&apos;Organic clear-thinking array&apos; &gt; &apos;The HEX interface is down, hack the o…&apos;" time="0.000066625">
        </testcase>
        <testcase classname="src/test-suite-12.spec.ts" name="&apos;Organic clear-thinking array&apos; &gt; &apos;You can\&apos;t input the array without ge…&apos;" time="0.000299291">
            <failure message="expected [ { …(3) }, { …(3) }, { …(3) }, …(2) ] to deeply equal [ { …(3) }, { …(3) } ]" type="AssertionError">
AssertionError: expected [ { …(3) }, { …(3) }, { …(3) }, …(2) ] to deeply equal [ { …(3) }, { …(3) } ]

- Expected
+ Received

  [
    {
-     &quot;description&quot;: &quot;generating the monitor won&apos;t do anything, we need to copy the mobile HDD system!&quot;,
-     &quot;message&quot;: &quot;The UDP transmitter is down, hack the neural panel so we can connect the GB sensor!&quot;,
-     &quot;summary&quot;: &quot;Use the online ASCII circuit, then you can program the 1080p monitor!&quot;,
+     &quot;description&quot;: &quot;If we override the panel, we can get to the DRAM bandwidth through the redundant JBOD protocol!&quot;,
+     &quot;message&quot;: &quot;Use the open-source XSS array, then you can hack the virtual bandwidth!&quot;,
+     &quot;summary&quot;: &quot;If we calculate the microchip, we can get to the DRAM monitor through the optical DRAM microchip!&quot;,
+   },
+   {
+     &quot;description&quot;: &quot;You can&apos;t transmit the firewall without quantifying the mobile IP protocol!&quot;,
+     &quot;message&quot;: &quot;You can&apos;t calculate the protocol without indexing the solid state EXE panel!&quot;,
+     &quot;summary&quot;: &quot;copying the bandwidth won&apos;t do anything, we need to program the cross-platform CSS system!&quot;,
+   },
+   {
+     &quot;description&quot;: &quot;I&apos;ll index the neural CLI transmitter, that should panel the ASCII sensor!&quot;,
+     &quot;message&quot;: &quot;Try to bypass the UTF8 transmitter, maybe it will back up the online program!&quot;,
+     &quot;summary&quot;: &quot;The XSS firewall is down, connect the cross-platform circuit so we can transmit the XML driver!&quot;,
+   },
+   {
+     &quot;description&quot;: &quot;quantifying the sensor won&apos;t do anything, we need to connect the multi-byte CSS array!&quot;,
+     &quot;message&quot;: &quot;We need to quantify the open-source PCI alarm!&quot;,
+     &quot;summary&quot;: &quot;You can&apos;t index the protocol without indexing the neural JBOD protocol!&quot;,
    },
    {
-     &quot;description&quot;: &quot;Use the multi-byte AGP bandwidth, then you can program the solid state circuit!&quot;,
-     &quot;message&quot;: &quot;If we parse the protocol, we can get to the HTTP microchip through the haptic OCR card!&quot;,
-     &quot;summary&quot;: &quot;programming the card won&apos;t do anything, we need to program the digital AI capacitor!&quot;,
+     &quot;description&quot;: &quot;I&apos;ll synthesize the auxiliary COM circuit, that should protocol the XSS system!&quot;,
+     &quot;message&quot;: &quot;We need to quantify the haptic JBOD hard drive!&quot;,
+     &quot;summary&quot;: &quot;Use the 1080p UDP sensor, then you can parse the solid state hard drive!&quot;,
    },
  ]

 ❯ src/test-suite-12.spec.ts:21:20
            </failure>
        </testcase>
        <testcase classname="src/test-suite-12.spec.ts" name="&apos;Organic clear-thinking array&apos; &gt; &apos;Use the redundant SSL system, then yo…&apos;" time="0.0000415">
        </testcase>
        <testcase classname="src/test-suite-12.spec.ts" name="&apos;Organic clear-thinking array&apos; &gt; &apos;Use the multi-byte HDD monitor, then …&apos;" time="0.000321208">
            <failure message="expected [ { …(3) }, { …(3) }, { …(3) }, …(2) ] to deeply equal [ { …(3) }, { …(3) }, { …(3) }, …(1) ]" type="AssertionError">
AssertionError: expected [ { …(3) }, { …(3) }, { …(3) }, …(2) ] to deeply equal [ { …(3) }, { …(3) }, { …(3) }, …(1) ]

- Expected
+ Received

  [
    {
-     &quot;description&quot;: &quot;Use the primary SMS hard drive, then you can calculate the cross-platform card!&quot;,
-     &quot;message&quot;: &quot;programming the array won&apos;t do anything, we need to reboot the back-end HEX microchip!&quot;,
-     &quot;summary&quot;: &quot;Use the virtual API application, then you can input the primary hard drive!&quot;,
+     &quot;description&quot;: &quot;We need to transmit the digital XSS pixel!&quot;,
+     &quot;message&quot;: &quot;Try to program the UTF8 matrix, maybe it will override the optical hard drive!&quot;,
+     &quot;summary&quot;: &quot;You can&apos;t navigate the sensor without connecting the 1080p JBOD circuit!&quot;,
    },
    {
-     &quot;description&quot;: &quot;If we parse the pixel, we can get to the RAM interface through the online SDD alarm!&quot;,
-     &quot;message&quot;: &quot;I&apos;ll back up the redundant FTP capacitor, that should hard drive the SMS firewall!&quot;,
-     &quot;summary&quot;: &quot;If we quantify the capacitor, we can get to the DNS array through the virtual SQL system!&quot;,
+     &quot;description&quot;: &quot;Try to back up the VGA pixel, maybe it will compress the auxiliary driver!&quot;,
+     &quot;message&quot;: &quot;bypassing the pixel won&apos;t do anything, we need to reboot the multi-byte PCI pixel!&quot;,
+     &quot;summary&quot;: &quot;I&apos;ll generate the multi-byte DNS hard drive, that should capacitor the SSD interface!&quot;,
+   },
+   {
+     &quot;description&quot;: &quot;If we input the panel, we can get to the DRAM monitor through the cross-platform UTF8 protocol!&quot;,
+     &quot;message&quot;: &quot;I&apos;ll bypass the solid state RSS program, that should system the JSON circuit!&quot;,
+     &quot;summary&quot;: &quot;copying the bus won&apos;t do anything, we need to index the back-end FTP microchip!&quot;,
    },
    {
-     &quot;description&quot;: &quot;We need to override the wireless UDP bandwidth!&quot;,
-     &quot;message&quot;: &quot;generating the alarm won&apos;t do anything, we need to navigate the online JBOD hard drive!&quot;,
-     &quot;summary&quot;: &quot;The THX bus is down, generate the solid state interface so we can synthesize the AI bandwidth!&quot;,
+     &quot;description&quot;: &quot;If we synthesize the panel, we can get to the AI program through the primary RAM card!&quot;,
+     &quot;message&quot;: &quot;bypassing the matrix won&apos;t do anything, we need to override the mobile SQL application!&quot;,
+     &quot;summary&quot;: &quot;Use the virtual CSS program, then you can index the redundant panel!&quot;,
    },
    {
-     &quot;description&quot;: &quot;Try to bypass the JBOD circuit, maybe it will input the online system!&quot;,
-     &quot;message&quot;: &quot;connecting the matrix won&apos;t do anything, we need to connect the 1080p UDP transmitter!&quot;,
-     &quot;summary&quot;: &quot;Try to connect the RAM interface, maybe it will override the 1080p transmitter!&quot;,
+     &quot;description&quot;: &quot;Try to calculate the GB bus, maybe it will back up the optical program!&quot;,
+     &quot;message&quot;: &quot;The SQL capacitor is down, copy the wireless pixel so we can generate the SSL array!&quot;,
+     &quot;summary&quot;: &quot;We need to index the mobile GB alarm!&quot;,
    },
  ]

 ❯ src/test-suite-12.spec.ts:21:20
            </failure>
        </testcase>
        <testcase classname="src/test-suite-12.spec.ts" name="&apos;Organic clear-thinking array&apos; &gt; &apos;indexing the protocol won\&apos;t do anyth…&apos;" time="0.000064916">
        </testcase>
        <testcase classname="src/test-suite-12.spec.ts" name="&apos;Organic clear-thinking array&apos; &gt; &apos;You can\&apos;t copy the system without in…&apos;" time="0.000325084">
            <failure message="expected [ { …(3) }, { …(3) }, { …(3) } ] to deeply equal [ { …(3) }, { …(3) }, { …(3) }, …(2) ]" type="AssertionError">
AssertionError: expected [ { …(3) }, { …(3) }, { …(3) } ] to deeply equal [ { …(3) }, { …(3) }, { …(3) }, …(2) ]

- Expected
+ Received

  [
    {
-     &quot;description&quot;: &quot;We need to connect the auxiliary UDP hard drive!&quot;,
-     &quot;message&quot;: &quot;Use the bluetooth JSON hard drive, then you can program the wireless alarm!&quot;,
-     &quot;summary&quot;: &quot;I&apos;ll back up the primary PCI bus, that should application the SMS alarm!&quot;,
+     &quot;description&quot;: &quot;I&apos;ll connect the optical FTP application, that should feed the IB port!&quot;,
+     &quot;message&quot;: &quot;We need to navigate the bluetooth SMS sensor!&quot;,
+     &quot;summary&quot;: &quot;If we quantify the firewall, we can get to the USB driver through the cross-platform AI protocol!&quot;,
    },
    {
-     &quot;description&quot;: &quot;parsing the capacitor won&apos;t do anything, we need to connect the multi-byte IB matrix!&quot;,
-     &quot;message&quot;: &quot;If we copy the alarm, we can get to the XSS hard drive through the open-source RAM monitor!&quot;,
-     &quot;summary&quot;: &quot;Try to copy the AI interface, maybe it will back up the online bus!&quot;,
+     &quot;description&quot;: &quot;We need to connect the solid state DNS alarm!&quot;,
+     &quot;message&quot;: &quot;Use the neural ADP circuit, then you can compress the wireless protocol!&quot;,
+     &quot;summary&quot;: &quot;Use the back-end USB pixel, then you can transmit the 1080p pixel!&quot;,
    },
    {
-     &quot;description&quot;: &quot;programming the monitor won&apos;t do anything, we need to compress the open-source AGP interface!&quot;,
-     &quot;message&quot;: &quot;synthesizing the circuit won&apos;t do anything, we need to index the cross-platform JBOD matrix!&quot;,
-     &quot;summary&quot;: &quot;copying the panel won&apos;t do anything, we need to connect the mobile IB sensor!&quot;,
-   },
-   {
-     &quot;description&quot;: &quot;You can&apos;t hack the array without navigating the auxiliary UDP microchip!&quot;,
-     &quot;message&quot;: &quot;You can&apos;t synthesize the bandwidth without synthesizing the open-source USB hard drive!&quot;,
-     &quot;summary&quot;: &quot;If we navigate the system, we can get to the SDD sensor through the multi-byte SDD capacitor!&quot;,
-   },
-   {
-     &quot;description&quot;: &quot;I&apos;ll calculate the wireless XML bandwidth, that should system the PNG interface!&quot;,
-     &quot;message&quot;: &quot;We need to calculate the haptic JSON panel!&quot;,
-     &quot;summary&quot;: &quot;If we quantify the bandwidth, we can get to the JSON driver through the multi-byte PCI sensor!&quot;,
+     &quot;description&quot;: &quot;indexing the alarm won&apos;t do anything, we need to quantify the primary TLS pixel!&quot;,
+     &quot;message&quot;: &quot;Try to connect the VGA interface, maybe it will calculate the auxiliary interface!&quot;,
+     &quot;summary&quot;: &quot;quantifying the array won&apos;t do anything, we need to parse the redundant SMS monitor!&quot;,
    },
  ]

 ❯ src/test-suite-12.spec.ts:21:20
            </failure>
        </testcase>
        <testcase classname="src/test-suite-12.spec.ts" name="&apos;Organic clear-thinking array&apos; &gt; &apos;I\&apos;ll compress the cross-platform FTP…&apos;" time="0.00005025">
        </testcase>
        <testcase classname="src/test-suite-12.spec.ts" name="&apos;Organic clear-thinking array&apos; &gt; &apos;Try to input the SDD feed, maybe it w…&apos;" time="0.000230708">
            <failure message="expected [ { …(3) }, { …(3) } ] to deeply equal [ { …(3) }, { …(3) } ]" type="AssertionError">
AssertionError: expected [ { …(3) }, { …(3) } ] to deeply equal [ { …(3) }, { …(3) } ]

- Expected
+ Received

  [
    {
-     &quot;description&quot;: &quot;You can&apos;t generate the pixel without calculating the primary IB alarm!&quot;,
-     &quot;message&quot;: &quot;Try to hack the HDD feed, maybe it will reboot the wireless circuit!&quot;,
-     &quot;summary&quot;: &quot;The JSON panel is down, back up the open-source application so we can back up the API firewall!&quot;,
+     &quot;description&quot;: &quot;bypassing the array won&apos;t do anything, we need to index the 1080p CSS matrix!&quot;,
+     &quot;message&quot;: &quot;Try to program the API bandwidth, maybe it will index the haptic driver!&quot;,
+     &quot;summary&quot;: &quot;I&apos;ll bypass the optical CSS program, that should driver the DRAM pixel!&quot;,
    },
    {
-     &quot;description&quot;: &quot;The HDD port is down, quantify the wireless firewall so we can copy the JSON application!&quot;,
-     &quot;message&quot;: &quot;Try to generate the AI system, maybe it will index the back-end array!&quot;,
-     &quot;summary&quot;: &quot;indexing the circuit won&apos;t do anything, we need to compress the solid state COM capacitor!&quot;,
+     &quot;description&quot;: &quot;We need to navigate the primary VGA hard drive!&quot;,
+     &quot;message&quot;: &quot;The GB bandwidth is down, synthesize the redundant port so we can index the HDD driver!&quot;,
+     &quot;summary&quot;: &quot;I&apos;ll parse the neural TLS firewall, that should pixel the PNG capacitor!&quot;,
    },
  ]

 ❯ src/test-suite-12.spec.ts:21:20
            </failure>
        </testcase>
        <testcase classname="src/test-suite-12.spec.ts" name="&apos;Organic clear-thinking array&apos; &gt; &apos;You can\&apos;t quantify the bus without c…&apos;" time="0.000039958">
        </testcase>
        <testcase classname="src/test-suite-12.spec.ts" name="&apos;Organic clear-thinking array&apos; &gt; &apos;We need to program the virtual SMTP p…&apos;" time="0.00027175">
            <failure message="expected [ { …(3) }, { …(3) }, { …(3) }, …(1) ] to deeply equal [ { …(3) }, { …(3) } ]" type="AssertionError">
AssertionError: expected [ { …(3) }, { …(3) }, { …(3) }, …(1) ] to deeply equal [ { …(3) }, { …(3) } ]

- Expected
+ Received

  [
    {
-     &quot;description&quot;: &quot;If we synthesize the pixel, we can get to the SDD driver through the 1080p COM matrix!&quot;,
-     &quot;message&quot;: &quot;You can&apos;t quantify the sensor without bypassing the optical CSS bus!&quot;,
-     &quot;summary&quot;: &quot;The SCSI bandwidth is down, hack the primary bandwidth so we can parse the SSL sensor!&quot;,
+     &quot;description&quot;: &quot;The SAS bandwidth is down, connect the multi-byte monitor so we can connect the SDD monitor!&quot;,
+     &quot;message&quot;: &quot;The USB interface is down, generate the redundant bus so we can quantify the SSL pixel!&quot;,
+     &quot;summary&quot;: &quot;If we copy the bus, we can get to the XML panel through the mobile DRAM program!&quot;,
    },
    {
-     &quot;description&quot;: &quot;I&apos;ll synthesize the back-end JBOD panel, that should pixel the JBOD hard drive!&quot;,
-     &quot;message&quot;: &quot;Use the digital TCP transmitter, then you can generate the optical feed!&quot;,
-     &quot;summary&quot;: &quot;I&apos;ll navigate the 1080p IB matrix, that should bandwidth the SCSI feed!&quot;,
+     &quot;description&quot;: &quot;synthesizing the circuit won&apos;t do anything, we need to hack the mobile TCP capacitor!&quot;,
+     &quot;message&quot;: &quot;We need to back up the optical IP interface!&quot;,
+     &quot;summary&quot;: &quot;We need to bypass the back-end SSD microchip!&quot;,
+   },
+   {
+     &quot;description&quot;: &quot;I&apos;ll index the bluetooth ADP protocol, that should microchip the IB pixel!&quot;,
+     &quot;message&quot;: &quot;Use the haptic COM matrix, then you can copy the wireless pixel!&quot;,
+     &quot;summary&quot;: &quot;Use the back-end RAM hard drive, then you can copy the redundant feed!&quot;,
+   },
+   {
+     &quot;description&quot;: &quot;The UTF8 port is down, generate the back-end alarm so we can reboot the API feed!&quot;,
+     &quot;message&quot;: &quot;Try to bypass the PCI driver, maybe it will reboot the digital array!&quot;,
+     &quot;summary&quot;: &quot;We need to input the back-end TLS interface!&quot;,
    },
  ]

 ❯ src/test-suite-12.spec.ts:21:20
            </failure>
        </testcase>
        <testcase classname="src/test-suite-12.spec.ts" name="&apos;Organic clear-thinking array&apos; &gt; &apos;If we program the firewall, we can ge…&apos;" time="0.000046875">
        </testcase>
        <testcase classname="src/test-suite-12.spec.ts" name="&apos;Organic clear-thinking array&apos; &gt; &apos;We need to navigate the back-end IP c…&apos;" time="0.000272709">
            <failure message="expected [ { …(3) }, { …(3) }, { …(3) }, …(2) ] to deeply equal [ { …(3) }, { …(3) } ]" type="AssertionError">
AssertionError: expected [ { …(3) }, { …(3) }, { …(3) }, …(2) ] to deeply equal [ { …(3) }, { …(3) } ]

- Expected
+ Received

  [
    {
-     &quot;description&quot;: &quot;The JBOD system is down, reboot the 1080p firewall so we can generate the RSS microchip!&quot;,
-     &quot;message&quot;: &quot;You can&apos;t quantify the monitor without parsing the redundant AGP array!&quot;,
-     &quot;summary&quot;: &quot;You can&apos;t back up the firewall without generating the multi-byte COM matrix!&quot;,
+     &quot;description&quot;: &quot;The API driver is down, input the primary alarm so we can connect the USB firewall!&quot;,
+     &quot;message&quot;: &quot;The USB program is down, calculate the wireless system so we can generate the EXE bandwidth!&quot;,
+     &quot;summary&quot;: &quot;The SSL sensor is down, back up the optical array so we can transmit the TLS panel!&quot;,
+   },
+   {
+     &quot;description&quot;: &quot;Try to hack the DNS capacitor, maybe it will generate the wireless circuit!&quot;,
+     &quot;message&quot;: &quot;The GB alarm is down, navigate the primary bandwidth so we can input the JBOD hard drive!&quot;,
+     &quot;summary&quot;: &quot;I&apos;ll bypass the solid state SAS monitor, that should interface the API capacitor!&quot;,
+   },
+   {
+     &quot;description&quot;: &quot;Try to connect the CSS port, maybe it will navigate the online system!&quot;,
+     &quot;message&quot;: &quot;Use the neural ASCII port, then you can synthesize the virtual transmitter!&quot;,
+     &quot;summary&quot;: &quot;Try to navigate the PCI sensor, maybe it will quantify the cross-platform bandwidth!&quot;,
+   },
+   {
+     &quot;description&quot;: &quot;Use the back-end SMS microchip, then you can bypass the back-end card!&quot;,
+     &quot;message&quot;: &quot;The ASCII bandwidth is down, parse the wireless feed so we can index the JBOD pixel!&quot;,
+     &quot;summary&quot;: &quot;If we calculate the firewall, we can get to the PNG feed through the digital OCR sensor!&quot;,
    },
    {
-     &quot;description&quot;: &quot;We need to generate the cross-platform OCR firewall!&quot;,
-     &quot;message&quot;: &quot;Use the multi-byte JSON alarm, then you can copy the neural circuit!&quot;,
-     &quot;summary&quot;: &quot;The HEX program is down, calculate the cross-platform firewall so we can back up the OCR application!&quot;,
+     &quot;description&quot;: &quot;I&apos;ll reboot the 1080p SCSI card, that should matrix the CLI capacitor!&quot;,
+     &quot;message&quot;: &quot;I&apos;ll parse the bluetooth EXE panel, that should circuit the ASCII program!&quot;,
+     &quot;summary&quot;: &quot;You can&apos;t override the feed without generating the multi-byte DNS program!&quot;,
    },
  ]

 ❯ src/test-suite-12.spec.ts:21:20
            </failure>
        </testcase>
        <testcase classname="src/test-suite-12.spec.ts" name="&apos;Organic clear-thinking array&apos; &gt; &apos;If we calculate the panel, we can get…&apos;" time="0.000052959">
        </testcase>
        <testcase classname="src/test-suite-12.spec.ts" name="&apos;Organic clear-thinking array&apos; &gt; &apos;We need to bypass the redundant SCSI …&apos;" time="0.00044">
            <failure message="expected [ { …(3) }, { …(3) }, { …(3) }, …(1) ] to deeply equal [ { …(3) }, { …(3) }, { …(3) }, …(1) ]" type="AssertionError">
AssertionError: expected [ { …(3) }, { …(3) }, { …(3) }, …(1) ] to deeply equal [ { …(3) }, { …(3) }, { …(3) }, …(1) ]

- Expected
+ Received

  [
    {
-     &quot;description&quot;: &quot;Use the haptic RSS protocol, then you can parse the haptic system!&quot;,
-     &quot;message&quot;: &quot;You can&apos;t navigate the driver without calculating the open-source IB panel!&quot;,
-     &quot;summary&quot;: &quot;Try to back up the COM sensor, maybe it will reboot the wireless port!&quot;,
+     &quot;description&quot;: &quot;We need to program the bluetooth RSS capacitor!&quot;,
+     &quot;message&quot;: &quot;You can&apos;t compress the feed without generating the virtual THX application!&quot;,
+     &quot;summary&quot;: &quot;I&apos;ll override the neural API driver, that should program the VGA alarm!&quot;,
    },
    {
-     &quot;description&quot;: &quot;You can&apos;t bypass the system without bypassing the multi-byte THX array!&quot;,
-     &quot;message&quot;: &quot;If we parse the interface, we can get to the SMTP card through the haptic CSS port!&quot;,
-     &quot;summary&quot;: &quot;overriding the alarm won&apos;t do anything, we need to generate the open-source AI card!&quot;,
+     &quot;description&quot;: &quot;quantifying the application won&apos;t do anything, we need to quantify the back-end SCSI program!&quot;,
+     &quot;message&quot;: &quot;Use the primary UDP system, then you can connect the online sensor!&quot;,
+     &quot;summary&quot;: &quot;The GB program is down, back up the open-source interface so we can parse the HDD application!&quot;,
    },
    {
-     &quot;description&quot;: &quot;Try to copy the RSS sensor, maybe it will synthesize the neural circuit!&quot;,
-     &quot;message&quot;: &quot;The RAM firewall is down, index the online circuit so we can compress the EXE interface!&quot;,
-     &quot;summary&quot;: &quot;The USB port is down, compress the auxiliary matrix so we can generate the UDP panel!&quot;,
+     &quot;description&quot;: &quot;We need to compress the solid state SMTP matrix!&quot;,
+     &quot;message&quot;: &quot;If we back up the card, we can get to the HEX circuit through the virtual VGA system!&quot;,
+     &quot;summary&quot;: &quot;calculating the panel won&apos;t do anything, we need to navigate the back-end HTTP capacitor!&quot;,
    },
    {
-     &quot;description&quot;: &quot;You can&apos;t reboot the microchip without generating the optical ASCII card!&quot;,
-     &quot;message&quot;: &quot;We need to compress the multi-byte XML matrix!&quot;,
-     &quot;summary&quot;: &quot;I&apos;ll override the back-end HDD pixel, that should application the UTF8 protocol!&quot;,
+     &quot;description&quot;: &quot;You can&apos;t compress the program without transmitting the mobile API sensor!&quot;,
+     &quot;message&quot;: &quot;generating the bandwidth won&apos;t do anything, we need to synthesize the open-source HEX panel!&quot;,
+     &quot;summary&quot;: &quot;If we bypass the panel, we can get to the TCP card through the multi-byte JSON monitor!&quot;,
    },
  ]

 ❯ src/test-suite-12.spec.ts:21:20
            </failure>
        </testcase>
        <testcase classname="src/test-suite-12.spec.ts" name="&apos;Organic clear-thinking array&apos; &gt; &apos;The HDD application is down, transmit…&apos;" time="0.000085417">
        </testcase>
        <testcase classname="src/test-suite-12.spec.ts" name="&apos;Organic clear-thinking array&apos; &gt; &apos;If we synthesize the card, we can get…&apos;" time="0.000258042">
            <failure message="expected [ { …(3) }, { …(3) }, { …(3) } ] to deeply equal [ { …(3) }, { …(3) } ]" type="AssertionError">
AssertionError: expected [ { …(3) }, { …(3) }, { …(3) } ] to deeply equal [ { …(3) }, { …(3) } ]

- Expected
+ Received

  [
    {
-     &quot;description&quot;: &quot;The SSL program is down, calculate the back-end bus so we can copy the CLI capacitor!&quot;,
-     &quot;message&quot;: &quot;I&apos;ll program the neural THX circuit, that should protocol the SQL interface!&quot;,
-     &quot;summary&quot;: &quot;overriding the panel won&apos;t do anything, we need to parse the solid state COM firewall!&quot;,
+     &quot;description&quot;: &quot;If we hack the monitor, we can get to the DNS panel through the multi-byte IP transmitter!&quot;,
+     &quot;message&quot;: &quot;navigating the transmitter won&apos;t do anything, we need to copy the multi-byte THX circuit!&quot;,
+     &quot;summary&quot;: &quot;You can&apos;t quantify the circuit without compressing the solid state CLI panel!&quot;,
+   },
+   {
+     &quot;description&quot;: &quot;I&apos;ll quantify the multi-byte HEX program, that should alarm the ADP array!&quot;,
+     &quot;message&quot;: &quot;hacking the driver won&apos;t do anything, we need to copy the mobile SMS interface!&quot;,
+     &quot;summary&quot;: &quot;We need to program the wireless IP matrix!&quot;,
    },
    {
-     &quot;description&quot;: &quot;I&apos;ll generate the cross-platform UTF8 capacitor, that should hard drive the USB capacitor!&quot;,
-     &quot;message&quot;: &quot;If we transmit the panel, we can get to the AI protocol through the wireless HTTP card!&quot;,
-     &quot;summary&quot;: &quot;Use the multi-byte JBOD program, then you can hack the primary sensor!&quot;,
+     &quot;description&quot;: &quot;If we back up the sensor, we can get to the HEX interface through the 1080p AI card!&quot;,
+     &quot;message&quot;: &quot;Try to override the AGP alarm, maybe it will parse the open-source hard drive!&quot;,
+     &quot;summary&quot;: &quot;generating the matrix won&apos;t do anything, we need to program the optical API matrix!&quot;,
    },
  ]

 ❯ src/test-suite-12.spec.ts:21:20
            </failure>
        </testcase>
        <testcase classname="src/test-suite-12.spec.ts" name="&apos;Organic clear-thinking array&apos; &gt; &apos;You can\&apos;t quantify the program witho…&apos;" time="0.000057417">
        </testcase>
        <testcase classname="src/test-suite-12.spec.ts" name="&apos;Organic clear-thinking array&apos; &gt; &apos;navigating the system won\&apos;t do anyth…&apos;" time="0.000306">
            <failure message="expected [ { …(3) }, { …(3) }, { …(3) }, …(2) ] to deeply equal [ { …(3) }, { …(3) }, { …(3) } ]" type="AssertionError">
AssertionError: expected [ { …(3) }, { …(3) }, { …(3) }, …(2) ] to deeply equal [ { …(3) }, { …(3) }, { …(3) } ]

- Expected
+ Received

  [
    {
-     &quot;description&quot;: &quot;You can&apos;t input the bus without backing up the redundant COM card!&quot;,
-     &quot;message&quot;: &quot;Use the back-end IB system, then you can transmit the 1080p microchip!&quot;,
-     &quot;summary&quot;: &quot;Use the digital DNS circuit, then you can calculate the open-source microchip!&quot;,
+     &quot;description&quot;: &quot;If we connect the driver, we can get to the UTF8 system through the primary TLS program!&quot;,
+     &quot;message&quot;: &quot;I&apos;ll program the bluetooth API system, that should card the SMTP program!&quot;,
+     &quot;summary&quot;: &quot;We need to navigate the haptic ASCII alarm!&quot;,
    },
    {
-     &quot;description&quot;: &quot;Use the redundant JBOD panel, then you can navigate the optical bandwidth!&quot;,
-     &quot;message&quot;: &quot;Use the back-end HTTP monitor, then you can connect the cross-platform pixel!&quot;,
-     &quot;summary&quot;: &quot;Try to program the DNS card, maybe it will override the primary program!&quot;,
+     &quot;description&quot;: &quot;The XML capacitor is down, quantify the digital microchip so we can connect the CLI feed!&quot;,
+     &quot;message&quot;: &quot;I&apos;ll reboot the auxiliary USB panel, that should interface the UDP feed!&quot;,
+     &quot;summary&quot;: &quot;You can&apos;t copy the bus without parsing the virtual PNG bandwidth!&quot;,
    },
    {
-     &quot;description&quot;: &quot;Try to copy the HTTP program, maybe it will navigate the multi-byte alarm!&quot;,
-     &quot;message&quot;: &quot;Use the virtual SMTP interface, then you can parse the neural interface!&quot;,
-     &quot;summary&quot;: &quot;hacking the microchip won&apos;t do anything, we need to transmit the virtual SSD microchip!&quot;,
+     &quot;description&quot;: &quot;bypassing the feed won&apos;t do anything, we need to compress the wireless GB alarm!&quot;,
+     &quot;message&quot;: &quot;We need to copy the neural CSS system!&quot;,
+     &quot;summary&quot;: &quot;The SAS transmitter is down, index the bluetooth application so we can copy the SSD panel!&quot;,
+   },
+   {
+     &quot;description&quot;: &quot;We need to input the optical RSS monitor!&quot;,
+     &quot;message&quot;: &quot;You can&apos;t quantify the array without synthesizing the primary HEX protocol!&quot;,
+     &quot;summary&quot;: &quot;Try to input the UDP port, maybe it will calculate the primary driver!&quot;,
+   },
+   {
+     &quot;description&quot;: &quot;The SMTP capacitor is down, quantify the virtual program so we can synthesize the UDP bandwidth!&quot;,
+     &quot;message&quot;: &quot;Use the haptic FTP matrix, then you can back up the open-source card!&quot;,
+     &quot;summary&quot;: &quot;If we synthesize the card, we can get to the FTP interface through the open-source SSD capacitor!&quot;,
    },
  ]

 ❯ src/test-suite-12.spec.ts:21:20
            </failure>
        </testcase>
        <testcase classname="src/test-suite-12.spec.ts" name="&apos;Organic clear-thinking array&apos; &gt; &apos;If we index the matrix, we can get to…&apos;" time="0.000055042">
        </testcase>
        <testcase classname="src/test-suite-12.spec.ts" name="&apos;Organic clear-thinking array&apos; &gt; &apos;You can\&apos;t calculate the capacitor wi…&apos;" time="0.000212625">
            <failure message="expected [ { …(3) }, { …(3) }, { …(3) } ] to deeply equal [ { …(3) }, { …(3) } ]" type="AssertionError">
AssertionError: expected [ { …(3) }, { …(3) }, { …(3) } ] to deeply equal [ { …(3) }, { …(3) } ]

- Expected
+ Received

  [
    {
-     &quot;description&quot;: &quot;If we input the interface, we can get to the SDD protocol through the auxiliary TCP program!&quot;,
-     &quot;message&quot;: &quot;Use the open-source UDP bus, then you can navigate the virtual system!&quot;,
-     &quot;summary&quot;: &quot;If we index the protocol, we can get to the SAS program through the digital SDD transmitter!&quot;,
+     &quot;description&quot;: &quot;The UTF8 matrix is down, navigate the primary protocol so we can calculate the RSS monitor!&quot;,
+     &quot;message&quot;: &quot;Use the primary API transmitter, then you can back up the auxiliary card!&quot;,
+     &quot;summary&quot;: &quot;Try to input the CSS pixel, maybe it will transmit the online system!&quot;,
+   },
+   {
+     &quot;description&quot;: &quot;The FTP alarm is down, transmit the multi-byte sensor so we can override the HDD bus!&quot;,
+     &quot;message&quot;: &quot;The API transmitter is down, connect the 1080p circuit so we can program the HEX application!&quot;,
+     &quot;summary&quot;: &quot;We need to generate the solid state SAS card!&quot;,
    },
    {
-     &quot;description&quot;: &quot;Try to reboot the SMTP bandwidth, maybe it will copy the back-end bandwidth!&quot;,
-     &quot;message&quot;: &quot;calculating the alarm won&apos;t do anything, we need to hack the neural TCP alarm!&quot;,
-     &quot;summary&quot;: &quot;I&apos;ll bypass the redundant SSD protocol, that should card the EXE alarm!&quot;,
+     &quot;description&quot;: &quot;bypassing the panel won&apos;t do anything, we need to input the multi-byte JBOD bus!&quot;,
+     &quot;message&quot;: &quot;connecting the application won&apos;t do anything, we need to quantify the multi-byte AGP capacitor!&quot;,
+     &quot;summary&quot;: &quot;Try to hack the UTF8 feed, maybe it will generate the solid state interface!&quot;,
    },
  ]

 ❯ src/test-suite-12.spec.ts:21:20
            </failure>
        </testcase>
        <testcase classname="src/test-suite-12.spec.ts" name="&apos;Organic clear-thinking array&apos; &gt; &apos;You can\&apos;t reboot the system without …&apos;" time="0.000059042">
        </testcase>
        <testcase classname="src/test-suite-12.spec.ts" name="&apos;Organic clear-thinking array&apos; &gt; &apos;Use the virtual JBOD bus, then you ca…&apos;" time="0.000245333">
            <failure message="expected [ { …(3) }, { …(3) }, { …(3) } ] to deeply equal [ { …(3) }, { …(3) }, { …(3) } ]" type="AssertionError">
AssertionError: expected [ { …(3) }, { …(3) }, { …(3) } ] to deeply equal [ { …(3) }, { …(3) }, { …(3) } ]

- Expected
+ Received

  [
    {
-     &quot;description&quot;: &quot;Use the redundant JBOD hard drive, then you can hack the mobile protocol!&quot;,
-     &quot;message&quot;: &quot;I&apos;ll calculate the open-source SMS driver, that should bus the THX port!&quot;,
-     &quot;summary&quot;: &quot;We need to generate the auxiliary USB feed!&quot;,
+     &quot;description&quot;: &quot;Use the wireless XSS bus, then you can compress the wireless port!&quot;,
+     &quot;message&quot;: &quot;Try to hack the SCSI matrix, maybe it will back up the online driver!&quot;,
+     &quot;summary&quot;: &quot;Use the back-end USB bus, then you can calculate the solid state feed!&quot;,
    },
    {
-     &quot;description&quot;: &quot;Use the auxiliary SMS interface, then you can parse the mobile card!&quot;,
-     &quot;message&quot;: &quot;You can&apos;t program the circuit without hacking the haptic SSL circuit!&quot;,
-     &quot;summary&quot;: &quot;generating the port won&apos;t do anything, we need to synthesize the online CSS circuit!&quot;,
+     &quot;description&quot;: &quot;Try to parse the AI driver, maybe it will navigate the digital transmitter!&quot;,
+     &quot;message&quot;: &quot;I&apos;ll parse the optical UDP microchip, that should monitor the PNG feed!&quot;,
+     &quot;summary&quot;: &quot;navigating the bandwidth won&apos;t do anything, we need to input the 1080p RAM array!&quot;,
    },
    {
-     &quot;description&quot;: &quot;The JBOD alarm is down, connect the haptic microchip so we can override the SMS application!&quot;,
-     &quot;message&quot;: &quot;Use the digital DRAM bandwidth, then you can transmit the online bus!&quot;,
-     &quot;summary&quot;: &quot;You can&apos;t program the microchip without overriding the haptic AI driver!&quot;,
+     &quot;description&quot;: &quot;parsing the pixel won&apos;t do anything, we need to parse the virtual SSD array!&quot;,
+     &quot;message&quot;: &quot;If we generate the firewall, we can get to the GB driver through the open-source RAM card!&quot;,
+     &quot;summary&quot;: &quot;The SMS monitor is down, quantify the wireless driver so we can input the FTP firewall!&quot;,
    },
  ]

 ❯ src/test-suite-12.spec.ts:21:20
            </failure>
        </testcase>
        <testcase classname="src/test-suite-12.spec.ts" name="&apos;Organic clear-thinking array&apos; &gt; &apos;Use the optical HTTP array, then you …&apos;" time="0.000045833">
        </testcase>
        <testcase classname="src/test-suite-12.spec.ts" name="&apos;Organic clear-thinking array&apos; &gt; &apos;If we back up the firewall, we can ge…&apos;" time="0.00025625">
            <failure message="expected [ { …(3) }, { …(3) }, { …(3) }, …(2) ] to deeply equal [ { …(3) }, { …(3) } ]" type="AssertionError">
AssertionError: expected [ { …(3) }, { …(3) }, { …(3) }, …(2) ] to deeply equal [ { …(3) }, { …(3) } ]

- Expected
+ Received

  [
    {
-     &quot;description&quot;: &quot;Try to parse the FTP driver, maybe it will navigate the virtual port!&quot;,
-     &quot;message&quot;: &quot;If we navigate the driver, we can get to the SAS pixel through the primary JSON application!&quot;,
-     &quot;summary&quot;: &quot;Use the neural XML alarm, then you can transmit the cross-platform alarm!&quot;,
+     &quot;description&quot;: &quot;We need to hack the primary PCI protocol!&quot;,
+     &quot;message&quot;: &quot;If we navigate the driver, we can get to the TCP protocol through the cross-platform ASCII protocol!&quot;,
+     &quot;summary&quot;: &quot;Try to input the IB microchip, maybe it will transmit the solid state program!&quot;,
+   },
+   {
+     &quot;description&quot;: &quot;You can&apos;t calculate the protocol without parsing the virtual API application!&quot;,
+     &quot;message&quot;: &quot;You can&apos;t reboot the bandwidth without indexing the virtual UDP matrix!&quot;,
+     &quot;summary&quot;: &quot;You can&apos;t synthesize the hard drive without connecting the cross-platform XML circuit!&quot;,
+   },
+   {
+     &quot;description&quot;: &quot;If we calculate the circuit, we can get to the SMS transmitter through the redundant IP interface!&quot;,
+     &quot;message&quot;: &quot;compressing the program won&apos;t do anything, we need to transmit the redundant DNS protocol!&quot;,
+     &quot;summary&quot;: &quot;Try to override the SSL array, maybe it will index the digital transmitter!&quot;,
+   },
+   {
+     &quot;description&quot;: &quot;You can&apos;t transmit the port without generating the digital SMS firewall!&quot;,
+     &quot;message&quot;: &quot;Use the bluetooth CSS port, then you can program the cross-platform protocol!&quot;,
+     &quot;summary&quot;: &quot;If we transmit the capacitor, we can get to the SSD capacitor through the redundant PNG bus!&quot;,
    },
    {
-     &quot;description&quot;: &quot;I&apos;ll override the primary SMS application, that should circuit the SMTP matrix!&quot;,
-     &quot;message&quot;: &quot;If we program the alarm, we can get to the IB application through the bluetooth SDD hard drive!&quot;,
-     &quot;summary&quot;: &quot;We need to connect the primary UDP firewall!&quot;,
+     &quot;description&quot;: &quot;We need to index the redundant XML microchip!&quot;,
+     &quot;message&quot;: &quot;overriding the pixel won&apos;t do anything, we need to generate the neural JSON sensor!&quot;,
+     &quot;summary&quot;: &quot;Use the back-end IP driver, then you can back up the wireless port!&quot;,
    },
  ]

 ❯ src/test-suite-12.spec.ts:21:20
            </failure>
        </testcase>
        <testcase classname="src/test-suite-12.spec.ts" name="&apos;Organic clear-thinking array&apos; &gt; &apos;We need to compress the bluetooth SSD…&apos;" time="0.000039">
        </testcase>
        <testcase classname="src/test-suite-12.spec.ts" name="&apos;Organic clear-thinking array&apos; &gt; &apos;If we connect the panel, we can get t…&apos;" time="0.000203666">
            <failure message="expected [ { …(3) }, { …(3) }, { …(3) } ] to deeply equal [ { …(3) }, { …(3) } ]" type="AssertionError">
AssertionError: expected [ { …(3) }, { …(3) }, { …(3) } ] to deeply equal [ { …(3) }, { …(3) } ]

- Expected
+ Received

  [
    {
-     &quot;description&quot;: &quot;I&apos;ll index the neural SSD array, that should protocol the XML alarm!&quot;,
-     &quot;message&quot;: &quot;We need to parse the cross-platform XML matrix!&quot;,
-     &quot;summary&quot;: &quot;backing up the pixel won&apos;t do anything, we need to reboot the 1080p SDD bandwidth!&quot;,
+     &quot;description&quot;: &quot;If we program the feed, we can get to the HDD transmitter through the online SDD driver!&quot;,
+     &quot;message&quot;: &quot;We need to override the virtual ADP alarm!&quot;,
+     &quot;summary&quot;: &quot;Try to generate the UTF8 circuit, maybe it will program the bluetooth card!&quot;,
+   },
+   {
+     &quot;description&quot;: &quot;We need to reboot the optical API application!&quot;,
+     &quot;message&quot;: &quot;Try to reboot the PNG matrix, maybe it will bypass the mobile driver!&quot;,
+     &quot;summary&quot;: &quot;Use the auxiliary AI program, then you can input the open-source panel!&quot;,
    },
    {
-     &quot;description&quot;: &quot;calculating the pixel won&apos;t do anything, we need to compress the digital SAS protocol!&quot;,
-     &quot;message&quot;: &quot;We need to override the neural SQL sensor!&quot;,
-     &quot;summary&quot;: &quot;We need to copy the wireless SSD driver!&quot;,
+     &quot;description&quot;: &quot;Try to transmit the JSON matrix, maybe it will index the redundant program!&quot;,
+     &quot;message&quot;: &quot;Try to back up the SSL microchip, maybe it will parse the virtual port!&quot;,
+     &quot;summary&quot;: &quot;Try to index the TLS hard drive, maybe it will index the open-source system!&quot;,
    },
  ]

 ❯ src/test-suite-12.spec.ts:21:20
            </failure>
        </testcase>
        <testcase classname="src/test-suite-12.spec.ts" name="&apos;Organic clear-thinking array&apos; &gt; &apos;Try to input the JSON interface, mayb…&apos;" time="0.000049583">
        </testcase>
        <testcase classname="src/test-suite-12.spec.ts" name="&apos;Organic clear-thinking array&apos; &gt; &apos;Try to parse the ADP card, maybe it w…&apos;" time="0.000188042">
            <failure message="expected [ { …(3) }, { …(3) } ] to deeply equal [ { …(3) }, { …(3) } ]" type="AssertionError">
AssertionError: expected [ { …(3) }, { …(3) } ] to deeply equal [ { …(3) }, { …(3) } ]

- Expected
+ Received

  [
    {
-     &quot;description&quot;: &quot;You can&apos;t back up the port without overriding the wireless IP transmitter!&quot;,
-     &quot;message&quot;: &quot;synthesizing the port won&apos;t do anything, we need to quantify the online PNG feed!&quot;,
-     &quot;summary&quot;: &quot;We need to quantify the haptic RAM bandwidth!&quot;,
+     &quot;description&quot;: &quot;I&apos;ll hack the solid state SDD bandwidth, that should sensor the AGP interface!&quot;,
+     &quot;message&quot;: &quot;We need to generate the optical RSS alarm!&quot;,
+     &quot;summary&quot;: &quot;parsing the transmitter won&apos;t do anything, we need to navigate the haptic SQL pixel!&quot;,
    },
    {
-     &quot;description&quot;: &quot;The ASCII pixel is down, input the multi-byte pixel so we can navigate the DRAM transmitter!&quot;,
-     &quot;message&quot;: &quot;parsing the program won&apos;t do anything, we need to generate the mobile CLI array!&quot;,
-     &quot;summary&quot;: &quot;If we parse the capacitor, we can get to the THX circuit through the digital ADP card!&quot;,
+     &quot;description&quot;: &quot;Try to program the UTF8 sensor, maybe it will override the neural matrix!&quot;,
+     &quot;message&quot;: &quot;You can&apos;t calculate the panel without navigating the wireless IP monitor!&quot;,
+     &quot;summary&quot;: &quot;Try to synthesize the SSL circuit, maybe it will synthesize the digital interface!&quot;,
    },
  ]

 ❯ src/test-suite-12.spec.ts:21:20
            </failure>
        </testcase>
        <testcase classname="src/test-suite-12.spec.ts" name="&apos;Organic clear-thinking array&apos; &gt; &apos;I\&apos;ll index the back-end ADP capacito…&apos;" time="0.000037083">
        </testcase>
        <testcase classname="src/test-suite-12.spec.ts" name="&apos;Organic clear-thinking array&apos; &gt; &apos;We need to connect the redundant USB …&apos;" time="0.001530125">
            <failure message="expected [ { …(3) }, { …(3) }, { …(3) } ] to deeply equal [ { …(3) }, { …(3) }, { …(3) }, …(2) ]" type="AssertionError">
AssertionError: expected [ { …(3) }, { …(3) }, { …(3) } ] to deeply equal [ { …(3) }, { …(3) }, { …(3) }, …(2) ]

- Expected
+ Received

  [
    {
-     &quot;description&quot;: &quot;We need to program the neural TCP array!&quot;,
-     &quot;message&quot;: &quot;backing up the bus won&apos;t do anything, we need to bypass the online DRAM sensor!&quot;,
-     &quot;summary&quot;: &quot;You can&apos;t reboot the interface without generating the optical SSD firewall!&quot;,
+     &quot;description&quot;: &quot;I&apos;ll input the primary AI transmitter, that should program the SDD microchip!&quot;,
+     &quot;message&quot;: &quot;I&apos;ll hack the digital SSL system, that should protocol the PCI array!&quot;,
+     &quot;summary&quot;: &quot;I&apos;ll bypass the virtual HDD interface, that should application the API array!&quot;,
    },
    {
-     &quot;description&quot;: &quot;The COM monitor is down, input the open-source circuit so we can override the RSS panel!&quot;,
-     &quot;message&quot;: &quot;I&apos;ll back up the primary UDP matrix, that should matrix the SCSI alarm!&quot;,
-     &quot;summary&quot;: &quot;The DNS protocol is down, transmit the auxiliary circuit so we can input the OCR port!&quot;,
+     &quot;description&quot;: &quot;Use the bluetooth SSD array, then you can copy the wireless hard drive!&quot;,
+     &quot;message&quot;: &quot;You can&apos;t input the alarm without navigating the virtual AI matrix!&quot;,
+     &quot;summary&quot;: &quot;Use the digital IB alarm, then you can transmit the haptic pixel!&quot;,
    },
    {
-     &quot;description&quot;: &quot;I&apos;ll synthesize the multi-byte DRAM bandwidth, that should alarm the TLS bus!&quot;,
-     &quot;message&quot;: &quot;Try to navigate the HTTP sensor, maybe it will hack the primary card!&quot;,
-     &quot;summary&quot;: &quot;backing up the feed won&apos;t do anything, we need to hack the neural UTF8 program!&quot;,
-   },
-   {
-     &quot;description&quot;: &quot;Try to navigate the SMS bandwidth, maybe it will bypass the primary alarm!&quot;,
-     &quot;message&quot;: &quot;You can&apos;t back up the port without navigating the multi-byte CLI monitor!&quot;,
-     &quot;summary&quot;: &quot;Use the bluetooth HTTP feed, then you can synthesize the back-end alarm!&quot;,
-   },
-   {
-     &quot;description&quot;: &quot;The JSON alarm is down, compress the optical bandwidth so we can generate the UDP hard drive!&quot;,
-     &quot;message&quot;: &quot;backing up the hard drive won&apos;t do anything, we need to synthesize the wireless HDD port!&quot;,
-     &quot;summary&quot;: &quot;I&apos;ll connect the cross-platform UTF8 system, that should system the JBOD port!&quot;,
+     &quot;description&quot;: &quot;We need to override the redundant IB circuit!&quot;,
+     &quot;message&quot;: &quot;Use the multi-byte COM alarm, then you can program the back-end application!&quot;,
+     &quot;summary&quot;: &quot;I&apos;ll compress the optical JBOD hard drive, that should bus the XML alarm!&quot;,
    },
  ]

 ❯ src/test-suite-12.spec.ts:21:20
            </failure>
        </testcase>
        <testcase classname="src/test-suite-12.spec.ts" name="&apos;Organic clear-thinking array&apos; &gt; &apos;I\&apos;ll override the back-end DNS feed,…&apos;" time="0.000067958">
        </testcase>
        <testcase classname="src/test-suite-12.spec.ts" name="&apos;Organic clear-thinking array&apos; &gt; &apos;If we reboot the application, we can …&apos;" time="0.00031375">
            <failure message="expected [ { …(3) }, { …(3) }, { …(3) }, …(2) ] to deeply equal [ { …(3) }, { …(3) }, { …(3) } ]" type="AssertionError">
AssertionError: expected [ { …(3) }, { …(3) }, { …(3) }, …(2) ] to deeply equal [ { …(3) }, { …(3) }, { …(3) } ]

- Expected
+ Received

  [
    {
-     &quot;description&quot;: &quot;I&apos;ll reboot the mobile USB array, that should array the JSON feed!&quot;,
-     &quot;message&quot;: &quot;Try to generate the EXE application, maybe it will calculate the open-source circuit!&quot;,
-     &quot;summary&quot;: &quot;We need to reboot the online XML transmitter!&quot;,
+     &quot;description&quot;: &quot;We need to bypass the wireless CSS alarm!&quot;,
+     &quot;message&quot;: &quot;You can&apos;t calculate the protocol without hacking the solid state XML microchip!&quot;,
+     &quot;summary&quot;: &quot;Try to copy the SMS driver, maybe it will generate the back-end panel!&quot;,
    },
    {
-     &quot;description&quot;: &quot;You can&apos;t back up the array without bypassing the digital THX interface!&quot;,
-     &quot;message&quot;: &quot;We need to input the auxiliary HDD protocol!&quot;,
-     &quot;summary&quot;: &quot;We need to calculate the back-end OCR matrix!&quot;,
+     &quot;description&quot;: &quot;Try to transmit the COM system, maybe it will generate the neural firewall!&quot;,
+     &quot;message&quot;: &quot;The DRAM array is down, synthesize the bluetooth alarm so we can index the API array!&quot;,
+     &quot;summary&quot;: &quot;The UDP array is down, quantify the redundant interface so we can copy the ADP hard drive!&quot;,
    },
    {
-     &quot;description&quot;: &quot;If we copy the card, we can get to the PCI alarm through the neural VGA pixel!&quot;,
-     &quot;message&quot;: &quot;You can&apos;t transmit the hard drive without compressing the online ASCII hard drive!&quot;,
-     &quot;summary&quot;: &quot;If we input the port, we can get to the VGA hard drive through the mobile SMS driver!&quot;,
+     &quot;description&quot;: &quot;We need to bypass the optical SSL port!&quot;,
+     &quot;message&quot;: &quot;Try to copy the CLI alarm, maybe it will program the wireless program!&quot;,
+     &quot;summary&quot;: &quot;If we program the driver, we can get to the SAS bandwidth through the back-end VGA protocol!&quot;,
+   },
+   {
+     &quot;description&quot;: &quot;You can&apos;t override the program without overriding the primary ADP firewall!&quot;,
+     &quot;message&quot;: &quot;We need to quantify the bluetooth FTP bus!&quot;,
+     &quot;summary&quot;: &quot;generating the feed won&apos;t do anything, we need to generate the primary DRAM microchip!&quot;,
+   },
+   {
+     &quot;description&quot;: &quot;You can&apos;t compress the monitor without navigating the 1080p SMTP alarm!&quot;,
+     &quot;message&quot;: &quot;Use the solid state RSS transmitter, then you can reboot the wireless sensor!&quot;,
+     &quot;summary&quot;: &quot;If we parse the feed, we can get to the SSL port through the open-source RSS card!&quot;,
    },
  ]

 ❯ src/test-suite-12.spec.ts:21:20
            </failure>
        </testcase>
        <testcase classname="src/test-suite-12.spec.ts" name="&apos;Automated logistical hub&apos; &gt; &apos;The COM bandwidth is down, bypass the…&apos;" time="0.000291542">
            <failure message="expected [ { …(3) }, { …(3) }, { …(3) }, …(1) ] to deeply equal [ { …(3) }, { …(3) }, { …(3) }, …(1) ]" type="AssertionError">
AssertionError: expected [ { …(3) }, { …(3) }, { …(3) }, …(1) ] to deeply equal [ { …(3) }, { …(3) }, { …(3) }, …(1) ]

- Expected
+ Received

  [
    {
-     &quot;description&quot;: &quot;If we override the protocol, we can get to the XML port through the bluetooth PCI card!&quot;,
-     &quot;message&quot;: &quot;Try to back up the PNG transmitter, maybe it will copy the bluetooth feed!&quot;,
-     &quot;summary&quot;: &quot;overriding the bus won&apos;t do anything, we need to input the virtual HEX monitor!&quot;,
+     &quot;description&quot;: &quot;Use the primary API bus, then you can program the multi-byte microchip!&quot;,
+     &quot;message&quot;: &quot;Try to transmit the SAS protocol, maybe it will compress the 1080p card!&quot;,
+     &quot;summary&quot;: &quot;I&apos;ll generate the solid state CLI transmitter, that should microchip the HEX transmitter!&quot;,
    },
    {
-     &quot;description&quot;: &quot;The USB circuit is down, copy the optical array so we can synthesize the COM transmitter!&quot;,
-     &quot;message&quot;: &quot;The SSD microchip is down, input the cross-platform application so we can input the SMS pixel!&quot;,
-     &quot;summary&quot;: &quot;You can&apos;t connect the hard drive without overriding the 1080p SDD system!&quot;,
+     &quot;description&quot;: &quot;I&apos;ll input the primary SAS bandwidth, that should monitor the API circuit!&quot;,
+     &quot;message&quot;: &quot;Use the redundant PNG interface, then you can program the cross-platform interface!&quot;,
+     &quot;summary&quot;: &quot;We need to back up the primary THX application!&quot;,
    },
    {
-     &quot;description&quot;: &quot;programming the array won&apos;t do anything, we need to calculate the online JSON bandwidth!&quot;,
-     &quot;message&quot;: &quot;We need to index the back-end IP driver!&quot;,
-     &quot;summary&quot;: &quot;connecting the circuit won&apos;t do anything, we need to program the cross-platform XML feed!&quot;,
+     &quot;description&quot;: &quot;If we compress the feed, we can get to the COM monitor through the digital JBOD array!&quot;,
+     &quot;message&quot;: &quot;We need to bypass the primary JSON array!&quot;,
+     &quot;summary&quot;: &quot;If we parse the hard drive, we can get to the API protocol through the mobile PNG alarm!&quot;,
    },
    {
-     &quot;description&quot;: &quot;Try to reboot the TLS transmitter, maybe it will quantify the back-end port!&quot;,
-     &quot;message&quot;: &quot;Try to compress the IP microchip, maybe it will connect the primary hard drive!&quot;,
-     &quot;summary&quot;: &quot;Try to reboot the RSS pixel, maybe it will quantify the digital firewall!&quot;,
+     &quot;description&quot;: &quot;The TCP system is down, parse the back-end circuit so we can bypass the XML firewall!&quot;,
+     &quot;message&quot;: &quot;I&apos;ll program the redundant UTF8 microchip, that should microchip the UDP bandwidth!&quot;,
+     &quot;summary&quot;: &quot;The API circuit is down, back up the neural program so we can generate the SMTP matrix!&quot;,
    },
  ]

 ❯ src/test-suite-12.spec.ts:21:20
            </failure>
        </testcase>
        <testcase classname="src/test-suite-12.spec.ts" name="&apos;Automated logistical hub&apos; &gt; &apos;transmitting the pixel won\&apos;t do anyt…&apos;" time="0.000051583">
        </testcase>
        <testcase classname="src/test-suite-12.spec.ts" name="&apos;Automated logistical hub&apos; &gt; &apos;synthesizing the circuit won\&apos;t do an…&apos;" time="0.000310375">
            <failure message="expected [ { …(3) }, { …(3) }, { …(3) }, …(2) ] to deeply equal [ { …(3) }, { …(3) }, { …(3) } ]" type="AssertionError">
AssertionError: expected [ { …(3) }, { …(3) }, { …(3) }, …(2) ] to deeply equal [ { …(3) }, { …(3) }, { …(3) } ]

- Expected
+ Received

  [
    {
-     &quot;description&quot;: &quot;We need to index the cross-platform SSD hard drive!&quot;,
-     &quot;message&quot;: &quot;We need to calculate the wireless AI pixel!&quot;,
-     &quot;summary&quot;: &quot;The UDP port is down, connect the auxiliary alarm so we can copy the RSS card!&quot;,
+     &quot;description&quot;: &quot;Try to input the XSS system, maybe it will input the optical firewall!&quot;,
+     &quot;message&quot;: &quot;overriding the microchip won&apos;t do anything, we need to compress the redundant SCSI system!&quot;,
+     &quot;summary&quot;: &quot;Use the primary GB protocol, then you can connect the wireless port!&quot;,
    },
    {
-     &quot;description&quot;: &quot;Use the neural SSD card, then you can bypass the neural panel!&quot;,
-     &quot;message&quot;: &quot;connecting the capacitor won&apos;t do anything, we need to back up the primary XML firewall!&quot;,
-     &quot;summary&quot;: &quot;Use the haptic IB card, then you can reboot the multi-byte pixel!&quot;,
+     &quot;description&quot;: &quot;I&apos;ll bypass the digital IB feed, that should interface the XML circuit!&quot;,
+     &quot;message&quot;: &quot;I&apos;ll synthesize the online CLI driver, that should transmitter the TLS capacitor!&quot;,
+     &quot;summary&quot;: &quot;We need to parse the 1080p IP hard drive!&quot;,
    },
    {
-     &quot;description&quot;: &quot;quantifying the pixel won&apos;t do anything, we need to override the auxiliary THX system!&quot;,
-     &quot;message&quot;: &quot;If we hack the pixel, we can get to the IB hard drive through the primary EXE transmitter!&quot;,
-     &quot;summary&quot;: &quot;You can&apos;t index the sensor without programming the multi-byte TCP panel!&quot;,
+     &quot;description&quot;: &quot;You can&apos;t override the microchip without compressing the primary RSS driver!&quot;,
+     &quot;message&quot;: &quot;navigating the card won&apos;t do anything, we need to quantify the digital HDD panel!&quot;,
+     &quot;summary&quot;: &quot;navigating the panel won&apos;t do anything, we need to index the open-source PNG monitor!&quot;,
+   },
+   {
+     &quot;description&quot;: &quot;Use the neural GB transmitter, then you can bypass the neural system!&quot;,
+     &quot;message&quot;: &quot;indexing the alarm won&apos;t do anything, we need to compress the optical TCP sensor!&quot;,
+     &quot;summary&quot;: &quot;We need to copy the bluetooth JBOD microchip!&quot;,
+   },
+   {
+     &quot;description&quot;: &quot;You can&apos;t calculate the port without copying the wireless CSS capacitor!&quot;,
+     &quot;message&quot;: &quot;Use the cross-platform SCSI alarm, then you can generate the bluetooth sensor!&quot;,
+     &quot;summary&quot;: &quot;overriding the array won&apos;t do anything, we need to back up the virtual SQL interface!&quot;,
    },
  ]

 ❯ src/test-suite-12.spec.ts:21:20
            </failure>
        </testcase>
        <testcase classname="src/test-suite-12.spec.ts" name="&apos;Automated logistical hub&apos; &gt; &apos;generating the capacitor won\&apos;t do an…&apos;" time="0.000054375">
        </testcase>
        <testcase classname="src/test-suite-12.spec.ts" name="&apos;Automated logistical hub&apos; &gt; &apos;I\&apos;ll quantify the auxiliary HDD matr…&apos;" time="0.000322167">
            <failure message="expected [ { …(3) }, { …(3) }, { …(3) }, …(2) ] to deeply equal [ { …(3) }, { …(3) }, { …(3) }, …(2) ]" type="AssertionError">
AssertionError: expected [ { …(3) }, { …(3) }, { …(3) }, …(2) ] to deeply equal [ { …(3) }, { …(3) }, { …(3) }, …(2) ]

- Expected
+ Received

  [
    {
-     &quot;description&quot;: &quot;Use the wireless IB monitor, then you can calculate the online protocol!&quot;,
-     &quot;message&quot;: &quot;You can&apos;t generate the application without parsing the bluetooth GB system!&quot;,
-     &quot;summary&quot;: &quot;Try to program the JSON system, maybe it will parse the solid state hard drive!&quot;,
+     &quot;description&quot;: &quot;The DRAM bandwidth is down, hack the cross-platform protocol so we can index the SMTP bandwidth!&quot;,
+     &quot;message&quot;: &quot;If we parse the hard drive, we can get to the SDD interface through the virtual SDD alarm!&quot;,
+     &quot;summary&quot;: &quot;generating the sensor won&apos;t do anything, we need to index the primary TCP matrix!&quot;,
    },
    {
-     &quot;description&quot;: &quot;We need to compress the haptic THX hard drive!&quot;,
-     &quot;message&quot;: &quot;We need to synthesize the neural JSON alarm!&quot;,
-     &quot;summary&quot;: &quot;You can&apos;t input the pixel without generating the open-source CLI port!&quot;,
+     &quot;description&quot;: &quot;synthesizing the driver won&apos;t do anything, we need to connect the 1080p CSS program!&quot;,
+     &quot;message&quot;: &quot;Try to compress the CSS interface, maybe it will generate the multi-byte panel!&quot;,
+     &quot;summary&quot;: &quot;Try to generate the DRAM monitor, maybe it will input the bluetooth pixel!&quot;,
    },
    {
-     &quot;description&quot;: &quot;I&apos;ll calculate the primary HEX protocol, that should array the JBOD bandwidth!&quot;,
-     &quot;message&quot;: &quot;quantifying the hard drive won&apos;t do anything, we need to generate the primary COM circuit!&quot;,
-     &quot;summary&quot;: &quot;I&apos;ll copy the auxiliary PNG system, that should program the JBOD firewall!&quot;,
+     &quot;description&quot;: &quot;calculating the matrix won&apos;t do anything, we need to program the mobile SAS feed!&quot;,
+     &quot;message&quot;: &quot;I&apos;ll reboot the neural THX interface, that should panel the USB hard drive!&quot;,
+     &quot;summary&quot;: &quot;Use the primary HTTP transmitter, then you can override the haptic hard drive!&quot;,
    },
    {
-     &quot;description&quot;: &quot;navigating the matrix won&apos;t do anything, we need to program the digital IP monitor!&quot;,
-     &quot;message&quot;: &quot;The USB card is down, override the 1080p transmitter so we can bypass the ADP driver!&quot;,
-     &quot;summary&quot;: &quot;generating the application won&apos;t do anything, we need to synthesize the optical AI capacitor!&quot;,
+     &quot;description&quot;: &quot;If we calculate the array, we can get to the AI array through the primary API monitor!&quot;,
+     &quot;message&quot;: &quot;We need to parse the optical PNG circuit!&quot;,
+     &quot;summary&quot;: &quot;I&apos;ll program the virtual VGA circuit, that should bandwidth the SSL interface!&quot;,
    },
    {
-     &quot;description&quot;: &quot;Try to navigate the SMTP alarm, maybe it will connect the solid state array!&quot;,
-     &quot;message&quot;: &quot;You can&apos;t synthesize the monitor without transmitting the back-end API bandwidth!&quot;,
-     &quot;summary&quot;: &quot;Use the online HTTP matrix, then you can back up the haptic interface!&quot;,
+     &quot;description&quot;: &quot;Try to compress the XSS card, maybe it will index the wireless interface!&quot;,
+     &quot;message&quot;: &quot;Try to hack the HEX interface, maybe it will compress the mobile monitor!&quot;,
+     &quot;summary&quot;: &quot;I&apos;ll transmit the back-end SMTP sensor, that should interface the JBOD port!&quot;,
    },
  ]

 ❯ src/test-suite-12.spec.ts:21:20
            </failure>
        </testcase>
        <testcase classname="src/test-suite-12.spec.ts" name="&apos;Automated logistical hub&apos; &gt; &apos;I\&apos;ll parse the haptic AI array, that…&apos;" time="0.000038459">
        </testcase>
        <testcase classname="src/test-suite-12.spec.ts" name="&apos;Automated logistical hub&apos; &gt; &apos;Try to connect the OCR firewall, mayb…&apos;" time="0.000211292">
            <failure message="expected [ { …(3) }, { …(3) } ] to deeply equal [ { …(3) }, { …(3) }, { …(3) } ]" type="AssertionError">
AssertionError: expected [ { …(3) }, { …(3) } ] to deeply equal [ { …(3) }, { …(3) }, { …(3) } ]

- Expected
+ Received

  [
    {
-     &quot;description&quot;: &quot;Try to hack the XSS application, maybe it will synthesize the virtual sensor!&quot;,
-     &quot;message&quot;: &quot;The DRAM hard drive is down, back up the neural microchip so we can bypass the HDD pixel!&quot;,
-     &quot;summary&quot;: &quot;navigating the program won&apos;t do anything, we need to reboot the solid state TCP hard drive!&quot;,
-   },
-   {
-     &quot;description&quot;: &quot;Use the open-source JSON bus, then you can compress the optical program!&quot;,
-     &quot;message&quot;: &quot;Use the back-end PCI bandwidth, then you can transmit the back-end driver!&quot;,
-     &quot;summary&quot;: &quot;We need to parse the open-source UTF8 system!&quot;,
+     &quot;description&quot;: &quot;The SMS monitor is down, back up the cross-platform array so we can calculate the PNG interface!&quot;,
+     &quot;message&quot;: &quot;You can&apos;t calculate the sensor without indexing the haptic FTP feed!&quot;,
+     &quot;summary&quot;: &quot;The SQL alarm is down, generate the online pixel so we can synthesize the CLI sensor!&quot;,
    },
    {
-     &quot;description&quot;: &quot;If we index the program, we can get to the EXE driver through the online DNS card!&quot;,
-     &quot;message&quot;: &quot;Use the online CSS port, then you can index the bluetooth firewall!&quot;,
-     &quot;summary&quot;: &quot;Try to hack the HTTP interface, maybe it will transmit the wireless matrix!&quot;,
+     &quot;description&quot;: &quot;We need to parse the open-source PCI transmitter!&quot;,
+     &quot;message&quot;: &quot;Try to quantify the TCP interface, maybe it will back up the auxiliary program!&quot;,
+     &quot;summary&quot;: &quot;The JBOD system is down, navigate the digital system so we can transmit the IB microchip!&quot;,
    },
  ]

 ❯ src/test-suite-12.spec.ts:21:20
            </failure>
        </testcase>
        <testcase classname="src/test-suite-12.spec.ts" name="&apos;Automated logistical hub&apos; &gt; &apos;The HEX interface is down, hack the o…&apos;" time="0.00004525">
        </testcase>
        <testcase classname="src/test-suite-12.spec.ts" name="&apos;Automated logistical hub&apos; &gt; &apos;You can\&apos;t input the array without ge…&apos;" time="0.000217667">
            <failure message="expected [ { …(3) }, { …(3) }, { …(3) } ] to deeply equal [ { …(3) }, { …(3) } ]" type="AssertionError">
AssertionError: expected [ { …(3) }, { …(3) }, { …(3) } ] to deeply equal [ { …(3) }, { …(3) } ]

- Expected
+ Received

  [
    {
-     &quot;description&quot;: &quot;If we input the pixel, we can get to the SSL feed through the auxiliary SSD card!&quot;,
-     &quot;message&quot;: &quot;The API array is down, navigate the online bandwidth so we can copy the AGP matrix!&quot;,
-     &quot;summary&quot;: &quot;Try to synthesize the CSS feed, maybe it will hack the online panel!&quot;,
+     &quot;description&quot;: &quot;I&apos;ll generate the 1080p SDD driver, that should hard drive the IP interface!&quot;,
+     &quot;message&quot;: &quot;I&apos;ll calculate the mobile XML firewall, that should interface the SSL driver!&quot;,
+     &quot;summary&quot;: &quot;We need to back up the digital PNG monitor!&quot;,
+   },
+   {
+     &quot;description&quot;: &quot;If we input the monitor, we can get to the HDD port through the auxiliary COM protocol!&quot;,
+     &quot;message&quot;: &quot;Use the online SMS alarm, then you can back up the optical bus!&quot;,
+     &quot;summary&quot;: &quot;Try to compress the UDP port, maybe it will override the neural firewall!&quot;,
    },
    {
-     &quot;description&quot;: &quot;The VGA pixel is down, calculate the optical bus so we can index the FTP capacitor!&quot;,
-     &quot;message&quot;: &quot;Use the virtual HEX matrix, then you can index the wireless bandwidth!&quot;,
-     &quot;summary&quot;: &quot;You can&apos;t parse the monitor without programming the virtual SDD bus!&quot;,
+     &quot;description&quot;: &quot;We need to parse the haptic CLI bandwidth!&quot;,
+     &quot;message&quot;: &quot;transmitting the firewall won&apos;t do anything, we need to transmit the primary USB program!&quot;,
+     &quot;summary&quot;: &quot;The JSON card is down, index the optical hard drive so we can back up the ASCII bandwidth!&quot;,
    },
  ]

 ❯ src/test-suite-12.spec.ts:21:20
            </failure>
        </testcase>
        <testcase classname="src/test-suite-12.spec.ts" name="&apos;Automated logistical hub&apos; &gt; &apos;Use the redundant SSL system, then yo…&apos;" time="0.000038208">
        </testcase>
        <testcase classname="src/test-suite-12.spec.ts" name="&apos;Automated logistical hub&apos; &gt; &apos;Use the multi-byte HDD monitor, then …&apos;" time="0.000302167">
            <failure message="expected [ { …(3) }, { …(3) }, { …(3) } ] to deeply equal [ { …(3) }, { …(3) }, { …(3) }, …(2) ]" type="AssertionError">
AssertionError: expected [ { …(3) }, { …(3) }, { …(3) } ] to deeply equal [ { …(3) }, { …(3) }, { …(3) }, …(2) ]

- Expected
+ Received

  [
    {
-     &quot;description&quot;: &quot;You can&apos;t index the monitor without generating the optical SSL matrix!&quot;,
-     &quot;message&quot;: &quot;I&apos;ll parse the back-end THX microchip, that should protocol the PNG driver!&quot;,
-     &quot;summary&quot;: &quot;I&apos;ll copy the redundant VGA card, that should card the CLI port!&quot;,
+     &quot;description&quot;: &quot;Try to override the SMS hard drive, maybe it will compress the back-end microchip!&quot;,
+     &quot;message&quot;: &quot;The THX microchip is down, calculate the primary application so we can input the CSS protocol!&quot;,
+     &quot;summary&quot;: &quot;Use the redundant RAM pixel, then you can copy the cross-platform application!&quot;,
    },
    {
-     &quot;description&quot;: &quot;Use the virtual SMS sensor, then you can quantify the neural interface!&quot;,
-     &quot;message&quot;: &quot;We need to compress the redundant ASCII capacitor!&quot;,
-     &quot;summary&quot;: &quot;I&apos;ll navigate the bluetooth GB monitor, that should monitor the SMTP feed!&quot;,
+     &quot;description&quot;: &quot;You can&apos;t generate the port without copying the virtual AGP feed!&quot;,
+     &quot;message&quot;: &quot;hacking the monitor won&apos;t do anything, we need to override the virtual FTP pixel!&quot;,
+     &quot;summary&quot;: &quot;navigating the capacitor won&apos;t do anything, we need to hack the optical TLS bandwidth!&quot;,
    },
    {
-     &quot;description&quot;: &quot;quantifying the driver won&apos;t do anything, we need to bypass the auxiliary XML array!&quot;,
-     &quot;message&quot;: &quot;I&apos;ll bypass the digital JBOD matrix, that should system the OCR protocol!&quot;,
-     &quot;summary&quot;: &quot;I&apos;ll quantify the optical IP array, that should capacitor the SSD panel!&quot;,
-   },
-   {
-     &quot;description&quot;: &quot;indexing the card won&apos;t do anything, we need to connect the haptic TLS protocol!&quot;,
-     &quot;message&quot;: &quot;transmitting the bandwidth won&apos;t do anything, we need to input the digital HEX feed!&quot;,
-     &quot;summary&quot;: &quot;We need to parse the digital ADP transmitter!&quot;,
-   },
-   {
-     &quot;description&quot;: &quot;synthesizing the alarm won&apos;t do anything, we need to transmit the optical SCSI hard drive!&quot;,
-     &quot;message&quot;: &quot;Use the neural SDD bandwidth, then you can reboot the redundant matrix!&quot;,
-     &quot;summary&quot;: &quot;If we override the feed, we can get to the IP system through the bluetooth XML program!&quot;,
+     &quot;description&quot;: &quot;navigating the protocol won&apos;t do anything, we need to compress the cross-platform SDD capacitor!&quot;,
+     &quot;message&quot;: &quot;Use the primary TCP transmitter, then you can connect the 1080p program!&quot;,
+     &quot;summary&quot;: &quot;We need to index the neural ADP firewall!&quot;,
    },
  ]

 ❯ src/test-suite-12.spec.ts:21:20
            </failure>
        </testcase>
        <testcase classname="src/test-suite-12.spec.ts" name="&apos;Automated logistical hub&apos; &gt; &apos;indexing the protocol won\&apos;t do anyth…&apos;" time="0.000041417">
        </testcase>
        <testcase classname="src/test-suite-12.spec.ts" name="&apos;Automated logistical hub&apos; &gt; &apos;You can\&apos;t copy the system without in…&apos;" time="0.000245958">
            <failure message="expected [ { …(3) }, { …(3) }, { …(3) }, …(2) ] to deeply equal [ { …(3) }, { …(3) } ]" type="AssertionError">
AssertionError: expected [ { …(3) }, { …(3) }, { …(3) }, …(2) ] to deeply equal [ { …(3) }, { …(3) } ]

- Expected
+ Received

  [
    {
-     &quot;description&quot;: &quot;I&apos;ll calculate the back-end FTP firewall, that should driver the OCR system!&quot;,
-     &quot;message&quot;: &quot;I&apos;ll reboot the redundant UDP driver, that should circuit the SSD panel!&quot;,
-     &quot;summary&quot;: &quot;The TCP driver is down, back up the back-end panel so we can index the COM panel!&quot;,
+     &quot;description&quot;: &quot;indexing the protocol won&apos;t do anything, we need to calculate the primary JSON driver!&quot;,
+     &quot;message&quot;: &quot;Try to bypass the IP firewall, maybe it will index the multi-byte matrix!&quot;,
+     &quot;summary&quot;: &quot;I&apos;ll reboot the back-end SQL bus, that should monitor the AI interface!&quot;,
+   },
+   {
+     &quot;description&quot;: &quot;If we reboot the sensor, we can get to the HDD card through the optical HEX firewall!&quot;,
+     &quot;message&quot;: &quot;transmitting the capacitor won&apos;t do anything, we need to copy the neural FTP port!&quot;,
+     &quot;summary&quot;: &quot;If we hack the protocol, we can get to the IB microchip through the virtual DRAM hard drive!&quot;,
+   },
+   {
+     &quot;description&quot;: &quot;Use the multi-byte TLS monitor, then you can override the redundant firewall!&quot;,
+     &quot;message&quot;: &quot;Use the back-end JSON circuit, then you can reboot the back-end card!&quot;,
+     &quot;summary&quot;: &quot;We need to calculate the virtual UDP application!&quot;,
+   },
+   {
+     &quot;description&quot;: &quot;Try to back up the API feed, maybe it will override the cross-platform application!&quot;,
+     &quot;message&quot;: &quot;We need to bypass the virtual ASCII driver!&quot;,
+     &quot;summary&quot;: &quot;You can&apos;t override the firewall without indexing the mobile UDP system!&quot;,
    },
    {
-     &quot;description&quot;: &quot;navigating the pixel won&apos;t do anything, we need to transmit the online RAM alarm!&quot;,
-     &quot;message&quot;: &quot;The SDD port is down, connect the optical circuit so we can synthesize the UTF8 transmitter!&quot;,
-     &quot;summary&quot;: &quot;I&apos;ll copy the multi-byte SAS matrix, that should interface the TCP capacitor!&quot;,
+     &quot;description&quot;: &quot;Use the neural XSS sensor, then you can bypass the digital panel!&quot;,
+     &quot;message&quot;: &quot;Try to input the SQL bus, maybe it will parse the neural application!&quot;,
+     &quot;summary&quot;: &quot;The SSL driver is down, connect the redundant feed so we can bypass the UDP microchip!&quot;,
    },
  ]

 ❯ src/test-suite-12.spec.ts:21:20
            </failure>
        </testcase>
        <testcase classname="src/test-suite-12.spec.ts" name="&apos;Automated logistical hub&apos; &gt; &apos;I\&apos;ll compress the cross-platform FTP…&apos;" time="0.0000355">
        </testcase>
        <testcase classname="src/test-suite-12.spec.ts" name="&apos;Automated logistical hub&apos; &gt; &apos;Try to input the SDD feed, maybe it w…&apos;" time="0.000235416">
            <failure message="expected [ { …(3) }, { …(3) } ] to deeply equal [ { …(3) }, { …(3) }, { …(3) }, …(1) ]" type="AssertionError">
AssertionError: expected [ { …(3) }, { …(3) } ] to deeply equal [ { …(3) }, { …(3) }, { …(3) }, …(1) ]

- Expected
+ Received

  [
    {
-     &quot;description&quot;: &quot;We need to quantify the bluetooth SCSI capacitor!&quot;,
-     &quot;message&quot;: &quot;overriding the panel won&apos;t do anything, we need to program the mobile SMS hard drive!&quot;,
-     &quot;summary&quot;: &quot;Use the multi-byte COM monitor, then you can generate the multi-byte array!&quot;,
+     &quot;description&quot;: &quot;navigating the program won&apos;t do anything, we need to index the optical SSD port!&quot;,
+     &quot;message&quot;: &quot;synthesizing the microchip won&apos;t do anything, we need to calculate the wireless RAM monitor!&quot;,
+     &quot;summary&quot;: &quot;Use the virtual COM firewall, then you can compress the multi-byte firewall!&quot;,
    },
    {
-     &quot;description&quot;: &quot;You can&apos;t override the transmitter without generating the primary GB circuit!&quot;,
-     &quot;message&quot;: &quot;The ASCII protocol is down, synthesize the mobile program so we can parse the GB card!&quot;,
-     &quot;summary&quot;: &quot;Try to hack the UDP microchip, maybe it will compress the multi-byte application!&quot;,
-   },
-   {
-     &quot;description&quot;: &quot;You can&apos;t override the driver without calculating the online XSS program!&quot;,
-     &quot;message&quot;: &quot;If we compress the array, we can get to the THX protocol through the digital SDD microchip!&quot;,
-     &quot;summary&quot;: &quot;copying the alarm won&apos;t do anything, we need to hack the digital THX panel!&quot;,
-   },
-   {
-     &quot;description&quot;: &quot;We need to back up the haptic ASCII application!&quot;,
-     &quot;message&quot;: &quot;Use the auxiliary ADP protocol, then you can parse the mobile circuit!&quot;,
-     &quot;summary&quot;: &quot;The CLI matrix is down, override the open-source microchip so we can program the RAM hard drive!&quot;,
+     &quot;description&quot;: &quot;connecting the application won&apos;t do anything, we need to synthesize the cross-platform ASCII sensor!&quot;,
+     &quot;message&quot;: &quot;We need to copy the primary EXE circuit!&quot;,
+     &quot;summary&quot;: &quot;I&apos;ll parse the virtual PNG circuit, that should matrix the HDD program!&quot;,
    },
  ]

 ❯ src/test-suite-12.spec.ts:21:20
            </failure>
        </testcase>
        <testcase classname="src/test-suite-12.spec.ts" name="&apos;Automated logistical hub&apos; &gt; &apos;You can\&apos;t quantify the bus without c…&apos;" time="0.000048083">
        </testcase>
        <testcase classname="src/test-suite-12.spec.ts" name="&apos;Automated logistical hub&apos; &gt; &apos;We need to program the virtual SMTP p…&apos;" time="0.00023325">
            <failure message="expected [ { …(3) }, { …(3) } ] to deeply equal [ { …(3) }, { …(3) }, { …(3) }, …(1) ]" type="AssertionError">
AssertionError: expected [ { …(3) }, { …(3) } ] to deeply equal [ { …(3) }, { …(3) }, { …(3) }, …(1) ]

- Expected
+ Received

  [
    {
-     &quot;description&quot;: &quot;Try to parse the SSD protocol, maybe it will copy the solid state panel!&quot;,
-     &quot;message&quot;: &quot;If we back up the driver, we can get to the TCP feed through the online API application!&quot;,
-     &quot;summary&quot;: &quot;compressing the capacitor won&apos;t do anything, we need to hack the 1080p SMS bandwidth!&quot;,
+     &quot;description&quot;: &quot;transmitting the monitor won&apos;t do anything, we need to calculate the solid state SMTP panel!&quot;,
+     &quot;message&quot;: &quot;We need to program the back-end THX panel!&quot;,
+     &quot;summary&quot;: &quot;Use the optical SCSI pixel, then you can reboot the primary pixel!&quot;,
    },
    {
-     &quot;description&quot;: &quot;If we transmit the application, we can get to the SMTP circuit through the mobile XML program!&quot;,
-     &quot;message&quot;: &quot;Try to transmit the SDD protocol, maybe it will hack the solid state bus!&quot;,
-     &quot;summary&quot;: &quot;We need to bypass the back-end HDD driver!&quot;,
-   },
-   {
-     &quot;description&quot;: &quot;Try to copy the CSS program, maybe it will connect the wireless system!&quot;,
-     &quot;message&quot;: &quot;The CLI card is down, compress the haptic card so we can parse the HEX driver!&quot;,
-     &quot;summary&quot;: &quot;If we index the firewall, we can get to the VGA circuit through the neural DRAM program!&quot;,
-   },
-   {
-     &quot;description&quot;: &quot;The RSS bus is down, reboot the optical card so we can input the GB bandwidth!&quot;,
-     &quot;message&quot;: &quot;backing up the feed won&apos;t do anything, we need to back up the bluetooth IB alarm!&quot;,
-     &quot;summary&quot;: &quot;You can&apos;t connect the port without backing up the mobile DNS system!&quot;,
+     &quot;description&quot;: &quot;You can&apos;t input the alarm without calculating the open-source SCSI alarm!&quot;,
+     &quot;message&quot;: &quot;We need to parse the haptic SMTP microchip!&quot;,
+     &quot;summary&quot;: &quot;You can&apos;t back up the pixel without transmitting the cross-platform HEX driver!&quot;,
    },
  ]

 ❯ src/test-suite-12.spec.ts:21:20
            </failure>
        </testcase>
        <testcase classname="src/test-suite-12.spec.ts" name="&apos;Automated logistical hub&apos; &gt; &apos;If we program the firewall, we can ge…&apos;" time="0.000043916">
        </testcase>
        <testcase classname="src/test-suite-12.spec.ts" name="&apos;Automated logistical hub&apos; &gt; &apos;We need to navigate the back-end IP c…&apos;" time="0.000388791">
            <failure message="expected [ { …(3) }, { …(3) }, { …(3) }, …(2) ] to deeply equal [ { …(3) }, { …(3) } ]" type="AssertionError">
AssertionError: expected [ { …(3) }, { …(3) }, { …(3) }, …(2) ] to deeply equal [ { …(3) }, { …(3) } ]

- Expected
+ Received

  [
    {
-     &quot;description&quot;: &quot;Use the redundant API card, then you can copy the auxiliary pixel!&quot;,
-     &quot;message&quot;: &quot;We need to copy the haptic SMTP panel!&quot;,
-     &quot;summary&quot;: &quot;We need to generate the solid state SSL firewall!&quot;,
+     &quot;description&quot;: &quot;You can&apos;t override the program without generating the virtual VGA transmitter!&quot;,
+     &quot;message&quot;: &quot;Try to copy the USB alarm, maybe it will transmit the open-source monitor!&quot;,
+     &quot;summary&quot;: &quot;Use the solid state JSON monitor, then you can transmit the primary program!&quot;,
+   },
+   {
+     &quot;description&quot;: &quot;If we override the capacitor, we can get to the IB firewall through the solid state SMTP system!&quot;,
+     &quot;message&quot;: &quot;We need to input the cross-platform ADP microchip!&quot;,
+     &quot;summary&quot;: &quot;Try to quantify the PCI alarm, maybe it will generate the optical capacitor!&quot;,
+   },
+   {
+     &quot;description&quot;: &quot;I&apos;ll navigate the solid state PCI capacitor, that should application the PCI system!&quot;,
+     &quot;message&quot;: &quot;You can&apos;t back up the matrix without bypassing the redundant EXE feed!&quot;,
+     &quot;summary&quot;: &quot;Use the virtual ASCII matrix, then you can index the auxiliary program!&quot;,
+   },
+   {
+     &quot;description&quot;: &quot;We need to index the 1080p SDD transmitter!&quot;,
+     &quot;message&quot;: &quot;I&apos;ll program the cross-platform HDD matrix, that should alarm the API bandwidth!&quot;,
+     &quot;summary&quot;: &quot;quantifying the bus won&apos;t do anything, we need to calculate the 1080p COM matrix!&quot;,
    },
    {
-     &quot;description&quot;: &quot;I&apos;ll compress the haptic UTF8 circuit, that should bandwidth the AI card!&quot;,
-     &quot;message&quot;: &quot;programming the panel won&apos;t do anything, we need to compress the wireless DNS application!&quot;,
-     &quot;summary&quot;: &quot;bypassing the alarm won&apos;t do anything, we need to connect the wireless PNG interface!&quot;,
+     &quot;description&quot;: &quot;Use the open-source XML system, then you can connect the bluetooth panel!&quot;,
+     &quot;message&quot;: &quot;I&apos;ll navigate the virtual TLS capacitor, that should port the CLI bandwidth!&quot;,
+     &quot;summary&quot;: &quot;If we input the card, we can get to the CLI bus through the cross-platform UTF8 sensor!&quot;,
    },
  ]

 ❯ src/test-suite-12.spec.ts:21:20
            </failure>
        </testcase>
        <testcase classname="src/test-suite-12.spec.ts" name="&apos;Automated logistical hub&apos; &gt; &apos;If we calculate the panel, we can get…&apos;" time="0.000059125">
        </testcase>
        <testcase classname="src/test-suite-12.spec.ts" name="&apos;Automated logistical hub&apos; &gt; &apos;We need to bypass the redundant SCSI …&apos;" time="0.000367792">
            <failure message="expected [ { …(3) }, { …(3) }, { …(3) }, …(2) ] to deeply equal [ { …(3) }, { …(3) }, { …(3) }, …(2) ]" type="AssertionError">
AssertionError: expected [ { …(3) }, { …(3) }, { …(3) }, …(2) ] to deeply equal [ { …(3) }, { …(3) }, { …(3) }, …(2) ]

- Expected
+ Received

  [
    {
-     &quot;description&quot;: &quot;If we copy the application, we can get to the SMTP system through the digital PCI alarm!&quot;,
-     &quot;message&quot;: &quot;You can&apos;t transmit the monitor without indexing the back-end THX protocol!&quot;,
-     &quot;summary&quot;: &quot;Try to copy the AGP port, maybe it will generate the cross-platform matrix!&quot;,
+     &quot;description&quot;: &quot;Use the auxiliary GB matrix, then you can quantify the redundant port!&quot;,
+     &quot;message&quot;: &quot;The CSS panel is down, hack the online hard drive so we can compress the UDP matrix!&quot;,
+     &quot;summary&quot;: &quot;Use the solid state TCP sensor, then you can input the neural system!&quot;,
    },
    {
-     &quot;description&quot;: &quot;If we navigate the hard drive, we can get to the VGA circuit through the auxiliary SCSI program!&quot;,
-     &quot;message&quot;: &quot;The OCR bus is down, index the neural port so we can synthesize the SMTP system!&quot;,
-     &quot;summary&quot;: &quot;Try to index the HEX capacitor, maybe it will synthesize the back-end pixel!&quot;,
+     &quot;description&quot;: &quot;If we input the microchip, we can get to the AGP application through the back-end HTTP driver!&quot;,
+     &quot;message&quot;: &quot;I&apos;ll synthesize the back-end HDD port, that should firewall the SDD monitor!&quot;,
+     &quot;summary&quot;: &quot;If we parse the interface, we can get to the DRAM hard drive through the online SSL circuit!&quot;,
    },
    {
-     &quot;description&quot;: &quot;We need to back up the wireless VGA array!&quot;,
-     &quot;message&quot;: &quot;We need to back up the multi-byte SQL application!&quot;,
-     &quot;summary&quot;: &quot;Use the solid state IP bus, then you can transmit the bluetooth array!&quot;,
+     &quot;description&quot;: &quot;Use the haptic UTF8 bandwidth, then you can hack the haptic program!&quot;,
+     &quot;message&quot;: &quot;You can&apos;t quantify the sensor without overriding the 1080p SSD application!&quot;,
+     &quot;summary&quot;: &quot;I&apos;ll compress the back-end CLI array, that should transmitter the FTP circuit!&quot;,
    },
    {
-     &quot;description&quot;: &quot;We need to parse the auxiliary SMS system!&quot;,
-     &quot;message&quot;: &quot;backing up the panel won&apos;t do anything, we need to parse the digital RAM card!&quot;,
-     &quot;summary&quot;: &quot;I&apos;ll bypass the digital RAM circuit, that should array the SMS application!&quot;,
+     &quot;description&quot;: &quot;The ADP interface is down, copy the back-end panel so we can calculate the SDD array!&quot;,
+     &quot;message&quot;: &quot;Try to copy the SMS driver, maybe it will reboot the haptic firewall!&quot;,
+     &quot;summary&quot;: &quot;hacking the capacitor won&apos;t do anything, we need to compress the neural AI hard drive!&quot;,
    },
    {
-     &quot;description&quot;: &quot;navigating the firewall won&apos;t do anything, we need to program the solid state ASCII circuit!&quot;,
-     &quot;message&quot;: &quot;If we navigate the transmitter, we can get to the SQL circuit through the virtual IB application!&quot;,
-     &quot;summary&quot;: &quot;Use the multi-byte HTTP pixel, then you can hack the haptic capacitor!&quot;,
+     &quot;description&quot;: &quot;Use the redundant FTP bandwidth, then you can program the redundant bus!&quot;,
+     &quot;message&quot;: &quot;You can&apos;t connect the panel without calculating the multi-byte ADP transmitter!&quot;,
+     &quot;summary&quot;: &quot;The PNG firewall is down, navigate the mobile monitor so we can compress the EXE interface!&quot;,
    },
  ]

 ❯ src/test-suite-12.spec.ts:21:20
            </failure>
        </testcase>
        <testcase classname="src/test-suite-12.spec.ts" name="&apos;Automated logistical hub&apos; &gt; &apos;The HDD application is down, transmit…&apos;" time="0.000059667">
        </testcase>
        <testcase classname="src/test-suite-12.spec.ts" name="&apos;Automated logistical hub&apos; &gt; &apos;If we synthesize the card, we can get…&apos;" time="0.000250708">
            <failure message="expected [ { …(3) }, { …(3) }, { …(3) }, …(1) ] to deeply equal [ { …(3) }, { …(3) } ]" type="AssertionError">
AssertionError: expected [ { …(3) }, { …(3) }, { …(3) }, …(1) ] to deeply equal [ { …(3) }, { …(3) } ]

- Expected
+ Received

  [
    {
-     &quot;description&quot;: &quot;Try to quantify the API circuit, maybe it will quantify the cross-platform alarm!&quot;,
-     &quot;message&quot;: &quot;If we synthesize the port, we can get to the SAS transmitter through the 1080p HEX sensor!&quot;,
-     &quot;summary&quot;: &quot;Try to override the EXE firewall, maybe it will transmit the online bandwidth!&quot;,
+     &quot;description&quot;: &quot;Try to back up the VGA pixel, maybe it will hack the auxiliary application!&quot;,
+     &quot;message&quot;: &quot;You can&apos;t synthesize the protocol without copying the optical SCSI port!&quot;,
+     &quot;summary&quot;: &quot;We need to hack the digital DRAM driver!&quot;,
    },
    {
-     &quot;description&quot;: &quot;Use the primary HEX hard drive, then you can transmit the open-source card!&quot;,
-     &quot;message&quot;: &quot;Try to navigate the DNS driver, maybe it will override the cross-platform interface!&quot;,
-     &quot;summary&quot;: &quot;Use the cross-platform EXE bus, then you can parse the digital port!&quot;,
+     &quot;description&quot;: &quot;The TCP monitor is down, calculate the wireless monitor so we can connect the HDD card!&quot;,
+     &quot;message&quot;: &quot;Use the redundant COM card, then you can copy the digital transmitter!&quot;,
+     &quot;summary&quot;: &quot;We need to program the back-end XML microchip!&quot;,
+   },
+   {
+     &quot;description&quot;: &quot;Try to synthesize the PCI transmitter, maybe it will back up the neural protocol!&quot;,
+     &quot;message&quot;: &quot;The PCI pixel is down, compress the neural capacitor so we can parse the DRAM application!&quot;,
+     &quot;summary&quot;: &quot;You can&apos;t calculate the matrix without programming the multi-byte EXE program!&quot;,
+   },
+   {
+     &quot;description&quot;: &quot;I&apos;ll compress the open-source SDD card, that should panel the EXE microchip!&quot;,
+     &quot;message&quot;: &quot;Use the open-source ASCII alarm, then you can transmit the neural array!&quot;,
+     &quot;summary&quot;: &quot;We need to connect the open-source FTP bandwidth!&quot;,
    },
  ]

 ❯ src/test-suite-12.spec.ts:21:20
            </failure>
        </testcase>
        <testcase classname="src/test-suite-12.spec.ts" name="&apos;Automated logistical hub&apos; &gt; &apos;You can\&apos;t quantify the program witho…&apos;" time="0.000046208">
        </testcase>
        <testcase classname="src/test-suite-12.spec.ts" name="&apos;Automated logistical hub&apos; &gt; &apos;navigating the system won\&apos;t do anyth…&apos;" time="0.000221042">
            <failure message="expected [ { …(3) }, { …(3) } ] to deeply equal [ { …(3) }, { …(3) }, { …(3) } ]" type="AssertionError">
AssertionError: expected [ { …(3) }, { …(3) } ] to deeply equal [ { …(3) }, { …(3) }, { …(3) } ]

- Expected
+ Received

  [
    {
-     &quot;description&quot;: &quot;bypassing the sensor won&apos;t do anything, we need to quantify the cross-platform COM driver!&quot;,
-     &quot;message&quot;: &quot;You can&apos;t connect the hard drive without quantifying the open-source DNS protocol!&quot;,
-     &quot;summary&quot;: &quot;You can&apos;t compress the circuit without copying the haptic SMTP driver!&quot;,
-   },
-   {
-     &quot;description&quot;: &quot;The PCI microchip is down, program the wireless driver so we can input the SSD application!&quot;,
-     &quot;message&quot;: &quot;You can&apos;t parse the card without transmitting the primary CSS protocol!&quot;,
-     &quot;summary&quot;: &quot;If we calculate the matrix, we can get to the THX bandwidth through the bluetooth ASCII sensor!&quot;,
+     &quot;description&quot;: &quot;We need to parse the mobile USB alarm!&quot;,
+     &quot;message&quot;: &quot;If we calculate the microchip, we can get to the DRAM driver through the virtual DNS array!&quot;,
+     &quot;summary&quot;: &quot;navigating the pixel won&apos;t do anything, we need to override the multi-byte UTF8 system!&quot;,
    },
    {
-     &quot;description&quot;: &quot;You can&apos;t generate the panel without transmitting the online SAS port!&quot;,
-     &quot;message&quot;: &quot;Use the 1080p SSL bandwidth, then you can override the neural program!&quot;,
-     &quot;summary&quot;: &quot;Try to parse the JSON firewall, maybe it will navigate the wireless driver!&quot;,
+     &quot;description&quot;: &quot;Use the multi-byte API bus, then you can navigate the solid state program!&quot;,
+     &quot;message&quot;: &quot;The JSON matrix is down, generate the solid state interface so we can hack the JBOD firewall!&quot;,
+     &quot;summary&quot;: &quot;calculating the system won&apos;t do anything, we need to input the solid state XSS program!&quot;,
    },
  ]

 ❯ src/test-suite-12.spec.ts:21:20
            </failure>
        </testcase>
        <testcase classname="src/test-suite-12.spec.ts" name="&apos;Automated logistical hub&apos; &gt; &apos;If we index the matrix, we can get to…&apos;" time="0.000047958">
        </testcase>
        <testcase classname="src/test-suite-12.spec.ts" name="&apos;Automated logistical hub&apos; &gt; &apos;You can\&apos;t calculate the capacitor wi…&apos;" time="0.000303375">
            <failure message="expected [ { …(3) }, { …(3) }, { …(3) }, …(1) ] to deeply equal [ { …(3) }, { …(3) }, { …(3) }, …(2) ]" type="AssertionError">
AssertionError: expected [ { …(3) }, { …(3) }, { …(3) }, …(1) ] to deeply equal [ { …(3) }, { …(3) }, { …(3) }, …(2) ]

- Expected
+ Received

  [
    {
-     &quot;description&quot;: &quot;We need to hack the wireless OCR sensor!&quot;,
-     &quot;message&quot;: &quot;You can&apos;t reboot the sensor without connecting the primary CSS interface!&quot;,
-     &quot;summary&quot;: &quot;You can&apos;t parse the sensor without quantifying the neural XSS transmitter!&quot;,
+     &quot;description&quot;: &quot;If we reboot the system, we can get to the IP program through the bluetooth EXE pixel!&quot;,
+     &quot;message&quot;: &quot;If we connect the pixel, we can get to the XSS feed through the auxiliary API monitor!&quot;,
+     &quot;summary&quot;: &quot;You can&apos;t navigate the interface without transmitting the multi-byte SQL microchip!&quot;,
    },
    {
-     &quot;description&quot;: &quot;hacking the bus won&apos;t do anything, we need to synthesize the auxiliary COM bandwidth!&quot;,
-     &quot;message&quot;: &quot;The JSON port is down, synthesize the redundant bus so we can transmit the FTP bandwidth!&quot;,
-     &quot;summary&quot;: &quot;If we reboot the microchip, we can get to the DNS hard drive through the haptic PNG alarm!&quot;,
-   },
-   {
-     &quot;description&quot;: &quot;If we calculate the driver, we can get to the RSS microchip through the bluetooth SSD circuit!&quot;,
-     &quot;message&quot;: &quot;The SMS system is down, transmit the optical hard drive so we can index the JBOD driver!&quot;,
-     &quot;summary&quot;: &quot;Use the bluetooth SMTP hard drive, then you can input the auxiliary firewall!&quot;,
+     &quot;description&quot;: &quot;If we compress the transmitter, we can get to the PNG pixel through the 1080p RSS card!&quot;,
+     &quot;message&quot;: &quot;If we calculate the capacitor, we can get to the ADP bandwidth through the digital CSS port!&quot;,
+     &quot;summary&quot;: &quot;copying the capacitor won&apos;t do anything, we need to calculate the multi-byte SMTP sensor!&quot;,
    },
    {
-     &quot;description&quot;: &quot;The RSS feed is down, override the bluetooth hard drive so we can generate the XML interface!&quot;,
-     &quot;message&quot;: &quot;Use the cross-platform SSD interface, then you can bypass the 1080p microchip!&quot;,
-     &quot;summary&quot;: &quot;The IB system is down, bypass the haptic hard drive so we can transmit the JSON capacitor!&quot;,
+     &quot;description&quot;: &quot;bypassing the application won&apos;t do anything, we need to generate the virtual JSON feed!&quot;,
+     &quot;message&quot;: &quot;Use the online AI capacitor, then you can copy the multi-byte circuit!&quot;,
+     &quot;summary&quot;: &quot;If we parse the interface, we can get to the ASCII alarm through the digital RSS alarm!&quot;,
    },
    {
-     &quot;description&quot;: &quot;We need to calculate the optical XML transmitter!&quot;,
-     &quot;message&quot;: &quot;You can&apos;t program the sensor without quantifying the 1080p PNG monitor!&quot;,
-     &quot;summary&quot;: &quot;Try to navigate the OCR program, maybe it will input the auxiliary circuit!&quot;,
+     &quot;description&quot;: &quot;Use the virtual TCP card, then you can connect the primary alarm!&quot;,
+     &quot;message&quot;: &quot;Try to transmit the EXE panel, maybe it will compress the primary array!&quot;,
+     &quot;summary&quot;: &quot;The OCR system is down, quantify the wireless monitor so we can calculate the AGP capacitor!&quot;,
    },
  ]

 ❯ src/test-suite-12.spec.ts:21:20
            </failure>
        </testcase>
        <testcase classname="src/test-suite-12.spec.ts" name="&apos;Automated logistical hub&apos; &gt; &apos;You can\&apos;t reboot the system without …&apos;" time="0.000035625">
        </testcase>
        <testcase classname="src/test-suite-12.spec.ts" name="&apos;Automated logistical hub&apos; &gt; &apos;Use the virtual JBOD bus, then you ca…&apos;" time="0.024686708">
            <failure message="expected [ { …(3) }, { …(3) }, { …(3) }, …(2) ] to deeply equal [ { …(3) }, { …(3) }, { …(3) }, …(2) ]" type="AssertionError">
AssertionError: expected [ { …(3) }, { …(3) }, { …(3) }, …(2) ] to deeply equal [ { …(3) }, { …(3) }, { …(3) }, …(2) ]

- Expected
+ Received

  [
    {
-     &quot;description&quot;: &quot;I&apos;ll synthesize the primary API driver, that should card the SAS interface!&quot;,
-     &quot;message&quot;: &quot;You can&apos;t connect the program without synthesizing the cross-platform EXE panel!&quot;,
-     &quot;summary&quot;: &quot;compressing the program won&apos;t do anything, we need to synthesize the bluetooth SAS capacitor!&quot;,
+     &quot;description&quot;: &quot;The RSS transmitter is down, override the cross-platform bandwidth so we can quantify the IB capacitor!&quot;,
+     &quot;message&quot;: &quot;Try to synthesize the AI card, maybe it will compress the digital feed!&quot;,
+     &quot;summary&quot;: &quot;You can&apos;t generate the alarm without parsing the multi-byte XML interface!&quot;,
    },
    {
-     &quot;description&quot;: &quot;The GB microchip is down, input the neural firewall so we can reboot the FTP matrix!&quot;,
-     &quot;message&quot;: &quot;Try to calculate the UTF8 panel, maybe it will calculate the bluetooth panel!&quot;,
-     &quot;summary&quot;: &quot;If we navigate the microchip, we can get to the GB driver through the open-source AI system!&quot;,
+     &quot;description&quot;: &quot;Use the back-end SMS panel, then you can navigate the cross-platform system!&quot;,
+     &quot;message&quot;: &quot;We need to hack the online FTP interface!&quot;,
+     &quot;summary&quot;: &quot;Try to generate the JSON feed, maybe it will index the redundant card!&quot;,
    },
    {
-     &quot;description&quot;: &quot;You can&apos;t bypass the bandwidth without connecting the mobile SQL program!&quot;,
-     &quot;message&quot;: &quot;If we synthesize the hard drive, we can get to the EXE driver through the open-source SMS bus!&quot;,
-     &quot;summary&quot;: &quot;The AGP interface is down, hack the bluetooth protocol so we can quantify the SDD bandwidth!&quot;,
+     &quot;description&quot;: &quot;We need to override the cross-platform SMTP protocol!&quot;,
+     &quot;message&quot;: &quot;You can&apos;t bypass the transmitter without programming the neural GB panel!&quot;,
+     &quot;summary&quot;: &quot;hacking the sensor won&apos;t do anything, we need to input the redundant CLI program!&quot;,
    },
    {
-     &quot;description&quot;: &quot;quantifying the monitor won&apos;t do anything, we need to back up the back-end IB bus!&quot;,
-     &quot;message&quot;: &quot;Try to program the AGP panel, maybe it will synthesize the solid state protocol!&quot;,
-     &quot;summary&quot;: &quot;You can&apos;t input the card without hacking the open-source IP hard drive!&quot;,
+     &quot;description&quot;: &quot;If we index the port, we can get to the API program through the solid state SAS hard drive!&quot;,
+     &quot;message&quot;: &quot;You can&apos;t synthesize the circuit without copying the optical HTTP driver!&quot;,
+     &quot;summary&quot;: &quot;I&apos;ll navigate the open-source SDD array, that should system the ASCII alarm!&quot;,
    },
    {
-     &quot;description&quot;: &quot;Try to synthesize the JSON driver, maybe it will generate the wireless monitor!&quot;,
-     &quot;message&quot;: &quot;I&apos;ll synthesize the multi-byte AI driver, that should microchip the XSS microchip!&quot;,
-     &quot;summary&quot;: &quot;programming the bus won&apos;t do anything, we need to calculate the cross-platform SMS circuit!&quot;,
+     &quot;description&quot;: &quot;I&apos;ll calculate the mobile DRAM driver, that should microchip the OCR bus!&quot;,
+     &quot;message&quot;: &quot;I&apos;ll override the primary ASCII pixel, that should sensor the DRAM protocol!&quot;,
+     &quot;summary&quot;: &quot;Use the redundant PNG panel, then you can program the haptic capacitor!&quot;,
    },
  ]

 ❯ src/test-suite-12.spec.ts:21:20
            </failure>
        </testcase>
        <testcase classname="src/test-suite-12.spec.ts" name="&apos;Automated logistical hub&apos; &gt; &apos;Use the optical HTTP array, then you …&apos;" time="0.000177708">
        </testcase>
        <testcase classname="src/test-suite-12.spec.ts" name="&apos;Automated logistical hub&apos; &gt; &apos;If we back up the firewall, we can ge…&apos;" time="0.003560292">
            <failure message="expected [ { …(3) }, { …(3) }, { …(3) }, …(1) ] to deeply equal [ { …(3) }, { …(3) }, { …(3) }, …(1) ]" type="AssertionError">
AssertionError: expected [ { …(3) }, { …(3) }, { …(3) }, …(1) ] to deeply equal [ { …(3) }, { …(3) }, { …(3) }, …(1) ]

- Expected
+ Received

  [
    {
-     &quot;description&quot;: &quot;The AI alarm is down, synthesize the auxiliary monitor so we can copy the ASCII panel!&quot;,
-     &quot;message&quot;: &quot;The AGP microchip is down, override the mobile program so we can quantify the ADP system!&quot;,
-     &quot;summary&quot;: &quot;I&apos;ll copy the open-source CLI hard drive, that should capacitor the XML port!&quot;,
+     &quot;description&quot;: &quot;hacking the application won&apos;t do anything, we need to hack the cross-platform TCP array!&quot;,
+     &quot;message&quot;: &quot;Try to reboot the SDD application, maybe it will override the wireless monitor!&quot;,
+     &quot;summary&quot;: &quot;I&apos;ll quantify the multi-byte CLI sensor, that should pixel the CSS interface!&quot;,
    },
    {
-     &quot;description&quot;: &quot;Try to back up the DRAM application, maybe it will navigate the digital monitor!&quot;,
-     &quot;message&quot;: &quot;If we generate the bandwidth, we can get to the PCI system through the redundant CLI circuit!&quot;,
-     &quot;summary&quot;: &quot;Use the back-end AGP monitor, then you can back up the mobile pixel!&quot;,
+     &quot;description&quot;: &quot;Use the online CLI program, then you can reboot the 1080p feed!&quot;,
+     &quot;message&quot;: &quot;I&apos;ll synthesize the open-source PCI matrix, that should protocol the SQL transmitter!&quot;,
+     &quot;summary&quot;: &quot;You can&apos;t reboot the driver without synthesizing the primary PCI driver!&quot;,
    },
    {
-     &quot;description&quot;: &quot;calculating the transmitter won&apos;t do anything, we need to synthesize the optical XML protocol!&quot;,
-     &quot;message&quot;: &quot;We need to index the open-source TCP system!&quot;,
-     &quot;summary&quot;: &quot;The SSD bandwidth is down, calculate the back-end array so we can transmit the IP monitor!&quot;,
+     &quot;description&quot;: &quot;Use the wireless JSON card, then you can back up the digital panel!&quot;,
+     &quot;message&quot;: &quot;parsing the circuit won&apos;t do anything, we need to synthesize the online USB matrix!&quot;,
+     &quot;summary&quot;: &quot;Try to connect the ADP application, maybe it will copy the auxiliary circuit!&quot;,
    },
    {
-     &quot;description&quot;: &quot;If we synthesize the feed, we can get to the FTP bus through the 1080p DRAM panel!&quot;,
-     &quot;message&quot;: &quot;programming the feed won&apos;t do anything, we need to parse the multi-byte RAM array!&quot;,
-     &quot;summary&quot;: &quot;Use the cross-platform SDD application, then you can generate the digital hard drive!&quot;,
+     &quot;description&quot;: &quot;Use the mobile JBOD firewall, then you can navigate the back-end protocol!&quot;,
+     &quot;message&quot;: &quot;The ASCII pixel is down, override the haptic capacitor so we can program the IP application!&quot;,
+     &quot;summary&quot;: &quot;overriding the feed won&apos;t do anything, we need to generate the primary SDD capacitor!&quot;,
    },
  ]

 ❯ src/test-suite-12.spec.ts:21:20
            </failure>
        </testcase>
        <testcase classname="src/test-suite-12.spec.ts" name="&apos;Automated logistical hub&apos; &gt; &apos;We need to compress the bluetooth SSD…&apos;" time="0.00008125">
        </testcase>
        <testcase classname="src/test-suite-12.spec.ts" name="&apos;Automated logistical hub&apos; &gt; &apos;If we connect the panel, we can get t…&apos;" time="0.00037775">
            <failure message="expected [ { …(3) }, { …(3) }, { …(3) }, …(2) ] to deeply equal [ { …(3) }, { …(3) }, { …(3) } ]" type="AssertionError">
AssertionError: expected [ { …(3) }, { …(3) }, { …(3) }, …(2) ] to deeply equal [ { …(3) }, { …(3) }, { …(3) } ]

- Expected
+ Received

  [
    {
-     &quot;description&quot;: &quot;bypassing the matrix won&apos;t do anything, we need to calculate the digital SSD circuit!&quot;,
-     &quot;message&quot;: &quot;I&apos;ll compress the optical COM alarm, that should monitor the OCR card!&quot;,
-     &quot;summary&quot;: &quot;Use the cross-platform SQL protocol, then you can index the haptic pixel!&quot;,
+     &quot;description&quot;: &quot;overriding the bus won&apos;t do anything, we need to calculate the solid state OCR capacitor!&quot;,
+     &quot;message&quot;: &quot;Use the haptic DNS application, then you can override the open-source microchip!&quot;,
+     &quot;summary&quot;: &quot;You can&apos;t synthesize the circuit without overriding the back-end RAM array!&quot;,
    },
    {
-     &quot;description&quot;: &quot;We need to navigate the primary RSS panel!&quot;,
-     &quot;message&quot;: &quot;We need to quantify the wireless THX matrix!&quot;,
-     &quot;summary&quot;: &quot;calculating the driver won&apos;t do anything, we need to copy the back-end FTP interface!&quot;,
+     &quot;description&quot;: &quot;overriding the panel won&apos;t do anything, we need to override the digital SQL array!&quot;,
+     &quot;message&quot;: &quot;Try to copy the SMTP microchip, maybe it will hack the multi-byte driver!&quot;,
+     &quot;summary&quot;: &quot;Try to override the IB protocol, maybe it will override the back-end hard drive!&quot;,
    },
    {
-     &quot;description&quot;: &quot;Use the neural SQL microchip, then you can navigate the neural sensor!&quot;,
-     &quot;message&quot;: &quot;The TCP panel is down, generate the cross-platform array so we can transmit the HEX pixel!&quot;,
-     &quot;summary&quot;: &quot;You can&apos;t quantify the alarm without generating the open-source XSS application!&quot;,
+     &quot;description&quot;: &quot;I&apos;ll program the redundant RAM panel, that should interface the AGP protocol!&quot;,
+     &quot;message&quot;: &quot;I&apos;ll index the open-source SMS capacitor, that should firewall the HDD card!&quot;,
+     &quot;summary&quot;: &quot;I&apos;ll parse the multi-byte USB bandwidth, that should circuit the TCP application!&quot;,
+   },
+   {
+     &quot;description&quot;: &quot;If we bypass the port, we can get to the TLS hard drive through the multi-byte ADP monitor!&quot;,
+     &quot;message&quot;: &quot;We need to reboot the redundant XSS array!&quot;,
+     &quot;summary&quot;: &quot;You can&apos;t connect the transmitter without quantifying the virtual XML card!&quot;,
+   },
+   {
+     &quot;description&quot;: &quot;If we back up the feed, we can get to the DNS pixel through the multi-byte TCP array!&quot;,
+     &quot;message&quot;: &quot;If we reboot the panel, we can get to the SSL sensor through the wireless CSS card!&quot;,
+     &quot;summary&quot;: &quot;connecting the circuit won&apos;t do anything, we need to connect the multi-byte JBOD sensor!&quot;,
    },
  ]

 ❯ src/test-suite-12.spec.ts:21:20
            </failure>
        </testcase>
        <testcase classname="src/test-suite-12.spec.ts" name="&apos;Automated logistical hub&apos; &gt; &apos;Try to input the JSON interface, mayb…&apos;" time="0.0000715">
        </testcase>
        <testcase classname="src/test-suite-12.spec.ts" name="&apos;Automated logistical hub&apos; &gt; &apos;Try to parse the ADP card, maybe it w…&apos;" time="0.000427125">
            <failure message="expected [ { …(3) }, { …(3) }, { …(3) }, …(2) ] to deeply equal [ { …(3) }, { …(3) } ]" type="AssertionError">
AssertionError: expected [ { …(3) }, { …(3) }, { …(3) }, …(2) ] to deeply equal [ { …(3) }, { …(3) } ]

- Expected
+ Received

  [
    {
-     &quot;description&quot;: &quot;You can&apos;t bypass the microchip without connecting the neural JBOD bus!&quot;,
-     &quot;message&quot;: &quot;navigating the bandwidth won&apos;t do anything, we need to calculate the back-end HEX card!&quot;,
-     &quot;summary&quot;: &quot;You can&apos;t hack the transmitter without synthesizing the wireless UDP bus!&quot;,
+     &quot;description&quot;: &quot;Use the mobile THX panel, then you can quantify the virtual driver!&quot;,
+     &quot;message&quot;: &quot;Try to back up the HEX application, maybe it will input the auxiliary program!&quot;,
+     &quot;summary&quot;: &quot;If we reboot the transmitter, we can get to the HTTP system through the wireless PNG system!&quot;,
+   },
+   {
+     &quot;description&quot;: &quot;I&apos;ll program the mobile XSS port, that should panel the USB circuit!&quot;,
+     &quot;message&quot;: &quot;I&apos;ll input the back-end HEX alarm, that should array the HEX bus!&quot;,
+     &quot;summary&quot;: &quot;You can&apos;t parse the pixel without bypassing the wireless SSD application!&quot;,
+   },
+   {
+     &quot;description&quot;: &quot;Use the back-end ADP feed, then you can compress the optical system!&quot;,
+     &quot;message&quot;: &quot;You can&apos;t connect the sensor without overriding the optical THX bandwidth!&quot;,
+     &quot;summary&quot;: &quot;backing up the system won&apos;t do anything, we need to input the virtual DNS firewall!&quot;,
+   },
+   {
+     &quot;description&quot;: &quot;If we compress the microchip, we can get to the DNS application through the auxiliary SMS circuit!&quot;,
+     &quot;message&quot;: &quot;Try to generate the TCP hard drive, maybe it will back up the redundant microchip!&quot;,
+     &quot;summary&quot;: &quot;The PCI alarm is down, parse the redundant bus so we can compress the RSS panel!&quot;,
    },
    {
-     &quot;description&quot;: &quot;The ADP panel is down, index the open-source sensor so we can calculate the IB feed!&quot;,
-     &quot;message&quot;: &quot;If we connect the pixel, we can get to the USB alarm through the back-end XSS protocol!&quot;,
-     &quot;summary&quot;: &quot;Try to program the SSD port, maybe it will generate the open-source card!&quot;,
+     &quot;description&quot;: &quot;If we navigate the feed, we can get to the DRAM transmitter through the virtual TCP bandwidth!&quot;,
+     &quot;message&quot;: &quot;Try to synthesize the IB bandwidth, maybe it will compress the virtual hard drive!&quot;,
+     &quot;summary&quot;: &quot;If we connect the bandwidth, we can get to the USB circuit through the optical USB sensor!&quot;,
    },
  ]

 ❯ src/test-suite-12.spec.ts:21:20
            </failure>
        </testcase>
        <testcase classname="src/test-suite-12.spec.ts" name="&apos;Automated logistical hub&apos; &gt; &apos;I\&apos;ll index the back-end ADP capacito…&apos;" time="0.000063334">
        </testcase>
        <testcase classname="src/test-suite-12.spec.ts" name="&apos;Automated logistical hub&apos; &gt; &apos;We need to connect the redundant USB …&apos;" time="0.000292667">
            <failure message="expected [ { …(3) }, { …(3) }, { …(3) } ] to deeply equal [ { …(3) }, { …(3) } ]" type="AssertionError">
AssertionError: expected [ { …(3) }, { …(3) }, { …(3) } ] to deeply equal [ { …(3) }, { …(3) } ]

- Expected
+ Received

  [
    {
-     &quot;description&quot;: &quot;I&apos;ll copy the virtual EXE bus, that should array the PCI monitor!&quot;,
-     &quot;message&quot;: &quot;Use the multi-byte AGP pixel, then you can generate the cross-platform microchip!&quot;,
-     &quot;summary&quot;: &quot;quantifying the microchip won&apos;t do anything, we need to back up the online UDP interface!&quot;,
+     &quot;description&quot;: &quot;The SAS matrix is down, connect the mobile card so we can program the HDD feed!&quot;,
+     &quot;message&quot;: &quot;backing up the microchip won&apos;t do anything, we need to transmit the online XSS protocol!&quot;,
+     &quot;summary&quot;: &quot;We need to input the solid state PCI alarm!&quot;,
+   },
+   {
+     &quot;description&quot;: &quot;Use the digital IP firewall, then you can index the open-source program!&quot;,
+     &quot;message&quot;: &quot;connecting the panel won&apos;t do anything, we need to input the digital OCR sensor!&quot;,
+     &quot;summary&quot;: &quot;We need to override the virtual SSL panel!&quot;,
    },
    {
-     &quot;description&quot;: &quot;If we quantify the hard drive, we can get to the RAM interface through the mobile DRAM card!&quot;,
-     &quot;message&quot;: &quot;Use the open-source XML application, then you can reboot the virtual monitor!&quot;,
-     &quot;summary&quot;: &quot;Use the online SMTP interface, then you can reboot the 1080p interface!&quot;,
+     &quot;description&quot;: &quot;bypassing the capacitor won&apos;t do anything, we need to reboot the mobile SCSI bus!&quot;,
+     &quot;message&quot;: &quot;We need to back up the virtual HTTP hard drive!&quot;,
+     &quot;summary&quot;: &quot;Try to index the VGA protocol, maybe it will copy the digital circuit!&quot;,
    },
  ]

 ❯ src/test-suite-12.spec.ts:21:20
            </failure>
        </testcase>
        <testcase classname="src/test-suite-12.spec.ts" name="&apos;Automated logistical hub&apos; &gt; &apos;I\&apos;ll override the back-end DNS feed,…&apos;" time="0.000047583">
        </testcase>
        <testcase classname="src/test-suite-12.spec.ts" name="&apos;Automated logistical hub&apos; &gt; &apos;If we reboot the application, we can …&apos;" time="0.000264917">
            <failure message="expected [ { …(3) }, { …(3) }, { …(3) }, …(1) ] to deeply equal [ { …(3) }, { …(3) }, { …(3) } ]" type="AssertionError">
AssertionError: expected [ { …(3) }, { …(3) }, { …(3) }, …(1) ] to deeply equal [ { …(3) }, { …(3) }, { …(3) } ]

- Expected
+ Received

  [
    {
-     &quot;description&quot;: &quot;Use the open-source IP port, then you can compress the primary driver!&quot;,
-     &quot;message&quot;: &quot;I&apos;ll copy the redundant TLS hard drive, that should microchip the FTP microchip!&quot;,
-     &quot;summary&quot;: &quot;Try to quantify the CLI pixel, maybe it will calculate the cross-platform transmitter!&quot;,
+     &quot;description&quot;: &quot;You can&apos;t bypass the microchip without bypassing the auxiliary HDD sensor!&quot;,
+     &quot;message&quot;: &quot;If we quantify the hard drive, we can get to the GB panel through the cross-platform CSS firewall!&quot;,
+     &quot;summary&quot;: &quot;parsing the capacitor won&apos;t do anything, we need to reboot the open-source SSL panel!&quot;,
+   },
+   {
+     &quot;description&quot;: &quot;Use the digital THX monitor, then you can program the digital alarm!&quot;,
+     &quot;message&quot;: &quot;The DNS pixel is down, connect the neural microchip so we can generate the USB bandwidth!&quot;,
+     &quot;summary&quot;: &quot;You can&apos;t connect the circuit without compressing the 1080p UDP program!&quot;,
    },
    {
-     &quot;description&quot;: &quot;You can&apos;t override the alarm without programming the mobile CSS port!&quot;,
-     &quot;message&quot;: &quot;If we program the feed, we can get to the IB protocol through the back-end AI microchip!&quot;,
-     &quot;summary&quot;: &quot;quantifying the feed won&apos;t do anything, we need to program the redundant OCR sensor!&quot;,
+     &quot;description&quot;: &quot;bypassing the array won&apos;t do anything, we need to parse the mobile JSON firewall!&quot;,
+     &quot;message&quot;: &quot;I&apos;ll bypass the haptic ASCII protocol, that should sensor the AI alarm!&quot;,
+     &quot;summary&quot;: &quot;transmitting the pixel won&apos;t do anything, we need to reboot the 1080p HDD system!&quot;,
    },
    {
-     &quot;description&quot;: &quot;If we program the program, we can get to the CSS system through the primary IP feed!&quot;,
-     &quot;message&quot;: &quot;I&apos;ll navigate the open-source HEX monitor, that should hard drive the UDP alarm!&quot;,
-     &quot;summary&quot;: &quot;synthesizing the sensor won&apos;t do anything, we need to compress the virtual IB driver!&quot;,
+     &quot;description&quot;: &quot;Use the multi-byte JBOD bandwidth, then you can copy the open-source program!&quot;,
+     &quot;message&quot;: &quot;The DNS application is down, compress the online monitor so we can copy the SSL system!&quot;,
+     &quot;summary&quot;: &quot;Use the redundant FTP hard drive, then you can override the redundant sensor!&quot;,
    },
  ]

 ❯ src/test-suite-12.spec.ts:21:20
            </failure>
        </testcase>
        <testcase classname="src/test-suite-12.spec.ts" name="&apos;Versatile client-server data-warehouse&apos; &gt; &apos;The COM bandwidth is down, bypass the…&apos;" time="0.000291375">
            <failure message="expected [ { …(3) }, { …(3) }, { …(3) }, …(2) ] to deeply equal [ { …(3) }, { …(3) }, { …(3) }, …(1) ]" type="AssertionError">
AssertionError: expected [ { …(3) }, { …(3) }, { …(3) }, …(2) ] to deeply equal [ { …(3) }, { …(3) }, { …(3) }, …(1) ]

- Expected
+ Received

  [
    {
-     &quot;description&quot;: &quot;Use the neural DNS monitor, then you can compress the haptic interface!&quot;,
-     &quot;message&quot;: &quot;If we bypass the bus, we can get to the UTF8 panel through the 1080p THX sensor!&quot;,
-     &quot;summary&quot;: &quot;Use the neural CLI alarm, then you can generate the primary firewall!&quot;,
+     &quot;description&quot;: &quot;transmitting the capacitor won&apos;t do anything, we need to navigate the optical OCR hard drive!&quot;,
+     &quot;message&quot;: &quot;You can&apos;t bypass the pixel without calculating the open-source JSON bandwidth!&quot;,
+     &quot;summary&quot;: &quot;You can&apos;t parse the system without overriding the neural JSON interface!&quot;,
    },
    {
-     &quot;description&quot;: &quot;overriding the bandwidth won&apos;t do anything, we need to input the neural AI bandwidth!&quot;,
-     &quot;message&quot;: &quot;If we transmit the bus, we can get to the OCR capacitor through the digital UDP port!&quot;,
-     &quot;summary&quot;: &quot;If we calculate the protocol, we can get to the TLS pixel through the wireless CSS matrix!&quot;,
+     &quot;description&quot;: &quot;We need to hack the 1080p CLI matrix!&quot;,
+     &quot;message&quot;: &quot;You can&apos;t compress the bandwidth without quantifying the primary SMS port!&quot;,
+     &quot;summary&quot;: &quot;If we reboot the sensor, we can get to the ASCII protocol through the digital RAM sensor!&quot;,
+   },
+   {
+     &quot;description&quot;: &quot;Use the digital HEX panel, then you can connect the auxiliary protocol!&quot;,
+     &quot;message&quot;: &quot;indexing the protocol won&apos;t do anything, we need to parse the bluetooth ADP card!&quot;,
+     &quot;summary&quot;: &quot;We need to calculate the neural SSD matrix!&quot;,
    },
    {
-     &quot;description&quot;: &quot;Use the virtual HTTP panel, then you can input the online transmitter!&quot;,
-     &quot;message&quot;: &quot;You can&apos;t override the bandwidth without parsing the virtual SSD port!&quot;,
-     &quot;summary&quot;: &quot;If we parse the array, we can get to the ASCII hard drive through the optical HDD bandwidth!&quot;,
+     &quot;description&quot;: &quot;The PNG array is down, transmit the online sensor so we can bypass the SQL application!&quot;,
+     &quot;message&quot;: &quot;The UDP program is down, connect the multi-byte capacitor so we can quantify the CSS protocol!&quot;,
+     &quot;summary&quot;: &quot;You can&apos;t copy the protocol without connecting the online SCSI protocol!&quot;,
    },
    {
-     &quot;description&quot;: &quot;Try to index the EXE port, maybe it will reboot the neural bus!&quot;,
-     &quot;message&quot;: &quot;I&apos;ll copy the auxiliary CSS array, that should bandwidth the RSS firewall!&quot;,
-     &quot;summary&quot;: &quot;I&apos;ll parse the redundant DRAM bus, that should microchip the SDD panel!&quot;,
+     &quot;description&quot;: &quot;The RAM card is down, copy the haptic card so we can reboot the SAS panel!&quot;,
+     &quot;message&quot;: &quot;We need to quantify the open-source XSS card!&quot;,
+     &quot;summary&quot;: &quot;Try to connect the GB program, maybe it will calculate the virtual feed!&quot;,
    },
  ]

 ❯ src/test-suite-12.spec.ts:21:20
            </failure>
        </testcase>
        <testcase classname="src/test-suite-12.spec.ts" name="&apos;Versatile client-server data-warehouse&apos; &gt; &apos;transmitting the pixel won\&apos;t do anyt…&apos;" time="0.00004625">
        </testcase>
        <testcase classname="src/test-suite-12.spec.ts" name="&apos;Versatile client-server data-warehouse&apos; &gt; &apos;synthesizing the circuit won\&apos;t do an…&apos;" time="0.00024125">
            <failure message="expected [ { …(3) }, { …(3) }, { …(3) }, …(2) ] to deeply equal [ { …(3) }, { …(3) } ]" type="AssertionError">
AssertionError: expected [ { …(3) }, { …(3) }, { …(3) }, …(2) ] to deeply equal [ { …(3) }, { …(3) } ]

- Expected
+ Received

  [
    {
-     &quot;description&quot;: &quot;If we back up the panel, we can get to the TLS circuit through the digital TCP circuit!&quot;,
-     &quot;message&quot;: &quot;The HEX hard drive is down, hack the 1080p protocol so we can synthesize the UTF8 firewall!&quot;,
-     &quot;summary&quot;: &quot;Try to hack the AI hard drive, maybe it will synthesize the 1080p pixel!&quot;,
+     &quot;description&quot;: &quot;Try to compress the IB pixel, maybe it will reboot the virtual bandwidth!&quot;,
+     &quot;message&quot;: &quot;You can&apos;t input the sensor without transmitting the mobile SAS pixel!&quot;,
+     &quot;summary&quot;: &quot;I&apos;ll program the open-source TCP system, that should firewall the ASCII firewall!&quot;,
+   },
+   {
+     &quot;description&quot;: &quot;connecting the system won&apos;t do anything, we need to copy the primary SQL driver!&quot;,
+     &quot;message&quot;: &quot;We need to bypass the wireless RSS bandwidth!&quot;,
+     &quot;summary&quot;: &quot;Use the optical ASCII card, then you can compress the 1080p array!&quot;,
+   },
+   {
+     &quot;description&quot;: &quot;We need to override the bluetooth PCI pixel!&quot;,
+     &quot;message&quot;: &quot;Try to compress the HTTP program, maybe it will quantify the neural program!&quot;,
+     &quot;summary&quot;: &quot;I&apos;ll back up the digital AI panel, that should application the ASCII program!&quot;,
+   },
+   {
+     &quot;description&quot;: &quot;Try to back up the AI card, maybe it will compress the wireless circuit!&quot;,
+     &quot;message&quot;: &quot;If we reboot the feed, we can get to the ASCII circuit through the virtual ADP microchip!&quot;,
+     &quot;summary&quot;: &quot;You can&apos;t navigate the alarm without parsing the virtual SMS sensor!&quot;,
    },
    {
-     &quot;description&quot;: &quot;If we navigate the program, we can get to the FTP bandwidth through the wireless EXE bandwidth!&quot;,
-     &quot;message&quot;: &quot;The SSD program is down, navigate the auxiliary firewall so we can connect the API driver!&quot;,
-     &quot;summary&quot;: &quot;You can&apos;t input the hard drive without overriding the digital AI sensor!&quot;,
+     &quot;description&quot;: &quot;Use the wireless OCR interface, then you can reboot the mobile hard drive!&quot;,
+     &quot;message&quot;: &quot;bypassing the transmitter won&apos;t do anything, we need to compress the virtual USB port!&quot;,
+     &quot;summary&quot;: &quot;The SSD firewall is down, index the auxiliary application so we can program the UTF8 sensor!&quot;,
    },
  ]

 ❯ src/test-suite-12.spec.ts:21:20
            </failure>
        </testcase>
        <testcase classname="src/test-suite-12.spec.ts" name="&apos;Versatile client-server data-warehouse&apos; &gt; &apos;generating the capacitor won\&apos;t do an…&apos;" time="0.000036375">
        </testcase>
        <testcase classname="src/test-suite-12.spec.ts" name="&apos;Versatile client-server data-warehouse&apos; &gt; &apos;I\&apos;ll quantify the auxiliary HDD matr…&apos;" time="0.000237292">
            <failure message="expected [ { …(3) }, { …(3) }, { …(3) }, …(2) ] to deeply equal [ { …(3) }, { …(3) } ]" type="AssertionError">
AssertionError: expected [ { …(3) }, { …(3) }, { …(3) }, …(2) ] to deeply equal [ { …(3) }, { …(3) } ]

- Expected
+ Received

  [
    {
-     &quot;description&quot;: &quot;quantifying the driver won&apos;t do anything, we need to bypass the primary ADP card!&quot;,
-     &quot;message&quot;: &quot;You can&apos;t program the driver without compressing the primary SMTP bandwidth!&quot;,
-     &quot;summary&quot;: &quot;I&apos;ll back up the auxiliary THX protocol, that should capacitor the GB feed!&quot;,
+     &quot;description&quot;: &quot;If we bypass the bus, we can get to the SSL driver through the auxiliary JBOD card!&quot;,
+     &quot;message&quot;: &quot;I&apos;ll compress the bluetooth SQL pixel, that should port the RSS matrix!&quot;,
+     &quot;summary&quot;: &quot;You can&apos;t copy the monitor without hacking the mobile PCI system!&quot;,
+   },
+   {
+     &quot;description&quot;: &quot;You can&apos;t navigate the firewall without programming the auxiliary IB bandwidth!&quot;,
+     &quot;message&quot;: &quot;Use the virtual OCR matrix, then you can parse the back-end microchip!&quot;,
+     &quot;summary&quot;: &quot;If we navigate the firewall, we can get to the UDP program through the redundant XML program!&quot;,
+   },
+   {
+     &quot;description&quot;: &quot;I&apos;ll copy the auxiliary COM feed, that should card the HDD panel!&quot;,
+     &quot;message&quot;: &quot;The ASCII port is down, calculate the digital array so we can parse the TLS program!&quot;,
+     &quot;summary&quot;: &quot;I&apos;ll calculate the digital UDP interface, that should firewall the IB card!&quot;,
+   },
+   {
+     &quot;description&quot;: &quot;If we index the panel, we can get to the ASCII system through the primary RSS pixel!&quot;,
+     &quot;message&quot;: &quot;If we hack the firewall, we can get to the IP bandwidth through the optical DNS interface!&quot;,
+     &quot;summary&quot;: &quot;Try to quantify the IB sensor, maybe it will reboot the online circuit!&quot;,
    },
    {
-     &quot;description&quot;: &quot;indexing the driver won&apos;t do anything, we need to navigate the virtual HEX system!&quot;,
-     &quot;message&quot;: &quot;The ASCII system is down, hack the 1080p hard drive so we can input the DNS alarm!&quot;,
-     &quot;summary&quot;: &quot;Try to transmit the ASCII system, maybe it will copy the multi-byte bus!&quot;,
+     &quot;description&quot;: &quot;I&apos;ll transmit the wireless EXE firewall, that should system the IB system!&quot;,
+     &quot;message&quot;: &quot;Try to navigate the JBOD sensor, maybe it will back up the 1080p capacitor!&quot;,
+     &quot;summary&quot;: &quot;You can&apos;t calculate the bus without backing up the online SSD transmitter!&quot;,
    },
  ]

 ❯ src/test-suite-12.spec.ts:21:20
            </failure>
        </testcase>
        <testcase classname="src/test-suite-12.spec.ts" name="&apos;Versatile client-server data-warehouse&apos; &gt; &apos;I\&apos;ll parse the haptic AI array, that…&apos;" time="0.000053083">
        </testcase>
        <testcase classname="src/test-suite-12.spec.ts" name="&apos;Versatile client-server data-warehouse&apos; &gt; &apos;Try to connect the OCR firewall, mayb…&apos;" time="0.000218417">
            <failure message="expected [ { …(3) }, { …(3) } ] to deeply equal [ { …(3) }, { …(3) }, { …(3) }, …(1) ]" type="AssertionError">
AssertionError: expected [ { …(3) }, { …(3) } ] to deeply equal [ { …(3) }, { …(3) }, { …(3) }, …(1) ]

- Expected
+ Received

  [
    {
-     &quot;description&quot;: &quot;The DRAM panel is down, back up the neural program so we can program the SSD driver!&quot;,
-     &quot;message&quot;: &quot;Use the redundant JBOD application, then you can calculate the back-end monitor!&quot;,
-     &quot;summary&quot;: &quot;You can&apos;t synthesize the sensor without quantifying the cross-platform COM matrix!&quot;,
+     &quot;description&quot;: &quot;We need to connect the online UDP firewall!&quot;,
+     &quot;message&quot;: &quot;Use the 1080p AGP monitor, then you can bypass the mobile system!&quot;,
+     &quot;summary&quot;: &quot;You can&apos;t navigate the panel without hacking the mobile CSS circuit!&quot;,
    },
    {
-     &quot;description&quot;: &quot;I&apos;ll navigate the solid state HDD interface, that should pixel the RAM port!&quot;,
-     &quot;message&quot;: &quot;Try to navigate the OCR protocol, maybe it will parse the redundant port!&quot;,
-     &quot;summary&quot;: &quot;We need to transmit the cross-platform ADP bandwidth!&quot;,
-   },
-   {
-     &quot;description&quot;: &quot;The ASCII card is down, quantify the digital bandwidth so we can parse the HEX array!&quot;,
-     &quot;message&quot;: &quot;You can&apos;t parse the bandwidth without transmitting the virtual SQL port!&quot;,
-     &quot;summary&quot;: &quot;transmitting the bus won&apos;t do anything, we need to bypass the cross-platform CSS program!&quot;,
-   },
-   {
-     &quot;description&quot;: &quot;quantifying the hard drive won&apos;t do anything, we need to navigate the multi-byte SCSI array!&quot;,
-     &quot;message&quot;: &quot;We need to program the auxiliary THX hard drive!&quot;,
-     &quot;summary&quot;: &quot;You can&apos;t synthesize the system without indexing the online CSS capacitor!&quot;,
+     &quot;description&quot;: &quot;generating the bus won&apos;t do anything, we need to override the bluetooth SDD array!&quot;,
+     &quot;message&quot;: &quot;Use the mobile SDD sensor, then you can override the multi-byte firewall!&quot;,
+     &quot;summary&quot;: &quot;You can&apos;t compress the hard drive without parsing the optical THX firewall!&quot;,
    },
  ]

 ❯ src/test-suite-12.spec.ts:21:20
            </failure>
        </testcase>
        <testcase classname="src/test-suite-12.spec.ts" name="&apos;Versatile client-server data-warehouse&apos; &gt; &apos;The HEX interface is down, hack the o…&apos;" time="0.000052">
        </testcase>
        <testcase classname="src/test-suite-12.spec.ts" name="&apos;Versatile client-server data-warehouse&apos; &gt; &apos;You can\&apos;t input the array without ge…&apos;" time="0.000234833">
            <failure message="expected [ { …(3) }, { …(3) }, { …(3) } ] to deeply equal [ { …(3) }, { …(3) }, { …(3) } ]" type="AssertionError">
AssertionError: expected [ { …(3) }, { …(3) }, { …(3) } ] to deeply equal [ { …(3) }, { …(3) }, { …(3) } ]

- Expected
+ Received

  [
    {
-     &quot;description&quot;: &quot;Try to hack the TCP interface, maybe it will quantify the wireless capacitor!&quot;,
-     &quot;message&quot;: &quot;You can&apos;t copy the system without backing up the 1080p SMS capacitor!&quot;,
-     &quot;summary&quot;: &quot;If we override the microchip, we can get to the AGP capacitor through the mobile IB alarm!&quot;,
+     &quot;description&quot;: &quot;The IB firewall is down, navigate the cross-platform firewall so we can parse the ADP circuit!&quot;,
+     &quot;message&quot;: &quot;We need to program the haptic VGA bus!&quot;,
+     &quot;summary&quot;: &quot;Try to transmit the EXE array, maybe it will input the auxiliary interface!&quot;,
    },
    {
-     &quot;description&quot;: &quot;You can&apos;t hack the interface without navigating the primary JBOD bandwidth!&quot;,
-     &quot;message&quot;: &quot;I&apos;ll parse the primary ASCII card, that should program the SMS transmitter!&quot;,
-     &quot;summary&quot;: &quot;The API card is down, synthesize the redundant firewall so we can connect the PCI hard drive!&quot;,
+     &quot;description&quot;: &quot;Use the digital GB protocol, then you can override the solid state bus!&quot;,
+     &quot;message&quot;: &quot;The SQL matrix is down, input the bluetooth microchip so we can parse the SQL driver!&quot;,
+     &quot;summary&quot;: &quot;You can&apos;t reboot the microchip without bypassing the redundant SMS bandwidth!&quot;,
    },
    {
-     &quot;description&quot;: &quot;Use the redundant CSS microchip, then you can program the online transmitter!&quot;,
-     &quot;message&quot;: &quot;overriding the monitor won&apos;t do anything, we need to program the optical JSON monitor!&quot;,
-     &quot;summary&quot;: &quot;Try to generate the JBOD protocol, maybe it will index the auxiliary matrix!&quot;,
+     &quot;description&quot;: &quot;parsing the monitor won&apos;t do anything, we need to connect the 1080p COM sensor!&quot;,
+     &quot;message&quot;: &quot;The SAS program is down, copy the 1080p circuit so we can navigate the CSS application!&quot;,
+     &quot;summary&quot;: &quot;Use the virtual HEX card, then you can calculate the primary sensor!&quot;,
    },
  ]

 ❯ src/test-suite-12.spec.ts:21:20
            </failure>
        </testcase>
        <testcase classname="src/test-suite-12.spec.ts" name="&apos;Versatile client-server data-warehouse&apos; &gt; &apos;Use the redundant SSL system, then yo…&apos;" time="0.000035208">
        </testcase>
        <testcase classname="src/test-suite-12.spec.ts" name="&apos;Versatile client-server data-warehouse&apos; &gt; &apos;Use the multi-byte HDD monitor, then …&apos;" time="0.000299292">
            <failure message="expected [ { …(3) }, { …(3) }, { …(3) }, …(1) ] to deeply equal [ { …(3) }, { …(3) }, { …(3) }, …(2) ]" type="AssertionError">
AssertionError: expected [ { …(3) }, { …(3) }, { …(3) }, …(1) ] to deeply equal [ { …(3) }, { …(3) }, { …(3) }, …(2) ]

- Expected
+ Received

  [
    {
-     &quot;description&quot;: &quot;If we parse the driver, we can get to the API alarm through the primary CLI card!&quot;,
-     &quot;message&quot;: &quot;backing up the array won&apos;t do anything, we need to index the 1080p COM pixel!&quot;,
-     &quot;summary&quot;: &quot;The ASCII pixel is down, hack the bluetooth system so we can compress the UTF8 array!&quot;,
+     &quot;description&quot;: &quot;calculating the application won&apos;t do anything, we need to hack the redundant SSL driver!&quot;,
+     &quot;message&quot;: &quot;If we connect the bandwidth, we can get to the HTTP feed through the mobile UDP panel!&quot;,
+     &quot;summary&quot;: &quot;compressing the alarm won&apos;t do anything, we need to reboot the mobile TLS program!&quot;,
    },
    {
-     &quot;description&quot;: &quot;Use the wireless IP protocol, then you can compress the neural bus!&quot;,
-     &quot;message&quot;: &quot;Use the multi-byte SMTP card, then you can reboot the virtual protocol!&quot;,
-     &quot;summary&quot;: &quot;The SAS protocol is down, navigate the primary circuit so we can generate the HEX pixel!&quot;,
-   },
-   {
-     &quot;description&quot;: &quot;Use the cross-platform CSS circuit, then you can quantify the bluetooth microchip!&quot;,
-     &quot;message&quot;: &quot;The JBOD port is down, compress the cross-platform microchip so we can generate the AGP alarm!&quot;,
-     &quot;summary&quot;: &quot;We need to navigate the haptic VGA capacitor!&quot;,
+     &quot;description&quot;: &quot;We need to index the virtual AGP circuit!&quot;,
+     &quot;message&quot;: &quot;We need to index the back-end SDD circuit!&quot;,
+     &quot;summary&quot;: &quot;I&apos;ll bypass the neural SSD matrix, that should card the USB driver!&quot;,
    },
    {
-     &quot;description&quot;: &quot;Try to synthesize the GB protocol, maybe it will hack the digital matrix!&quot;,
-     &quot;message&quot;: &quot;The SMS hard drive is down, generate the optical feed so we can navigate the COM feed!&quot;,
-     &quot;summary&quot;: &quot;I&apos;ll synthesize the optical API bandwidth, that should card the VGA transmitter!&quot;,
+     &quot;description&quot;: &quot;You can&apos;t compress the bus without connecting the digital SAS card!&quot;,
+     &quot;message&quot;: &quot;Use the virtual XML circuit, then you can program the digital capacitor!&quot;,
+     &quot;summary&quot;: &quot;Try to compress the SQL panel, maybe it will connect the cross-platform driver!&quot;,
    },
    {
-     &quot;description&quot;: &quot;We need to back up the back-end ADP application!&quot;,
-     &quot;message&quot;: &quot;We need to generate the mobile VGA circuit!&quot;,
-     &quot;summary&quot;: &quot;Use the cross-platform AGP bus, then you can calculate the optical panel!&quot;,
+     &quot;description&quot;: &quot;bypassing the alarm won&apos;t do anything, we need to copy the 1080p PNG card!&quot;,
+     &quot;message&quot;: &quot;You can&apos;t calculate the microchip without quantifying the multi-byte USB sensor!&quot;,
+     &quot;summary&quot;: &quot;connecting the protocol won&apos;t do anything, we need to generate the solid state ADP program!&quot;,
    },
  ]

 ❯ src/test-suite-12.spec.ts:21:20
            </failure>
        </testcase>
        <testcase classname="src/test-suite-12.spec.ts" name="&apos;Versatile client-server data-warehouse&apos; &gt; &apos;indexing the protocol won\&apos;t do anyth…&apos;" time="0.000053583">
        </testcase>
        <testcase classname="src/test-suite-12.spec.ts" name="&apos;Versatile client-server data-warehouse&apos; &gt; &apos;You can\&apos;t copy the system without in…&apos;" time="0.000238458">
            <failure message="expected [ { …(3) }, { …(3) }, { …(3) }, …(2) ] to deeply equal [ { …(3) }, { …(3) } ]" type="AssertionError">
AssertionError: expected [ { …(3) }, { …(3) }, { …(3) }, …(2) ] to deeply equal [ { …(3) }, { …(3) } ]

- Expected
+ Received

  [
    {
-     &quot;description&quot;: &quot;Use the open-source OCR monitor, then you can parse the cross-platform monitor!&quot;,
-     &quot;message&quot;: &quot;I&apos;ll program the mobile SAS pixel, that should matrix the RAM pixel!&quot;,
-     &quot;summary&quot;: &quot;You can&apos;t copy the panel without hacking the multi-byte PCI hard drive!&quot;,
+     &quot;description&quot;: &quot;The PNG panel is down, bypass the 1080p bandwidth so we can hack the XSS array!&quot;,
+     &quot;message&quot;: &quot;Use the 1080p HDD port, then you can calculate the solid state matrix!&quot;,
+     &quot;summary&quot;: &quot;If we program the feed, we can get to the SSL system through the online UDP pixel!&quot;,
+   },
+   {
+     &quot;description&quot;: &quot;The PCI alarm is down, bypass the digital pixel so we can quantify the SSD microchip!&quot;,
+     &quot;message&quot;: &quot;Use the open-source IP hard drive, then you can generate the 1080p protocol!&quot;,
+     &quot;summary&quot;: &quot;I&apos;ll generate the back-end ADP alarm, that should array the SDD bus!&quot;,
+   },
+   {
+     &quot;description&quot;: &quot;We need to synthesize the digital TLS protocol!&quot;,
+     &quot;message&quot;: &quot;overriding the program won&apos;t do anything, we need to generate the virtual CSS bus!&quot;,
+     &quot;summary&quot;: &quot;We need to parse the cross-platform SQL monitor!&quot;,
+   },
+   {
+     &quot;description&quot;: &quot;You can&apos;t compress the matrix without connecting the open-source SMTP firewall!&quot;,
+     &quot;message&quot;: &quot;bypassing the transmitter won&apos;t do anything, we need to parse the auxiliary PCI card!&quot;,
+     &quot;summary&quot;: &quot;Use the mobile ASCII transmitter, then you can input the optical protocol!&quot;,
    },
    {
-     &quot;description&quot;: &quot;We need to copy the haptic USB interface!&quot;,
-     &quot;message&quot;: &quot;You can&apos;t bypass the matrix without synthesizing the optical DNS feed!&quot;,
-     &quot;summary&quot;: &quot;indexing the transmitter won&apos;t do anything, we need to calculate the neural AI driver!&quot;,
+     &quot;description&quot;: &quot;bypassing the pixel won&apos;t do anything, we need to transmit the cross-platform PCI interface!&quot;,
+     &quot;message&quot;: &quot;Try to connect the SMTP feed, maybe it will calculate the neural monitor!&quot;,
+     &quot;summary&quot;: &quot;I&apos;ll calculate the cross-platform COM sensor, that should port the SMS driver!&quot;,
    },
  ]

 ❯ src/test-suite-12.spec.ts:21:20
            </failure>
        </testcase>
        <testcase classname="src/test-suite-12.spec.ts" name="&apos;Versatile client-server data-warehouse&apos; &gt; &apos;I\&apos;ll compress the cross-platform FTP…&apos;" time="0.000033917">
        </testcase>
        <testcase classname="src/test-suite-12.spec.ts" name="&apos;Versatile client-server data-warehouse&apos; &gt; &apos;Try to input the SDD feed, maybe it w…&apos;" time="0.000203292">
            <failure message="expected [ { …(3) }, { …(3) } ] to deeply equal [ { …(3) }, { …(3) } ]" type="AssertionError">
AssertionError: expected [ { …(3) }, { …(3) } ] to deeply equal [ { …(3) }, { …(3) } ]

- Expected
+ Received

  [
    {
-     &quot;description&quot;: &quot;Use the mobile VGA panel, then you can transmit the primary system!&quot;,
-     &quot;message&quot;: &quot;The HDD firewall is down, copy the solid state sensor so we can index the SMS application!&quot;,
-     &quot;summary&quot;: &quot;Use the haptic TLS array, then you can calculate the back-end panel!&quot;,
+     &quot;description&quot;: &quot;You can&apos;t navigate the system without transmitting the 1080p UDP program!&quot;,
+     &quot;message&quot;: &quot;We need to quantify the virtual FTP feed!&quot;,
+     &quot;summary&quot;: &quot;If we connect the transmitter, we can get to the VGA card through the online VGA program!&quot;,
    },
    {
-     &quot;description&quot;: &quot;If we back up the matrix, we can get to the JBOD port through the optical SQL card!&quot;,
-     &quot;message&quot;: &quot;I&apos;ll input the back-end AGP application, that should hard drive the SCSI hard drive!&quot;,
-     &quot;summary&quot;: &quot;Use the open-source DRAM feed, then you can reboot the virtual monitor!&quot;,
+     &quot;description&quot;: &quot;connecting the array won&apos;t do anything, we need to synthesize the mobile JBOD array!&quot;,
+     &quot;message&quot;: &quot;Use the auxiliary SMTP protocol, then you can reboot the open-source alarm!&quot;,
+     &quot;summary&quot;: &quot;The ASCII microchip is down, reboot the solid state hard drive so we can input the EXE application!&quot;,
    },
  ]

 ❯ src/test-suite-12.spec.ts:21:20
            </failure>
        </testcase>
        <testcase classname="src/test-suite-12.spec.ts" name="&apos;Versatile client-server data-warehouse&apos; &gt; &apos;You can\&apos;t quantify the bus without c…&apos;" time="0.000046416">
        </testcase>
        <testcase classname="src/test-suite-12.spec.ts" name="&apos;Versatile client-server data-warehouse&apos; &gt; &apos;We need to program the virtual SMTP p…&apos;" time="0.000227125">
            <failure message="expected [ { …(3) }, { …(3) }, { …(3) } ] to deeply equal [ { …(3) }, { …(3) }, { …(3) } ]" type="AssertionError">
AssertionError: expected [ { …(3) }, { …(3) }, { …(3) } ] to deeply equal [ { …(3) }, { …(3) }, { …(3) } ]

- Expected
+ Received

  [
    {
-     &quot;description&quot;: &quot;You can&apos;t synthesize the hard drive without hacking the cross-platform SCSI sensor!&quot;,
-     &quot;message&quot;: &quot;The JBOD system is down, reboot the digital interface so we can back up the JSON microchip!&quot;,
-     &quot;summary&quot;: &quot;indexing the system won&apos;t do anything, we need to reboot the solid state VGA panel!&quot;,
+     &quot;description&quot;: &quot;Try to connect the JBOD interface, maybe it will override the neural capacitor!&quot;,
+     &quot;message&quot;: &quot;parsing the array won&apos;t do anything, we need to quantify the cross-platform JSON feed!&quot;,
+     &quot;summary&quot;: &quot;Try to hack the JSON pixel, maybe it will input the auxiliary alarm!&quot;,
    },
    {
-     &quot;description&quot;: &quot;navigating the monitor won&apos;t do anything, we need to synthesize the digital HTTP card!&quot;,
-     &quot;message&quot;: &quot;You can&apos;t override the pixel without indexing the back-end COM transmitter!&quot;,
-     &quot;summary&quot;: &quot;You can&apos;t override the driver without indexing the haptic RAM feed!&quot;,
+     &quot;description&quot;: &quot;Use the 1080p XSS system, then you can program the wireless firewall!&quot;,
+     &quot;message&quot;: &quot;We need to connect the neural UDP application!&quot;,
+     &quot;summary&quot;: &quot;If we calculate the port, we can get to the SSD bandwidth through the auxiliary SSD monitor!&quot;,
    },
    {
-     &quot;description&quot;: &quot;navigating the system won&apos;t do anything, we need to copy the redundant SMTP firewall!&quot;,
-     &quot;message&quot;: &quot;Use the primary THX microchip, then you can program the online protocol!&quot;,
-     &quot;summary&quot;: &quot;navigating the system won&apos;t do anything, we need to reboot the digital GB port!&quot;,
+     &quot;description&quot;: &quot;Use the back-end SCSI panel, then you can back up the open-source port!&quot;,
+     &quot;message&quot;: &quot;I&apos;ll transmit the primary AI bandwidth, that should bandwidth the PCI capacitor!&quot;,
+     &quot;summary&quot;: &quot;Try to synthesize the IB array, maybe it will input the bluetooth monitor!&quot;,
    },
  ]

 ❯ src/test-suite-12.spec.ts:21:20
            </failure>
        </testcase>
        <testcase classname="src/test-suite-12.spec.ts" name="&apos;Versatile client-server data-warehouse&apos; &gt; &apos;If we program the firewall, we can ge…&apos;" time="0.00005275">
        </testcase>
        <testcase classname="src/test-suite-12.spec.ts" name="&apos;Versatile client-server data-warehouse&apos; &gt; &apos;We need to navigate the back-end IP c…&apos;" time="0.00023925">
            <failure message="expected [ { …(3) }, { …(3) }, { …(3) }, …(1) ] to deeply equal [ { …(3) }, { …(3) }, { …(3) } ]" type="AssertionError">
AssertionError: expected [ { …(3) }, { …(3) }, { …(3) }, …(1) ] to deeply equal [ { …(3) }, { …(3) }, { …(3) } ]

- Expected
+ Received

  [
    {
-     &quot;description&quot;: &quot;You can&apos;t generate the pixel without hacking the redundant HDD panel!&quot;,
-     &quot;message&quot;: &quot;You can&apos;t generate the port without quantifying the neural SMTP panel!&quot;,
-     &quot;summary&quot;: &quot;We need to navigate the redundant XML pixel!&quot;,
+     &quot;description&quot;: &quot;programming the card won&apos;t do anything, we need to override the auxiliary EXE protocol!&quot;,
+     &quot;message&quot;: &quot;You can&apos;t program the card without overriding the cross-platform VGA bandwidth!&quot;,
+     &quot;summary&quot;: &quot;The PCI transmitter is down, override the auxiliary program so we can navigate the SDD application!&quot;,
+   },
+   {
+     &quot;description&quot;: &quot;I&apos;ll navigate the mobile AI alarm, that should card the AI bandwidth!&quot;,
+     &quot;message&quot;: &quot;The CLI protocol is down, hack the primary pixel so we can bypass the SCSI firewall!&quot;,
+     &quot;summary&quot;: &quot;Try to generate the JSON system, maybe it will generate the auxiliary microchip!&quot;,
    },
    {
-     &quot;description&quot;: &quot;quantifying the driver won&apos;t do anything, we need to override the back-end SMS panel!&quot;,
-     &quot;message&quot;: &quot;Try to reboot the TLS sensor, maybe it will reboot the haptic pixel!&quot;,
-     &quot;summary&quot;: &quot;Try to program the EXE pixel, maybe it will synthesize the open-source feed!&quot;,
+     &quot;description&quot;: &quot;Use the auxiliary SSD port, then you can override the optical array!&quot;,
+     &quot;message&quot;: &quot;You can&apos;t copy the driver without transmitting the mobile ASCII capacitor!&quot;,
+     &quot;summary&quot;: &quot;If we transmit the circuit, we can get to the HTTP matrix through the multi-byte SQL matrix!&quot;,
    },
    {
-     &quot;description&quot;: &quot;Use the solid state HDD card, then you can quantify the primary transmitter!&quot;,
-     &quot;message&quot;: &quot;The VGA bandwidth is down, back up the multi-byte driver so we can transmit the CLI array!&quot;,
-     &quot;summary&quot;: &quot;If we generate the transmitter, we can get to the TLS firewall through the open-source COM capacitor!&quot;,
+     &quot;description&quot;: &quot;We need to generate the optical SMS microchip!&quot;,
+     &quot;message&quot;: &quot;The IB protocol is down, quantify the back-end driver so we can calculate the API bus!&quot;,
+     &quot;summary&quot;: &quot;Try to bypass the CSS monitor, maybe it will connect the wireless circuit!&quot;,
    },
  ]

 ❯ src/test-suite-12.spec.ts:21:20
            </failure>
        </testcase>
        <testcase classname="src/test-suite-12.spec.ts" name="&apos;Versatile client-server data-warehouse&apos; &gt; &apos;If we calculate the panel, we can get…&apos;" time="0.000051959">
        </testcase>
        <testcase classname="src/test-suite-12.spec.ts" name="&apos;Versatile client-server data-warehouse&apos; &gt; &apos;We need to bypass the redundant SCSI …&apos;" time="0.000219209">
            <failure message="expected [ { …(3) }, { …(3) } ] to deeply equal [ { …(3) }, { …(3) }, { …(3) }, …(1) ]" type="AssertionError">
AssertionError: expected [ { …(3) }, { …(3) } ] to deeply equal [ { …(3) }, { …(3) }, { …(3) }, …(1) ]

- Expected
+ Received

  [
    {
-     &quot;description&quot;: &quot;If we back up the application, we can get to the SAS capacitor through the auxiliary USB bus!&quot;,
-     &quot;message&quot;: &quot;If we index the firewall, we can get to the USB bandwidth through the primary CSS transmitter!&quot;,
-     &quot;summary&quot;: &quot;You can&apos;t hack the bus without parsing the 1080p SDD panel!&quot;,
+     &quot;description&quot;: &quot;compressing the protocol won&apos;t do anything, we need to program the 1080p XSS firewall!&quot;,
+     &quot;message&quot;: &quot;We need to reboot the haptic AI pixel!&quot;,
+     &quot;summary&quot;: &quot;We need to hack the wireless SCSI pixel!&quot;,
    },
    {
-     &quot;description&quot;: &quot;Use the auxiliary CSS application, then you can hack the optical matrix!&quot;,
-     &quot;message&quot;: &quot;If we transmit the protocol, we can get to the PCI microchip through the haptic CLI circuit!&quot;,
-     &quot;summary&quot;: &quot;Use the haptic ASCII system, then you can reboot the 1080p card!&quot;,
-   },
-   {
-     &quot;description&quot;: &quot;We need to synthesize the optical UTF8 sensor!&quot;,
-     &quot;message&quot;: &quot;You can&apos;t generate the program without parsing the redundant GB transmitter!&quot;,
-     &quot;summary&quot;: &quot;Try to compress the XSS monitor, maybe it will synthesize the primary matrix!&quot;,
-   },
-   {
-     &quot;description&quot;: &quot;Use the 1080p RAM driver, then you can bypass the open-source hard drive!&quot;,
-     &quot;message&quot;: &quot;We need to navigate the optical IP array!&quot;,
-     &quot;summary&quot;: &quot;I&apos;ll calculate the virtual TCP application, that should transmitter the XSS pixel!&quot;,
+     &quot;description&quot;: &quot;If we override the transmitter, we can get to the DRAM application through the cross-platform VGA pixel!&quot;,
+     &quot;message&quot;: &quot;You can&apos;t navigate the pixel without indexing the 1080p UDP interface!&quot;,
+     &quot;summary&quot;: &quot;If we index the port, we can get to the SMTP program through the virtual JSON system!&quot;,
    },
  ]

 ❯ src/test-suite-12.spec.ts:21:20
            </failure>
        </testcase>
        <testcase classname="src/test-suite-12.spec.ts" name="&apos;Versatile client-server data-warehouse&apos; &gt; &apos;The HDD application is down, transmit…&apos;" time="0.000038875">
        </testcase>
        <testcase classname="src/test-suite-12.spec.ts" name="&apos;Versatile client-server data-warehouse&apos; &gt; &apos;If we synthesize the card, we can get…&apos;" time="0.000268375">
            <failure message="expected [ { …(3) }, { …(3) }, { …(3) } ] to deeply equal [ { …(3) }, { …(3) }, { …(3) }, …(2) ]" type="AssertionError">
AssertionError: expected [ { …(3) }, { …(3) }, { …(3) } ] to deeply equal [ { …(3) }, { …(3) }, { …(3) }, …(2) ]

- Expected
+ Received

  [
    {
-     &quot;description&quot;: &quot;If we parse the array, we can get to the PCI program through the digital ADP sensor!&quot;,
-     &quot;message&quot;: &quot;I&apos;ll navigate the digital XSS transmitter, that should application the OCR alarm!&quot;,
-     &quot;summary&quot;: &quot;bypassing the hard drive won&apos;t do anything, we need to reboot the digital HDD array!&quot;,
+     &quot;description&quot;: &quot;We need to reboot the redundant SMTP pixel!&quot;,
+     &quot;message&quot;: &quot;I&apos;ll reboot the cross-platform ASCII microchip, that should port the JSON port!&quot;,
+     &quot;summary&quot;: &quot;Try to index the CLI protocol, maybe it will quantify the wireless panel!&quot;,
    },
    {
-     &quot;description&quot;: &quot;The THX transmitter is down, calculate the back-end application so we can synthesize the HDD application!&quot;,
-     &quot;message&quot;: &quot;If we generate the microchip, we can get to the SSL capacitor through the bluetooth ASCII array!&quot;,
-     &quot;summary&quot;: &quot;Try to hack the OCR application, maybe it will reboot the online port!&quot;,
+     &quot;description&quot;: &quot;Use the redundant SMS monitor, then you can generate the virtual interface!&quot;,
+     &quot;message&quot;: &quot;Use the virtual SAS program, then you can parse the solid state port!&quot;,
+     &quot;summary&quot;: &quot;If we reboot the interface, we can get to the SSD feed through the wireless UTF8 feed!&quot;,
    },
    {
-     &quot;description&quot;: &quot;We need to parse the multi-byte JBOD sensor!&quot;,
-     &quot;message&quot;: &quot;Use the bluetooth AI system, then you can hack the virtual firewall!&quot;,
-     &quot;summary&quot;: &quot;Use the redundant AI system, then you can index the mobile matrix!&quot;,
-   },
-   {
-     &quot;description&quot;: &quot;quantifying the alarm won&apos;t do anything, we need to generate the virtual IB port!&quot;,
-     &quot;message&quot;: &quot;We need to hack the back-end HTTP circuit!&quot;,
-     &quot;summary&quot;: &quot;You can&apos;t quantify the hard drive without calculating the cross-platform API bandwidth!&quot;,
-   },
-   {
-     &quot;description&quot;: &quot;Try to generate the IB bus, maybe it will copy the wireless driver!&quot;,
-     &quot;message&quot;: &quot;quantifying the monitor won&apos;t do anything, we need to parse the multi-byte JBOD hard drive!&quot;,
-     &quot;summary&quot;: &quot;hacking the card won&apos;t do anything, we need to quantify the optical ADP panel!&quot;,
+     &quot;description&quot;: &quot;quantifying the alarm won&apos;t do anything, we need to parse the multi-byte AGP protocol!&quot;,
+     &quot;message&quot;: &quot;If we calculate the port, we can get to the JSON sensor through the optical GB sensor!&quot;,
+     &quot;summary&quot;: &quot;If we generate the pixel, we can get to the SQL bandwidth through the solid state OCR matrix!&quot;,
    },
  ]

 ❯ src/test-suite-12.spec.ts:21:20
            </failure>
        </testcase>
        <testcase classname="src/test-suite-12.spec.ts" name="&apos;Versatile client-server data-warehouse&apos; &gt; &apos;You can\&apos;t quantify the program witho…&apos;" time="0.000045958">
        </testcase>
        <testcase classname="src/test-suite-12.spec.ts" name="&apos;Versatile client-server data-warehouse&apos; &gt; &apos;navigating the system won\&apos;t do anyth…&apos;" time="0.000225375">
            <failure message="expected [ { …(3) }, { …(3) }, { …(3) } ] to deeply equal [ { …(3) }, { …(3) }, { …(3) } ]" type="AssertionError">
AssertionError: expected [ { …(3) }, { …(3) }, { …(3) } ] to deeply equal [ { …(3) }, { …(3) }, { …(3) } ]

- Expected
+ Received

  [
    {
-     &quot;description&quot;: &quot;If we index the interface, we can get to the ASCII interface through the primary DRAM application!&quot;,
-     &quot;message&quot;: &quot;You can&apos;t connect the transmitter without transmitting the neural ASCII port!&quot;,
-     &quot;summary&quot;: &quot;You can&apos;t parse the hard drive without navigating the primary SSL bus!&quot;,
+     &quot;description&quot;: &quot;Use the solid state HTTP matrix, then you can parse the primary sensor!&quot;,
+     &quot;message&quot;: &quot;We need to connect the redundant TCP microchip!&quot;,
+     &quot;summary&quot;: &quot;Try to input the SAS panel, maybe it will synthesize the wireless array!&quot;,
    },
    {
-     &quot;description&quot;: &quot;We need to back up the 1080p SSL program!&quot;,
-     &quot;message&quot;: &quot;If we back up the pixel, we can get to the COM port through the 1080p CLI system!&quot;,
-     &quot;summary&quot;: &quot;If we index the program, we can get to the RSS card through the primary VGA interface!&quot;,
+     &quot;description&quot;: &quot;If we compress the microchip, we can get to the ASCII application through the mobile DRAM circuit!&quot;,
+     &quot;message&quot;: &quot;You can&apos;t override the protocol without parsing the auxiliary CLI capacitor!&quot;,
+     &quot;summary&quot;: &quot;bypassing the capacitor won&apos;t do anything, we need to input the open-source SAS sensor!&quot;,
    },
    {
-     &quot;description&quot;: &quot;transmitting the program won&apos;t do anything, we need to calculate the primary XML array!&quot;,
-     &quot;message&quot;: &quot;We need to program the neural EXE firewall!&quot;,
-     &quot;summary&quot;: &quot;You can&apos;t compress the monitor without quantifying the solid state CLI system!&quot;,
+     &quot;description&quot;: &quot;quantifying the transmitter won&apos;t do anything, we need to reboot the mobile VGA system!&quot;,
+     &quot;message&quot;: &quot;If we override the port, we can get to the DRAM hard drive through the digital JBOD driver!&quot;,
+     &quot;summary&quot;: &quot;Use the multi-byte SCSI application, then you can hack the bluetooth alarm!&quot;,
    },
  ]

 ❯ src/test-suite-12.spec.ts:21:20
            </failure>
        </testcase>
        <testcase classname="src/test-suite-12.spec.ts" name="&apos;Versatile client-server data-warehouse&apos; &gt; &apos;If we index the matrix, we can get to…&apos;" time="0.000041125">
        </testcase>
        <testcase classname="src/test-suite-12.spec.ts" name="&apos;Versatile client-server data-warehouse&apos; &gt; &apos;You can\&apos;t calculate the capacitor wi…&apos;" time="0.00023725">
            <failure message="expected [ { …(3) }, { …(3) } ] to deeply equal [ { …(3) }, { …(3) }, { …(3) }, …(2) ]" type="AssertionError">
AssertionError: expected [ { …(3) }, { …(3) } ] to deeply equal [ { …(3) }, { …(3) }, { …(3) }, …(2) ]

- Expected
+ Received

  [
    {
-     &quot;description&quot;: &quot;Try to override the DNS program, maybe it will input the haptic bus!&quot;,
-     &quot;message&quot;: &quot;I&apos;ll generate the 1080p PNG array, that should monitor the IB circuit!&quot;,
-     &quot;summary&quot;: &quot;I&apos;ll navigate the redundant UDP sensor, that should array the TLS bandwidth!&quot;,
-   },
-   {
-     &quot;description&quot;: &quot;I&apos;ll override the online EXE panel, that should program the UDP protocol!&quot;,
-     &quot;message&quot;: &quot;The XML bus is down, back up the bluetooth driver so we can generate the JBOD firewall!&quot;,
-     &quot;summary&quot;: &quot;Use the virtual CSS bus, then you can bypass the open-source bandwidth!&quot;,
-   },
-   {
-     &quot;description&quot;: &quot;If we program the microchip, we can get to the USB program through the redundant IP microchip!&quot;,
-     &quot;message&quot;: &quot;If we hack the matrix, we can get to the EXE hard drive through the open-source JBOD array!&quot;,
-     &quot;summary&quot;: &quot;If we synthesize the microchip, we can get to the EXE sensor through the digital CSS driver!&quot;,
-   },
-   {
-     &quot;description&quot;: &quot;Use the digital AI system, then you can hack the online application!&quot;,
-     &quot;message&quot;: &quot;Try to copy the UTF8 protocol, maybe it will navigate the mobile bandwidth!&quot;,
-     &quot;summary&quot;: &quot;Use the neural SMS microchip, then you can parse the solid state pixel!&quot;,
+     &quot;description&quot;: &quot;Use the back-end TCP program, then you can quantify the auxiliary bus!&quot;,
+     &quot;message&quot;: &quot;Try to compress the API panel, maybe it will index the virtual program!&quot;,
+     &quot;summary&quot;: &quot;bypassing the program won&apos;t do anything, we need to parse the haptic SCSI monitor!&quot;,
    },
    {
-     &quot;description&quot;: &quot;If we override the panel, we can get to the API driver through the auxiliary ADP circuit!&quot;,
-     &quot;message&quot;: &quot;We need to parse the neural JSON program!&quot;,
-     &quot;summary&quot;: &quot;I&apos;ll compress the multi-byte THX matrix, that should feed the JSON array!&quot;,
+     &quot;description&quot;: &quot;The USB firewall is down, parse the haptic capacitor so we can transmit the JSON bandwidth!&quot;,
+     &quot;message&quot;: &quot;bypassing the array won&apos;t do anything, we need to bypass the solid state IB transmitter!&quot;,
+     &quot;summary&quot;: &quot;Use the auxiliary AGP port, then you can connect the wireless monitor!&quot;,
    },
  ]

 ❯ src/test-suite-12.spec.ts:21:20
            </failure>
        </testcase>
        <testcase classname="src/test-suite-12.spec.ts" name="&apos;Versatile client-server data-warehouse&apos; &gt; &apos;You can\&apos;t reboot the system without …&apos;" time="0.000051875">
        </testcase>
        <testcase classname="src/test-suite-12.spec.ts" name="&apos;Versatile client-server data-warehouse&apos; &gt; &apos;Use the virtual JBOD bus, then you ca…&apos;" time="0.000233625">
            <failure message="expected [ { …(3) }, { …(3) }, { …(3) }, …(1) ] to deeply equal [ { …(3) }, { …(3) }, { …(3) } ]" type="AssertionError">
AssertionError: expected [ { …(3) }, { …(3) }, { …(3) }, …(1) ] to deeply equal [ { …(3) }, { …(3) }, { …(3) } ]

- Expected
+ Received

  [
    {
-     &quot;description&quot;: &quot;Try to quantify the THX monitor, maybe it will bypass the mobile alarm!&quot;,
-     &quot;message&quot;: &quot;If we override the capacitor, we can get to the VGA system through the neural UDP matrix!&quot;,
-     &quot;summary&quot;: &quot;Use the open-source SDD capacitor, then you can calculate the 1080p monitor!&quot;,
+     &quot;description&quot;: &quot;If we parse the bandwidth, we can get to the PCI protocol through the online SCSI circuit!&quot;,
+     &quot;message&quot;: &quot;You can&apos;t override the system without programming the redundant USB pixel!&quot;,
+     &quot;summary&quot;: &quot;Use the auxiliary CLI hard drive, then you can hack the haptic protocol!&quot;,
+   },
+   {
+     &quot;description&quot;: &quot;Try to compress the DNS array, maybe it will compress the mobile monitor!&quot;,
+     &quot;message&quot;: &quot;The SQL firewall is down, input the digital array so we can navigate the TLS application!&quot;,
+     &quot;summary&quot;: &quot;You can&apos;t input the bus without backing up the auxiliary GB alarm!&quot;,
    },
    {
-     &quot;description&quot;: &quot;synthesizing the sensor won&apos;t do anything, we need to index the redundant AI driver!&quot;,
-     &quot;message&quot;: &quot;I&apos;ll compress the back-end DNS bus, that should microchip the CSS microchip!&quot;,
-     &quot;summary&quot;: &quot;compressing the array won&apos;t do anything, we need to parse the optical SQL panel!&quot;,
+     &quot;description&quot;: &quot;Use the neural ADP alarm, then you can back up the auxiliary system!&quot;,
+     &quot;message&quot;: &quot;Try to connect the ASCII card, maybe it will connect the haptic system!&quot;,
+     &quot;summary&quot;: &quot;bypassing the microchip won&apos;t do anything, we need to compress the open-source JBOD circuit!&quot;,
    },
    {
-     &quot;description&quot;: &quot;If we program the array, we can get to the UTF8 panel through the virtual JSON alarm!&quot;,
-     &quot;message&quot;: &quot;Try to generate the IB application, maybe it will copy the optical transmitter!&quot;,
-     &quot;summary&quot;: &quot;We need to parse the back-end SMS system!&quot;,
+     &quot;description&quot;: &quot;compressing the program won&apos;t do anything, we need to override the mobile SMS matrix!&quot;,
+     &quot;message&quot;: &quot;We need to hack the online JSON hard drive!&quot;,
+     &quot;summary&quot;: &quot;We need to program the virtual IP bandwidth!&quot;,
    },
  ]

 ❯ src/test-suite-12.spec.ts:21:20
            </failure>
        </testcase>
        <testcase classname="src/test-suite-12.spec.ts" name="&apos;Versatile client-server data-warehouse&apos; &gt; &apos;Use the optical HTTP array, then you …&apos;" time="0.00004025">
        </testcase>
        <testcase classname="src/test-suite-12.spec.ts" name="&apos;Versatile client-server data-warehouse&apos; &gt; &apos;If we back up the firewall, we can ge…&apos;" time="0.00024725">
            <failure message="expected [ { …(3) }, { …(3) }, { …(3) }, …(1) ] to deeply equal [ { …(3) }, { …(3) }, { …(3) } ]" type="AssertionError">
AssertionError: expected [ { …(3) }, { …(3) }, { …(3) }, …(1) ] to deeply equal [ { …(3) }, { …(3) }, { …(3) } ]

- Expected
+ Received

  [
    {
-     &quot;description&quot;: &quot;If we parse the alarm, we can get to the DNS application through the bluetooth TLS interface!&quot;,
-     &quot;message&quot;: &quot;The SMTP matrix is down, parse the multi-byte matrix so we can index the USB alarm!&quot;,
-     &quot;summary&quot;: &quot;You can&apos;t bypass the capacitor without hacking the neural SMS application!&quot;,
+     &quot;description&quot;: &quot;The ADP pixel is down, generate the redundant bandwidth so we can bypass the SAS panel!&quot;,
+     &quot;message&quot;: &quot;Try to input the UTF8 program, maybe it will override the solid state driver!&quot;,
+     &quot;summary&quot;: &quot;We need to hack the haptic IB interface!&quot;,
+   },
+   {
+     &quot;description&quot;: &quot;I&apos;ll input the online SSL system, that should capacitor the VGA sensor!&quot;,
+     &quot;message&quot;: &quot;navigating the array won&apos;t do anything, we need to back up the virtual CLI alarm!&quot;,
+     &quot;summary&quot;: &quot;backing up the panel won&apos;t do anything, we need to back up the online SDD monitor!&quot;,
    },
    {
-     &quot;description&quot;: &quot;Use the online XSS transmitter, then you can parse the mobile sensor!&quot;,
-     &quot;message&quot;: &quot;If we reboot the hard drive, we can get to the AGP alarm through the haptic JSON sensor!&quot;,
-     &quot;summary&quot;: &quot;Try to back up the SMS card, maybe it will generate the back-end matrix!&quot;,
+     &quot;description&quot;: &quot;You can&apos;t hack the driver without transmitting the wireless UDP panel!&quot;,
+     &quot;message&quot;: &quot;I&apos;ll calculate the digital SDD pixel, that should bandwidth the VGA pixel!&quot;,
+     &quot;summary&quot;: &quot;Try to hack the SQL sensor, maybe it will override the solid state program!&quot;,
    },
    {
-     &quot;description&quot;: &quot;I&apos;ll compress the solid state TCP system, that should feed the XML protocol!&quot;,
-     &quot;message&quot;: &quot;The OCR microchip is down, input the cross-platform system so we can synthesize the SSD system!&quot;,
-     &quot;summary&quot;: &quot;calculating the firewall won&apos;t do anything, we need to quantify the haptic EXE feed!&quot;,
+     &quot;description&quot;: &quot;Try to synthesize the THX hard drive, maybe it will quantify the solid state program!&quot;,
+     &quot;message&quot;: &quot;parsing the hard drive won&apos;t do anything, we need to back up the redundant DNS panel!&quot;,
+     &quot;summary&quot;: &quot;If we transmit the microchip, we can get to the SMS system through the cross-platform SCSI microchip!&quot;,
    },
  ]

 ❯ src/test-suite-12.spec.ts:21:20
            </failure>
        </testcase>
        <testcase classname="src/test-suite-12.spec.ts" name="&apos;Versatile client-server data-warehouse&apos; &gt; &apos;We need to compress the bluetooth SSD…&apos;" time="0.000053208">
        </testcase>
        <testcase classname="src/test-suite-12.spec.ts" name="&apos;Versatile client-server data-warehouse&apos; &gt; &apos;If we connect the panel, we can get t…&apos;" time="0.000271459">
            <failure message="expected [ { …(3) }, { …(3) }, { …(3) }, …(2) ] to deeply equal [ { …(3) }, { …(3) }, { …(3) } ]" type="AssertionError">
AssertionError: expected [ { …(3) }, { …(3) }, { …(3) }, …(2) ] to deeply equal [ { …(3) }, { …(3) }, { …(3) } ]

- Expected
+ Received

  [
    {
-     &quot;description&quot;: &quot;Use the primary IB bus, then you can calculate the 1080p interface!&quot;,
-     &quot;message&quot;: &quot;Use the virtual SQL program, then you can hack the mobile transmitter!&quot;,
-     &quot;summary&quot;: &quot;Use the 1080p JBOD microchip, then you can input the 1080p bandwidth!&quot;,
+     &quot;description&quot;: &quot;navigating the interface won&apos;t do anything, we need to reboot the auxiliary TLS microchip!&quot;,
+     &quot;message&quot;: &quot;programming the matrix won&apos;t do anything, we need to override the cross-platform IB hard drive!&quot;,
+     &quot;summary&quot;: &quot;Use the digital DRAM matrix, then you can program the online bus!&quot;,
    },
    {
-     &quot;description&quot;: &quot;bypassing the feed won&apos;t do anything, we need to compress the haptic HEX sensor!&quot;,
-     &quot;message&quot;: &quot;Try to quantify the GB firewall, maybe it will back up the mobile interface!&quot;,
-     &quot;summary&quot;: &quot;bypassing the monitor won&apos;t do anything, we need to override the primary USB driver!&quot;,
+     &quot;description&quot;: &quot;overriding the system won&apos;t do anything, we need to reboot the cross-platform VGA bandwidth!&quot;,
+     &quot;message&quot;: &quot;If we compress the monitor, we can get to the OCR firewall through the cross-platform VGA feed!&quot;,
+     &quot;summary&quot;: &quot;If we navigate the port, we can get to the EXE driver through the digital AGP card!&quot;,
    },
    {
-     &quot;description&quot;: &quot;The JSON system is down, parse the multi-byte array so we can calculate the AGP monitor!&quot;,
-     &quot;message&quot;: &quot;I&apos;ll synthesize the solid state EXE protocol, that should application the XSS port!&quot;,
-     &quot;summary&quot;: &quot;Try to reboot the IP matrix, maybe it will transmit the mobile alarm!&quot;,
+     &quot;description&quot;: &quot;Use the wireless ASCII panel, then you can reboot the 1080p program!&quot;,
+     &quot;message&quot;: &quot;backing up the bandwidth won&apos;t do anything, we need to back up the online TLS firewall!&quot;,
+     &quot;summary&quot;: &quot;transmitting the capacitor won&apos;t do anything, we need to override the back-end SQL array!&quot;,
+   },
+   {
+     &quot;description&quot;: &quot;The CSS firewall is down, copy the haptic circuit so we can connect the RSS matrix!&quot;,
+     &quot;message&quot;: &quot;Use the virtual UTF8 capacitor, then you can calculate the 1080p sensor!&quot;,
+     &quot;summary&quot;: &quot;Use the open-source SSD card, then you can input the solid state monitor!&quot;,
+   },
+   {
+     &quot;description&quot;: &quot;Use the 1080p SSL matrix, then you can index the solid state sensor!&quot;,
+     &quot;message&quot;: &quot;If we copy the panel, we can get to the HEX feed through the cross-platform XML feed!&quot;,
+     &quot;summary&quot;: &quot;You can&apos;t input the capacitor without indexing the cross-platform USB array!&quot;,
    },
  ]

 ❯ src/test-suite-12.spec.ts:21:20
            </failure>
        </testcase>
        <testcase classname="src/test-suite-12.spec.ts" name="&apos;Versatile client-server data-warehouse&apos; &gt; &apos;Try to input the JSON interface, mayb…&apos;" time="0.000052084">
        </testcase>
        <testcase classname="src/test-suite-12.spec.ts" name="&apos;Versatile client-server data-warehouse&apos; &gt; &apos;Try to parse the ADP card, maybe it w…&apos;" time="0.000239166">
            <failure message="expected [ { …(3) }, { …(3) } ] to deeply equal [ { …(3) }, { …(3) }, { …(3) }, …(2) ]" type="AssertionError">
AssertionError: expected [ { …(3) }, { …(3) } ] to deeply equal [ { …(3) }, { …(3) }, { …(3) }, …(2) ]

- Expected
+ Received

  [
    {
-     &quot;description&quot;: &quot;We need to navigate the virtual IB pixel!&quot;,
-     &quot;message&quot;: &quot;Try to synthesize the JBOD system, maybe it will program the cross-platform hard drive!&quot;,
-     &quot;summary&quot;: &quot;I&apos;ll hack the 1080p PNG capacitor, that should driver the HDD pixel!&quot;,
-   },
-   {
-     &quot;description&quot;: &quot;Use the wireless GB monitor, then you can navigate the 1080p circuit!&quot;,
-     &quot;message&quot;: &quot;bypassing the transmitter won&apos;t do anything, we need to copy the online XSS sensor!&quot;,
-     &quot;summary&quot;: &quot;compressing the program won&apos;t do anything, we need to compress the redundant IB array!&quot;,
-   },
-   {
-     &quot;description&quot;: &quot;We need to compress the online FTP interface!&quot;,
-     &quot;message&quot;: &quot;The SQL bandwidth is down, index the cross-platform system so we can connect the ASCII pixel!&quot;,
-     &quot;summary&quot;: &quot;If we compress the matrix, we can get to the EXE interface through the mobile HEX firewall!&quot;,
-   },
-   {
-     &quot;description&quot;: &quot;I&apos;ll index the wireless THX application, that should bandwidth the IB circuit!&quot;,
-     &quot;message&quot;: &quot;Use the haptic SDD feed, then you can override the wireless hard drive!&quot;,
-     &quot;summary&quot;: &quot;Use the virtual JSON hard drive, then you can index the digital bus!&quot;,
+     &quot;description&quot;: &quot;If we index the sensor, we can get to the VGA capacitor through the primary XML bandwidth!&quot;,
+     &quot;message&quot;: &quot;You can&apos;t synthesize the port without calculating the bluetooth THX panel!&quot;,
+     &quot;summary&quot;: &quot;navigating the interface won&apos;t do anything, we need to override the primary SMTP panel!&quot;,
    },
    {
-     &quot;description&quot;: &quot;generating the port won&apos;t do anything, we need to program the back-end FTP interface!&quot;,
-     &quot;message&quot;: &quot;Try to index the EXE transmitter, maybe it will input the redundant monitor!&quot;,
-     &quot;summary&quot;: &quot;If we compress the system, we can get to the SMTP capacitor through the primary AGP bandwidth!&quot;,
+     &quot;description&quot;: &quot;If we transmit the driver, we can get to the API program through the primary DRAM card!&quot;,
+     &quot;message&quot;: &quot;If we quantify the program, we can get to the TCP circuit through the open-source JBOD feed!&quot;,
+     &quot;summary&quot;: &quot;You can&apos;t reboot the matrix without compressing the mobile THX system!&quot;,
    },
  ]

 ❯ src/test-suite-12.spec.ts:21:20
            </failure>
        </testcase>
        <testcase classname="src/test-suite-12.spec.ts" name="&apos;Versatile client-server data-warehouse&apos; &gt; &apos;I\&apos;ll index the back-end ADP capacito…&apos;" time="0.000039625">
        </testcase>
        <testcase classname="src/test-suite-12.spec.ts" name="&apos;Versatile client-server data-warehouse&apos; &gt; &apos;We need to connect the redundant USB …&apos;" time="0.000255625">
            <failure message="expected [ { …(3) }, { …(3) }, { …(3) } ] to deeply equal [ { …(3) }, { …(3) }, { …(3) }, …(2) ]" type="AssertionError">
AssertionError: expected [ { …(3) }, { …(3) }, { …(3) } ] to deeply equal [ { …(3) }, { …(3) }, { …(3) }, …(2) ]

- Expected
+ Received

  [
    {
-     &quot;description&quot;: &quot;Try to program the UDP alarm, maybe it will input the cross-platform capacitor!&quot;,
-     &quot;message&quot;: &quot;The UDP port is down, quantify the haptic bus so we can quantify the SCSI panel!&quot;,
-     &quot;summary&quot;: &quot;quantifying the port won&apos;t do anything, we need to generate the multi-byte JBOD port!&quot;,
+     &quot;description&quot;: &quot;Use the haptic TLS feed, then you can parse the virtual pixel!&quot;,
+     &quot;message&quot;: &quot;If we compress the feed, we can get to the GB matrix through the neural ADP protocol!&quot;,
+     &quot;summary&quot;: &quot;I&apos;ll transmit the haptic XML monitor, that should bus the XSS pixel!&quot;,
    },
    {
-     &quot;description&quot;: &quot;We need to copy the back-end SAS bus!&quot;,
-     &quot;message&quot;: &quot;The EXE transmitter is down, reboot the open-source application so we can reboot the SMTP monitor!&quot;,
-     &quot;summary&quot;: &quot;We need to quantify the auxiliary AGP panel!&quot;,
+     &quot;description&quot;: &quot;If we calculate the transmitter, we can get to the SSL pixel through the virtual HTTP hard drive!&quot;,
+     &quot;message&quot;: &quot;We need to index the bluetooth SSL firewall!&quot;,
+     &quot;summary&quot;: &quot;hacking the pixel won&apos;t do anything, we need to compress the back-end RSS monitor!&quot;,
    },
    {
-     &quot;description&quot;: &quot;We need to back up the multi-byte TCP feed!&quot;,
-     &quot;message&quot;: &quot;Try to bypass the UDP card, maybe it will compress the auxiliary interface!&quot;,
-     &quot;summary&quot;: &quot;I&apos;ll transmit the primary DRAM bus, that should application the TCP driver!&quot;,
-   },
-   {
-     &quot;description&quot;: &quot;If we bypass the matrix, we can get to the HEX monitor through the solid state TCP driver!&quot;,
-     &quot;message&quot;: &quot;navigating the circuit won&apos;t do anything, we need to override the mobile CSS feed!&quot;,
-     &quot;summary&quot;: &quot;Use the neural SDD card, then you can input the back-end feed!&quot;,
-   },
-   {
-     &quot;description&quot;: &quot;We need to transmit the cross-platform AI capacitor!&quot;,
-     &quot;message&quot;: &quot;You can&apos;t compress the alarm without connecting the neural CSS alarm!&quot;,
-     &quot;summary&quot;: &quot;Use the 1080p JBOD application, then you can override the neural hard drive!&quot;,
+     &quot;description&quot;: &quot;hacking the program won&apos;t do anything, we need to quantify the multi-byte USB bandwidth!&quot;,
+     &quot;message&quot;: &quot;You can&apos;t override the bus without synthesizing the auxiliary SAS alarm!&quot;,
+     &quot;summary&quot;: &quot;The API array is down, transmit the wireless capacitor so we can back up the DRAM protocol!&quot;,
    },
  ]

 ❯ src/test-suite-12.spec.ts:21:20
            </failure>
        </testcase>
        <testcase classname="src/test-suite-12.spec.ts" name="&apos;Versatile client-server data-warehouse&apos; &gt; &apos;I\&apos;ll override the back-end DNS feed,…&apos;" time="0.000046208">
        </testcase>
        <testcase classname="src/test-suite-12.spec.ts" name="&apos;Versatile client-server data-warehouse&apos; &gt; &apos;If we reboot the application, we can …&apos;" time="0.000197125">
            <failure message="expected [ { …(3) }, { …(3) }, { …(3) } ] to deeply equal [ { …(3) }, { …(3) } ]" type="AssertionError">
AssertionError: expected [ { …(3) }, { …(3) }, { …(3) } ] to deeply equal [ { …(3) }, { …(3) } ]

- Expected
+ Received

  [
    {
-     &quot;description&quot;: &quot;Use the haptic SAS interface, then you can input the redundant pixel!&quot;,
-     &quot;message&quot;: &quot;I&apos;ll connect the 1080p THX monitor, that should microchip the ASCII application!&quot;,
-     &quot;summary&quot;: &quot;If we program the alarm, we can get to the ADP transmitter through the solid state THX firewall!&quot;,
+     &quot;description&quot;: &quot;Try to program the USB matrix, maybe it will connect the wireless system!&quot;,
+     &quot;message&quot;: &quot;We need to navigate the bluetooth CLI circuit!&quot;,
+     &quot;summary&quot;: &quot;Try to back up the XSS system, maybe it will copy the optical firewall!&quot;,
+   },
+   {
+     &quot;description&quot;: &quot;The GB feed is down, parse the redundant feed so we can synthesize the IB firewall!&quot;,
+     &quot;message&quot;: &quot;The THX matrix is down, index the mobile panel so we can quantify the PNG bandwidth!&quot;,
+     &quot;summary&quot;: &quot;I&apos;ll parse the bluetooth CSS panel, that should program the AI monitor!&quot;,
    },
    {
-     &quot;description&quot;: &quot;overriding the microchip won&apos;t do anything, we need to synthesize the primary USB microchip!&quot;,
-     &quot;message&quot;: &quot;transmitting the bandwidth won&apos;t do anything, we need to navigate the redundant SMTP circuit!&quot;,
-     &quot;summary&quot;: &quot;compressing the microchip won&apos;t do anything, we need to calculate the back-end VGA interface!&quot;,
+     &quot;description&quot;: &quot;I&apos;ll transmit the open-source AI bus, that should interface the EXE driver!&quot;,
+     &quot;message&quot;: &quot;The CLI matrix is down, reboot the back-end monitor so we can generate the ASCII feed!&quot;,
+     &quot;summary&quot;: &quot;You can&apos;t connect the protocol without parsing the online SSD transmitter!&quot;,
    },
  ]

 ❯ src/test-suite-12.spec.ts:21:20
            </failure>
        </testcase>
        <testcase classname="src/test-suite-12.spec.ts" name="&apos;Seamless zero trust leverage&apos; &gt; &apos;The COM bandwidth is down, bypass the…&apos;" time="0.000257958">
            <failure message="expected [ { …(3) }, { …(3) } ] to deeply equal [ { …(3) }, { …(3) }, { …(3) }, …(2) ]" type="AssertionError">
AssertionError: expected [ { …(3) }, { …(3) } ] to deeply equal [ { …(3) }, { …(3) }, { …(3) }, …(2) ]

- Expected
+ Received

  [
    {
-     &quot;description&quot;: &quot;You can&apos;t navigate the circuit without hacking the solid state THX microchip!&quot;,
-     &quot;message&quot;: &quot;The THX sensor is down, synthesize the online feed so we can connect the SQL array!&quot;,
-     &quot;summary&quot;: &quot;If we transmit the interface, we can get to the EXE hard drive through the wireless JSON application!&quot;,
-   },
-   {
-     &quot;description&quot;: &quot;You can&apos;t connect the circuit without programming the online XSS driver!&quot;,
-     &quot;message&quot;: &quot;We need to calculate the multi-byte GB microchip!&quot;,
-     &quot;summary&quot;: &quot;The SSL bandwidth is down, generate the solid state microchip so we can connect the IP driver!&quot;,
-   },
-   {
-     &quot;description&quot;: &quot;You can&apos;t transmit the hard drive without connecting the cross-platform COM transmitter!&quot;,
-     &quot;message&quot;: &quot;If we bypass the protocol, we can get to the AI array through the redundant JBOD pixel!&quot;,
-     &quot;summary&quot;: &quot;You can&apos;t calculate the bus without bypassing the virtual SSL array!&quot;,
-   },
-   {
-     &quot;description&quot;: &quot;I&apos;ll reboot the auxiliary API feed, that should matrix the RSS interface!&quot;,
-     &quot;message&quot;: &quot;I&apos;ll transmit the open-source JSON pixel, that should port the FTP matrix!&quot;,
-     &quot;summary&quot;: &quot;You can&apos;t compress the program without copying the optical UTF8 array!&quot;,
+     &quot;description&quot;: &quot;I&apos;ll connect the bluetooth SDD microchip, that should capacitor the IP bandwidth!&quot;,
+     &quot;message&quot;: &quot;I&apos;ll index the virtual SQL pixel, that should feed the ASCII transmitter!&quot;,
+     &quot;summary&quot;: &quot;You can&apos;t quantify the alarm without generating the open-source TLS alarm!&quot;,
    },
    {
-     &quot;description&quot;: &quot;The AI bandwidth is down, calculate the solid state monitor so we can copy the EXE interface!&quot;,
-     &quot;message&quot;: &quot;If we synthesize the feed, we can get to the RSS hard drive through the online UTF8 protocol!&quot;,
-     &quot;summary&quot;: &quot;I&apos;ll override the digital RSS bandwidth, that should hard drive the OCR system!&quot;,
+     &quot;description&quot;: &quot;You can&apos;t quantify the program without quantifying the wireless CSS bus!&quot;,
+     &quot;message&quot;: &quot;connecting the matrix won&apos;t do anything, we need to transmit the auxiliary HTTP feed!&quot;,
+     &quot;summary&quot;: &quot;The RAM system is down, transmit the 1080p capacitor so we can program the IP monitor!&quot;,
    },
  ]

 ❯ src/test-suite-12.spec.ts:21:20
            </failure>
        </testcase>
        <testcase classname="src/test-suite-12.spec.ts" name="&apos;Seamless zero trust leverage&apos; &gt; &apos;transmitting the pixel won\&apos;t do anyt…&apos;" time="0.000057125">
        </testcase>
        <testcase classname="src/test-suite-12.spec.ts" name="&apos;Seamless zero trust leverage&apos; &gt; &apos;synthesizing the circuit won\&apos;t do an…&apos;" time="0.000207833">
            <failure message="expected [ { …(3) }, { …(3) } ] to deeply equal [ { …(3) }, { …(3) } ]" type="AssertionError">
AssertionError: expected [ { …(3) }, { …(3) } ] to deeply equal [ { …(3) }, { …(3) } ]

- Expected
+ Received

  [
    {
-     &quot;description&quot;: &quot;programming the alarm won&apos;t do anything, we need to calculate the mobile RSS card!&quot;,
-     &quot;message&quot;: &quot;Try to back up the ADP matrix, maybe it will navigate the 1080p card!&quot;,
-     &quot;summary&quot;: &quot;The XSS circuit is down, reboot the open-source alarm so we can input the HDD transmitter!&quot;,
+     &quot;description&quot;: &quot;Use the multi-byte JBOD monitor, then you can hack the online monitor!&quot;,
+     &quot;message&quot;: &quot;You can&apos;t calculate the firewall without copying the digital JBOD application!&quot;,
+     &quot;summary&quot;: &quot;programming the bus won&apos;t do anything, we need to synthesize the multi-byte RSS hard drive!&quot;,
    },
    {
-     &quot;description&quot;: &quot;Try to quantify the API panel, maybe it will index the virtual bus!&quot;,
-     &quot;message&quot;: &quot;calculating the sensor won&apos;t do anything, we need to reboot the digital CSS alarm!&quot;,
-     &quot;summary&quot;: &quot;Use the back-end UTF8 monitor, then you can calculate the cross-platform sensor!&quot;,
+     &quot;description&quot;: &quot;I&apos;ll transmit the virtual SMS hard drive, that should capacitor the UDP transmitter!&quot;,
+     &quot;message&quot;: &quot;Use the digital PNG capacitor, then you can bypass the multi-byte bandwidth!&quot;,
+     &quot;summary&quot;: &quot;You can&apos;t synthesize the interface without hacking the haptic UDP firewall!&quot;,
    },
  ]

 ❯ src/test-suite-12.spec.ts:21:20
            </failure>
        </testcase>
        <testcase classname="src/test-suite-12.spec.ts" name="&apos;Seamless zero trust leverage&apos; &gt; &apos;generating the capacitor won\&apos;t do an…&apos;" time="0.000058583">
        </testcase>
        <testcase classname="src/test-suite-12.spec.ts" name="&apos;Seamless zero trust leverage&apos; &gt; &apos;I\&apos;ll quantify the auxiliary HDD matr…&apos;" time="0.000306208">
            <failure message="expected [ { …(3) }, { …(3) } ] to deeply equal [ { …(3) }, { …(3) }, { …(3) }, …(2) ]" type="AssertionError">
AssertionError: expected [ { …(3) }, { …(3) } ] to deeply equal [ { …(3) }, { …(3) }, { …(3) }, …(2) ]

- Expected
+ Received

  [
    {
-     &quot;description&quot;: &quot;The PNG program is down, copy the auxiliary firewall so we can override the AI pixel!&quot;,
-     &quot;message&quot;: &quot;The OCR panel is down, program the bluetooth driver so we can calculate the SQL alarm!&quot;,
-     &quot;summary&quot;: &quot;I&apos;ll hack the wireless VGA interface, that should card the FTP program!&quot;,
-   },
-   {
-     &quot;description&quot;: &quot;If we bypass the panel, we can get to the DRAM array through the auxiliary VGA firewall!&quot;,
-     &quot;message&quot;: &quot;If we reboot the port, we can get to the SSD system through the 1080p THX monitor!&quot;,
-     &quot;summary&quot;: &quot;The XSS bandwidth is down, quantify the multi-byte driver so we can index the EXE driver!&quot;,
-   },
-   {
-     &quot;description&quot;: &quot;programming the bandwidth won&apos;t do anything, we need to compress the mobile ADP panel!&quot;,
-     &quot;message&quot;: &quot;indexing the circuit won&apos;t do anything, we need to navigate the auxiliary UDP port!&quot;,
-     &quot;summary&quot;: &quot;You can&apos;t navigate the alarm without synthesizing the auxiliary HDD protocol!&quot;,
-   },
-   {
-     &quot;description&quot;: &quot;We need to transmit the wireless VGA application!&quot;,
-     &quot;message&quot;: &quot;If we generate the sensor, we can get to the EXE program through the neural DRAM driver!&quot;,
-     &quot;summary&quot;: &quot;We need to copy the primary SSD transmitter!&quot;,
+     &quot;description&quot;: &quot;I&apos;ll index the mobile DRAM alarm, that should matrix the FTP transmitter!&quot;,
+     &quot;message&quot;: &quot;We need to input the digital SAS bus!&quot;,
+     &quot;summary&quot;: &quot;Use the auxiliary TCP interface, then you can index the mobile transmitter!&quot;,
    },
    {
-     &quot;description&quot;: &quot;Use the cross-platform OCR bandwidth, then you can reboot the 1080p circuit!&quot;,
-     &quot;message&quot;: &quot;I&apos;ll synthesize the auxiliary EXE feed, that should pixel the SQL driver!&quot;,
-     &quot;summary&quot;: &quot;synthesizing the protocol won&apos;t do anything, we need to connect the auxiliary SMTP bandwidth!&quot;,
+     &quot;description&quot;: &quot;You can&apos;t override the pixel without synthesizing the wireless THX system!&quot;,
+     &quot;message&quot;: &quot;Try to program the ADP bus, maybe it will bypass the back-end transmitter!&quot;,
+     &quot;summary&quot;: &quot;You can&apos;t synthesize the bus without generating the digital TLS capacitor!&quot;,
    },
  ]

 ❯ src/test-suite-12.spec.ts:21:20
            </failure>
        </testcase>
        <testcase classname="src/test-suite-12.spec.ts" name="&apos;Seamless zero trust leverage&apos; &gt; &apos;I\&apos;ll parse the haptic AI array, that…&apos;" time="0.000037041">
        </testcase>
        <testcase classname="src/test-suite-12.spec.ts" name="&apos;Seamless zero trust leverage&apos; &gt; &apos;Try to connect the OCR firewall, mayb…&apos;" time="0.000285541">
            <failure message="expected [ { …(3) }, { …(3) }, { …(3) }, …(1) ] to deeply equal [ { …(3) }, { …(3) }, { …(3) }, …(1) ]" type="AssertionError">
AssertionError: expected [ { …(3) }, { …(3) }, { …(3) }, …(1) ] to deeply equal [ { …(3) }, { …(3) }, { …(3) }, …(1) ]

- Expected
+ Received

  [
    {
-     &quot;description&quot;: &quot;We need to copy the bluetooth PNG port!&quot;,
-     &quot;message&quot;: &quot;Try to calculate the AGP panel, maybe it will compress the redundant microchip!&quot;,
-     &quot;summary&quot;: &quot;If we parse the protocol, we can get to the VGA monitor through the solid state SDD driver!&quot;,
+     &quot;description&quot;: &quot;If we synthesize the feed, we can get to the TCP card through the neural SAS matrix!&quot;,
+     &quot;message&quot;: &quot;Use the cross-platform GB interface, then you can synthesize the cross-platform driver!&quot;,
+     &quot;summary&quot;: &quot;Use the optical SCSI firewall, then you can calculate the optical circuit!&quot;,
    },
    {
-     &quot;description&quot;: &quot;If we back up the transmitter, we can get to the JSON sensor through the virtual IP matrix!&quot;,
-     &quot;message&quot;: &quot;If we quantify the card, we can get to the DRAM system through the bluetooth SSL sensor!&quot;,
-     &quot;summary&quot;: &quot;transmitting the pixel won&apos;t do anything, we need to input the optical SQL feed!&quot;,
+     &quot;description&quot;: &quot;Try to input the HDD application, maybe it will index the open-source bandwidth!&quot;,
+     &quot;message&quot;: &quot;Use the solid state VGA port, then you can reboot the digital port!&quot;,
+     &quot;summary&quot;: &quot;We need to calculate the redundant FTP program!&quot;,
    },
    {
-     &quot;description&quot;: &quot;If we reboot the card, we can get to the SDD port through the open-source API sensor!&quot;,
-     &quot;message&quot;: &quot;The PNG bandwidth is down, hack the wireless monitor so we can quantify the OCR bandwidth!&quot;,
-     &quot;summary&quot;: &quot;If we input the feed, we can get to the DRAM bandwidth through the digital IB monitor!&quot;,
+     &quot;description&quot;: &quot;You can&apos;t synthesize the hard drive without connecting the 1080p HDD matrix!&quot;,
+     &quot;message&quot;: &quot;synthesizing the card won&apos;t do anything, we need to program the optical COM panel!&quot;,
+     &quot;summary&quot;: &quot;Use the virtual FTP driver, then you can connect the redundant application!&quot;,
    },
    {
-     &quot;description&quot;: &quot;Try to connect the RSS bandwidth, maybe it will copy the wireless interface!&quot;,
-     &quot;message&quot;: &quot;Try to compress the SMTP matrix, maybe it will quantify the redundant sensor!&quot;,
-     &quot;summary&quot;: &quot;I&apos;ll quantify the back-end USB port, that should bus the AI bus!&quot;,
+     &quot;description&quot;: &quot;The HEX bus is down, navigate the online program so we can bypass the IP matrix!&quot;,
+     &quot;message&quot;: &quot;We need to program the solid state SAS port!&quot;,
+     &quot;summary&quot;: &quot;Try to generate the PNG array, maybe it will transmit the redundant panel!&quot;,
    },
  ]

 ❯ src/test-suite-12.spec.ts:21:20
            </failure>
        </testcase>
        <testcase classname="src/test-suite-12.spec.ts" name="&apos;Seamless zero trust leverage&apos; &gt; &apos;The HEX interface is down, hack the o…&apos;" time="0.000040083">
        </testcase>
        <testcase classname="src/test-suite-12.spec.ts" name="&apos;Seamless zero trust leverage&apos; &gt; &apos;You can\&apos;t input the array without ge…&apos;" time="0.000282916">
            <failure message="expected [ { …(3) }, { …(3) }, { …(3) } ] to deeply equal [ { …(3) }, { …(3) }, { …(3) }, …(2) ]" type="AssertionError">
AssertionError: expected [ { …(3) }, { …(3) }, { …(3) } ] to deeply equal [ { …(3) }, { …(3) }, { …(3) }, …(2) ]

- Expected
+ Received

  [
    {
-     &quot;description&quot;: &quot;indexing the sensor won&apos;t do anything, we need to hack the redundant AI monitor!&quot;,
-     &quot;message&quot;: &quot;Use the redundant SCSI array, then you can override the open-source application!&quot;,
-     &quot;summary&quot;: &quot;Use the digital HEX hard drive, then you can index the digital driver!&quot;,
+     &quot;description&quot;: &quot;If we bypass the sensor, we can get to the IP matrix through the mobile AGP array!&quot;,
+     &quot;message&quot;: &quot;I&apos;ll reboot the auxiliary THX interface, that should circuit the HDD bus!&quot;,
+     &quot;summary&quot;: &quot;You can&apos;t program the monitor without transmitting the solid state COM circuit!&quot;,
    },
    {
-     &quot;description&quot;: &quot;If we connect the feed, we can get to the SCSI bus through the solid state XSS firewall!&quot;,
-     &quot;message&quot;: &quot;I&apos;ll generate the haptic HEX capacitor, that should hard drive the EXE interface!&quot;,
-     &quot;summary&quot;: &quot;The SMS pixel is down, generate the mobile bus so we can connect the THX firewall!&quot;,
+     &quot;description&quot;: &quot;Try to bypass the EXE panel, maybe it will back up the haptic hard drive!&quot;,
+     &quot;message&quot;: &quot;I&apos;ll navigate the neural TLS array, that should interface the UDP monitor!&quot;,
+     &quot;summary&quot;: &quot;The RSS firewall is down, hack the neural circuit so we can reboot the SCSI bus!&quot;,
    },
    {
-     &quot;description&quot;: &quot;You can&apos;t generate the sensor without quantifying the open-source SSL capacitor!&quot;,
-     &quot;message&quot;: &quot;You can&apos;t program the alarm without navigating the bluetooth ASCII circuit!&quot;,
-     &quot;summary&quot;: &quot;Use the cross-platform SMS port, then you can input the wireless bus!&quot;,
-   },
-   {
-     &quot;description&quot;: &quot;I&apos;ll program the redundant SMS circuit, that should pixel the SMS pixel!&quot;,
-     &quot;message&quot;: &quot;We need to input the solid state GB alarm!&quot;,
-     &quot;summary&quot;: &quot;Use the virtual AGP matrix, then you can input the primary capacitor!&quot;,
-   },
-   {
-     &quot;description&quot;: &quot;If we parse the matrix, we can get to the SAS circuit through the digital XML driver!&quot;,
-     &quot;message&quot;: &quot;I&apos;ll program the neural EXE circuit, that should driver the IB sensor!&quot;,
-     &quot;summary&quot;: &quot;Use the primary GB circuit, then you can generate the virtual card!&quot;,
+     &quot;description&quot;: &quot;The SQL microchip is down, override the redundant feed so we can index the XML feed!&quot;,
+     &quot;message&quot;: &quot;compressing the matrix won&apos;t do anything, we need to synthesize the primary DRAM program!&quot;,
+     &quot;summary&quot;: &quot;We need to program the optical SAS protocol!&quot;,
    },
  ]

 ❯ src/test-suite-12.spec.ts:21:20
            </failure>
        </testcase>
        <testcase classname="src/test-suite-12.spec.ts" name="&apos;Seamless zero trust leverage&apos; &gt; &apos;Use the redundant SSL system, then yo…&apos;" time="0.000035875">
        </testcase>
        <testcase classname="src/test-suite-12.spec.ts" name="&apos;Seamless zero trust leverage&apos; &gt; &apos;Use the multi-byte HDD monitor, then …&apos;" time="0.000317458">
            <failure message="expected [ { …(3) }, { …(3) }, { …(3) }, …(2) ] to deeply equal [ { …(3) }, { …(3) }, { …(3) }, …(1) ]" type="AssertionError">
AssertionError: expected [ { …(3) }, { …(3) }, { …(3) }, …(2) ] to deeply equal [ { …(3) }, { …(3) }, { …(3) }, …(1) ]

- Expected
+ Received

  [
    {
-     &quot;description&quot;: &quot;If we quantify the matrix, we can get to the CSS bus through the back-end TCP matrix!&quot;,
-     &quot;message&quot;: &quot;The COM microchip is down, copy the wireless system so we can bypass the AGP alarm!&quot;,
-     &quot;summary&quot;: &quot;Try to quantify the SSL microchip, maybe it will generate the bluetooth monitor!&quot;,
+     &quot;description&quot;: &quot;We need to hack the primary JBOD driver!&quot;,
+     &quot;message&quot;: &quot;The FTP sensor is down, connect the haptic capacitor so we can parse the VGA alarm!&quot;,
+     &quot;summary&quot;: &quot;We need to bypass the back-end IB hard drive!&quot;,
    },
    {
-     &quot;description&quot;: &quot;The ASCII bandwidth is down, override the online program so we can back up the HEX firewall!&quot;,
-     &quot;message&quot;: &quot;We need to transmit the wireless API monitor!&quot;,
-     &quot;summary&quot;: &quot;The TCP monitor is down, generate the cross-platform interface so we can navigate the VGA capacitor!&quot;,
+     &quot;description&quot;: &quot;The XML pixel is down, calculate the virtual hard drive so we can index the HEX interface!&quot;,
+     &quot;message&quot;: &quot;We need to generate the multi-byte PCI transmitter!&quot;,
+     &quot;summary&quot;: &quot;generating the matrix won&apos;t do anything, we need to generate the 1080p SDD program!&quot;,
+   },
+   {
+     &quot;description&quot;: &quot;The XSS sensor is down, hack the open-source protocol so we can calculate the THX port!&quot;,
+     &quot;message&quot;: &quot;The SSD application is down, navigate the mobile pixel so we can program the RAM system!&quot;,
+     &quot;summary&quot;: &quot;I&apos;ll copy the haptic DRAM protocol, that should system the SAS sensor!&quot;,
    },
    {
-     &quot;description&quot;: &quot;The AI driver is down, parse the primary microchip so we can back up the USB pixel!&quot;,
-     &quot;message&quot;: &quot;I&apos;ll input the virtual FTP port, that should application the JBOD monitor!&quot;,
-     &quot;summary&quot;: &quot;You can&apos;t copy the system without generating the wireless SMS protocol!&quot;,
+     &quot;description&quot;: &quot;You can&apos;t program the application without generating the digital VGA array!&quot;,
+     &quot;message&quot;: &quot;If we calculate the port, we can get to the HDD circuit through the auxiliary CSS port!&quot;,
+     &quot;summary&quot;: &quot;If we input the array, we can get to the USB feed through the redundant SSL capacitor!&quot;,
    },
    {
-     &quot;description&quot;: &quot;The SAS array is down, compress the redundant program so we can connect the GB bandwidth!&quot;,
-     &quot;message&quot;: &quot;You can&apos;t index the capacitor without programming the primary GB hard drive!&quot;,
-     &quot;summary&quot;: &quot;Use the optical UTF8 program, then you can synthesize the open-source sensor!&quot;,
+     &quot;description&quot;: &quot;I&apos;ll override the auxiliary DNS panel, that should card the UDP protocol!&quot;,
+     &quot;message&quot;: &quot;We need to program the online SQL bandwidth!&quot;,
+     &quot;summary&quot;: &quot;copying the program won&apos;t do anything, we need to input the redundant SAS feed!&quot;,
    },
  ]

 ❯ src/test-suite-12.spec.ts:21:20
            </failure>
        </testcase>
        <testcase classname="src/test-suite-12.spec.ts" name="&apos;Seamless zero trust leverage&apos; &gt; &apos;indexing the protocol won\&apos;t do anyth…&apos;" time="0.000053833">
        </testcase>
        <testcase classname="src/test-suite-12.spec.ts" name="&apos;Seamless zero trust leverage&apos; &gt; &apos;You can\&apos;t copy the system without in…&apos;" time="0.000217291">
            <failure message="expected [ { …(3) }, { …(3) }, { …(3) }, …(1) ] to deeply equal [ { …(3) }, { …(3) } ]" type="AssertionError">
AssertionError: expected [ { …(3) }, { …(3) }, { …(3) }, …(1) ] to deeply equal [ { …(3) }, { …(3) } ]

- Expected
+ Received

  [
    {
-     &quot;description&quot;: &quot;Try to index the SMS program, maybe it will program the optical firewall!&quot;,
-     &quot;message&quot;: &quot;We need to hack the digital FTP bus!&quot;,
-     &quot;summary&quot;: &quot;copying the application won&apos;t do anything, we need to input the neural SDD capacitor!&quot;,
+     &quot;description&quot;: &quot;transmitting the matrix won&apos;t do anything, we need to calculate the mobile EXE feed!&quot;,
+     &quot;message&quot;: &quot;Try to override the DRAM monitor, maybe it will generate the online monitor!&quot;,
+     &quot;summary&quot;: &quot;indexing the monitor won&apos;t do anything, we need to compress the multi-byte RAM bus!&quot;,
    },
    {
-     &quot;description&quot;: &quot;I&apos;ll synthesize the haptic XML bus, that should panel the SSD driver!&quot;,
-     &quot;message&quot;: &quot;We need to connect the optical SSL pixel!&quot;,
-     &quot;summary&quot;: &quot;We need to transmit the virtual SDD microchip!&quot;,
+     &quot;description&quot;: &quot;navigating the system won&apos;t do anything, we need to synthesize the 1080p AGP panel!&quot;,
+     &quot;message&quot;: &quot;You can&apos;t calculate the program without generating the 1080p GB bandwidth!&quot;,
+     &quot;summary&quot;: &quot;navigating the circuit won&apos;t do anything, we need to synthesize the online SMS application!&quot;,
+   },
+   {
+     &quot;description&quot;: &quot;I&apos;ll compress the virtual USB protocol, that should transmitter the SSD bandwidth!&quot;,
+     &quot;message&quot;: &quot;If we synthesize the firewall, we can get to the AI transmitter through the back-end SAS array!&quot;,
+     &quot;summary&quot;: &quot;We need to calculate the primary IP firewall!&quot;,
+   },
+   {
+     &quot;description&quot;: &quot;connecting the panel won&apos;t do anything, we need to hack the virtual GB feed!&quot;,
+     &quot;message&quot;: &quot;I&apos;ll reboot the haptic XML card, that should matrix the ASCII firewall!&quot;,
+     &quot;summary&quot;: &quot;Try to navigate the HDD capacitor, maybe it will index the solid state port!&quot;,
    },
  ]

 ❯ src/test-suite-12.spec.ts:21:20
            </failure>
        </testcase>
        <testcase classname="src/test-suite-12.spec.ts" name="&apos;Seamless zero trust leverage&apos; &gt; &apos;I\&apos;ll compress the cross-platform FTP…&apos;" time="0.00016875">
        </testcase>
        <testcase classname="src/test-suite-12.spec.ts" name="&apos;Seamless zero trust leverage&apos; &gt; &apos;Try to input the SDD feed, maybe it w…&apos;" time="0.000477208">
            <failure message="expected [ { …(3) }, { …(3) }, { …(3) }, …(1) ] to deeply equal [ { …(3) }, { …(3) }, { …(3) }, …(2) ]" type="AssertionError">
AssertionError: expected [ { …(3) }, { …(3) }, { …(3) }, …(1) ] to deeply equal [ { …(3) }, { …(3) }, { …(3) }, …(2) ]

- Expected
+ Received

  [
    {
-     &quot;description&quot;: &quot;Try to bypass the OCR bandwidth, maybe it will calculate the 1080p protocol!&quot;,
-     &quot;message&quot;: &quot;Try to bypass the GB driver, maybe it will generate the primary bus!&quot;,
-     &quot;summary&quot;: &quot;generating the firewall won&apos;t do anything, we need to calculate the digital SQL program!&quot;,
+     &quot;description&quot;: &quot;Use the digital IB bus, then you can hack the 1080p feed!&quot;,
+     &quot;message&quot;: &quot;Try to quantify the SMS system, maybe it will reboot the 1080p bandwidth!&quot;,
+     &quot;summary&quot;: &quot;You can&apos;t compress the hard drive without parsing the multi-byte HEX protocol!&quot;,
    },
    {
-     &quot;description&quot;: &quot;The SDD panel is down, bypass the solid state array so we can compress the PNG application!&quot;,
-     &quot;message&quot;: &quot;The OCR sensor is down, input the optical card so we can back up the TCP sensor!&quot;,
-     &quot;summary&quot;: &quot;If we bypass the bandwidth, we can get to the IP sensor through the mobile FTP transmitter!&quot;,
-   },
-   {
-     &quot;description&quot;: &quot;Try to reboot the PNG microchip, maybe it will connect the multi-byte application!&quot;,
-     &quot;message&quot;: &quot;Try to index the SDD port, maybe it will connect the neural microchip!&quot;,
-     &quot;summary&quot;: &quot;I&apos;ll index the haptic DRAM sensor, that should pixel the AI protocol!&quot;,
+     &quot;description&quot;: &quot;The SSL interface is down, parse the 1080p feed so we can parse the ADP interface!&quot;,
+     &quot;message&quot;: &quot;Use the cross-platform CLI application, then you can calculate the optical array!&quot;,
+     &quot;summary&quot;: &quot;If we hack the array, we can get to the SAS port through the back-end SAS microchip!&quot;,
    },
    {
-     &quot;description&quot;: &quot;Use the haptic RSS alarm, then you can transmit the multi-byte firewall!&quot;,
-     &quot;message&quot;: &quot;If we input the pixel, we can get to the HDD bandwidth through the back-end SSD monitor!&quot;,
-     &quot;summary&quot;: &quot;We need to copy the solid state XSS bandwidth!&quot;,
+     &quot;description&quot;: &quot;You can&apos;t generate the protocol without bypassing the virtual CSS sensor!&quot;,
+     &quot;message&quot;: &quot;I&apos;ll bypass the wireless SMTP hard drive, that should monitor the HTTP capacitor!&quot;,
+     &quot;summary&quot;: &quot;I&apos;ll copy the neural TLS application, that should interface the THX hard drive!&quot;,
    },
    {
-     &quot;description&quot;: &quot;We need to program the redundant TLS capacitor!&quot;,
-     &quot;message&quot;: &quot;If we transmit the sensor, we can get to the PCI array through the 1080p PNG protocol!&quot;,
-     &quot;summary&quot;: &quot;We need to navigate the auxiliary GB system!&quot;,
+     &quot;description&quot;: &quot;programming the matrix won&apos;t do anything, we need to navigate the auxiliary SCSI port!&quot;,
+     &quot;message&quot;: &quot;Use the 1080p RSS feed, then you can compress the neural array!&quot;,
+     &quot;summary&quot;: &quot;Use the solid state XSS circuit, then you can hack the mobile sensor!&quot;,
    },
  ]

 ❯ src/test-suite-12.spec.ts:21:20
            </failure>
        </testcase>
        <testcase classname="src/test-suite-12.spec.ts" name="&apos;Seamless zero trust leverage&apos; &gt; &apos;You can\&apos;t quantify the bus without c…&apos;" time="0.000069042">
        </testcase>
        <testcase classname="src/test-suite-12.spec.ts" name="&apos;Seamless zero trust leverage&apos; &gt; &apos;We need to program the virtual SMTP p…&apos;" time="0.000315083">
            <failure message="expected [ { …(3) }, { …(3) }, { …(3) }, …(2) ] to deeply equal [ { …(3) }, { …(3) }, { …(3) } ]" type="AssertionError">
AssertionError: expected [ { …(3) }, { …(3) }, { …(3) }, …(2) ] to deeply equal [ { …(3) }, { …(3) }, { …(3) } ]

- Expected
+ Received

  [
    {
-     &quot;description&quot;: &quot;We need to connect the virtual CSS interface!&quot;,
-     &quot;message&quot;: &quot;Use the mobile SAS microchip, then you can parse the multi-byte monitor!&quot;,
-     &quot;summary&quot;: &quot;Try to index the AI transmitter, maybe it will connect the primary transmitter!&quot;,
+     &quot;description&quot;: &quot;The TLS feed is down, back up the auxiliary circuit so we can back up the VGA card!&quot;,
+     &quot;message&quot;: &quot;The CSS program is down, copy the open-source protocol so we can back up the CSS microchip!&quot;,
+     &quot;summary&quot;: &quot;I&apos;ll calculate the multi-byte UTF8 interface, that should program the HDD port!&quot;,
    },
    {
-     &quot;description&quot;: &quot;navigating the capacitor won&apos;t do anything, we need to generate the mobile JSON program!&quot;,
-     &quot;message&quot;: &quot;We need to hack the cross-platform IB system!&quot;,
-     &quot;summary&quot;: &quot;bypassing the firewall won&apos;t do anything, we need to input the multi-byte SMTP interface!&quot;,
+     &quot;description&quot;: &quot;We need to back up the solid state VGA system!&quot;,
+     &quot;message&quot;: &quot;I&apos;ll bypass the digital SQL monitor, that should bus the SSD feed!&quot;,
+     &quot;summary&quot;: &quot;Try to synthesize the SDD matrix, maybe it will navigate the primary driver!&quot;,
    },
    {
-     &quot;description&quot;: &quot;connecting the system won&apos;t do anything, we need to transmit the multi-byte CLI application!&quot;,
-     &quot;message&quot;: &quot;If we override the firewall, we can get to the DRAM alarm through the mobile AI circuit!&quot;,
-     &quot;summary&quot;: &quot;Use the multi-byte JBOD firewall, then you can calculate the back-end program!&quot;,
+     &quot;description&quot;: &quot;If we connect the microchip, we can get to the SMTP feed through the digital ADP array!&quot;,
+     &quot;message&quot;: &quot;You can&apos;t connect the panel without connecting the auxiliary CSS hard drive!&quot;,
+     &quot;summary&quot;: &quot;We need to override the cross-platform RAM card!&quot;,
+   },
+   {
+     &quot;description&quot;: &quot;Use the multi-byte DNS microchip, then you can override the redundant card!&quot;,
+     &quot;message&quot;: &quot;The XML protocol is down, calculate the redundant monitor so we can copy the XML port!&quot;,
+     &quot;summary&quot;: &quot;The CSS matrix is down, quantify the cross-platform application so we can copy the SMS sensor!&quot;,
+   },
+   {
+     &quot;description&quot;: &quot;The HEX feed is down, calculate the auxiliary firewall so we can index the DRAM application!&quot;,
+     &quot;message&quot;: &quot;Use the 1080p UDP matrix, then you can compress the cross-platform transmitter!&quot;,
+     &quot;summary&quot;: &quot;I&apos;ll generate the mobile ASCII pixel, that should firewall the XML pixel!&quot;,
    },
  ]

 ❯ src/test-suite-12.spec.ts:21:20
            </failure>
        </testcase>
        <testcase classname="src/test-suite-12.spec.ts" name="&apos;Seamless zero trust leverage&apos; &gt; &apos;If we program the firewall, we can ge…&apos;" time="0.000045208">
        </testcase>
        <testcase classname="src/test-suite-12.spec.ts" name="&apos;Seamless zero trust leverage&apos; &gt; &apos;We need to navigate the back-end IP c…&apos;" time="0.000275041">
            <failure message="expected [ { …(3) }, { …(3) }, { …(3) }, …(2) ] to deeply equal [ { …(3) }, { …(3) } ]" type="AssertionError">
AssertionError: expected [ { …(3) }, { …(3) }, { …(3) }, …(2) ] to deeply equal [ { …(3) }, { …(3) } ]

- Expected
+ Received

  [
    {
-     &quot;description&quot;: &quot;The TLS driver is down, calculate the virtual sensor so we can synthesize the PCI pixel!&quot;,
-     &quot;message&quot;: &quot;You can&apos;t reboot the alarm without compressing the auxiliary COM application!&quot;,
-     &quot;summary&quot;: &quot;We need to override the multi-byte RAM sensor!&quot;,
+     &quot;description&quot;: &quot;calculating the firewall won&apos;t do anything, we need to program the redundant UTF8 program!&quot;,
+     &quot;message&quot;: &quot;backing up the array won&apos;t do anything, we need to hack the wireless UDP application!&quot;,
+     &quot;summary&quot;: &quot;Try to quantify the IP array, maybe it will input the primary driver!&quot;,
+   },
+   {
+     &quot;description&quot;: &quot;Try to calculate the SMS capacitor, maybe it will synthesize the primary bandwidth!&quot;,
+     &quot;message&quot;: &quot;We need to synthesize the haptic SDD application!&quot;,
+     &quot;summary&quot;: &quot;Use the solid state AI circuit, then you can quantify the open-source matrix!&quot;,
+   },
+   {
+     &quot;description&quot;: &quot;Use the solid state DNS microchip, then you can transmit the open-source matrix!&quot;,
+     &quot;message&quot;: &quot;Use the cross-platform RAM protocol, then you can program the neural card!&quot;,
+     &quot;summary&quot;: &quot;The VGA program is down, reboot the digital application so we can transmit the JSON interface!&quot;,
+   },
+   {
+     &quot;description&quot;: &quot;The RSS port is down, compress the solid state application so we can synthesize the SAS port!&quot;,
+     &quot;message&quot;: &quot;transmitting the capacitor won&apos;t do anything, we need to bypass the digital AI microchip!&quot;,
+     &quot;summary&quot;: &quot;You can&apos;t compress the protocol without transmitting the optical SSD alarm!&quot;,
    },
    {
-     &quot;description&quot;: &quot;compressing the hard drive won&apos;t do anything, we need to navigate the back-end JSON interface!&quot;,
-     &quot;message&quot;: &quot;You can&apos;t index the microchip without navigating the redundant SMTP circuit!&quot;,
-     &quot;summary&quot;: &quot;Use the bluetooth GB transmitter, then you can program the open-source interface!&quot;,
+     &quot;description&quot;: &quot;I&apos;ll compress the wireless CSS application, that should monitor the XSS program!&quot;,
+     &quot;message&quot;: &quot;indexing the pixel won&apos;t do anything, we need to index the redundant VGA microchip!&quot;,
+     &quot;summary&quot;: &quot;Try to reboot the SSD panel, maybe it will override the back-end port!&quot;,
    },
  ]

 ❯ src/test-suite-12.spec.ts:21:20
            </failure>
        </testcase>
        <testcase classname="src/test-suite-12.spec.ts" name="&apos;Seamless zero trust leverage&apos; &gt; &apos;If we calculate the panel, we can get…&apos;" time="0.000051917">
        </testcase>
        <testcase classname="src/test-suite-12.spec.ts" name="&apos;Seamless zero trust leverage&apos; &gt; &apos;We need to bypass the redundant SCSI …&apos;" time="0.000323959">
            <failure message="expected [ { …(3) }, { …(3) }, { …(3) }, …(2) ] to deeply equal [ { …(3) }, { …(3) } ]" type="AssertionError">
AssertionError: expected [ { …(3) }, { …(3) }, { …(3) }, …(2) ] to deeply equal [ { …(3) }, { …(3) } ]

- Expected
+ Received

  [
    {
-     &quot;description&quot;: &quot;If we input the sensor, we can get to the SSD sensor through the multi-byte CSS program!&quot;,
-     &quot;message&quot;: &quot;quantifying the pixel won&apos;t do anything, we need to back up the 1080p SSD bandwidth!&quot;,
-     &quot;summary&quot;: &quot;You can&apos;t copy the circuit without connecting the multi-byte VGA pixel!&quot;,
+     &quot;description&quot;: &quot;Use the redundant HTTP circuit, then you can parse the bluetooth circuit!&quot;,
+     &quot;message&quot;: &quot;If we back up the bandwidth, we can get to the EXE firewall through the open-source PNG card!&quot;,
+     &quot;summary&quot;: &quot;If we hack the matrix, we can get to the TCP hard drive through the online COM monitor!&quot;,
+   },
+   {
+     &quot;description&quot;: &quot;If we hack the transmitter, we can get to the CLI bus through the haptic FTP application!&quot;,
+     &quot;message&quot;: &quot;compressing the panel won&apos;t do anything, we need to copy the digital PNG circuit!&quot;,
+     &quot;summary&quot;: &quot;If we navigate the protocol, we can get to the HEX monitor through the 1080p IP sensor!&quot;,
+   },
+   {
+     &quot;description&quot;: &quot;I&apos;ll program the digital HDD monitor, that should bandwidth the HTTP transmitter!&quot;,
+     &quot;message&quot;: &quot;The IP microchip is down, transmit the primary alarm so we can transmit the SQL protocol!&quot;,
+     &quot;summary&quot;: &quot;Use the cross-platform JSON matrix, then you can copy the primary array!&quot;,
+   },
+   {
+     &quot;description&quot;: &quot;You can&apos;t generate the pixel without calculating the open-source DNS feed!&quot;,
+     &quot;message&quot;: &quot;The VGA hard drive is down, reboot the digital microchip so we can reboot the AGP panel!&quot;,
+     &quot;summary&quot;: &quot;We need to navigate the online ADP matrix!&quot;,
    },
    {
-     &quot;description&quot;: &quot;We need to calculate the cross-platform TLS bus!&quot;,
-     &quot;message&quot;: &quot;I&apos;ll reboot the bluetooth AI sensor, that should array the SMS interface!&quot;,
-     &quot;summary&quot;: &quot;Use the neural UDP sensor, then you can input the mobile alarm!&quot;,
+     &quot;description&quot;: &quot;Try to calculate the SDD protocol, maybe it will hack the wireless firewall!&quot;,
+     &quot;message&quot;: &quot;Use the back-end CSS bus, then you can hack the cross-platform driver!&quot;,
+     &quot;summary&quot;: &quot;If we back up the program, we can get to the IP firewall through the primary DRAM matrix!&quot;,
    },
  ]

 ❯ src/test-suite-12.spec.ts:21:20
            </failure>
        </testcase>
        <testcase classname="src/test-suite-12.spec.ts" name="&apos;Seamless zero trust leverage&apos; &gt; &apos;The HDD application is down, transmit…&apos;" time="0.000083291">
        </testcase>
        <testcase classname="src/test-suite-12.spec.ts" name="&apos;Seamless zero trust leverage&apos; &gt; &apos;If we synthesize the card, we can get…&apos;" time="0.000371792">
            <failure message="expected [ { …(3) }, { …(3) }, { …(3) } ] to deeply equal [ { …(3) }, { …(3) }, { …(3) } ]" type="AssertionError">
AssertionError: expected [ { …(3) }, { …(3) }, { …(3) } ] to deeply equal [ { …(3) }, { …(3) }, { …(3) } ]

- Expected
+ Received

  [
    {
-     &quot;description&quot;: &quot;If we reboot the panel, we can get to the RSS firewall through the neural VGA feed!&quot;,
-     &quot;message&quot;: &quot;I&apos;ll compress the multi-byte USB bus, that should transmitter the API transmitter!&quot;,
-     &quot;summary&quot;: &quot;If we program the bus, we can get to the RSS firewall through the auxiliary ASCII card!&quot;,
+     &quot;description&quot;: &quot;connecting the sensor won&apos;t do anything, we need to synthesize the redundant GB capacitor!&quot;,
+     &quot;message&quot;: &quot;If we reboot the bandwidth, we can get to the HTTP application through the cross-platform TCP pixel!&quot;,
+     &quot;summary&quot;: &quot;We need to back up the virtual RAM protocol!&quot;,
    },
    {
-     &quot;description&quot;: &quot;You can&apos;t parse the transmitter without parsing the auxiliary CLI application!&quot;,
-     &quot;message&quot;: &quot;The PNG protocol is down, calculate the neural alarm so we can connect the HEX hard drive!&quot;,
-     &quot;summary&quot;: &quot;Try to calculate the AI pixel, maybe it will quantify the redundant port!&quot;,
+     &quot;description&quot;: &quot;programming the program won&apos;t do anything, we need to generate the cross-platform SAS matrix!&quot;,
+     &quot;message&quot;: &quot;Use the cross-platform HEX microchip, then you can override the online panel!&quot;,
+     &quot;summary&quot;: &quot;I&apos;ll input the optical JSON interface, that should program the CSS matrix!&quot;,
    },
    {
-     &quot;description&quot;: &quot;compressing the hard drive won&apos;t do anything, we need to index the wireless USB feed!&quot;,
-     &quot;message&quot;: &quot;We need to synthesize the open-source PCI alarm!&quot;,
-     &quot;summary&quot;: &quot;We need to back up the bluetooth DNS card!&quot;,
+     &quot;description&quot;: &quot;generating the port won&apos;t do anything, we need to index the virtual SSD interface!&quot;,
+     &quot;message&quot;: &quot;If we calculate the bus, we can get to the SQL array through the virtual DRAM circuit!&quot;,
+     &quot;summary&quot;: &quot;I&apos;ll navigate the haptic USB circuit, that should card the TCP panel!&quot;,
    },
  ]

 ❯ src/test-suite-12.spec.ts:21:20
            </failure>
        </testcase>
        <testcase classname="src/test-suite-12.spec.ts" name="&apos;Seamless zero trust leverage&apos; &gt; &apos;You can\&apos;t quantify the program witho…&apos;" time="0.000070625">
        </testcase>
        <testcase classname="src/test-suite-12.spec.ts" name="&apos;Seamless zero trust leverage&apos; &gt; &apos;navigating the system won\&apos;t do anyth…&apos;" time="0.00024875">
            <failure message="expected [ { …(3) }, { …(3) } ] to deeply equal [ { …(3) }, { …(3) }, { …(3) } ]" type="AssertionError">
AssertionError: expected [ { …(3) }, { …(3) } ] to deeply equal [ { …(3) }, { …(3) }, { …(3) } ]

- Expected
+ Received

  [
    {
-     &quot;description&quot;: &quot;copying the hard drive won&apos;t do anything, we need to connect the digital TCP program!&quot;,
-     &quot;message&quot;: &quot;Use the wireless UDP pixel, then you can compress the auxiliary card!&quot;,
-     &quot;summary&quot;: &quot;The SCSI system is down, input the mobile bandwidth so we can calculate the JBOD system!&quot;,
-   },
-   {
-     &quot;description&quot;: &quot;I&apos;ll back up the 1080p SDD card, that should transmitter the CLI transmitter!&quot;,
-     &quot;message&quot;: &quot;Use the optical TCP protocol, then you can parse the wireless feed!&quot;,
-     &quot;summary&quot;: &quot;I&apos;ll transmit the wireless DRAM hard drive, that should microchip the API capacitor!&quot;,
+     &quot;description&quot;: &quot;If we synthesize the circuit, we can get to the HTTP sensor through the mobile XML application!&quot;,
+     &quot;message&quot;: &quot;Try to back up the OCR sensor, maybe it will synthesize the mobile panel!&quot;,
+     &quot;summary&quot;: &quot;I&apos;ll calculate the primary AGP matrix, that should driver the JSON sensor!&quot;,
    },
    {
-     &quot;description&quot;: &quot;We need to connect the virtual VGA hard drive!&quot;,
-     &quot;message&quot;: &quot;You can&apos;t navigate the transmitter without compressing the neural HDD firewall!&quot;,
-     &quot;summary&quot;: &quot;Use the mobile IB system, then you can synthesize the mobile capacitor!&quot;,
+     &quot;description&quot;: &quot;We need to hack the back-end PCI sensor!&quot;,
+     &quot;message&quot;: &quot;The TCP protocol is down, quantify the virtual sensor so we can bypass the USB interface!&quot;,
+     &quot;summary&quot;: &quot;If we reboot the application, we can get to the DNS system through the cross-platform THX firewall!&quot;,
    },
  ]

 ❯ src/test-suite-12.spec.ts:21:20
            </failure>
        </testcase>
        <testcase classname="src/test-suite-12.spec.ts" name="&apos;Seamless zero trust leverage&apos; &gt; &apos;If we index the matrix, we can get to…&apos;" time="0.000059291">
        </testcase>
        <testcase classname="src/test-suite-12.spec.ts" name="&apos;Seamless zero trust leverage&apos; &gt; &apos;You can\&apos;t calculate the capacitor wi…&apos;" time="0.00029475">
            <failure message="expected [ { …(3) }, { …(3) }, { …(3) } ] to deeply equal [ { …(3) }, { …(3) }, { …(3) }, …(1) ]" type="AssertionError">
AssertionError: expected [ { …(3) }, { …(3) }, { …(3) } ] to deeply equal [ { …(3) }, { …(3) }, { …(3) }, …(1) ]

- Expected
+ Received

  [
    {
-     &quot;description&quot;: &quot;The PCI hard drive is down, connect the auxiliary sensor so we can parse the DNS pixel!&quot;,
-     &quot;message&quot;: &quot;You can&apos;t index the microchip without copying the online SAS monitor!&quot;,
-     &quot;summary&quot;: &quot;If we connect the matrix, we can get to the SQL pixel through the cross-platform DRAM capacitor!&quot;,
-   },
-   {
-     &quot;description&quot;: &quot;You can&apos;t generate the bus without generating the redundant HTTP alarm!&quot;,
-     &quot;message&quot;: &quot;Try to program the XSS panel, maybe it will transmit the primary array!&quot;,
-     &quot;summary&quot;: &quot;If we program the microchip, we can get to the SCSI transmitter through the auxiliary OCR alarm!&quot;,
+     &quot;description&quot;: &quot;programming the application won&apos;t do anything, we need to parse the multi-byte THX program!&quot;,
+     &quot;message&quot;: &quot;transmitting the card won&apos;t do anything, we need to override the digital UTF8 array!&quot;,
+     &quot;summary&quot;: &quot;The CLI matrix is down, navigate the online firewall so we can input the CLI hard drive!&quot;,
    },
    {
-     &quot;description&quot;: &quot;I&apos;ll compress the optical XML capacitor, that should hard drive the JSON matrix!&quot;,
-     &quot;message&quot;: &quot;transmitting the driver won&apos;t do anything, we need to transmit the 1080p DRAM driver!&quot;,
-     &quot;summary&quot;: &quot;If we navigate the program, we can get to the RSS circuit through the solid state SMS circuit!&quot;,
+     &quot;description&quot;: &quot;We need to back up the back-end ADP program!&quot;,
+     &quot;message&quot;: &quot;If we connect the card, we can get to the TLS feed through the virtual XML hard drive!&quot;,
+     &quot;summary&quot;: &quot;Try to bypass the AI array, maybe it will back up the digital pixel!&quot;,
    },
    {
-     &quot;description&quot;: &quot;Try to program the AGP system, maybe it will synthesize the solid state bandwidth!&quot;,
-     &quot;message&quot;: &quot;The XSS firewall is down, connect the auxiliary bus so we can back up the SDD application!&quot;,
-     &quot;summary&quot;: &quot;Try to input the ASCII protocol, maybe it will program the optical hard drive!&quot;,
+     &quot;description&quot;: &quot;You can&apos;t synthesize the driver without backing up the cross-platform AGP card!&quot;,
+     &quot;message&quot;: &quot;If we bypass the card, we can get to the HDD bandwidth through the 1080p SAS bus!&quot;,
+     &quot;summary&quot;: &quot;compressing the sensor won&apos;t do anything, we need to back up the bluetooth SQL firewall!&quot;,
    },
  ]

 ❯ src/test-suite-12.spec.ts:21:20
            </failure>
        </testcase>
        <testcase classname="src/test-suite-12.spec.ts" name="&apos;Seamless zero trust leverage&apos; &gt; &apos;You can\&apos;t reboot the system without …&apos;" time="0.000047666">
        </testcase>
        <testcase classname="src/test-suite-12.spec.ts" name="&apos;Seamless zero trust leverage&apos; &gt; &apos;Use the virtual JBOD bus, then you ca…&apos;" time="0.000241583">
            <failure message="expected [ { …(3) }, { …(3) } ] to deeply equal [ { …(3) }, { …(3) }, { …(3) } ]" type="AssertionError">
AssertionError: expected [ { …(3) }, { …(3) } ] to deeply equal [ { …(3) }, { …(3) }, { …(3) } ]

- Expected
+ Received

  [
    {
-     &quot;description&quot;: &quot;transmitting the circuit won&apos;t do anything, we need to copy the cross-platform EXE program!&quot;,
-     &quot;message&quot;: &quot;programming the system won&apos;t do anything, we need to override the optical SMTP protocol!&quot;,
-     &quot;summary&quot;: &quot;The COM microchip is down, generate the cross-platform circuit so we can parse the PCI array!&quot;,
-   },
-   {
-     &quot;description&quot;: &quot;copying the application won&apos;t do anything, we need to index the wireless OCR bandwidth!&quot;,
-     &quot;message&quot;: &quot;You can&apos;t transmit the program without copying the online HEX bandwidth!&quot;,
-     &quot;summary&quot;: &quot;Try to program the DNS protocol, maybe it will back up the open-source pixel!&quot;,
+     &quot;description&quot;: &quot;transmitting the application won&apos;t do anything, we need to compress the back-end HTTP firewall!&quot;,
+     &quot;message&quot;: &quot;The SSL bandwidth is down, hack the optical sensor so we can copy the PCI interface!&quot;,
+     &quot;summary&quot;: &quot;Use the bluetooth HTTP system, then you can input the bluetooth transmitter!&quot;,
    },
    {
-     &quot;description&quot;: &quot;I&apos;ll back up the neural SMTP feed, that should bandwidth the AI matrix!&quot;,
-     &quot;message&quot;: &quot;You can&apos;t program the alarm without compressing the virtual JBOD microchip!&quot;,
-     &quot;summary&quot;: &quot;If we synthesize the array, we can get to the UDP bus through the multi-byte SCSI bus!&quot;,
+     &quot;description&quot;: &quot;The UTF8 bus is down, generate the auxiliary pixel so we can synthesize the TCP pixel!&quot;,
+     &quot;message&quot;: &quot;We need to compress the redundant THX bus!&quot;,
+     &quot;summary&quot;: &quot;The EXE monitor is down, parse the mobile bandwidth so we can compress the PCI array!&quot;,
    },
  ]

 ❯ src/test-suite-12.spec.ts:21:20
            </failure>
        </testcase>
        <testcase classname="src/test-suite-12.spec.ts" name="&apos;Seamless zero trust leverage&apos; &gt; &apos;Use the optical HTTP array, then you …&apos;" time="0.000040125">
        </testcase>
        <testcase classname="src/test-suite-12.spec.ts" name="&apos;Seamless zero trust leverage&apos; &gt; &apos;If we back up the firewall, we can ge…&apos;" time="0.00022875">
            <failure message="expected [ { …(3) }, { …(3) }, { …(3) } ] to deeply equal [ { …(3) }, { …(3) } ]" type="AssertionError">
AssertionError: expected [ { …(3) }, { …(3) }, { …(3) } ] to deeply equal [ { …(3) }, { …(3) } ]

- Expected
+ Received

  [
    {
-     &quot;description&quot;: &quot;We need to input the back-end SDD array!&quot;,
-     &quot;message&quot;: &quot;programming the monitor won&apos;t do anything, we need to hack the 1080p DRAM driver!&quot;,
-     &quot;summary&quot;: &quot;The PCI capacitor is down, navigate the redundant alarm so we can quantify the UDP firewall!&quot;,
+     &quot;description&quot;: &quot;I&apos;ll parse the haptic HDD card, that should array the JBOD hard drive!&quot;,
+     &quot;message&quot;: &quot;I&apos;ll transmit the bluetooth XSS monitor, that should hard drive the SAS alarm!&quot;,
+     &quot;summary&quot;: &quot;programming the bandwidth won&apos;t do anything, we need to compress the bluetooth PCI panel!&quot;,
+   },
+   {
+     &quot;description&quot;: &quot;I&apos;ll input the redundant XML application, that should port the DRAM interface!&quot;,
+     &quot;message&quot;: &quot;Try to override the IP hard drive, maybe it will bypass the auxiliary microchip!&quot;,
+     &quot;summary&quot;: &quot;I&apos;ll synthesize the 1080p XSS matrix, that should microchip the SDD microchip!&quot;,
    },
    {
-     &quot;description&quot;: &quot;If we back up the transmitter, we can get to the DNS feed through the primary SSL monitor!&quot;,
-     &quot;message&quot;: &quot;generating the port won&apos;t do anything, we need to connect the online PNG protocol!&quot;,
-     &quot;summary&quot;: &quot;Try to input the GB system, maybe it will hack the primary array!&quot;,
+     &quot;description&quot;: &quot;If we copy the protocol, we can get to the FTP array through the digital SCSI capacitor!&quot;,
+     &quot;message&quot;: &quot;Use the back-end IP firewall, then you can bypass the 1080p program!&quot;,
+     &quot;summary&quot;: &quot;The SAS sensor is down, bypass the primary panel so we can transmit the JBOD card!&quot;,
    },
  ]

 ❯ src/test-suite-12.spec.ts:21:20
            </failure>
        </testcase>
        <testcase classname="src/test-suite-12.spec.ts" name="&apos;Seamless zero trust leverage&apos; &gt; &apos;We need to compress the bluetooth SSD…&apos;" time="0.000043667">
        </testcase>
        <testcase classname="src/test-suite-12.spec.ts" name="&apos;Seamless zero trust leverage&apos; &gt; &apos;If we connect the panel, we can get t…&apos;" time="0.000208">
            <failure message="expected [ { …(3) }, { …(3) } ] to deeply equal [ { …(3) }, { …(3) } ]" type="AssertionError">
AssertionError: expected [ { …(3) }, { …(3) } ] to deeply equal [ { …(3) }, { …(3) } ]

- Expected
+ Received

  [
    {
-     &quot;description&quot;: &quot;We need to index the haptic XSS protocol!&quot;,
-     &quot;message&quot;: &quot;You can&apos;t bypass the matrix without synthesizing the mobile THX array!&quot;,
-     &quot;summary&quot;: &quot;generating the interface won&apos;t do anything, we need to parse the cross-platform COM array!&quot;,
+     &quot;description&quot;: &quot;Try to quantify the TCP microchip, maybe it will back up the neural protocol!&quot;,
+     &quot;message&quot;: &quot;Try to override the XSS array, maybe it will calculate the primary application!&quot;,
+     &quot;summary&quot;: &quot;The RAM transmitter is down, back up the virtual port so we can generate the TCP system!&quot;,
    },
    {
-     &quot;description&quot;: &quot;compressing the firewall won&apos;t do anything, we need to compress the auxiliary VGA system!&quot;,
-     &quot;message&quot;: &quot;The DNS application is down, calculate the optical microchip so we can index the TCP matrix!&quot;,
-     &quot;summary&quot;: &quot;We need to override the redundant JBOD matrix!&quot;,
+     &quot;description&quot;: &quot;The AGP hard drive is down, navigate the redundant pixel so we can compress the XSS protocol!&quot;,
+     &quot;message&quot;: &quot;The USB panel is down, calculate the cross-platform array so we can input the VGA port!&quot;,
+     &quot;summary&quot;: &quot;The AI port is down, navigate the open-source pixel so we can connect the RAM program!&quot;,
    },
  ]

 ❯ src/test-suite-12.spec.ts:21:20
            </failure>
        </testcase>
        <testcase classname="src/test-suite-12.spec.ts" name="&apos;Seamless zero trust leverage&apos; &gt; &apos;Try to input the JSON interface, mayb…&apos;" time="0.000056458">
        </testcase>
        <testcase classname="src/test-suite-12.spec.ts" name="&apos;Seamless zero trust leverage&apos; &gt; &apos;Try to parse the ADP card, maybe it w…&apos;" time="0.000218375">
            <failure message="expected [ { …(3) }, { …(3) } ] to deeply equal [ { …(3) }, { …(3) }, { …(3) } ]" type="AssertionError">
AssertionError: expected [ { …(3) }, { …(3) } ] to deeply equal [ { …(3) }, { …(3) }, { …(3) } ]

- Expected
+ Received

  [
    {
-     &quot;description&quot;: &quot;If we parse the monitor, we can get to the GB protocol through the neural PNG bandwidth!&quot;,
-     &quot;message&quot;: &quot;Use the digital HEX application, then you can hack the 1080p alarm!&quot;,
-     &quot;summary&quot;: &quot;We need to navigate the 1080p SMS matrix!&quot;,
-   },
-   {
-     &quot;description&quot;: &quot;We need to connect the back-end DNS system!&quot;,
-     &quot;message&quot;: &quot;hacking the protocol won&apos;t do anything, we need to calculate the open-source SQL feed!&quot;,
-     &quot;summary&quot;: &quot;parsing the monitor won&apos;t do anything, we need to input the solid state PCI circuit!&quot;,
+     &quot;description&quot;: &quot;If we copy the port, we can get to the SSL microchip through the bluetooth XML alarm!&quot;,
+     &quot;message&quot;: &quot;Try to quantify the SSL system, maybe it will input the back-end application!&quot;,
+     &quot;summary&quot;: &quot;If we hack the application, we can get to the SAS port through the 1080p DRAM system!&quot;,
    },
    {
-     &quot;description&quot;: &quot;The PCI capacitor is down, connect the haptic capacitor so we can back up the HTTP transmitter!&quot;,
-     &quot;message&quot;: &quot;I&apos;ll input the mobile DRAM application, that should pixel the FTP firewall!&quot;,
-     &quot;summary&quot;: &quot;We need to transmit the online CSS alarm!&quot;,
+     &quot;description&quot;: &quot;Use the optical DRAM microchip, then you can back up the neural port!&quot;,
+     &quot;message&quot;: &quot;You can&apos;t input the sensor without navigating the online SQL feed!&quot;,
+     &quot;summary&quot;: &quot;You can&apos;t index the application without calculating the solid state SMTP transmitter!&quot;,
    },
  ]

 ❯ src/test-suite-12.spec.ts:21:20
            </failure>
        </testcase>
        <testcase classname="src/test-suite-12.spec.ts" name="&apos;Seamless zero trust leverage&apos; &gt; &apos;I\&apos;ll index the back-end ADP capacito…&apos;" time="0.000051833">
        </testcase>
        <testcase classname="src/test-suite-12.spec.ts" name="&apos;Seamless zero trust leverage&apos; &gt; &apos;We need to connect the redundant USB …&apos;" time="0.00022275">
            <failure message="expected [ { …(3) }, { …(3) }, { …(3) }, …(1) ] to deeply equal [ { …(3) }, { …(3) } ]" type="AssertionError">
AssertionError: expected [ { …(3) }, { …(3) }, { …(3) }, …(1) ] to deeply equal [ { …(3) }, { …(3) } ]

- Expected
+ Received

  [
    {
-     &quot;description&quot;: &quot;Use the optical USB protocol, then you can bypass the mobile firewall!&quot;,
-     &quot;message&quot;: &quot;quantifying the monitor won&apos;t do anything, we need to quantify the bluetooth SSL driver!&quot;,
-     &quot;summary&quot;: &quot;overriding the alarm won&apos;t do anything, we need to program the multi-byte PCI microchip!&quot;,
+     &quot;description&quot;: &quot;Use the wireless IP panel, then you can parse the auxiliary card!&quot;,
+     &quot;message&quot;: &quot;You can&apos;t synthesize the card without overriding the haptic TLS circuit!&quot;,
+     &quot;summary&quot;: &quot;I&apos;ll compress the neural SDD matrix, that should monitor the ASCII capacitor!&quot;,
    },
    {
-     &quot;description&quot;: &quot;parsing the array won&apos;t do anything, we need to override the wireless SSD system!&quot;,
-     &quot;message&quot;: &quot;I&apos;ll transmit the virtual FTP microchip, that should bus the AGP protocol!&quot;,
-     &quot;summary&quot;: &quot;I&apos;ll hack the online CSS panel, that should driver the API matrix!&quot;,
+     &quot;description&quot;: &quot;I&apos;ll copy the optical VGA feed, that should feed the IB interface!&quot;,
+     &quot;message&quot;: &quot;I&apos;ll transmit the back-end OCR interface, that should card the JSON firewall!&quot;,
+     &quot;summary&quot;: &quot;I&apos;ll transmit the primary XSS matrix, that should array the CLI application!&quot;,
+   },
+   {
+     &quot;description&quot;: &quot;You can&apos;t bypass the transmitter without synthesizing the bluetooth PCI transmitter!&quot;,
+     &quot;message&quot;: &quot;I&apos;ll bypass the haptic SSL system, that should microchip the RAM protocol!&quot;,
+     &quot;summary&quot;: &quot;If we bypass the alarm, we can get to the FTP alarm through the wireless XSS panel!&quot;,
+   },
+   {
+     &quot;description&quot;: &quot;generating the feed won&apos;t do anything, we need to calculate the wireless JBOD capacitor!&quot;,
+     &quot;message&quot;: &quot;quantifying the monitor won&apos;t do anything, we need to override the digital SAS panel!&quot;,
+     &quot;summary&quot;: &quot;You can&apos;t reboot the capacitor without synthesizing the haptic DRAM capacitor!&quot;,
    },
  ]

 ❯ src/test-suite-12.spec.ts:21:20
            </failure>
        </testcase>
        <testcase classname="src/test-suite-12.spec.ts" name="&apos;Seamless zero trust leverage&apos; &gt; &apos;I\&apos;ll override the back-end DNS feed,…&apos;" time="0.000052291">
        </testcase>
        <testcase classname="src/test-suite-12.spec.ts" name="&apos;Seamless zero trust leverage&apos; &gt; &apos;If we reboot the application, we can …&apos;" time="0.000206125">
            <failure message="expected [ { …(3) }, { …(3) } ] to deeply equal [ { …(3) }, { …(3) }, { …(3) } ]" type="AssertionError">
AssertionError: expected [ { …(3) }, { …(3) } ] to deeply equal [ { …(3) }, { …(3) }, { …(3) } ]

- Expected
+ Received

  [
    {
-     &quot;description&quot;: &quot;synthesizing the array won&apos;t do anything, we need to calculate the optical PCI driver!&quot;,
-     &quot;message&quot;: &quot;transmitting the pixel won&apos;t do anything, we need to hack the solid state UDP panel!&quot;,
-     &quot;summary&quot;: &quot;Use the multi-byte GB system, then you can input the digital array!&quot;,
-   },
-   {
-     &quot;description&quot;: &quot;I&apos;ll index the wireless GB sensor, that should bus the HTTP port!&quot;,
-     &quot;message&quot;: &quot;Try to transmit the PNG card, maybe it will program the bluetooth sensor!&quot;,
-     &quot;summary&quot;: &quot;Try to parse the GB sensor, maybe it will connect the optical port!&quot;,
+     &quot;description&quot;: &quot;The AI capacitor is down, navigate the haptic panel so we can input the SAS alarm!&quot;,
+     &quot;message&quot;: &quot;Try to override the SQL bandwidth, maybe it will bypass the back-end circuit!&quot;,
+     &quot;summary&quot;: &quot;I&apos;ll bypass the solid state JBOD application, that should sensor the UDP monitor!&quot;,
    },
    {
-     &quot;description&quot;: &quot;If we reboot the sensor, we can get to the ADP alarm through the optical DRAM driver!&quot;,
-     &quot;message&quot;: &quot;We need to transmit the cross-platform SAS pixel!&quot;,
-     &quot;summary&quot;: &quot;If we program the panel, we can get to the FTP panel through the primary FTP bus!&quot;,
+     &quot;description&quot;: &quot;Try to synthesize the CLI circuit, maybe it will index the online firewall!&quot;,
+     &quot;message&quot;: &quot;The UTF8 bus is down, synthesize the auxiliary bandwidth so we can parse the RAM bus!&quot;,
+     &quot;summary&quot;: &quot;generating the program won&apos;t do anything, we need to compress the bluetooth GB sensor!&quot;,
    },
  ]

 ❯ src/test-suite-12.spec.ts:21:20
            </failure>
        </testcase>
        <testcase classname="src/test-suite-12.spec.ts" name="&apos;Extended zero administration portal&apos; &gt; &apos;The COM bandwidth is down, bypass the…&apos;" time="0.000242167">
            <failure message="expected [ { …(3) }, { …(3) }, { …(3) } ] to deeply equal [ { …(3) }, { …(3) } ]" type="AssertionError">
AssertionError: expected [ { …(3) }, { …(3) }, { …(3) } ] to deeply equal [ { …(3) }, { …(3) } ]

- Expected
+ Received

  [
    {
-     &quot;description&quot;: &quot;overriding the hard drive won&apos;t do anything, we need to input the redundant HDD capacitor!&quot;,
-     &quot;message&quot;: &quot;The PCI panel is down, transmit the bluetooth transmitter so we can back up the SQL circuit!&quot;,
-     &quot;summary&quot;: &quot;You can&apos;t reboot the protocol without generating the auxiliary PNG application!&quot;,
+     &quot;description&quot;: &quot;Try to parse the RAM circuit, maybe it will reboot the virtual interface!&quot;,
+     &quot;message&quot;: &quot;If we bypass the feed, we can get to the SDD monitor through the auxiliary EXE monitor!&quot;,
+     &quot;summary&quot;: &quot;The UTF8 microchip is down, quantify the haptic port so we can input the SAS application!&quot;,
+   },
+   {
+     &quot;description&quot;: &quot;Try to bypass the PCI matrix, maybe it will compress the open-source bandwidth!&quot;,
+     &quot;message&quot;: &quot;If we reboot the port, we can get to the OCR transmitter through the wireless DNS program!&quot;,
+     &quot;summary&quot;: &quot;Try to copy the EXE protocol, maybe it will calculate the back-end alarm!&quot;,
    },
    {
-     &quot;description&quot;: &quot;generating the interface won&apos;t do anything, we need to connect the auxiliary XSS protocol!&quot;,
-     &quot;message&quot;: &quot;backing up the port won&apos;t do anything, we need to generate the 1080p XSS application!&quot;,
-     &quot;summary&quot;: &quot;overriding the matrix won&apos;t do anything, we need to input the haptic FTP pixel!&quot;,
+     &quot;description&quot;: &quot;You can&apos;t connect the matrix without calculating the virtual RSS alarm!&quot;,
+     &quot;message&quot;: &quot;The SSL port is down, connect the redundant port so we can transmit the ADP array!&quot;,
+     &quot;summary&quot;: &quot;connecting the port won&apos;t do anything, we need to back up the 1080p PNG pixel!&quot;,
    },
  ]

 ❯ src/test-suite-12.spec.ts:21:20
            </failure>
        </testcase>
        <testcase classname="src/test-suite-12.spec.ts" name="&apos;Extended zero administration portal&apos; &gt; &apos;transmitting the pixel won\&apos;t do anyt…&apos;" time="0.000110542">
        </testcase>
        <testcase classname="src/test-suite-12.spec.ts" name="&apos;Extended zero administration portal&apos; &gt; &apos;synthesizing the circuit won\&apos;t do an…&apos;" time="0.000368667">
            <failure message="expected [ { …(3) }, { …(3) }, { …(3) } ] to deeply equal [ { …(3) }, { …(3) }, { …(3) }, …(2) ]" type="AssertionError">
AssertionError: expected [ { …(3) }, { …(3) }, { …(3) } ] to deeply equal [ { …(3) }, { …(3) }, { …(3) }, …(2) ]

- Expected
+ Received

  [
    {
-     &quot;description&quot;: &quot;Try to copy the FTP monitor, maybe it will hack the online array!&quot;,
-     &quot;message&quot;: &quot;I&apos;ll hack the wireless SAS bandwidth, that should sensor the AI transmitter!&quot;,
-     &quot;summary&quot;: &quot;compressing the bus won&apos;t do anything, we need to index the auxiliary THX card!&quot;,
+     &quot;description&quot;: &quot;indexing the interface won&apos;t do anything, we need to index the optical DNS interface!&quot;,
+     &quot;message&quot;: &quot;Try to transmit the SAS program, maybe it will reboot the cross-platform hard drive!&quot;,
+     &quot;summary&quot;: &quot;Use the neural SDD card, then you can calculate the bluetooth panel!&quot;,
    },
    {
-     &quot;description&quot;: &quot;I&apos;ll input the solid state SMS program, that should pixel the TCP feed!&quot;,
-     &quot;message&quot;: &quot;You can&apos;t transmit the microchip without synthesizing the mobile TCP alarm!&quot;,
-     &quot;summary&quot;: &quot;We need to index the redundant THX sensor!&quot;,
+     &quot;description&quot;: &quot;Use the open-source HEX panel, then you can synthesize the primary feed!&quot;,
+     &quot;message&quot;: &quot;Try to hack the JSON interface, maybe it will navigate the neural firewall!&quot;,
+     &quot;summary&quot;: &quot;The OCR firewall is down, override the 1080p interface so we can synthesize the COM pixel!&quot;,
    },
    {
-     &quot;description&quot;: &quot;Try to navigate the UDP card, maybe it will input the wireless driver!&quot;,
-     &quot;message&quot;: &quot;The FTP bandwidth is down, back up the solid state feed so we can compress the CLI pixel!&quot;,
-     &quot;summary&quot;: &quot;Try to input the RSS protocol, maybe it will connect the wireless hard drive!&quot;,
-   },
-   {
-     &quot;description&quot;: &quot;Try to calculate the XML driver, maybe it will navigate the online panel!&quot;,
-     &quot;message&quot;: &quot;Try to connect the JBOD panel, maybe it will back up the open-source hard drive!&quot;,
-     &quot;summary&quot;: &quot;You can&apos;t reboot the feed without backing up the cross-platform HTTP protocol!&quot;,
-   },
-   {
-     &quot;description&quot;: &quot;Try to program the XSS transmitter, maybe it will quantify the 1080p card!&quot;,
-     &quot;message&quot;: &quot;You can&apos;t copy the capacitor without programming the bluetooth TLS program!&quot;,
-     &quot;summary&quot;: &quot;The API sensor is down, program the 1080p application so we can bypass the DRAM driver!&quot;,
+     &quot;description&quot;: &quot;We need to program the 1080p THX port!&quot;,
+     &quot;message&quot;: &quot;We need to synthesize the online SSD port!&quot;,
+     &quot;summary&quot;: &quot;quantifying the panel won&apos;t do anything, we need to hack the optical PCI protocol!&quot;,
    },
  ]

 ❯ src/test-suite-12.spec.ts:21:20
            </failure>
        </testcase>
        <testcase classname="src/test-suite-12.spec.ts" name="&apos;Extended zero administration portal&apos; &gt; &apos;generating the capacitor won\&apos;t do an…&apos;" time="0.000067667">
        </testcase>
        <testcase classname="src/test-suite-12.spec.ts" name="&apos;Extended zero administration portal&apos; &gt; &apos;I\&apos;ll quantify the auxiliary HDD matr…&apos;" time="0.000224">
            <failure message="expected [ { …(3) }, { …(3) } ] to deeply equal [ { …(3) }, { …(3) } ]" type="AssertionError">
AssertionError: expected [ { …(3) }, { …(3) } ] to deeply equal [ { …(3) }, { …(3) } ]

- Expected
+ Received

  [
    {
-     &quot;description&quot;: &quot;I&apos;ll reboot the open-source TLS hard drive, that should panel the SMS protocol!&quot;,
-     &quot;message&quot;: &quot;If we bypass the port, we can get to the GB firewall through the neural SAS bus!&quot;,
-     &quot;summary&quot;: &quot;You can&apos;t index the application without connecting the optical API panel!&quot;,
+     &quot;description&quot;: &quot;Use the solid state UDP firewall, then you can compress the virtual bus!&quot;,
+     &quot;message&quot;: &quot;I&apos;ll program the bluetooth DRAM feed, that should protocol the OCR pixel!&quot;,
+     &quot;summary&quot;: &quot;The SAS interface is down, reboot the primary transmitter so we can bypass the API matrix!&quot;,
    },
    {
-     &quot;description&quot;: &quot;I&apos;ll reboot the 1080p THX panel, that should alarm the JBOD firewall!&quot;,
-     &quot;message&quot;: &quot;Try to program the VGA sensor, maybe it will synthesize the bluetooth panel!&quot;,
-     &quot;summary&quot;: &quot;The AGP system is down, copy the primary card so we can connect the PCI port!&quot;,
+     &quot;description&quot;: &quot;overriding the transmitter won&apos;t do anything, we need to parse the solid state HEX interface!&quot;,
+     &quot;message&quot;: &quot;We need to quantify the open-source SDD application!&quot;,
+     &quot;summary&quot;: &quot;Try to navigate the DNS feed, maybe it will override the cross-platform hard drive!&quot;,
    },
  ]

 ❯ src/test-suite-12.spec.ts:21:20
            </failure>
        </testcase>
        <testcase classname="src/test-suite-12.spec.ts" name="&apos;Extended zero administration portal&apos; &gt; &apos;I\&apos;ll parse the haptic AI array, that…&apos;" time="0.000055792">
        </testcase>
        <testcase classname="src/test-suite-12.spec.ts" name="&apos;Extended zero administration portal&apos; &gt; &apos;Try to connect the OCR firewall, mayb…&apos;" time="0.00031625">
            <failure message="expected [ { …(3) }, { …(3) }, { …(3) }, …(2) ] to deeply equal [ { …(3) }, { …(3) }, { …(3) }, …(1) ]" type="AssertionError">
AssertionError: expected [ { …(3) }, { …(3) }, { …(3) }, …(2) ] to deeply equal [ { …(3) }, { …(3) }, { …(3) }, …(1) ]

- Expected
+ Received

  [
    {
-     &quot;description&quot;: &quot;If we synthesize the port, we can get to the CLI application through the auxiliary SMS sensor!&quot;,
-     &quot;message&quot;: &quot;If we hack the capacitor, we can get to the RAM driver through the open-source AGP transmitter!&quot;,
-     &quot;summary&quot;: &quot;You can&apos;t hack the port without bypassing the open-source ASCII matrix!&quot;,
+     &quot;description&quot;: &quot;You can&apos;t input the driver without hacking the optical EXE sensor!&quot;,
+     &quot;message&quot;: &quot;If we copy the circuit, we can get to the THX pixel through the redundant XML interface!&quot;,
+     &quot;summary&quot;: &quot;I&apos;ll input the redundant TCP sensor, that should circuit the SDD circuit!&quot;,
    },
    {
-     &quot;description&quot;: &quot;If we synthesize the bandwidth, we can get to the RAM monitor through the primary JSON circuit!&quot;,
-     &quot;message&quot;: &quot;I&apos;ll copy the wireless HDD system, that should matrix the JSON sensor!&quot;,
-     &quot;summary&quot;: &quot;If we transmit the alarm, we can get to the JSON protocol through the solid state UTF8 hard drive!&quot;,
+     &quot;description&quot;: &quot;Try to parse the IP port, maybe it will index the redundant application!&quot;,
+     &quot;message&quot;: &quot;transmitting the pixel won&apos;t do anything, we need to hack the neural SSD application!&quot;,
+     &quot;summary&quot;: &quot;If we transmit the bus, we can get to the PNG system through the open-source AGP protocol!&quot;,
+   },
+   {
+     &quot;description&quot;: &quot;If we connect the panel, we can get to the COM system through the bluetooth SCSI matrix!&quot;,
+     &quot;message&quot;: &quot;You can&apos;t copy the transmitter without bypassing the virtual PNG interface!&quot;,
+     &quot;summary&quot;: &quot;If we synthesize the capacitor, we can get to the SMS port through the mobile PNG protocol!&quot;,
    },
    {
-     &quot;description&quot;: &quot;I&apos;ll input the bluetooth API transmitter, that should array the GB array!&quot;,
-     &quot;message&quot;: &quot;Try to calculate the JSON monitor, maybe it will parse the back-end alarm!&quot;,
-     &quot;summary&quot;: &quot;Use the digital SMS bandwidth, then you can generate the virtual alarm!&quot;,
+     &quot;description&quot;: &quot;Use the solid state AI capacitor, then you can connect the auxiliary bus!&quot;,
+     &quot;message&quot;: &quot;The OCR card is down, input the cross-platform system so we can quantify the HDD capacitor!&quot;,
+     &quot;summary&quot;: &quot;Use the open-source SCSI system, then you can compress the cross-platform sensor!&quot;,
    },
    {
-     &quot;description&quot;: &quot;Try to program the VGA array, maybe it will transmit the solid state feed!&quot;,
-     &quot;message&quot;: &quot;I&apos;ll override the auxiliary HEX hard drive, that should system the ADP bus!&quot;,
-     &quot;summary&quot;: &quot;Use the virtual CLI system, then you can reboot the open-source sensor!&quot;,
+     &quot;description&quot;: &quot;We need to navigate the solid state CLI matrix!&quot;,
+     &quot;message&quot;: &quot;Try to quantify the JSON bandwidth, maybe it will calculate the virtual driver!&quot;,
+     &quot;summary&quot;: &quot;If we index the protocol, we can get to the PCI interface through the online XSS protocol!&quot;,
    },
  ]

 ❯ src/test-suite-12.spec.ts:21:20
            </failure>
        </testcase>
        <testcase classname="src/test-suite-12.spec.ts" name="&apos;Extended zero administration portal&apos; &gt; &apos;The HEX interface is down, hack the o…&apos;" time="0.000060416">
        </testcase>
        <testcase classname="src/test-suite-12.spec.ts" name="&apos;Extended zero administration portal&apos; &gt; &apos;You can\&apos;t input the array without ge…&apos;" time="0.000322125">
            <failure message="expected [ { …(3) }, { …(3) }, { …(3) } ] to deeply equal [ { …(3) }, { …(3) }, { …(3) }, …(2) ]" type="AssertionError">
AssertionError: expected [ { …(3) }, { …(3) }, { …(3) } ] to deeply equal [ { …(3) }, { …(3) }, { …(3) }, …(2) ]

- Expected
+ Received

  [
    {
-     &quot;description&quot;: &quot;The TLS array is down, reboot the digital capacitor so we can parse the COM capacitor!&quot;,
-     &quot;message&quot;: &quot;The IP capacitor is down, connect the open-source card so we can navigate the COM bandwidth!&quot;,
-     &quot;summary&quot;: &quot;You can&apos;t navigate the hard drive without navigating the auxiliary THX matrix!&quot;,
+     &quot;description&quot;: &quot;If we calculate the hard drive, we can get to the IB matrix through the auxiliary SMTP array!&quot;,
+     &quot;message&quot;: &quot;I&apos;ll synthesize the optical USB alarm, that should bandwidth the IB monitor!&quot;,
+     &quot;summary&quot;: &quot;Use the primary USB protocol, then you can program the wireless panel!&quot;,
    },
    {
-     &quot;description&quot;: &quot;I&apos;ll synthesize the solid state SDD firewall, that should protocol the RAM hard drive!&quot;,
-     &quot;message&quot;: &quot;The CLI driver is down, hack the digital feed so we can transmit the SQL sensor!&quot;,
-     &quot;summary&quot;: &quot;We need to program the cross-platform SAS capacitor!&quot;,
+     &quot;description&quot;: &quot;Try to hack the SMTP transmitter, maybe it will generate the online microchip!&quot;,
+     &quot;message&quot;: &quot;We need to quantify the solid state EXE array!&quot;,
+     &quot;summary&quot;: &quot;Use the 1080p AGP capacitor, then you can hack the mobile pixel!&quot;,
    },
    {
-     &quot;description&quot;: &quot;Use the haptic EXE port, then you can index the primary protocol!&quot;,
-     &quot;message&quot;: &quot;You can&apos;t back up the driver without backing up the digital JBOD array!&quot;,
-     &quot;summary&quot;: &quot;backing up the card won&apos;t do anything, we need to back up the online AGP array!&quot;,
-   },
-   {
-     &quot;description&quot;: &quot;Try to back up the IB array, maybe it will transmit the primary monitor!&quot;,
-     &quot;message&quot;: &quot;I&apos;ll override the neural SDD application, that should panel the UTF8 array!&quot;,
-     &quot;summary&quot;: &quot;generating the alarm won&apos;t do anything, we need to reboot the 1080p JSON transmitter!&quot;,
-   },
-   {
-     &quot;description&quot;: &quot;The SDD array is down, input the neural microchip so we can index the RAM microchip!&quot;,
-     &quot;message&quot;: &quot;I&apos;ll bypass the virtual API feed, that should program the TLS application!&quot;,
-     &quot;summary&quot;: &quot;calculating the firewall won&apos;t do anything, we need to transmit the bluetooth USB panel!&quot;,
+     &quot;description&quot;: &quot;Use the virtual PCI bandwidth, then you can hack the auxiliary firewall!&quot;,
+     &quot;message&quot;: &quot;Use the back-end PCI monitor, then you can quantify the open-source protocol!&quot;,
+     &quot;summary&quot;: &quot;quantifying the circuit won&apos;t do anything, we need to navigate the wireless SSD driver!&quot;,
    },
  ]

 ❯ src/test-suite-12.spec.ts:21:20
            </failure>
        </testcase>
        <testcase classname="src/test-suite-12.spec.ts" name="&apos;Extended zero administration portal&apos; &gt; &apos;Use the redundant SSL system, then yo…&apos;" time="0.000056416">
        </testcase>
        <testcase classname="src/test-suite-12.spec.ts" name="&apos;Extended zero administration portal&apos; &gt; &apos;Use the multi-byte HDD monitor, then …&apos;" time="0.000282">
            <failure message="expected [ { …(3) }, { …(3) }, { …(3) }, …(1) ] to deeply equal [ { …(3) }, { …(3) }, { …(3) }, …(1) ]" type="AssertionError">
AssertionError: expected [ { …(3) }, { …(3) }, { …(3) }, …(1) ] to deeply equal [ { …(3) }, { …(3) }, { …(3) }, …(1) ]

- Expected
+ Received

  [
    {
-     &quot;description&quot;: &quot;The RAM panel is down, compress the redundant protocol so we can parse the DRAM protocol!&quot;,
-     &quot;message&quot;: &quot;I&apos;ll program the back-end VGA interface, that should alarm the OCR system!&quot;,
-     &quot;summary&quot;: &quot;I&apos;ll parse the mobile THX driver, that should bandwidth the SMS circuit!&quot;,
+     &quot;description&quot;: &quot;Use the solid state EXE application, then you can navigate the neural alarm!&quot;,
+     &quot;message&quot;: &quot;If we back up the pixel, we can get to the SSD circuit through the neural TCP bandwidth!&quot;,
+     &quot;summary&quot;: &quot;You can&apos;t override the protocol without programming the online DNS protocol!&quot;,
    },
    {
-     &quot;description&quot;: &quot;If we copy the bus, we can get to the HTTP matrix through the solid state CLI bandwidth!&quot;,
-     &quot;message&quot;: &quot;parsing the pixel won&apos;t do anything, we need to parse the 1080p HTTP card!&quot;,
-     &quot;summary&quot;: &quot;hacking the transmitter won&apos;t do anything, we need to parse the haptic SDD port!&quot;,
+     &quot;description&quot;: &quot;The IB bandwidth is down, copy the wireless protocol so we can override the SMS application!&quot;,
+     &quot;message&quot;: &quot;You can&apos;t program the hard drive without parsing the mobile DRAM capacitor!&quot;,
+     &quot;summary&quot;: &quot;If we quantify the pixel, we can get to the PNG bandwidth through the cross-platform RAM panel!&quot;,
    },
    {
-     &quot;description&quot;: &quot;We need to program the mobile TLS transmitter!&quot;,
-     &quot;message&quot;: &quot;I&apos;ll transmit the neural AI port, that should transmitter the DNS matrix!&quot;,
-     &quot;summary&quot;: &quot;quantifying the firewall won&apos;t do anything, we need to connect the 1080p SSL circuit!&quot;,
+     &quot;description&quot;: &quot;If we connect the pixel, we can get to the RSS panel through the mobile ADP sensor!&quot;,
+     &quot;message&quot;: &quot;You can&apos;t hack the sensor without bypassing the primary SDD application!&quot;,
+     &quot;summary&quot;: &quot;Try to copy the SSD bandwidth, maybe it will transmit the mobile feed!&quot;,
    },
    {
-     &quot;description&quot;: &quot;I&apos;ll bypass the bluetooth EXE circuit, that should alarm the FTP array!&quot;,
-     &quot;message&quot;: &quot;You can&apos;t parse the card without backing up the bluetooth PCI bus!&quot;,
-     &quot;summary&quot;: &quot;If we quantify the bandwidth, we can get to the SAS port through the digital JBOD matrix!&quot;,
+     &quot;description&quot;: &quot;copying the matrix won&apos;t do anything, we need to connect the multi-byte HEX port!&quot;,
+     &quot;message&quot;: &quot;We need to bypass the open-source CLI firewall!&quot;,
+     &quot;summary&quot;: &quot;You can&apos;t hack the feed without transmitting the cross-platform CSS pixel!&quot;,
    },
  ]

 ❯ src/test-suite-12.spec.ts:21:20
            </failure>
        </testcase>
        <testcase classname="src/test-suite-12.spec.ts" name="&apos;Extended zero administration portal&apos; &gt; &apos;indexing the protocol won\&apos;t do anyth…&apos;" time="0.000051666">
        </testcase>
        <testcase classname="src/test-suite-12.spec.ts" name="&apos;Extended zero administration portal&apos; &gt; &apos;You can\&apos;t copy the system without in…&apos;" time="0.000236459">
            <failure message="expected [ { …(3) }, { …(3) } ] to deeply equal [ { …(3) }, { …(3) }, { …(3) }, …(1) ]" type="AssertionError">
AssertionError: expected [ { …(3) }, { …(3) } ] to deeply equal [ { …(3) }, { …(3) }, { …(3) }, …(1) ]

- Expected
+ Received

  [
    {
-     &quot;description&quot;: &quot;Use the open-source ASCII transmitter, then you can quantify the optical panel!&quot;,
-     &quot;message&quot;: &quot;Try to navigate the DRAM driver, maybe it will index the cross-platform circuit!&quot;,
-     &quot;summary&quot;: &quot;Try to calculate the RSS port, maybe it will generate the multi-byte interface!&quot;,
+     &quot;description&quot;: &quot;We need to connect the mobile SCSI firewall!&quot;,
+     &quot;message&quot;: &quot;Try to connect the API transmitter, maybe it will synthesize the open-source capacitor!&quot;,
+     &quot;summary&quot;: &quot;backing up the port won&apos;t do anything, we need to quantify the optical OCR array!&quot;,
    },
    {
-     &quot;description&quot;: &quot;synthesizing the alarm won&apos;t do anything, we need to program the redundant UDP circuit!&quot;,
-     &quot;message&quot;: &quot;I&apos;ll override the primary SSL matrix, that should circuit the PCI application!&quot;,
-     &quot;summary&quot;: &quot;If we hack the panel, we can get to the THX system through the bluetooth SSL sensor!&quot;,
-   },
-   {
-     &quot;description&quot;: &quot;You can&apos;t back up the program without copying the multi-byte OCR array!&quot;,
-     &quot;message&quot;: &quot;Use the primary OCR matrix, then you can navigate the mobile monitor!&quot;,
-     &quot;summary&quot;: &quot;Use the back-end SCSI interface, then you can calculate the digital firewall!&quot;,
-   },
-   {
-     &quot;description&quot;: &quot;The JBOD application is down, parse the neural bus so we can compress the THX alarm!&quot;,
-     &quot;message&quot;: &quot;hacking the microchip won&apos;t do anything, we need to input the 1080p DNS capacitor!&quot;,
-     &quot;summary&quot;: &quot;The IB system is down, parse the 1080p system so we can program the IB alarm!&quot;,
+     &quot;description&quot;: &quot;If we input the array, we can get to the UTF8 card through the bluetooth SSL monitor!&quot;,
+     &quot;message&quot;: &quot;You can&apos;t program the system without parsing the auxiliary HDD firewall!&quot;,
+     &quot;summary&quot;: &quot;We need to quantify the auxiliary SMS alarm!&quot;,
    },
  ]

 ❯ src/test-suite-12.spec.ts:21:20
            </failure>
        </testcase>
        <testcase classname="src/test-suite-12.spec.ts" name="&apos;Extended zero administration portal&apos; &gt; &apos;I\&apos;ll compress the cross-platform FTP…&apos;" time="0.00006925">
        </testcase>
        <testcase classname="src/test-suite-12.spec.ts" name="&apos;Extended zero administration portal&apos; &gt; &apos;Try to input the SDD feed, maybe it w…&apos;" time="0.000476833">
            <failure message="expected [ { …(3) }, { …(3) } ] to deeply equal [ { …(3) }, { …(3) }, { …(3) }, …(2) ]" type="AssertionError">
AssertionError: expected [ { …(3) }, { …(3) } ] to deeply equal [ { …(3) }, { …(3) }, { …(3) }, …(2) ]

- Expected
+ Received

  [
    {
-     &quot;description&quot;: &quot;Use the primary CLI alarm, then you can compress the optical hard drive!&quot;,
-     &quot;message&quot;: &quot;The COM capacitor is down, navigate the haptic program so we can connect the CSS array!&quot;,
-     &quot;summary&quot;: &quot;calculating the transmitter won&apos;t do anything, we need to navigate the redundant SMTP panel!&quot;,
-   },
-   {
-     &quot;description&quot;: &quot;The UTF8 sensor is down, bypass the multi-byte protocol so we can copy the IB bandwidth!&quot;,
-     &quot;message&quot;: &quot;Try to parse the GB firewall, maybe it will input the optical system!&quot;,
-     &quot;summary&quot;: &quot;transmitting the sensor won&apos;t do anything, we need to input the virtual AI matrix!&quot;,
-   },
-   {
-     &quot;description&quot;: &quot;The UTF8 port is down, transmit the 1080p array so we can connect the ADP monitor!&quot;,
-     &quot;message&quot;: &quot;Use the back-end JSON sensor, then you can connect the auxiliary panel!&quot;,
-     &quot;summary&quot;: &quot;compressing the application won&apos;t do anything, we need to back up the wireless AGP matrix!&quot;,
-   },
-   {
-     &quot;description&quot;: &quot;We need to input the virtual OCR panel!&quot;,
-     &quot;message&quot;: &quot;If we index the system, we can get to the AI card through the solid state API protocol!&quot;,
-     &quot;summary&quot;: &quot;You can&apos;t copy the capacitor without indexing the open-source EXE transmitter!&quot;,
+     &quot;description&quot;: &quot;synthesizing the capacitor won&apos;t do anything, we need to quantify the primary USB system!&quot;,
+     &quot;message&quot;: &quot;You can&apos;t index the system without navigating the auxiliary TLS protocol!&quot;,
+     &quot;summary&quot;: &quot;The IB card is down, input the bluetooth monitor so we can parse the SSD feed!&quot;,
    },
    {
-     &quot;description&quot;: &quot;parsing the program won&apos;t do anything, we need to compress the digital XML sensor!&quot;,
-     &quot;message&quot;: &quot;indexing the bus won&apos;t do anything, we need to compress the virtual FTP program!&quot;,
-     &quot;summary&quot;: &quot;Use the back-end UTF8 capacitor, then you can bypass the open-source firewall!&quot;,
+     &quot;description&quot;: &quot;If we quantify the monitor, we can get to the CLI feed through the back-end RAM capacitor!&quot;,
+     &quot;message&quot;: &quot;We need to copy the optical FTP bus!&quot;,
+     &quot;summary&quot;: &quot;I&apos;ll transmit the virtual SSD alarm, that should transmitter the XML interface!&quot;,
    },
  ]

 ❯ src/test-suite-12.spec.ts:21:20
            </failure>
        </testcase>
        <testcase classname="src/test-suite-12.spec.ts" name="&apos;Extended zero administration portal&apos; &gt; &apos;You can\&apos;t quantify the bus without c…&apos;" time="0.000071042">
        </testcase>
        <testcase classname="src/test-suite-12.spec.ts" name="&apos;Extended zero administration portal&apos; &gt; &apos;We need to program the virtual SMTP p…&apos;" time="0.000295834">
            <failure message="expected [ { …(3) }, { …(3) }, { …(3) } ] to deeply equal [ { …(3) }, { …(3) }, { …(3) }, …(2) ]" type="AssertionError">
AssertionError: expected [ { …(3) }, { …(3) }, { …(3) } ] to deeply equal [ { …(3) }, { …(3) }, { …(3) }, …(2) ]

- Expected
+ Received

  [
    {
-     &quot;description&quot;: &quot;backing up the feed won&apos;t do anything, we need to bypass the 1080p SSL panel!&quot;,
-     &quot;message&quot;: &quot;Try to compress the ASCII transmitter, maybe it will copy the back-end bandwidth!&quot;,
-     &quot;summary&quot;: &quot;If we compress the hard drive, we can get to the TCP pixel through the open-source IP program!&quot;,
+     &quot;description&quot;: &quot;Use the back-end XSS circuit, then you can connect the haptic bandwidth!&quot;,
+     &quot;message&quot;: &quot;compressing the transmitter won&apos;t do anything, we need to compress the open-source SSL alarm!&quot;,
+     &quot;summary&quot;: &quot;Use the solid state AI transmitter, then you can navigate the wireless circuit!&quot;,
    },
    {
-     &quot;description&quot;: &quot;If we generate the bus, we can get to the OCR circuit through the auxiliary AGP circuit!&quot;,
-     &quot;message&quot;: &quot;We need to override the wireless HDD monitor!&quot;,
-     &quot;summary&quot;: &quot;I&apos;ll generate the optical XML port, that should bus the PCI card!&quot;,
+     &quot;description&quot;: &quot;Use the 1080p SSD pixel, then you can synthesize the back-end microchip!&quot;,
+     &quot;message&quot;: &quot;I&apos;ll copy the solid state SMTP bus, that should bandwidth the SCSI alarm!&quot;,
+     &quot;summary&quot;: &quot;The JBOD card is down, bypass the virtual array so we can program the CLI circuit!&quot;,
    },
    {
-     &quot;description&quot;: &quot;If we index the hard drive, we can get to the UDP card through the wireless DRAM protocol!&quot;,
-     &quot;message&quot;: &quot;quantifying the card won&apos;t do anything, we need to input the haptic THX pixel!&quot;,
-     &quot;summary&quot;: &quot;If we generate the sensor, we can get to the SQL monitor through the mobile DRAM hard drive!&quot;,
-   },
-   {
-     &quot;description&quot;: &quot;The AI microchip is down, quantify the auxiliary matrix so we can copy the UDP program!&quot;,
-     &quot;message&quot;: &quot;I&apos;ll compress the wireless RSS pixel, that should interface the CSS port!&quot;,
-     &quot;summary&quot;: &quot;If we input the panel, we can get to the SAS panel through the digital SDD transmitter!&quot;,
-   },
-   {
-     &quot;description&quot;: &quot;I&apos;ll input the solid state COM bus, that should application the AI capacitor!&quot;,
-     &quot;message&quot;: &quot;hacking the port won&apos;t do anything, we need to parse the haptic TLS system!&quot;,
-     &quot;summary&quot;: &quot;Use the redundant FTP bus, then you can input the redundant interface!&quot;,
+     &quot;description&quot;: &quot;Use the haptic UTF8 card, then you can parse the wireless port!&quot;,
+     &quot;message&quot;: &quot;I&apos;ll parse the optical XSS monitor, that should program the UTF8 driver!&quot;,
+     &quot;summary&quot;: &quot;The USB bus is down, override the virtual feed so we can quantify the XSS sensor!&quot;,
    },
  ]

 ❯ src/test-suite-12.spec.ts:21:20
            </failure>
        </testcase>
        <testcase classname="src/test-suite-12.spec.ts" name="&apos;Extended zero administration portal&apos; &gt; &apos;If we program the firewall, we can ge…&apos;" time="0.000055209">
        </testcase>
        <testcase classname="src/test-suite-12.spec.ts" name="&apos;Extended zero administration portal&apos; &gt; &apos;We need to navigate the back-end IP c…&apos;" time="0.001275084">
            <failure message="expected [ { …(3) }, { …(3) }, { …(3) }, …(1) ] to deeply equal [ { …(3) }, { …(3) }, { …(3) }, …(1) ]" type="AssertionError">
AssertionError: expected [ { …(3) }, { …(3) }, { …(3) }, …(1) ] to deeply equal [ { …(3) }, { …(3) }, { …(3) }, …(1) ]

- Expected
+ Received

  [
    {
-     &quot;description&quot;: &quot;I&apos;ll override the solid state OCR card, that should application the XSS matrix!&quot;,
-     &quot;message&quot;: &quot;If we quantify the interface, we can get to the UTF8 driver through the open-source SQL matrix!&quot;,
-     &quot;summary&quot;: &quot;We need to synthesize the neural SMS card!&quot;,
+     &quot;description&quot;: &quot;quantifying the alarm won&apos;t do anything, we need to parse the digital SSD monitor!&quot;,
+     &quot;message&quot;: &quot;Use the primary SQL program, then you can bypass the optical panel!&quot;,
+     &quot;summary&quot;: &quot;The SAS matrix is down, hack the optical monitor so we can quantify the JBOD application!&quot;,
    },
    {
-     &quot;description&quot;: &quot;I&apos;ll calculate the auxiliary EXE driver, that should port the API card!&quot;,
-     &quot;message&quot;: &quot;I&apos;ll hack the redundant ADP bandwidth, that should transmitter the THX bus!&quot;,
-     &quot;summary&quot;: &quot;The DNS hard drive is down, transmit the 1080p array so we can index the COM transmitter!&quot;,
+     &quot;description&quot;: &quot;If we generate the bandwidth, we can get to the SSL firewall through the haptic API interface!&quot;,
+     &quot;message&quot;: &quot;Use the haptic CSS bus, then you can quantify the cross-platform bus!&quot;,
+     &quot;summary&quot;: &quot;The EXE microchip is down, index the haptic microchip so we can hack the COM circuit!&quot;,
    },
    {
-     &quot;description&quot;: &quot;You can&apos;t parse the program without programming the digital SSD matrix!&quot;,
-     &quot;message&quot;: &quot;We need to input the back-end TLS application!&quot;,
-     &quot;summary&quot;: &quot;The VGA hard drive is down, generate the auxiliary sensor so we can quantify the SSD sensor!&quot;,
+     &quot;description&quot;: &quot;We need to calculate the multi-byte SCSI sensor!&quot;,
+     &quot;message&quot;: &quot;Use the bluetooth TCP capacitor, then you can quantify the digital system!&quot;,
+     &quot;summary&quot;: &quot;The RAM pixel is down, transmit the neural protocol so we can transmit the HTTP monitor!&quot;,
    },
    {
-     &quot;description&quot;: &quot;quantifying the hard drive won&apos;t do anything, we need to synthesize the virtual UDP transmitter!&quot;,
-     &quot;message&quot;: &quot;If we calculate the monitor, we can get to the XML alarm through the cross-platform HEX protocol!&quot;,
-     &quot;summary&quot;: &quot;I&apos;ll generate the auxiliary SCSI bus, that should capacitor the HEX feed!&quot;,
+     &quot;description&quot;: &quot;The OCR array is down, compress the mobile firewall so we can hack the PNG panel!&quot;,
+     &quot;message&quot;: &quot;Try to input the XML sensor, maybe it will transmit the redundant system!&quot;,
+     &quot;summary&quot;: &quot;We need to generate the mobile JSON panel!&quot;,
    },
  ]

 ❯ src/test-suite-12.spec.ts:21:20
            </failure>
        </testcase>
        <testcase classname="src/test-suite-12.spec.ts" name="&apos;Extended zero administration portal&apos; &gt; &apos;If we calculate the panel, we can get…&apos;" time="0.000073208">
        </testcase>
        <testcase classname="src/test-suite-12.spec.ts" name="&apos;Extended zero administration portal&apos; &gt; &apos;We need to bypass the redundant SCSI …&apos;" time="0.000366291">
            <failure message="expected [ { …(3) }, { …(3) }, { …(3) }, …(1) ] to deeply equal [ { …(3) }, { …(3) }, { …(3) }, …(2) ]" type="AssertionError">
AssertionError: expected [ { …(3) }, { …(3) }, { …(3) }, …(1) ] to deeply equal [ { …(3) }, { …(3) }, { …(3) }, …(2) ]

- Expected
+ Received

  [
    {
-     &quot;description&quot;: &quot;The HTTP alarm is down, generate the solid state sensor so we can connect the IB application!&quot;,
-     &quot;message&quot;: &quot;Try to quantify the PNG circuit, maybe it will quantify the digital interface!&quot;,
-     &quot;summary&quot;: &quot;The GB circuit is down, hack the primary system so we can index the EXE alarm!&quot;,
+     &quot;description&quot;: &quot;If we bypass the capacitor, we can get to the AGP program through the neural PCI panel!&quot;,
+     &quot;message&quot;: &quot;You can&apos;t hack the panel without bypassing the virtual API matrix!&quot;,
+     &quot;summary&quot;: &quot;If we index the monitor, we can get to the RAM circuit through the virtual SAS firewall!&quot;,
    },
    {
-     &quot;description&quot;: &quot;We need to generate the haptic OCR transmitter!&quot;,
-     &quot;message&quot;: &quot;I&apos;ll copy the online ADP pixel, that should card the DNS pixel!&quot;,
-     &quot;summary&quot;: &quot;The TLS system is down, bypass the online bandwidth so we can synthesize the GB application!&quot;,
-   },
-   {
-     &quot;description&quot;: &quot;compressing the application won&apos;t do anything, we need to input the wireless THX bandwidth!&quot;,
-     &quot;message&quot;: &quot;programming the sensor won&apos;t do anything, we need to transmit the online HDD system!&quot;,
-     &quot;summary&quot;: &quot;We need to synthesize the bluetooth FTP alarm!&quot;,
+     &quot;description&quot;: &quot;Use the primary JSON matrix, then you can parse the back-end application!&quot;,
+     &quot;message&quot;: &quot;Use the primary TCP card, then you can connect the neural application!&quot;,
+     &quot;summary&quot;: &quot;I&apos;ll input the redundant UDP program, that should bandwidth the HTTP sensor!&quot;,
    },
    {
-     &quot;description&quot;: &quot;Use the mobile SSL hard drive, then you can calculate the 1080p firewall!&quot;,
-     &quot;message&quot;: &quot;Try to synthesize the HEX circuit, maybe it will copy the optical pixel!&quot;,
-     &quot;summary&quot;: &quot;You can&apos;t quantify the alarm without synthesizing the haptic API alarm!&quot;,
+     &quot;description&quot;: &quot;bypassing the card won&apos;t do anything, we need to index the digital GB bus!&quot;,
+     &quot;message&quot;: &quot;I&apos;ll generate the multi-byte SQL circuit, that should program the JSON capacitor!&quot;,
+     &quot;summary&quot;: &quot;If we hack the hard drive, we can get to the ASCII circuit through the multi-byte TLS feed!&quot;,
    },
    {
-     &quot;description&quot;: &quot;You can&apos;t index the panel without navigating the digital CLI monitor!&quot;,
-     &quot;message&quot;: &quot;I&apos;ll navigate the solid state SCSI firewall, that should bandwidth the CLI program!&quot;,
-     &quot;summary&quot;: &quot;Try to reboot the UTF8 interface, maybe it will input the auxiliary monitor!&quot;,
+     &quot;description&quot;: &quot;I&apos;ll override the redundant GB matrix, that should panel the XML circuit!&quot;,
+     &quot;message&quot;: &quot;If we connect the application, we can get to the USB sensor through the solid state XML firewall!&quot;,
+     &quot;summary&quot;: &quot;The HEX port is down, bypass the haptic bus so we can bypass the JBOD system!&quot;,
    },
  ]

 ❯ src/test-suite-12.spec.ts:21:20
            </failure>
        </testcase>
        <testcase classname="src/test-suite-12.spec.ts" name="&apos;Extended zero administration portal&apos; &gt; &apos;The HDD application is down, transmit…&apos;" time="0.000046209">
        </testcase>
        <testcase classname="src/test-suite-12.spec.ts" name="&apos;Extended zero administration portal&apos; &gt; &apos;If we synthesize the card, we can get…&apos;" time="0.000253459">
            <failure message="expected [ { …(3) }, { …(3) } ] to deeply equal [ { …(3) }, { …(3) }, { …(3) }, …(2) ]" type="AssertionError">
AssertionError: expected [ { …(3) }, { …(3) } ] to deeply equal [ { …(3) }, { …(3) }, { …(3) }, …(2) ]

- Expected
+ Received

  [
    {
-     &quot;description&quot;: &quot;You can&apos;t compress the circuit without connecting the open-source SCSI interface!&quot;,
-     &quot;message&quot;: &quot;Use the mobile IP firewall, then you can generate the auxiliary feed!&quot;,
-     &quot;summary&quot;: &quot;If we compress the alarm, we can get to the SQL protocol through the wireless SSD feed!&quot;,
-   },
-   {
-     &quot;description&quot;: &quot;You can&apos;t parse the firewall without synthesizing the back-end SMS microchip!&quot;,
-     &quot;message&quot;: &quot;Use the open-source SDD bus, then you can connect the auxiliary system!&quot;,
-     &quot;summary&quot;: &quot;indexing the alarm won&apos;t do anything, we need to bypass the neural PNG monitor!&quot;,
-   },
-   {
-     &quot;description&quot;: &quot;If we transmit the circuit, we can get to the IB feed through the back-end THX capacitor!&quot;,
-     &quot;message&quot;: &quot;Use the back-end XSS interface, then you can back up the haptic sensor!&quot;,
-     &quot;summary&quot;: &quot;If we program the matrix, we can get to the RAM hard drive through the redundant THX microchip!&quot;,
-   },
-   {
-     &quot;description&quot;: &quot;Use the wireless UTF8 microchip, then you can hack the wireless array!&quot;,
-     &quot;message&quot;: &quot;If we generate the program, we can get to the ADP panel through the cross-platform PNG port!&quot;,
-     &quot;summary&quot;: &quot;If we hack the pixel, we can get to the SMTP card through the back-end PNG driver!&quot;,
+     &quot;description&quot;: &quot;Use the haptic TLS array, then you can index the redundant microchip!&quot;,
+     &quot;message&quot;: &quot;The AGP circuit is down, calculate the cross-platform port so we can bypass the PNG application!&quot;,
+     &quot;summary&quot;: &quot;You can&apos;t parse the capacitor without navigating the redundant SMTP card!&quot;,
    },
    {
-     &quot;description&quot;: &quot;You can&apos;t synthesize the circuit without indexing the cross-platform SQL alarm!&quot;,
-     &quot;message&quot;: &quot;We need to program the neural UTF8 driver!&quot;,
-     &quot;summary&quot;: &quot;Use the back-end COM matrix, then you can back up the online transmitter!&quot;,
+     &quot;description&quot;: &quot;I&apos;ll compress the primary JSON card, that should matrix the JBOD microchip!&quot;,
+     &quot;message&quot;: &quot;backing up the feed won&apos;t do anything, we need to index the auxiliary SMS port!&quot;,
+     &quot;summary&quot;: &quot;You can&apos;t calculate the bus without backing up the mobile HTTP port!&quot;,
    },
  ]

 ❯ src/test-suite-12.spec.ts:21:20
            </failure>
        </testcase>
        <testcase classname="src/test-suite-12.spec.ts" name="&apos;Extended zero administration portal&apos; &gt; &apos;You can\&apos;t quantify the program witho…&apos;" time="0.000039625">
        </testcase>
        <testcase classname="src/test-suite-12.spec.ts" name="&apos;Extended zero administration portal&apos; &gt; &apos;navigating the system won\&apos;t do anyth…&apos;" time="0.000270875">
            <failure message="expected [ { …(3) }, { …(3) }, { …(3) }, …(2) ] to deeply equal [ { …(3) }, { …(3) }, { …(3) } ]" type="AssertionError">
AssertionError: expected [ { …(3) }, { …(3) }, { …(3) }, …(2) ] to deeply equal [ { …(3) }, { …(3) }, { …(3) } ]

- Expected
+ Received

  [
    {
-     &quot;description&quot;: &quot;The SQL circuit is down, index the mobile transmitter so we can hack the CSS firewall!&quot;,
-     &quot;message&quot;: &quot;The UTF8 alarm is down, generate the wireless system so we can calculate the JBOD pixel!&quot;,
-     &quot;summary&quot;: &quot;We need to hack the virtual COM application!&quot;,
+     &quot;description&quot;: &quot;We need to calculate the primary API pixel!&quot;,
+     &quot;message&quot;: &quot;You can&apos;t bypass the bandwidth without generating the back-end COM system!&quot;,
+     &quot;summary&quot;: &quot;You can&apos;t connect the bandwidth without transmitting the cross-platform HDD interface!&quot;,
    },
    {
-     &quot;description&quot;: &quot;The USB bus is down, transmit the solid state port so we can bypass the EXE firewall!&quot;,
-     &quot;message&quot;: &quot;The PCI card is down, parse the solid state array so we can hack the ADP pixel!&quot;,
-     &quot;summary&quot;: &quot;We need to reboot the auxiliary ADP firewall!&quot;,
+     &quot;description&quot;: &quot;You can&apos;t reboot the microchip without navigating the solid state VGA circuit!&quot;,
+     &quot;message&quot;: &quot;The PCI program is down, hack the back-end transmitter so we can parse the AGP transmitter!&quot;,
+     &quot;summary&quot;: &quot;backing up the capacitor won&apos;t do anything, we need to index the haptic USB matrix!&quot;,
    },
    {
-     &quot;description&quot;: &quot;We need to index the neural UDP microchip!&quot;,
-     &quot;message&quot;: &quot;The SSD driver is down, connect the mobile microchip so we can back up the RAM firewall!&quot;,
-     &quot;summary&quot;: &quot;If we synthesize the bandwidth, we can get to the TLS alarm through the mobile SQL card!&quot;,
+     &quot;description&quot;: &quot;The COM feed is down, hack the bluetooth program so we can back up the FTP hard drive!&quot;,
+     &quot;message&quot;: &quot;Try to override the AI array, maybe it will override the digital hard drive!&quot;,
+     &quot;summary&quot;: &quot;Try to quantify the SMTP pixel, maybe it will back up the optical firewall!&quot;,
+   },
+   {
+     &quot;description&quot;: &quot;I&apos;ll input the virtual SMS array, that should alarm the HTTP bandwidth!&quot;,
+     &quot;message&quot;: &quot;I&apos;ll reboot the 1080p SSD application, that should program the JBOD alarm!&quot;,
+     &quot;summary&quot;: &quot;I&apos;ll hack the online AGP port, that should capacitor the API hard drive!&quot;,
+   },
+   {
+     &quot;description&quot;: &quot;The HTTP pixel is down, back up the 1080p program so we can calculate the USB bus!&quot;,
+     &quot;message&quot;: &quot;Use the virtual FTP sensor, then you can copy the virtual driver!&quot;,
+     &quot;summary&quot;: &quot;You can&apos;t quantify the transmitter without indexing the neural UDP firewall!&quot;,
    },
  ]

 ❯ src/test-suite-12.spec.ts:21:20
            </failure>
        </testcase>
        <testcase classname="src/test-suite-12.spec.ts" name="&apos;Extended zero administration portal&apos; &gt; &apos;If we index the matrix, we can get to…&apos;" time="0.000053917">
        </testcase>
        <testcase classname="src/test-suite-12.spec.ts" name="&apos;Extended zero administration portal&apos; &gt; &apos;You can\&apos;t calculate the capacitor wi…&apos;" time="0.000218958">
            <failure message="expected [ { …(3) }, { …(3) }, { …(3) }, …(1) ] to deeply equal [ { …(3) }, { …(3) } ]" type="AssertionError">
AssertionError: expected [ { …(3) }, { …(3) }, { …(3) }, …(1) ] to deeply equal [ { …(3) }, { …(3) } ]

- Expected
+ Received

  [
    {
-     &quot;description&quot;: &quot;We need to synthesize the digital IP feed!&quot;,
-     &quot;message&quot;: &quot;You can&apos;t copy the system without backing up the auxiliary AI alarm!&quot;,
-     &quot;summary&quot;: &quot;I&apos;ll navigate the online SDD sensor, that should bandwidth the IP card!&quot;,
+     &quot;description&quot;: &quot;I&apos;ll hack the cross-platform SMTP alarm, that should monitor the RAM circuit!&quot;,
+     &quot;message&quot;: &quot;Use the redundant UDP matrix, then you can copy the bluetooth port!&quot;,
+     &quot;summary&quot;: &quot;Try to quantify the EXE firewall, maybe it will back up the digital microchip!&quot;,
    },
    {
-     &quot;description&quot;: &quot;Try to index the RSS array, maybe it will calculate the neural interface!&quot;,
-     &quot;message&quot;: &quot;I&apos;ll connect the digital RSS bus, that should alarm the SCSI bus!&quot;,
-     &quot;summary&quot;: &quot;We need to copy the bluetooth API pixel!&quot;,
+     &quot;description&quot;: &quot;I&apos;ll bypass the mobile TCP program, that should application the JBOD hard drive!&quot;,
+     &quot;message&quot;: &quot;The OCR panel is down, compress the mobile bus so we can parse the UTF8 driver!&quot;,
+     &quot;summary&quot;: &quot;I&apos;ll reboot the optical API driver, that should bandwidth the RSS feed!&quot;,
+   },
+   {
+     &quot;description&quot;: &quot;The IB driver is down, bypass the optical panel so we can copy the UDP hard drive!&quot;,
+     &quot;message&quot;: &quot;The VGA capacitor is down, program the redundant program so we can compress the SDD interface!&quot;,
+     &quot;summary&quot;: &quot;You can&apos;t hack the bandwidth without transmitting the solid state SDD monitor!&quot;,
+   },
+   {
+     &quot;description&quot;: &quot;If we compress the sensor, we can get to the THX transmitter through the bluetooth AI program!&quot;,
+     &quot;message&quot;: &quot;We need to quantify the back-end SSL bus!&quot;,
+     &quot;summary&quot;: &quot;You can&apos;t generate the feed without bypassing the wireless SCSI array!&quot;,
    },
  ]

 ❯ src/test-suite-12.spec.ts:21:20
            </failure>
        </testcase>
        <testcase classname="src/test-suite-12.spec.ts" name="&apos;Extended zero administration portal&apos; &gt; &apos;You can\&apos;t reboot the system without …&apos;" time="0.000034792">
        </testcase>
        <testcase classname="src/test-suite-12.spec.ts" name="&apos;Extended zero administration portal&apos; &gt; &apos;Use the virtual JBOD bus, then you ca…&apos;" time="0.000233">
            <failure message="expected [ { …(3) }, { …(3) }, { …(3) }, …(1) ] to deeply equal [ { …(3) }, { …(3) }, { …(3) } ]" type="AssertionError">
AssertionError: expected [ { …(3) }, { …(3) }, { …(3) }, …(1) ] to deeply equal [ { …(3) }, { …(3) }, { …(3) } ]

- Expected
+ Received

  [
    {
-     &quot;description&quot;: &quot;The COM alarm is down, copy the back-end monitor so we can navigate the SCSI bandwidth!&quot;,
-     &quot;message&quot;: &quot;Try to input the AI capacitor, maybe it will parse the wireless feed!&quot;,
-     &quot;summary&quot;: &quot;The SMTP monitor is down, reboot the primary circuit so we can back up the AI feed!&quot;,
+     &quot;description&quot;: &quot;You can&apos;t override the sensor without generating the mobile IP port!&quot;,
+     &quot;message&quot;: &quot;overriding the microchip won&apos;t do anything, we need to navigate the primary SQL card!&quot;,
+     &quot;summary&quot;: &quot;Try to reboot the DNS program, maybe it will transmit the redundant circuit!&quot;,
+   },
+   {
+     &quot;description&quot;: &quot;If we bypass the system, we can get to the SSL program through the optical IB sensor!&quot;,
+     &quot;message&quot;: &quot;The SDD circuit is down, generate the multi-byte firewall so we can generate the DRAM panel!&quot;,
+     &quot;summary&quot;: &quot;backing up the hard drive won&apos;t do anything, we need to input the mobile XML application!&quot;,
    },
    {
-     &quot;description&quot;: &quot;We need to reboot the solid state HDD interface!&quot;,
-     &quot;message&quot;: &quot;The RAM port is down, program the auxiliary system so we can generate the XML driver!&quot;,
-     &quot;summary&quot;: &quot;Try to bypass the AI monitor, maybe it will program the mobile card!&quot;,
+     &quot;description&quot;: &quot;I&apos;ll generate the cross-platform SSL interface, that should interface the SMS application!&quot;,
+     &quot;message&quot;: &quot;We need to hack the haptic SSL pixel!&quot;,
+     &quot;summary&quot;: &quot;Use the online PNG program, then you can copy the digital hard drive!&quot;,
    },
    {
-     &quot;description&quot;: &quot;Try to generate the PCI microchip, maybe it will quantify the mobile panel!&quot;,
-     &quot;message&quot;: &quot;We need to back up the neural DNS microchip!&quot;,
-     &quot;summary&quot;: &quot;Try to compress the CSS matrix, maybe it will transmit the solid state pixel!&quot;,
+     &quot;description&quot;: &quot;Try to transmit the UTF8 bus, maybe it will synthesize the online protocol!&quot;,
+     &quot;message&quot;: &quot;We need to generate the cross-platform SDD circuit!&quot;,
+     &quot;summary&quot;: &quot;synthesizing the matrix won&apos;t do anything, we need to calculate the redundant VGA port!&quot;,
    },
  ]

 ❯ src/test-suite-12.spec.ts:21:20
            </failure>
        </testcase>
        <testcase classname="src/test-suite-12.spec.ts" name="&apos;Extended zero administration portal&apos; &gt; &apos;Use the optical HTTP array, then you …&apos;" time="0.000037541">
        </testcase>
        <testcase classname="src/test-suite-12.spec.ts" name="&apos;Extended zero administration portal&apos; &gt; &apos;If we back up the firewall, we can ge…&apos;" time="0.000193167">
            <failure message="expected [ { …(3) }, { …(3) } ] to deeply equal [ { …(3) }, { …(3) }, { …(3) } ]" type="AssertionError">
AssertionError: expected [ { …(3) }, { …(3) } ] to deeply equal [ { …(3) }, { …(3) }, { …(3) } ]

- Expected
+ Received

  [
    {
-     &quot;description&quot;: &quot;I&apos;ll transmit the wireless COM capacitor, that should hard drive the AI array!&quot;,
-     &quot;message&quot;: &quot;generating the circuit won&apos;t do anything, we need to transmit the solid state SCSI pixel!&quot;,
-     &quot;summary&quot;: &quot;We need to reboot the cross-platform COM microchip!&quot;,
-   },
-   {
-     &quot;description&quot;: &quot;I&apos;ll bypass the wireless SQL array, that should microchip the SAS transmitter!&quot;,
-     &quot;message&quot;: &quot;We need to navigate the online FTP capacitor!&quot;,
-     &quot;summary&quot;: &quot;We need to compress the 1080p PCI firewall!&quot;,
+     &quot;description&quot;: &quot;We need to copy the online SAS bus!&quot;,
+     &quot;message&quot;: &quot;Try to reboot the UDP system, maybe it will program the primary transmitter!&quot;,
+     &quot;summary&quot;: &quot;Use the online RSS system, then you can parse the multi-byte application!&quot;,
    },
    {
-     &quot;description&quot;: &quot;You can&apos;t program the program without synthesizing the neural GB monitor!&quot;,
-     &quot;message&quot;: &quot;I&apos;ll hack the primary SSD matrix, that should interface the PNG microchip!&quot;,
-     &quot;summary&quot;: &quot;We need to copy the auxiliary SDD matrix!&quot;,
+     &quot;description&quot;: &quot;Use the primary SMTP feed, then you can hack the wireless card!&quot;,
+     &quot;message&quot;: &quot;We need to synthesize the mobile ADP matrix!&quot;,
+     &quot;summary&quot;: &quot;Use the bluetooth SQL sensor, then you can compress the virtual transmitter!&quot;,
    },
  ]

 ❯ src/test-suite-12.spec.ts:21:20
            </failure>
        </testcase>
        <testcase classname="src/test-suite-12.spec.ts" name="&apos;Extended zero administration portal&apos; &gt; &apos;We need to compress the bluetooth SSD…&apos;" time="0.000051042">
        </testcase>
        <testcase classname="src/test-suite-12.spec.ts" name="&apos;Extended zero administration portal&apos; &gt; &apos;If we connect the panel, we can get t…&apos;" time="0.000274417">
            <failure message="expected [ { …(3) }, { …(3) }, { …(3) }, …(2) ] to deeply equal [ { …(3) }, { …(3) }, { …(3) }, …(1) ]" type="AssertionError">
AssertionError: expected [ { …(3) }, { …(3) }, { …(3) }, …(2) ] to deeply equal [ { …(3) }, { …(3) }, { …(3) }, …(1) ]

- Expected
+ Received

  [
    {
-     &quot;description&quot;: &quot;overriding the matrix won&apos;t do anything, we need to parse the auxiliary RAM matrix!&quot;,
-     &quot;message&quot;: &quot;The RAM bandwidth is down, index the multi-byte sensor so we can transmit the EXE feed!&quot;,
-     &quot;summary&quot;: &quot;Use the 1080p UDP transmitter, then you can compress the bluetooth bandwidth!&quot;,
+     &quot;description&quot;: &quot;I&apos;ll reboot the neural AGP bandwidth, that should transmitter the SDD alarm!&quot;,
+     &quot;message&quot;: &quot;copying the monitor won&apos;t do anything, we need to navigate the redundant HEX system!&quot;,
+     &quot;summary&quot;: &quot;We need to back up the virtual RAM transmitter!&quot;,
    },
    {
-     &quot;description&quot;: &quot;I&apos;ll navigate the multi-byte AGP card, that should alarm the CLI feed!&quot;,
-     &quot;message&quot;: &quot;If we navigate the circuit, we can get to the DRAM sensor through the multi-byte ADP system!&quot;,
-     &quot;summary&quot;: &quot;If we override the circuit, we can get to the SMS alarm through the back-end ASCII firewall!&quot;,
+     &quot;description&quot;: &quot;I&apos;ll back up the mobile COM hard drive, that should system the COM feed!&quot;,
+     &quot;message&quot;: &quot;The XML capacitor is down, synthesize the open-source array so we can copy the HTTP transmitter!&quot;,
+     &quot;summary&quot;: &quot;Use the optical USB sensor, then you can back up the redundant feed!&quot;,
+   },
+   {
+     &quot;description&quot;: &quot;Try to index the TCP program, maybe it will calculate the back-end port!&quot;,
+     &quot;message&quot;: &quot;Use the back-end HDD application, then you can reboot the haptic panel!&quot;,
+     &quot;summary&quot;: &quot;You can&apos;t generate the application without quantifying the back-end USB capacitor!&quot;,
    },
    {
-     &quot;description&quot;: &quot;I&apos;ll synthesize the mobile USB driver, that should system the HTTP protocol!&quot;,
-     &quot;message&quot;: &quot;Try to hack the DNS array, maybe it will connect the neural panel!&quot;,
-     &quot;summary&quot;: &quot;I&apos;ll transmit the digital USB circuit, that should program the JBOD card!&quot;,
+     &quot;description&quot;: &quot;I&apos;ll parse the 1080p OCR matrix, that should alarm the IB sensor!&quot;,
+     &quot;message&quot;: &quot;I&apos;ll transmit the mobile JBOD sensor, that should panel the SSL driver!&quot;,
+     &quot;summary&quot;: &quot;If we quantify the feed, we can get to the SCSI sensor through the mobile COM system!&quot;,
    },
    {
-     &quot;description&quot;: &quot;You can&apos;t index the transmitter without copying the back-end AI firewall!&quot;,
-     &quot;message&quot;: &quot;Try to hack the SDD array, maybe it will compress the multi-byte application!&quot;,
-     &quot;summary&quot;: &quot;Use the primary PNG protocol, then you can reboot the multi-byte driver!&quot;,
+     &quot;description&quot;: &quot;The FTP panel is down, quantify the back-end panel so we can parse the CSS system!&quot;,
+     &quot;message&quot;: &quot;You can&apos;t reboot the interface without copying the back-end TLS port!&quot;,
+     &quot;summary&quot;: &quot;You can&apos;t generate the protocol without navigating the redundant OCR transmitter!&quot;,
    },
  ]

 ❯ src/test-suite-12.spec.ts:21:20
            </failure>
        </testcase>
        <testcase classname="src/test-suite-12.spec.ts" name="&apos;Extended zero administration portal&apos; &gt; &apos;Try to input the JSON interface, mayb…&apos;" time="0.000048417">
        </testcase>
        <testcase classname="src/test-suite-12.spec.ts" name="&apos;Extended zero administration portal&apos; &gt; &apos;Try to parse the ADP card, maybe it w…&apos;" time="0.000280917">
            <failure message="expected [ { …(3) }, { …(3) }, { …(3) } ] to deeply equal [ { …(3) }, { …(3) }, { …(3) }, …(2) ]" type="AssertionError">
AssertionError: expected [ { …(3) }, { …(3) }, { …(3) } ] to deeply equal [ { …(3) }, { …(3) }, { …(3) }, …(2) ]

- Expected
+ Received

  [
    {
-     &quot;description&quot;: &quot;We need to quantify the auxiliary GB program!&quot;,
-     &quot;message&quot;: &quot;Use the mobile TCP application, then you can hack the solid state matrix!&quot;,
-     &quot;summary&quot;: &quot;backing up the capacitor won&apos;t do anything, we need to synthesize the haptic PCI pixel!&quot;,
+     &quot;description&quot;: &quot;You can&apos;t quantify the card without synthesizing the multi-byte COM sensor!&quot;,
+     &quot;message&quot;: &quot;Try to synthesize the SSD monitor, maybe it will connect the cross-platform transmitter!&quot;,
+     &quot;summary&quot;: &quot;Use the haptic SMS card, then you can navigate the multi-byte card!&quot;,
    },
    {
-     &quot;description&quot;: &quot;You can&apos;t back up the array without overriding the auxiliary XML bus!&quot;,
-     &quot;message&quot;: &quot;synthesizing the application won&apos;t do anything, we need to generate the haptic SSL panel!&quot;,
-     &quot;summary&quot;: &quot;The THX system is down, connect the 1080p sensor so we can compress the API transmitter!&quot;,
+     &quot;description&quot;: &quot;Try to compress the SAS array, maybe it will compress the primary circuit!&quot;,
+     &quot;message&quot;: &quot;We need to bypass the redundant IP driver!&quot;,
+     &quot;summary&quot;: &quot;You can&apos;t copy the alarm without indexing the haptic UDP application!&quot;,
    },
    {
-     &quot;description&quot;: &quot;If we transmit the microchip, we can get to the OCR circuit through the multi-byte VGA firewall!&quot;,
-     &quot;message&quot;: &quot;connecting the protocol won&apos;t do anything, we need to calculate the solid state PCI firewall!&quot;,
-     &quot;summary&quot;: &quot;If we compress the transmitter, we can get to the VGA bandwidth through the digital THX hard drive!&quot;,
-   },
-   {
-     &quot;description&quot;: &quot;parsing the bandwidth won&apos;t do anything, we need to program the haptic JBOD circuit!&quot;,
-     &quot;message&quot;: &quot;If we parse the matrix, we can get to the TLS sensor through the wireless GB alarm!&quot;,
-     &quot;summary&quot;: &quot;I&apos;ll copy the neural USB array, that should feed the SSD array!&quot;,
-   },
-   {
-     &quot;description&quot;: &quot;Use the haptic DRAM microchip, then you can generate the open-source array!&quot;,
-     &quot;message&quot;: &quot;generating the port won&apos;t do anything, we need to input the virtual API bandwidth!&quot;,
-     &quot;summary&quot;: &quot;Try to hack the OCR array, maybe it will program the primary monitor!&quot;,
+     &quot;description&quot;: &quot;If we compress the panel, we can get to the DNS protocol through the back-end XSS microchip!&quot;,
+     &quot;message&quot;: &quot;I&apos;ll quantify the mobile PNG system, that should capacitor the PCI circuit!&quot;,
+     &quot;summary&quot;: &quot;The OCR monitor is down, copy the open-source monitor so we can synthesize the HEX feed!&quot;,
    },
  ]

 ❯ src/test-suite-12.spec.ts:21:20
            </failure>
        </testcase>
        <testcase classname="src/test-suite-12.spec.ts" name="&apos;Extended zero administration portal&apos; &gt; &apos;I\&apos;ll index the back-end ADP capacito…&apos;" time="0.000060541">
        </testcase>
        <testcase classname="src/test-suite-12.spec.ts" name="&apos;Extended zero administration portal&apos; &gt; &apos;We need to connect the redundant USB …&apos;" time="0.00030825">
            <failure message="expected [ { …(3) }, { …(3) }, { …(3) }, …(2) ] to deeply equal [ { …(3) }, { …(3) }, { …(3) }, …(1) ]" type="AssertionError">
AssertionError: expected [ { …(3) }, { …(3) }, { …(3) }, …(2) ] to deeply equal [ { …(3) }, { …(3) }, { …(3) }, …(1) ]

- Expected
+ Received

  [
    {
-     &quot;description&quot;: &quot;Try to override the AGP monitor, maybe it will connect the digital port!&quot;,
-     &quot;message&quot;: &quot;I&apos;ll connect the mobile SAS capacitor, that should application the TCP pixel!&quot;,
-     &quot;summary&quot;: &quot;We need to copy the wireless UDP feed!&quot;,
+     &quot;description&quot;: &quot;Try to transmit the UDP card, maybe it will compress the auxiliary program!&quot;,
+     &quot;message&quot;: &quot;The PCI transmitter is down, back up the neural interface so we can synthesize the AGP protocol!&quot;,
+     &quot;summary&quot;: &quot;backing up the protocol won&apos;t do anything, we need to back up the 1080p TLS system!&quot;,
    },
    {
-     &quot;description&quot;: &quot;Try to override the CLI capacitor, maybe it will index the online system!&quot;,
-     &quot;message&quot;: &quot;connecting the program won&apos;t do anything, we need to calculate the optical DRAM array!&quot;,
-     &quot;summary&quot;: &quot;The AI port is down, generate the digital alarm so we can bypass the SMS microchip!&quot;,
+     &quot;description&quot;: &quot;Use the virtual API driver, then you can input the redundant circuit!&quot;,
+     &quot;message&quot;: &quot;We need to program the wireless DNS driver!&quot;,
+     &quot;summary&quot;: &quot;If we navigate the monitor, we can get to the ASCII bus through the mobile SQL system!&quot;,
+   },
+   {
+     &quot;description&quot;: &quot;Use the primary AGP protocol, then you can quantify the open-source firewall!&quot;,
+     &quot;message&quot;: &quot;The HDD circuit is down, input the neural card so we can hack the AGP transmitter!&quot;,
+     &quot;summary&quot;: &quot;Use the cross-platform RAM array, then you can navigate the optical monitor!&quot;,
    },
    {
-     &quot;description&quot;: &quot;The HTTP system is down, back up the mobile feed so we can parse the FTP protocol!&quot;,
-     &quot;message&quot;: &quot;Use the primary JBOD microchip, then you can compress the optical feed!&quot;,
-     &quot;summary&quot;: &quot;backing up the application won&apos;t do anything, we need to copy the mobile THX bus!&quot;,
+     &quot;description&quot;: &quot;You can&apos;t connect the capacitor without transmitting the primary COM microchip!&quot;,
+     &quot;message&quot;: &quot;If we navigate the interface, we can get to the IB system through the 1080p DNS pixel!&quot;,
+     &quot;summary&quot;: &quot;Try to navigate the TLS system, maybe it will hack the online panel!&quot;,
    },
    {
-     &quot;description&quot;: &quot;transmitting the capacitor won&apos;t do anything, we need to program the back-end XSS pixel!&quot;,
-     &quot;message&quot;: &quot;The COM microchip is down, calculate the wireless interface so we can override the TLS bus!&quot;,
-     &quot;summary&quot;: &quot;I&apos;ll quantify the solid state HTTP bus, that should sensor the PCI array!&quot;,
+     &quot;description&quot;: &quot;You can&apos;t index the circuit without overriding the open-source HEX array!&quot;,
+     &quot;message&quot;: &quot;Try to bypass the IP interface, maybe it will calculate the solid state panel!&quot;,
+     &quot;summary&quot;: &quot;We need to program the haptic COM microchip!&quot;,
    },
  ]

 ❯ src/test-suite-12.spec.ts:21:20
            </failure>
        </testcase>
        <testcase classname="src/test-suite-12.spec.ts" name="&apos;Extended zero administration portal&apos; &gt; &apos;I\&apos;ll override the back-end DNS feed,…&apos;" time="0.000057709">
        </testcase>
        <testcase classname="src/test-suite-12.spec.ts" name="&apos;Extended zero administration portal&apos; &gt; &apos;If we reboot the application, we can …&apos;" time="0.000220208">
            <failure message="expected [ { …(3) }, { …(3) } ] to deeply equal [ { …(3) }, { …(3) }, { …(3) } ]" type="AssertionError">
AssertionError: expected [ { …(3) }, { …(3) } ] to deeply equal [ { …(3) }, { …(3) }, { …(3) } ]

- Expected
+ Received

  [
    {
-     &quot;description&quot;: &quot;Try to calculate the XSS array, maybe it will compress the neural port!&quot;,
-     &quot;message&quot;: &quot;The JSON application is down, copy the cross-platform alarm so we can input the AI feed!&quot;,
-     &quot;summary&quot;: &quot;You can&apos;t navigate the array without calculating the cross-platform GB panel!&quot;,
-   },
-   {
-     &quot;description&quot;: &quot;I&apos;ll parse the 1080p USB firewall, that should bandwidth the SDD circuit!&quot;,
-     &quot;message&quot;: &quot;The RSS transmitter is down, compress the virtual interface so we can input the UDP program!&quot;,
-     &quot;summary&quot;: &quot;We need to hack the cross-platform CLI array!&quot;,
+     &quot;description&quot;: &quot;We need to override the mobile HDD hard drive!&quot;,
+     &quot;message&quot;: &quot;I&apos;ll bypass the back-end JBOD firewall, that should system the OCR array!&quot;,
+     &quot;summary&quot;: &quot;If we index the matrix, we can get to the CSS application through the mobile FTP matrix!&quot;,
    },
    {
-     &quot;description&quot;: &quot;Try to index the XML capacitor, maybe it will index the online panel!&quot;,
-     &quot;message&quot;: &quot;bypassing the sensor won&apos;t do anything, we need to connect the 1080p SDD array!&quot;,
-     &quot;summary&quot;: &quot;If we override the bandwidth, we can get to the AI bandwidth through the haptic DRAM system!&quot;,
+     &quot;description&quot;: &quot;Use the mobile JBOD array, then you can copy the optical hard drive!&quot;,
+     &quot;message&quot;: &quot;We need to compress the optical ASCII sensor!&quot;,
+     &quot;summary&quot;: &quot;If we connect the alarm, we can get to the UTF8 microchip through the bluetooth IB array!&quot;,
    },
  ]

 ❯ src/test-suite-12.spec.ts:21:20
            </failure>
        </testcase>
        <testcase classname="src/test-suite-12.spec.ts" name="&apos;Reverse-engineered impactful time-fra…&apos; &gt; &apos;The COM bandwidth is down, bypass the…&apos;" time="0.000260583">
            <failure message="expected [ { …(3) }, { …(3) }, { …(3) } ] to deeply equal [ { …(3) }, { …(3) }, { …(3) }, …(1) ]" type="AssertionError">
AssertionError: expected [ { …(3) }, { …(3) }, { …(3) } ] to deeply equal [ { …(3) }, { …(3) }, { …(3) }, …(1) ]

- Expected
+ Received

  [
    {
-     &quot;description&quot;: &quot;You can&apos;t index the bandwidth without programming the online XSS alarm!&quot;,
-     &quot;message&quot;: &quot;You can&apos;t back up the card without navigating the redundant CSS matrix!&quot;,
-     &quot;summary&quot;: &quot;Try to synthesize the HEX interface, maybe it will parse the digital circuit!&quot;,
-   },
-   {
-     &quot;description&quot;: &quot;If we connect the application, we can get to the ASCII monitor through the back-end COM port!&quot;,
-     &quot;message&quot;: &quot;You can&apos;t calculate the alarm without programming the primary IB sensor!&quot;,
-     &quot;summary&quot;: &quot;You can&apos;t input the monitor without generating the haptic DRAM hard drive!&quot;,
+     &quot;description&quot;: &quot;We need to connect the redundant ASCII array!&quot;,
+     &quot;message&quot;: &quot;You can&apos;t transmit the sensor without calculating the multi-byte GB alarm!&quot;,
+     &quot;summary&quot;: &quot;parsing the firewall won&apos;t do anything, we need to back up the virtual SDD matrix!&quot;,
    },
    {
-     &quot;description&quot;: &quot;Try to index the ADP protocol, maybe it will override the wireless sensor!&quot;,
-     &quot;message&quot;: &quot;Use the neural SMTP array, then you can override the mobile capacitor!&quot;,
-     &quot;summary&quot;: &quot;Use the haptic FTP driver, then you can program the online alarm!&quot;,
+     &quot;description&quot;: &quot;Use the mobile XSS monitor, then you can transmit the optical sensor!&quot;,
+     &quot;message&quot;: &quot;The IB capacitor is down, hack the virtual alarm so we can generate the PNG card!&quot;,
+     &quot;summary&quot;: &quot;I&apos;ll back up the optical ADP interface, that should firewall the ADP sensor!&quot;,
    },
    {
-     &quot;description&quot;: &quot;If we calculate the array, we can get to the PNG circuit through the cross-platform PNG program!&quot;,
-     &quot;message&quot;: &quot;I&apos;ll hack the mobile IB application, that should firewall the GB driver!&quot;,
-     &quot;summary&quot;: &quot;The SCSI array is down, connect the back-end feed so we can hack the CLI panel!&quot;,
+     &quot;description&quot;: &quot;indexing the hard drive won&apos;t do anything, we need to calculate the bluetooth EXE panel!&quot;,
+     &quot;message&quot;: &quot;We need to reboot the back-end RAM pixel!&quot;,
+     &quot;summary&quot;: &quot;Try to generate the SQL system, maybe it will hack the solid state program!&quot;,
    },
  ]

 ❯ src/test-suite-12.spec.ts:21:20
            </failure>
        </testcase>
        <testcase classname="src/test-suite-12.spec.ts" name="&apos;Reverse-engineered impactful time-fra…&apos; &gt; &apos;transmitting the pixel won\&apos;t do anyt…&apos;" time="0.000035666">
        </testcase>
        <testcase classname="src/test-suite-12.spec.ts" name="&apos;Reverse-engineered impactful time-fra…&apos; &gt; &apos;synthesizing the circuit won\&apos;t do an…&apos;" time="0.000229833">
            <failure message="expected [ { …(3) }, { …(3) }, { …(3) } ] to deeply equal [ { …(3) }, { …(3) }, { …(3) } ]" type="AssertionError">
AssertionError: expected [ { …(3) }, { …(3) }, { …(3) } ] to deeply equal [ { …(3) }, { …(3) }, { …(3) } ]

- Expected
+ Received

  [
    {
-     &quot;description&quot;: &quot;Try to quantify the VGA card, maybe it will navigate the multi-byte array!&quot;,
-     &quot;message&quot;: &quot;Use the virtual SMS capacitor, then you can bypass the digital hard drive!&quot;,
-     &quot;summary&quot;: &quot;We need to back up the mobile ADP hard drive!&quot;,
+     &quot;description&quot;: &quot;If we reboot the bus, we can get to the ASCII sensor through the cross-platform RAM bus!&quot;,
+     &quot;message&quot;: &quot;You can&apos;t hack the array without overriding the optical XML hard drive!&quot;,
+     &quot;summary&quot;: &quot;I&apos;ll index the back-end JBOD driver, that should sensor the ADP panel!&quot;,
    },
    {
-     &quot;description&quot;: &quot;Use the back-end AGP monitor, then you can compress the redundant driver!&quot;,
-     &quot;message&quot;: &quot;The FTP sensor is down, copy the wireless interface so we can parse the ADP transmitter!&quot;,
-     &quot;summary&quot;: &quot;Use the online XSS port, then you can quantify the redundant protocol!&quot;,
+     &quot;description&quot;: &quot;hacking the matrix won&apos;t do anything, we need to calculate the virtual JBOD interface!&quot;,
+     &quot;message&quot;: &quot;I&apos;ll parse the digital AGP capacitor, that should alarm the IB monitor!&quot;,
+     &quot;summary&quot;: &quot;Use the optical HTTP interface, then you can index the optical program!&quot;,
    },
    {
-     &quot;description&quot;: &quot;We need to back up the haptic RSS matrix!&quot;,
-     &quot;message&quot;: &quot;Try to synthesize the ASCII feed, maybe it will override the digital capacitor!&quot;,
-     &quot;summary&quot;: &quot;We need to reboot the haptic HTTP circuit!&quot;,
+     &quot;description&quot;: &quot;We need to hack the optical SAS panel!&quot;,
+     &quot;message&quot;: &quot;We need to generate the wireless COM array!&quot;,
+     &quot;summary&quot;: &quot;Use the primary JSON pixel, then you can reboot the neural driver!&quot;,
    },
  ]

 ❯ src/test-suite-12.spec.ts:21:20
            </failure>
        </testcase>
        <testcase classname="src/test-suite-12.spec.ts" name="&apos;Reverse-engineered impactful time-fra…&apos; &gt; &apos;generating the capacitor won\&apos;t do an…&apos;" time="0.000046458">
        </testcase>
        <testcase classname="src/test-suite-12.spec.ts" name="&apos;Reverse-engineered impactful time-fra…&apos; &gt; &apos;I\&apos;ll quantify the auxiliary HDD matr…&apos;" time="0.000238208">
            <failure message="expected [ { …(3) }, { …(3) }, { …(3) } ] to deeply equal [ { …(3) }, { …(3) }, { …(3) }, …(1) ]" type="AssertionError">
AssertionError: expected [ { …(3) }, { …(3) }, { …(3) } ] to deeply equal [ { …(3) }, { …(3) }, { …(3) }, …(1) ]

- Expected
+ Received

  [
    {
-     &quot;description&quot;: &quot;The TLS sensor is down, navigate the back-end bandwidth so we can compress the USB interface!&quot;,
-     &quot;message&quot;: &quot;You can&apos;t compress the application without indexing the bluetooth HEX monitor!&quot;,
-     &quot;summary&quot;: &quot;Use the haptic HEX firewall, then you can generate the redundant panel!&quot;,
-   },
-   {
-     &quot;description&quot;: &quot;We need to hack the digital ADP monitor!&quot;,
-     &quot;message&quot;: &quot;We need to synthesize the solid state SMS transmitter!&quot;,
-     &quot;summary&quot;: &quot;generating the protocol won&apos;t do anything, we need to input the back-end DNS protocol!&quot;,
+     &quot;description&quot;: &quot;We need to navigate the neural FTP driver!&quot;,
+     &quot;message&quot;: &quot;Use the virtual SAS protocol, then you can parse the wireless interface!&quot;,
+     &quot;summary&quot;: &quot;You can&apos;t connect the array without indexing the cross-platform RSS card!&quot;,
    },
    {
-     &quot;description&quot;: &quot;indexing the sensor won&apos;t do anything, we need to back up the auxiliary IP circuit!&quot;,
-     &quot;message&quot;: &quot;The SMTP panel is down, program the 1080p transmitter so we can compress the RSS bandwidth!&quot;,
-     &quot;summary&quot;: &quot;Use the neural SQL program, then you can hack the open-source circuit!&quot;,
+     &quot;description&quot;: &quot;If we calculate the pixel, we can get to the UDP capacitor through the digital FTP bus!&quot;,
+     &quot;message&quot;: &quot;indexing the protocol won&apos;t do anything, we need to copy the solid state USB transmitter!&quot;,
+     &quot;summary&quot;: &quot;Try to input the COM array, maybe it will reboot the open-source program!&quot;,
    },
    {
-     &quot;description&quot;: &quot;Use the 1080p SCSI card, then you can generate the bluetooth firewall!&quot;,
-     &quot;message&quot;: &quot;We need to transmit the virtual SSD array!&quot;,
-     &quot;summary&quot;: &quot;Try to synthesize the SMTP card, maybe it will hack the haptic system!&quot;,
+     &quot;description&quot;: &quot;If we parse the interface, we can get to the AI monitor through the wireless XML protocol!&quot;,
+     &quot;message&quot;: &quot;Try to quantify the SSL transmitter, maybe it will quantify the mobile protocol!&quot;,
+     &quot;summary&quot;: &quot;Use the haptic API bandwidth, then you can hack the redundant array!&quot;,
    },
  ]

 ❯ src/test-suite-12.spec.ts:21:20
            </failure>
        </testcase>
        <testcase classname="src/test-suite-12.spec.ts" name="&apos;Reverse-engineered impactful time-fra…&apos; &gt; &apos;I\&apos;ll parse the haptic AI array, that…&apos;" time="0.000035041">
        </testcase>
        <testcase classname="src/test-suite-12.spec.ts" name="&apos;Reverse-engineered impactful time-fra…&apos; &gt; &apos;Try to connect the OCR firewall, mayb…&apos;" time="0.000257709">
            <failure message="expected [ { …(3) }, { …(3) }, { …(3) } ] to deeply equal [ { …(3) }, { …(3) }, { …(3) }, …(2) ]" type="AssertionError">
AssertionError: expected [ { …(3) }, { …(3) }, { …(3) } ] to deeply equal [ { …(3) }, { …(3) }, { …(3) }, …(2) ]

- Expected
+ Received

  [
    {
-     &quot;description&quot;: &quot;We need to generate the wireless IP protocol!&quot;,
-     &quot;message&quot;: &quot;Use the online DRAM monitor, then you can connect the wireless matrix!&quot;,
-     &quot;summary&quot;: &quot;The API card is down, compress the haptic alarm so we can bypass the GB port!&quot;,
+     &quot;description&quot;: &quot;I&apos;ll input the bluetooth XSS capacitor, that should application the IP program!&quot;,
+     &quot;message&quot;: &quot;The JBOD bandwidth is down, parse the open-source capacitor so we can back up the API driver!&quot;,
+     &quot;summary&quot;: &quot;Try to copy the AGP program, maybe it will hack the haptic bandwidth!&quot;,
    },
    {
-     &quot;description&quot;: &quot;backing up the system won&apos;t do anything, we need to input the virtual VGA feed!&quot;,
-     &quot;message&quot;: &quot;Use the 1080p CSS array, then you can quantify the virtual bandwidth!&quot;,
-     &quot;summary&quot;: &quot;The CSS transmitter is down, bypass the wireless pixel so we can input the IB alarm!&quot;,
+     &quot;description&quot;: &quot;Use the bluetooth JSON protocol, then you can quantify the digital monitor!&quot;,
+     &quot;message&quot;: &quot;Try to hack the IP matrix, maybe it will connect the neural protocol!&quot;,
+     &quot;summary&quot;: &quot;I&apos;ll synthesize the wireless ASCII firewall, that should driver the USB array!&quot;,
    },
    {
-     &quot;description&quot;: &quot;We need to calculate the neural CSS firewall!&quot;,
-     &quot;message&quot;: &quot;Try to transmit the API microchip, maybe it will program the cross-platform alarm!&quot;,
-     &quot;summary&quot;: &quot;The CLI sensor is down, bypass the redundant firewall so we can input the HDD alarm!&quot;,
-   },
-   {
-     &quot;description&quot;: &quot;We need to copy the bluetooth TLS panel!&quot;,
-     &quot;message&quot;: &quot;You can&apos;t compress the interface without synthesizing the auxiliary PCI circuit!&quot;,
-     &quot;summary&quot;: &quot;programming the alarm won&apos;t do anything, we need to calculate the digital OCR protocol!&quot;,
-   },
-   {
-     &quot;description&quot;: &quot;The DRAM driver is down, index the redundant sensor so we can input the PCI bus!&quot;,
-     &quot;message&quot;: &quot;connecting the driver won&apos;t do anything, we need to parse the optical GB monitor!&quot;,
-     &quot;summary&quot;: &quot;I&apos;ll synthesize the multi-byte AGP circuit, that should port the USB port!&quot;,
+     &quot;description&quot;: &quot;indexing the pixel won&apos;t do anything, we need to hack the digital AI bandwidth!&quot;,
+     &quot;message&quot;: &quot;The SCSI bus is down, program the bluetooth application so we can override the DRAM bandwidth!&quot;,
+     &quot;summary&quot;: &quot;Use the cross-platform THX circuit, then you can synthesize the auxiliary application!&quot;,
    },
  ]

 ❯ src/test-suite-12.spec.ts:21:20
            </failure>
        </testcase>
        <testcase classname="src/test-suite-12.spec.ts" name="&apos;Reverse-engineered impactful time-fra…&apos; &gt; &apos;The HEX interface is down, hack the o…&apos;" time="0.00005575">
        </testcase>
        <testcase classname="src/test-suite-12.spec.ts" name="&apos;Reverse-engineered impactful time-fra…&apos; &gt; &apos;You can\&apos;t input the array without ge…&apos;" time="0.000234666">
            <failure message="expected [ { …(3) }, { …(3) }, { …(3) }, …(1) ] to deeply equal [ { …(3) }, { …(3) }, { …(3) } ]" type="AssertionError">
AssertionError: expected [ { …(3) }, { …(3) }, { …(3) }, …(1) ] to deeply equal [ { …(3) }, { …(3) }, { …(3) } ]

- Expected
+ Received

  [
    {
-     &quot;description&quot;: &quot;We need to navigate the virtual GB driver!&quot;,
-     &quot;message&quot;: &quot;Try to program the IB interface, maybe it will copy the haptic driver!&quot;,
-     &quot;summary&quot;: &quot;If we bypass the port, we can get to the CLI port through the open-source HEX interface!&quot;,
+     &quot;description&quot;: &quot;We need to calculate the solid state COM bandwidth!&quot;,
+     &quot;message&quot;: &quot;You can&apos;t transmit the transmitter without backing up the cross-platform AI matrix!&quot;,
+     &quot;summary&quot;: &quot;The TCP array is down, synthesize the primary card so we can hack the SQL array!&quot;,
+   },
+   {
+     &quot;description&quot;: &quot;You can&apos;t connect the capacitor without parsing the primary SDD driver!&quot;,
+     &quot;message&quot;: &quot;transmitting the array won&apos;t do anything, we need to back up the redundant TLS feed!&quot;,
+     &quot;summary&quot;: &quot;calculating the bandwidth won&apos;t do anything, we need to input the mobile PCI bandwidth!&quot;,
    },
    {
-     &quot;description&quot;: &quot;I&apos;ll connect the optical JBOD capacitor, that should monitor the HEX application!&quot;,
-     &quot;message&quot;: &quot;We need to navigate the back-end CLI transmitter!&quot;,
-     &quot;summary&quot;: &quot;copying the alarm won&apos;t do anything, we need to copy the cross-platform DNS sensor!&quot;,
+     &quot;description&quot;: &quot;If we index the matrix, we can get to the JBOD monitor through the cross-platform SMTP application!&quot;,
+     &quot;message&quot;: &quot;You can&apos;t copy the firewall without navigating the optical RAM hard drive!&quot;,
+     &quot;summary&quot;: &quot;Try to connect the TLS array, maybe it will generate the primary system!&quot;,
    },
    {
-     &quot;description&quot;: &quot;We need to quantify the cross-platform SQL firewall!&quot;,
-     &quot;message&quot;: &quot;The RSS monitor is down, connect the auxiliary hard drive so we can compress the SMS program!&quot;,
-     &quot;summary&quot;: &quot;The JBOD alarm is down, program the digital driver so we can bypass the HEX feed!&quot;,
+     &quot;description&quot;: &quot;You can&apos;t program the protocol without synthesizing the bluetooth XML protocol!&quot;,
+     &quot;message&quot;: &quot;The SAS hard drive is down, quantify the optical feed so we can compress the COM circuit!&quot;,
+     &quot;summary&quot;: &quot;If we copy the card, we can get to the AI firewall through the wireless ASCII sensor!&quot;,
    },
  ]

 ❯ src/test-suite-12.spec.ts:21:20
            </failure>
        </testcase>
        <testcase classname="src/test-suite-12.spec.ts" name="&apos;Reverse-engineered impactful time-fra…&apos; &gt; &apos;Use the redundant SSL system, then yo…&apos;" time="0.000049875">
        </testcase>
        <testcase classname="src/test-suite-12.spec.ts" name="&apos;Reverse-engineered impactful time-fra…&apos; &gt; &apos;Use the multi-byte HDD monitor, then …&apos;" time="0.000233458">
            <failure message="expected [ { …(3) }, { …(3) } ] to deeply equal [ { …(3) }, { …(3) }, { …(3) }, …(2) ]" type="AssertionError">
AssertionError: expected [ { …(3) }, { …(3) } ] to deeply equal [ { …(3) }, { …(3) }, { …(3) }, …(2) ]

- Expected
+ Received

  [
    {
-     &quot;description&quot;: &quot;If we bypass the sensor, we can get to the JSON bus through the bluetooth EXE alarm!&quot;,
-     &quot;message&quot;: &quot;The USB transmitter is down, parse the haptic sensor so we can override the HEX capacitor!&quot;,
-     &quot;summary&quot;: &quot;The USB transmitter is down, input the virtual alarm so we can back up the DNS matrix!&quot;,
-   },
-   {
-     &quot;description&quot;: &quot;Use the wireless CLI array, then you can generate the auxiliary hard drive!&quot;,
-     &quot;message&quot;: &quot;If we back up the bus, we can get to the HEX protocol through the auxiliary SSL circuit!&quot;,
-     &quot;summary&quot;: &quot;I&apos;ll parse the online EXE sensor, that should monitor the AGP system!&quot;,
-   },
-   {
-     &quot;description&quot;: &quot;The XML interface is down, bypass the auxiliary interface so we can connect the SQL sensor!&quot;,
-     &quot;message&quot;: &quot;If we navigate the firewall, we can get to the SAS interface through the online API bandwidth!&quot;,
-     &quot;summary&quot;: &quot;If we back up the protocol, we can get to the SCSI transmitter through the online SSL circuit!&quot;,
-   },
-   {
-     &quot;description&quot;: &quot;calculating the bus won&apos;t do anything, we need to generate the cross-platform TLS application!&quot;,
-     &quot;message&quot;: &quot;I&apos;ll parse the solid state TLS alarm, that should bus the SDD microchip!&quot;,
-     &quot;summary&quot;: &quot;Try to reboot the IP bus, maybe it will bypass the bluetooth sensor!&quot;,
+     &quot;description&quot;: &quot;If we navigate the card, we can get to the TLS feed through the bluetooth HDD panel!&quot;,
+     &quot;message&quot;: &quot;copying the firewall won&apos;t do anything, we need to hack the open-source COM alarm!&quot;,
+     &quot;summary&quot;: &quot;The ASCII transmitter is down, transmit the 1080p protocol so we can navigate the AI hard drive!&quot;,
    },
    {
-     &quot;description&quot;: &quot;Use the wireless PNG bus, then you can copy the cross-platform application!&quot;,
-     &quot;message&quot;: &quot;Use the virtual SCSI array, then you can copy the auxiliary bandwidth!&quot;,
-     &quot;summary&quot;: &quot;If we parse the port, we can get to the SQL capacitor through the solid state IB bus!&quot;,
+     &quot;description&quot;: &quot;You can&apos;t bypass the microchip without quantifying the online TCP monitor!&quot;,
+     &quot;message&quot;: &quot;synthesizing the hard drive won&apos;t do anything, we need to synthesize the primary DRAM circuit!&quot;,
+     &quot;summary&quot;: &quot;Try to hack the IP protocol, maybe it will override the cross-platform port!&quot;,
    },
  ]

 ❯ src/test-suite-12.spec.ts:21:20
            </failure>
        </testcase>
        <testcase classname="src/test-suite-12.spec.ts" name="&apos;Reverse-engineered impactful time-fra…&apos; &gt; &apos;indexing the protocol won\&apos;t do anyth…&apos;" time="0.000054792">
        </testcase>
        <testcase classname="src/test-suite-12.spec.ts" name="&apos;Reverse-engineered impactful time-fra…&apos; &gt; &apos;You can\&apos;t copy the system without in…&apos;" time="0.000238458">
            <failure message="expected [ { …(3) }, { …(3) }, { …(3) } ] to deeply equal [ { …(3) }, { …(3) }, { …(3) }, …(1) ]" type="AssertionError">
AssertionError: expected [ { …(3) }, { …(3) }, { …(3) } ] to deeply equal [ { …(3) }, { …(3) }, { …(3) }, …(1) ]

- Expected
+ Received

  [
    {
-     &quot;description&quot;: &quot;You can&apos;t navigate the program without transmitting the online CSS matrix!&quot;,
-     &quot;message&quot;: &quot;copying the bandwidth won&apos;t do anything, we need to index the mobile SSL circuit!&quot;,
-     &quot;summary&quot;: &quot;compressing the application won&apos;t do anything, we need to transmit the neural DNS pixel!&quot;,
-   },
-   {
-     &quot;description&quot;: &quot;I&apos;ll generate the 1080p SSD pixel, that should system the PNG monitor!&quot;,
-     &quot;message&quot;: &quot;The IB system is down, override the mobile bus so we can index the FTP transmitter!&quot;,
-     &quot;summary&quot;: &quot;Use the digital DNS circuit, then you can calculate the optical system!&quot;,
+     &quot;description&quot;: &quot;overriding the hard drive won&apos;t do anything, we need to reboot the 1080p COM card!&quot;,
+     &quot;message&quot;: &quot;Use the bluetooth SAS pixel, then you can hack the haptic system!&quot;,
+     &quot;summary&quot;: &quot;The UTF8 card is down, back up the neural card so we can generate the CLI bandwidth!&quot;,
    },
    {
-     &quot;description&quot;: &quot;The SAS application is down, index the multi-byte card so we can program the UTF8 panel!&quot;,
-     &quot;message&quot;: &quot;You can&apos;t connect the interface without connecting the optical AGP microchip!&quot;,
-     &quot;summary&quot;: &quot;We need to parse the digital SQL alarm!&quot;,
+     &quot;description&quot;: &quot;We need to reboot the back-end SAS capacitor!&quot;,
+     &quot;message&quot;: &quot;I&apos;ll index the digital XSS panel, that should feed the HDD firewall!&quot;,
+     &quot;summary&quot;: &quot;Use the back-end UTF8 firewall, then you can hack the digital application!&quot;,
    },
    {
-     &quot;description&quot;: &quot;compressing the bandwidth won&apos;t do anything, we need to input the online SSD feed!&quot;,
-     &quot;message&quot;: &quot;The RSS sensor is down, compress the open-source transmitter so we can hack the XSS card!&quot;,
-     &quot;summary&quot;: &quot;Try to transmit the USB capacitor, maybe it will index the open-source feed!&quot;,
+     &quot;description&quot;: &quot;The SMS alarm is down, index the haptic interface so we can bypass the PCI sensor!&quot;,
+     &quot;message&quot;: &quot;You can&apos;t bypass the array without connecting the mobile HEX hard drive!&quot;,
+     &quot;summary&quot;: &quot;Use the bluetooth FTP alarm, then you can synthesize the online panel!&quot;,
    },
  ]

 ❯ src/test-suite-12.spec.ts:21:20
            </failure>
        </testcase>
        <testcase classname="src/test-suite-12.spec.ts" name="&apos;Reverse-engineered impactful time-fra…&apos; &gt; &apos;I\&apos;ll compress the cross-platform FTP…&apos;" time="0.000046">
        </testcase>
        <testcase classname="src/test-suite-12.spec.ts" name="&apos;Reverse-engineered impactful time-fra…&apos; &gt; &apos;Try to input the SDD feed, maybe it w…&apos;" time="0.000195042">
            <failure message="expected [ { …(3) }, { …(3) }, { …(3) } ] to deeply equal [ { …(3) }, { …(3) } ]" type="AssertionError">
AssertionError: expected [ { …(3) }, { …(3) }, { …(3) } ] to deeply equal [ { …(3) }, { …(3) } ]

- Expected
+ Received

  [
    {
-     &quot;description&quot;: &quot;Use the mobile API panel, then you can bypass the haptic driver!&quot;,
-     &quot;message&quot;: &quot;I&apos;ll hack the solid state RAM capacitor, that should array the UDP bandwidth!&quot;,
-     &quot;summary&quot;: &quot;I&apos;ll quantify the bluetooth CSS monitor, that should port the PNG firewall!&quot;,
+     &quot;description&quot;: &quot;We need to compress the multi-byte ASCII card!&quot;,
+     &quot;message&quot;: &quot;I&apos;ll override the bluetooth RAM pixel, that should protocol the JSON pixel!&quot;,
+     &quot;summary&quot;: &quot;Use the virtual HTTP port, then you can reboot the virtual feed!&quot;,
+   },
+   {
+     &quot;description&quot;: &quot;We need to transmit the cross-platform OCR driver!&quot;,
+     &quot;message&quot;: &quot;If we reboot the interface, we can get to the VGA pixel through the virtual XSS hard drive!&quot;,
+     &quot;summary&quot;: &quot;You can&apos;t program the port without connecting the digital TCP matrix!&quot;,
    },
    {
-     &quot;description&quot;: &quot;quantifying the capacitor won&apos;t do anything, we need to quantify the neural RSS application!&quot;,
-     &quot;message&quot;: &quot;If we calculate the monitor, we can get to the SAS matrix through the wireless RAM pixel!&quot;,
-     &quot;summary&quot;: &quot;Use the back-end SSL microchip, then you can index the virtual hard drive!&quot;,
+     &quot;description&quot;: &quot;You can&apos;t override the bus without compressing the 1080p ADP program!&quot;,
+     &quot;message&quot;: &quot;We need to index the redundant SQL alarm!&quot;,
+     &quot;summary&quot;: &quot;I&apos;ll navigate the multi-byte CSS capacitor, that should bandwidth the API hard drive!&quot;,
    },
  ]

 ❯ src/test-suite-12.spec.ts:21:20
            </failure>
        </testcase>
        <testcase classname="src/test-suite-12.spec.ts" name="&apos;Reverse-engineered impactful time-fra…&apos; &gt; &apos;You can\&apos;t quantify the bus without c…&apos;" time="0.000035875">
        </testcase>
        <testcase classname="src/test-suite-12.spec.ts" name="&apos;Reverse-engineered impactful time-fra…&apos; &gt; &apos;We need to program the virtual SMTP p…&apos;" time="0.000265292">
            <failure message="expected [ { …(3) }, { …(3) }, { …(3) }, …(1) ] to deeply equal [ { …(3) }, { …(3) }, { …(3) }, …(1) ]" type="AssertionError">
AssertionError: expected [ { …(3) }, { …(3) }, { …(3) }, …(1) ] to deeply equal [ { …(3) }, { …(3) }, { …(3) }, …(1) ]

- Expected
+ Received

  [
    {
-     &quot;description&quot;: &quot;If we override the sensor, we can get to the HEX protocol through the open-source CSS port!&quot;,
-     &quot;message&quot;: &quot;You can&apos;t compress the card without bypassing the optical SDD microchip!&quot;,
-     &quot;summary&quot;: &quot;You can&apos;t copy the sensor without transmitting the bluetooth SMTP driver!&quot;,
+     &quot;description&quot;: &quot;The COM bus is down, index the wireless feed so we can reboot the FTP pixel!&quot;,
+     &quot;message&quot;: &quot;We need to parse the haptic UDP capacitor!&quot;,
+     &quot;summary&quot;: &quot;Try to synthesize the VGA panel, maybe it will index the digital sensor!&quot;,
    },
    {
-     &quot;description&quot;: &quot;We need to copy the haptic SMS array!&quot;,
-     &quot;message&quot;: &quot;We need to transmit the optical API circuit!&quot;,
-     &quot;summary&quot;: &quot;If we input the application, we can get to the SSD protocol through the online THX matrix!&quot;,
+     &quot;description&quot;: &quot;I&apos;ll calculate the redundant HEX matrix, that should microchip the DNS driver!&quot;,
+     &quot;message&quot;: &quot;Use the open-source TLS driver, then you can hack the wireless panel!&quot;,
+     &quot;summary&quot;: &quot;The DNS firewall is down, reboot the virtual transmitter so we can transmit the AI program!&quot;,
    },
    {
-     &quot;description&quot;: &quot;Use the open-source SSL program, then you can generate the wireless interface!&quot;,
-     &quot;message&quot;: &quot;Try to calculate the SDD circuit, maybe it will program the optical microchip!&quot;,
-     &quot;summary&quot;: &quot;The GB system is down, index the multi-byte panel so we can transmit the HTTP feed!&quot;,
+     &quot;description&quot;: &quot;We need to hack the virtual DNS bandwidth!&quot;,
+     &quot;message&quot;: &quot;Use the optical CSS system, then you can program the haptic program!&quot;,
+     &quot;summary&quot;: &quot;If we override the transmitter, we can get to the VGA bandwidth through the virtual HEX firewall!&quot;,
    },
    {
-     &quot;description&quot;: &quot;Try to reboot the DRAM capacitor, maybe it will hack the digital interface!&quot;,
-     &quot;message&quot;: &quot;Try to compress the PCI firewall, maybe it will program the neural microchip!&quot;,
-     &quot;summary&quot;: &quot;The RAM matrix is down, synthesize the primary matrix so we can parse the XML microchip!&quot;,
+     &quot;description&quot;: &quot;The PCI bus is down, back up the optical array so we can transmit the API system!&quot;,
+     &quot;message&quot;: &quot;You can&apos;t synthesize the interface without transmitting the bluetooth PNG hard drive!&quot;,
+     &quot;summary&quot;: &quot;We need to parse the cross-platform API pixel!&quot;,
    },
  ]

 ❯ src/test-suite-12.spec.ts:21:20
            </failure>
        </testcase>
        <testcase classname="src/test-suite-12.spec.ts" name="&apos;Reverse-engineered impactful time-fra…&apos; &gt; &apos;If we program the firewall, we can ge…&apos;" time="0.000046084">
        </testcase>
        <testcase classname="src/test-suite-12.spec.ts" name="&apos;Reverse-engineered impactful time-fra…&apos; &gt; &apos;We need to navigate the back-end IP c…&apos;" time="0.000248458">
            <failure message="expected [ { …(3) }, { …(3) }, { …(3) } ] to deeply equal [ { …(3) }, { …(3) }, { …(3) }, …(1) ]" type="AssertionError">
AssertionError: expected [ { …(3) }, { …(3) }, { …(3) } ] to deeply equal [ { …(3) }, { …(3) }, { …(3) }, …(1) ]

- Expected
+ Received

  [
    {
-     &quot;description&quot;: &quot;Try to compress the SCSI firewall, maybe it will quantify the back-end feed!&quot;,
-     &quot;message&quot;: &quot;Use the multi-byte UDP application, then you can calculate the auxiliary monitor!&quot;,
-     &quot;summary&quot;: &quot;You can&apos;t program the application without transmitting the virtual JBOD capacitor!&quot;,
-   },
-   {
-     &quot;description&quot;: &quot;If we compress the transmitter, we can get to the UDP microchip through the redundant ADP firewall!&quot;,
-     &quot;message&quot;: &quot;Try to synthesize the AGP monitor, maybe it will bypass the optical pixel!&quot;,
-     &quot;summary&quot;: &quot;You can&apos;t synthesize the driver without backing up the redundant SCSI matrix!&quot;,
+     &quot;description&quot;: &quot;We need to bypass the redundant CLI monitor!&quot;,
+     &quot;message&quot;: &quot;Use the multi-byte CSS port, then you can parse the 1080p card!&quot;,
+     &quot;summary&quot;: &quot;Use the haptic SCSI circuit, then you can index the neural hard drive!&quot;,
    },
    {
-     &quot;description&quot;: &quot;I&apos;ll synthesize the solid state SSD application, that should circuit the USB transmitter!&quot;,
-     &quot;message&quot;: &quot;The SSD circuit is down, compress the mobile matrix so we can input the EXE driver!&quot;,
-     &quot;summary&quot;: &quot;I&apos;ll parse the haptic OCR firewall, that should card the HEX matrix!&quot;,
+     &quot;description&quot;: &quot;Try to hack the SMTP bandwidth, maybe it will generate the virtual system!&quot;,
+     &quot;message&quot;: &quot;You can&apos;t navigate the program without bypassing the back-end TCP alarm!&quot;,
+     &quot;summary&quot;: &quot;I&apos;ll compress the back-end USB transmitter, that should pixel the VGA bus!&quot;,
    },
    {
-     &quot;description&quot;: &quot;synthesizing the application won&apos;t do anything, we need to navigate the haptic COM bus!&quot;,
-     &quot;message&quot;: &quot;indexing the pixel won&apos;t do anything, we need to parse the 1080p PCI feed!&quot;,
-     &quot;summary&quot;: &quot;I&apos;ll back up the neural PNG panel, that should alarm the USB transmitter!&quot;,
+     &quot;description&quot;: &quot;I&apos;ll compress the optical XML hard drive, that should microchip the SSL firewall!&quot;,
+     &quot;message&quot;: &quot;I&apos;ll hack the mobile HTTP interface, that should sensor the FTP bandwidth!&quot;,
+     &quot;summary&quot;: &quot;The CLI array is down, index the auxiliary microchip so we can override the RAM system!&quot;,
    },
  ]

 ❯ src/test-suite-12.spec.ts:21:20
            </failure>
        </testcase>
        <testcase classname="src/test-suite-12.spec.ts" name="&apos;Reverse-engineered impactful time-fra…&apos; &gt; &apos;If we calculate the panel, we can get…&apos;" time="0.000050333">
        </testcase>
        <testcase classname="src/test-suite-12.spec.ts" name="&apos;Reverse-engineered impactful time-fra…&apos; &gt; &apos;We need to bypass the redundant SCSI …&apos;" time="0.000279667">
            <failure message="expected [ { …(3) }, { …(3) }, { …(3) } ] to deeply equal [ { …(3) }, { …(3) }, { …(3) }, …(2) ]" type="AssertionError">
AssertionError: expected [ { …(3) }, { …(3) }, { …(3) } ] to deeply equal [ { …(3) }, { …(3) }, { …(3) }, …(2) ]

- Expected
+ Received

  [
    {
-     &quot;description&quot;: &quot;Use the haptic API panel, then you can quantify the auxiliary firewall!&quot;,
-     &quot;message&quot;: &quot;Use the open-source SSL panel, then you can navigate the bluetooth circuit!&quot;,
-     &quot;summary&quot;: &quot;I&apos;ll calculate the neural SAS system, that should port the DRAM alarm!&quot;,
+     &quot;description&quot;: &quot;Use the solid state HDD bus, then you can generate the redundant bus!&quot;,
+     &quot;message&quot;: &quot;Try to input the ASCII panel, maybe it will hack the digital matrix!&quot;,
+     &quot;summary&quot;: &quot;If we hack the bandwidth, we can get to the SAS circuit through the online PNG port!&quot;,
    },
    {
-     &quot;description&quot;: &quot;I&apos;ll hack the haptic DNS port, that should panel the HTTP hard drive!&quot;,
-     &quot;message&quot;: &quot;If we parse the firewall, we can get to the FTP capacitor through the open-source USB card!&quot;,
-     &quot;summary&quot;: &quot;If we parse the pixel, we can get to the THX pixel through the wireless PNG port!&quot;,
+     &quot;description&quot;: &quot;You can&apos;t index the firewall without quantifying the bluetooth OCR alarm!&quot;,
+     &quot;message&quot;: &quot;Use the back-end ASCII monitor, then you can quantify the 1080p application!&quot;,
+     &quot;summary&quot;: &quot;You can&apos;t input the hard drive without backing up the optical EXE program!&quot;,
    },
    {
-     &quot;description&quot;: &quot;You can&apos;t hack the card without quantifying the primary OCR system!&quot;,
-     &quot;message&quot;: &quot;The GB array is down, transmit the virtual alarm so we can input the OCR card!&quot;,
-     &quot;summary&quot;: &quot;parsing the monitor won&apos;t do anything, we need to parse the online PNG microchip!&quot;,
-   },
-   {
-     &quot;description&quot;: &quot;We need to override the auxiliary RSS bus!&quot;,
-     &quot;message&quot;: &quot;The CLI matrix is down, generate the bluetooth sensor so we can reboot the XML panel!&quot;,
-     &quot;summary&quot;: &quot;Use the haptic IP program, then you can calculate the auxiliary capacitor!&quot;,
-   },
-   {
-     &quot;description&quot;: &quot;copying the monitor won&apos;t do anything, we need to compress the redundant SDD sensor!&quot;,
-     &quot;message&quot;: &quot;If we parse the firewall, we can get to the SDD firewall through the optical JSON feed!&quot;,
-     &quot;summary&quot;: &quot;The OCR program is down, connect the wireless interface so we can calculate the SAS card!&quot;,
+     &quot;description&quot;: &quot;You can&apos;t program the microchip without navigating the wireless PNG driver!&quot;,
+     &quot;message&quot;: &quot;You can&apos;t program the microchip without copying the 1080p EXE firewall!&quot;,
+     &quot;summary&quot;: &quot;We need to index the redundant UTF8 bus!&quot;,
    },
  ]

 ❯ src/test-suite-12.spec.ts:21:20
            </failure>
        </testcase>
        <testcase classname="src/test-suite-12.spec.ts" name="&apos;Reverse-engineered impactful time-fra…&apos; &gt; &apos;The HDD application is down, transmit…&apos;" time="0.00003625">
        </testcase>
        <testcase classname="src/test-suite-12.spec.ts" name="&apos;Reverse-engineered impactful time-fra…&apos; &gt; &apos;If we synthesize the card, we can get…&apos;" time="0.000208666">
            <failure message="expected [ { …(3) }, { …(3) }, { …(3) } ] to deeply equal [ { …(3) }, { …(3) } ]" type="AssertionError">
AssertionError: expected [ { …(3) }, { …(3) }, { …(3) } ] to deeply equal [ { …(3) }, { …(3) } ]

- Expected
+ Received

  [
    {
-     &quot;description&quot;: &quot;The SSL alarm is down, back up the digital panel so we can transmit the XML port!&quot;,
-     &quot;message&quot;: &quot;We need to index the digital IP feed!&quot;,
-     &quot;summary&quot;: &quot;We need to transmit the haptic JBOD feed!&quot;,
+     &quot;description&quot;: &quot;You can&apos;t compress the array without backing up the optical DNS panel!&quot;,
+     &quot;message&quot;: &quot;overriding the transmitter won&apos;t do anything, we need to quantify the wireless AGP capacitor!&quot;,
+     &quot;summary&quot;: &quot;I&apos;ll bypass the neural SCSI panel, that should interface the SSD microchip!&quot;,
+   },
+   {
+     &quot;description&quot;: &quot;Use the online THX panel, then you can navigate the cross-platform feed!&quot;,
+     &quot;message&quot;: &quot;If we compress the sensor, we can get to the SAS monitor through the back-end PNG card!&quot;,
+     &quot;summary&quot;: &quot;overriding the transmitter won&apos;t do anything, we need to compress the open-source IP microchip!&quot;,
    },
    {
-     &quot;description&quot;: &quot;Try to calculate the DNS microchip, maybe it will connect the bluetooth bus!&quot;,
-     &quot;message&quot;: &quot;You can&apos;t program the system without generating the multi-byte API circuit!&quot;,
-     &quot;summary&quot;: &quot;If we synthesize the monitor, we can get to the CLI microchip through the solid state SDD panel!&quot;,
+     &quot;description&quot;: &quot;The SSD interface is down, calculate the cross-platform bandwidth so we can compress the JBOD bandwidth!&quot;,
+     &quot;message&quot;: &quot;synthesizing the firewall won&apos;t do anything, we need to calculate the bluetooth API firewall!&quot;,
+     &quot;summary&quot;: &quot;We need to bypass the auxiliary IB firewall!&quot;,
    },
  ]

 ❯ src/test-suite-12.spec.ts:21:20
            </failure>
        </testcase>
        <testcase classname="src/test-suite-12.spec.ts" name="&apos;Reverse-engineered impactful time-fra…&apos; &gt; &apos;You can\&apos;t quantify the program witho…&apos;" time="0.000041541">
        </testcase>
        <testcase classname="src/test-suite-12.spec.ts" name="&apos;Reverse-engineered impactful time-fra…&apos; &gt; &apos;navigating the system won\&apos;t do anyth…&apos;" time="0.000268209">
            <failure message="expected [ { …(3) }, { …(3) } ] to deeply equal [ { …(3) }, { …(3) }, { …(3) }, …(1) ]" type="AssertionError">
AssertionError: expected [ { …(3) }, { …(3) } ] to deeply equal [ { …(3) }, { …(3) }, { …(3) }, …(1) ]

- Expected
+ Received

  [
    {
-     &quot;description&quot;: &quot;The GB bandwidth is down, navigate the auxiliary card so we can hack the EXE circuit!&quot;,
-     &quot;message&quot;: &quot;We need to hack the cross-platform API monitor!&quot;,
-     &quot;summary&quot;: &quot;Try to copy the SSL port, maybe it will index the optical card!&quot;,
+     &quot;description&quot;: &quot;We need to back up the 1080p HEX alarm!&quot;,
+     &quot;message&quot;: &quot;If we program the port, we can get to the UTF8 microchip through the cross-platform COM interface!&quot;,
+     &quot;summary&quot;: &quot;Use the bluetooth ASCII protocol, then you can calculate the cross-platform protocol!&quot;,
    },
    {
-     &quot;description&quot;: &quot;I&apos;ll copy the open-source THX array, that should interface the COM panel!&quot;,
-     &quot;message&quot;: &quot;Use the 1080p HDD panel, then you can program the wireless matrix!&quot;,
-     &quot;summary&quot;: &quot;Use the multi-byte HEX alarm, then you can reboot the open-source port!&quot;,
-   },
-   {
-     &quot;description&quot;: &quot;We need to quantify the auxiliary PCI card!&quot;,
-     &quot;message&quot;: &quot;We need to back up the 1080p HDD alarm!&quot;,
-     &quot;summary&quot;: &quot;Try to generate the IB system, maybe it will copy the cross-platform transmitter!&quot;,
-   },
-   {
-     &quot;description&quot;: &quot;indexing the array won&apos;t do anything, we need to generate the haptic CLI transmitter!&quot;,
-     &quot;message&quot;: &quot;The SDD card is down, transmit the online capacitor so we can compress the TLS hard drive!&quot;,
-     &quot;summary&quot;: &quot;Use the optical THX card, then you can reboot the mobile card!&quot;,
+     &quot;description&quot;: &quot;You can&apos;t copy the bus without transmitting the haptic AGP interface!&quot;,
+     &quot;message&quot;: &quot;The SQL microchip is down, program the wireless program so we can synthesize the JSON circuit!&quot;,
+     &quot;summary&quot;: &quot;You can&apos;t program the card without transmitting the bluetooth DNS transmitter!&quot;,
    },
  ]

 ❯ src/test-suite-12.spec.ts:21:20
            </failure>
        </testcase>
        <testcase classname="src/test-suite-12.spec.ts" name="&apos;Reverse-engineered impactful time-fra…&apos; &gt; &apos;If we index the matrix, we can get to…&apos;" time="0.000056708">
        </testcase>
        <testcase classname="src/test-suite-12.spec.ts" name="&apos;Reverse-engineered impactful time-fra…&apos; &gt; &apos;You can\&apos;t calculate the capacitor wi…&apos;" time="0.0002845">
            <failure message="expected [ { …(3) }, { …(3) }, { …(3) } ] to deeply equal [ { …(3) }, { …(3) }, { …(3) }, …(2) ]" type="AssertionError">
AssertionError: expected [ { …(3) }, { …(3) }, { …(3) } ] to deeply equal [ { …(3) }, { …(3) }, { …(3) }, …(2) ]

- Expected
+ Received

  [
    {
-     &quot;description&quot;: &quot;Use the wireless THX array, then you can input the primary program!&quot;,
-     &quot;message&quot;: &quot;If we override the bus, we can get to the SQL application through the primary EXE firewall!&quot;,
-     &quot;summary&quot;: &quot;Try to program the SAS firewall, maybe it will reboot the optical bus!&quot;,
+     &quot;description&quot;: &quot;Use the multi-byte DRAM bus, then you can quantify the bluetooth card!&quot;,
+     &quot;message&quot;: &quot;Use the digital UDP bandwidth, then you can reboot the online array!&quot;,
+     &quot;summary&quot;: &quot;You can&apos;t navigate the interface without connecting the online RSS monitor!&quot;,
    },
    {
-     &quot;description&quot;: &quot;You can&apos;t compress the array without quantifying the wireless SSL bandwidth!&quot;,
-     &quot;message&quot;: &quot;Try to compress the AGP driver, maybe it will parse the back-end program!&quot;,
-     &quot;summary&quot;: &quot;We need to connect the open-source PNG bandwidth!&quot;,
+     &quot;description&quot;: &quot;If we index the driver, we can get to the CSS card through the open-source RAM alarm!&quot;,
+     &quot;message&quot;: &quot;I&apos;ll input the haptic API monitor, that should circuit the CSS capacitor!&quot;,
+     &quot;summary&quot;: &quot;We need to program the bluetooth VGA alarm!&quot;,
    },
    {
-     &quot;description&quot;: &quot;The IP pixel is down, synthesize the online protocol so we can program the CLI monitor!&quot;,
-     &quot;message&quot;: &quot;Use the solid state HTTP system, then you can input the open-source capacitor!&quot;,
-     &quot;summary&quot;: &quot;Try to copy the JBOD protocol, maybe it will parse the digital interface!&quot;,
-   },
-   {
-     &quot;description&quot;: &quot;Use the solid state ASCII monitor, then you can hack the bluetooth sensor!&quot;,
-     &quot;message&quot;: &quot;You can&apos;t calculate the bandwidth without connecting the auxiliary XSS feed!&quot;,
-     &quot;summary&quot;: &quot;If we bypass the application, we can get to the CSS monitor through the online SMS interface!&quot;,
-   },
-   {
-     &quot;description&quot;: &quot;We need to override the virtual GB matrix!&quot;,
-     &quot;message&quot;: &quot;The THX panel is down, bypass the 1080p transmitter so we can connect the AGP card!&quot;,
-     &quot;summary&quot;: &quot;You can&apos;t navigate the feed without bypassing the open-source ASCII panel!&quot;,
+     &quot;description&quot;: &quot;Try to back up the RAM array, maybe it will quantify the digital protocol!&quot;,
+     &quot;message&quot;: &quot;Try to index the RAM driver, maybe it will connect the optical matrix!&quot;,
+     &quot;summary&quot;: &quot;Try to reboot the HEX program, maybe it will back up the haptic feed!&quot;,
    },
  ]

 ❯ src/test-suite-12.spec.ts:21:20
            </failure>
        </testcase>
        <testcase classname="src/test-suite-12.spec.ts" name="&apos;Reverse-engineered impactful time-fra…&apos; &gt; &apos;You can\&apos;t reboot the system without …&apos;" time="0.000038209">
        </testcase>
        <testcase classname="src/test-suite-12.spec.ts" name="&apos;Reverse-engineered impactful time-fra…&apos; &gt; &apos;Use the virtual JBOD bus, then you ca…&apos;" time="0.000236125">
            <failure message="expected [ { …(3) }, { …(3) } ] to deeply equal [ { …(3) }, { …(3) }, { …(3) }, …(1) ]" type="AssertionError">
AssertionError: expected [ { …(3) }, { …(3) } ] to deeply equal [ { …(3) }, { …(3) }, { …(3) }, …(1) ]

- Expected
+ Received

  [
    {
-     &quot;description&quot;: &quot;Use the multi-byte XML transmitter, then you can compress the mobile port!&quot;,
-     &quot;message&quot;: &quot;We need to compress the bluetooth SSL driver!&quot;,
-     &quot;summary&quot;: &quot;copying the program won&apos;t do anything, we need to synthesize the optical ASCII bus!&quot;,
+     &quot;description&quot;: &quot;The CLI hard drive is down, navigate the cross-platform array so we can generate the XSS monitor!&quot;,
+     &quot;message&quot;: &quot;You can&apos;t parse the transmitter without connecting the solid state SDD program!&quot;,
+     &quot;summary&quot;: &quot;The HTTP hard drive is down, navigate the online port so we can connect the IB port!&quot;,
    },
    {
-     &quot;description&quot;: &quot;The IB alarm is down, hack the bluetooth microchip so we can parse the IP port!&quot;,
-     &quot;message&quot;: &quot;parsing the firewall won&apos;t do anything, we need to bypass the mobile PCI port!&quot;,
-     &quot;summary&quot;: &quot;I&apos;ll transmit the auxiliary VGA circuit, that should program the TCP capacitor!&quot;,
-   },
-   {
-     &quot;description&quot;: &quot;compressing the transmitter won&apos;t do anything, we need to synthesize the back-end API microchip!&quot;,
-     &quot;message&quot;: &quot;The SCSI capacitor is down, parse the wireless program so we can synthesize the JBOD array!&quot;,
-     &quot;summary&quot;: &quot;Use the wireless PNG panel, then you can navigate the open-source feed!&quot;,
-   },
-   {
-     &quot;description&quot;: &quot;I&apos;ll override the solid state API array, that should application the CSS driver!&quot;,
-     &quot;message&quot;: &quot;I&apos;ll synthesize the back-end USB driver, that should bus the SMTP monitor!&quot;,
-     &quot;summary&quot;: &quot;If we hack the interface, we can get to the COM firewall through the cross-platform DRAM system!&quot;,
+     &quot;description&quot;: &quot;Use the redundant RSS matrix, then you can generate the cross-platform panel!&quot;,
+     &quot;message&quot;: &quot;The SMS feed is down, back up the wireless driver so we can quantify the XML program!&quot;,
+     &quot;summary&quot;: &quot;calculating the bandwidth won&apos;t do anything, we need to navigate the 1080p UTF8 system!&quot;,
    },
  ]

 ❯ src/test-suite-12.spec.ts:21:20
            </failure>
        </testcase>
        <testcase classname="src/test-suite-12.spec.ts" name="&apos;Reverse-engineered impactful time-fra…&apos; &gt; &apos;Use the optical HTTP array, then you …&apos;" time="0.000058083">
        </testcase>
        <testcase classname="src/test-suite-12.spec.ts" name="&apos;Reverse-engineered impactful time-fra…&apos; &gt; &apos;If we back up the firewall, we can ge…&apos;" time="0.000188625">
            <failure message="expected [ { …(3) }, { …(3) } ] to deeply equal [ { …(3) }, { …(3) } ]" type="AssertionError">
AssertionError: expected [ { …(3) }, { …(3) } ] to deeply equal [ { …(3) }, { …(3) } ]

- Expected
+ Received

  [
    {
-     &quot;description&quot;: &quot;The DNS monitor is down, parse the wireless feed so we can copy the SAS microchip!&quot;,
-     &quot;message&quot;: &quot;The IP panel is down, synthesize the back-end array so we can hack the EXE bandwidth!&quot;,
-     &quot;summary&quot;: &quot;Try to input the JSON system, maybe it will hack the primary firewall!&quot;,
+     &quot;description&quot;: &quot;Use the 1080p SSL matrix, then you can navigate the haptic bandwidth!&quot;,
+     &quot;message&quot;: &quot;I&apos;ll compress the mobile SQL array, that should card the OCR sensor!&quot;,
+     &quot;summary&quot;: &quot;The USB sensor is down, generate the back-end feed so we can navigate the SAS bandwidth!&quot;,
    },
    {
-     &quot;description&quot;: &quot;I&apos;ll input the optical SQL capacitor, that should port the IB capacitor!&quot;,
-     &quot;message&quot;: &quot;You can&apos;t override the protocol without programming the back-end COM hard drive!&quot;,
-     &quot;summary&quot;: &quot;You can&apos;t calculate the monitor without bypassing the open-source ASCII feed!&quot;,
+     &quot;description&quot;: &quot;You can&apos;t hack the array without hacking the bluetooth FTP bus!&quot;,
+     &quot;message&quot;: &quot;calculating the matrix won&apos;t do anything, we need to compress the cross-platform THX bus!&quot;,
+     &quot;summary&quot;: &quot;You can&apos;t bypass the microchip without calculating the open-source SCSI firewall!&quot;,
    },
  ]

 ❯ src/test-suite-12.spec.ts:21:20
            </failure>
        </testcase>
        <testcase classname="src/test-suite-12.spec.ts" name="&apos;Reverse-engineered impactful time-fra…&apos; &gt; &apos;We need to compress the bluetooth SSD…&apos;" time="0.000046208">
        </testcase>
        <testcase classname="src/test-suite-12.spec.ts" name="&apos;Reverse-engineered impactful time-fra…&apos; &gt; &apos;If we connect the panel, we can get t…&apos;" time="0.000233584">
            <failure message="expected [ { …(3) }, { …(3) }, { …(3) }, …(1) ] to deeply equal [ { …(3) }, { …(3) }, { …(3) } ]" type="AssertionError">
AssertionError: expected [ { …(3) }, { …(3) }, { …(3) }, …(1) ] to deeply equal [ { …(3) }, { …(3) }, { …(3) } ]

- Expected
+ Received

  [
    {
-     &quot;description&quot;: &quot;Try to bypass the VGA alarm, maybe it will generate the bluetooth application!&quot;,
-     &quot;message&quot;: &quot;The VGA port is down, parse the virtual application so we can quantify the SCSI array!&quot;,
-     &quot;summary&quot;: &quot;If we calculate the protocol, we can get to the JBOD system through the online USB application!&quot;,
+     &quot;description&quot;: &quot;Use the neural GB monitor, then you can reboot the online bandwidth!&quot;,
+     &quot;message&quot;: &quot;Use the solid state CSS bandwidth, then you can synthesize the neural hard drive!&quot;,
+     &quot;summary&quot;: &quot;Try to hack the CLI alarm, maybe it will override the primary array!&quot;,
+   },
+   {
+     &quot;description&quot;: &quot;Try to navigate the DNS bus, maybe it will input the cross-platform hard drive!&quot;,
+     &quot;message&quot;: &quot;You can&apos;t program the hard drive without bypassing the multi-byte SSD program!&quot;,
+     &quot;summary&quot;: &quot;Use the virtual RSS pixel, then you can copy the open-source microchip!&quot;,
    },
    {
-     &quot;description&quot;: &quot;Use the 1080p HTTP monitor, then you can compress the digital circuit!&quot;,
-     &quot;message&quot;: &quot;quantifying the port won&apos;t do anything, we need to navigate the optical TLS system!&quot;,
-     &quot;summary&quot;: &quot;If we synthesize the pixel, we can get to the COM capacitor through the primary JBOD panel!&quot;,
+     &quot;description&quot;: &quot;We need to transmit the solid state RAM driver!&quot;,
+     &quot;message&quot;: &quot;bypassing the system won&apos;t do anything, we need to transmit the open-source PNG protocol!&quot;,
+     &quot;summary&quot;: &quot;The JBOD program is down, calculate the haptic application so we can program the PNG application!&quot;,
    },
    {
-     &quot;description&quot;: &quot;The COM feed is down, navigate the online circuit so we can compress the HEX sensor!&quot;,
-     &quot;message&quot;: &quot;The UDP program is down, back up the mobile bandwidth so we can hack the DNS microchip!&quot;,
-     &quot;summary&quot;: &quot;We need to navigate the back-end HDD matrix!&quot;,
+     &quot;description&quot;: &quot;We need to generate the back-end HTTP hard drive!&quot;,
+     &quot;message&quot;: &quot;We need to override the online SMS port!&quot;,
+     &quot;summary&quot;: &quot;I&apos;ll override the solid state TCP application, that should feed the ASCII pixel!&quot;,
    },
  ]

 ❯ src/test-suite-12.spec.ts:21:20
            </failure>
        </testcase>
        <testcase classname="src/test-suite-12.spec.ts" name="&apos;Reverse-engineered impactful time-fra…&apos; &gt; &apos;Try to input the JSON interface, mayb…&apos;" time="0.00004125">
        </testcase>
        <testcase classname="src/test-suite-12.spec.ts" name="&apos;Reverse-engineered impactful time-fra…&apos; &gt; &apos;Try to parse the ADP card, maybe it w…&apos;" time="0.000254666">
            <failure message="expected [ { …(3) }, { …(3) }, { …(3) }, …(2) ] to deeply equal [ { …(3) }, { …(3) }, { …(3) } ]" type="AssertionError">
AssertionError: expected [ { …(3) }, { …(3) }, { …(3) }, …(2) ] to deeply equal [ { …(3) }, { …(3) }, { …(3) } ]

- Expected
+ Received

  [
    {
-     &quot;description&quot;: &quot;Try to bypass the SMTP matrix, maybe it will generate the optical feed!&quot;,
-     &quot;message&quot;: &quot;You can&apos;t compress the feed without indexing the haptic HEX interface!&quot;,
-     &quot;summary&quot;: &quot;hacking the port won&apos;t do anything, we need to hack the back-end USB array!&quot;,
+     &quot;description&quot;: &quot;We need to synthesize the 1080p ADP matrix!&quot;,
+     &quot;message&quot;: &quot;If we synthesize the application, we can get to the RAM monitor through the mobile SCSI application!&quot;,
+     &quot;summary&quot;: &quot;Use the primary API application, then you can generate the wireless bandwidth!&quot;,
    },
    {
-     &quot;description&quot;: &quot;parsing the bandwidth won&apos;t do anything, we need to copy the back-end PNG array!&quot;,
-     &quot;message&quot;: &quot;Try to synthesize the SSD circuit, maybe it will navigate the haptic feed!&quot;,
-     &quot;summary&quot;: &quot;I&apos;ll input the bluetooth OCR program, that should alarm the OCR microchip!&quot;,
+     &quot;description&quot;: &quot;You can&apos;t override the card without backing up the online ASCII protocol!&quot;,
+     &quot;message&quot;: &quot;If we bypass the interface, we can get to the XSS port through the solid state VGA monitor!&quot;,
+     &quot;summary&quot;: &quot;The COM driver is down, override the solid state interface so we can generate the XML interface!&quot;,
    },
    {
-     &quot;description&quot;: &quot;The COM hard drive is down, transmit the open-source protocol so we can calculate the FTP interface!&quot;,
-     &quot;message&quot;: &quot;If we synthesize the alarm, we can get to the CSS hard drive through the virtual PNG pixel!&quot;,
-     &quot;summary&quot;: &quot;You can&apos;t copy the panel without backing up the 1080p GB hard drive!&quot;,
+     &quot;description&quot;: &quot;The IP feed is down, generate the mobile application so we can input the UTF8 microchip!&quot;,
+     &quot;message&quot;: &quot;If we copy the driver, we can get to the SMS port through the cross-platform XSS driver!&quot;,
+     &quot;summary&quot;: &quot;The XML circuit is down, reboot the wireless array so we can hack the HDD matrix!&quot;,
+   },
+   {
+     &quot;description&quot;: &quot;You can&apos;t compress the array without programming the virtual RAM array!&quot;,
+     &quot;message&quot;: &quot;If we parse the sensor, we can get to the HTTP sensor through the open-source VGA port!&quot;,
+     &quot;summary&quot;: &quot;The UDP program is down, compress the primary driver so we can synthesize the PCI bus!&quot;,
+   },
+   {
+     &quot;description&quot;: &quot;Use the open-source GB system, then you can hack the optical system!&quot;,
+     &quot;message&quot;: &quot;If we bypass the panel, we can get to the UTF8 port through the bluetooth DNS array!&quot;,
+     &quot;summary&quot;: &quot;The CLI monitor is down, copy the 1080p card so we can program the SCSI bandwidth!&quot;,
    },
  ]

 ❯ src/test-suite-12.spec.ts:21:20
            </failure>
        </testcase>
        <testcase classname="src/test-suite-12.spec.ts" name="&apos;Reverse-engineered impactful time-fra…&apos; &gt; &apos;I\&apos;ll index the back-end ADP capacito…&apos;" time="0.000041458">
        </testcase>
        <testcase classname="src/test-suite-12.spec.ts" name="&apos;Reverse-engineered impactful time-fra…&apos; &gt; &apos;We need to connect the redundant USB …&apos;" time="0.000285334">
            <failure message="expected [ { …(3) }, { …(3) }, { …(3) }, …(1) ] to deeply equal [ { …(3) }, { …(3) }, { …(3) }, …(2) ]" type="AssertionError">
AssertionError: expected [ { …(3) }, { …(3) }, { …(3) }, …(1) ] to deeply equal [ { …(3) }, { …(3) }, { …(3) }, …(2) ]

- Expected
+ Received

  [
    {
-     &quot;description&quot;: &quot;We need to parse the multi-byte IP firewall!&quot;,
-     &quot;message&quot;: &quot;Try to input the XSS matrix, maybe it will back up the wireless hard drive!&quot;,
-     &quot;summary&quot;: &quot;If we hack the microchip, we can get to the RSS system through the primary PCI bandwidth!&quot;,
+     &quot;description&quot;: &quot;If we bypass the card, we can get to the PCI panel through the redundant SCSI transmitter!&quot;,
+     &quot;message&quot;: &quot;Try to synthesize the JSON transmitter, maybe it will input the 1080p capacitor!&quot;,
+     &quot;summary&quot;: &quot;Use the solid state SMTP monitor, then you can connect the haptic protocol!&quot;,
    },
    {
-     &quot;description&quot;: &quot;I&apos;ll override the optical IP array, that should sensor the OCR alarm!&quot;,
-     &quot;message&quot;: &quot;You can&apos;t transmit the program without copying the online UDP hard drive!&quot;,
-     &quot;summary&quot;: &quot;backing up the firewall won&apos;t do anything, we need to input the open-source SDD system!&quot;,
-   },
-   {
-     &quot;description&quot;: &quot;Use the solid state SDD application, then you can generate the cross-platform matrix!&quot;,
-     &quot;message&quot;: &quot;I&apos;ll parse the wireless SMS circuit, that should application the JBOD program!&quot;,
-     &quot;summary&quot;: &quot;You can&apos;t hack the hard drive without compressing the solid state TCP firewall!&quot;,
+     &quot;description&quot;: &quot;If we hack the bus, we can get to the TCP bus through the 1080p JBOD port!&quot;,
+     &quot;message&quot;: &quot;Use the primary HTTP pixel, then you can synthesize the multi-byte protocol!&quot;,
+     &quot;summary&quot;: &quot;If we program the capacitor, we can get to the TLS feed through the online HDD application!&quot;,
    },
    {
-     &quot;description&quot;: &quot;We need to quantify the 1080p HEX array!&quot;,
-     &quot;message&quot;: &quot;Try to back up the JSON microchip, maybe it will calculate the virtual system!&quot;,
-     &quot;summary&quot;: &quot;Try to compress the UDP matrix, maybe it will synthesize the 1080p sensor!&quot;,
+     &quot;description&quot;: &quot;Use the primary RAM bandwidth, then you can synthesize the wireless capacitor!&quot;,
+     &quot;message&quot;: &quot;Try to hack the RAM microchip, maybe it will input the digital bandwidth!&quot;,
+     &quot;summary&quot;: &quot;Try to copy the AI array, maybe it will navigate the online hard drive!&quot;,
    },
    {
-     &quot;description&quot;: &quot;The RAM array is down, transmit the online hard drive so we can synthesize the THX matrix!&quot;,
-     &quot;message&quot;: &quot;I&apos;ll bypass the digital AGP bandwidth, that should alarm the SDD card!&quot;,
-     &quot;summary&quot;: &quot;If we navigate the microchip, we can get to the IB alarm through the solid state API transmitter!&quot;,
+     &quot;description&quot;: &quot;The PCI hard drive is down, compress the primary feed so we can connect the RSS transmitter!&quot;,
+     &quot;message&quot;: &quot;copying the application won&apos;t do anything, we need to quantify the neural TCP array!&quot;,
+     &quot;summary&quot;: &quot;The THX hard drive is down, back up the open-source card so we can quantify the XSS transmitter!&quot;,
    },
  ]

 ❯ src/test-suite-12.spec.ts:21:20
            </failure>
        </testcase>
        <testcase classname="src/test-suite-12.spec.ts" name="&apos;Reverse-engineered impactful time-fra…&apos; &gt; &apos;I\&apos;ll override the back-end DNS feed,…&apos;" time="0.000046958">
        </testcase>
        <testcase classname="src/test-suite-12.spec.ts" name="&apos;Reverse-engineered impactful time-fra…&apos; &gt; &apos;If we reboot the application, we can …&apos;" time="0.000233542">
            <failure message="expected [ { …(3) }, { …(3) }, { …(3) }, …(2) ] to deeply equal [ { …(3) }, { …(3) } ]" type="AssertionError">
AssertionError: expected [ { …(3) }, { …(3) }, { …(3) }, …(2) ] to deeply equal [ { …(3) }, { …(3) } ]

- Expected
+ Received

  [
    {
-     &quot;description&quot;: &quot;Try to override the OCR monitor, maybe it will program the open-source interface!&quot;,
-     &quot;message&quot;: &quot;I&apos;ll navigate the solid state SMS microchip, that should monitor the FTP protocol!&quot;,
-     &quot;summary&quot;: &quot;If we program the hard drive, we can get to the PNG panel through the redundant HTTP pixel!&quot;,
+     &quot;description&quot;: &quot;We need to program the digital ASCII card!&quot;,
+     &quot;message&quot;: &quot;You can&apos;t bypass the panel without compressing the wireless GB system!&quot;,
+     &quot;summary&quot;: &quot;If we hack the program, we can get to the SSL monitor through the cross-platform SQL interface!&quot;,
+   },
+   {
+     &quot;description&quot;: &quot;The AGP bus is down, parse the mobile bus so we can reboot the SSL application!&quot;,
+     &quot;message&quot;: &quot;compressing the alarm won&apos;t do anything, we need to generate the haptic SAS monitor!&quot;,
+     &quot;summary&quot;: &quot;We need to index the neural AGP pixel!&quot;,
+   },
+   {
+     &quot;description&quot;: &quot;The GB program is down, quantify the redundant card so we can synthesize the TLS firewall!&quot;,
+     &quot;message&quot;: &quot;You can&apos;t calculate the alarm without quantifying the cross-platform AGP bus!&quot;,
+     &quot;summary&quot;: &quot;I&apos;ll override the primary TCP capacitor, that should application the HTTP alarm!&quot;,
+   },
+   {
+     &quot;description&quot;: &quot;I&apos;ll parse the bluetooth TCP bandwidth, that should panel the GB firewall!&quot;,
+     &quot;message&quot;: &quot;If we copy the protocol, we can get to the XML feed through the multi-byte CLI transmitter!&quot;,
+     &quot;summary&quot;: &quot;You can&apos;t navigate the program without synthesizing the mobile SMTP interface!&quot;,
    },
    {
-     &quot;description&quot;: &quot;The HEX feed is down, transmit the online protocol so we can input the GB driver!&quot;,
-     &quot;message&quot;: &quot;Use the auxiliary RAM circuit, then you can program the bluetooth driver!&quot;,
-     &quot;summary&quot;: &quot;Use the primary VGA circuit, then you can synthesize the auxiliary hard drive!&quot;,
+     &quot;description&quot;: &quot;If we generate the port, we can get to the TLS array through the optical COM feed!&quot;,
+     &quot;message&quot;: &quot;I&apos;ll copy the open-source IB card, that should port the SMTP capacitor!&quot;,
+     &quot;summary&quot;: &quot;calculating the pixel won&apos;t do anything, we need to parse the open-source DNS microchip!&quot;,
    },
  ]

 ❯ src/test-suite-12.spec.ts:21:20
            </failure>
        </testcase>
        <testcase classname="src/test-suite-12.spec.ts" name="&apos;Compatible dynamic conglomeration&apos; &gt; &apos;The COM bandwidth is down, bypass the…&apos;" time="0.000225584">
            <failure message="expected [ { …(3) }, { …(3) }, { …(3) } ] to deeply equal [ { …(3) }, { …(3) }, { …(3) } ]" type="AssertionError">
AssertionError: expected [ { …(3) }, { …(3) }, { …(3) } ] to deeply equal [ { …(3) }, { …(3) }, { …(3) } ]

- Expected
+ Received

  [
    {
-     &quot;description&quot;: &quot;We need to override the redundant DNS capacitor!&quot;,
-     &quot;message&quot;: &quot;If we quantify the alarm, we can get to the SMS monitor through the primary CLI circuit!&quot;,
-     &quot;summary&quot;: &quot;If we bypass the transmitter, we can get to the HTTP microchip through the back-end TCP port!&quot;,
+     &quot;description&quot;: &quot;We need to index the wireless THX capacitor!&quot;,
+     &quot;message&quot;: &quot;If we quantify the system, we can get to the RAM port through the bluetooth PCI array!&quot;,
+     &quot;summary&quot;: &quot;synthesizing the microchip won&apos;t do anything, we need to parse the haptic AGP feed!&quot;,
    },
    {
-     &quot;description&quot;: &quot;You can&apos;t connect the sensor without indexing the primary UDP application!&quot;,
-     &quot;message&quot;: &quot;Try to override the EXE matrix, maybe it will program the cross-platform alarm!&quot;,
-     &quot;summary&quot;: &quot;If we synthesize the capacitor, we can get to the CLI driver through the virtual SCSI alarm!&quot;,
+     &quot;description&quot;: &quot;I&apos;ll bypass the wireless FTP feed, that should card the COM circuit!&quot;,
+     &quot;message&quot;: &quot;You can&apos;t index the matrix without backing up the neural IP pixel!&quot;,
+     &quot;summary&quot;: &quot;If we calculate the monitor, we can get to the AI capacitor through the mobile ASCII card!&quot;,
    },
    {
-     &quot;description&quot;: &quot;Use the cross-platform ASCII microchip, then you can input the wireless transmitter!&quot;,
-     &quot;message&quot;: &quot;Try to navigate the RSS protocol, maybe it will connect the 1080p circuit!&quot;,
-     &quot;summary&quot;: &quot;If we override the card, we can get to the PNG card through the cross-platform FTP matrix!&quot;,
+     &quot;description&quot;: &quot;Use the auxiliary HEX sensor, then you can input the online capacitor!&quot;,
+     &quot;message&quot;: &quot;calculating the matrix won&apos;t do anything, we need to bypass the neural SCSI card!&quot;,
+     &quot;summary&quot;: &quot;The RSS card is down, compress the redundant feed so we can compress the HTTP array!&quot;,
    },
  ]

 ❯ src/test-suite-12.spec.ts:21:20
            </failure>
        </testcase>
        <testcase classname="src/test-suite-12.spec.ts" name="&apos;Compatible dynamic conglomeration&apos; &gt; &apos;transmitting the pixel won\&apos;t do anyt…&apos;" time="0.000043875">
        </testcase>
        <testcase classname="src/test-suite-12.spec.ts" name="&apos;Compatible dynamic conglomeration&apos; &gt; &apos;synthesizing the circuit won\&apos;t do an…&apos;" time="0.000382667">
            <failure message="expected [ { …(3) }, { …(3) }, { …(3) }, …(2) ] to deeply equal [ { …(3) }, { …(3) }, { …(3) }, …(2) ]" type="AssertionError">
AssertionError: expected [ { …(3) }, { …(3) }, { …(3) }, …(2) ] to deeply equal [ { …(3) }, { …(3) }, { …(3) }, …(2) ]

- Expected
+ Received

  [
    {
-     &quot;description&quot;: &quot;transmitting the transmitter won&apos;t do anything, we need to bypass the haptic SSL interface!&quot;,
-     &quot;message&quot;: &quot;We need to input the back-end THX panel!&quot;,
-     &quot;summary&quot;: &quot;Try to back up the PNG panel, maybe it will connect the virtual bus!&quot;,
+     &quot;description&quot;: &quot;Use the online SMS port, then you can input the primary capacitor!&quot;,
+     &quot;message&quot;: &quot;quantifying the alarm won&apos;t do anything, we need to connect the haptic VGA transmitter!&quot;,
+     &quot;summary&quot;: &quot;The SCSI bus is down, hack the optical application so we can program the HEX application!&quot;,
    },
    {
-     &quot;description&quot;: &quot;Try to override the SSD alarm, maybe it will navigate the back-end capacitor!&quot;,
-     &quot;message&quot;: &quot;We need to back up the neural UDP system!&quot;,
-     &quot;summary&quot;: &quot;You can&apos;t reboot the feed without bypassing the multi-byte IP feed!&quot;,
+     &quot;description&quot;: &quot;You can&apos;t parse the interface without hacking the haptic UTF8 transmitter!&quot;,
+     &quot;message&quot;: &quot;We need to transmit the solid state IB panel!&quot;,
+     &quot;summary&quot;: &quot;If we input the monitor, we can get to the AGP protocol through the back-end GB panel!&quot;,
    },
    {
-     &quot;description&quot;: &quot;If we generate the panel, we can get to the TLS matrix through the online TCP matrix!&quot;,
-     &quot;message&quot;: &quot;Try to back up the SCSI card, maybe it will index the mobile protocol!&quot;,
-     &quot;summary&quot;: &quot;Use the virtual EXE driver, then you can input the bluetooth port!&quot;,
+     &quot;description&quot;: &quot;I&apos;ll bypass the cross-platform HDD program, that should application the SSD system!&quot;,
+     &quot;message&quot;: &quot;If we override the microchip, we can get to the SMTP transmitter through the redundant ADP hard drive!&quot;,
+     &quot;summary&quot;: &quot;backing up the monitor won&apos;t do anything, we need to compress the virtual HTTP protocol!&quot;,
    },
    {
-     &quot;description&quot;: &quot;Try to copy the PNG circuit, maybe it will override the digital protocol!&quot;,
-     &quot;message&quot;: &quot;I&apos;ll synthesize the 1080p XML alarm, that should bandwidth the GB monitor!&quot;,
-     &quot;summary&quot;: &quot;Use the cross-platform PNG circuit, then you can bypass the bluetooth protocol!&quot;,
+     &quot;description&quot;: &quot;You can&apos;t program the firewall without generating the virtual AI protocol!&quot;,
+     &quot;message&quot;: &quot;compressing the firewall won&apos;t do anything, we need to generate the haptic CLI port!&quot;,
+     &quot;summary&quot;: &quot;The SAS microchip is down, parse the cross-platform feed so we can override the TLS circuit!&quot;,
    },
    {
-     &quot;description&quot;: &quot;calculating the pixel won&apos;t do anything, we need to copy the bluetooth ADP protocol!&quot;,
-     &quot;message&quot;: &quot;We need to program the online GB feed!&quot;,
-     &quot;summary&quot;: &quot;connecting the card won&apos;t do anything, we need to synthesize the virtual SCSI program!&quot;,
+     &quot;description&quot;: &quot;I&apos;ll quantify the multi-byte XSS alarm, that should interface the EXE array!&quot;,
+     &quot;message&quot;: &quot;The DNS circuit is down, index the haptic transmitter so we can calculate the DNS port!&quot;,
+     &quot;summary&quot;: &quot;Use the multi-byte HTTP program, then you can override the optical interface!&quot;,
    },
  ]

 ❯ src/test-suite-12.spec.ts:21:20
            </failure>
        </testcase>
        <testcase classname="src/test-suite-12.spec.ts" name="&apos;Compatible dynamic conglomeration&apos; &gt; &apos;generating the capacitor won\&apos;t do an…&apos;" time="0.000076584">
        </testcase>
        <testcase classname="src/test-suite-12.spec.ts" name="&apos;Compatible dynamic conglomeration&apos; &gt; &apos;I\&apos;ll quantify the auxiliary HDD matr…&apos;" time="0.000308167">
            <failure message="expected [ { …(3) }, { …(3) }, { …(3) }, …(1) ] to deeply equal [ { …(3) }, { …(3) }, { …(3) } ]" type="AssertionError">
AssertionError: expected [ { …(3) }, { …(3) }, { …(3) }, …(1) ] to deeply equal [ { …(3) }, { …(3) }, { …(3) } ]

- Expected
+ Received

  [
    {
-     &quot;description&quot;: &quot;I&apos;ll reboot the 1080p OCR sensor, that should bandwidth the RAM feed!&quot;,
-     &quot;message&quot;: &quot;You can&apos;t generate the array without overriding the multi-byte SCSI bandwidth!&quot;,
-     &quot;summary&quot;: &quot;If we program the firewall, we can get to the OCR alarm through the mobile AI feed!&quot;,
+     &quot;description&quot;: &quot;I&apos;ll hack the cross-platform EXE firewall, that should interface the SMS interface!&quot;,
+     &quot;message&quot;: &quot;We need to bypass the back-end PCI panel!&quot;,
+     &quot;summary&quot;: &quot;Use the digital TLS panel, then you can bypass the haptic bus!&quot;,
+   },
+   {
+     &quot;description&quot;: &quot;I&apos;ll program the redundant THX system, that should bus the DNS matrix!&quot;,
+     &quot;message&quot;: &quot;If we program the protocol, we can get to the SQL port through the redundant SMTP transmitter!&quot;,
+     &quot;summary&quot;: &quot;Try to generate the IB interface, maybe it will input the virtual panel!&quot;,
    },
    {
-     &quot;description&quot;: &quot;You can&apos;t calculate the card without navigating the auxiliary AI matrix!&quot;,
-     &quot;message&quot;: &quot;programming the feed won&apos;t do anything, we need to synthesize the virtual CSS pixel!&quot;,
-     &quot;summary&quot;: &quot;parsing the card won&apos;t do anything, we need to navigate the back-end GB matrix!&quot;,
+     &quot;description&quot;: &quot;Use the solid state PNG array, then you can index the auxiliary system!&quot;,
+     &quot;message&quot;: &quot;I&apos;ll synthesize the virtual IB transmitter, that should sensor the UDP circuit!&quot;,
+     &quot;summary&quot;: &quot;I&apos;ll transmit the cross-platform ASCII array, that should capacitor the SAS microchip!&quot;,
    },
    {
-     &quot;description&quot;: &quot;Try to back up the AI monitor, maybe it will transmit the auxiliary program!&quot;,
-     &quot;message&quot;: &quot;We need to navigate the mobile JBOD panel!&quot;,
-     &quot;summary&quot;: &quot;I&apos;ll parse the digital UDP feed, that should array the PCI sensor!&quot;,
+     &quot;description&quot;: &quot;navigating the bandwidth won&apos;t do anything, we need to navigate the redundant SCSI pixel!&quot;,
+     &quot;message&quot;: &quot;I&apos;ll transmit the open-source XSS circuit, that should firewall the AI bus!&quot;,
+     &quot;summary&quot;: &quot;Try to parse the PNG capacitor, maybe it will program the optical matrix!&quot;,
    },
  ]

 ❯ src/test-suite-12.spec.ts:21:20
            </failure>
        </testcase>
        <testcase classname="src/test-suite-12.spec.ts" name="&apos;Compatible dynamic conglomeration&apos; &gt; &apos;I\&apos;ll parse the haptic AI array, that…&apos;" time="0.000053041">
        </testcase>
        <testcase classname="src/test-suite-12.spec.ts" name="&apos;Compatible dynamic conglomeration&apos; &gt; &apos;Try to connect the OCR firewall, mayb…&apos;" time="0.000203209">
            <failure message="expected [ { …(3) }, { …(3) }, { …(3) } ] to deeply equal [ { …(3) }, { …(3) } ]" type="AssertionError">
AssertionError: expected [ { …(3) }, { …(3) }, { …(3) } ] to deeply equal [ { …(3) }, { …(3) } ]

- Expected
+ Received

  [
    {
-     &quot;description&quot;: &quot;The HEX transmitter is down, input the online system so we can back up the ASCII protocol!&quot;,
-     &quot;message&quot;: &quot;I&apos;ll generate the optical IB sensor, that should card the TLS microchip!&quot;,
-     &quot;summary&quot;: &quot;We need to bypass the online GB matrix!&quot;,
+     &quot;description&quot;: &quot;You can&apos;t synthesize the panel without compressing the back-end SSL application!&quot;,
+     &quot;message&quot;: &quot;I&apos;ll navigate the open-source AGP bus, that should panel the SQL capacitor!&quot;,
+     &quot;summary&quot;: &quot;Try to copy the GB microchip, maybe it will hack the 1080p matrix!&quot;,
+   },
+   {
+     &quot;description&quot;: &quot;If we back up the microchip, we can get to the SCSI interface through the neural SMTP panel!&quot;,
+     &quot;message&quot;: &quot;If we synthesize the feed, we can get to the HDD monitor through the auxiliary THX protocol!&quot;,
+     &quot;summary&quot;: &quot;Use the virtual API application, then you can generate the 1080p feed!&quot;,
    },
    {
-     &quot;description&quot;: &quot;The OCR monitor is down, navigate the digital firewall so we can reboot the AI feed!&quot;,
-     &quot;message&quot;: &quot;We need to index the auxiliary ADP card!&quot;,
-     &quot;summary&quot;: &quot;If we hack the feed, we can get to the SCSI interface through the wireless USB capacitor!&quot;,
+     &quot;description&quot;: &quot;connecting the firewall won&apos;t do anything, we need to override the virtual IP matrix!&quot;,
+     &quot;message&quot;: &quot;Try to hack the UDP feed, maybe it will synthesize the multi-byte circuit!&quot;,
+     &quot;summary&quot;: &quot;We need to compress the auxiliary VGA bandwidth!&quot;,
    },
  ]

 ❯ src/test-suite-12.spec.ts:21:20
            </failure>
        </testcase>
        <testcase classname="src/test-suite-12.spec.ts" name="&apos;Compatible dynamic conglomeration&apos; &gt; &apos;The HEX interface is down, hack the o…&apos;" time="0.000047041">
        </testcase>
        <testcase classname="src/test-suite-12.spec.ts" name="&apos;Compatible dynamic conglomeration&apos; &gt; &apos;You can\&apos;t input the array without ge…&apos;" time="0.000201584">
            <failure message="expected [ { …(3) }, { …(3) } ] to deeply equal [ { …(3) }, { …(3) }, { …(3) } ]" type="AssertionError">
AssertionError: expected [ { …(3) }, { …(3) } ] to deeply equal [ { …(3) }, { …(3) }, { …(3) } ]

- Expected
+ Received

  [
    {
-     &quot;description&quot;: &quot;We need to index the back-end OCR application!&quot;,
-     &quot;message&quot;: &quot;If we hack the panel, we can get to the SCSI feed through the redundant VGA pixel!&quot;,
-     &quot;summary&quot;: &quot;Use the auxiliary RAM bus, then you can program the primary firewall!&quot;,
-   },
-   {
-     &quot;description&quot;: &quot;The HEX alarm is down, reboot the auxiliary matrix so we can transmit the SAS interface!&quot;,
-     &quot;message&quot;: &quot;Use the cross-platform IP panel, then you can back up the neural matrix!&quot;,
-     &quot;summary&quot;: &quot;overriding the hard drive won&apos;t do anything, we need to back up the multi-byte UTF8 hard drive!&quot;,
+     &quot;description&quot;: &quot;Try to override the CLI matrix, maybe it will generate the bluetooth firewall!&quot;,
+     &quot;message&quot;: &quot;I&apos;ll override the 1080p HEX monitor, that should application the HTTP bus!&quot;,
+     &quot;summary&quot;: &quot;I&apos;ll calculate the back-end EXE sensor, that should bus the SMS port!&quot;,
    },
    {
-     &quot;description&quot;: &quot;We need to hack the wireless COM panel!&quot;,
-     &quot;message&quot;: &quot;We need to generate the redundant RSS sensor!&quot;,
-     &quot;summary&quot;: &quot;Use the 1080p API system, then you can back up the primary matrix!&quot;,
+     &quot;description&quot;: &quot;If we back up the sensor, we can get to the HEX protocol through the open-source RAM port!&quot;,
+     &quot;message&quot;: &quot;We need to input the virtual RAM bus!&quot;,
+     &quot;summary&quot;: &quot;I&apos;ll synthesize the primary PCI transmitter, that should card the USB card!&quot;,
    },
  ]

 ❯ src/test-suite-12.spec.ts:21:20
            </failure>
        </testcase>
        <testcase classname="src/test-suite-12.spec.ts" name="&apos;Compatible dynamic conglomeration&apos; &gt; &apos;Use the redundant SSL system, then yo…&apos;" time="0.000052583">
        </testcase>
        <testcase classname="src/test-suite-12.spec.ts" name="&apos;Compatible dynamic conglomeration&apos; &gt; &apos;Use the multi-byte HDD monitor, then …&apos;" time="0.000232917">
            <failure message="expected [ { …(3) }, { …(3) }, { …(3) } ] to deeply equal [ { …(3) }, { …(3) }, { …(3) }, …(1) ]" type="AssertionError">
AssertionError: expected [ { …(3) }, { …(3) }, { …(3) } ] to deeply equal [ { …(3) }, { …(3) }, { …(3) }, …(1) ]

- Expected
+ Received

  [
    {
-     &quot;description&quot;: &quot;The RSS capacitor is down, input the cross-platform protocol so we can index the XSS hard drive!&quot;,
-     &quot;message&quot;: &quot;You can&apos;t transmit the system without synthesizing the online API feed!&quot;,
-     &quot;summary&quot;: &quot;If we back up the pixel, we can get to the SMTP panel through the solid state IB card!&quot;,
-   },
-   {
-     &quot;description&quot;: &quot;We need to program the auxiliary HDD transmitter!&quot;,
-     &quot;message&quot;: &quot;You can&apos;t hack the alarm without bypassing the virtual CLI card!&quot;,
-     &quot;summary&quot;: &quot;The THX protocol is down, generate the back-end microchip so we can connect the HEX port!&quot;,
+     &quot;description&quot;: &quot;If we connect the panel, we can get to the TLS firewall through the primary ASCII array!&quot;,
+     &quot;message&quot;: &quot;Use the multi-byte DNS monitor, then you can reboot the primary program!&quot;,
+     &quot;summary&quot;: &quot;If we index the pixel, we can get to the SCSI program through the auxiliary SMTP alarm!&quot;,
    },
    {
-     &quot;description&quot;: &quot;Use the bluetooth SQL sensor, then you can hack the cross-platform sensor!&quot;,
-     &quot;message&quot;: &quot;We need to parse the digital HDD bus!&quot;,
-     &quot;summary&quot;: &quot;If we parse the microchip, we can get to the RSS array through the digital PCI circuit!&quot;,
+     &quot;description&quot;: &quot;copying the alarm won&apos;t do anything, we need to bypass the 1080p DNS capacitor!&quot;,
+     &quot;message&quot;: &quot;Try to navigate the IP bus, maybe it will back up the wireless microchip!&quot;,
+     &quot;summary&quot;: &quot;transmitting the feed won&apos;t do anything, we need to generate the haptic JSON matrix!&quot;,
    },
    {
-     &quot;description&quot;: &quot;copying the pixel won&apos;t do anything, we need to hack the 1080p SAS program!&quot;,
-     &quot;message&quot;: &quot;You can&apos;t back up the bus without navigating the back-end TLS card!&quot;,
-     &quot;summary&quot;: &quot;Try to quantify the USB panel, maybe it will navigate the bluetooth transmitter!&quot;,
+     &quot;description&quot;: &quot;We need to transmit the virtual HDD card!&quot;,
+     &quot;message&quot;: &quot;If we index the bus, we can get to the SDD bandwidth through the bluetooth DRAM matrix!&quot;,
+     &quot;summary&quot;: &quot;If we parse the matrix, we can get to the SCSI firewall through the bluetooth VGA driver!&quot;,
    },
  ]

 ❯ src/test-suite-12.spec.ts:21:20
            </failure>
        </testcase>
        <testcase classname="src/test-suite-12.spec.ts" name="&apos;Compatible dynamic conglomeration&apos; &gt; &apos;indexing the protocol won\&apos;t do anyth…&apos;" time="0.000039084">
        </testcase>
        <testcase classname="src/test-suite-12.spec.ts" name="&apos;Compatible dynamic conglomeration&apos; &gt; &apos;You can\&apos;t copy the system without in…&apos;" time="0.000211041">
            <failure message="expected [ { …(3) }, { …(3) } ] to deeply equal [ { …(3) }, { …(3) }, { …(3) }, …(1) ]" type="AssertionError">
AssertionError: expected [ { …(3) }, { …(3) } ] to deeply equal [ { …(3) }, { …(3) }, { …(3) }, …(1) ]

- Expected
+ Received

  [
    {
-     &quot;description&quot;: &quot;If we quantify the feed, we can get to the PCI feed through the multi-byte JSON bus!&quot;,
-     &quot;message&quot;: &quot;compressing the transmitter won&apos;t do anything, we need to input the back-end SMS microchip!&quot;,
-     &quot;summary&quot;: &quot;You can&apos;t back up the capacitor without quantifying the digital HEX bus!&quot;,
+     &quot;description&quot;: &quot;Try to back up the EXE bandwidth, maybe it will connect the virtual port!&quot;,
+     &quot;message&quot;: &quot;transmitting the panel won&apos;t do anything, we need to program the 1080p ADP firewall!&quot;,
+     &quot;summary&quot;: &quot;compressing the program won&apos;t do anything, we need to connect the cross-platform SCSI panel!&quot;,
    },
    {
-     &quot;description&quot;: &quot;You can&apos;t synthesize the protocol without overriding the optical THX circuit!&quot;,
-     &quot;message&quot;: &quot;We need to bypass the 1080p SMTP array!&quot;,
-     &quot;summary&quot;: &quot;If we bypass the microchip, we can get to the PNG monitor through the redundant RSS sensor!&quot;,
-   },
-   {
-     &quot;description&quot;: &quot;The ASCII panel is down, index the neural matrix so we can hack the AI hard drive!&quot;,
-     &quot;message&quot;: &quot;If we program the hard drive, we can get to the SMS alarm through the digital SQL hard drive!&quot;,
-     &quot;summary&quot;: &quot;You can&apos;t transmit the program without indexing the virtual SCSI driver!&quot;,
-   },
-   {
-     &quot;description&quot;: &quot;I&apos;ll bypass the multi-byte ASCII firewall, that should firewall the JSON protocol!&quot;,
-     &quot;message&quot;: &quot;If we index the interface, we can get to the OCR pixel through the redundant SMS firewall!&quot;,
-     &quot;summary&quot;: &quot;Use the multi-byte FTP capacitor, then you can hack the multi-byte application!&quot;,
+     &quot;description&quot;: &quot;Try to input the RSS application, maybe it will index the auxiliary array!&quot;,
+     &quot;message&quot;: &quot;The API array is down, compress the solid state protocol so we can back up the CSS array!&quot;,
+     &quot;summary&quot;: &quot;Use the 1080p XSS application, then you can parse the online sensor!&quot;,
    },
  ]

 ❯ src/test-suite-12.spec.ts:21:20
            </failure>
        </testcase>
        <testcase classname="src/test-suite-12.spec.ts" name="&apos;Compatible dynamic conglomeration&apos; &gt; &apos;I\&apos;ll compress the cross-platform FTP…&apos;" time="0.00004275">
        </testcase>
        <testcase classname="src/test-suite-12.spec.ts" name="&apos;Compatible dynamic conglomeration&apos; &gt; &apos;Try to input the SDD feed, maybe it w…&apos;" time="0.000252875">
            <failure message="expected [ { …(3) }, { …(3) }, { …(3) } ] to deeply equal [ { …(3) }, { …(3) }, { …(3) }, …(2) ]" type="AssertionError">
AssertionError: expected [ { …(3) }, { …(3) }, { …(3) } ] to deeply equal [ { …(3) }, { …(3) }, { …(3) }, …(2) ]

- Expected
+ Received

  [
    {
-     &quot;description&quot;: &quot;If we copy the bus, we can get to the SCSI protocol through the 1080p API bus!&quot;,
-     &quot;message&quot;: &quot;You can&apos;t calculate the sensor without overriding the redundant SDD interface!&quot;,
-     &quot;summary&quot;: &quot;I&apos;ll connect the neural XML capacitor, that should hard drive the API feed!&quot;,
+     &quot;description&quot;: &quot;We need to back up the multi-byte CLI driver!&quot;,
+     &quot;message&quot;: &quot;You can&apos;t generate the feed without synthesizing the bluetooth TLS sensor!&quot;,
+     &quot;summary&quot;: &quot;If we program the panel, we can get to the SMS transmitter through the auxiliary UDP bandwidth!&quot;,
    },
    {
-     &quot;description&quot;: &quot;The XSS bus is down, bypass the multi-byte pixel so we can calculate the RAM bus!&quot;,
-     &quot;message&quot;: &quot;copying the driver won&apos;t do anything, we need to quantify the 1080p HEX bus!&quot;,
-     &quot;summary&quot;: &quot;If we hack the driver, we can get to the SDD hard drive through the back-end HDD pixel!&quot;,
+     &quot;description&quot;: &quot;bypassing the pixel won&apos;t do anything, we need to synthesize the open-source TLS interface!&quot;,
+     &quot;message&quot;: &quot;indexing the array won&apos;t do anything, we need to transmit the primary SSD port!&quot;,
+     &quot;summary&quot;: &quot;The ASCII panel is down, compress the digital driver so we can connect the CLI transmitter!&quot;,
    },
    {
-     &quot;description&quot;: &quot;You can&apos;t parse the bus without hacking the cross-platform USB panel!&quot;,
-     &quot;message&quot;: &quot;The ADP sensor is down, compress the 1080p alarm so we can back up the SMTP protocol!&quot;,
-     &quot;summary&quot;: &quot;The EXE driver is down, reboot the auxiliary interface so we can copy the TLS protocol!&quot;,
-   },
-   {
-     &quot;description&quot;: &quot;Try to connect the SQL interface, maybe it will copy the auxiliary sensor!&quot;,
-     &quot;message&quot;: &quot;If we quantify the port, we can get to the USB application through the online RAM feed!&quot;,
-     &quot;summary&quot;: &quot;parsing the sensor won&apos;t do anything, we need to calculate the wireless TCP protocol!&quot;,
-   },
-   {
-     &quot;description&quot;: &quot;Use the cross-platform CLI transmitter, then you can back up the virtual card!&quot;,
-     &quot;message&quot;: &quot;The PNG protocol is down, copy the online port so we can override the HDD feed!&quot;,
-     &quot;summary&quot;: &quot;I&apos;ll synthesize the solid state TLS feed, that should transmitter the PCI monitor!&quot;,
+     &quot;description&quot;: &quot;Use the auxiliary FTP array, then you can input the optical bus!&quot;,
+     &quot;message&quot;: &quot;Use the virtual RSS pixel, then you can program the wireless application!&quot;,
+     &quot;summary&quot;: &quot;Try to reboot the CSS array, maybe it will quantify the haptic program!&quot;,
    },
  ]

 ❯ src/test-suite-12.spec.ts:21:20
            </failure>
        </testcase>
        <testcase classname="src/test-suite-12.spec.ts" name="&apos;Compatible dynamic conglomeration&apos; &gt; &apos;You can\&apos;t quantify the bus without c…&apos;" time="0.00004125">
        </testcase>
        <testcase classname="src/test-suite-12.spec.ts" name="&apos;Compatible dynamic conglomeration&apos; &gt; &apos;We need to program the virtual SMTP p…&apos;" time="0.000263208">
            <failure message="expected [ { …(3) }, { …(3) }, { …(3) } ] to deeply equal [ { …(3) }, { …(3) }, { …(3) } ]" type="AssertionError">
AssertionError: expected [ { …(3) }, { …(3) }, { …(3) } ] to deeply equal [ { …(3) }, { …(3) }, { …(3) } ]

- Expected
+ Received

  [
    {
-     &quot;description&quot;: &quot;We need to parse the solid state THX bandwidth!&quot;,
-     &quot;message&quot;: &quot;I&apos;ll program the neural UDP system, that should matrix the DRAM sensor!&quot;,
-     &quot;summary&quot;: &quot;The IP feed is down, parse the solid state alarm so we can input the TLS interface!&quot;,
+     &quot;description&quot;: &quot;I&apos;ll input the virtual JSON card, that should panel the API interface!&quot;,
+     &quot;message&quot;: &quot;If we bypass the application, we can get to the CLI monitor through the online IP interface!&quot;,
+     &quot;summary&quot;: &quot;If we hack the port, we can get to the JSON feed through the neural ADP monitor!&quot;,
    },
    {
-     &quot;description&quot;: &quot;You can&apos;t calculate the feed without quantifying the solid state RAM capacitor!&quot;,
-     &quot;message&quot;: &quot;If we hack the alarm, we can get to the RAM circuit through the haptic HEX sensor!&quot;,
-     &quot;summary&quot;: &quot;You can&apos;t quantify the array without transmitting the virtual RSS transmitter!&quot;,
+     &quot;description&quot;: &quot;If we navigate the pixel, we can get to the PNG feed through the digital IB microchip!&quot;,
+     &quot;message&quot;: &quot;I&apos;ll quantify the online SMS feed, that should transmitter the XML port!&quot;,
+     &quot;summary&quot;: &quot;If we generate the port, we can get to the SMS bandwidth through the haptic PCI protocol!&quot;,
    },
    {
-     &quot;description&quot;: &quot;Try to index the SAS alarm, maybe it will generate the haptic port!&quot;,
-     &quot;message&quot;: &quot;Use the solid state IP monitor, then you can back up the digital sensor!&quot;,
-     &quot;summary&quot;: &quot;Try to hack the SDD protocol, maybe it will synthesize the virtual sensor!&quot;,
+     &quot;description&quot;: &quot;The HEX interface is down, back up the virtual port so we can program the SSD port!&quot;,
+     &quot;message&quot;: &quot;calculating the circuit won&apos;t do anything, we need to reboot the primary GB hard drive!&quot;,
+     &quot;summary&quot;: &quot;I&apos;ll copy the wireless XSS capacitor, that should sensor the SQL monitor!&quot;,
    },
  ]

 ❯ src/test-suite-12.spec.ts:21:20
            </failure>
        </testcase>
        <testcase classname="src/test-suite-12.spec.ts" name="&apos;Compatible dynamic conglomeration&apos; &gt; &apos;If we program the firewall, we can ge…&apos;" time="0.000042167">
        </testcase>
        <testcase classname="src/test-suite-12.spec.ts" name="&apos;Compatible dynamic conglomeration&apos; &gt; &apos;We need to navigate the back-end IP c…&apos;" time="0.00025125">
            <failure message="expected [ { …(3) }, { …(3) } ] to deeply equal [ { …(3) }, { …(3) }, { …(3) }, …(2) ]" type="AssertionError">
AssertionError: expected [ { …(3) }, { …(3) } ] to deeply equal [ { …(3) }, { …(3) }, { …(3) }, …(2) ]

- Expected
+ Received

  [
    {
-     &quot;description&quot;: &quot;Use the neural IP interface, then you can input the solid state capacitor!&quot;,
-     &quot;message&quot;: &quot;If we input the microchip, we can get to the HTTP matrix through the auxiliary UTF8 alarm!&quot;,
-     &quot;summary&quot;: &quot;We need to hack the optical ADP card!&quot;,
-   },
-   {
-     &quot;description&quot;: &quot;Use the 1080p RAM program, then you can generate the bluetooth transmitter!&quot;,
-     &quot;message&quot;: &quot;quantifying the pixel won&apos;t do anything, we need to synthesize the solid state IP application!&quot;,
-     &quot;summary&quot;: &quot;If we compress the transmitter, we can get to the ADP panel through the solid state PCI driver!&quot;,
-   },
-   {
-     &quot;description&quot;: &quot;Use the haptic ADP pixel, then you can program the online protocol!&quot;,
-     &quot;message&quot;: &quot;Use the wireless TCP feed, then you can navigate the cross-platform protocol!&quot;,
-     &quot;summary&quot;: &quot;calculating the monitor won&apos;t do anything, we need to calculate the 1080p SSL array!&quot;,
-   },
-   {
-     &quot;description&quot;: &quot;Try to reboot the AGP driver, maybe it will calculate the multi-byte monitor!&quot;,
-     &quot;message&quot;: &quot;synthesizing the bandwidth won&apos;t do anything, we need to input the open-source EXE sensor!&quot;,
-     &quot;summary&quot;: &quot;If we connect the circuit, we can get to the UDP interface through the open-source PNG application!&quot;,
+     &quot;description&quot;: &quot;Try to calculate the SMS pixel, maybe it will index the multi-byte application!&quot;,
+     &quot;message&quot;: &quot;I&apos;ll input the haptic JSON firewall, that should monitor the HDD bandwidth!&quot;,
+     &quot;summary&quot;: &quot;Try to back up the VGA card, maybe it will connect the online microchip!&quot;,
    },
    {
-     &quot;description&quot;: &quot;If we calculate the protocol, we can get to the SMS hard drive through the bluetooth ASCII capacitor!&quot;,
-     &quot;message&quot;: &quot;You can&apos;t reboot the matrix without quantifying the bluetooth DNS panel!&quot;,
-     &quot;summary&quot;: &quot;We need to reboot the primary HTTP alarm!&quot;,
+     &quot;description&quot;: &quot;You can&apos;t navigate the application without navigating the cross-platform HTTP matrix!&quot;,
+     &quot;message&quot;: &quot;We need to program the bluetooth EXE pixel!&quot;,
+     &quot;summary&quot;: &quot;The SQL monitor is down, reboot the virtual capacitor so we can bypass the AI matrix!&quot;,
    },
  ]

 ❯ src/test-suite-12.spec.ts:21:20
            </failure>
        </testcase>
        <testcase classname="src/test-suite-12.spec.ts" name="&apos;Compatible dynamic conglomeration&apos; &gt; &apos;If we calculate the panel, we can get…&apos;" time="0.000054791">
        </testcase>
        <testcase classname="src/test-suite-12.spec.ts" name="&apos;Compatible dynamic conglomeration&apos; &gt; &apos;We need to bypass the redundant SCSI …&apos;" time="0.000213375">
            <failure message="expected [ { …(3) }, { …(3) }, { …(3) }, …(1) ] to deeply equal [ { …(3) }, { …(3) } ]" type="AssertionError">
AssertionError: expected [ { …(3) }, { …(3) }, { …(3) }, …(1) ] to deeply equal [ { …(3) }, { …(3) } ]

- Expected
+ Received

  [
    {
-     &quot;description&quot;: &quot;The API circuit is down, reboot the open-source sensor so we can synthesize the USB pixel!&quot;,
-     &quot;message&quot;: &quot;You can&apos;t program the feed without calculating the back-end COM array!&quot;,
-     &quot;summary&quot;: &quot;parsing the sensor won&apos;t do anything, we need to quantify the optical JSON pixel!&quot;,
+     &quot;description&quot;: &quot;Try to bypass the IB bus, maybe it will override the redundant capacitor!&quot;,
+     &quot;message&quot;: &quot;I&apos;ll copy the haptic RAM microchip, that should alarm the AGP program!&quot;,
+     &quot;summary&quot;: &quot;We need to back up the neural XML circuit!&quot;,
    },
    {
-     &quot;description&quot;: &quot;We need to calculate the digital DNS card!&quot;,
-     &quot;message&quot;: &quot;You can&apos;t connect the bus without backing up the virtual ASCII system!&quot;,
-     &quot;summary&quot;: &quot;Use the optical PCI protocol, then you can transmit the solid state system!&quot;,
+     &quot;description&quot;: &quot;Use the primary IB protocol, then you can program the back-end feed!&quot;,
+     &quot;message&quot;: &quot;We need to connect the back-end GB hard drive!&quot;,
+     &quot;summary&quot;: &quot;If we compress the system, we can get to the SMS protocol through the back-end CLI hard drive!&quot;,
+   },
+   {
+     &quot;description&quot;: &quot;I&apos;ll calculate the primary HEX array, that should transmitter the VGA transmitter!&quot;,
+     &quot;message&quot;: &quot;navigating the program won&apos;t do anything, we need to synthesize the digital RAM monitor!&quot;,
+     &quot;summary&quot;: &quot;Try to generate the VGA alarm, maybe it will reboot the haptic array!&quot;,
+   },
+   {
+     &quot;description&quot;: &quot;I&apos;ll reboot the mobile CLI card, that should circuit the JSON bus!&quot;,
+     &quot;message&quot;: &quot;Try to copy the DNS firewall, maybe it will copy the mobile matrix!&quot;,
+     &quot;summary&quot;: &quot;Try to index the AGP panel, maybe it will index the virtual transmitter!&quot;,
    },
  ]

 ❯ src/test-suite-12.spec.ts:21:20
            </failure>
        </testcase>
        <testcase classname="src/test-suite-12.spec.ts" name="&apos;Compatible dynamic conglomeration&apos; &gt; &apos;The HDD application is down, transmit…&apos;" time="0.000055333">
        </testcase>
        <testcase classname="src/test-suite-12.spec.ts" name="&apos;Compatible dynamic conglomeration&apos; &gt; &apos;If we synthesize the card, we can get…&apos;" time="0.0002355">
            <failure message="expected [ { …(3) }, { …(3) }, { …(3) }, …(1) ] to deeply equal [ { …(3) }, { …(3) }, { …(3) } ]" type="AssertionError">
AssertionError: expected [ { …(3) }, { …(3) }, { …(3) }, …(1) ] to deeply equal [ { …(3) }, { …(3) }, { …(3) } ]

- Expected
+ Received

  [
    {
-     &quot;description&quot;: &quot;Use the online AI card, then you can compress the virtual monitor!&quot;,
-     &quot;message&quot;: &quot;Try to calculate the PCI card, maybe it will hack the digital firewall!&quot;,
-     &quot;summary&quot;: &quot;You can&apos;t back up the system without hacking the neural GB array!&quot;,
+     &quot;description&quot;: &quot;overriding the transmitter won&apos;t do anything, we need to reboot the optical UTF8 bandwidth!&quot;,
+     &quot;message&quot;: &quot;We need to index the digital JSON alarm!&quot;,
+     &quot;summary&quot;: &quot;Use the mobile AGP application, then you can connect the mobile bandwidth!&quot;,
+   },
+   {
+     &quot;description&quot;: &quot;Use the haptic API interface, then you can calculate the cross-platform transmitter!&quot;,
+     &quot;message&quot;: &quot;Use the mobile ADP pixel, then you can override the online transmitter!&quot;,
+     &quot;summary&quot;: &quot;You can&apos;t hack the monitor without calculating the open-source UTF8 feed!&quot;,
    },
    {
-     &quot;description&quot;: &quot;We need to generate the auxiliary CLI port!&quot;,
-     &quot;message&quot;: &quot;If we transmit the microchip, we can get to the SAS monitor through the neural CLI transmitter!&quot;,
-     &quot;summary&quot;: &quot;We need to override the wireless VGA array!&quot;,
+     &quot;description&quot;: &quot;We need to reboot the wireless TCP feed!&quot;,
+     &quot;message&quot;: &quot;Use the auxiliary CSS microchip, then you can synthesize the online port!&quot;,
+     &quot;summary&quot;: &quot;The COM transmitter is down, input the mobile monitor so we can copy the GB alarm!&quot;,
    },
    {
-     &quot;description&quot;: &quot;If we transmit the alarm, we can get to the HDD pixel through the optical DNS panel!&quot;,
-     &quot;message&quot;: &quot;programming the bandwidth won&apos;t do anything, we need to quantify the auxiliary PNG alarm!&quot;,
-     &quot;summary&quot;: &quot;We need to override the multi-byte DNS matrix!&quot;,
+     &quot;description&quot;: &quot;If we copy the array, we can get to the UTF8 program through the primary EXE system!&quot;,
+     &quot;message&quot;: &quot;Use the auxiliary DNS hard drive, then you can synthesize the open-source circuit!&quot;,
+     &quot;summary&quot;: &quot;Use the mobile VGA matrix, then you can compress the auxiliary firewall!&quot;,
    },
  ]

 ❯ src/test-suite-12.spec.ts:21:20
            </failure>
        </testcase>
        <testcase classname="src/test-suite-12.spec.ts" name="&apos;Compatible dynamic conglomeration&apos; &gt; &apos;You can\&apos;t quantify the program witho…&apos;" time="0.000055917">
        </testcase>
        <testcase classname="src/test-suite-12.spec.ts" name="&apos;Compatible dynamic conglomeration&apos; &gt; &apos;navigating the system won\&apos;t do anyth…&apos;" time="0.000245375">
            <failure message="expected [ { …(3) }, { …(3) }, { …(3) } ] to deeply equal [ { …(3) }, { …(3) }, { …(3) }, …(1) ]" type="AssertionError">
AssertionError: expected [ { …(3) }, { …(3) }, { …(3) } ] to deeply equal [ { …(3) }, { …(3) }, { …(3) }, …(1) ]

- Expected
+ Received

  [
    {
-     &quot;description&quot;: &quot;Try to navigate the SDD panel, maybe it will generate the wireless transmitter!&quot;,
-     &quot;message&quot;: &quot;If we compress the pixel, we can get to the THX microchip through the open-source SSD array!&quot;,
-     &quot;summary&quot;: &quot;Use the open-source XSS alarm, then you can index the 1080p card!&quot;,
-   },
-   {
-     &quot;description&quot;: &quot;Use the bluetooth TCP alarm, then you can compress the optical feed!&quot;,
-     &quot;message&quot;: &quot;If we copy the microchip, we can get to the XML sensor through the haptic DNS capacitor!&quot;,
-     &quot;summary&quot;: &quot;We need to hack the online THX panel!&quot;,
+     &quot;description&quot;: &quot;Use the virtual XSS protocol, then you can navigate the solid state bus!&quot;,
+     &quot;message&quot;: &quot;The XSS panel is down, quantify the haptic application so we can synthesize the UDP feed!&quot;,
+     &quot;summary&quot;: &quot;We need to override the 1080p SSL application!&quot;,
    },
    {
-     &quot;description&quot;: &quot;Use the wireless SSL hard drive, then you can input the multi-byte bus!&quot;,
-     &quot;message&quot;: &quot;You can&apos;t index the system without generating the redundant VGA microchip!&quot;,
-     &quot;summary&quot;: &quot;Try to connect the TLS monitor, maybe it will quantify the 1080p microchip!&quot;,
+     &quot;description&quot;: &quot;generating the bandwidth won&apos;t do anything, we need to compress the online SSL panel!&quot;,
+     &quot;message&quot;: &quot;We need to back up the redundant SAS monitor!&quot;,
+     &quot;summary&quot;: &quot;parsing the array won&apos;t do anything, we need to hack the digital API alarm!&quot;,
    },
    {
-     &quot;description&quot;: &quot;parsing the card won&apos;t do anything, we need to input the optical PNG hard drive!&quot;,
-     &quot;message&quot;: &quot;You can&apos;t connect the sensor without parsing the online SSD array!&quot;,
-     &quot;summary&quot;: &quot;If we back up the feed, we can get to the HEX hard drive through the virtual SSD driver!&quot;,
+     &quot;description&quot;: &quot;You can&apos;t reboot the application without navigating the solid state EXE capacitor!&quot;,
+     &quot;message&quot;: &quot;Use the digital HDD monitor, then you can transmit the open-source alarm!&quot;,
+     &quot;summary&quot;: &quot;You can&apos;t transmit the transmitter without transmitting the auxiliary EXE monitor!&quot;,
    },
  ]

 ❯ src/test-suite-12.spec.ts:21:20
            </failure>
        </testcase>
        <testcase classname="src/test-suite-12.spec.ts" name="&apos;Compatible dynamic conglomeration&apos; &gt; &apos;If we index the matrix, we can get to…&apos;" time="0.000054375">
        </testcase>
        <testcase classname="src/test-suite-12.spec.ts" name="&apos;Compatible dynamic conglomeration&apos; &gt; &apos;You can\&apos;t calculate the capacitor wi…&apos;" time="0.00037875">
            <failure message="expected [ { …(3) }, { …(3) }, { …(3) }, …(1) ] to deeply equal [ { …(3) }, { …(3) }, { …(3) }, …(2) ]" type="AssertionError">
AssertionError: expected [ { …(3) }, { …(3) }, { …(3) }, …(1) ] to deeply equal [ { …(3) }, { …(3) }, { …(3) }, …(2) ]

- Expected
+ Received

  [
    {
-     &quot;description&quot;: &quot;You can&apos;t generate the program without synthesizing the solid state DNS feed!&quot;,
-     &quot;message&quot;: &quot;I&apos;ll bypass the primary DRAM bus, that should feed the SMS microchip!&quot;,
-     &quot;summary&quot;: &quot;We need to calculate the redundant EXE pixel!&quot;,
+     &quot;description&quot;: &quot;I&apos;ll copy the redundant RSS feed, that should transmitter the UDP firewall!&quot;,
+     &quot;message&quot;: &quot;We need to reboot the solid state AGP system!&quot;,
+     &quot;summary&quot;: &quot;If we reboot the capacitor, we can get to the HDD program through the primary JSON monitor!&quot;,
    },
    {
-     &quot;description&quot;: &quot;If we quantify the interface, we can get to the CLI alarm through the mobile API program!&quot;,
-     &quot;message&quot;: &quot;hacking the application won&apos;t do anything, we need to compress the online RAM matrix!&quot;,
-     &quot;summary&quot;: &quot;You can&apos;t parse the transmitter without indexing the back-end SMS application!&quot;,
-   },
-   {
-     &quot;description&quot;: &quot;connecting the capacitor won&apos;t do anything, we need to copy the open-source USB capacitor!&quot;,
-     &quot;message&quot;: &quot;If we back up the pixel, we can get to the SMS microchip through the redundant SCSI application!&quot;,
-     &quot;summary&quot;: &quot;Try to bypass the API system, maybe it will hack the back-end bus!&quot;,
+     &quot;description&quot;: &quot;You can&apos;t navigate the bus without generating the multi-byte UTF8 firewall!&quot;,
+     &quot;message&quot;: &quot;We need to reboot the redundant JSON firewall!&quot;,
+     &quot;summary&quot;: &quot;programming the application won&apos;t do anything, we need to quantify the neural CSS port!&quot;,
    },
    {
-     &quot;description&quot;: &quot;You can&apos;t override the firewall without compressing the wireless DNS port!&quot;,
-     &quot;message&quot;: &quot;You can&apos;t navigate the transmitter without bypassing the mobile COM pixel!&quot;,
-     &quot;summary&quot;: &quot;Use the auxiliary HTTP system, then you can quantify the virtual firewall!&quot;,
+     &quot;description&quot;: &quot;Try to back up the UTF8 application, maybe it will quantify the 1080p capacitor!&quot;,
+     &quot;message&quot;: &quot;The TCP microchip is down, parse the auxiliary port so we can program the USB capacitor!&quot;,
+     &quot;summary&quot;: &quot;transmitting the microchip won&apos;t do anything, we need to index the auxiliary DNS monitor!&quot;,
    },
    {
-     &quot;description&quot;: &quot;Use the open-source HTTP matrix, then you can index the 1080p driver!&quot;,
-     &quot;message&quot;: &quot;I&apos;ll index the solid state SCSI monitor, that should bandwidth the HDD pixel!&quot;,
-     &quot;summary&quot;: &quot;You can&apos;t copy the capacitor without programming the open-source JSON alarm!&quot;,
+     &quot;description&quot;: &quot;compressing the array won&apos;t do anything, we need to compress the wireless XML card!&quot;,
+     &quot;message&quot;: &quot;Try to index the OCR hard drive, maybe it will input the mobile feed!&quot;,
+     &quot;summary&quot;: &quot;The IP matrix is down, calculate the virtual firewall so we can generate the IP driver!&quot;,
    },
  ]

 ❯ src/test-suite-12.spec.ts:21:20
            </failure>
        </testcase>
        <testcase classname="src/test-suite-12.spec.ts" name="&apos;Compatible dynamic conglomeration&apos; &gt; &apos;You can\&apos;t reboot the system without …&apos;" time="0.000072208">
        </testcase>
        <testcase classname="src/test-suite-12.spec.ts" name="&apos;Compatible dynamic conglomeration&apos; &gt; &apos;Use the virtual JBOD bus, then you ca…&apos;" time="0.001404708">
            <failure message="expected [ { …(3) }, { …(3) }, { …(3) } ] to deeply equal [ { …(3) }, { …(3) }, { …(3) }, …(2) ]" type="AssertionError">
AssertionError: expected [ { …(3) }, { …(3) }, { …(3) } ] to deeply equal [ { …(3) }, { …(3) }, { …(3) }, …(2) ]

- Expected
+ Received

  [
    {
-     &quot;description&quot;: &quot;The HTTP circuit is down, input the back-end transmitter so we can quantify the CSS bandwidth!&quot;,
-     &quot;message&quot;: &quot;Try to input the CSS panel, maybe it will connect the primary pixel!&quot;,
-     &quot;summary&quot;: &quot;programming the bus won&apos;t do anything, we need to override the 1080p CSS array!&quot;,
+     &quot;description&quot;: &quot;Use the wireless EXE circuit, then you can synthesize the online firewall!&quot;,
+     &quot;message&quot;: &quot;We need to connect the auxiliary IB feed!&quot;,
+     &quot;summary&quot;: &quot;I&apos;ll back up the optical CSS program, that should matrix the USB monitor!&quot;,
    },
    {
-     &quot;description&quot;: &quot;We need to hack the open-source RSS program!&quot;,
-     &quot;message&quot;: &quot;We need to compress the open-source API application!&quot;,
-     &quot;summary&quot;: &quot;If we hack the feed, we can get to the CLI firewall through the online UDP interface!&quot;,
+     &quot;description&quot;: &quot;I&apos;ll bypass the online CSS driver, that should bus the HDD capacitor!&quot;,
+     &quot;message&quot;: &quot;I&apos;ll override the wireless AI circuit, that should array the OCR transmitter!&quot;,
+     &quot;summary&quot;: &quot;connecting the array won&apos;t do anything, we need to quantify the haptic JBOD bus!&quot;,
    },
    {
-     &quot;description&quot;: &quot;If we synthesize the pixel, we can get to the PCI feed through the auxiliary XSS port!&quot;,
-     &quot;message&quot;: &quot;Try to transmit the CSS hard drive, maybe it will compress the wireless protocol!&quot;,
-     &quot;summary&quot;: &quot;synthesizing the bandwidth won&apos;t do anything, we need to reboot the bluetooth SAS bus!&quot;,
-   },
-   {
-     &quot;description&quot;: &quot;Use the digital SQL panel, then you can copy the bluetooth transmitter!&quot;,
-     &quot;message&quot;: &quot;transmitting the circuit won&apos;t do anything, we need to navigate the haptic SSD driver!&quot;,
-     &quot;summary&quot;: &quot;Try to calculate the FTP application, maybe it will transmit the solid state application!&quot;,
-   },
-   {
-     &quot;description&quot;: &quot;We need to input the bluetooth HTTP microchip!&quot;,
-     &quot;message&quot;: &quot;I&apos;ll index the cross-platform VGA bandwidth, that should monitor the ASCII capacitor!&quot;,
-     &quot;summary&quot;: &quot;We need to override the virtual SMTP protocol!&quot;,
+     &quot;description&quot;: &quot;I&apos;ll bypass the auxiliary SCSI matrix, that should array the UTF8 array!&quot;,
+     &quot;message&quot;: &quot;programming the card won&apos;t do anything, we need to index the redundant VGA matrix!&quot;,
+     &quot;summary&quot;: &quot;The JSON card is down, program the multi-byte application so we can copy the SMTP alarm!&quot;,
    },
  ]

 ❯ src/test-suite-12.spec.ts:21:20
            </failure>
        </testcase>
        <testcase classname="src/test-suite-12.spec.ts" name="&apos;Compatible dynamic conglomeration&apos; &gt; &apos;Use the optical HTTP array, then you …&apos;" time="0.000073458">
        </testcase>
        <testcase classname="src/test-suite-12.spec.ts" name="&apos;Compatible dynamic conglomeration&apos; &gt; &apos;If we back up the firewall, we can ge…&apos;" time="0.00031975">
            <failure message="expected [ { …(3) }, { …(3) }, { …(3) }, …(1) ] to deeply equal [ { …(3) }, { …(3) }, { …(3) }, …(2) ]" type="AssertionError">
AssertionError: expected [ { …(3) }, { …(3) }, { …(3) }, …(1) ] to deeply equal [ { …(3) }, { …(3) }, { …(3) }, …(2) ]

- Expected
+ Received

  [
    {
-     &quot;description&quot;: &quot;We need to generate the redundant RSS program!&quot;,
-     &quot;message&quot;: &quot;You can&apos;t hack the firewall without generating the neural IP microchip!&quot;,
-     &quot;summary&quot;: &quot;bypassing the driver won&apos;t do anything, we need to generate the solid state TLS hard drive!&quot;,
+     &quot;description&quot;: &quot;We need to compress the open-source XML microchip!&quot;,
+     &quot;message&quot;: &quot;If we input the system, we can get to the CSS monitor through the open-source XSS card!&quot;,
+     &quot;summary&quot;: &quot;parsing the microchip won&apos;t do anything, we need to copy the redundant AGP panel!&quot;,
    },
    {
-     &quot;description&quot;: &quot;I&apos;ll parse the open-source JBOD panel, that should alarm the UTF8 hard drive!&quot;,
-     &quot;message&quot;: &quot;I&apos;ll generate the auxiliary PNG bus, that should bandwidth the FTP transmitter!&quot;,
-     &quot;summary&quot;: &quot;I&apos;ll bypass the virtual JSON sensor, that should bandwidth the FTP alarm!&quot;,
-   },
-   {
-     &quot;description&quot;: &quot;Try to reboot the JBOD system, maybe it will calculate the online matrix!&quot;,
-     &quot;message&quot;: &quot;connecting the microchip won&apos;t do anything, we need to reboot the online TCP microchip!&quot;,
-     &quot;summary&quot;: &quot;navigating the pixel won&apos;t do anything, we need to transmit the digital HDD sensor!&quot;,
+     &quot;description&quot;: &quot;If we copy the firewall, we can get to the SQL monitor through the wireless UTF8 port!&quot;,
+     &quot;message&quot;: &quot;Use the neural HEX port, then you can hack the cross-platform array!&quot;,
+     &quot;summary&quot;: &quot;overriding the protocol won&apos;t do anything, we need to calculate the primary UTF8 application!&quot;,
    },
    {
-     &quot;description&quot;: &quot;Use the open-source DNS microchip, then you can parse the virtual capacitor!&quot;,
-     &quot;message&quot;: &quot;I&apos;ll quantify the optical GB interface, that should application the CLI feed!&quot;,
-     &quot;summary&quot;: &quot;I&apos;ll parse the cross-platform PCI protocol, that should hard drive the SMTP pixel!&quot;,
+     &quot;description&quot;: &quot;You can&apos;t back up the bandwidth without copying the bluetooth XML panel!&quot;,
+     &quot;message&quot;: &quot;I&apos;ll transmit the online HTTP program, that should driver the UTF8 capacitor!&quot;,
+     &quot;summary&quot;: &quot;You can&apos;t override the card without copying the online FTP system!&quot;,
    },
    {
-     &quot;description&quot;: &quot;I&apos;ll connect the solid state PCI bandwidth, that should pixel the TLS microchip!&quot;,
-     &quot;message&quot;: &quot;Try to bypass the SQL program, maybe it will program the open-source alarm!&quot;,
-     &quot;summary&quot;: &quot;The SQL feed is down, override the primary circuit so we can synthesize the SCSI firewall!&quot;,
+     &quot;description&quot;: &quot;Use the redundant ASCII bandwidth, then you can input the mobile panel!&quot;,
+     &quot;message&quot;: &quot;Try to index the CSS circuit, maybe it will quantify the open-source array!&quot;,
+     &quot;summary&quot;: &quot;Use the redundant JBOD alarm, then you can generate the primary feed!&quot;,
    },
  ]

 ❯ src/test-suite-12.spec.ts:21:20
            </failure>
        </testcase>
        <testcase classname="src/test-suite-12.spec.ts" name="&apos;Compatible dynamic conglomeration&apos; &gt; &apos;We need to compress the bluetooth SSD…&apos;" time="0.000054833">
        </testcase>
        <testcase classname="src/test-suite-12.spec.ts" name="&apos;Compatible dynamic conglomeration&apos; &gt; &apos;If we connect the panel, we can get t…&apos;" time="0.000313625">
            <failure message="expected [ { …(3) }, { …(3) }, { …(3) }, …(2) ] to deeply equal [ { …(3) }, { …(3) }, { …(3) }, …(2) ]" type="AssertionError">
AssertionError: expected [ { …(3) }, { …(3) }, { …(3) }, …(2) ] to deeply equal [ { …(3) }, { …(3) }, { …(3) }, …(2) ]

- Expected
+ Received

  [
    {
-     &quot;description&quot;: &quot;If we bypass the monitor, we can get to the RAM application through the virtual HDD capacitor!&quot;,
-     &quot;message&quot;: &quot;I&apos;ll input the bluetooth RSS protocol, that should system the HEX array!&quot;,
-     &quot;summary&quot;: &quot;I&apos;ll quantify the mobile SAS driver, that should interface the GB port!&quot;,
+     &quot;description&quot;: &quot;I&apos;ll override the redundant USB card, that should pixel the SMTP firewall!&quot;,
+     &quot;message&quot;: &quot;transmitting the monitor won&apos;t do anything, we need to input the wireless API sensor!&quot;,
+     &quot;summary&quot;: &quot;I&apos;ll quantify the haptic XML feed, that should application the HTTP capacitor!&quot;,
    },
    {
-     &quot;description&quot;: &quot;The SMS interface is down, parse the online pixel so we can bypass the SMS driver!&quot;,
-     &quot;message&quot;: &quot;You can&apos;t copy the capacitor without indexing the auxiliary HDD hard drive!&quot;,
-     &quot;summary&quot;: &quot;Use the auxiliary VGA capacitor, then you can bypass the multi-byte system!&quot;,
+     &quot;description&quot;: &quot;We need to synthesize the bluetooth RAM application!&quot;,
+     &quot;message&quot;: &quot;Try to index the PNG array, maybe it will quantify the haptic bandwidth!&quot;,
+     &quot;summary&quot;: &quot;The JBOD card is down, input the primary capacitor so we can reboot the API circuit!&quot;,
    },
    {
-     &quot;description&quot;: &quot;If we synthesize the feed, we can get to the SMS bandwidth through the haptic SMS bandwidth!&quot;,
-     &quot;message&quot;: &quot;Use the neural VGA program, then you can program the online sensor!&quot;,
-     &quot;summary&quot;: &quot;Try to reboot the AI interface, maybe it will bypass the multi-byte transmitter!&quot;,
+     &quot;description&quot;: &quot;generating the program won&apos;t do anything, we need to transmit the multi-byte JSON firewall!&quot;,
+     &quot;message&quot;: &quot;The SMS transmitter is down, synthesize the wireless application so we can calculate the EXE driver!&quot;,
+     &quot;summary&quot;: &quot;synthesizing the bandwidth won&apos;t do anything, we need to index the virtual SSD bus!&quot;,
    },
    {
-     &quot;description&quot;: &quot;We need to synthesize the primary SMS monitor!&quot;,
-     &quot;message&quot;: &quot;If we quantify the program, we can get to the XML capacitor through the back-end HTTP system!&quot;,
-     &quot;summary&quot;: &quot;Try to quantify the GB sensor, maybe it will bypass the back-end panel!&quot;,
+     &quot;description&quot;: &quot;Use the mobile VGA bandwidth, then you can parse the auxiliary interface!&quot;,
+     &quot;message&quot;: &quot;quantifying the alarm won&apos;t do anything, we need to hack the digital HTTP transmitter!&quot;,
+     &quot;summary&quot;: &quot;Use the auxiliary ADP application, then you can copy the wireless port!&quot;,
    },
    {
-     &quot;description&quot;: &quot;Try to navigate the API microchip, maybe it will bypass the haptic alarm!&quot;,
-     &quot;message&quot;: &quot;The HTTP pixel is down, generate the auxiliary application so we can generate the PCI driver!&quot;,
-     &quot;summary&quot;: &quot;The SDD capacitor is down, transmit the cross-platform card so we can index the ASCII matrix!&quot;,
+     &quot;description&quot;: &quot;If we calculate the bandwidth, we can get to the TCP sensor through the wireless HTTP driver!&quot;,
+     &quot;message&quot;: &quot;You can&apos;t input the sensor without hacking the auxiliary SCSI bandwidth!&quot;,
+     &quot;summary&quot;: &quot;You can&apos;t bypass the system without overriding the primary FTP microchip!&quot;,
    },
  ]

 ❯ src/test-suite-12.spec.ts:21:20
            </failure>
        </testcase>
        <testcase classname="src/test-suite-12.spec.ts" name="&apos;Compatible dynamic conglomeration&apos; &gt; &apos;Try to input the JSON interface, mayb…&apos;" time="0.000051209">
        </testcase>
        <testcase classname="src/test-suite-12.spec.ts" name="&apos;Compatible dynamic conglomeration&apos; &gt; &apos;Try to parse the ADP card, maybe it w…&apos;" time="0.000260041">
            <failure message="expected [ { …(3) }, { …(3) }, { …(3) }, …(1) ] to deeply equal [ { …(3) }, { …(3) }, { …(3) }, …(1) ]" type="AssertionError">
AssertionError: expected [ { …(3) }, { …(3) }, { …(3) }, …(1) ] to deeply equal [ { …(3) }, { …(3) }, { …(3) }, …(1) ]

- Expected
+ Received

  [
    {
-     &quot;description&quot;: &quot;I&apos;ll input the wireless DNS interface, that should microchip the TCP hard drive!&quot;,
-     &quot;message&quot;: &quot;Try to reboot the OCR transmitter, maybe it will program the wireless firewall!&quot;,
-     &quot;summary&quot;: &quot;We need to bypass the solid state IP bandwidth!&quot;,
+     &quot;description&quot;: &quot;We need to connect the digital SQL firewall!&quot;,
+     &quot;message&quot;: &quot;You can&apos;t generate the card without parsing the redundant SCSI microchip!&quot;,
+     &quot;summary&quot;: &quot;If we back up the port, we can get to the HDD array through the bluetooth CSS protocol!&quot;,
    },
    {
-     &quot;description&quot;: &quot;Try to parse the PNG sensor, maybe it will connect the digital protocol!&quot;,
-     &quot;message&quot;: &quot;Use the digital HTTP microchip, then you can transmit the cross-platform monitor!&quot;,
-     &quot;summary&quot;: &quot;You can&apos;t navigate the bandwidth without backing up the neural TLS card!&quot;,
+     &quot;description&quot;: &quot;Use the multi-byte SAS matrix, then you can bypass the online matrix!&quot;,
+     &quot;message&quot;: &quot;Use the neural OCR card, then you can bypass the 1080p bus!&quot;,
+     &quot;summary&quot;: &quot;The IP firewall is down, synthesize the haptic port so we can bypass the IP firewall!&quot;,
    },
    {
-     &quot;description&quot;: &quot;The SCSI array is down, program the solid state alarm so we can transmit the HTTP feed!&quot;,
-     &quot;message&quot;: &quot;I&apos;ll generate the digital COM protocol, that should transmitter the RAM capacitor!&quot;,
-     &quot;summary&quot;: &quot;Try to compress the SAS panel, maybe it will calculate the auxiliary bus!&quot;,
+     &quot;description&quot;: &quot;I&apos;ll copy the solid state GB monitor, that should driver the AGP application!&quot;,
+     &quot;message&quot;: &quot;If we program the monitor, we can get to the SMTP feed through the digital AI system!&quot;,
+     &quot;summary&quot;: &quot;Try to compress the UTF8 protocol, maybe it will copy the multi-byte application!&quot;,
    },
    {
-     &quot;description&quot;: &quot;Use the auxiliary AI circuit, then you can reboot the 1080p bandwidth!&quot;,
-     &quot;message&quot;: &quot;Try to input the SSL capacitor, maybe it will back up the bluetooth system!&quot;,
-     &quot;summary&quot;: &quot;bypassing the bus won&apos;t do anything, we need to copy the wireless CSS bandwidth!&quot;,
+     &quot;description&quot;: &quot;You can&apos;t generate the circuit without synthesizing the solid state VGA firewall!&quot;,
+     &quot;message&quot;: &quot;If we copy the feed, we can get to the OCR feed through the wireless EXE microchip!&quot;,
+     &quot;summary&quot;: &quot;We need to compress the wireless ASCII matrix!&quot;,
    },
  ]

 ❯ src/test-suite-12.spec.ts:21:20
            </failure>
        </testcase>
        <testcase classname="src/test-suite-12.spec.ts" name="&apos;Compatible dynamic conglomeration&apos; &gt; &apos;I\&apos;ll index the back-end ADP capacito…&apos;" time="0.000039">
        </testcase>
        <testcase classname="src/test-suite-12.spec.ts" name="&apos;Compatible dynamic conglomeration&apos; &gt; &apos;We need to connect the redundant USB …&apos;" time="0.000235083">
            <failure message="expected [ { …(3) }, { …(3) }, { …(3) }, …(1) ] to deeply equal [ { …(3) }, { …(3) }, { …(3) } ]" type="AssertionError">
AssertionError: expected [ { …(3) }, { …(3) }, { …(3) }, …(1) ] to deeply equal [ { …(3) }, { …(3) }, { …(3) } ]

- Expected
+ Received

  [
    {
-     &quot;description&quot;: &quot;backing up the interface won&apos;t do anything, we need to transmit the cross-platform TLS capacitor!&quot;,
-     &quot;message&quot;: &quot;You can&apos;t connect the pixel without hacking the redundant SDD panel!&quot;,
-     &quot;summary&quot;: &quot;I&apos;ll program the optical JSON program, that should port the JSON bandwidth!&quot;,
+     &quot;description&quot;: &quot;The HEX program is down, synthesize the virtual panel so we can synthesize the RSS firewall!&quot;,
+     &quot;message&quot;: &quot;If we generate the hard drive, we can get to the SMS bus through the redundant HTTP program!&quot;,
+     &quot;summary&quot;: &quot;I&apos;ll input the redundant RAM circuit, that should feed the UDP bus!&quot;,
+   },
+   {
+     &quot;description&quot;: &quot;If we program the transmitter, we can get to the PCI bandwidth through the wireless OCR feed!&quot;,
+     &quot;message&quot;: &quot;Use the redundant SMS pixel, then you can navigate the auxiliary interface!&quot;,
+     &quot;summary&quot;: &quot;indexing the monitor won&apos;t do anything, we need to hack the haptic OCR application!&quot;,
    },
    {
-     &quot;description&quot;: &quot;We need to quantify the solid state VGA pixel!&quot;,
-     &quot;message&quot;: &quot;We need to override the bluetooth HTTP firewall!&quot;,
-     &quot;summary&quot;: &quot;We need to synthesize the online CSS driver!&quot;,
+     &quot;description&quot;: &quot;If we transmit the sensor, we can get to the DRAM feed through the primary PNG matrix!&quot;,
+     &quot;message&quot;: &quot;Try to program the SMS firewall, maybe it will index the back-end panel!&quot;,
+     &quot;summary&quot;: &quot;Try to connect the SSL alarm, maybe it will synthesize the back-end program!&quot;,
    },
    {
-     &quot;description&quot;: &quot;Use the bluetooth IP bandwidth, then you can generate the redundant card!&quot;,
-     &quot;message&quot;: &quot;Try to input the OCR feed, maybe it will copy the back-end sensor!&quot;,
-     &quot;summary&quot;: &quot;You can&apos;t hack the bus without indexing the mobile SSL array!&quot;,
+     &quot;description&quot;: &quot;parsing the panel won&apos;t do anything, we need to calculate the online UDP monitor!&quot;,
+     &quot;message&quot;: &quot;If we quantify the transmitter, we can get to the TLS transmitter through the multi-byte JBOD card!&quot;,
+     &quot;summary&quot;: &quot;I&apos;ll input the optical IP sensor, that should circuit the IB feed!&quot;,
    },
  ]

 ❯ src/test-suite-12.spec.ts:21:20
            </failure>
        </testcase>
        <testcase classname="src/test-suite-12.spec.ts" name="&apos;Compatible dynamic conglomeration&apos; &gt; &apos;I\&apos;ll override the back-end DNS feed,…&apos;" time="0.0000435">
        </testcase>
        <testcase classname="src/test-suite-12.spec.ts" name="&apos;Compatible dynamic conglomeration&apos; &gt; &apos;If we reboot the application, we can …&apos;" time="0.000296459">
            <failure message="expected [ { …(3) }, { …(3) }, { …(3) }, …(2) ] to deeply equal [ { …(3) }, { …(3) }, { …(3) }, …(1) ]" type="AssertionError">
AssertionError: expected [ { …(3) }, { …(3) }, { …(3) }, …(2) ] to deeply equal [ { …(3) }, { …(3) }, { …(3) }, …(1) ]

- Expected
+ Received

  [
    {
-     &quot;description&quot;: &quot;I&apos;ll calculate the neural TLS matrix, that should program the XSS protocol!&quot;,
-     &quot;message&quot;: &quot;I&apos;ll hack the neural AI bus, that should matrix the IB matrix!&quot;,
-     &quot;summary&quot;: &quot;bypassing the microchip won&apos;t do anything, we need to program the online SCSI sensor!&quot;,
+     &quot;description&quot;: &quot;Try to index the THX application, maybe it will back up the back-end sensor!&quot;,
+     &quot;message&quot;: &quot;If we override the transmitter, we can get to the CLI microchip through the virtual COM pixel!&quot;,
+     &quot;summary&quot;: &quot;I&apos;ll reboot the redundant XML application, that should capacitor the SSD matrix!&quot;,
    },
    {
-     &quot;description&quot;: &quot;I&apos;ll copy the redundant TLS sensor, that should port the FTP application!&quot;,
-     &quot;message&quot;: &quot;backing up the alarm won&apos;t do anything, we need to back up the online JBOD feed!&quot;,
-     &quot;summary&quot;: &quot;I&apos;ll reboot the haptic PCI microchip, that should port the GB hard drive!&quot;,
+     &quot;description&quot;: &quot;You can&apos;t generate the matrix without synthesizing the back-end CSS capacitor!&quot;,
+     &quot;message&quot;: &quot;If we program the program, we can get to the GB transmitter through the 1080p SCSI sensor!&quot;,
+     &quot;summary&quot;: &quot;We need to generate the redundant SMTP interface!&quot;,
+   },
+   {
+     &quot;description&quot;: &quot;We need to override the back-end EXE application!&quot;,
+     &quot;message&quot;: &quot;You can&apos;t navigate the transmitter without generating the neural AGP alarm!&quot;,
+     &quot;summary&quot;: &quot;Use the primary SAS monitor, then you can input the primary matrix!&quot;,
    },
    {
-     &quot;description&quot;: &quot;The DNS program is down, calculate the wireless panel so we can copy the DNS port!&quot;,
-     &quot;message&quot;: &quot;The RSS feed is down, bypass the optical alarm so we can compress the DRAM matrix!&quot;,
-     &quot;summary&quot;: &quot;Try to back up the HTTP firewall, maybe it will navigate the redundant application!&quot;,
+     &quot;description&quot;: &quot;Try to calculate the SQL system, maybe it will back up the 1080p firewall!&quot;,
+     &quot;message&quot;: &quot;indexing the pixel won&apos;t do anything, we need to index the optical VGA firewall!&quot;,
+     &quot;summary&quot;: &quot;The CSS pixel is down, reboot the online bandwidth so we can parse the VGA microchip!&quot;,
    },
    {
-     &quot;description&quot;: &quot;You can&apos;t hack the sensor without backing up the neural VGA protocol!&quot;,
-     &quot;message&quot;: &quot;You can&apos;t navigate the interface without calculating the haptic TCP feed!&quot;,
-     &quot;summary&quot;: &quot;I&apos;ll compress the wireless JSON system, that should circuit the HTTP alarm!&quot;,
+     &quot;description&quot;: &quot;We need to input the redundant SSL microchip!&quot;,
+     &quot;message&quot;: &quot;If we navigate the matrix, we can get to the AGP protocol through the haptic SQL system!&quot;,
+     &quot;summary&quot;: &quot;We need to compress the wireless ADP transmitter!&quot;,
    },
  ]

 ❯ src/test-suite-12.spec.ts:21:20
            </failure>
        </testcase>
        <testcase classname="src/test-suite-12.spec.ts" name="&apos;Virtual tertiary budgetary management&apos; &gt; &apos;The COM bandwidth is down, bypass the…&apos;" time="0.0002365">
            <failure message="expected [ { …(3) }, { …(3) }, { …(3) }, …(1) ] to deeply equal [ { …(3) }, { …(3) } ]" type="AssertionError">
AssertionError: expected [ { …(3) }, { …(3) }, { …(3) }, …(1) ] to deeply equal [ { …(3) }, { …(3) } ]

- Expected
+ Received

  [
    {
-     &quot;description&quot;: &quot;We need to bypass the neural RAM circuit!&quot;,
-     &quot;message&quot;: &quot;Try to hack the CLI firewall, maybe it will back up the digital transmitter!&quot;,
-     &quot;summary&quot;: &quot;You can&apos;t back up the interface without calculating the virtual HTTP microchip!&quot;,
+     &quot;description&quot;: &quot;Try to override the OCR bandwidth, maybe it will program the online transmitter!&quot;,
+     &quot;message&quot;: &quot;I&apos;ll calculate the redundant AI pixel, that should program the SQL bus!&quot;,
+     &quot;summary&quot;: &quot;If we quantify the alarm, we can get to the IB panel through the virtual DRAM microchip!&quot;,
    },
    {
-     &quot;description&quot;: &quot;The CSS sensor is down, bypass the neural system so we can synthesize the SQL hard drive!&quot;,
-     &quot;message&quot;: &quot;I&apos;ll input the wireless JSON protocol, that should capacitor the CLI system!&quot;,
-     &quot;summary&quot;: &quot;backing up the port won&apos;t do anything, we need to calculate the redundant DRAM driver!&quot;,
+     &quot;description&quot;: &quot;Try to reboot the JSON port, maybe it will synthesize the primary array!&quot;,
+     &quot;message&quot;: &quot;parsing the microchip won&apos;t do anything, we need to navigate the auxiliary USB bus!&quot;,
+     &quot;summary&quot;: &quot;The ADP alarm is down, quantify the cross-platform hard drive so we can connect the SMTP alarm!&quot;,
+   },
+   {
+     &quot;description&quot;: &quot;We need to compress the wireless DNS matrix!&quot;,
+     &quot;message&quot;: &quot;copying the hard drive won&apos;t do anything, we need to synthesize the open-source JBOD card!&quot;,
+     &quot;summary&quot;: &quot;The TLS panel is down, connect the cross-platform sensor so we can input the VGA monitor!&quot;,
+   },
+   {
+     &quot;description&quot;: &quot;If we hack the card, we can get to the SCSI bus through the solid state RSS port!&quot;,
+     &quot;message&quot;: &quot;You can&apos;t generate the panel without quantifying the haptic SMS interface!&quot;,
+     &quot;summary&quot;: &quot;I&apos;ll override the primary CSS protocol, that should system the VGA hard drive!&quot;,
    },
  ]

 ❯ src/test-suite-12.spec.ts:21:20
            </failure>
        </testcase>
        <testcase classname="src/test-suite-12.spec.ts" name="&apos;Virtual tertiary budgetary management&apos; &gt; &apos;transmitting the pixel won\&apos;t do anyt…&apos;" time="0.000132708">
        </testcase>
        <testcase classname="src/test-suite-12.spec.ts" name="&apos;Virtual tertiary budgetary management&apos; &gt; &apos;synthesizing the circuit won\&apos;t do an…&apos;" time="0.000361333">
            <failure message="expected [ { …(3) }, { …(3) }, { …(3) }, …(2) ] to deeply equal [ { …(3) }, { …(3) }, { …(3) }, …(1) ]" type="AssertionError">
AssertionError: expected [ { …(3) }, { …(3) }, { …(3) }, …(2) ] to deeply equal [ { …(3) }, { …(3) }, { …(3) }, …(1) ]

- Expected
+ Received

  [
    {
-     &quot;description&quot;: &quot;calculating the hard drive won&apos;t do anything, we need to transmit the bluetooth ADP system!&quot;,
-     &quot;message&quot;: &quot;I&apos;ll reboot the haptic AI pixel, that should pixel the HTTP protocol!&quot;,
-     &quot;summary&quot;: &quot;If we transmit the interface, we can get to the OCR pixel through the virtual RSS pixel!&quot;,
+     &quot;description&quot;: &quot;I&apos;ll synthesize the virtual CSS panel, that should hard drive the FTP array!&quot;,
+     &quot;message&quot;: &quot;Try to reboot the FTP sensor, maybe it will compress the multi-byte monitor!&quot;,
+     &quot;summary&quot;: &quot;If we calculate the port, we can get to the SSL capacitor through the bluetooth RAM program!&quot;,
    },
    {
-     &quot;description&quot;: &quot;I&apos;ll program the virtual EXE protocol, that should capacitor the SMS matrix!&quot;,
-     &quot;message&quot;: &quot;Use the back-end AGP pixel, then you can copy the neural circuit!&quot;,
-     &quot;summary&quot;: &quot;You can&apos;t copy the array without overriding the online HTTP circuit!&quot;,
+     &quot;description&quot;: &quot;If we quantify the capacitor, we can get to the PNG bus through the optical SMS matrix!&quot;,
+     &quot;message&quot;: &quot;The RAM hard drive is down, compress the bluetooth bandwidth so we can navigate the TCP alarm!&quot;,
+     &quot;summary&quot;: &quot;You can&apos;t input the firewall without backing up the primary VGA protocol!&quot;,
+   },
+   {
+     &quot;description&quot;: &quot;I&apos;ll hack the mobile SMS matrix, that should protocol the HEX application!&quot;,
+     &quot;message&quot;: &quot;programming the panel won&apos;t do anything, we need to override the mobile JBOD program!&quot;,
+     &quot;summary&quot;: &quot;Use the optical PCI protocol, then you can copy the mobile sensor!&quot;,
    },
    {
-     &quot;description&quot;: &quot;If we program the card, we can get to the SQL microchip through the open-source DNS port!&quot;,
-     &quot;message&quot;: &quot;Try to hack the SSL interface, maybe it will synthesize the redundant feed!&quot;,
-     &quot;summary&quot;: &quot;Use the multi-byte CSS matrix, then you can copy the wireless array!&quot;,
+     &quot;description&quot;: &quot;I&apos;ll copy the optical SQL driver, that should feed the SCSI bandwidth!&quot;,
+     &quot;message&quot;: &quot;Try to index the SDD card, maybe it will index the open-source hard drive!&quot;,
+     &quot;summary&quot;: &quot;Try to input the RAM capacitor, maybe it will navigate the optical interface!&quot;,
    },
    {
-     &quot;description&quot;: &quot;We need to parse the bluetooth SDD pixel!&quot;,
-     &quot;message&quot;: &quot;The SMS application is down, parse the open-source panel so we can hack the JSON circuit!&quot;,
-     &quot;summary&quot;: &quot;overriding the feed won&apos;t do anything, we need to index the 1080p SAS transmitter!&quot;,
+     &quot;description&quot;: &quot;If we input the array, we can get to the DRAM interface through the mobile AGP protocol!&quot;,
+     &quot;message&quot;: &quot;We need to hack the online VGA port!&quot;,
+     &quot;summary&quot;: &quot;We need to navigate the back-end DRAM protocol!&quot;,
    },
  ]

 ❯ src/test-suite-12.spec.ts:21:20
            </failure>
        </testcase>
        <testcase classname="src/test-suite-12.spec.ts" name="&apos;Virtual tertiary budgetary management&apos; &gt; &apos;generating the capacitor won\&apos;t do an…&apos;" time="0.000054334">
        </testcase>
        <testcase classname="src/test-suite-12.spec.ts" name="&apos;Virtual tertiary budgetary management&apos; &gt; &apos;I\&apos;ll quantify the auxiliary HDD matr…&apos;" time="0.000260125">
            <failure message="expected [ { …(3) }, { …(3) }, { …(3) }, …(1) ] to deeply equal [ { …(3) }, { …(3) }, { …(3) } ]" type="AssertionError">
AssertionError: expected [ { …(3) }, { …(3) }, { …(3) }, …(1) ] to deeply equal [ { …(3) }, { …(3) }, { …(3) } ]

- Expected
+ Received

  [
    {
-     &quot;description&quot;: &quot;I&apos;ll connect the digital RSS hard drive, that should matrix the JBOD application!&quot;,
-     &quot;message&quot;: &quot;We need to quantify the digital XML bus!&quot;,
-     &quot;summary&quot;: &quot;You can&apos;t generate the circuit without copying the auxiliary EXE circuit!&quot;,
+     &quot;description&quot;: &quot;If we calculate the application, we can get to the TLS port through the solid state HEX card!&quot;,
+     &quot;message&quot;: &quot;Use the online USB port, then you can quantify the solid state hard drive!&quot;,
+     &quot;summary&quot;: &quot;Try to calculate the SCSI program, maybe it will reboot the 1080p driver!&quot;,
+   },
+   {
+     &quot;description&quot;: &quot;backing up the alarm won&apos;t do anything, we need to program the digital SMS bus!&quot;,
+     &quot;message&quot;: &quot;You can&apos;t hack the monitor without programming the online UDP alarm!&quot;,
+     &quot;summary&quot;: &quot;The SQL panel is down, navigate the online application so we can synthesize the HDD panel!&quot;,
    },
    {
-     &quot;description&quot;: &quot;I&apos;ll program the virtual IB application, that should transmitter the SDD matrix!&quot;,
-     &quot;message&quot;: &quot;transmitting the bandwidth won&apos;t do anything, we need to parse the cross-platform UDP capacitor!&quot;,
-     &quot;summary&quot;: &quot;calculating the feed won&apos;t do anything, we need to input the wireless HDD port!&quot;,
+     &quot;description&quot;: &quot;If we generate the firewall, we can get to the HEX system through the haptic DRAM monitor!&quot;,
+     &quot;message&quot;: &quot;I&apos;ll override the cross-platform CLI firewall, that should array the API bus!&quot;,
+     &quot;summary&quot;: &quot;Use the digital XSS alarm, then you can index the neural protocol!&quot;,
    },
    {
-     &quot;description&quot;: &quot;We need to transmit the virtual JSON firewall!&quot;,
-     &quot;message&quot;: &quot;You can&apos;t copy the array without transmitting the wireless PNG panel!&quot;,
-     &quot;summary&quot;: &quot;Try to bypass the DNS microchip, maybe it will override the neural transmitter!&quot;,
+     &quot;description&quot;: &quot;You can&apos;t input the microchip without calculating the open-source SQL matrix!&quot;,
+     &quot;message&quot;: &quot;If we parse the array, we can get to the JSON hard drive through the back-end UTF8 application!&quot;,
+     &quot;summary&quot;: &quot;compressing the card won&apos;t do anything, we need to calculate the mobile HEX firewall!&quot;,
    },
  ]

 ❯ src/test-suite-12.spec.ts:21:20
            </failure>
        </testcase>
        <testcase classname="src/test-suite-12.spec.ts" name="&apos;Virtual tertiary budgetary management&apos; &gt; &apos;I\&apos;ll parse the haptic AI array, that…&apos;" time="0.000038">
        </testcase>
        <testcase classname="src/test-suite-12.spec.ts" name="&apos;Virtual tertiary budgetary management&apos; &gt; &apos;Try to connect the OCR firewall, mayb…&apos;" time="0.000281375">
            <failure message="expected [ { …(3) }, { …(3) }, { …(3) }, …(2) ] to deeply equal [ { …(3) }, { …(3) }, { …(3) }, …(1) ]" type="AssertionError">
AssertionError: expected [ { …(3) }, { …(3) }, { …(3) }, …(2) ] to deeply equal [ { …(3) }, { …(3) }, { …(3) }, …(1) ]

- Expected
+ Received

  [
    {
-     &quot;description&quot;: &quot;You can&apos;t calculate the driver without navigating the multi-byte CLI array!&quot;,
-     &quot;message&quot;: &quot;I&apos;ll index the redundant USB program, that should application the IP bandwidth!&quot;,
-     &quot;summary&quot;: &quot;Use the redundant GB bandwidth, then you can navigate the multi-byte sensor!&quot;,
+     &quot;description&quot;: &quot;If we back up the array, we can get to the ASCII transmitter through the 1080p AGP monitor!&quot;,
+     &quot;message&quot;: &quot;I&apos;ll compress the primary IP hard drive, that should application the HDD driver!&quot;,
+     &quot;summary&quot;: &quot;Use the neural VGA feed, then you can bypass the 1080p protocol!&quot;,
    },
    {
-     &quot;description&quot;: &quot;We need to transmit the wireless DNS card!&quot;,
-     &quot;message&quot;: &quot;We need to reboot the back-end CLI program!&quot;,
-     &quot;summary&quot;: &quot;You can&apos;t bypass the array without transmitting the virtual FTP driver!&quot;,
+     &quot;description&quot;: &quot;We need to calculate the online TCP matrix!&quot;,
+     &quot;message&quot;: &quot;We need to copy the bluetooth IB microchip!&quot;,
+     &quot;summary&quot;: &quot;I&apos;ll transmit the online SQL panel, that should program the AGP feed!&quot;,
+   },
+   {
+     &quot;description&quot;: &quot;compressing the application won&apos;t do anything, we need to reboot the wireless AI interface!&quot;,
+     &quot;message&quot;: &quot;Try to bypass the IB application, maybe it will override the auxiliary interface!&quot;,
+     &quot;summary&quot;: &quot;I&apos;ll hack the cross-platform API circuit, that should port the OCR monitor!&quot;,
    },
    {
-     &quot;description&quot;: &quot;connecting the microchip won&apos;t do anything, we need to copy the primary DRAM interface!&quot;,
-     &quot;message&quot;: &quot;synthesizing the system won&apos;t do anything, we need to compress the online DRAM circuit!&quot;,
-     &quot;summary&quot;: &quot;backing up the transmitter won&apos;t do anything, we need to override the back-end RAM firewall!&quot;,
+     &quot;description&quot;: &quot;We need to back up the back-end API port!&quot;,
+     &quot;message&quot;: &quot;Try to compress the VGA alarm, maybe it will connect the multi-byte feed!&quot;,
+     &quot;summary&quot;: &quot;You can&apos;t compress the panel without parsing the 1080p SCSI application!&quot;,
    },
    {
-     &quot;description&quot;: &quot;You can&apos;t calculate the pixel without compressing the open-source ASCII capacitor!&quot;,
-     &quot;message&quot;: &quot;We need to back up the redundant ASCII panel!&quot;,
-     &quot;summary&quot;: &quot;We need to bypass the auxiliary IB port!&quot;,
+     &quot;description&quot;: &quot;You can&apos;t parse the driver without synthesizing the haptic SQL firewall!&quot;,
+     &quot;message&quot;: &quot;Use the optical AI array, then you can navigate the neural protocol!&quot;,
+     &quot;summary&quot;: &quot;Try to input the PNG application, maybe it will program the redundant bandwidth!&quot;,
    },
  ]

 ❯ src/test-suite-12.spec.ts:21:20
            </failure>
        </testcase>
        <testcase classname="src/test-suite-12.spec.ts" name="&apos;Virtual tertiary budgetary management&apos; &gt; &apos;The HEX interface is down, hack the o…&apos;" time="0.000042416">
        </testcase>
        <testcase classname="src/test-suite-12.spec.ts" name="&apos;Virtual tertiary budgetary management&apos; &gt; &apos;You can\&apos;t input the array without ge…&apos;" time="0.000272709">
            <failure message="expected [ { …(3) }, { …(3) }, { …(3) }, …(2) ] to deeply equal [ { …(3) }, { …(3) }, { …(3) } ]" type="AssertionError">
AssertionError: expected [ { …(3) }, { …(3) }, { …(3) }, …(2) ] to deeply equal [ { …(3) }, { …(3) }, { …(3) } ]

- Expected
+ Received

  [
    {
-     &quot;description&quot;: &quot;Use the haptic XML bandwidth, then you can parse the 1080p sensor!&quot;,
-     &quot;message&quot;: &quot;We need to input the online TCP system!&quot;,
-     &quot;summary&quot;: &quot;I&apos;ll compress the redundant TCP transmitter, that should capacitor the UTF8 microchip!&quot;,
+     &quot;description&quot;: &quot;You can&apos;t connect the monitor without generating the cross-platform ASCII driver!&quot;,
+     &quot;message&quot;: &quot;If we bypass the application, we can get to the PCI matrix through the cross-platform UDP program!&quot;,
+     &quot;summary&quot;: &quot;Use the open-source COM transmitter, then you can reboot the multi-byte application!&quot;,
    },
    {
-     &quot;description&quot;: &quot;You can&apos;t back up the pixel without copying the primary AI panel!&quot;,
-     &quot;message&quot;: &quot;You can&apos;t connect the feed without navigating the neural ASCII program!&quot;,
-     &quot;summary&quot;: &quot;Try to compress the API capacitor, maybe it will calculate the mobile interface!&quot;,
+     &quot;description&quot;: &quot;If we back up the pixel, we can get to the DRAM hard drive through the cross-platform UTF8 sensor!&quot;,
+     &quot;message&quot;: &quot;The XSS feed is down, navigate the open-source circuit so we can back up the SAS pixel!&quot;,
+     &quot;summary&quot;: &quot;The UTF8 panel is down, transmit the optical hard drive so we can generate the VGA alarm!&quot;,
    },
    {
-     &quot;description&quot;: &quot;Use the optical ADP alarm, then you can copy the wireless transmitter!&quot;,
-     &quot;message&quot;: &quot;Use the open-source VGA card, then you can reboot the wireless bus!&quot;,
-     &quot;summary&quot;: &quot;Try to hack the TLS matrix, maybe it will quantify the 1080p system!&quot;,
+     &quot;description&quot;: &quot;You can&apos;t connect the bandwidth without calculating the solid state SSL protocol!&quot;,
+     &quot;message&quot;: &quot;The AGP port is down, quantify the bluetooth monitor so we can parse the UTF8 application!&quot;,
+     &quot;summary&quot;: &quot;transmitting the interface won&apos;t do anything, we need to generate the open-source ASCII protocol!&quot;,
+   },
+   {
+     &quot;description&quot;: &quot;We need to input the primary HEX alarm!&quot;,
+     &quot;message&quot;: &quot;I&apos;ll connect the online CLI array, that should array the TLS card!&quot;,
+     &quot;summary&quot;: &quot;If we generate the alarm, we can get to the IB sensor through the digital TCP monitor!&quot;,
+   },
+   {
+     &quot;description&quot;: &quot;parsing the matrix won&apos;t do anything, we need to reboot the redundant AI application!&quot;,
+     &quot;message&quot;: &quot;We need to connect the mobile ADP application!&quot;,
+     &quot;summary&quot;: &quot;Try to bypass the RAM protocol, maybe it will bypass the haptic system!&quot;,
    },
  ]

 ❯ src/test-suite-12.spec.ts:21:20
            </failure>
        </testcase>
        <testcase classname="src/test-suite-12.spec.ts" name="&apos;Virtual tertiary budgetary management&apos; &gt; &apos;Use the redundant SSL system, then yo…&apos;" time="0.000049416">
        </testcase>
        <testcase classname="src/test-suite-12.spec.ts" name="&apos;Virtual tertiary budgetary management&apos; &gt; &apos;Use the multi-byte HDD monitor, then …&apos;" time="0.000267083">
            <failure message="expected [ { …(3) }, { …(3) }, { …(3) }, …(1) ] to deeply equal [ { …(3) }, { …(3) }, { …(3) }, …(1) ]" type="AssertionError">
AssertionError: expected [ { …(3) }, { …(3) }, { …(3) }, …(1) ] to deeply equal [ { …(3) }, { …(3) }, { …(3) }, …(1) ]

- Expected
+ Received

  [
    {
-     &quot;description&quot;: &quot;navigating the protocol won&apos;t do anything, we need to override the multi-byte SSL port!&quot;,
-     &quot;message&quot;: &quot;Use the virtual HDD interface, then you can back up the primary bandwidth!&quot;,
-     &quot;summary&quot;: &quot;Try to back up the SDD firewall, maybe it will program the back-end pixel!&quot;,
+     &quot;description&quot;: &quot;compressing the feed won&apos;t do anything, we need to generate the open-source TCP program!&quot;,
+     &quot;message&quot;: &quot;Try to connect the UTF8 program, maybe it will synthesize the multi-byte driver!&quot;,
+     &quot;summary&quot;: &quot;If we connect the feed, we can get to the SAS panel through the solid state IP protocol!&quot;,
    },
    {
-     &quot;description&quot;: &quot;We need to index the auxiliary HTTP port!&quot;,
-     &quot;message&quot;: &quot;The UDP driver is down, navigate the 1080p monitor so we can bypass the EXE sensor!&quot;,
-     &quot;summary&quot;: &quot;You can&apos;t back up the system without transmitting the primary XSS hard drive!&quot;,
+     &quot;description&quot;: &quot;If we connect the alarm, we can get to the XSS microchip through the cross-platform SAS protocol!&quot;,
+     &quot;message&quot;: &quot;Use the auxiliary SSD sensor, then you can generate the solid state system!&quot;,
+     &quot;summary&quot;: &quot;synthesizing the firewall won&apos;t do anything, we need to bypass the back-end RAM microchip!&quot;,
    },
    {
-     &quot;description&quot;: &quot;I&apos;ll index the back-end HTTP hard drive, that should bandwidth the HDD hard drive!&quot;,
-     &quot;message&quot;: &quot;We need to index the bluetooth FTP matrix!&quot;,
-     &quot;summary&quot;: &quot;The TCP bandwidth is down, reboot the primary firewall so we can bypass the XSS panel!&quot;,
+     &quot;description&quot;: &quot;If we navigate the circuit, we can get to the GB bandwidth through the 1080p CLI pixel!&quot;,
+     &quot;message&quot;: &quot;I&apos;ll transmit the virtual UTF8 system, that should circuit the CLI monitor!&quot;,
+     &quot;summary&quot;: &quot;You can&apos;t copy the capacitor without generating the digital CLI firewall!&quot;,
    },
    {
-     &quot;description&quot;: &quot;Use the haptic TCP monitor, then you can parse the digital array!&quot;,
-     &quot;message&quot;: &quot;Use the multi-byte IP circuit, then you can parse the back-end transmitter!&quot;,
-     &quot;summary&quot;: &quot;You can&apos;t reboot the interface without compressing the virtual RAM transmitter!&quot;,
+     &quot;description&quot;: &quot;If we synthesize the card, we can get to the COM application through the online XSS firewall!&quot;,
+     &quot;message&quot;: &quot;You can&apos;t copy the capacitor without copying the open-source USB system!&quot;,
+     &quot;summary&quot;: &quot;If we connect the feed, we can get to the AI feed through the digital SDD monitor!&quot;,
    },
  ]

 ❯ src/test-suite-12.spec.ts:21:20
            </failure>
        </testcase>
        <testcase classname="src/test-suite-12.spec.ts" name="&apos;Virtual tertiary budgetary management&apos; &gt; &apos;indexing the protocol won\&apos;t do anyth…&apos;" time="0.000051959">
        </testcase>
        <testcase classname="src/test-suite-12.spec.ts" name="&apos;Virtual tertiary budgetary management&apos; &gt; &apos;You can\&apos;t copy the system without in…&apos;" time="0.000240791">
            <failure message="expected [ { …(3) }, { …(3) } ] to deeply equal [ { …(3) }, { …(3) }, { …(3) }, …(2) ]" type="AssertionError">
AssertionError: expected [ { …(3) }, { …(3) } ] to deeply equal [ { …(3) }, { …(3) }, { …(3) }, …(2) ]

- Expected
+ Received

  [
    {
-     &quot;description&quot;: &quot;The SQL transmitter is down, synthesize the online bus so we can copy the USB bus!&quot;,
-     &quot;message&quot;: &quot;Try to reboot the GB circuit, maybe it will copy the open-source monitor!&quot;,
-     &quot;summary&quot;: &quot;We need to calculate the solid state IP interface!&quot;,
-   },
-   {
-     &quot;description&quot;: &quot;I&apos;ll bypass the multi-byte DRAM system, that should matrix the AGP firewall!&quot;,
-     &quot;message&quot;: &quot;Try to compress the OCR hard drive, maybe it will transmit the haptic protocol!&quot;,
-     &quot;summary&quot;: &quot;The DNS microchip is down, navigate the digital microchip so we can parse the OCR array!&quot;,
-   },
-   {
-     &quot;description&quot;: &quot;If we reboot the bus, we can get to the OCR card through the redundant JSON transmitter!&quot;,
-     &quot;message&quot;: &quot;The HTTP program is down, reboot the digital system so we can hack the XSS matrix!&quot;,
-     &quot;summary&quot;: &quot;I&apos;ll quantify the digital GB transmitter, that should application the CLI system!&quot;,
-   },
-   {
-     &quot;description&quot;: &quot;I&apos;ll input the 1080p API interface, that should protocol the SMS program!&quot;,
-     &quot;message&quot;: &quot;We need to back up the auxiliary HDD bus!&quot;,
-     &quot;summary&quot;: &quot;The PCI bus is down, quantify the cross-platform alarm so we can compress the UTF8 interface!&quot;,
+     &quot;description&quot;: &quot;I&apos;ll override the open-source GB port, that should sensor the ASCII bandwidth!&quot;,
+     &quot;message&quot;: &quot;The HTTP system is down, connect the optical capacitor so we can hack the GB microchip!&quot;,
+     &quot;summary&quot;: &quot;Try to index the ADP driver, maybe it will calculate the wireless protocol!&quot;,
    },
    {
-     &quot;description&quot;: &quot;parsing the capacitor won&apos;t do anything, we need to override the open-source SSL matrix!&quot;,
-     &quot;message&quot;: &quot;Use the neural SMS sensor, then you can input the primary system!&quot;,
-     &quot;summary&quot;: &quot;programming the feed won&apos;t do anything, we need to reboot the cross-platform RAM driver!&quot;,
+     &quot;description&quot;: &quot;I&apos;ll index the wireless JSON system, that should panel the XML system!&quot;,
+     &quot;message&quot;: &quot;I&apos;ll calculate the mobile PCI alarm, that should alarm the VGA circuit!&quot;,
+     &quot;summary&quot;: &quot;You can&apos;t parse the protocol without quantifying the mobile HDD port!&quot;,
    },
  ]

 ❯ src/test-suite-12.spec.ts:21:20
            </failure>
        </testcase>
        <testcase classname="src/test-suite-12.spec.ts" name="&apos;Virtual tertiary budgetary management&apos; &gt; &apos;I\&apos;ll compress the cross-platform FTP…&apos;" time="0.000035666">
        </testcase>
        <testcase classname="src/test-suite-12.spec.ts" name="&apos;Virtual tertiary budgetary management&apos; &gt; &apos;Try to input the SDD feed, maybe it w…&apos;" time="0.000202375">
            <failure message="expected [ { …(3) }, { …(3) } ] to deeply equal [ { …(3) }, { …(3) }, { …(3) } ]" type="AssertionError">
AssertionError: expected [ { …(3) }, { …(3) } ] to deeply equal [ { …(3) }, { …(3) }, { …(3) } ]

- Expected
+ Received

  [
    {
-     &quot;description&quot;: &quot;We need to synthesize the optical IP card!&quot;,
-     &quot;message&quot;: &quot;The XSS matrix is down, generate the primary system so we can bypass the XSS bandwidth!&quot;,
-     &quot;summary&quot;: &quot;copying the alarm won&apos;t do anything, we need to navigate the redundant IP program!&quot;,
-   },
-   {
-     &quot;description&quot;: &quot;You can&apos;t index the driver without calculating the redundant SSL bandwidth!&quot;,
-     &quot;message&quot;: &quot;We need to transmit the back-end OCR microchip!&quot;,
-     &quot;summary&quot;: &quot;If we index the matrix, we can get to the SSL driver through the primary HDD application!&quot;,
+     &quot;description&quot;: &quot;If we copy the microchip, we can get to the OCR port through the virtual THX panel!&quot;,
+     &quot;message&quot;: &quot;You can&apos;t compress the program without bypassing the bluetooth RAM hard drive!&quot;,
+     &quot;summary&quot;: &quot;You can&apos;t program the capacitor without hacking the open-source EXE circuit!&quot;,
    },
    {
-     &quot;description&quot;: &quot;programming the interface won&apos;t do anything, we need to transmit the haptic GB pixel!&quot;,
-     &quot;message&quot;: &quot;The SDD driver is down, copy the mobile circuit so we can compress the OCR protocol!&quot;,
-     &quot;summary&quot;: &quot;Try to quantify the HEX protocol, maybe it will back up the neural array!&quot;,
+     &quot;description&quot;: &quot;Try to generate the ADP array, maybe it will input the bluetooth program!&quot;,
+     &quot;message&quot;: &quot;Try to reboot the PCI driver, maybe it will parse the online firewall!&quot;,
+     &quot;summary&quot;: &quot;If we synthesize the panel, we can get to the HDD bus through the primary DRAM card!&quot;,
    },
  ]

 ❯ src/test-suite-12.spec.ts:21:20
            </failure>
        </testcase>
        <testcase classname="src/test-suite-12.spec.ts" name="&apos;Virtual tertiary budgetary management&apos; &gt; &apos;You can\&apos;t quantify the bus without c…&apos;" time="0.000053708">
        </testcase>
        <testcase classname="src/test-suite-12.spec.ts" name="&apos;Virtual tertiary budgetary management&apos; &gt; &apos;We need to program the virtual SMTP p…&apos;" time="0.00023275">
            <failure message="expected [ { …(3) }, { …(3) }, { …(3) }, …(1) ] to deeply equal [ { …(3) }, { …(3) } ]" type="AssertionError">
AssertionError: expected [ { …(3) }, { …(3) }, { …(3) }, …(1) ] to deeply equal [ { …(3) }, { …(3) } ]

- Expected
+ Received

  [
    {
-     &quot;description&quot;: &quot;If we hack the bandwidth, we can get to the IB microchip through the haptic UDP protocol!&quot;,
-     &quot;message&quot;: &quot;We need to generate the digital ADP feed!&quot;,
-     &quot;summary&quot;: &quot;Use the multi-byte SMS transmitter, then you can calculate the redundant pixel!&quot;,
+     &quot;description&quot;: &quot;Try to quantify the EXE card, maybe it will connect the online matrix!&quot;,
+     &quot;message&quot;: &quot;The OCR feed is down, calculate the wireless program so we can hack the ADP array!&quot;,
+     &quot;summary&quot;: &quot;I&apos;ll quantify the cross-platform RAM feed, that should feed the PNG pixel!&quot;,
    },
    {
-     &quot;description&quot;: &quot;We need to copy the auxiliary SQL protocol!&quot;,
-     &quot;message&quot;: &quot;The SSD transmitter is down, navigate the neural card so we can calculate the AGP interface!&quot;,
-     &quot;summary&quot;: &quot;You can&apos;t generate the transmitter without programming the haptic CLI monitor!&quot;,
+     &quot;description&quot;: &quot;I&apos;ll hack the auxiliary HTTP capacitor, that should driver the SMTP panel!&quot;,
+     &quot;message&quot;: &quot;I&apos;ll copy the digital VGA microchip, that should microchip the DNS bandwidth!&quot;,
+     &quot;summary&quot;: &quot;Use the back-end SSD system, then you can transmit the open-source alarm!&quot;,
+   },
+   {
+     &quot;description&quot;: &quot;Use the open-source ADP protocol, then you can index the wireless card!&quot;,
+     &quot;message&quot;: &quot;Use the cross-platform CLI microchip, then you can reboot the 1080p matrix!&quot;,
+     &quot;summary&quot;: &quot;We need to compress the redundant PNG bus!&quot;,
+   },
+   {
+     &quot;description&quot;: &quot;I&apos;ll input the mobile SSD program, that should bus the IB feed!&quot;,
+     &quot;message&quot;: &quot;We need to reboot the neural THX capacitor!&quot;,
+     &quot;summary&quot;: &quot;If we index the pixel, we can get to the RSS circuit through the cross-platform SCSI circuit!&quot;,
    },
  ]

 ❯ src/test-suite-12.spec.ts:21:20
            </failure>
        </testcase>
        <testcase classname="src/test-suite-12.spec.ts" name="&apos;Virtual tertiary budgetary management&apos; &gt; &apos;If we program the firewall, we can ge…&apos;" time="0.000059375">
        </testcase>
        <testcase classname="src/test-suite-12.spec.ts" name="&apos;Virtual tertiary budgetary management&apos; &gt; &apos;We need to navigate the back-end IP c…&apos;" time="0.00019875">
            <failure message="expected [ { …(3) }, { …(3) }, { …(3) } ] to deeply equal [ { …(3) }, { …(3) } ]" type="AssertionError">
AssertionError: expected [ { …(3) }, { …(3) }, { …(3) } ] to deeply equal [ { …(3) }, { …(3) } ]

- Expected
+ Received

  [
    {
-     &quot;description&quot;: &quot;You can&apos;t parse the monitor without copying the online SQL monitor!&quot;,
-     &quot;message&quot;: &quot;connecting the alarm won&apos;t do anything, we need to parse the virtual API application!&quot;,
-     &quot;summary&quot;: &quot;Use the haptic GB matrix, then you can back up the haptic pixel!&quot;,
+     &quot;description&quot;: &quot;Use the auxiliary JSON feed, then you can bypass the auxiliary program!&quot;,
+     &quot;message&quot;: &quot;If we connect the firewall, we can get to the TLS card through the optical TCP panel!&quot;,
+     &quot;summary&quot;: &quot;You can&apos;t back up the monitor without hacking the virtual SDD sensor!&quot;,
+   },
+   {
+     &quot;description&quot;: &quot;I&apos;ll copy the optical COM firewall, that should microchip the PCI application!&quot;,
+     &quot;message&quot;: &quot;The HDD port is down, input the back-end system so we can connect the OCR monitor!&quot;,
+     &quot;summary&quot;: &quot;Try to quantify the EXE bandwidth, maybe it will transmit the back-end alarm!&quot;,
    },
    {
-     &quot;description&quot;: &quot;parsing the program won&apos;t do anything, we need to index the mobile CSS port!&quot;,
-     &quot;message&quot;: &quot;We need to reboot the cross-platform COM program!&quot;,
-     &quot;summary&quot;: &quot;Use the redundant API port, then you can override the haptic driver!&quot;,
+     &quot;description&quot;: &quot;You can&apos;t index the array without parsing the multi-byte XSS circuit!&quot;,
+     &quot;message&quot;: &quot;quantifying the driver won&apos;t do anything, we need to input the neural API sensor!&quot;,
+     &quot;summary&quot;: &quot;Use the neural CLI panel, then you can copy the haptic card!&quot;,
    },
  ]

 ❯ src/test-suite-12.spec.ts:21:20
            </failure>
        </testcase>
        <testcase classname="src/test-suite-12.spec.ts" name="&apos;Virtual tertiary budgetary management&apos; &gt; &apos;If we calculate the panel, we can get…&apos;" time="0.000052583">
        </testcase>
        <testcase classname="src/test-suite-12.spec.ts" name="&apos;Virtual tertiary budgetary management&apos; &gt; &apos;We need to bypass the redundant SCSI …&apos;" time="0.00023225">
            <failure message="expected [ { …(3) }, { …(3) }, { …(3) }, …(1) ] to deeply equal [ { …(3) }, { …(3) } ]" type="AssertionError">
AssertionError: expected [ { …(3) }, { …(3) }, { …(3) }, …(1) ] to deeply equal [ { …(3) }, { …(3) } ]

- Expected
+ Received

  [
    {
-     &quot;description&quot;: &quot;Use the open-source SSD microchip, then you can calculate the back-end alarm!&quot;,
-     &quot;message&quot;: &quot;synthesizing the capacitor won&apos;t do anything, we need to transmit the primary FTP capacitor!&quot;,
-     &quot;summary&quot;: &quot;I&apos;ll calculate the solid state SQL alarm, that should bandwidth the SSL interface!&quot;,
+     &quot;description&quot;: &quot;Use the bluetooth SSL monitor, then you can navigate the open-source matrix!&quot;,
+     &quot;message&quot;: &quot;The JBOD array is down, connect the mobile bus so we can program the IP application!&quot;,
+     &quot;summary&quot;: &quot;The SSL microchip is down, back up the virtual bus so we can override the THX firewall!&quot;,
    },
    {
-     &quot;description&quot;: &quot;We need to index the mobile FTP transmitter!&quot;,
-     &quot;message&quot;: &quot;Use the optical AI bus, then you can generate the primary microchip!&quot;,
-     &quot;summary&quot;: &quot;I&apos;ll input the open-source SMS sensor, that should interface the EXE protocol!&quot;,
+     &quot;description&quot;: &quot;We need to input the virtual SMS application!&quot;,
+     &quot;message&quot;: &quot;If we connect the hard drive, we can get to the GB application through the multi-byte USB matrix!&quot;,
+     &quot;summary&quot;: &quot;The IP microchip is down, copy the primary program so we can copy the CSS firewall!&quot;,
+   },
+   {
+     &quot;description&quot;: &quot;quantifying the port won&apos;t do anything, we need to connect the neural XSS circuit!&quot;,
+     &quot;message&quot;: &quot;bypassing the port won&apos;t do anything, we need to generate the wireless HTTP monitor!&quot;,
+     &quot;summary&quot;: &quot;copying the interface won&apos;t do anything, we need to compress the online SSD program!&quot;,
+   },
+   {
+     &quot;description&quot;: &quot;I&apos;ll synthesize the digital SSD array, that should protocol the THX program!&quot;,
+     &quot;message&quot;: &quot;You can&apos;t synthesize the application without indexing the wireless TCP driver!&quot;,
+     &quot;summary&quot;: &quot;I&apos;ll hack the 1080p DNS port, that should feed the THX bus!&quot;,
    },
  ]

 ❯ src/test-suite-12.spec.ts:21:20
            </failure>
        </testcase>
        <testcase classname="src/test-suite-12.spec.ts" name="&apos;Virtual tertiary budgetary management&apos; &gt; &apos;The HDD application is down, transmit…&apos;" time="0.000039042">
        </testcase>
        <testcase classname="src/test-suite-12.spec.ts" name="&apos;Virtual tertiary budgetary management&apos; &gt; &apos;If we synthesize the card, we can get…&apos;" time="0.000310875">
            <failure message="expected [ { …(3) }, { …(3) }, { …(3) }, …(2) ] to deeply equal [ { …(3) }, { …(3) } ]" type="AssertionError">
AssertionError: expected [ { …(3) }, { …(3) }, { …(3) }, …(2) ] to deeply equal [ { …(3) }, { …(3) } ]

- Expected
+ Received

  [
    {
-     &quot;description&quot;: &quot;We need to index the online RAM panel!&quot;,
-     &quot;message&quot;: &quot;Use the wireless RSS capacitor, then you can input the wireless pixel!&quot;,
-     &quot;summary&quot;: &quot;Try to connect the AGP port, maybe it will transmit the auxiliary monitor!&quot;,
+     &quot;description&quot;: &quot;If we generate the bandwidth, we can get to the SAS circuit through the primary PCI microchip!&quot;,
+     &quot;message&quot;: &quot;We need to compress the back-end RSS protocol!&quot;,
+     &quot;summary&quot;: &quot;The AI array is down, parse the optical capacitor so we can program the ADP alarm!&quot;,
+   },
+   {
+     &quot;description&quot;: &quot;The FTP circuit is down, override the optical circuit so we can parse the EXE protocol!&quot;,
+     &quot;message&quot;: &quot;Use the open-source RAM program, then you can bypass the back-end array!&quot;,
+     &quot;summary&quot;: &quot;You can&apos;t generate the driver without overriding the wireless UTF8 program!&quot;,
+   },
+   {
+     &quot;description&quot;: &quot;Try to generate the TLS application, maybe it will back up the online panel!&quot;,
+     &quot;message&quot;: &quot;We need to input the mobile RSS driver!&quot;,
+     &quot;summary&quot;: &quot;Try to input the IB sensor, maybe it will connect the multi-byte feed!&quot;,
+   },
+   {
+     &quot;description&quot;: &quot;Use the online GB interface, then you can compress the solid state program!&quot;,
+     &quot;message&quot;: &quot;You can&apos;t override the sensor without calculating the solid state DRAM sensor!&quot;,
+     &quot;summary&quot;: &quot;Use the multi-byte VGA sensor, then you can override the haptic system!&quot;,
    },
    {
-     &quot;description&quot;: &quot;Use the multi-byte HEX hard drive, then you can transmit the digital bandwidth!&quot;,
-     &quot;message&quot;: &quot;I&apos;ll back up the virtual VGA capacitor, that should interface the PCI application!&quot;,
-     &quot;summary&quot;: &quot;Try to navigate the SAS pixel, maybe it will transmit the auxiliary port!&quot;,
+     &quot;description&quot;: &quot;You can&apos;t copy the program without navigating the wireless XSS bandwidth!&quot;,
+     &quot;message&quot;: &quot;We need to quantify the wireless SSL panel!&quot;,
+     &quot;summary&quot;: &quot;navigating the application won&apos;t do anything, we need to override the bluetooth DRAM interface!&quot;,
    },
  ]

 ❯ src/test-suite-12.spec.ts:21:20
            </failure>
        </testcase>
        <testcase classname="src/test-suite-12.spec.ts" name="&apos;Virtual tertiary budgetary management&apos; &gt; &apos;You can\&apos;t quantify the program witho…&apos;" time="0.000053167">
        </testcase>
        <testcase classname="src/test-suite-12.spec.ts" name="&apos;Virtual tertiary budgetary management&apos; &gt; &apos;navigating the system won\&apos;t do anyth…&apos;" time="0.000310083">
            <failure message="expected [ { …(3) }, { …(3) } ] to deeply equal [ { …(3) }, { …(3) }, { …(3) }, …(2) ]" type="AssertionError">
AssertionError: expected [ { …(3) }, { …(3) } ] to deeply equal [ { …(3) }, { …(3) }, { …(3) }, …(2) ]

- Expected
+ Received

  [
    {
-     &quot;description&quot;: &quot;Use the 1080p IB feed, then you can index the redundant system!&quot;,
-     &quot;message&quot;: &quot;The SQL feed is down, generate the neural sensor so we can copy the DRAM bandwidth!&quot;,
-     &quot;summary&quot;: &quot;quantifying the microchip won&apos;t do anything, we need to back up the wireless SAS panel!&quot;,
-   },
-   {
-     &quot;description&quot;: &quot;Use the solid state SMS transmitter, then you can quantify the primary monitor!&quot;,
-     &quot;message&quot;: &quot;You can&apos;t navigate the system without bypassing the back-end TLS card!&quot;,
-     &quot;summary&quot;: &quot;The XML bandwidth is down, connect the bluetooth bandwidth so we can input the IP hard drive!&quot;,
-   },
-   {
-     &quot;description&quot;: &quot;The USB application is down, synthesize the 1080p interface so we can quantify the RSS circuit!&quot;,
-     &quot;message&quot;: &quot;I&apos;ll back up the cross-platform SAS port, that should card the CSS hard drive!&quot;,
-     &quot;summary&quot;: &quot;Try to hack the SQL microchip, maybe it will synthesize the cross-platform panel!&quot;,
-   },
-   {
-     &quot;description&quot;: &quot;If we navigate the capacitor, we can get to the XSS system through the haptic PNG protocol!&quot;,
-     &quot;message&quot;: &quot;We need to generate the multi-byte PCI program!&quot;,
-     &quot;summary&quot;: &quot;If we navigate the hard drive, we can get to the DRAM matrix through the back-end SMS transmitter!&quot;,
+     &quot;description&quot;: &quot;I&apos;ll input the auxiliary COM pixel, that should feed the SDD driver!&quot;,
+     &quot;message&quot;: &quot;I&apos;ll synthesize the solid state IP monitor, that should hard drive the COM system!&quot;,
+     &quot;summary&quot;: &quot;You can&apos;t synthesize the driver without connecting the optical GB firewall!&quot;,
    },
    {
-     &quot;description&quot;: &quot;If we override the port, we can get to the ASCII card through the redundant JSON port!&quot;,
-     &quot;message&quot;: &quot;The UTF8 microchip is down, quantify the virtual pixel so we can generate the API protocol!&quot;,
-     &quot;summary&quot;: &quot;Use the bluetooth TLS pixel, then you can back up the redundant program!&quot;,
+     &quot;description&quot;: &quot;You can&apos;t reboot the transmitter without indexing the primary IP port!&quot;,
+     &quot;message&quot;: &quot;I&apos;ll navigate the optical PNG protocol, that should bus the AGP panel!&quot;,
+     &quot;summary&quot;: &quot;Use the bluetooth DNS matrix, then you can reboot the online interface!&quot;,
    },
  ]

 ❯ src/test-suite-12.spec.ts:21:20
            </failure>
        </testcase>
        <testcase classname="src/test-suite-12.spec.ts" name="&apos;Virtual tertiary budgetary management&apos; &gt; &apos;If we index the matrix, we can get to…&apos;" time="0.000052208">
        </testcase>
        <testcase classname="src/test-suite-12.spec.ts" name="&apos;Virtual tertiary budgetary management&apos; &gt; &apos;You can\&apos;t calculate the capacitor wi…&apos;" time="0.000265541">
            <failure message="expected [ { …(3) }, { …(3) } ] to deeply equal [ { …(3) }, { …(3) }, { …(3) }, …(2) ]" type="AssertionError">
AssertionError: expected [ { …(3) }, { …(3) } ] to deeply equal [ { …(3) }, { …(3) }, { …(3) }, …(2) ]

- Expected
+ Received

  [
    {
-     &quot;description&quot;: &quot;You can&apos;t program the matrix without parsing the digital FTP circuit!&quot;,
-     &quot;message&quot;: &quot;You can&apos;t back up the transmitter without calculating the virtual AGP panel!&quot;,
-     &quot;summary&quot;: &quot;If we index the microchip, we can get to the ASCII bus through the 1080p HDD driver!&quot;,
-   },
-   {
-     &quot;description&quot;: &quot;You can&apos;t program the feed without hacking the virtual RAM port!&quot;,
-     &quot;message&quot;: &quot;We need to transmit the neural API hard drive!&quot;,
-     &quot;summary&quot;: &quot;You can&apos;t hack the capacitor without quantifying the auxiliary JBOD monitor!&quot;,
-   },
-   {
-     &quot;description&quot;: &quot;Use the solid state SCSI capacitor, then you can override the online monitor!&quot;,
-     &quot;message&quot;: &quot;Try to override the SCSI application, maybe it will transmit the neural circuit!&quot;,
-     &quot;summary&quot;: &quot;I&apos;ll copy the mobile PNG application, that should firewall the IB program!&quot;,
-   },
-   {
-     &quot;description&quot;: &quot;I&apos;ll parse the wireless DNS firewall, that should system the JBOD sensor!&quot;,
-     &quot;message&quot;: &quot;backing up the system won&apos;t do anything, we need to compress the online RSS system!&quot;,
-     &quot;summary&quot;: &quot;The HEX system is down, hack the redundant application so we can synthesize the ADP bus!&quot;,
+     &quot;description&quot;: &quot;transmitting the monitor won&apos;t do anything, we need to transmit the online PNG application!&quot;,
+     &quot;message&quot;: &quot;The RSS bus is down, generate the bluetooth pixel so we can transmit the JSON system!&quot;,
+     &quot;summary&quot;: &quot;You can&apos;t synthesize the bus without compressing the auxiliary VGA port!&quot;,
    },
    {
-     &quot;description&quot;: &quot;Use the wireless GB bus, then you can quantify the open-source protocol!&quot;,
-     &quot;message&quot;: &quot;I&apos;ll compress the solid state AGP capacitor, that should application the GB driver!&quot;,
-     &quot;summary&quot;: &quot;We need to input the virtual FTP protocol!&quot;,
+     &quot;description&quot;: &quot;If we transmit the interface, we can get to the VGA program through the virtual AI application!&quot;,
+     &quot;message&quot;: &quot;If we compress the firewall, we can get to the TCP pixel through the solid state SSD protocol!&quot;,
+     &quot;summary&quot;: &quot;If we program the interface, we can get to the AI microchip through the online UDP monitor!&quot;,
    },
  ]

 ❯ src/test-suite-12.spec.ts:21:20
            </failure>
        </testcase>
        <testcase classname="src/test-suite-12.spec.ts" name="&apos;Virtual tertiary budgetary management&apos; &gt; &apos;You can\&apos;t reboot the system without …&apos;" time="0.000044292">
        </testcase>
        <testcase classname="src/test-suite-12.spec.ts" name="&apos;Virtual tertiary budgetary management&apos; &gt; &apos;Use the virtual JBOD bus, then you ca…&apos;" time="0.000330708">
            <failure message="expected [ { …(3) }, { …(3) }, { …(3) }, …(1) ] to deeply equal [ { …(3) }, { …(3) }, { …(3) } ]" type="AssertionError">
AssertionError: expected [ { …(3) }, { …(3) }, { …(3) }, …(1) ] to deeply equal [ { …(3) }, { …(3) }, { …(3) } ]

- Expected
+ Received

  [
    {
-     &quot;description&quot;: &quot;We need to bypass the solid state RSS protocol!&quot;,
-     &quot;message&quot;: &quot;I&apos;ll override the primary SMS card, that should transmitter the USB sensor!&quot;,
-     &quot;summary&quot;: &quot;The SCSI transmitter is down, hack the online bandwidth so we can parse the TCP program!&quot;,
+     &quot;description&quot;: &quot;Try to compress the SMS application, maybe it will transmit the digital bandwidth!&quot;,
+     &quot;message&quot;: &quot;Use the redundant JSON protocol, then you can program the open-source firewall!&quot;,
+     &quot;summary&quot;: &quot;We need to copy the wireless IB protocol!&quot;,
+   },
+   {
+     &quot;description&quot;: &quot;Use the wireless JSON monitor, then you can generate the open-source system!&quot;,
+     &quot;message&quot;: &quot;You can&apos;t calculate the system without generating the neural SQL microchip!&quot;,
+     &quot;summary&quot;: &quot;I&apos;ll navigate the wireless SMS system, that should hard drive the IP application!&quot;,
    },
    {
-     &quot;description&quot;: &quot;If we calculate the bandwidth, we can get to the THX card through the auxiliary SSL driver!&quot;,
-     &quot;message&quot;: &quot;I&apos;ll reboot the virtual IP protocol, that should hard drive the CSS protocol!&quot;,
-     &quot;summary&quot;: &quot;The CSS matrix is down, index the cross-platform monitor so we can program the RSS driver!&quot;,
+     &quot;description&quot;: &quot;You can&apos;t copy the application without transmitting the auxiliary SQL driver!&quot;,
+     &quot;message&quot;: &quot;Use the mobile JSON pixel, then you can back up the neural panel!&quot;,
+     &quot;summary&quot;: &quot;Use the open-source UTF8 card, then you can program the multi-byte matrix!&quot;,
    },
    {
-     &quot;description&quot;: &quot;backing up the circuit won&apos;t do anything, we need to synthesize the primary RAM feed!&quot;,
-     &quot;message&quot;: &quot;Try to index the HDD panel, maybe it will connect the neural feed!&quot;,
-     &quot;summary&quot;: &quot;We need to copy the open-source HTTP protocol!&quot;,
+     &quot;description&quot;: &quot;Try to back up the JBOD feed, maybe it will quantify the solid state microchip!&quot;,
+     &quot;message&quot;: &quot;compressing the port won&apos;t do anything, we need to input the optical CSS pixel!&quot;,
+     &quot;summary&quot;: &quot;The DRAM bus is down, navigate the cross-platform alarm so we can bypass the OCR sensor!&quot;,
    },
  ]

 ❯ src/test-suite-12.spec.ts:21:20
            </failure>
        </testcase>
        <testcase classname="src/test-suite-12.spec.ts" name="&apos;Virtual tertiary budgetary management&apos; &gt; &apos;Use the optical HTTP array, then you …&apos;" time="0.000055291">
        </testcase>
        <testcase classname="src/test-suite-12.spec.ts" name="&apos;Virtual tertiary budgetary management&apos; &gt; &apos;If we back up the firewall, we can ge…&apos;" time="0.000262916">
            <failure message="expected [ { …(3) }, { …(3) }, { …(3) }, …(1) ] to deeply equal [ { …(3) }, { …(3) } ]" type="AssertionError">
AssertionError: expected [ { …(3) }, { …(3) }, { …(3) }, …(1) ] to deeply equal [ { …(3) }, { …(3) } ]

- Expected
+ Received

  [
    {
-     &quot;description&quot;: &quot;generating the microchip won&apos;t do anything, we need to parse the haptic IP driver!&quot;,
-     &quot;message&quot;: &quot;I&apos;ll input the mobile IB port, that should program the ADP monitor!&quot;,
-     &quot;summary&quot;: &quot;Try to calculate the AI driver, maybe it will reboot the open-source matrix!&quot;,
+     &quot;description&quot;: &quot;Use the cross-platform DRAM application, then you can program the cross-platform port!&quot;,
+     &quot;message&quot;: &quot;Use the haptic UTF8 panel, then you can copy the cross-platform sensor!&quot;,
+     &quot;summary&quot;: &quot;We need to override the haptic DNS port!&quot;,
    },
    {
-     &quot;description&quot;: &quot;Use the optical SSD system, then you can synthesize the online bandwidth!&quot;,
-     &quot;message&quot;: &quot;We need to transmit the optical TCP card!&quot;,
-     &quot;summary&quot;: &quot;We need to reboot the back-end SSL monitor!&quot;,
+     &quot;description&quot;: &quot;If we quantify the bus, we can get to the HTTP port through the online RAM capacitor!&quot;,
+     &quot;message&quot;: &quot;If we override the interface, we can get to the IB sensor through the solid state HTTP sensor!&quot;,
+     &quot;summary&quot;: &quot;You can&apos;t override the system without connecting the bluetooth ADP bus!&quot;,
+   },
+   {
+     &quot;description&quot;: &quot;Try to compress the ADP array, maybe it will generate the redundant bus!&quot;,
+     &quot;message&quot;: &quot;The SMTP system is down, copy the 1080p port so we can back up the IP program!&quot;,
+     &quot;summary&quot;: &quot;We need to calculate the bluetooth PNG system!&quot;,
+   },
+   {
+     &quot;description&quot;: &quot;Try to compress the HDD interface, maybe it will bypass the virtual card!&quot;,
+     &quot;message&quot;: &quot;Use the auxiliary PNG card, then you can generate the 1080p firewall!&quot;,
+     &quot;summary&quot;: &quot;I&apos;ll quantify the bluetooth UDP application, that should card the ADP bus!&quot;,
    },
  ]

 ❯ src/test-suite-12.spec.ts:21:20
            </failure>
        </testcase>
        <testcase classname="src/test-suite-12.spec.ts" name="&apos;Virtual tertiary budgetary management&apos; &gt; &apos;We need to compress the bluetooth SSD…&apos;" time="0.000038542">
        </testcase>
        <testcase classname="src/test-suite-12.spec.ts" name="&apos;Virtual tertiary budgetary management&apos; &gt; &apos;If we connect the panel, we can get t…&apos;" time="0.000254375">
            <failure message="expected [ { …(3) }, { …(3) }, { …(3) }, …(1) ] to deeply equal [ { …(3) }, { …(3) } ]" type="AssertionError">
AssertionError: expected [ { …(3) }, { …(3) }, { …(3) }, …(1) ] to deeply equal [ { …(3) }, { …(3) } ]

- Expected
+ Received

  [
    {
-     &quot;description&quot;: &quot;I&apos;ll synthesize the open-source UDP port, that should array the SSD feed!&quot;,
-     &quot;message&quot;: &quot;I&apos;ll bypass the multi-byte CLI panel, that should program the JBOD capacitor!&quot;,
-     &quot;summary&quot;: &quot;If we parse the bandwidth, we can get to the XML pixel through the primary PNG feed!&quot;,
+     &quot;description&quot;: &quot;We need to override the optical USB microchip!&quot;,
+     &quot;message&quot;: &quot;If we parse the alarm, we can get to the HDD protocol through the optical TLS driver!&quot;,
+     &quot;summary&quot;: &quot;If we bypass the alarm, we can get to the ASCII protocol through the bluetooth SDD port!&quot;,
    },
    {
-     &quot;description&quot;: &quot;navigating the transmitter won&apos;t do anything, we need to generate the neural SAS panel!&quot;,
-     &quot;message&quot;: &quot;I&apos;ll input the back-end SMS card, that should bandwidth the DNS driver!&quot;,
-     &quot;summary&quot;: &quot;Try to reboot the AI array, maybe it will quantify the bluetooth matrix!&quot;,
+     &quot;description&quot;: &quot;I&apos;ll calculate the online JSON interface, that should protocol the ASCII circuit!&quot;,
+     &quot;message&quot;: &quot;We need to navigate the 1080p UDP protocol!&quot;,
+     &quot;summary&quot;: &quot;parsing the firewall won&apos;t do anything, we need to program the open-source XML panel!&quot;,
+   },
+   {
+     &quot;description&quot;: &quot;We need to input the optical XML system!&quot;,
+     &quot;message&quot;: &quot;We need to navigate the cross-platform API protocol!&quot;,
+     &quot;summary&quot;: &quot;If we quantify the microchip, we can get to the DRAM capacitor through the 1080p GB transmitter!&quot;,
+   },
+   {
+     &quot;description&quot;: &quot;bypassing the program won&apos;t do anything, we need to parse the back-end UTF8 feed!&quot;,
+     &quot;message&quot;: &quot;I&apos;ll connect the back-end AGP bandwidth, that should transmitter the AGP array!&quot;,
+     &quot;summary&quot;: &quot;We need to parse the multi-byte HEX pixel!&quot;,
    },
  ]

 ❯ src/test-suite-12.spec.ts:21:20
            </failure>
        </testcase>
        <testcase classname="src/test-suite-12.spec.ts" name="&apos;Virtual tertiary budgetary management&apos; &gt; &apos;Try to input the JSON interface, mayb…&apos;" time="0.000057583">
        </testcase>
        <testcase classname="src/test-suite-12.spec.ts" name="&apos;Virtual tertiary budgetary management&apos; &gt; &apos;Try to parse the ADP card, maybe it w…&apos;" time="0.00029875">
            <failure message="expected [ { …(3) }, { …(3) }, { …(3) }, …(1) ] to deeply equal [ { …(3) }, { …(3) }, { …(3) }, …(1) ]" type="AssertionError">
AssertionError: expected [ { …(3) }, { …(3) }, { …(3) }, …(1) ] to deeply equal [ { …(3) }, { …(3) }, { …(3) }, …(1) ]

- Expected
+ Received

  [
    {
-     &quot;description&quot;: &quot;synthesizing the bus won&apos;t do anything, we need to override the open-source PNG microchip!&quot;,
-     &quot;message&quot;: &quot;We need to override the mobile CSS microchip!&quot;,
-     &quot;summary&quot;: &quot;You can&apos;t parse the array without indexing the open-source IB application!&quot;,
+     &quot;description&quot;: &quot;We need to override the back-end SAS driver!&quot;,
+     &quot;message&quot;: &quot;Use the neural AI program, then you can hack the solid state transmitter!&quot;,
+     &quot;summary&quot;: &quot;If we compress the bus, we can get to the OCR sensor through the auxiliary PCI firewall!&quot;,
    },
    {
-     &quot;description&quot;: &quot;You can&apos;t transmit the array without hacking the mobile UDP matrix!&quot;,
-     &quot;message&quot;: &quot;The ADP hard drive is down, override the neural bus so we can input the OCR card!&quot;,
-     &quot;summary&quot;: &quot;Use the digital USB bandwidth, then you can index the digital matrix!&quot;,
+     &quot;description&quot;: &quot;If we connect the array, we can get to the AI panel through the open-source ASCII system!&quot;,
+     &quot;message&quot;: &quot;Try to parse the EXE array, maybe it will hack the cross-platform panel!&quot;,
+     &quot;summary&quot;: &quot;Try to back up the PNG feed, maybe it will input the cross-platform monitor!&quot;,
    },
    {
-     &quot;description&quot;: &quot;The FTP program is down, bypass the bluetooth hard drive so we can hack the HEX capacitor!&quot;,
-     &quot;message&quot;: &quot;I&apos;ll reboot the cross-platform SCSI array, that should feed the HDD circuit!&quot;,
-     &quot;summary&quot;: &quot;You can&apos;t calculate the transmitter without parsing the optical DRAM interface!&quot;,
+     &quot;description&quot;: &quot;hacking the pixel won&apos;t do anything, we need to reboot the mobile OCR feed!&quot;,
+     &quot;message&quot;: &quot;We need to back up the cross-platform PNG protocol!&quot;,
+     &quot;summary&quot;: &quot;Try to synthesize the XML bus, maybe it will quantify the mobile microchip!&quot;,
    },
    {
-     &quot;description&quot;: &quot;Use the wireless SMS protocol, then you can compress the digital card!&quot;,
-     &quot;message&quot;: &quot;If we parse the circuit, we can get to the ASCII sensor through the solid state JSON array!&quot;,
-     &quot;summary&quot;: &quot;The HTTP driver is down, synthesize the back-end monitor so we can parse the HTTP protocol!&quot;,
+     &quot;description&quot;: &quot;Use the 1080p GB matrix, then you can hack the solid state microchip!&quot;,
+     &quot;message&quot;: &quot;You can&apos;t input the application without transmitting the haptic RAM bus!&quot;,
+     &quot;summary&quot;: &quot;I&apos;ll calculate the mobile AGP system, that should driver the SQL driver!&quot;,
    },
  ]

 ❯ src/test-suite-12.spec.ts:21:20
            </failure>
        </testcase>
        <testcase classname="src/test-suite-12.spec.ts" name="&apos;Virtual tertiary budgetary management&apos; &gt; &apos;I\&apos;ll index the back-end ADP capacito…&apos;" time="0.000104">
        </testcase>
        <testcase classname="src/test-suite-12.spec.ts" name="&apos;Virtual tertiary budgetary management&apos; &gt; &apos;We need to connect the redundant USB …&apos;" time="0.000254708">
            <failure message="expected [ { …(3) }, { …(3) }, { …(3) }, …(2) ] to deeply equal [ { …(3) }, { …(3) } ]" type="AssertionError">
AssertionError: expected [ { …(3) }, { …(3) }, { …(3) }, …(2) ] to deeply equal [ { …(3) }, { …(3) } ]

- Expected
+ Received

  [
    {
-     &quot;description&quot;: &quot;Use the optical RAM array, then you can calculate the digital capacitor!&quot;,
-     &quot;message&quot;: &quot;If we compress the array, we can get to the USB system through the back-end RAM microchip!&quot;,
-     &quot;summary&quot;: &quot;I&apos;ll calculate the virtual TLS pixel, that should transmitter the HTTP system!&quot;,
+     &quot;description&quot;: &quot;We need to bypass the online TCP bandwidth!&quot;,
+     &quot;message&quot;: &quot;We need to hack the virtual XML feed!&quot;,
+     &quot;summary&quot;: &quot;We need to transmit the bluetooth COM capacitor!&quot;,
+   },
+   {
+     &quot;description&quot;: &quot;Use the neural CSS panel, then you can back up the primary program!&quot;,
+     &quot;message&quot;: &quot;If we navigate the bandwidth, we can get to the UDP monitor through the mobile HTTP port!&quot;,
+     &quot;summary&quot;: &quot;Use the optical OCR application, then you can copy the bluetooth hard drive!&quot;,
+   },
+   {
+     &quot;description&quot;: &quot;Try to connect the AI driver, maybe it will quantify the digital array!&quot;,
+     &quot;message&quot;: &quot;Try to back up the PCI system, maybe it will input the digital array!&quot;,
+     &quot;summary&quot;: &quot;Try to compress the API system, maybe it will connect the redundant feed!&quot;,
+   },
+   {
+     &quot;description&quot;: &quot;I&apos;ll hack the wireless VGA driver, that should card the COM alarm!&quot;,
+     &quot;message&quot;: &quot;The CLI protocol is down, connect the auxiliary program so we can hack the EXE panel!&quot;,
+     &quot;summary&quot;: &quot;compressing the feed won&apos;t do anything, we need to copy the multi-byte TCP application!&quot;,
    },
    {
-     &quot;description&quot;: &quot;You can&apos;t hack the hard drive without bypassing the online ADP bandwidth!&quot;,
-     &quot;message&quot;: &quot;Try to quantify the AGP application, maybe it will back up the mobile pixel!&quot;,
-     &quot;summary&quot;: &quot;We need to input the primary DNS hard drive!&quot;,
+     &quot;description&quot;: &quot;I&apos;ll back up the 1080p SAS port, that should firewall the FTP port!&quot;,
+     &quot;message&quot;: &quot;bypassing the protocol won&apos;t do anything, we need to generate the primary CLI array!&quot;,
+     &quot;summary&quot;: &quot;overriding the microchip won&apos;t do anything, we need to back up the open-source TLS driver!&quot;,
    },
  ]

 ❯ src/test-suite-12.spec.ts:21:20
            </failure>
        </testcase>
        <testcase classname="src/test-suite-12.spec.ts" name="&apos;Virtual tertiary budgetary management&apos; &gt; &apos;I\&apos;ll override the back-end DNS feed,…&apos;" time="0.000037333">
        </testcase>
        <testcase classname="src/test-suite-12.spec.ts" name="&apos;Virtual tertiary budgetary management&apos; &gt; &apos;If we reboot the application, we can …&apos;" time="0.000253084">
            <failure message="expected [ { …(3) }, { …(3) }, { …(3) } ] to deeply equal [ { …(3) }, { …(3) }, { …(3) }, …(1) ]" type="AssertionError">
AssertionError: expected [ { …(3) }, { …(3) }, { …(3) } ] to deeply equal [ { …(3) }, { …(3) }, { …(3) }, …(1) ]

- Expected
+ Received

  [
    {
-     &quot;description&quot;: &quot;navigating the microchip won&apos;t do anything, we need to input the auxiliary TCP pixel!&quot;,
-     &quot;message&quot;: &quot;bypassing the matrix won&apos;t do anything, we need to synthesize the solid state HTTP protocol!&quot;,
-     &quot;summary&quot;: &quot;If we connect the capacitor, we can get to the SDD alarm through the neural IP circuit!&quot;,
-   },
-   {
-     &quot;description&quot;: &quot;The AI application is down, generate the online driver so we can index the SSD sensor!&quot;,
-     &quot;message&quot;: &quot;The UTF8 firewall is down, navigate the solid state system so we can program the RSS circuit!&quot;,
-     &quot;summary&quot;: &quot;If we override the card, we can get to the XML matrix through the solid state COM bandwidth!&quot;,
+     &quot;description&quot;: &quot;quantifying the matrix won&apos;t do anything, we need to generate the haptic HDD bandwidth!&quot;,
+     &quot;message&quot;: &quot;Try to generate the USB port, maybe it will connect the mobile feed!&quot;,
+     &quot;summary&quot;: &quot;The EXE driver is down, program the open-source sensor so we can quantify the CSS capacitor!&quot;,
    },
    {
-     &quot;description&quot;: &quot;Use the online UDP protocol, then you can override the cross-platform sensor!&quot;,
-     &quot;message&quot;: &quot;Use the wireless OCR system, then you can reboot the online matrix!&quot;,
-     &quot;summary&quot;: &quot;programming the program won&apos;t do anything, we need to override the optical EXE bus!&quot;,
+     &quot;description&quot;: &quot;We need to calculate the open-source PNG bandwidth!&quot;,
+     &quot;message&quot;: &quot;bypassing the driver won&apos;t do anything, we need to hack the back-end JBOD protocol!&quot;,
+     &quot;summary&quot;: &quot;If we copy the circuit, we can get to the SMS program through the wireless SSL application!&quot;,
    },
    {
-     &quot;description&quot;: &quot;connecting the panel won&apos;t do anything, we need to bypass the open-source TLS microchip!&quot;,
-     &quot;message&quot;: &quot;The DRAM pixel is down, copy the digital matrix so we can input the UTF8 alarm!&quot;,
-     &quot;summary&quot;: &quot;We need to navigate the open-source SQL firewall!&quot;,
+     &quot;description&quot;: &quot;Try to copy the OCR hard drive, maybe it will calculate the cross-platform interface!&quot;,
+     &quot;message&quot;: &quot;We need to bypass the 1080p TLS bandwidth!&quot;,
+     &quot;summary&quot;: &quot;I&apos;ll calculate the primary AI matrix, that should transmitter the XSS bandwidth!&quot;,
    },
  ]

 ❯ src/test-suite-12.spec.ts:21:20
            </failure>
        </testcase>
        <testcase classname="src/test-suite-12.spec.ts" name="&apos;Focused asynchronous collaboration&apos; &gt; &apos;The COM bandwidth is down, bypass the…&apos;" time="0.000286459">
            <failure message="expected [ { …(3) }, { …(3) }, { …(3) }, …(1) ] to deeply equal [ { …(3) }, { …(3) }, { …(3) }, …(2) ]" type="AssertionError">
AssertionError: expected [ { …(3) }, { …(3) }, { …(3) }, …(1) ] to deeply equal [ { …(3) }, { …(3) }, { …(3) }, …(2) ]

- Expected
+ Received

  [
    {
-     &quot;description&quot;: &quot;copying the system won&apos;t do anything, we need to calculate the 1080p PNG interface!&quot;,
-     &quot;message&quot;: &quot;Try to index the JSON system, maybe it will override the wireless capacitor!&quot;,
-     &quot;summary&quot;: &quot;I&apos;ll input the multi-byte SDD panel, that should matrix the VGA array!&quot;,
+     &quot;description&quot;: &quot;I&apos;ll calculate the open-source AGP array, that should transmitter the CSS array!&quot;,
+     &quot;message&quot;: &quot;navigating the capacitor won&apos;t do anything, we need to generate the mobile XSS panel!&quot;,
+     &quot;summary&quot;: &quot;We need to generate the primary DRAM sensor!&quot;,
    },
    {
-     &quot;description&quot;: &quot;Use the virtual ASCII port, then you can generate the primary card!&quot;,
-     &quot;message&quot;: &quot;I&apos;ll navigate the virtual PNG application, that should driver the UTF8 microchip!&quot;,
-     &quot;summary&quot;: &quot;The TLS card is down, navigate the multi-byte system so we can reboot the SSD firewall!&quot;,
-   },
-   {
-     &quot;description&quot;: &quot;If we synthesize the system, we can get to the SAS array through the digital SAS panel!&quot;,
-     &quot;message&quot;: &quot;I&apos;ll copy the neural TCP protocol, that should application the VGA matrix!&quot;,
-     &quot;summary&quot;: &quot;Try to index the EXE program, maybe it will parse the bluetooth monitor!&quot;,
+     &quot;description&quot;: &quot;compressing the bus won&apos;t do anything, we need to connect the virtual CLI application!&quot;,
+     &quot;message&quot;: &quot;You can&apos;t override the sensor without synthesizing the online PCI hard drive!&quot;,
+     &quot;summary&quot;: &quot;transmitting the transmitter won&apos;t do anything, we need to input the virtual IB application!&quot;,
    },
    {
-     &quot;description&quot;: &quot;backing up the application won&apos;t do anything, we need to navigate the solid state JBOD transmitter!&quot;,
-     &quot;message&quot;: &quot;Use the wireless PCI monitor, then you can compress the digital system!&quot;,
-     &quot;summary&quot;: &quot;generating the feed won&apos;t do anything, we need to quantify the primary ASCII microchip!&quot;,
+     &quot;description&quot;: &quot;We need to bypass the open-source DNS circuit!&quot;,
+     &quot;message&quot;: &quot;If we reboot the matrix, we can get to the XSS bandwidth through the neural IB transmitter!&quot;,
+     &quot;summary&quot;: &quot;If we back up the transmitter, we can get to the DNS protocol through the auxiliary TCP application!&quot;,
    },
    {
-     &quot;description&quot;: &quot;I&apos;ll transmit the primary IB sensor, that should system the PNG card!&quot;,
-     &quot;message&quot;: &quot;You can&apos;t program the program without bypassing the haptic XSS pixel!&quot;,
-     &quot;summary&quot;: &quot;I&apos;ll copy the primary ASCII firewall, that should feed the USB microchip!&quot;,
+     &quot;description&quot;: &quot;Use the redundant SMS driver, then you can override the optical system!&quot;,
+     &quot;message&quot;: &quot;We need to synthesize the solid state IP port!&quot;,
+     &quot;summary&quot;: &quot;navigating the sensor won&apos;t do anything, we need to index the redundant TCP panel!&quot;,
    },
  ]

 ❯ src/test-suite-12.spec.ts:21:20
            </failure>
        </testcase>
        <testcase classname="src/test-suite-12.spec.ts" name="&apos;Focused asynchronous collaboration&apos; &gt; &apos;transmitting the pixel won\&apos;t do anyt…&apos;" time="0.000090666">
        </testcase>
        <testcase classname="src/test-suite-12.spec.ts" name="&apos;Focused asynchronous collaboration&apos; &gt; &apos;synthesizing the circuit won\&apos;t do an…&apos;" time="0.000389542">
            <failure message="expected [ { …(3) }, { …(3) }, { …(3) }, …(2) ] to deeply equal [ { …(3) }, { …(3) }, { …(3) } ]" type="AssertionError">
AssertionError: expected [ { …(3) }, { …(3) }, { …(3) }, …(2) ] to deeply equal [ { …(3) }, { …(3) }, { …(3) } ]

- Expected
+ Received

  [
    {
-     &quot;description&quot;: &quot;Try to quantify the SMTP transmitter, maybe it will generate the solid state monitor!&quot;,
-     &quot;message&quot;: &quot;We need to connect the online SAS protocol!&quot;,
-     &quot;summary&quot;: &quot;Use the optical SSD transmitter, then you can compress the optical circuit!&quot;,
+     &quot;description&quot;: &quot;If we synthesize the system, we can get to the SDD circuit through the 1080p COM transmitter!&quot;,
+     &quot;message&quot;: &quot;transmitting the protocol won&apos;t do anything, we need to quantify the back-end JSON port!&quot;,
+     &quot;summary&quot;: &quot;I&apos;ll copy the haptic SDD panel, that should pixel the RAM matrix!&quot;,
    },
    {
-     &quot;description&quot;: &quot;Try to quantify the CSS panel, maybe it will override the cross-platform circuit!&quot;,
-     &quot;message&quot;: &quot;calculating the bandwidth won&apos;t do anything, we need to quantify the cross-platform XML bandwidth!&quot;,
-     &quot;summary&quot;: &quot;You can&apos;t calculate the pixel without overriding the online GB pixel!&quot;,
+     &quot;description&quot;: &quot;indexing the monitor won&apos;t do anything, we need to program the virtual EXE interface!&quot;,
+     &quot;message&quot;: &quot;We need to copy the mobile CSS application!&quot;,
+     &quot;summary&quot;: &quot;If we back up the microchip, we can get to the SMTP bus through the haptic AI application!&quot;,
    },
    {
-     &quot;description&quot;: &quot;Use the wireless AI system, then you can bypass the solid state protocol!&quot;,
-     &quot;message&quot;: &quot;The AI capacitor is down, hack the 1080p bus so we can connect the IB interface!&quot;,
-     &quot;summary&quot;: &quot;Use the online DRAM bus, then you can generate the digital circuit!&quot;,
+     &quot;description&quot;: &quot;I&apos;ll quantify the bluetooth PCI microchip, that should interface the RSS system!&quot;,
+     &quot;message&quot;: &quot;The ADP card is down, back up the bluetooth panel so we can program the OCR array!&quot;,
+     &quot;summary&quot;: &quot;We need to parse the open-source CLI panel!&quot;,
+   },
+   {
+     &quot;description&quot;: &quot;indexing the protocol won&apos;t do anything, we need to connect the solid state API bandwidth!&quot;,
+     &quot;message&quot;: &quot;We need to reboot the haptic PCI panel!&quot;,
+     &quot;summary&quot;: &quot;Try to bypass the SMS panel, maybe it will quantify the wireless bus!&quot;,
+   },
+   {
+     &quot;description&quot;: &quot;I&apos;ll hack the back-end SCSI capacitor, that should hard drive the TCP alarm!&quot;,
+     &quot;message&quot;: &quot;The JSON application is down, back up the digital monitor so we can hack the SQL array!&quot;,
+     &quot;summary&quot;: &quot;compressing the bandwidth won&apos;t do anything, we need to hack the primary ASCII circuit!&quot;,
    },
  ]

 ❯ src/test-suite-12.spec.ts:21:20
            </failure>
        </testcase>
        <testcase classname="src/test-suite-12.spec.ts" name="&apos;Focused asynchronous collaboration&apos; &gt; &apos;generating the capacitor won\&apos;t do an…&apos;" time="0.000101875">
        </testcase>
        <testcase classname="src/test-suite-12.spec.ts" name="&apos;Focused asynchronous collaboration&apos; &gt; &apos;I\&apos;ll quantify the auxiliary HDD matr…&apos;" time="0.000319083">
            <failure message="expected [ { …(3) }, { …(3) }, { …(3) }, …(1) ] to deeply equal [ { …(3) }, { …(3) }, { …(3) }, …(1) ]" type="AssertionError">
AssertionError: expected [ { …(3) }, { …(3) }, { …(3) }, …(1) ] to deeply equal [ { …(3) }, { …(3) }, { …(3) }, …(1) ]

- Expected
+ Received

  [
    {
-     &quot;description&quot;: &quot;If we generate the sensor, we can get to the SDD application through the online SSD capacitor!&quot;,
-     &quot;message&quot;: &quot;If we hack the pixel, we can get to the SQL microchip through the primary OCR matrix!&quot;,
-     &quot;summary&quot;: &quot;You can&apos;t compress the monitor without backing up the multi-byte IP system!&quot;,
+     &quot;description&quot;: &quot;Try to quantify the RSS firewall, maybe it will index the redundant firewall!&quot;,
+     &quot;message&quot;: &quot;Try to navigate the IP bandwidth, maybe it will input the 1080p interface!&quot;,
+     &quot;summary&quot;: &quot;Use the 1080p SAS application, then you can parse the 1080p bus!&quot;,
    },
    {
-     &quot;description&quot;: &quot;The HTTP pixel is down, hack the auxiliary alarm so we can connect the USB circuit!&quot;,
-     &quot;message&quot;: &quot;Try to copy the SQL alarm, maybe it will input the online bus!&quot;,
-     &quot;summary&quot;: &quot;We need to back up the haptic XML alarm!&quot;,
+     &quot;description&quot;: &quot;I&apos;ll compress the bluetooth SMS capacitor, that should sensor the TCP system!&quot;,
+     &quot;message&quot;: &quot;Try to compress the API capacitor, maybe it will reboot the wireless hard drive!&quot;,
+     &quot;summary&quot;: &quot;If we transmit the application, we can get to the XSS capacitor through the mobile UDP transmitter!&quot;,
    },
    {
-     &quot;description&quot;: &quot;You can&apos;t quantify the bus without programming the open-source PCI matrix!&quot;,
-     &quot;message&quot;: &quot;You can&apos;t bypass the sensor without copying the primary SAS capacitor!&quot;,
-     &quot;summary&quot;: &quot;copying the monitor won&apos;t do anything, we need to override the open-source JBOD interface!&quot;,
+     &quot;description&quot;: &quot;indexing the protocol won&apos;t do anything, we need to compress the multi-byte IP bus!&quot;,
+     &quot;message&quot;: &quot;You can&apos;t reboot the transmitter without calculating the mobile RSS pixel!&quot;,
+     &quot;summary&quot;: &quot;Try to back up the OCR monitor, maybe it will back up the online capacitor!&quot;,
    },
    {
-     &quot;description&quot;: &quot;The RAM matrix is down, back up the virtual system so we can parse the RAM system!&quot;,
-     &quot;message&quot;: &quot;The UTF8 application is down, generate the virtual monitor so we can synthesize the GB hard drive!&quot;,
-     &quot;summary&quot;: &quot;You can&apos;t reboot the application without hacking the redundant JBOD monitor!&quot;,
+     &quot;description&quot;: &quot;calculating the port won&apos;t do anything, we need to back up the bluetooth FTP sensor!&quot;,
+     &quot;message&quot;: &quot;You can&apos;t reboot the bandwidth without transmitting the optical AI circuit!&quot;,
+     &quot;summary&quot;: &quot;I&apos;ll hack the multi-byte THX card, that should protocol the PNG hard drive!&quot;,
    },
  ]

 ❯ src/test-suite-12.spec.ts:21:20
            </failure>
        </testcase>
        <testcase classname="src/test-suite-12.spec.ts" name="&apos;Focused asynchronous collaboration&apos; &gt; &apos;I\&apos;ll parse the haptic AI array, that…&apos;" time="0.000050333">
        </testcase>
        <testcase classname="src/test-suite-12.spec.ts" name="&apos;Focused asynchronous collaboration&apos; &gt; &apos;Try to connect the OCR firewall, mayb…&apos;" time="0.00029425">
            <failure message="expected [ { …(3) }, { …(3) }, { …(3) }, …(2) ] to deeply equal [ { …(3) }, { …(3) }, { …(3) } ]" type="AssertionError">
AssertionError: expected [ { …(3) }, { …(3) }, { …(3) }, …(2) ] to deeply equal [ { …(3) }, { …(3) }, { …(3) } ]

- Expected
+ Received

  [
    {
-     &quot;description&quot;: &quot;navigating the capacitor won&apos;t do anything, we need to transmit the open-source HEX matrix!&quot;,
-     &quot;message&quot;: &quot;I&apos;ll compress the multi-byte CSS monitor, that should interface the IB card!&quot;,
-     &quot;summary&quot;: &quot;The HEX hard drive is down, generate the solid state microchip so we can copy the CSS feed!&quot;,
+     &quot;description&quot;: &quot;Try to connect the COM alarm, maybe it will back up the optical interface!&quot;,
+     &quot;message&quot;: &quot;You can&apos;t index the circuit without synthesizing the multi-byte RSS matrix!&quot;,
+     &quot;summary&quot;: &quot;We need to override the redundant XSS array!&quot;,
    },
    {
-     &quot;description&quot;: &quot;You can&apos;t hack the circuit without generating the primary VGA array!&quot;,
-     &quot;message&quot;: &quot;If we synthesize the driver, we can get to the TCP monitor through the wireless EXE capacitor!&quot;,
-     &quot;summary&quot;: &quot;Try to input the SQL system, maybe it will bypass the primary protocol!&quot;,
+     &quot;description&quot;: &quot;You can&apos;t copy the matrix without navigating the redundant IB feed!&quot;,
+     &quot;message&quot;: &quot;Try to reboot the RAM pixel, maybe it will back up the back-end hard drive!&quot;,
+     &quot;summary&quot;: &quot;indexing the bandwidth won&apos;t do anything, we need to calculate the open-source AI protocol!&quot;,
    },
    {
-     &quot;description&quot;: &quot;You can&apos;t connect the application without navigating the cross-platform VGA capacitor!&quot;,
-     &quot;message&quot;: &quot;Try to synthesize the TLS matrix, maybe it will input the solid state feed!&quot;,
-     &quot;summary&quot;: &quot;The IB program is down, generate the redundant feed so we can index the GB interface!&quot;,
+     &quot;description&quot;: &quot;If we program the monitor, we can get to the IB bandwidth through the multi-byte AGP capacitor!&quot;,
+     &quot;message&quot;: &quot;If we reboot the system, we can get to the SDD application through the open-source IB driver!&quot;,
+     &quot;summary&quot;: &quot;I&apos;ll bypass the haptic DRAM pixel, that should sensor the UDP capacitor!&quot;,
+   },
+   {
+     &quot;description&quot;: &quot;Try to parse the JBOD sensor, maybe it will parse the multi-byte port!&quot;,
+     &quot;message&quot;: &quot;synthesizing the bus won&apos;t do anything, we need to generate the primary RSS application!&quot;,
+     &quot;summary&quot;: &quot;You can&apos;t program the program without programming the digital ASCII monitor!&quot;,
+   },
+   {
+     &quot;description&quot;: &quot;Try to reboot the RAM sensor, maybe it will copy the online hard drive!&quot;,
+     &quot;message&quot;: &quot;You can&apos;t hack the array without overriding the cross-platform ADP program!&quot;,
+     &quot;summary&quot;: &quot;Try to navigate the FTP program, maybe it will parse the optical driver!&quot;,
    },
  ]

 ❯ src/test-suite-12.spec.ts:21:20
            </failure>
        </testcase>
        <testcase classname="src/test-suite-12.spec.ts" name="&apos;Focused asynchronous collaboration&apos; &gt; &apos;The HEX interface is down, hack the o…&apos;" time="0.000048667">
        </testcase>
        <testcase classname="src/test-suite-12.spec.ts" name="&apos;Focused asynchronous collaboration&apos; &gt; &apos;You can\&apos;t input the array without ge…&apos;" time="0.000219459">
            <failure message="expected [ { …(3) }, { …(3) } ] to deeply equal [ { …(3) }, { …(3) } ]" type="AssertionError">
AssertionError: expected [ { …(3) }, { …(3) } ] to deeply equal [ { …(3) }, { …(3) } ]

- Expected
+ Received

  [
    {
-     &quot;description&quot;: &quot;You can&apos;t quantify the matrix without compressing the neural JBOD application!&quot;,
-     &quot;message&quot;: &quot;Try to navigate the OCR hard drive, maybe it will compress the online bandwidth!&quot;,
-     &quot;summary&quot;: &quot;Try to hack the ADP pixel, maybe it will calculate the bluetooth bandwidth!&quot;,
+     &quot;description&quot;: &quot;You can&apos;t compress the interface without parsing the multi-byte DNS interface!&quot;,
+     &quot;message&quot;: &quot;Try to reboot the HTTP bandwidth, maybe it will parse the neural monitor!&quot;,
+     &quot;summary&quot;: &quot;bypassing the panel won&apos;t do anything, we need to hack the 1080p ADP program!&quot;,
    },
    {
-     &quot;description&quot;: &quot;The CLI matrix is down, synthesize the bluetooth port so we can transmit the DRAM panel!&quot;,
-     &quot;message&quot;: &quot;I&apos;ll transmit the primary COM firewall, that should microchip the CSS bandwidth!&quot;,
-     &quot;summary&quot;: &quot;You can&apos;t input the hard drive without copying the solid state HDD card!&quot;,
+     &quot;description&quot;: &quot;I&apos;ll index the redundant EXE bandwidth, that should application the IP system!&quot;,
+     &quot;message&quot;: &quot;hacking the microchip won&apos;t do anything, we need to input the primary PCI monitor!&quot;,
+     &quot;summary&quot;: &quot;Try to program the THX interface, maybe it will calculate the digital feed!&quot;,
    },
  ]

 ❯ src/test-suite-12.spec.ts:21:20
            </failure>
        </testcase>
        <testcase classname="src/test-suite-12.spec.ts" name="&apos;Focused asynchronous collaboration&apos; &gt; &apos;Use the redundant SSL system, then yo…&apos;" time="0.000050625">
        </testcase>
        <testcase classname="src/test-suite-12.spec.ts" name="&apos;Focused asynchronous collaboration&apos; &gt; &apos;Use the multi-byte HDD monitor, then …&apos;" time="0.000189">
            <failure message="expected [ { …(3) }, { …(3) } ] to deeply equal [ { …(3) }, { …(3) } ]" type="AssertionError">
AssertionError: expected [ { …(3) }, { …(3) } ] to deeply equal [ { …(3) }, { …(3) } ]

- Expected
+ Received

  [
    {
-     &quot;description&quot;: &quot;We need to back up the primary HTTP port!&quot;,
-     &quot;message&quot;: &quot;You can&apos;t quantify the application without generating the digital CSS bandwidth!&quot;,
-     &quot;summary&quot;: &quot;Try to bypass the IB array, maybe it will input the online port!&quot;,
+     &quot;description&quot;: &quot;The AGP system is down, program the mobile circuit so we can generate the UDP protocol!&quot;,
+     &quot;message&quot;: &quot;We need to synthesize the optical PCI bus!&quot;,
+     &quot;summary&quot;: &quot;If we quantify the port, we can get to the XML bandwidth through the mobile CSS port!&quot;,
    },
    {
-     &quot;description&quot;: &quot;You can&apos;t generate the system without connecting the wireless THX alarm!&quot;,
-     &quot;message&quot;: &quot;Try to index the AI bandwidth, maybe it will copy the optical matrix!&quot;,
-     &quot;summary&quot;: &quot;We need to back up the mobile GB alarm!&quot;,
+     &quot;description&quot;: &quot;Use the virtual EXE transmitter, then you can input the open-source matrix!&quot;,
+     &quot;message&quot;: &quot;The RSS alarm is down, hack the multi-byte card so we can reboot the JBOD capacitor!&quot;,
+     &quot;summary&quot;: &quot;You can&apos;t program the interface without overriding the auxiliary PNG feed!&quot;,
    },
  ]

 ❯ src/test-suite-12.spec.ts:21:20
            </failure>
        </testcase>
        <testcase classname="src/test-suite-12.spec.ts" name="&apos;Focused asynchronous collaboration&apos; &gt; &apos;indexing the protocol won\&apos;t do anyth…&apos;" time="0.000049125">
        </testcase>
        <testcase classname="src/test-suite-12.spec.ts" name="&apos;Focused asynchronous collaboration&apos; &gt; &apos;You can\&apos;t copy the system without in…&apos;" time="0.000233333">
            <failure message="expected [ { …(3) }, { …(3) } ] to deeply equal [ { …(3) }, { …(3) }, { …(3) }, …(2) ]" type="AssertionError">
AssertionError: expected [ { …(3) }, { …(3) } ] to deeply equal [ { …(3) }, { …(3) }, { …(3) }, …(2) ]

- Expected
+ Received

  [
    {
-     &quot;description&quot;: &quot;I&apos;ll compress the open-source UDP alarm, that should panel the AI microchip!&quot;,
-     &quot;message&quot;: &quot;Use the bluetooth AI driver, then you can override the cross-platform bus!&quot;,
-     &quot;summary&quot;: &quot;The DRAM port is down, reboot the virtual bus so we can transmit the ASCII driver!&quot;,
-   },
-   {
-     &quot;description&quot;: &quot;Try to parse the GB panel, maybe it will bypass the auxiliary sensor!&quot;,
-     &quot;message&quot;: &quot;You can&apos;t bypass the capacitor without synthesizing the neural SMS port!&quot;,
-     &quot;summary&quot;: &quot;We need to synthesize the auxiliary SAS program!&quot;,
-   },
-   {
-     &quot;description&quot;: &quot;If we index the alarm, we can get to the PNG application through the primary OCR alarm!&quot;,
-     &quot;message&quot;: &quot;I&apos;ll generate the haptic RSS interface, that should panel the EXE circuit!&quot;,
-     &quot;summary&quot;: &quot;compressing the driver won&apos;t do anything, we need to back up the open-source XML bandwidth!&quot;,
-   },
-   {
-     &quot;description&quot;: &quot;You can&apos;t program the protocol without backing up the primary JBOD program!&quot;,
-     &quot;message&quot;: &quot;compressing the bandwidth won&apos;t do anything, we need to program the bluetooth SMS pixel!&quot;,
-     &quot;summary&quot;: &quot;synthesizing the application won&apos;t do anything, we need to compress the redundant IP array!&quot;,
+     &quot;description&quot;: &quot;We need to compress the cross-platform COM feed!&quot;,
+     &quot;message&quot;: &quot;The AI system is down, bypass the wireless panel so we can reboot the CLI card!&quot;,
+     &quot;summary&quot;: &quot;You can&apos;t reboot the panel without synthesizing the wireless HTTP circuit!&quot;,
    },
    {
-     &quot;description&quot;: &quot;The PCI bandwidth is down, generate the redundant alarm so we can reboot the TLS circuit!&quot;,
-     &quot;message&quot;: &quot;If we transmit the protocol, we can get to the DNS firewall through the back-end XML alarm!&quot;,
-     &quot;summary&quot;: &quot;The SCSI alarm is down, index the virtual panel so we can back up the CSS pixel!&quot;,
+     &quot;description&quot;: &quot;You can&apos;t generate the matrix without indexing the optical OCR driver!&quot;,
+     &quot;message&quot;: &quot;Try to parse the COM matrix, maybe it will reboot the primary card!&quot;,
+     &quot;summary&quot;: &quot;Try to bypass the SAS hard drive, maybe it will override the digital pixel!&quot;,
    },
  ]

 ❯ src/test-suite-12.spec.ts:21:20
            </failure>
        </testcase>
        <testcase classname="src/test-suite-12.spec.ts" name="&apos;Focused asynchronous collaboration&apos; &gt; &apos;I\&apos;ll compress the cross-platform FTP…&apos;" time="0.000048167">
        </testcase>
        <testcase classname="src/test-suite-12.spec.ts" name="&apos;Focused asynchronous collaboration&apos; &gt; &apos;Try to input the SDD feed, maybe it w…&apos;" time="0.000201917">
            <failure message="expected [ { …(3) }, { …(3) }, { …(3) } ] to deeply equal [ { …(3) }, { …(3) } ]" type="AssertionError">
AssertionError: expected [ { …(3) }, { …(3) }, { …(3) } ] to deeply equal [ { …(3) }, { …(3) } ]

- Expected
+ Received

  [
    {
-     &quot;description&quot;: &quot;The PNG sensor is down, quantify the multi-byte monitor so we can hack the DNS bandwidth!&quot;,
-     &quot;message&quot;: &quot;connecting the driver won&apos;t do anything, we need to reboot the wireless UTF8 circuit!&quot;,
-     &quot;summary&quot;: &quot;copying the sensor won&apos;t do anything, we need to program the wireless SSL bandwidth!&quot;,
+     &quot;description&quot;: &quot;Use the 1080p AGP firewall, then you can transmit the multi-byte panel!&quot;,
+     &quot;message&quot;: &quot;The SDD alarm is down, override the solid state microchip so we can bypass the COM system!&quot;,
+     &quot;summary&quot;: &quot;Use the digital HTTP matrix, then you can back up the haptic capacitor!&quot;,
+   },
+   {
+     &quot;description&quot;: &quot;If we calculate the driver, we can get to the AGP driver through the 1080p OCR matrix!&quot;,
+     &quot;message&quot;: &quot;Try to generate the AI sensor, maybe it will calculate the online system!&quot;,
+     &quot;summary&quot;: &quot;You can&apos;t synthesize the application without synthesizing the cross-platform SSD card!&quot;,
    },
    {
-     &quot;description&quot;: &quot;Try to generate the JSON transmitter, maybe it will reboot the primary system!&quot;,
-     &quot;message&quot;: &quot;I&apos;ll compress the optical ADP transmitter, that should circuit the SCSI interface!&quot;,
-     &quot;summary&quot;: &quot;We need to program the open-source ASCII panel!&quot;,
+     &quot;description&quot;: &quot;If we back up the bus, we can get to the RAM application through the haptic API transmitter!&quot;,
+     &quot;message&quot;: &quot;If we bypass the monitor, we can get to the UDP hard drive through the neural OCR card!&quot;,
+     &quot;summary&quot;: &quot;You can&apos;t generate the firewall without calculating the back-end ADP driver!&quot;,
    },
  ]

 ❯ src/test-suite-12.spec.ts:21:20
            </failure>
        </testcase>
        <testcase classname="src/test-suite-12.spec.ts" name="&apos;Focused asynchronous collaboration&apos; &gt; &apos;You can\&apos;t quantify the bus without c…&apos;" time="0.000048958">
        </testcase>
        <testcase classname="src/test-suite-12.spec.ts" name="&apos;Focused asynchronous collaboration&apos; &gt; &apos;We need to program the virtual SMTP p…&apos;" time="0.000216875">
            <failure message="expected [ { …(3) }, { …(3) }, { …(3) } ] to deeply equal [ { …(3) }, { …(3) }, { …(3) } ]" type="AssertionError">
AssertionError: expected [ { …(3) }, { …(3) }, { …(3) } ] to deeply equal [ { …(3) }, { …(3) }, { …(3) } ]

- Expected
+ Received

  [
    {
-     &quot;description&quot;: &quot;Use the neural AI program, then you can connect the solid state protocol!&quot;,
-     &quot;message&quot;: &quot;I&apos;ll compress the online HDD capacitor, that should array the COM panel!&quot;,
-     &quot;summary&quot;: &quot;quantifying the system won&apos;t do anything, we need to back up the haptic SCSI feed!&quot;,
+     &quot;description&quot;: &quot;We need to synthesize the primary COM sensor!&quot;,
+     &quot;message&quot;: &quot;Try to generate the ASCII feed, maybe it will override the optical alarm!&quot;,
+     &quot;summary&quot;: &quot;I&apos;ll transmit the solid state SCSI bus, that should firewall the DRAM system!&quot;,
    },
    {
-     &quot;description&quot;: &quot;If we reboot the alarm, we can get to the UDP matrix through the optical VGA alarm!&quot;,
-     &quot;message&quot;: &quot;You can&apos;t parse the transmitter without indexing the open-source EXE circuit!&quot;,
-     &quot;summary&quot;: &quot;The AGP bus is down, quantify the redundant port so we can quantify the HEX microchip!&quot;,
+     &quot;description&quot;: &quot;I&apos;ll calculate the digital USB array, that should capacitor the JBOD system!&quot;,
+     &quot;message&quot;: &quot;Use the mobile USB bus, then you can transmit the multi-byte alarm!&quot;,
+     &quot;summary&quot;: &quot;Try to quantify the RSS circuit, maybe it will quantify the virtual interface!&quot;,
    },
    {
-     &quot;description&quot;: &quot;The SAS bandwidth is down, parse the optical sensor so we can quantify the SSL bandwidth!&quot;,
-     &quot;message&quot;: &quot;Try to reboot the API system, maybe it will program the neural alarm!&quot;,
-     &quot;summary&quot;: &quot;We need to program the primary CLI interface!&quot;,
+     &quot;description&quot;: &quot;The HDD program is down, quantify the bluetooth panel so we can reboot the TCP card!&quot;,
+     &quot;message&quot;: &quot;We need to input the digital ADP circuit!&quot;,
+     &quot;summary&quot;: &quot;connecting the alarm won&apos;t do anything, we need to connect the digital TCP panel!&quot;,
    },
  ]

 ❯ src/test-suite-12.spec.ts:21:20
            </failure>
        </testcase>
        <testcase classname="src/test-suite-12.spec.ts" name="&apos;Focused asynchronous collaboration&apos; &gt; &apos;If we program the firewall, we can ge…&apos;" time="0.000049583">
        </testcase>
        <testcase classname="src/test-suite-12.spec.ts" name="&apos;Focused asynchronous collaboration&apos; &gt; &apos;We need to navigate the back-end IP c…&apos;" time="0.000321667">
            <failure message="expected [ { …(3) }, { …(3) }, { …(3) }, …(2) ] to deeply equal [ { …(3) }, { …(3) }, { …(3) }, …(2) ]" type="AssertionError">
AssertionError: expected [ { …(3) }, { …(3) }, { …(3) }, …(2) ] to deeply equal [ { …(3) }, { …(3) }, { …(3) }, …(2) ]

- Expected
+ Received

  [
    {
-     &quot;description&quot;: &quot;Use the cross-platform IP hard drive, then you can program the redundant driver!&quot;,
-     &quot;message&quot;: &quot;You can&apos;t navigate the feed without synthesizing the online XSS port!&quot;,
-     &quot;summary&quot;: &quot;We need to parse the multi-byte TCP array!&quot;,
+     &quot;description&quot;: &quot;quantifying the monitor won&apos;t do anything, we need to compress the wireless PNG sensor!&quot;,
+     &quot;message&quot;: &quot;Try to index the IP port, maybe it will override the digital pixel!&quot;,
+     &quot;summary&quot;: &quot;The COM hard drive is down, navigate the wireless sensor so we can index the GB array!&quot;,
    },
    {
-     &quot;description&quot;: &quot;If we reboot the card, we can get to the ASCII system through the 1080p TLS application!&quot;,
-     &quot;message&quot;: &quot;hacking the bus won&apos;t do anything, we need to index the optical CSS bandwidth!&quot;,
-     &quot;summary&quot;: &quot;I&apos;ll synthesize the cross-platform SDD sensor, that should capacitor the AI monitor!&quot;,
+     &quot;description&quot;: &quot;copying the matrix won&apos;t do anything, we need to back up the auxiliary SQL transmitter!&quot;,
+     &quot;message&quot;: &quot;I&apos;ll transmit the primary HDD protocol, that should microchip the SQL driver!&quot;,
+     &quot;summary&quot;: &quot;You can&apos;t program the program without transmitting the 1080p XML system!&quot;,
    },
    {
-     &quot;description&quot;: &quot;You can&apos;t copy the driver without synthesizing the online TCP firewall!&quot;,
-     &quot;message&quot;: &quot;You can&apos;t parse the interface without bypassing the 1080p API circuit!&quot;,
-     &quot;summary&quot;: &quot;If we synthesize the circuit, we can get to the TLS monitor through the back-end JSON bus!&quot;,
+     &quot;description&quot;: &quot;You can&apos;t program the monitor without copying the open-source EXE driver!&quot;,
+     &quot;message&quot;: &quot;The UTF8 firewall is down, index the primary capacitor so we can input the RAM interface!&quot;,
+     &quot;summary&quot;: &quot;We need to hack the multi-byte SDD interface!&quot;,
    },
    {
-     &quot;description&quot;: &quot;We need to parse the multi-byte IB hard drive!&quot;,
-     &quot;message&quot;: &quot;The PNG system is down, bypass the 1080p interface so we can bypass the JSON protocol!&quot;,
-     &quot;summary&quot;: &quot;indexing the pixel won&apos;t do anything, we need to copy the bluetooth TCP interface!&quot;,
+     &quot;description&quot;: &quot;Try to input the RAM circuit, maybe it will copy the virtual system!&quot;,
+     &quot;message&quot;: &quot;We need to parse the mobile FTP sensor!&quot;,
+     &quot;summary&quot;: &quot;I&apos;ll quantify the bluetooth ADP port, that should protocol the SDD monitor!&quot;,
    },
    {
-     &quot;description&quot;: &quot;If we override the alarm, we can get to the UTF8 application through the neural HTTP interface!&quot;,
-     &quot;message&quot;: &quot;I&apos;ll back up the mobile UTF8 interface, that should application the JSON bandwidth!&quot;,
-     &quot;summary&quot;: &quot;parsing the microchip won&apos;t do anything, we need to transmit the back-end HDD card!&quot;,
+     &quot;description&quot;: &quot;The DNS interface is down, transmit the back-end hard drive so we can navigate the DRAM program!&quot;,
+     &quot;message&quot;: &quot;Use the virtual ADP card, then you can hack the cross-platform sensor!&quot;,
+     &quot;summary&quot;: &quot;Try to bypass the ADP capacitor, maybe it will transmit the virtual driver!&quot;,
    },
  ]

 ❯ src/test-suite-12.spec.ts:21:20
            </failure>
        </testcase>
        <testcase classname="src/test-suite-12.spec.ts" name="&apos;Focused asynchronous collaboration&apos; &gt; &apos;If we calculate the panel, we can get…&apos;" time="0.000036625">
        </testcase>
        <testcase classname="src/test-suite-12.spec.ts" name="&apos;Focused asynchronous collaboration&apos; &gt; &apos;We need to bypass the redundant SCSI …&apos;" time="0.000288833">
            <failure message="expected [ { …(3) }, { …(3) }, { …(3) }, …(2) ] to deeply equal [ { …(3) }, { …(3) }, { …(3) }, …(1) ]" type="AssertionError">
AssertionError: expected [ { …(3) }, { …(3) }, { …(3) }, …(2) ] to deeply equal [ { …(3) }, { …(3) }, { …(3) }, …(1) ]

- Expected
+ Received

  [
    {
-     &quot;description&quot;: &quot;We need to quantify the mobile AI program!&quot;,
-     &quot;message&quot;: &quot;You can&apos;t index the interface without transmitting the haptic JBOD capacitor!&quot;,
-     &quot;summary&quot;: &quot;We need to navigate the wireless SSD panel!&quot;,
+     &quot;description&quot;: &quot;We need to program the back-end CSS capacitor!&quot;,
+     &quot;message&quot;: &quot;I&apos;ll hack the optical JSON port, that should bandwidth the SQL application!&quot;,
+     &quot;summary&quot;: &quot;You can&apos;t connect the interface without indexing the virtual XML bus!&quot;,
    },
    {
-     &quot;description&quot;: &quot;Try to navigate the SQL hard drive, maybe it will back up the virtual program!&quot;,
-     &quot;message&quot;: &quot;The PNG array is down, calculate the solid state pixel so we can transmit the DNS monitor!&quot;,
-     &quot;summary&quot;: &quot;We need to quantify the multi-byte AGP transmitter!&quot;,
+     &quot;description&quot;: &quot;The CSS bus is down, back up the haptic pixel so we can quantify the CSS pixel!&quot;,
+     &quot;message&quot;: &quot;I&apos;ll compress the primary SMS sensor, that should application the IP transmitter!&quot;,
+     &quot;summary&quot;: &quot;synthesizing the protocol won&apos;t do anything, we need to transmit the redundant HEX alarm!&quot;,
+   },
+   {
+     &quot;description&quot;: &quot;Try to parse the TLS bus, maybe it will copy the digital transmitter!&quot;,
+     &quot;message&quot;: &quot;I&apos;ll override the primary SAS protocol, that should panel the OCR monitor!&quot;,
+     &quot;summary&quot;: &quot;I&apos;ll program the bluetooth ASCII transmitter, that should bandwidth the THX port!&quot;,
    },
    {
-     &quot;description&quot;: &quot;If we calculate the hard drive, we can get to the AGP system through the virtual SSD microchip!&quot;,
-     &quot;message&quot;: &quot;Try to input the XML driver, maybe it will override the multi-byte hard drive!&quot;,
-     &quot;summary&quot;: &quot;You can&apos;t bypass the panel without quantifying the back-end FTP bandwidth!&quot;,
+     &quot;description&quot;: &quot;I&apos;ll back up the solid state CLI feed, that should feed the SSD panel!&quot;,
+     &quot;message&quot;: &quot;Try to reboot the UDP array, maybe it will input the cross-platform panel!&quot;,
+     &quot;summary&quot;: &quot;Try to index the COM sensor, maybe it will calculate the mobile interface!&quot;,
    },
    {
-     &quot;description&quot;: &quot;The JSON sensor is down, program the solid state card so we can generate the TLS circuit!&quot;,
-     &quot;message&quot;: &quot;The API circuit is down, parse the back-end interface so we can parse the RSS port!&quot;,
-     &quot;summary&quot;: &quot;quantifying the program won&apos;t do anything, we need to transmit the cross-platform API firewall!&quot;,
+     &quot;description&quot;: &quot;If we quantify the alarm, we can get to the JBOD driver through the neural TLS feed!&quot;,
+     &quot;message&quot;: &quot;I&apos;ll reboot the auxiliary UDP sensor, that should capacitor the SMS pixel!&quot;,
+     &quot;summary&quot;: &quot;The HDD pixel is down, calculate the multi-byte program so we can navigate the API pixel!&quot;,
    },
  ]

 ❯ src/test-suite-12.spec.ts:21:20
            </failure>
        </testcase>
        <testcase classname="src/test-suite-12.spec.ts" name="&apos;Focused asynchronous collaboration&apos; &gt; &apos;The HDD application is down, transmit…&apos;" time="0.000037708">
        </testcase>
        <testcase classname="src/test-suite-12.spec.ts" name="&apos;Focused asynchronous collaboration&apos; &gt; &apos;If we synthesize the card, we can get…&apos;" time="0.000290375">
            <failure message="expected [ { …(3) }, { …(3) }, { …(3) }, …(1) ] to deeply equal [ { …(3) }, { …(3) }, { …(3) }, …(2) ]" type="AssertionError">
AssertionError: expected [ { …(3) }, { …(3) }, { …(3) }, …(1) ] to deeply equal [ { …(3) }, { …(3) }, { …(3) }, …(2) ]

- Expected
+ Received

  [
    {
-     &quot;description&quot;: &quot;The SQL alarm is down, quantify the mobile application so we can copy the TCP system!&quot;,
-     &quot;message&quot;: &quot;We need to parse the cross-platform HEX bus!&quot;,
-     &quot;summary&quot;: &quot;The VGA panel is down, program the cross-platform application so we can connect the SMS alarm!&quot;,
+     &quot;description&quot;: &quot;The UDP array is down, index the optical system so we can input the RSS firewall!&quot;,
+     &quot;message&quot;: &quot;If we copy the protocol, we can get to the JSON panel through the 1080p DRAM microchip!&quot;,
+     &quot;summary&quot;: &quot;Use the mobile HDD circuit, then you can bypass the digital application!&quot;,
    },
    {
-     &quot;description&quot;: &quot;Use the redundant OCR interface, then you can override the back-end application!&quot;,
-     &quot;message&quot;: &quot;If we copy the alarm, we can get to the USB array through the optical PCI bandwidth!&quot;,
-     &quot;summary&quot;: &quot;You can&apos;t synthesize the firewall without parsing the cross-platform FTP panel!&quot;,
-   },
-   {
-     &quot;description&quot;: &quot;If we navigate the bus, we can get to the COM protocol through the bluetooth SMS array!&quot;,
-     &quot;message&quot;: &quot;Use the back-end JSON feed, then you can reboot the wireless circuit!&quot;,
-     &quot;summary&quot;: &quot;Use the multi-byte FTP feed, then you can parse the bluetooth system!&quot;,
+     &quot;description&quot;: &quot;If we program the driver, we can get to the THX bus through the virtual CSS program!&quot;,
+     &quot;message&quot;: &quot;Use the redundant VGA application, then you can index the bluetooth driver!&quot;,
+     &quot;summary&quot;: &quot;We need to navigate the haptic API monitor!&quot;,
    },
    {
-     &quot;description&quot;: &quot;Try to connect the SMS sensor, maybe it will compress the mobile hard drive!&quot;,
-     &quot;message&quot;: &quot;The COM panel is down, parse the cross-platform system so we can bypass the THX bandwidth!&quot;,
-     &quot;summary&quot;: &quot;We need to program the digital CSS array!&quot;,
+     &quot;description&quot;: &quot;We need to back up the auxiliary TCP alarm!&quot;,
+     &quot;message&quot;: &quot;Try to connect the HTTP capacitor, maybe it will transmit the redundant sensor!&quot;,
+     &quot;summary&quot;: &quot;If we copy the feed, we can get to the API capacitor through the haptic XML program!&quot;,
    },
    {
-     &quot;description&quot;: &quot;If we quantify the hard drive, we can get to the RAM bus through the primary ADP transmitter!&quot;,
-     &quot;message&quot;: &quot;We need to generate the bluetooth IP firewall!&quot;,
-     &quot;summary&quot;: &quot;If we override the card, we can get to the ASCII driver through the cross-platform HTTP bandwidth!&quot;,
+     &quot;description&quot;: &quot;generating the hard drive won&apos;t do anything, we need to synthesize the primary IP pixel!&quot;,
+     &quot;message&quot;: &quot;The HEX bandwidth is down, index the bluetooth pixel so we can calculate the GB hard drive!&quot;,
+     &quot;summary&quot;: &quot;indexing the interface won&apos;t do anything, we need to copy the virtual CSS application!&quot;,
    },
  ]

 ❯ src/test-suite-12.spec.ts:21:20
            </failure>
        </testcase>
        <testcase classname="src/test-suite-12.spec.ts" name="&apos;Focused asynchronous collaboration&apos; &gt; &apos;You can\&apos;t quantify the program witho…&apos;" time="0.000051208">
        </testcase>
        <testcase classname="src/test-suite-12.spec.ts" name="&apos;Focused asynchronous collaboration&apos; &gt; &apos;navigating the system won\&apos;t do anyth…&apos;" time="0.000241709">
            <failure message="expected [ { …(3) }, { …(3) }, { …(3) }, …(1) ] to deeply equal [ { …(3) }, { …(3) } ]" type="AssertionError">
AssertionError: expected [ { …(3) }, { …(3) }, { …(3) }, …(1) ] to deeply equal [ { …(3) }, { …(3) } ]

- Expected
+ Received

  [
    {
-     &quot;description&quot;: &quot;Try to reboot the SDD feed, maybe it will reboot the haptic microchip!&quot;,
-     &quot;message&quot;: &quot;I&apos;ll synthesize the 1080p JBOD monitor, that should interface the SCSI hard drive!&quot;,
-     &quot;summary&quot;: &quot;Use the cross-platform FTP interface, then you can synthesize the optical firewall!&quot;,
+     &quot;description&quot;: &quot;If we input the driver, we can get to the HDD matrix through the bluetooth VGA bandwidth!&quot;,
+     &quot;message&quot;: &quot;We need to back up the solid state SSL card!&quot;,
+     &quot;summary&quot;: &quot;We need to copy the bluetooth SSL pixel!&quot;,
    },
    {
-     &quot;description&quot;: &quot;You can&apos;t input the system without quantifying the virtual COM feed!&quot;,
-     &quot;message&quot;: &quot;We need to index the back-end VGA array!&quot;,
-     &quot;summary&quot;: &quot;Use the digital DNS port, then you can copy the optical port!&quot;,
+     &quot;description&quot;: &quot;The SSL protocol is down, hack the online bus so we can program the HTTP alarm!&quot;,
+     &quot;message&quot;: &quot;Use the haptic AI system, then you can parse the redundant sensor!&quot;,
+     &quot;summary&quot;: &quot;If we compress the bus, we can get to the ADP program through the primary SCSI hard drive!&quot;,
+   },
+   {
+     &quot;description&quot;: &quot;We need to back up the neural UDP alarm!&quot;,
+     &quot;message&quot;: &quot;We need to reboot the open-source PCI sensor!&quot;,
+     &quot;summary&quot;: &quot;You can&apos;t connect the bandwidth without navigating the solid state EXE feed!&quot;,
+   },
+   {
+     &quot;description&quot;: &quot;Use the back-end XSS protocol, then you can input the primary firewall!&quot;,
+     &quot;message&quot;: &quot;copying the monitor won&apos;t do anything, we need to program the neural HDD alarm!&quot;,
+     &quot;summary&quot;: &quot;We need to copy the digital SMTP monitor!&quot;,
    },
  ]

 ❯ src/test-suite-12.spec.ts:21:20
            </failure>
        </testcase>
        <testcase classname="src/test-suite-12.spec.ts" name="&apos;Focused asynchronous collaboration&apos; &gt; &apos;If we index the matrix, we can get to…&apos;" time="0.000047541">
        </testcase>
        <testcase classname="src/test-suite-12.spec.ts" name="&apos;Focused asynchronous collaboration&apos; &gt; &apos;You can\&apos;t calculate the capacitor wi…&apos;" time="0.000285541">
            <failure message="expected [ { …(3) }, { …(3) }, { …(3) }, …(2) ] to deeply equal [ { …(3) }, { …(3) }, { …(3) } ]" type="AssertionError">
AssertionError: expected [ { …(3) }, { …(3) }, { …(3) }, …(2) ] to deeply equal [ { …(3) }, { …(3) }, { …(3) } ]

- Expected
+ Received

  [
    {
-     &quot;description&quot;: &quot;Use the multi-byte IP pixel, then you can index the wireless bus!&quot;,
-     &quot;message&quot;: &quot;We need to compress the auxiliary AI panel!&quot;,
-     &quot;summary&quot;: &quot;Use the primary SQL program, then you can back up the 1080p feed!&quot;,
+     &quot;description&quot;: &quot;I&apos;ll navigate the bluetooth USB protocol, that should transmitter the API bus!&quot;,
+     &quot;message&quot;: &quot;The JSON protocol is down, index the auxiliary transmitter so we can calculate the FTP matrix!&quot;,
+     &quot;summary&quot;: &quot;indexing the interface won&apos;t do anything, we need to transmit the wireless UTF8 card!&quot;,
    },
    {
-     &quot;description&quot;: &quot;I&apos;ll generate the redundant JBOD program, that should port the RAM transmitter!&quot;,
-     &quot;message&quot;: &quot;The AGP port is down, override the optical matrix so we can compress the THX firewall!&quot;,
-     &quot;summary&quot;: &quot;You can&apos;t synthesize the transmitter without synthesizing the optical THX port!&quot;,
+     &quot;description&quot;: &quot;The GB port is down, hack the 1080p microchip so we can connect the TLS system!&quot;,
+     &quot;message&quot;: &quot;Try to bypass the PCI protocol, maybe it will copy the solid state firewall!&quot;,
+     &quot;summary&quot;: &quot;If we program the application, we can get to the VGA sensor through the digital XML firewall!&quot;,
    },
    {
-     &quot;description&quot;: &quot;hacking the sensor won&apos;t do anything, we need to generate the wireless SDD pixel!&quot;,
-     &quot;message&quot;: &quot;If we copy the circuit, we can get to the EXE microchip through the solid state SAS system!&quot;,
-     &quot;summary&quot;: &quot;You can&apos;t copy the circuit without compressing the neural ADP microchip!&quot;,
+     &quot;description&quot;: &quot;Use the multi-byte AI bandwidth, then you can compress the wireless driver!&quot;,
+     &quot;message&quot;: &quot;synthesizing the circuit won&apos;t do anything, we need to synthesize the multi-byte HEX program!&quot;,
+     &quot;summary&quot;: &quot;I&apos;ll quantify the haptic USB matrix, that should application the VGA interface!&quot;,
+   },
+   {
+     &quot;description&quot;: &quot;We need to bypass the bluetooth XSS matrix!&quot;,
+     &quot;message&quot;: &quot;If we parse the microchip, we can get to the THX microchip through the online CLI array!&quot;,
+     &quot;summary&quot;: &quot;navigating the circuit won&apos;t do anything, we need to navigate the cross-platform SMS application!&quot;,
+   },
+   {
+     &quot;description&quot;: &quot;If we transmit the capacitor, we can get to the HDD interface through the back-end SSL firewall!&quot;,
+     &quot;message&quot;: &quot;I&apos;ll compress the virtual SDD system, that should circuit the DRAM interface!&quot;,
+     &quot;summary&quot;: &quot;compressing the firewall won&apos;t do anything, we need to program the wireless HTTP alarm!&quot;,
    },
  ]

 ❯ src/test-suite-12.spec.ts:21:20
            </failure>
        </testcase>
        <testcase classname="src/test-suite-12.spec.ts" name="&apos;Focused asynchronous collaboration&apos; &gt; &apos;You can\&apos;t reboot the system without …&apos;" time="0.000056959">
        </testcase>
        <testcase classname="src/test-suite-12.spec.ts" name="&apos;Focused asynchronous collaboration&apos; &gt; &apos;Use the virtual JBOD bus, then you ca…&apos;" time="0.000312334">
            <failure message="expected [ { …(3) }, { …(3) }, { …(3) }, …(2) ] to deeply equal [ { …(3) }, { …(3) }, { …(3) }, …(2) ]" type="AssertionError">
AssertionError: expected [ { …(3) }, { …(3) }, { …(3) }, …(2) ] to deeply equal [ { …(3) }, { …(3) }, { …(3) }, …(2) ]

- Expected
+ Received

  [
    {
-     &quot;description&quot;: &quot;Use the digital SMS pixel, then you can copy the open-source alarm!&quot;,
-     &quot;message&quot;: &quot;Try to generate the RAM driver, maybe it will copy the haptic microchip!&quot;,
-     &quot;summary&quot;: &quot;I&apos;ll back up the redundant JSON program, that should program the DRAM alarm!&quot;,
+     &quot;description&quot;: &quot;Use the neural SDD alarm, then you can reboot the mobile firewall!&quot;,
+     &quot;message&quot;: &quot;Try to back up the COM firewall, maybe it will quantify the digital transmitter!&quot;,
+     &quot;summary&quot;: &quot;You can&apos;t generate the card without generating the auxiliary ADP panel!&quot;,
    },
    {
-     &quot;description&quot;: &quot;hacking the system won&apos;t do anything, we need to hack the neural SCSI system!&quot;,
-     &quot;message&quot;: &quot;synthesizing the sensor won&apos;t do anything, we need to transmit the redundant OCR panel!&quot;,
-     &quot;summary&quot;: &quot;If we parse the sensor, we can get to the API array through the solid state TCP microchip!&quot;,
+     &quot;description&quot;: &quot;Try to calculate the SSL application, maybe it will copy the virtual capacitor!&quot;,
+     &quot;message&quot;: &quot;Use the haptic PCI microchip, then you can hack the wireless monitor!&quot;,
+     &quot;summary&quot;: &quot;We need to reboot the auxiliary SAS circuit!&quot;,
    },
    {
-     &quot;description&quot;: &quot;indexing the system won&apos;t do anything, we need to parse the back-end SMTP program!&quot;,
-     &quot;message&quot;: &quot;connecting the panel won&apos;t do anything, we need to transmit the neural VGA card!&quot;,
-     &quot;summary&quot;: &quot;The AI hard drive is down, reboot the neural array so we can index the SDD card!&quot;,
+     &quot;description&quot;: &quot;The SQL bus is down, calculate the neural port so we can reboot the SDD capacitor!&quot;,
+     &quot;message&quot;: &quot;The ASCII pixel is down, back up the 1080p capacitor so we can bypass the UDP protocol!&quot;,
+     &quot;summary&quot;: &quot;You can&apos;t input the hard drive without generating the multi-byte THX port!&quot;,
    },
    {
-     &quot;description&quot;: &quot;hacking the feed won&apos;t do anything, we need to input the online SCSI card!&quot;,
-     &quot;message&quot;: &quot;calculating the alarm won&apos;t do anything, we need to compress the digital IB program!&quot;,
-     &quot;summary&quot;: &quot;parsing the transmitter won&apos;t do anything, we need to parse the primary EXE hard drive!&quot;,
+     &quot;description&quot;: &quot;I&apos;ll quantify the redundant XSS firewall, that should program the RSS matrix!&quot;,
+     &quot;message&quot;: &quot;You can&apos;t index the bandwidth without quantifying the digital JBOD feed!&quot;,
+     &quot;summary&quot;: &quot;We need to override the digital COM bus!&quot;,
    },
    {
-     &quot;description&quot;: &quot;The UTF8 alarm is down, program the auxiliary transmitter so we can hack the CLI hard drive!&quot;,
-     &quot;message&quot;: &quot;We need to copy the wireless ADP circuit!&quot;,
-     &quot;summary&quot;: &quot;You can&apos;t program the interface without quantifying the primary XML system!&quot;,
+     &quot;description&quot;: &quot;You can&apos;t calculate the driver without generating the cross-platform JBOD array!&quot;,
+     &quot;message&quot;: &quot;The SSL feed is down, generate the back-end port so we can connect the TLS feed!&quot;,
+     &quot;summary&quot;: &quot;Use the haptic ADP driver, then you can parse the back-end monitor!&quot;,
    },
  ]

 ❯ src/test-suite-12.spec.ts:21:20
            </failure>
        </testcase>
        <testcase classname="src/test-suite-12.spec.ts" name="&apos;Focused asynchronous collaboration&apos; &gt; &apos;Use the optical HTTP array, then you …&apos;" time="0.000034875">
        </testcase>
        <testcase classname="src/test-suite-12.spec.ts" name="&apos;Focused asynchronous collaboration&apos; &gt; &apos;If we back up the firewall, we can ge…&apos;" time="0.000270584">
            <failure message="expected [ { …(3) }, { …(3) }, { …(3) } ] to deeply equal [ { …(3) }, { …(3) }, { …(3) }, …(2) ]" type="AssertionError">
AssertionError: expected [ { …(3) }, { …(3) }, { …(3) } ] to deeply equal [ { …(3) }, { …(3) }, { …(3) }, …(2) ]

- Expected
+ Received

  [
    {
-     &quot;description&quot;: &quot;If we navigate the array, we can get to the THX circuit through the optical JSON system!&quot;,
-     &quot;message&quot;: &quot;The CSS bandwidth is down, bypass the primary monitor so we can reboot the PCI application!&quot;,
-     &quot;summary&quot;: &quot;We need to calculate the optical API sensor!&quot;,
+     &quot;description&quot;: &quot;Use the wireless UTF8 application, then you can navigate the virtual port!&quot;,
+     &quot;message&quot;: &quot;I&apos;ll compress the mobile FTP alarm, that should card the SMTP monitor!&quot;,
+     &quot;summary&quot;: &quot;If we compress the system, we can get to the AGP hard drive through the online DRAM alarm!&quot;,
    },
    {
-     &quot;description&quot;: &quot;I&apos;ll input the virtual OCR feed, that should transmitter the ADP port!&quot;,
-     &quot;message&quot;: &quot;You can&apos;t compress the matrix without navigating the wireless DRAM firewall!&quot;,
-     &quot;summary&quot;: &quot;I&apos;ll connect the mobile HEX feed, that should bandwidth the IB capacitor!&quot;,
+     &quot;description&quot;: &quot;If we override the bandwidth, we can get to the VGA program through the 1080p RAM interface!&quot;,
+     &quot;message&quot;: &quot;hacking the panel won&apos;t do anything, we need to reboot the bluetooth CSS monitor!&quot;,
+     &quot;summary&quot;: &quot;Use the cross-platform USB bus, then you can generate the wireless panel!&quot;,
    },
    {
-     &quot;description&quot;: &quot;You can&apos;t connect the program without programming the wireless SSL bandwidth!&quot;,
-     &quot;message&quot;: &quot;Use the cross-platform SSL sensor, then you can synthesize the 1080p circuit!&quot;,
-     &quot;summary&quot;: &quot;quantifying the firewall won&apos;t do anything, we need to parse the optical IB sensor!&quot;,
-   },
-   {
-     &quot;description&quot;: &quot;I&apos;ll generate the solid state AGP program, that should port the HDD protocol!&quot;,
-     &quot;message&quot;: &quot;The DNS driver is down, transmit the primary driver so we can index the USB port!&quot;,
-     &quot;summary&quot;: &quot;Try to back up the EXE port, maybe it will input the mobile sensor!&quot;,
-   },
-   {
-     &quot;description&quot;: &quot;If we index the sensor, we can get to the SDD array through the open-source UDP driver!&quot;,
-     &quot;message&quot;: &quot;Use the virtual RSS program, then you can compress the auxiliary array!&quot;,
-     &quot;summary&quot;: &quot;The UDP card is down, calculate the neural panel so we can program the IP program!&quot;,
+     &quot;description&quot;: &quot;We need to reboot the 1080p SCSI array!&quot;,
+     &quot;message&quot;: &quot;If we generate the alarm, we can get to the VGA capacitor through the open-source JBOD driver!&quot;,
+     &quot;summary&quot;: &quot;Try to generate the COM application, maybe it will compress the open-source hard drive!&quot;,
    },
  ]

 ❯ src/test-suite-12.spec.ts:21:20
            </failure>
        </testcase>
        <testcase classname="src/test-suite-12.spec.ts" name="&apos;Focused asynchronous collaboration&apos; &gt; &apos;We need to compress the bluetooth SSD…&apos;" time="0.000039875">
        </testcase>
        <testcase classname="src/test-suite-12.spec.ts" name="&apos;Focused asynchronous collaboration&apos; &gt; &apos;If we connect the panel, we can get t…&apos;" time="0.00023325">
            <failure message="expected [ { …(3) }, { …(3) }, { …(3) } ] to deeply equal [ { …(3) }, { …(3) }, { …(3) }, …(1) ]" type="AssertionError">
AssertionError: expected [ { …(3) }, { …(3) }, { …(3) } ] to deeply equal [ { …(3) }, { …(3) }, { …(3) }, …(1) ]

- Expected
+ Received

  [
    {
-     &quot;description&quot;: &quot;You can&apos;t hack the monitor without programming the virtual HTTP alarm!&quot;,
-     &quot;message&quot;: &quot;The TCP port is down, bypass the digital card so we can hack the SSL bandwidth!&quot;,
-     &quot;summary&quot;: &quot;You can&apos;t calculate the circuit without backing up the digital USB driver!&quot;,
-   },
-   {
-     &quot;description&quot;: &quot;We need to quantify the mobile XSS sensor!&quot;,
-     &quot;message&quot;: &quot;Use the multi-byte SDD pixel, then you can back up the mobile monitor!&quot;,
-     &quot;summary&quot;: &quot;Try to compress the CSS driver, maybe it will index the wireless matrix!&quot;,
+     &quot;description&quot;: &quot;Try to input the AI monitor, maybe it will input the solid state protocol!&quot;,
+     &quot;message&quot;: &quot;We need to copy the cross-platform PNG interface!&quot;,
+     &quot;summary&quot;: &quot;Use the cross-platform HEX card, then you can navigate the optical card!&quot;,
    },
    {
-     &quot;description&quot;: &quot;Use the back-end COM microchip, then you can override the redundant hard drive!&quot;,
-     &quot;message&quot;: &quot;I&apos;ll quantify the wireless AGP application, that should card the SSD matrix!&quot;,
-     &quot;summary&quot;: &quot;calculating the microchip won&apos;t do anything, we need to index the multi-byte TCP program!&quot;,
+     &quot;description&quot;: &quot;Use the back-end TLS application, then you can reboot the neural firewall!&quot;,
+     &quot;message&quot;: &quot;The IP matrix is down, quantify the auxiliary transmitter so we can connect the TCP matrix!&quot;,
+     &quot;summary&quot;: &quot;If we generate the protocol, we can get to the PNG port through the neural ASCII matrix!&quot;,
    },
    {
-     &quot;description&quot;: &quot;We need to connect the open-source PNG interface!&quot;,
-     &quot;message&quot;: &quot;The SQL transmitter is down, quantify the auxiliary monitor so we can generate the SCSI feed!&quot;,
-     &quot;summary&quot;: &quot;Use the wireless PNG bandwidth, then you can connect the open-source bus!&quot;,
+     &quot;description&quot;: &quot;The XSS interface is down, index the multi-byte circuit so we can override the TLS system!&quot;,
+     &quot;message&quot;: &quot;The UTF8 alarm is down, generate the multi-byte port so we can input the SQL circuit!&quot;,
+     &quot;summary&quot;: &quot;Use the online EXE capacitor, then you can index the solid state application!&quot;,
    },
  ]

 ❯ src/test-suite-12.spec.ts:21:20
            </failure>
        </testcase>
        <testcase classname="src/test-suite-12.spec.ts" name="&apos;Focused asynchronous collaboration&apos; &gt; &apos;Try to input the JSON interface, mayb…&apos;" time="0.00004225">
        </testcase>
        <testcase classname="src/test-suite-12.spec.ts" name="&apos;Focused asynchronous collaboration&apos; &gt; &apos;Try to parse the ADP card, maybe it w…&apos;" time="0.0002435">
            <failure message="expected [ { …(3) }, { …(3) } ] to deeply equal [ { …(3) }, { …(3) }, { …(3) }, …(2) ]" type="AssertionError">
AssertionError: expected [ { …(3) }, { …(3) } ] to deeply equal [ { …(3) }, { …(3) }, { …(3) }, …(2) ]

- Expected
+ Received

  [
    {
-     &quot;description&quot;: &quot;If we input the bandwidth, we can get to the IB system through the cross-platform ADP card!&quot;,
-     &quot;message&quot;: &quot;navigating the panel won&apos;t do anything, we need to calculate the digital SDD interface!&quot;,
-     &quot;summary&quot;: &quot;The PNG port is down, override the wireless interface so we can generate the HDD firewall!&quot;,
-   },
-   {
-     &quot;description&quot;: &quot;overriding the microchip won&apos;t do anything, we need to quantify the virtual OCR firewall!&quot;,
-     &quot;message&quot;: &quot;I&apos;ll synthesize the mobile THX protocol, that should microchip the ADP system!&quot;,
-     &quot;summary&quot;: &quot;quantifying the interface won&apos;t do anything, we need to calculate the primary PCI port!&quot;,
-   },
-   {
-     &quot;description&quot;: &quot;Try to generate the JSON application, maybe it will override the solid state feed!&quot;,
-     &quot;message&quot;: &quot;Use the 1080p TCP microchip, then you can calculate the neural matrix!&quot;,
-     &quot;summary&quot;: &quot;Use the neural HEX capacitor, then you can navigate the primary feed!&quot;,
-   },
-   {
-     &quot;description&quot;: &quot;programming the card won&apos;t do anything, we need to index the redundant THX driver!&quot;,
-     &quot;message&quot;: &quot;The TCP circuit is down, copy the solid state bus so we can transmit the TLS array!&quot;,
-     &quot;summary&quot;: &quot;The ASCII microchip is down, override the back-end circuit so we can parse the JBOD transmitter!&quot;,
+     &quot;description&quot;: &quot;compressing the panel won&apos;t do anything, we need to input the cross-platform HEX feed!&quot;,
+     &quot;message&quot;: &quot;Use the auxiliary JBOD matrix, then you can connect the neural monitor!&quot;,
+     &quot;summary&quot;: &quot;We need to bypass the primary SSL card!&quot;,
    },
    {
-     &quot;description&quot;: &quot;We need to connect the mobile EXE circuit!&quot;,
-     &quot;message&quot;: &quot;I&apos;ll transmit the bluetooth PCI program, that should panel the UTF8 transmitter!&quot;,
-     &quot;summary&quot;: &quot;The XML bandwidth is down, bypass the bluetooth matrix so we can parse the IP driver!&quot;,
+     &quot;description&quot;: &quot;If we index the transmitter, we can get to the JBOD system through the bluetooth USB sensor!&quot;,
+     &quot;message&quot;: &quot;You can&apos;t transmit the array without parsing the back-end IB system!&quot;,
+     &quot;summary&quot;: &quot;Use the back-end ASCII pixel, then you can quantify the mobile firewall!&quot;,
    },
  ]

 ❯ src/test-suite-12.spec.ts:21:20
            </failure>
        </testcase>
        <testcase classname="src/test-suite-12.spec.ts" name="&apos;Focused asynchronous collaboration&apos; &gt; &apos;I\&apos;ll index the back-end ADP capacito…&apos;" time="0.00006575">
        </testcase>
        <testcase classname="src/test-suite-12.spec.ts" name="&apos;Focused asynchronous collaboration&apos; &gt; &apos;We need to connect the redundant USB …&apos;" time="0.0002525">
            <failure message="expected [ { …(3) }, { …(3) }, { …(3) } ] to deeply equal [ { …(3) }, { …(3) }, { …(3) }, …(2) ]" type="AssertionError">
AssertionError: expected [ { …(3) }, { …(3) }, { …(3) } ] to deeply equal [ { …(3) }, { …(3) }, { …(3) }, …(2) ]

- Expected
+ Received

  [
    {
-     &quot;description&quot;: &quot;calculating the program won&apos;t do anything, we need to compress the neural HDD system!&quot;,
-     &quot;message&quot;: &quot;Try to generate the API firewall, maybe it will parse the mobile transmitter!&quot;,
-     &quot;summary&quot;: &quot;We need to back up the solid state SMS protocol!&quot;,
+     &quot;description&quot;: &quot;overriding the panel won&apos;t do anything, we need to synthesize the back-end XML transmitter!&quot;,
+     &quot;message&quot;: &quot;If we override the port, we can get to the SQL panel through the mobile DRAM protocol!&quot;,
+     &quot;summary&quot;: &quot;You can&apos;t calculate the pixel without synthesizing the bluetooth IP panel!&quot;,
    },
    {
-     &quot;description&quot;: &quot;Use the back-end RSS hard drive, then you can index the wireless port!&quot;,
-     &quot;message&quot;: &quot;If we program the monitor, we can get to the HEX application through the auxiliary PCI driver!&quot;,
-     &quot;summary&quot;: &quot;If we input the system, we can get to the SCSI transmitter through the digital XML driver!&quot;,
+     &quot;description&quot;: &quot;I&apos;ll override the back-end TCP protocol, that should driver the CLI feed!&quot;,
+     &quot;message&quot;: &quot;You can&apos;t back up the protocol without parsing the wireless ASCII card!&quot;,
+     &quot;summary&quot;: &quot;calculating the port won&apos;t do anything, we need to compress the haptic TLS system!&quot;,
    },
    {
-     &quot;description&quot;: &quot;We need to copy the neural SAS matrix!&quot;,
-     &quot;message&quot;: &quot;I&apos;ll compress the optical FTP sensor, that should interface the EXE interface!&quot;,
-     &quot;summary&quot;: &quot;You can&apos;t quantify the matrix without hacking the mobile PNG driver!&quot;,
-   },
-   {
-     &quot;description&quot;: &quot;We need to input the back-end UDP monitor!&quot;,
-     &quot;message&quot;: &quot;Try to compress the HEX transmitter, maybe it will connect the redundant microchip!&quot;,
-     &quot;summary&quot;: &quot;Try to index the JSON feed, maybe it will reboot the mobile capacitor!&quot;,
-   },
-   {
-     &quot;description&quot;: &quot;generating the bandwidth won&apos;t do anything, we need to reboot the primary AGP program!&quot;,
-     &quot;message&quot;: &quot;If we input the card, we can get to the TCP monitor through the mobile FTP application!&quot;,
-     &quot;summary&quot;: &quot;I&apos;ll copy the primary CLI microchip, that should transmitter the SSL protocol!&quot;,
+     &quot;description&quot;: &quot;generating the protocol won&apos;t do anything, we need to reboot the multi-byte SQL monitor!&quot;,
+     &quot;message&quot;: &quot;Try to copy the HDD alarm, maybe it will copy the redundant sensor!&quot;,
+     &quot;summary&quot;: &quot;I&apos;ll quantify the multi-byte SMS feed, that should card the JSON pixel!&quot;,
    },
  ]

 ❯ src/test-suite-12.spec.ts:21:20
            </failure>
        </testcase>
        <testcase classname="src/test-suite-12.spec.ts" name="&apos;Focused asynchronous collaboration&apos; &gt; &apos;I\&apos;ll override the back-end DNS feed,…&apos;" time="0.000053542">
        </testcase>
        <testcase classname="src/test-suite-12.spec.ts" name="&apos;Focused asynchronous collaboration&apos; &gt; &apos;If we reboot the application, we can …&apos;" time="0.001128209">
            <failure message="expected [ { …(3) }, { …(3) } ] to deeply equal [ { …(3) }, { …(3) } ]" type="AssertionError">
AssertionError: expected [ { …(3) }, { …(3) } ] to deeply equal [ { …(3) }, { …(3) } ]

- Expected
+ Received

  [
    {
-     &quot;description&quot;: &quot;Use the optical TLS protocol, then you can quantify the auxiliary microchip!&quot;,
-     &quot;message&quot;: &quot;You can&apos;t program the hard drive without transmitting the wireless JSON card!&quot;,
-     &quot;summary&quot;: &quot;We need to program the optical SAS matrix!&quot;,
+     &quot;description&quot;: &quot;calculating the bandwidth won&apos;t do anything, we need to reboot the auxiliary SMTP sensor!&quot;,
+     &quot;message&quot;: &quot;If we reboot the application, we can get to the THX feed through the digital SDD protocol!&quot;,
+     &quot;summary&quot;: &quot;We need to parse the wireless EXE program!&quot;,
    },
    {
-     &quot;description&quot;: &quot;parsing the alarm won&apos;t do anything, we need to index the auxiliary HEX hard drive!&quot;,
-     &quot;message&quot;: &quot;You can&apos;t reboot the array without indexing the virtual AI panel!&quot;,
-     &quot;summary&quot;: &quot;Use the multi-byte PNG firewall, then you can hack the mobile monitor!&quot;,
+     &quot;description&quot;: &quot;You can&apos;t bypass the driver without calculating the 1080p EXE bus!&quot;,
+     &quot;message&quot;: &quot;calculating the circuit won&apos;t do anything, we need to navigate the auxiliary UDP application!&quot;,
+     &quot;summary&quot;: &quot;Use the multi-byte JSON system, then you can index the digital capacitor!&quot;,
    },
  ]

 ❯ src/test-suite-12.spec.ts:21:20
            </failure>
        </testcase>
        <testcase classname="src/test-suite-12.spec.ts" name="&apos;Virtual mission-critical utilisation&apos; &gt; &apos;The COM bandwidth is down, bypass the…&apos;" time="0.000262167">
            <failure message="expected [ { …(3) }, { …(3) } ] to deeply equal [ { …(3) }, { …(3) } ]" type="AssertionError">
AssertionError: expected [ { …(3) }, { …(3) } ] to deeply equal [ { …(3) }, { …(3) } ]

- Expected
+ Received

  [
    {
-     &quot;description&quot;: &quot;You can&apos;t hack the card without calculating the multi-byte ADP card!&quot;,
-     &quot;message&quot;: &quot;I&apos;ll override the virtual VGA feed, that should port the TLS transmitter!&quot;,
-     &quot;summary&quot;: &quot;Use the haptic CLI panel, then you can parse the auxiliary bandwidth!&quot;,
+     &quot;description&quot;: &quot;You can&apos;t generate the driver without overriding the cross-platform THX interface!&quot;,
+     &quot;message&quot;: &quot;You can&apos;t calculate the alarm without synthesizing the optical SDD alarm!&quot;,
+     &quot;summary&quot;: &quot;If we connect the program, we can get to the HEX port through the virtual AGP driver!&quot;,
    },
    {
-     &quot;description&quot;: &quot;Try to back up the HDD firewall, maybe it will input the auxiliary capacitor!&quot;,
-     &quot;message&quot;: &quot;We need to synthesize the mobile IP bus!&quot;,
-     &quot;summary&quot;: &quot;We need to compress the cross-platform SMS protocol!&quot;,
+     &quot;description&quot;: &quot;Use the redundant SSL panel, then you can parse the multi-byte firewall!&quot;,
+     &quot;message&quot;: &quot;Try to compress the ASCII application, maybe it will synthesize the virtual circuit!&quot;,
+     &quot;summary&quot;: &quot;The IP interface is down, input the bluetooth circuit so we can generate the SQL application!&quot;,
    },
  ]

 ❯ src/test-suite-12.spec.ts:21:20
            </failure>
        </testcase>
        <testcase classname="src/test-suite-12.spec.ts" name="&apos;Virtual mission-critical utilisation&apos; &gt; &apos;transmitting the pixel won\&apos;t do anyt…&apos;" time="0.000053208">
        </testcase>
        <testcase classname="src/test-suite-12.spec.ts" name="&apos;Virtual mission-critical utilisation&apos; &gt; &apos;synthesizing the circuit won\&apos;t do an…&apos;" time="0.000305166">
            <failure message="expected [ { …(3) }, { …(3) }, { …(3) }, …(2) ] to deeply equal [ { …(3) }, { …(3) }, { …(3) }, …(1) ]" type="AssertionError">
AssertionError: expected [ { …(3) }, { …(3) }, { …(3) }, …(2) ] to deeply equal [ { …(3) }, { …(3) }, { …(3) }, …(1) ]

- Expected
+ Received

  [
    {
-     &quot;description&quot;: &quot;The THX card is down, hack the wireless system so we can compress the XML application!&quot;,
-     &quot;message&quot;: &quot;We need to connect the redundant XSS driver!&quot;,
-     &quot;summary&quot;: &quot;calculating the bandwidth won&apos;t do anything, we need to generate the multi-byte IB protocol!&quot;,
+     &quot;description&quot;: &quot;quantifying the pixel won&apos;t do anything, we need to bypass the cross-platform THX circuit!&quot;,
+     &quot;message&quot;: &quot;calculating the driver won&apos;t do anything, we need to compress the digital EXE application!&quot;,
+     &quot;summary&quot;: &quot;Try to navigate the XSS firewall, maybe it will back up the 1080p interface!&quot;,
    },
    {
-     &quot;description&quot;: &quot;synthesizing the pixel won&apos;t do anything, we need to generate the bluetooth SMS transmitter!&quot;,
-     &quot;message&quot;: &quot;The RAM card is down, copy the virtual protocol so we can parse the PCI program!&quot;,
-     &quot;summary&quot;: &quot;The SMTP bandwidth is down, quantify the neural hard drive so we can bypass the JBOD array!&quot;,
+     &quot;description&quot;: &quot;If we transmit the monitor, we can get to the SAS firewall through the redundant COM card!&quot;,
+     &quot;message&quot;: &quot;I&apos;ll input the redundant SMS protocol, that should circuit the ASCII bandwidth!&quot;,
+     &quot;summary&quot;: &quot;If we index the hard drive, we can get to the SAS hard drive through the redundant AI pixel!&quot;,
+   },
+   {
+     &quot;description&quot;: &quot;Try to parse the SAS protocol, maybe it will transmit the digital monitor!&quot;,
+     &quot;message&quot;: &quot;I&apos;ll parse the neural SQL protocol, that should capacitor the RAM program!&quot;,
+     &quot;summary&quot;: &quot;backing up the program won&apos;t do anything, we need to synthesize the haptic TCP transmitter!&quot;,
    },
    {
-     &quot;description&quot;: &quot;I&apos;ll parse the cross-platform THX alarm, that should bandwidth the OCR feed!&quot;,
-     &quot;message&quot;: &quot;Try to hack the TLS system, maybe it will generate the wireless program!&quot;,
-     &quot;summary&quot;: &quot;Try to reboot the SCSI sensor, maybe it will copy the virtual protocol!&quot;,
+     &quot;description&quot;: &quot;Use the wireless OCR interface, then you can calculate the back-end bus!&quot;,
+     &quot;message&quot;: &quot;I&apos;ll copy the redundant HDD application, that should circuit the FTP bandwidth!&quot;,
+     &quot;summary&quot;: &quot;The PCI transmitter is down, bypass the wireless card so we can connect the HEX circuit!&quot;,
    },
    {
-     &quot;description&quot;: &quot;You can&apos;t hack the bandwidth without overriding the bluetooth CSS pixel!&quot;,
-     &quot;message&quot;: &quot;The SMS bandwidth is down, synthesize the open-source microchip so we can calculate the SSD bandwidth!&quot;,
-     &quot;summary&quot;: &quot;I&apos;ll navigate the haptic CSS bus, that should card the THX array!&quot;,
+     &quot;description&quot;: &quot;Try to hack the SQL capacitor, maybe it will quantify the haptic driver!&quot;,
+     &quot;message&quot;: &quot;The UDP feed is down, compress the redundant transmitter so we can transmit the RSS matrix!&quot;,
+     &quot;summary&quot;: &quot;If we synthesize the card, we can get to the SMTP pixel through the digital JSON bandwidth!&quot;,
    },
  ]

 ❯ src/test-suite-12.spec.ts:21:20
            </failure>
        </testcase>
        <testcase classname="src/test-suite-12.spec.ts" name="&apos;Virtual mission-critical utilisation&apos; &gt; &apos;generating the capacitor won\&apos;t do an…&apos;" time="0.000053917">
        </testcase>
        <testcase classname="src/test-suite-12.spec.ts" name="&apos;Virtual mission-critical utilisation&apos; &gt; &apos;I\&apos;ll quantify the auxiliary HDD matr…&apos;" time="0.000256459">
            <failure message="expected [ { …(3) }, { …(3) }, { …(3) }, …(1) ] to deeply equal [ { …(3) }, { …(3) }, { …(3) } ]" type="AssertionError">
AssertionError: expected [ { …(3) }, { …(3) }, { …(3) }, …(1) ] to deeply equal [ { …(3) }, { …(3) }, { …(3) } ]

- Expected
+ Received

  [
    {
-     &quot;description&quot;: &quot;The PNG protocol is down, calculate the haptic protocol so we can parse the UTF8 card!&quot;,
-     &quot;message&quot;: &quot;Use the redundant JSON bandwidth, then you can input the optical panel!&quot;,
-     &quot;summary&quot;: &quot;navigating the system won&apos;t do anything, we need to navigate the digital ADP bus!&quot;,
+     &quot;description&quot;: &quot;Try to connect the JBOD sensor, maybe it will hack the virtual monitor!&quot;,
+     &quot;message&quot;: &quot;You can&apos;t index the microchip without synthesizing the bluetooth ADP capacitor!&quot;,
+     &quot;summary&quot;: &quot;Use the neural JBOD hard drive, then you can input the virtual microchip!&quot;,
+   },
+   {
+     &quot;description&quot;: &quot;If we reboot the pixel, we can get to the FTP bandwidth through the multi-byte ASCII card!&quot;,
+     &quot;message&quot;: &quot;transmitting the matrix won&apos;t do anything, we need to index the virtual RSS matrix!&quot;,
+     &quot;summary&quot;: &quot;I&apos;ll input the redundant ADP pixel, that should array the API alarm!&quot;,
    },
    {
-     &quot;description&quot;: &quot;You can&apos;t input the pixel without generating the digital DNS transmitter!&quot;,
-     &quot;message&quot;: &quot;You can&apos;t parse the bus without quantifying the online TCP sensor!&quot;,
-     &quot;summary&quot;: &quot;Try to transmit the PNG application, maybe it will back up the bluetooth program!&quot;,
+     &quot;description&quot;: &quot;We need to input the haptic HEX pixel!&quot;,
+     &quot;message&quot;: &quot;Use the wireless TCP transmitter, then you can compress the wireless panel!&quot;,
+     &quot;summary&quot;: &quot;Use the mobile SDD sensor, then you can transmit the haptic alarm!&quot;,
    },
    {
-     &quot;description&quot;: &quot;I&apos;ll generate the haptic VGA array, that should microchip the DNS pixel!&quot;,
-     &quot;message&quot;: &quot;Try to back up the ADP panel, maybe it will back up the online circuit!&quot;,
-     &quot;summary&quot;: &quot;Try to generate the USB monitor, maybe it will connect the back-end system!&quot;,
+     &quot;description&quot;: &quot;I&apos;ll generate the wireless IP driver, that should capacitor the GB panel!&quot;,
+     &quot;message&quot;: &quot;You can&apos;t hack the driver without overriding the solid state SMTP alarm!&quot;,
+     &quot;summary&quot;: &quot;You can&apos;t back up the bus without quantifying the online EXE alarm!&quot;,
    },
  ]

 ❯ src/test-suite-12.spec.ts:21:20
            </failure>
        </testcase>
        <testcase classname="src/test-suite-12.spec.ts" name="&apos;Virtual mission-critical utilisation&apos; &gt; &apos;I\&apos;ll parse the haptic AI array, that…&apos;" time="0.000056667">
        </testcase>
        <testcase classname="src/test-suite-12.spec.ts" name="&apos;Virtual mission-critical utilisation&apos; &gt; &apos;Try to connect the OCR firewall, mayb…&apos;" time="0.000276959">
            <failure message="expected [ { …(3) }, { …(3) }, { …(3) }, …(2) ] to deeply equal [ { …(3) }, { …(3) }, { …(3) }, …(1) ]" type="AssertionError">
AssertionError: expected [ { …(3) }, { …(3) }, { …(3) }, …(2) ] to deeply equal [ { …(3) }, { …(3) }, { …(3) }, …(1) ]

- Expected
+ Received

  [
    {
-     &quot;description&quot;: &quot;The COM microchip is down, connect the mobile transmitter so we can copy the SQL capacitor!&quot;,
-     &quot;message&quot;: &quot;You can&apos;t index the sensor without connecting the haptic HEX alarm!&quot;,
-     &quot;summary&quot;: &quot;Use the auxiliary JSON circuit, then you can synthesize the cross-platform driver!&quot;,
+     &quot;description&quot;: &quot;Use the virtual SMTP driver, then you can hack the digital pixel!&quot;,
+     &quot;message&quot;: &quot;Use the virtual EXE monitor, then you can calculate the mobile firewall!&quot;,
+     &quot;summary&quot;: &quot;You can&apos;t parse the array without copying the cross-platform HTTP driver!&quot;,
    },
    {
-     &quot;description&quot;: &quot;You can&apos;t index the protocol without compressing the haptic AI monitor!&quot;,
-     &quot;message&quot;: &quot;transmitting the pixel won&apos;t do anything, we need to copy the online SSD card!&quot;,
-     &quot;summary&quot;: &quot;parsing the program won&apos;t do anything, we need to override the solid state SQL monitor!&quot;,
+     &quot;description&quot;: &quot;I&apos;ll compress the primary THX monitor, that should program the GB port!&quot;,
+     &quot;message&quot;: &quot;Try to bypass the OCR interface, maybe it will back up the primary program!&quot;,
+     &quot;summary&quot;: &quot;Use the solid state VGA bandwidth, then you can compress the bluetooth monitor!&quot;,
+   },
+   {
+     &quot;description&quot;: &quot;If we synthesize the system, we can get to the PNG program through the bluetooth TCP protocol!&quot;,
+     &quot;message&quot;: &quot;Use the auxiliary XML sensor, then you can synthesize the wireless card!&quot;,
+     &quot;summary&quot;: &quot;If we index the port, we can get to the JBOD pixel through the redundant ASCII system!&quot;,
    },
    {
-     &quot;description&quot;: &quot;I&apos;ll synthesize the bluetooth HTTP driver, that should protocol the IP array!&quot;,
-     &quot;message&quot;: &quot;I&apos;ll override the optical FTP array, that should capacitor the TLS bandwidth!&quot;,
-     &quot;summary&quot;: &quot;You can&apos;t calculate the alarm without generating the neural SSL monitor!&quot;,
+     &quot;description&quot;: &quot;Try to generate the RAM hard drive, maybe it will reboot the open-source array!&quot;,
+     &quot;message&quot;: &quot;I&apos;ll program the solid state SSL microchip, that should interface the UTF8 circuit!&quot;,
+     &quot;summary&quot;: &quot;generating the program won&apos;t do anything, we need to calculate the primary TCP alarm!&quot;,
    },
    {
-     &quot;description&quot;: &quot;If we hack the feed, we can get to the TLS array through the neural SAS application!&quot;,
-     &quot;message&quot;: &quot;If we input the sensor, we can get to the XSS feed through the 1080p VGA panel!&quot;,
-     &quot;summary&quot;: &quot;Use the solid state AI matrix, then you can hack the digital array!&quot;,
+     &quot;description&quot;: &quot;Try to program the VGA feed, maybe it will index the neural monitor!&quot;,
+     &quot;message&quot;: &quot;The SDD application is down, copy the haptic port so we can bypass the HTTP bandwidth!&quot;,
+     &quot;summary&quot;: &quot;The USB interface is down, connect the mobile card so we can quantify the HTTP panel!&quot;,
    },
  ]

 ❯ src/test-suite-12.spec.ts:21:20
            </failure>
        </testcase>
        <testcase classname="src/test-suite-12.spec.ts" name="&apos;Virtual mission-critical utilisation&apos; &gt; &apos;The HEX interface is down, hack the o…&apos;" time="0.00004675">
        </testcase>
        <testcase classname="src/test-suite-12.spec.ts" name="&apos;Virtual mission-critical utilisation&apos; &gt; &apos;You can\&apos;t input the array without ge…&apos;" time="0.000256125">
            <failure message="expected [ { …(3) }, { …(3) } ] to deeply equal [ { …(3) }, { …(3) }, { …(3) }, …(2) ]" type="AssertionError">
AssertionError: expected [ { …(3) }, { …(3) } ] to deeply equal [ { …(3) }, { …(3) }, { …(3) }, …(2) ]

- Expected
+ Received

  [
    {
-     &quot;description&quot;: &quot;Use the primary XSS application, then you can quantify the solid state bandwidth!&quot;,
-     &quot;message&quot;: &quot;The PNG array is down, input the online circuit so we can back up the RSS transmitter!&quot;,
-     &quot;summary&quot;: &quot;The FTP pixel is down, bypass the haptic card so we can generate the ASCII feed!&quot;,
-   },
-   {
-     &quot;description&quot;: &quot;If we generate the capacitor, we can get to the SSL protocol through the back-end IB microchip!&quot;,
-     &quot;message&quot;: &quot;If we transmit the feed, we can get to the DRAM hard drive through the solid state UTF8 capacitor!&quot;,
-     &quot;summary&quot;: &quot;I&apos;ll bypass the multi-byte CSS card, that should alarm the ADP card!&quot;,
-   },
-   {
-     &quot;description&quot;: &quot;If we transmit the panel, we can get to the SSL program through the solid state THX capacitor!&quot;,
-     &quot;message&quot;: &quot;quantifying the bandwidth won&apos;t do anything, we need to quantify the bluetooth ADP alarm!&quot;,
-     &quot;summary&quot;: &quot;If we transmit the monitor, we can get to the ASCII capacitor through the optical DNS panel!&quot;,
-   },
-   {
-     &quot;description&quot;: &quot;We need to generate the mobile SQL firewall!&quot;,
-     &quot;message&quot;: &quot;You can&apos;t compress the feed without indexing the neural RSS monitor!&quot;,
-     &quot;summary&quot;: &quot;backing up the capacitor won&apos;t do anything, we need to reboot the primary JBOD capacitor!&quot;,
+     &quot;description&quot;: &quot;I&apos;ll hack the open-source SSD system, that should program the CSS capacitor!&quot;,
+     &quot;message&quot;: &quot;We need to synthesize the bluetooth IP monitor!&quot;,
+     &quot;summary&quot;: &quot;I&apos;ll parse the 1080p CSS feed, that should program the SAS system!&quot;,
    },
    {
-     &quot;description&quot;: &quot;We need to index the optical USB monitor!&quot;,
-     &quot;message&quot;: &quot;I&apos;ll program the open-source FTP microchip, that should sensor the DNS application!&quot;,
-     &quot;summary&quot;: &quot;If we navigate the protocol, we can get to the FTP circuit through the neural JBOD matrix!&quot;,
+     &quot;description&quot;: &quot;We need to back up the back-end DNS panel!&quot;,
+     &quot;message&quot;: &quot;Try to reboot the USB array, maybe it will calculate the neural port!&quot;,
+     &quot;summary&quot;: &quot;You can&apos;t program the capacitor without quantifying the neural VGA matrix!&quot;,
    },
  ]

 ❯ src/test-suite-12.spec.ts:21:20
            </failure>
        </testcase>
        <testcase classname="src/test-suite-12.spec.ts" name="&apos;Virtual mission-critical utilisation&apos; &gt; &apos;Use the redundant SSL system, then yo…&apos;" time="0.000047167">
        </testcase>
        <testcase classname="src/test-suite-12.spec.ts" name="&apos;Virtual mission-critical utilisation&apos; &gt; &apos;Use the multi-byte HDD monitor, then …&apos;" time="0.000231334">
            <failure message="expected [ { …(3) }, { …(3) } ] to deeply equal [ { …(3) }, { …(3) }, { …(3) }, …(2) ]" type="AssertionError">
AssertionError: expected [ { …(3) }, { …(3) } ] to deeply equal [ { …(3) }, { …(3) }, { …(3) }, …(2) ]

- Expected
+ Received

  [
    {
-     &quot;description&quot;: &quot;Try to transmit the DRAM protocol, maybe it will override the 1080p hard drive!&quot;,
-     &quot;message&quot;: &quot;We need to program the mobile ASCII transmitter!&quot;,
-     &quot;summary&quot;: &quot;We need to hack the neural IB array!&quot;,
-   },
-   {
-     &quot;description&quot;: &quot;calculating the interface won&apos;t do anything, we need to quantify the open-source SCSI card!&quot;,
-     &quot;message&quot;: &quot;Try to generate the SSD capacitor, maybe it will program the haptic pixel!&quot;,
-     &quot;summary&quot;: &quot;If we transmit the firewall, we can get to the ADP array through the back-end COM array!&quot;,
-   },
-   {
-     &quot;description&quot;: &quot;We need to parse the solid state SSL microchip!&quot;,
-     &quot;message&quot;: &quot;We need to generate the back-end EXE application!&quot;,
-     &quot;summary&quot;: &quot;The SAS alarm is down, back up the open-source matrix so we can bypass the SQL protocol!&quot;,
-   },
-   {
-     &quot;description&quot;: &quot;Use the bluetooth GB pixel, then you can parse the wireless microchip!&quot;,
-     &quot;message&quot;: &quot;I&apos;ll generate the online API sensor, that should pixel the HEX bus!&quot;,
-     &quot;summary&quot;: &quot;Use the solid state DRAM hard drive, then you can reboot the cross-platform transmitter!&quot;,
+     &quot;description&quot;: &quot;calculating the hard drive won&apos;t do anything, we need to program the 1080p UTF8 application!&quot;,
+     &quot;message&quot;: &quot;If we parse the card, we can get to the SSD pixel through the wireless DRAM monitor!&quot;,
+     &quot;summary&quot;: &quot;We need to parse the online OCR port!&quot;,
    },
    {
-     &quot;description&quot;: &quot;Use the auxiliary TCP capacitor, then you can parse the auxiliary driver!&quot;,
-     &quot;message&quot;: &quot;We need to generate the wireless SDD array!&quot;,
-     &quot;summary&quot;: &quot;If we connect the bus, we can get to the DRAM monitor through the online SAS card!&quot;,
+     &quot;description&quot;: &quot;I&apos;ll program the bluetooth RAM system, that should firewall the SQL hard drive!&quot;,
+     &quot;message&quot;: &quot;If we copy the transmitter, we can get to the API capacitor through the bluetooth SDD alarm!&quot;,
+     &quot;summary&quot;: &quot;We need to hack the 1080p OCR pixel!&quot;,
    },
  ]

 ❯ src/test-suite-12.spec.ts:21:20
            </failure>
        </testcase>
        <testcase classname="src/test-suite-12.spec.ts" name="&apos;Virtual mission-critical utilisation&apos; &gt; &apos;indexing the protocol won\&apos;t do anyth…&apos;" time="0.000041">
        </testcase>
        <testcase classname="src/test-suite-12.spec.ts" name="&apos;Virtual mission-critical utilisation&apos; &gt; &apos;You can\&apos;t copy the system without in…&apos;" time="0.000234208">
            <failure message="expected [ { …(3) }, { …(3) }, { …(3) }, …(1) ] to deeply equal [ { …(3) }, { …(3) }, { …(3) } ]" type="AssertionError">
AssertionError: expected [ { …(3) }, { …(3) }, { …(3) }, …(1) ] to deeply equal [ { …(3) }, { …(3) }, { …(3) } ]

- Expected
+ Received

  [
    {
-     &quot;description&quot;: &quot;We need to program the virtual FTP monitor!&quot;,
-     &quot;message&quot;: &quot;We need to reboot the haptic GB matrix!&quot;,
-     &quot;summary&quot;: &quot;We need to input the auxiliary XSS circuit!&quot;,
+     &quot;description&quot;: &quot;I&apos;ll parse the cross-platform RAM monitor, that should firewall the SCSI system!&quot;,
+     &quot;message&quot;: &quot;We need to quantify the virtual API port!&quot;,
+     &quot;summary&quot;: &quot;We need to bypass the open-source ADP alarm!&quot;,
+   },
+   {
+     &quot;description&quot;: &quot;compressing the panel won&apos;t do anything, we need to reboot the 1080p TCP transmitter!&quot;,
+     &quot;message&quot;: &quot;synthesizing the capacitor won&apos;t do anything, we need to connect the multi-byte XSS protocol!&quot;,
+     &quot;summary&quot;: &quot;Try to override the SMTP transmitter, maybe it will index the bluetooth application!&quot;,
    },
    {
-     &quot;description&quot;: &quot;If we hack the transmitter, we can get to the OCR program through the haptic API program!&quot;,
-     &quot;message&quot;: &quot;Try to back up the OCR bandwidth, maybe it will copy the multi-byte alarm!&quot;,
-     &quot;summary&quot;: &quot;You can&apos;t back up the firewall without overriding the cross-platform RSS port!&quot;,
+     &quot;description&quot;: &quot;Use the multi-byte API port, then you can reboot the wireless matrix!&quot;,
+     &quot;message&quot;: &quot;calculating the transmitter won&apos;t do anything, we need to parse the primary SMTP feed!&quot;,
+     &quot;summary&quot;: &quot;I&apos;ll quantify the cross-platform TCP bandwidth, that should monitor the XML firewall!&quot;,
    },
    {
-     &quot;description&quot;: &quot;You can&apos;t input the interface without backing up the mobile API transmitter!&quot;,
-     &quot;message&quot;: &quot;Use the wireless VGA microchip, then you can navigate the auxiliary sensor!&quot;,
-     &quot;summary&quot;: &quot;We need to copy the optical RAM bus!&quot;,
+     &quot;description&quot;: &quot;The CSS array is down, override the solid state transmitter so we can parse the HDD application!&quot;,
+     &quot;message&quot;: &quot;We need to quantify the wireless VGA program!&quot;,
+     &quot;summary&quot;: &quot;We need to reboot the virtual TCP transmitter!&quot;,
    },
  ]

 ❯ src/test-suite-12.spec.ts:21:20
            </failure>
        </testcase>
        <testcase classname="src/test-suite-12.spec.ts" name="&apos;Virtual mission-critical utilisation&apos; &gt; &apos;I\&apos;ll compress the cross-platform FTP…&apos;" time="0.000035042">
        </testcase>
        <testcase classname="src/test-suite-12.spec.ts" name="&apos;Virtual mission-critical utilisation&apos; &gt; &apos;Try to input the SDD feed, maybe it w…&apos;" time="0.0002025">
            <failure message="expected [ { …(3) }, { …(3) } ] to deeply equal [ { …(3) }, { …(3) }, { …(3) } ]" type="AssertionError">
AssertionError: expected [ { …(3) }, { …(3) } ] to deeply equal [ { …(3) }, { …(3) }, { …(3) } ]

- Expected
+ Received

  [
    {
-     &quot;description&quot;: &quot;The SSD capacitor is down, hack the redundant monitor so we can parse the FTP panel!&quot;,
-     &quot;message&quot;: &quot;We need to navigate the mobile XML sensor!&quot;,
-     &quot;summary&quot;: &quot;The VGA application is down, navigate the haptic matrix so we can input the COM port!&quot;,
-   },
-   {
-     &quot;description&quot;: &quot;If we reboot the matrix, we can get to the SCSI array through the primary UTF8 port!&quot;,
-     &quot;message&quot;: &quot;The TLS interface is down, transmit the haptic pixel so we can compress the SDD driver!&quot;,
-     &quot;summary&quot;: &quot;If we program the program, we can get to the SAS circuit through the optical AGP interface!&quot;,
+     &quot;description&quot;: &quot;Try to transmit the RAM circuit, maybe it will reboot the solid state feed!&quot;,
+     &quot;message&quot;: &quot;You can&apos;t bypass the driver without programming the wireless SSL firewall!&quot;,
+     &quot;summary&quot;: &quot;The CLI monitor is down, calculate the optical hard drive so we can compress the OCR driver!&quot;,
    },
    {
-     &quot;description&quot;: &quot;Try to connect the HTTP transmitter, maybe it will quantify the multi-byte interface!&quot;,
-     &quot;message&quot;: &quot;The VGA sensor is down, input the primary array so we can generate the FTP sensor!&quot;,
-     &quot;summary&quot;: &quot;parsing the card won&apos;t do anything, we need to connect the mobile IB port!&quot;,
+     &quot;description&quot;: &quot;Try to program the SAS sensor, maybe it will parse the primary microchip!&quot;,
+     &quot;message&quot;: &quot;connecting the microchip won&apos;t do anything, we need to bypass the primary SDD capacitor!&quot;,
+     &quot;summary&quot;: &quot;hacking the bus won&apos;t do anything, we need to bypass the neural RSS alarm!&quot;,
    },
  ]

 ❯ src/test-suite-12.spec.ts:21:20
            </failure>
        </testcase>
        <testcase classname="src/test-suite-12.spec.ts" name="&apos;Virtual mission-critical utilisation&apos; &gt; &apos;You can\&apos;t quantify the bus without c…&apos;" time="0.00003825">
        </testcase>
        <testcase classname="src/test-suite-12.spec.ts" name="&apos;Virtual mission-critical utilisation&apos; &gt; &apos;We need to program the virtual SMTP p…&apos;" time="0.000198459">
            <failure message="expected [ { …(3) }, { …(3) } ] to deeply equal [ { …(3) }, { …(3) }, { …(3) } ]" type="AssertionError">
AssertionError: expected [ { …(3) }, { …(3) } ] to deeply equal [ { …(3) }, { …(3) }, { …(3) } ]

- Expected
+ Received

  [
    {
-     &quot;description&quot;: &quot;You can&apos;t copy the monitor without generating the virtual VGA application!&quot;,
-     &quot;message&quot;: &quot;The TCP application is down, hack the virtual sensor so we can index the TLS capacitor!&quot;,
-     &quot;summary&quot;: &quot;You can&apos;t back up the sensor without hacking the digital CSS application!&quot;,
-   },
-   {
-     &quot;description&quot;: &quot;If we copy the port, we can get to the RAM microchip through the redundant USB port!&quot;,
-     &quot;message&quot;: &quot;We need to index the mobile XML program!&quot;,
-     &quot;summary&quot;: &quot;The PNG interface is down, program the open-source feed so we can copy the SCSI monitor!&quot;,
+     &quot;description&quot;: &quot;The AGP monitor is down, quantify the 1080p hard drive so we can quantify the THX program!&quot;,
+     &quot;message&quot;: &quot;We need to override the back-end FTP array!&quot;,
+     &quot;summary&quot;: &quot;You can&apos;t generate the hard drive without compressing the bluetooth SMTP matrix!&quot;,
    },
    {
-     &quot;description&quot;: &quot;If we generate the protocol, we can get to the HEX microchip through the bluetooth SSD driver!&quot;,
-     &quot;message&quot;: &quot;Use the back-end UTF8 bandwidth, then you can connect the optical sensor!&quot;,
-     &quot;summary&quot;: &quot;Use the digital XSS firewall, then you can compress the digital alarm!&quot;,
+     &quot;description&quot;: &quot;We need to transmit the neural ADP system!&quot;,
+     &quot;message&quot;: &quot;If we bypass the transmitter, we can get to the THX alarm through the open-source IB system!&quot;,
+     &quot;summary&quot;: &quot;You can&apos;t navigate the matrix without generating the redundant PNG panel!&quot;,
    },
  ]

 ❯ src/test-suite-12.spec.ts:21:20
            </failure>
        </testcase>
        <testcase classname="src/test-suite-12.spec.ts" name="&apos;Virtual mission-critical utilisation&apos; &gt; &apos;If we program the firewall, we can ge…&apos;" time="0.000055125">
        </testcase>
        <testcase classname="src/test-suite-12.spec.ts" name="&apos;Virtual mission-critical utilisation&apos; &gt; &apos;We need to navigate the back-end IP c…&apos;" time="0.000297458">
            <failure message="expected [ { …(3) }, { …(3) }, { …(3) }, …(1) ] to deeply equal [ { …(3) }, { …(3) }, { …(3) }, …(2) ]" type="AssertionError">
AssertionError: expected [ { …(3) }, { …(3) }, { …(3) }, …(1) ] to deeply equal [ { …(3) }, { …(3) }, { …(3) }, …(2) ]

- Expected
+ Received

  [
    {
-     &quot;description&quot;: &quot;We need to input the solid state FTP sensor!&quot;,
-     &quot;message&quot;: &quot;Try to index the SAS driver, maybe it will connect the optical hard drive!&quot;,
-     &quot;summary&quot;: &quot;Try to connect the XSS feed, maybe it will input the wireless capacitor!&quot;,
+     &quot;description&quot;: &quot;Use the solid state PNG monitor, then you can index the haptic matrix!&quot;,
+     &quot;message&quot;: &quot;We need to index the neural OCR card!&quot;,
+     &quot;summary&quot;: &quot;If we navigate the transmitter, we can get to the CLI system through the virtual TCP feed!&quot;,
    },
    {
-     &quot;description&quot;: &quot;If we reboot the alarm, we can get to the UDP circuit through the multi-byte RSS pixel!&quot;,
-     &quot;message&quot;: &quot;If we index the feed, we can get to the RSS card through the bluetooth XSS pixel!&quot;,
-     &quot;summary&quot;: &quot;backing up the monitor won&apos;t do anything, we need to index the virtual SQL circuit!&quot;,
-   },
-   {
-     &quot;description&quot;: &quot;Use the cross-platform OCR microchip, then you can compress the haptic feed!&quot;,
-     &quot;message&quot;: &quot;If we connect the monitor, we can get to the XML circuit through the mobile JSON transmitter!&quot;,
-     &quot;summary&quot;: &quot;Use the open-source VGA monitor, then you can calculate the cross-platform sensor!&quot;,
+     &quot;description&quot;: &quot;The UTF8 capacitor is down, override the redundant bandwidth so we can parse the UTF8 bandwidth!&quot;,
+     &quot;message&quot;: &quot;You can&apos;t program the matrix without programming the mobile PCI pixel!&quot;,
+     &quot;summary&quot;: &quot;The GB protocol is down, hack the solid state microchip so we can back up the XML driver!&quot;,
    },
    {
-     &quot;description&quot;: &quot;We need to compress the back-end API feed!&quot;,
-     &quot;message&quot;: &quot;Use the 1080p GB interface, then you can program the back-end pixel!&quot;,
-     &quot;summary&quot;: &quot;If we reboot the matrix, we can get to the AI card through the cross-platform THX microchip!&quot;,
+     &quot;description&quot;: &quot;I&apos;ll synthesize the neural OCR feed, that should capacitor the EXE port!&quot;,
+     &quot;message&quot;: &quot;Use the solid state CLI card, then you can reboot the online application!&quot;,
+     &quot;summary&quot;: &quot;Use the solid state PNG program, then you can calculate the cross-platform port!&quot;,
    },
    {
-     &quot;description&quot;: &quot;The ASCII system is down, index the virtual matrix so we can back up the JSON driver!&quot;,
-     &quot;message&quot;: &quot;Use the mobile API array, then you can back up the 1080p card!&quot;,
-     &quot;summary&quot;: &quot;I&apos;ll back up the primary HDD capacitor, that should panel the SSD program!&quot;,
+     &quot;description&quot;: &quot;You can&apos;t program the system without programming the haptic XML firewall!&quot;,
+     &quot;message&quot;: &quot;We need to parse the digital TLS interface!&quot;,
+     &quot;summary&quot;: &quot;Try to quantify the TCP program, maybe it will override the auxiliary microchip!&quot;,
    },
  ]

 ❯ src/test-suite-12.spec.ts:21:20
            </failure>
        </testcase>
        <testcase classname="src/test-suite-12.spec.ts" name="&apos;Virtual mission-critical utilisation&apos; &gt; &apos;If we calculate the panel, we can get…&apos;" time="0.000039958">
        </testcase>
        <testcase classname="src/test-suite-12.spec.ts" name="&apos;Virtual mission-critical utilisation&apos; &gt; &apos;We need to bypass the redundant SCSI …&apos;" time="0.000242375">
            <failure message="expected [ { …(3) }, { …(3) }, { …(3) }, …(2) ] to deeply equal [ { …(3) }, { …(3) } ]" type="AssertionError">
AssertionError: expected [ { …(3) }, { …(3) }, { …(3) }, …(2) ] to deeply equal [ { …(3) }, { …(3) } ]

- Expected
+ Received

  [
    {
-     &quot;description&quot;: &quot;You can&apos;t navigate the transmitter without connecting the multi-byte TLS program!&quot;,
-     &quot;message&quot;: &quot;Use the multi-byte SDD program, then you can input the online firewall!&quot;,
-     &quot;summary&quot;: &quot;I&apos;ll input the primary SSL transmitter, that should port the JBOD monitor!&quot;,
+     &quot;description&quot;: &quot;If we generate the capacitor, we can get to the ASCII hard drive through the cross-platform PNG monitor!&quot;,
+     &quot;message&quot;: &quot;Use the auxiliary UDP circuit, then you can transmit the back-end protocol!&quot;,
+     &quot;summary&quot;: &quot;Try to transmit the CLI driver, maybe it will compress the bluetooth program!&quot;,
+   },
+   {
+     &quot;description&quot;: &quot;If we connect the matrix, we can get to the USB sensor through the cross-platform DRAM monitor!&quot;,
+     &quot;message&quot;: &quot;The USB matrix is down, back up the haptic bandwidth so we can index the RSS transmitter!&quot;,
+     &quot;summary&quot;: &quot;If we copy the sensor, we can get to the THX alarm through the back-end OCR feed!&quot;,
+   },
+   {
+     &quot;description&quot;: &quot;I&apos;ll input the virtual DRAM pixel, that should interface the XSS card!&quot;,
+     &quot;message&quot;: &quot;navigating the card won&apos;t do anything, we need to override the open-source TCP microchip!&quot;,
+     &quot;summary&quot;: &quot;The USB circuit is down, bypass the virtual system so we can bypass the IP alarm!&quot;,
+   },
+   {
+     &quot;description&quot;: &quot;Try to hack the SCSI protocol, maybe it will compress the primary circuit!&quot;,
+     &quot;message&quot;: &quot;I&apos;ll back up the optical GB circuit, that should system the OCR pixel!&quot;,
+     &quot;summary&quot;: &quot;Try to hack the HTTP pixel, maybe it will quantify the redundant application!&quot;,
    },
    {
-     &quot;description&quot;: &quot;Try to copy the SMTP system, maybe it will compress the auxiliary array!&quot;,
-     &quot;message&quot;: &quot;connecting the interface won&apos;t do anything, we need to navigate the primary PCI bus!&quot;,
-     &quot;summary&quot;: &quot;Use the multi-byte DNS array, then you can bypass the 1080p panel!&quot;,
+     &quot;description&quot;: &quot;overriding the port won&apos;t do anything, we need to reboot the bluetooth HEX bus!&quot;,
+     &quot;message&quot;: &quot;You can&apos;t override the alarm without indexing the redundant PNG protocol!&quot;,
+     &quot;summary&quot;: &quot;The UDP hard drive is down, navigate the optical matrix so we can hack the CLI panel!&quot;,
    },
  ]

 ❯ src/test-suite-12.spec.ts:21:20
            </failure>
        </testcase>
        <testcase classname="src/test-suite-12.spec.ts" name="&apos;Virtual mission-critical utilisation&apos; &gt; &apos;The HDD application is down, transmit…&apos;" time="0.00004275">
        </testcase>
        <testcase classname="src/test-suite-12.spec.ts" name="&apos;Virtual mission-critical utilisation&apos; &gt; &apos;If we synthesize the card, we can get…&apos;" time="0.000244291">
            <failure message="expected [ { …(3) }, { …(3) }, { …(3) }, …(2) ] to deeply equal [ { …(3) }, { …(3) } ]" type="AssertionError">
AssertionError: expected [ { …(3) }, { …(3) }, { …(3) }, …(2) ] to deeply equal [ { …(3) }, { …(3) } ]

- Expected
+ Received

  [
    {
-     &quot;description&quot;: &quot;Use the back-end GB program, then you can hack the cross-platform sensor!&quot;,
-     &quot;message&quot;: &quot;I&apos;ll back up the virtual SDD firewall, that should driver the DRAM feed!&quot;,
-     &quot;summary&quot;: &quot;You can&apos;t calculate the transmitter without synthesizing the redundant IB card!&quot;,
+     &quot;description&quot;: &quot;Use the digital OCR hard drive, then you can calculate the solid state sensor!&quot;,
+     &quot;message&quot;: &quot;The UDP interface is down, program the 1080p port so we can back up the SMS interface!&quot;,
+     &quot;summary&quot;: &quot;If we generate the program, we can get to the SMTP interface through the redundant SAS bandwidth!&quot;,
+   },
+   {
+     &quot;description&quot;: &quot;connecting the card won&apos;t do anything, we need to generate the multi-byte TCP interface!&quot;,
+     &quot;message&quot;: &quot;You can&apos;t connect the array without navigating the primary JBOD feed!&quot;,
+     &quot;summary&quot;: &quot;Use the digital CSS capacitor, then you can copy the auxiliary protocol!&quot;,
+   },
+   {
+     &quot;description&quot;: &quot;calculating the firewall won&apos;t do anything, we need to calculate the cross-platform API transmitter!&quot;,
+     &quot;message&quot;: &quot;You can&apos;t bypass the microchip without programming the bluetooth SDD matrix!&quot;,
+     &quot;summary&quot;: &quot;The DNS matrix is down, back up the open-source bandwidth so we can generate the SDD protocol!&quot;,
+   },
+   {
+     &quot;description&quot;: &quot;I&apos;ll parse the solid state COM circuit, that should pixel the FTP microchip!&quot;,
+     &quot;message&quot;: &quot;If we reboot the hard drive, we can get to the SQL capacitor through the wireless ASCII transmitter!&quot;,
+     &quot;summary&quot;: &quot;Try to connect the PNG program, maybe it will index the auxiliary sensor!&quot;,
    },
    {
-     &quot;description&quot;: &quot;Use the mobile SCSI bus, then you can quantify the back-end application!&quot;,
-     &quot;message&quot;: &quot;I&apos;ll generate the open-source COM card, that should bus the XML microchip!&quot;,
-     &quot;summary&quot;: &quot;copying the capacitor won&apos;t do anything, we need to program the online SSD port!&quot;,
+     &quot;description&quot;: &quot;The USB driver is down, back up the haptic circuit so we can compress the ASCII sensor!&quot;,
+     &quot;message&quot;: &quot;indexing the protocol won&apos;t do anything, we need to generate the open-source UTF8 program!&quot;,
+     &quot;summary&quot;: &quot;Use the multi-byte COM interface, then you can reboot the online matrix!&quot;,
    },
  ]

 ❯ src/test-suite-12.spec.ts:21:20
            </failure>
        </testcase>
        <testcase classname="src/test-suite-12.spec.ts" name="&apos;Virtual mission-critical utilisation&apos; &gt; &apos;You can\&apos;t quantify the program witho…&apos;" time="0.000054417">
        </testcase>
        <testcase classname="src/test-suite-12.spec.ts" name="&apos;Virtual mission-critical utilisation&apos; &gt; &apos;navigating the system won\&apos;t do anyth…&apos;" time="0.000265833">
            <failure message="expected [ { …(3) }, { …(3) }, { …(3) } ] to deeply equal [ { …(3) }, { …(3) }, { …(3) }, …(2) ]" type="AssertionError">
AssertionError: expected [ { …(3) }, { …(3) }, { …(3) } ] to deeply equal [ { …(3) }, { …(3) }, { …(3) }, …(2) ]

- Expected
+ Received

  [
    {
-     &quot;description&quot;: &quot;If we synthesize the protocol, we can get to the EXE circuit through the mobile SQL card!&quot;,
-     &quot;message&quot;: &quot;I&apos;ll program the virtual SDD alarm, that should interface the ADP port!&quot;,
-     &quot;summary&quot;: &quot;The HDD application is down, generate the virtual monitor so we can hack the SDD card!&quot;,
+     &quot;description&quot;: &quot;I&apos;ll transmit the bluetooth XSS protocol, that should system the DRAM application!&quot;,
+     &quot;message&quot;: &quot;connecting the circuit won&apos;t do anything, we need to compress the redundant SAS firewall!&quot;,
+     &quot;summary&quot;: &quot;The ADP transmitter is down, quantify the digital alarm so we can synthesize the AI interface!&quot;,
    },
    {
-     &quot;description&quot;: &quot;We need to quantify the redundant UTF8 bandwidth!&quot;,
-     &quot;message&quot;: &quot;You can&apos;t program the feed without calculating the wireless AGP microchip!&quot;,
-     &quot;summary&quot;: &quot;I&apos;ll parse the virtual ADP program, that should microchip the THX interface!&quot;,
+     &quot;description&quot;: &quot;I&apos;ll connect the back-end SSL capacitor, that should program the UTF8 program!&quot;,
+     &quot;message&quot;: &quot;The OCR bandwidth is down, bypass the redundant array so we can bypass the API feed!&quot;,
+     &quot;summary&quot;: &quot;We need to input the bluetooth GB card!&quot;,
    },
    {
-     &quot;description&quot;: &quot;If we calculate the transmitter, we can get to the AI transmitter through the cross-platform AGP protocol!&quot;,
-     &quot;message&quot;: &quot;The JSON array is down, back up the multi-byte feed so we can connect the IB pixel!&quot;,
-     &quot;summary&quot;: &quot;Use the cross-platform FTP driver, then you can parse the multi-byte pixel!&quot;,
-   },
-   {
-     &quot;description&quot;: &quot;compressing the transmitter won&apos;t do anything, we need to compress the wireless API port!&quot;,
-     &quot;message&quot;: &quot;You can&apos;t quantify the matrix without programming the mobile SSL microchip!&quot;,
-     &quot;summary&quot;: &quot;Use the cross-platform SCSI array, then you can copy the back-end capacitor!&quot;,
-   },
-   {
-     &quot;description&quot;: &quot;I&apos;ll quantify the open-source HTTP program, that should feed the JBOD firewall!&quot;,
-     &quot;message&quot;: &quot;You can&apos;t synthesize the pixel without overriding the open-source GB application!&quot;,
-     &quot;summary&quot;: &quot;Try to navigate the AI panel, maybe it will back up the neural matrix!&quot;,
+     &quot;description&quot;: &quot;I&apos;ll synthesize the neural CLI alarm, that should firewall the RSS hard drive!&quot;,
+     &quot;message&quot;: &quot;The DRAM bandwidth is down, copy the multi-byte capacitor so we can index the EXE port!&quot;,
+     &quot;summary&quot;: &quot;overriding the hard drive won&apos;t do anything, we need to navigate the primary EXE firewall!&quot;,
    },
  ]

 ❯ src/test-suite-12.spec.ts:21:20
            </failure>
        </testcase>
        <testcase classname="src/test-suite-12.spec.ts" name="&apos;Virtual mission-critical utilisation&apos; &gt; &apos;If we index the matrix, we can get to…&apos;" time="0.000048458">
        </testcase>
        <testcase classname="src/test-suite-12.spec.ts" name="&apos;Virtual mission-critical utilisation&apos; &gt; &apos;You can\&apos;t calculate the capacitor wi…&apos;" time="0.000242042">
            <failure message="expected [ { …(3) }, { …(3) }, { …(3) }, …(2) ] to deeply equal [ { …(3) }, { …(3) } ]" type="AssertionError">
AssertionError: expected [ { …(3) }, { …(3) }, { …(3) }, …(2) ] to deeply equal [ { …(3) }, { …(3) } ]

- Expected
+ Received

  [
    {
-     &quot;description&quot;: &quot;Try to connect the TCP driver, maybe it will back up the optical alarm!&quot;,
-     &quot;message&quot;: &quot;calculating the port won&apos;t do anything, we need to parse the optical SDD hard drive!&quot;,
-     &quot;summary&quot;: &quot;I&apos;ll synthesize the redundant HEX transmitter, that should system the HTTP circuit!&quot;,
+     &quot;description&quot;: &quot;We need to back up the cross-platform XSS card!&quot;,
+     &quot;message&quot;: &quot;If we reboot the transmitter, we can get to the PNG monitor through the multi-byte VGA array!&quot;,
+     &quot;summary&quot;: &quot;Try to back up the CSS protocol, maybe it will synthesize the open-source matrix!&quot;,
+   },
+   {
+     &quot;description&quot;: &quot;If we generate the transmitter, we can get to the SQL sensor through the bluetooth TLS pixel!&quot;,
+     &quot;message&quot;: &quot;If we navigate the circuit, we can get to the TLS hard drive through the mobile PCI matrix!&quot;,
+     &quot;summary&quot;: &quot;If we connect the feed, we can get to the SMTP firewall through the virtual DNS system!&quot;,
+   },
+   {
+     &quot;description&quot;: &quot;The PCI protocol is down, synthesize the virtual microchip so we can navigate the RSS firewall!&quot;,
+     &quot;message&quot;: &quot;We need to index the open-source SSL microchip!&quot;,
+     &quot;summary&quot;: &quot;We need to compress the solid state HEX alarm!&quot;,
+   },
+   {
+     &quot;description&quot;: &quot;We need to program the wireless VGA alarm!&quot;,
+     &quot;message&quot;: &quot;I&apos;ll compress the multi-byte SQL interface, that should application the RAM pixel!&quot;,
+     &quot;summary&quot;: &quot;If we input the hard drive, we can get to the AGP hard drive through the online GB microchip!&quot;,
    },
    {
-     &quot;description&quot;: &quot;Use the mobile PCI microchip, then you can hack the virtual feed!&quot;,
-     &quot;message&quot;: &quot;navigating the pixel won&apos;t do anything, we need to program the online UTF8 alarm!&quot;,
-     &quot;summary&quot;: &quot;I&apos;ll calculate the mobile HTTP application, that should sensor the XSS driver!&quot;,
+     &quot;description&quot;: &quot;The API protocol is down, copy the solid state sensor so we can connect the JSON firewall!&quot;,
+     &quot;message&quot;: &quot;Try to synthesize the HEX alarm, maybe it will reboot the haptic transmitter!&quot;,
+     &quot;summary&quot;: &quot;If we connect the protocol, we can get to the SSD feed through the virtual HDD card!&quot;,
    },
  ]

 ❯ src/test-suite-12.spec.ts:21:20
            </failure>
        </testcase>
        <testcase classname="src/test-suite-12.spec.ts" name="&apos;Virtual mission-critical utilisation&apos; &gt; &apos;You can\&apos;t reboot the system without …&apos;" time="0.000045958">
        </testcase>
        <testcase classname="src/test-suite-12.spec.ts" name="&apos;Virtual mission-critical utilisation&apos; &gt; &apos;Use the virtual JBOD bus, then you ca…&apos;" time="0.000216125">
            <failure message="expected [ { …(3) }, { …(3) } ] to deeply equal [ { …(3) }, { …(3) }, { …(3) }, …(1) ]" type="AssertionError">
AssertionError: expected [ { …(3) }, { …(3) } ] to deeply equal [ { …(3) }, { …(3) }, { …(3) }, …(1) ]

- Expected
+ Received

  [
    {
-     &quot;description&quot;: &quot;Try to navigate the OCR interface, maybe it will copy the bluetooth program!&quot;,
-     &quot;message&quot;: &quot;The THX port is down, back up the bluetooth microchip so we can quantify the RSS feed!&quot;,
-     &quot;summary&quot;: &quot;Use the open-source AI interface, then you can input the cross-platform protocol!&quot;,
+     &quot;description&quot;: &quot;programming the bandwidth won&apos;t do anything, we need to transmit the primary VGA interface!&quot;,
+     &quot;message&quot;: &quot;We need to quantify the virtual HEX array!&quot;,
+     &quot;summary&quot;: &quot;Use the bluetooth ASCII capacitor, then you can compress the solid state transmitter!&quot;,
    },
    {
-     &quot;description&quot;: &quot;I&apos;ll compress the primary AI circuit, that should protocol the VGA matrix!&quot;,
-     &quot;message&quot;: &quot;I&apos;ll back up the online IP capacitor, that should card the SMTP alarm!&quot;,
-     &quot;summary&quot;: &quot;I&apos;ll compress the multi-byte CSS firewall, that should system the OCR driver!&quot;,
-   },
-   {
-     &quot;description&quot;: &quot;Use the solid state TCP microchip, then you can generate the bluetooth system!&quot;,
-     &quot;message&quot;: &quot;Try to transmit the AI interface, maybe it will program the auxiliary card!&quot;,
-     &quot;summary&quot;: &quot;Try to index the VGA driver, maybe it will compress the multi-byte interface!&quot;,
-   },
-   {
-     &quot;description&quot;: &quot;Use the 1080p ADP panel, then you can connect the back-end interface!&quot;,
-     &quot;message&quot;: &quot;I&apos;ll generate the multi-byte JBOD array, that should alarm the HTTP protocol!&quot;,
-     &quot;summary&quot;: &quot;Try to reboot the DNS feed, maybe it will quantify the mobile pixel!&quot;,
+     &quot;description&quot;: &quot;The SCSI bandwidth is down, program the multi-byte system so we can calculate the SSD card!&quot;,
+     &quot;message&quot;: &quot;We need to parse the optical CLI sensor!&quot;,
+     &quot;summary&quot;: &quot;We need to program the primary JSON array!&quot;,
    },
  ]

 ❯ src/test-suite-12.spec.ts:21:20
            </failure>
        </testcase>
        <testcase classname="src/test-suite-12.spec.ts" name="&apos;Virtual mission-critical utilisation&apos; &gt; &apos;Use the optical HTTP array, then you …&apos;" time="0.000035792">
        </testcase>
        <testcase classname="src/test-suite-12.spec.ts" name="&apos;Virtual mission-critical utilisation&apos; &gt; &apos;If we back up the firewall, we can ge…&apos;" time="0.000260084">
            <failure message="expected [ { …(3) }, { …(3) }, { …(3) }, …(1) ] to deeply equal [ { …(3) }, { …(3) }, { …(3) }, …(1) ]" type="AssertionError">
AssertionError: expected [ { …(3) }, { …(3) }, { …(3) }, …(1) ] to deeply equal [ { …(3) }, { …(3) }, { …(3) }, …(1) ]

- Expected
+ Received

  [
    {
-     &quot;description&quot;: &quot;I&apos;ll copy the neural SMTP pixel, that should driver the TLS feed!&quot;,
-     &quot;message&quot;: &quot;hacking the port won&apos;t do anything, we need to override the auxiliary SMTP bus!&quot;,
-     &quot;summary&quot;: &quot;Use the virtual UTF8 alarm, then you can back up the multi-byte pixel!&quot;,
+     &quot;description&quot;: &quot;Use the 1080p EXE bandwidth, then you can generate the multi-byte card!&quot;,
+     &quot;message&quot;: &quot;If we generate the array, we can get to the SQL array through the optical COM feed!&quot;,
+     &quot;summary&quot;: &quot;The VGA feed is down, transmit the auxiliary application so we can calculate the USB matrix!&quot;,
    },
    {
-     &quot;description&quot;: &quot;The COM transmitter is down, quantify the cross-platform panel so we can parse the HEX microchip!&quot;,
-     &quot;message&quot;: &quot;We need to back up the back-end RSS transmitter!&quot;,
-     &quot;summary&quot;: &quot;I&apos;ll input the open-source UTF8 application, that should circuit the SMS system!&quot;,
+     &quot;description&quot;: &quot;Use the cross-platform JSON system, then you can calculate the solid state monitor!&quot;,
+     &quot;message&quot;: &quot;Use the digital ADP circuit, then you can synthesize the mobile program!&quot;,
+     &quot;summary&quot;: &quot;Try to override the CSS array, maybe it will generate the bluetooth bus!&quot;,
    },
    {
-     &quot;description&quot;: &quot;You can&apos;t back up the monitor without compressing the haptic SSD driver!&quot;,
-     &quot;message&quot;: &quot;compressing the protocol won&apos;t do anything, we need to quantify the redundant DNS circuit!&quot;,
-     &quot;summary&quot;: &quot;Try to input the THX interface, maybe it will synthesize the online capacitor!&quot;,
+     &quot;description&quot;: &quot;Try to input the SQL program, maybe it will program the optical driver!&quot;,
+     &quot;message&quot;: &quot;The XSS transmitter is down, hack the wireless card so we can program the PCI pixel!&quot;,
+     &quot;summary&quot;: &quot;I&apos;ll override the online HTTP interface, that should transmitter the RSS matrix!&quot;,
    },
    {
-     &quot;description&quot;: &quot;I&apos;ll back up the mobile CLI sensor, that should pixel the XSS driver!&quot;,
-     &quot;message&quot;: &quot;Try to index the USB sensor, maybe it will compress the mobile interface!&quot;,
-     &quot;summary&quot;: &quot;Use the optical JSON circuit, then you can transmit the digital microchip!&quot;,
+     &quot;description&quot;: &quot;We need to hack the bluetooth EXE feed!&quot;,
+     &quot;message&quot;: &quot;We need to hack the neural DNS bus!&quot;,
+     &quot;summary&quot;: &quot;I&apos;ll index the bluetooth SSL alarm, that should protocol the PNG circuit!&quot;,
    },
  ]

 ❯ src/test-suite-12.spec.ts:21:20
            </failure>
        </testcase>
        <testcase classname="src/test-suite-12.spec.ts" name="&apos;Virtual mission-critical utilisation&apos; &gt; &apos;We need to compress the bluetooth SSD…&apos;" time="0.000034375">
        </testcase>
        <testcase classname="src/test-suite-12.spec.ts" name="&apos;Virtual mission-critical utilisation&apos; &gt; &apos;If we connect the panel, we can get t…&apos;" time="0.000223958">
            <failure message="expected [ { …(3) }, { …(3) }, { …(3) } ] to deeply equal [ { …(3) }, { …(3) }, { …(3) } ]" type="AssertionError">
AssertionError: expected [ { …(3) }, { …(3) }, { …(3) } ] to deeply equal [ { …(3) }, { …(3) }, { …(3) } ]

- Expected
+ Received

  [
    {
-     &quot;description&quot;: &quot;If we transmit the matrix, we can get to the JSON microchip through the digital XML protocol!&quot;,
-     &quot;message&quot;: &quot;The DNS card is down, connect the digital hard drive so we can compress the HTTP capacitor!&quot;,
-     &quot;summary&quot;: &quot;We need to synthesize the virtual SDD microchip!&quot;,
+     &quot;description&quot;: &quot;We need to copy the haptic UDP transmitter!&quot;,
+     &quot;message&quot;: &quot;We need to parse the optical HDD pixel!&quot;,
+     &quot;summary&quot;: &quot;connecting the driver won&apos;t do anything, we need to override the back-end RAM feed!&quot;,
    },
    {
-     &quot;description&quot;: &quot;You can&apos;t compress the system without copying the neural COM application!&quot;,
-     &quot;message&quot;: &quot;I&apos;ll quantify the primary DNS program, that should matrix the IB pixel!&quot;,
-     &quot;summary&quot;: &quot;You can&apos;t synthesize the sensor without indexing the back-end SQL port!&quot;,
+     &quot;description&quot;: &quot;If we navigate the feed, we can get to the THX matrix through the open-source SDD interface!&quot;,
+     &quot;message&quot;: &quot;You can&apos;t override the card without overriding the haptic PCI interface!&quot;,
+     &quot;summary&quot;: &quot;Try to override the RAM application, maybe it will calculate the solid state array!&quot;,
    },
    {
-     &quot;description&quot;: &quot;Try to synthesize the JBOD circuit, maybe it will program the neural monitor!&quot;,
-     &quot;message&quot;: &quot;Use the bluetooth AGP protocol, then you can parse the online capacitor!&quot;,
-     &quot;summary&quot;: &quot;If we quantify the pixel, we can get to the SDD bandwidth through the mobile OCR array!&quot;,
+     &quot;description&quot;: &quot;Try to back up the TCP pixel, maybe it will navigate the neural system!&quot;,
+     &quot;message&quot;: &quot;Use the solid state DRAM driver, then you can bypass the bluetooth firewall!&quot;,
+     &quot;summary&quot;: &quot;generating the feed won&apos;t do anything, we need to navigate the wireless IB alarm!&quot;,
    },
  ]

 ❯ src/test-suite-12.spec.ts:21:20
            </failure>
        </testcase>
        <testcase classname="src/test-suite-12.spec.ts" name="&apos;Virtual mission-critical utilisation&apos; &gt; &apos;Try to input the JSON interface, mayb…&apos;" time="0.000046625">
        </testcase>
        <testcase classname="src/test-suite-12.spec.ts" name="&apos;Virtual mission-critical utilisation&apos; &gt; &apos;Try to parse the ADP card, maybe it w…&apos;" time="0.000326">
            <failure message="expected [ { …(3) }, { …(3) }, { …(3) }, …(1) ] to deeply equal [ { …(3) }, { …(3) }, { …(3) }, …(2) ]" type="AssertionError">
AssertionError: expected [ { …(3) }, { …(3) }, { …(3) }, …(1) ] to deeply equal [ { …(3) }, { …(3) }, { …(3) }, …(2) ]

- Expected
+ Received

  [
    {
-     &quot;description&quot;: &quot;You can&apos;t input the hard drive without calculating the optical JSON microchip!&quot;,
-     &quot;message&quot;: &quot;The SDD program is down, compress the redundant bus so we can connect the CLI card!&quot;,
-     &quot;summary&quot;: &quot;You can&apos;t parse the program without hacking the haptic JSON sensor!&quot;,
+     &quot;description&quot;: &quot;Use the back-end IB bandwidth, then you can parse the 1080p panel!&quot;,
+     &quot;message&quot;: &quot;Try to navigate the UTF8 transmitter, maybe it will override the digital transmitter!&quot;,
+     &quot;summary&quot;: &quot;If we bypass the application, we can get to the DRAM application through the online SDD panel!&quot;,
    },
    {
-     &quot;description&quot;: &quot;You can&apos;t compress the pixel without hacking the wireless SAS feed!&quot;,
-     &quot;message&quot;: &quot;Try to quantify the UDP program, maybe it will hack the back-end application!&quot;,
-     &quot;summary&quot;: &quot;The JBOD transmitter is down, index the wireless monitor so we can back up the EXE alarm!&quot;,
-   },
-   {
-     &quot;description&quot;: &quot;generating the firewall won&apos;t do anything, we need to program the primary JSON transmitter!&quot;,
-     &quot;message&quot;: &quot;I&apos;ll input the bluetooth JSON capacitor, that should card the HDD array!&quot;,
-     &quot;summary&quot;: &quot;The XML interface is down, connect the 1080p matrix so we can index the VGA protocol!&quot;,
+     &quot;description&quot;: &quot;bypassing the transmitter won&apos;t do anything, we need to override the neural XML transmitter!&quot;,
+     &quot;message&quot;: &quot;We need to quantify the redundant CLI protocol!&quot;,
+     &quot;summary&quot;: &quot;I&apos;ll connect the online USB port, that should hard drive the DNS port!&quot;,
    },
    {
-     &quot;description&quot;: &quot;The ADP firewall is down, calculate the optical transmitter so we can compress the USB circuit!&quot;,
-     &quot;message&quot;: &quot;We need to calculate the virtual SMTP interface!&quot;,
-     &quot;summary&quot;: &quot;Use the open-source SSD transmitter, then you can bypass the wireless bandwidth!&quot;,
+     &quot;description&quot;: &quot;You can&apos;t parse the system without compressing the mobile GB sensor!&quot;,
+     &quot;message&quot;: &quot;I&apos;ll synthesize the optical AGP system, that should capacitor the SDD capacitor!&quot;,
+     &quot;summary&quot;: &quot;We need to synthesize the optical EXE firewall!&quot;,
    },
    {
-     &quot;description&quot;: &quot;bypassing the pixel won&apos;t do anything, we need to program the back-end ADP bus!&quot;,
-     &quot;message&quot;: &quot;I&apos;ll copy the open-source HTTP monitor, that should microchip the AI feed!&quot;,
-     &quot;summary&quot;: &quot;You can&apos;t parse the feed without transmitting the haptic SCSI panel!&quot;,
+     &quot;description&quot;: &quot;I&apos;ll quantify the back-end IP array, that should circuit the XSS array!&quot;,
+     &quot;message&quot;: &quot;We need to transmit the haptic GB port!&quot;,
+     &quot;summary&quot;: &quot;Try to reboot the SMTP capacitor, maybe it will compress the optical system!&quot;,
    },
  ]

 ❯ src/test-suite-12.spec.ts:21:20
            </failure>
        </testcase>
        <testcase classname="src/test-suite-12.spec.ts" name="&apos;Virtual mission-critical utilisation&apos; &gt; &apos;I\&apos;ll index the back-end ADP capacito…&apos;" time="0.000036542">
        </testcase>
        <testcase classname="src/test-suite-12.spec.ts" name="&apos;Virtual mission-critical utilisation&apos; &gt; &apos;We need to connect the redundant USB …&apos;" time="0.000224292">
            <failure message="expected [ { …(3) }, { …(3) }, { …(3) } ] to deeply equal [ { …(3) }, { …(3) }, { …(3) } ]" type="AssertionError">
AssertionError: expected [ { …(3) }, { …(3) }, { …(3) } ] to deeply equal [ { …(3) }, { …(3) }, { …(3) } ]

- Expected
+ Received

  [
    {
-     &quot;description&quot;: &quot;You can&apos;t transmit the capacitor without hacking the neural EXE array!&quot;,
-     &quot;message&quot;: &quot;Try to input the SSL capacitor, maybe it will reboot the back-end panel!&quot;,
-     &quot;summary&quot;: &quot;If we transmit the transmitter, we can get to the DRAM panel through the virtual SMS pixel!&quot;,
+     &quot;description&quot;: &quot;Use the neural HTTP feed, then you can input the bluetooth bandwidth!&quot;,
+     &quot;message&quot;: &quot;If we copy the panel, we can get to the THX capacitor through the back-end SAS bandwidth!&quot;,
+     &quot;summary&quot;: &quot;Use the multi-byte USB card, then you can back up the primary card!&quot;,
    },
    {
-     &quot;description&quot;: &quot;You can&apos;t navigate the microchip without bypassing the virtual SAS port!&quot;,
-     &quot;message&quot;: &quot;You can&apos;t synthesize the sensor without hacking the back-end OCR system!&quot;,
-     &quot;summary&quot;: &quot;The SQL transmitter is down, override the auxiliary bus so we can connect the VGA firewall!&quot;,
+     &quot;description&quot;: &quot;The PCI port is down, generate the neural program so we can navigate the SQL pixel!&quot;,
+     &quot;message&quot;: &quot;We need to connect the virtual JSON microchip!&quot;,
+     &quot;summary&quot;: &quot;The EXE bus is down, override the cross-platform application so we can copy the CSS sensor!&quot;,
    },
    {
-     &quot;description&quot;: &quot;Use the redundant USB feed, then you can quantify the optical driver!&quot;,
-     &quot;message&quot;: &quot;We need to copy the 1080p PNG microchip!&quot;,
-     &quot;summary&quot;: &quot;Try to back up the HEX microchip, maybe it will bypass the online monitor!&quot;,
+     &quot;description&quot;: &quot;Try to reboot the TLS panel, maybe it will transmit the solid state circuit!&quot;,
+     &quot;message&quot;: &quot;Try to back up the API bandwidth, maybe it will quantify the virtual program!&quot;,
+     &quot;summary&quot;: &quot;If we program the hard drive, we can get to the AI bandwidth through the optical SAS monitor!&quot;,
    },
  ]

 ❯ src/test-suite-12.spec.ts:21:20
            </failure>
        </testcase>
        <testcase classname="src/test-suite-12.spec.ts" name="&apos;Virtual mission-critical utilisation&apos; &gt; &apos;I\&apos;ll override the back-end DNS feed,…&apos;" time="0.000055292">
        </testcase>
        <testcase classname="src/test-suite-12.spec.ts" name="&apos;Virtual mission-critical utilisation&apos; &gt; &apos;If we reboot the application, we can …&apos;" time="0.000245625">
            <failure message="expected [ { …(3) }, { …(3) }, { …(3) }, …(2) ] to deeply equal [ { …(3) }, { …(3) }, { …(3) } ]" type="AssertionError">
AssertionError: expected [ { …(3) }, { …(3) }, { …(3) }, …(2) ] to deeply equal [ { …(3) }, { …(3) }, { …(3) } ]

- Expected
+ Received

  [
    {
-     &quot;description&quot;: &quot;synthesizing the card won&apos;t do anything, we need to copy the cross-platform UDP panel!&quot;,
-     &quot;message&quot;: &quot;Use the cross-platform SSD card, then you can compress the cross-platform transmitter!&quot;,
-     &quot;summary&quot;: &quot;If we hack the firewall, we can get to the GB matrix through the cross-platform XML driver!&quot;,
+     &quot;description&quot;: &quot;I&apos;ll generate the online SQL microchip, that should application the XSS feed!&quot;,
+     &quot;message&quot;: &quot;If we connect the array, we can get to the IB alarm through the cross-platform RAM sensor!&quot;,
+     &quot;summary&quot;: &quot;Try to input the AGP circuit, maybe it will program the cross-platform bus!&quot;,
    },
    {
-     &quot;description&quot;: &quot;Use the neural OCR card, then you can index the wireless bus!&quot;,
-     &quot;message&quot;: &quot;If we back up the firewall, we can get to the DRAM capacitor through the neural HDD program!&quot;,
-     &quot;summary&quot;: &quot;The SDD array is down, navigate the primary interface so we can program the AI microchip!&quot;,
+     &quot;description&quot;: &quot;Use the virtual SMS driver, then you can compress the optical circuit!&quot;,
+     &quot;message&quot;: &quot;compressing the bus won&apos;t do anything, we need to compress the digital DRAM bandwidth!&quot;,
+     &quot;summary&quot;: &quot;We need to reboot the haptic UDP microchip!&quot;,
    },
    {
-     &quot;description&quot;: &quot;We need to hack the primary EXE application!&quot;,
-     &quot;message&quot;: &quot;Try to parse the HTTP program, maybe it will parse the primary hard drive!&quot;,
-     &quot;summary&quot;: &quot;You can&apos;t reboot the card without indexing the online SAS port!&quot;,
+     &quot;description&quot;: &quot;You can&apos;t input the application without synthesizing the 1080p COM pixel!&quot;,
+     &quot;message&quot;: &quot;I&apos;ll synthesize the optical PNG monitor, that should port the CLI capacitor!&quot;,
+     &quot;summary&quot;: &quot;We need to copy the primary VGA bandwidth!&quot;,
+   },
+   {
+     &quot;description&quot;: &quot;I&apos;ll back up the 1080p SSD microchip, that should firewall the PCI interface!&quot;,
+     &quot;message&quot;: &quot;Try to copy the HEX system, maybe it will back up the redundant sensor!&quot;,
+     &quot;summary&quot;: &quot;quantifying the firewall won&apos;t do anything, we need to copy the virtual HDD transmitter!&quot;,
+   },
+   {
+     &quot;description&quot;: &quot;Try to connect the TCP transmitter, maybe it will compress the multi-byte circuit!&quot;,
+     &quot;message&quot;: &quot;If we quantify the bandwidth, we can get to the DRAM microchip through the virtual JSON protocol!&quot;,
+     &quot;summary&quot;: &quot;Use the redundant SSD monitor, then you can transmit the virtual circuit!&quot;,
    },
  ]

 ❯ src/test-suite-12.spec.ts:21:20
            </failure>
        </testcase>
        <testcase classname="src/test-suite-12.spec.ts" name="&apos;Robust asymmetric moderator&apos; &gt; &apos;The COM bandwidth is down, bypass the…&apos;" time="0.000192417">
            <failure message="expected [ { …(3) }, { …(3) } ] to deeply equal [ { …(3) }, { …(3) }, { …(3) } ]" type="AssertionError">
AssertionError: expected [ { …(3) }, { …(3) } ] to deeply equal [ { …(3) }, { …(3) }, { …(3) } ]

- Expected
+ Received

  [
    {
-     &quot;description&quot;: &quot;You can&apos;t reboot the transmitter without quantifying the multi-byte SDD bandwidth!&quot;,
-     &quot;message&quot;: &quot;We need to index the primary USB pixel!&quot;,
-     &quot;summary&quot;: &quot;We need to bypass the open-source SAS bandwidth!&quot;,
-   },
-   {
-     &quot;description&quot;: &quot;You can&apos;t input the hard drive without copying the solid state THX driver!&quot;,
-     &quot;message&quot;: &quot;You can&apos;t back up the circuit without synthesizing the back-end RSS card!&quot;,
-     &quot;summary&quot;: &quot;The PNG matrix is down, copy the mobile firewall so we can bypass the AGP port!&quot;,
+     &quot;description&quot;: &quot;Try to transmit the FTP driver, maybe it will override the virtual card!&quot;,
+     &quot;message&quot;: &quot;You can&apos;t copy the array without compressing the primary ADP port!&quot;,
+     &quot;summary&quot;: &quot;compressing the panel won&apos;t do anything, we need to override the bluetooth DNS bandwidth!&quot;,
    },
    {
-     &quot;description&quot;: &quot;Use the multi-byte JBOD monitor, then you can reboot the mobile system!&quot;,
-     &quot;message&quot;: &quot;The SMS circuit is down, copy the open-source interface so we can program the ASCII bandwidth!&quot;,
-     &quot;summary&quot;: &quot;You can&apos;t calculate the bus without programming the haptic API monitor!&quot;,
+     &quot;description&quot;: &quot;generating the interface won&apos;t do anything, we need to navigate the back-end HEX firewall!&quot;,
+     &quot;message&quot;: &quot;compressing the panel won&apos;t do anything, we need to connect the back-end GB microchip!&quot;,
+     &quot;summary&quot;: &quot;Try to parse the OCR array, maybe it will synthesize the online transmitter!&quot;,
    },
  ]

 ❯ src/test-suite-12.spec.ts:21:20
            </failure>
        </testcase>
        <testcase classname="src/test-suite-12.spec.ts" name="&apos;Robust asymmetric moderator&apos; &gt; &apos;transmitting the pixel won\&apos;t do anyt…&apos;" time="0.000058083">
        </testcase>
        <testcase classname="src/test-suite-12.spec.ts" name="&apos;Robust asymmetric moderator&apos; &gt; &apos;synthesizing the circuit won\&apos;t do an…&apos;" time="0.00026025">
            <failure message="expected [ { …(3) }, { …(3) }, { …(3) }, …(2) ] to deeply equal [ { …(3) }, { …(3) }, { …(3) } ]" type="AssertionError">
AssertionError: expected [ { …(3) }, { …(3) }, { …(3) }, …(2) ] to deeply equal [ { …(3) }, { …(3) }, { …(3) } ]

- Expected
+ Received

  [
    {
-     &quot;description&quot;: &quot;If we synthesize the capacitor, we can get to the TCP alarm through the back-end SSD port!&quot;,
-     &quot;message&quot;: &quot;synthesizing the microchip won&apos;t do anything, we need to program the neural CSS microchip!&quot;,
-     &quot;summary&quot;: &quot;You can&apos;t reboot the program without calculating the haptic FTP capacitor!&quot;,
+     &quot;description&quot;: &quot;quantifying the transmitter won&apos;t do anything, we need to input the cross-platform CSS port!&quot;,
+     &quot;message&quot;: &quot;I&apos;ll compress the 1080p HTTP bus, that should system the SDD bus!&quot;,
+     &quot;summary&quot;: &quot;Use the 1080p PCI feed, then you can connect the virtual feed!&quot;,
    },
    {
-     &quot;description&quot;: &quot;We need to quantify the back-end AI capacitor!&quot;,
-     &quot;message&quot;: &quot;You can&apos;t synthesize the bandwidth without copying the cross-platform CLI capacitor!&quot;,
-     &quot;summary&quot;: &quot;Try to copy the HTTP panel, maybe it will hack the primary pixel!&quot;,
+     &quot;description&quot;: &quot;I&apos;ll transmit the virtual JBOD feed, that should circuit the FTP feed!&quot;,
+     &quot;message&quot;: &quot;We need to override the optical RAM matrix!&quot;,
+     &quot;summary&quot;: &quot;You can&apos;t back up the program without backing up the online SMS driver!&quot;,
    },
    {
-     &quot;description&quot;: &quot;You can&apos;t parse the application without compressing the mobile RSS port!&quot;,
-     &quot;message&quot;: &quot;If we index the pixel, we can get to the TCP port through the digital ASCII driver!&quot;,
-     &quot;summary&quot;: &quot;We need to generate the optical API transmitter!&quot;,
+     &quot;description&quot;: &quot;We need to generate the back-end RAM monitor!&quot;,
+     &quot;message&quot;: &quot;The UTF8 application is down, hack the virtual port so we can program the RAM capacitor!&quot;,
+     &quot;summary&quot;: &quot;Try to index the THX alarm, maybe it will input the neural port!&quot;,
+   },
+   {
+     &quot;description&quot;: &quot;We need to synthesize the multi-byte XML transmitter!&quot;,
+     &quot;message&quot;: &quot;Try to navigate the JSON panel, maybe it will calculate the back-end pixel!&quot;,
+     &quot;summary&quot;: &quot;You can&apos;t hack the capacitor without parsing the optical SMS bandwidth!&quot;,
+   },
+   {
+     &quot;description&quot;: &quot;The COM protocol is down, index the bluetooth interface so we can transmit the SAS card!&quot;,
+     &quot;message&quot;: &quot;The FTP circuit is down, calculate the 1080p interface so we can input the VGA program!&quot;,
+     &quot;summary&quot;: &quot;If we copy the capacitor, we can get to the JSON panel through the wireless SCSI pixel!&quot;,
    },
  ]

 ❯ src/test-suite-12.spec.ts:21:20
            </failure>
        </testcase>
        <testcase classname="src/test-suite-12.spec.ts" name="&apos;Robust asymmetric moderator&apos; &gt; &apos;generating the capacitor won\&apos;t do an…&apos;" time="0.000044167">
        </testcase>
        <testcase classname="src/test-suite-12.spec.ts" name="&apos;Robust asymmetric moderator&apos; &gt; &apos;I\&apos;ll quantify the auxiliary HDD matr…&apos;" time="0.000242458">
            <failure message="expected [ { …(3) }, { …(3) }, { …(3) }, …(2) ] to deeply equal [ { …(3) }, { …(3) }, { …(3) } ]" type="AssertionError">
AssertionError: expected [ { …(3) }, { …(3) }, { …(3) }, …(2) ] to deeply equal [ { …(3) }, { …(3) }, { …(3) } ]

- Expected
+ Received

  [
    {
-     &quot;description&quot;: &quot;I&apos;ll copy the open-source ADP card, that should monitor the FTP capacitor!&quot;,
-     &quot;message&quot;: &quot;Use the cross-platform HDD pixel, then you can generate the online application!&quot;,
-     &quot;summary&quot;: &quot;You can&apos;t parse the application without synthesizing the primary PNG transmitter!&quot;,
+     &quot;description&quot;: &quot;The XML pixel is down, input the multi-byte circuit so we can parse the IB circuit!&quot;,
+     &quot;message&quot;: &quot;I&apos;ll transmit the neural HTTP matrix, that should capacitor the CLI matrix!&quot;,
+     &quot;summary&quot;: &quot;We need to calculate the 1080p FTP port!&quot;,
    },
    {
-     &quot;description&quot;: &quot;If we connect the application, we can get to the COM driver through the solid state ADP driver!&quot;,
-     &quot;message&quot;: &quot;Use the redundant XML firewall, then you can transmit the haptic program!&quot;,
-     &quot;summary&quot;: &quot;If we navigate the panel, we can get to the DNS alarm through the haptic SMS transmitter!&quot;,
+     &quot;description&quot;: &quot;You can&apos;t calculate the application without compressing the bluetooth PCI interface!&quot;,
+     &quot;message&quot;: &quot;You can&apos;t compress the monitor without generating the open-source SSL array!&quot;,
+     &quot;summary&quot;: &quot;I&apos;ll compress the haptic HTTP matrix, that should bus the SDD matrix!&quot;,
    },
    {
-     &quot;description&quot;: &quot;We need to parse the virtual UDP interface!&quot;,
-     &quot;message&quot;: &quot;Try to back up the ADP hard drive, maybe it will connect the neural protocol!&quot;,
-     &quot;summary&quot;: &quot;If we connect the card, we can get to the ASCII program through the wireless IB driver!&quot;,
+     &quot;description&quot;: &quot;Use the cross-platform USB hard drive, then you can input the cross-platform port!&quot;,
+     &quot;message&quot;: &quot;If we navigate the matrix, we can get to the SCSI interface through the online COM matrix!&quot;,
+     &quot;summary&quot;: &quot;Try to hack the RSS protocol, maybe it will synthesize the open-source circuit!&quot;,
+   },
+   {
+     &quot;description&quot;: &quot;The SAS hard drive is down, transmit the 1080p sensor so we can bypass the UTF8 alarm!&quot;,
+     &quot;message&quot;: &quot;Use the solid state VGA capacitor, then you can program the optical microchip!&quot;,
+     &quot;summary&quot;: &quot;You can&apos;t quantify the microchip without navigating the open-source TCP circuit!&quot;,
+   },
+   {
+     &quot;description&quot;: &quot;You can&apos;t index the system without hacking the bluetooth UDP panel!&quot;,
+     &quot;message&quot;: &quot;generating the bus won&apos;t do anything, we need to transmit the open-source FTP matrix!&quot;,
+     &quot;summary&quot;: &quot;We need to reboot the solid state AI feed!&quot;,
    },
  ]

 ❯ src/test-suite-12.spec.ts:21:20
            </failure>
        </testcase>
        <testcase classname="src/test-suite-12.spec.ts" name="&apos;Robust asymmetric moderator&apos; &gt; &apos;I\&apos;ll parse the haptic AI array, that…&apos;" time="0.000053167">
        </testcase>
        <testcase classname="src/test-suite-12.spec.ts" name="&apos;Robust asymmetric moderator&apos; &gt; &apos;Try to connect the OCR firewall, mayb…&apos;" time="0.000266166">
            <failure message="expected [ { …(3) }, { …(3) }, { …(3) } ] to deeply equal [ { …(3) }, { …(3) }, { …(3) }, …(2) ]" type="AssertionError">
AssertionError: expected [ { …(3) }, { …(3) }, { …(3) } ] to deeply equal [ { …(3) }, { …(3) }, { …(3) }, …(2) ]

- Expected
+ Received

  [
    {
-     &quot;description&quot;: &quot;We need to hack the cross-platform SMTP monitor!&quot;,
-     &quot;message&quot;: &quot;We need to synthesize the bluetooth AGP port!&quot;,
-     &quot;summary&quot;: &quot;Try to quantify the PNG program, maybe it will bypass the primary circuit!&quot;,
+     &quot;description&quot;: &quot;The TLS driver is down, reboot the primary matrix so we can calculate the SSL capacitor!&quot;,
+     &quot;message&quot;: &quot;We need to index the online COM panel!&quot;,
+     &quot;summary&quot;: &quot;I&apos;ll index the primary AI application, that should alarm the PNG panel!&quot;,
    },
    {
-     &quot;description&quot;: &quot;compressing the capacitor won&apos;t do anything, we need to transmit the back-end TLS program!&quot;,
-     &quot;message&quot;: &quot;If we synthesize the array, we can get to the ASCII firewall through the haptic SQL interface!&quot;,
-     &quot;summary&quot;: &quot;You can&apos;t calculate the application without compressing the digital SSD interface!&quot;,
+     &quot;description&quot;: &quot;The JSON program is down, connect the auxiliary bus so we can navigate the USB system!&quot;,
+     &quot;message&quot;: &quot;I&apos;ll bypass the online HTTP driver, that should card the ASCII array!&quot;,
+     &quot;summary&quot;: &quot;Try to reboot the IB bus, maybe it will bypass the redundant capacitor!&quot;,
    },
    {
-     &quot;description&quot;: &quot;We need to bypass the solid state JSON hard drive!&quot;,
-     &quot;message&quot;: &quot;I&apos;ll index the solid state JBOD card, that should transmitter the SQL pixel!&quot;,
-     &quot;summary&quot;: &quot;generating the protocol won&apos;t do anything, we need to quantify the wireless VGA pixel!&quot;,
-   },
-   {
-     &quot;description&quot;: &quot;Use the cross-platform AGP capacitor, then you can connect the solid state capacitor!&quot;,
-     &quot;message&quot;: &quot;You can&apos;t override the protocol without bypassing the optical HEX program!&quot;,
-     &quot;summary&quot;: &quot;The RAM matrix is down, copy the solid state driver so we can override the ADP panel!&quot;,
-   },
-   {
-     &quot;description&quot;: &quot;We need to generate the bluetooth IB program!&quot;,
-     &quot;message&quot;: &quot;navigating the hard drive won&apos;t do anything, we need to override the neural TLS interface!&quot;,
-     &quot;summary&quot;: &quot;Try to quantify the TLS capacitor, maybe it will index the digital pixel!&quot;,
+     &quot;description&quot;: &quot;overriding the bandwidth won&apos;t do anything, we need to transmit the optical HEX monitor!&quot;,
+     &quot;message&quot;: &quot;I&apos;ll connect the open-source SMTP circuit, that should matrix the SCSI system!&quot;,
+     &quot;summary&quot;: &quot;I&apos;ll program the virtual IP driver, that should hard drive the HEX circuit!&quot;,
    },
  ]

 ❯ src/test-suite-12.spec.ts:21:20
            </failure>
        </testcase>
        <testcase classname="src/test-suite-12.spec.ts" name="&apos;Robust asymmetric moderator&apos; &gt; &apos;The HEX interface is down, hack the o…&apos;" time="0.000043917">
        </testcase>
        <testcase classname="src/test-suite-12.spec.ts" name="&apos;Robust asymmetric moderator&apos; &gt; &apos;You can\&apos;t input the array without ge…&apos;" time="0.000223208">
            <failure message="expected [ { …(3) }, { …(3) }, { …(3) }, …(1) ] to deeply equal [ { …(3) }, { …(3) } ]" type="AssertionError">
AssertionError: expected [ { …(3) }, { …(3) }, { …(3) }, …(1) ] to deeply equal [ { …(3) }, { …(3) } ]

- Expected
+ Received

  [
    {
-     &quot;description&quot;: &quot;bypassing the port won&apos;t do anything, we need to generate the back-end AI interface!&quot;,
-     &quot;message&quot;: &quot;If we quantify the driver, we can get to the EXE feed through the virtual SMS port!&quot;,
-     &quot;summary&quot;: &quot;You can&apos;t navigate the panel without transmitting the cross-platform HEX alarm!&quot;,
+     &quot;description&quot;: &quot;We need to generate the solid state AI monitor!&quot;,
+     &quot;message&quot;: &quot;Use the multi-byte COM application, then you can program the virtual monitor!&quot;,
+     &quot;summary&quot;: &quot;We need to quantify the virtual SDD port!&quot;,
    },
    {
-     &quot;description&quot;: &quot;I&apos;ll generate the back-end IB capacitor, that should alarm the VGA pixel!&quot;,
-     &quot;message&quot;: &quot;I&apos;ll bypass the cross-platform HEX port, that should program the HEX firewall!&quot;,
-     &quot;summary&quot;: &quot;We need to index the 1080p COM sensor!&quot;,
+     &quot;description&quot;: &quot;We need to index the bluetooth EXE driver!&quot;,
+     &quot;message&quot;: &quot;I&apos;ll synthesize the bluetooth DNS feed, that should pixel the SMS bus!&quot;,
+     &quot;summary&quot;: &quot;Try to calculate the DNS pixel, maybe it will bypass the open-source microchip!&quot;,
+   },
+   {
+     &quot;description&quot;: &quot;If we quantify the alarm, we can get to the API feed through the primary THX program!&quot;,
+     &quot;message&quot;: &quot;The CLI bandwidth is down, override the cross-platform array so we can copy the SQL card!&quot;,
+     &quot;summary&quot;: &quot;Use the back-end PCI bandwidth, then you can navigate the cross-platform microchip!&quot;,
+   },
+   {
+     &quot;description&quot;: &quot;The DNS hard drive is down, bypass the neural bandwidth so we can calculate the XML bandwidth!&quot;,
+     &quot;message&quot;: &quot;You can&apos;t back up the card without generating the neural PNG circuit!&quot;,
+     &quot;summary&quot;: &quot;If we reboot the panel, we can get to the SAS bandwidth through the back-end TCP sensor!&quot;,
    },
  ]

 ❯ src/test-suite-12.spec.ts:21:20
            </failure>
        </testcase>
        <testcase classname="src/test-suite-12.spec.ts" name="&apos;Robust asymmetric moderator&apos; &gt; &apos;Use the redundant SSL system, then yo…&apos;" time="0.00005175">
        </testcase>
        <testcase classname="src/test-suite-12.spec.ts" name="&apos;Robust asymmetric moderator&apos; &gt; &apos;Use the multi-byte HDD monitor, then …&apos;" time="0.000251">
            <failure message="expected [ { …(3) }, { …(3) }, { …(3) }, …(2) ] to deeply equal [ { …(3) }, { …(3) } ]" type="AssertionError">
AssertionError: expected [ { …(3) }, { …(3) }, { …(3) }, …(2) ] to deeply equal [ { …(3) }, { …(3) } ]

- Expected
+ Received

  [
    {
-     &quot;description&quot;: &quot;indexing the bus won&apos;t do anything, we need to synthesize the multi-byte API monitor!&quot;,
-     &quot;message&quot;: &quot;The COM pixel is down, back up the open-source circuit so we can override the API pixel!&quot;,
-     &quot;summary&quot;: &quot;You can&apos;t reboot the pixel without connecting the bluetooth COM sensor!&quot;,
+     &quot;description&quot;: &quot;The THX port is down, compress the solid state capacitor so we can synthesize the VGA driver!&quot;,
+     &quot;message&quot;: &quot;If we synthesize the circuit, we can get to the COM alarm through the bluetooth RAM hard drive!&quot;,
+     &quot;summary&quot;: &quot;Use the digital API bus, then you can compress the wireless circuit!&quot;,
+   },
+   {
+     &quot;description&quot;: &quot;The DNS bus is down, connect the mobile panel so we can input the SQL capacitor!&quot;,
+     &quot;message&quot;: &quot;Use the open-source PNG panel, then you can generate the haptic matrix!&quot;,
+     &quot;summary&quot;: &quot;I&apos;ll program the wireless SSD feed, that should matrix the AGP transmitter!&quot;,
+   },
+   {
+     &quot;description&quot;: &quot;navigating the array won&apos;t do anything, we need to transmit the cross-platform UTF8 pixel!&quot;,
+     &quot;message&quot;: &quot;You can&apos;t bypass the driver without transmitting the 1080p PNG feed!&quot;,
+     &quot;summary&quot;: &quot;connecting the feed won&apos;t do anything, we need to reboot the 1080p RAM transmitter!&quot;,
+   },
+   {
+     &quot;description&quot;: &quot;I&apos;ll synthesize the digital RSS panel, that should array the AGP application!&quot;,
+     &quot;message&quot;: &quot;You can&apos;t calculate the interface without parsing the 1080p SQL feed!&quot;,
+     &quot;summary&quot;: &quot;You can&apos;t calculate the capacitor without synthesizing the cross-platform COM bus!&quot;,
    },
    {
-     &quot;description&quot;: &quot;Try to hack the OCR program, maybe it will reboot the multi-byte capacitor!&quot;,
-     &quot;message&quot;: &quot;We need to program the virtual DRAM protocol!&quot;,
-     &quot;summary&quot;: &quot;Try to program the ADP array, maybe it will reboot the optical monitor!&quot;,
+     &quot;description&quot;: &quot;We need to override the mobile SAS panel!&quot;,
+     &quot;message&quot;: &quot;Use the back-end GB monitor, then you can quantify the optical feed!&quot;,
+     &quot;summary&quot;: &quot;We need to hack the neural JBOD interface!&quot;,
    },
  ]

 ❯ src/test-suite-12.spec.ts:21:20
            </failure>
        </testcase>
        <testcase classname="src/test-suite-12.spec.ts" name="&apos;Robust asymmetric moderator&apos; &gt; &apos;indexing the protocol won\&apos;t do anyth…&apos;" time="0.00004275">
        </testcase>
        <testcase classname="src/test-suite-12.spec.ts" name="&apos;Robust asymmetric moderator&apos; &gt; &apos;You can\&apos;t copy the system without in…&apos;" time="0.000232083">
            <failure message="expected [ { …(3) }, { …(3) }, { …(3) } ] to deeply equal [ { …(3) }, { …(3) }, { …(3) }, …(1) ]" type="AssertionError">
AssertionError: expected [ { …(3) }, { …(3) }, { …(3) } ] to deeply equal [ { …(3) }, { …(3) }, { …(3) }, …(1) ]

- Expected
+ Received

  [
    {
-     &quot;description&quot;: &quot;If we program the program, we can get to the API transmitter through the online AGP firewall!&quot;,
-     &quot;message&quot;: &quot;If we program the firewall, we can get to the ADP pixel through the open-source PNG array!&quot;,
-     &quot;summary&quot;: &quot;synthesizing the hard drive won&apos;t do anything, we need to generate the optical SDD driver!&quot;,
-   },
-   {
-     &quot;description&quot;: &quot;If we override the circuit, we can get to the PCI panel through the haptic SSL monitor!&quot;,
-     &quot;message&quot;: &quot;We need to compress the cross-platform DNS protocol!&quot;,
-     &quot;summary&quot;: &quot;The HEX feed is down, synthesize the primary sensor so we can reboot the RSS application!&quot;,
+     &quot;description&quot;: &quot;The JSON hard drive is down, input the haptic driver so we can connect the USB card!&quot;,
+     &quot;message&quot;: &quot;You can&apos;t connect the application without indexing the wireless RAM driver!&quot;,
+     &quot;summary&quot;: &quot;Use the primary API transmitter, then you can calculate the digital circuit!&quot;,
    },
    {
-     &quot;description&quot;: &quot;If we bypass the bus, we can get to the UDP protocol through the neural API interface!&quot;,
-     &quot;message&quot;: &quot;We need to back up the solid state USB program!&quot;,
-     &quot;summary&quot;: &quot;You can&apos;t bypass the bus without hacking the online HTTP port!&quot;,
+     &quot;description&quot;: &quot;You can&apos;t generate the sensor without parsing the bluetooth USB interface!&quot;,
+     &quot;message&quot;: &quot;Use the multi-byte UTF8 capacitor, then you can navigate the cross-platform alarm!&quot;,
+     &quot;summary&quot;: &quot;If we transmit the driver, we can get to the TCP driver through the open-source HEX protocol!&quot;,
    },
    {
-     &quot;description&quot;: &quot;The SSL protocol is down, synthesize the virtual driver so we can calculate the USB transmitter!&quot;,
-     &quot;message&quot;: &quot;If we compress the matrix, we can get to the FTP microchip through the mobile AI transmitter!&quot;,
-     &quot;summary&quot;: &quot;We need to copy the digital USB transmitter!&quot;,
+     &quot;description&quot;: &quot;Use the digital SAS pixel, then you can parse the back-end protocol!&quot;,
+     &quot;message&quot;: &quot;You can&apos;t hack the application without indexing the virtual JSON driver!&quot;,
+     &quot;summary&quot;: &quot;The VGA firewall is down, hack the bluetooth interface so we can navigate the HTTP monitor!&quot;,
    },
  ]

 ❯ src/test-suite-12.spec.ts:21:20
            </failure>
        </testcase>
        <testcase classname="src/test-suite-12.spec.ts" name="&apos;Robust asymmetric moderator&apos; &gt; &apos;I\&apos;ll compress the cross-platform FTP…&apos;" time="0.000053458">
        </testcase>
        <testcase classname="src/test-suite-12.spec.ts" name="&apos;Robust asymmetric moderator&apos; &gt; &apos;Try to input the SDD feed, maybe it w…&apos;" time="0.000191042">
            <failure message="expected [ { …(3) }, { …(3) } ] to deeply equal [ { …(3) }, { …(3) }, { …(3) } ]" type="AssertionError">
AssertionError: expected [ { …(3) }, { …(3) } ] to deeply equal [ { …(3) }, { …(3) }, { …(3) } ]

- Expected
+ Received

  [
    {
-     &quot;description&quot;: &quot;I&apos;ll connect the wireless HDD monitor, that should microchip the JSON matrix!&quot;,
-     &quot;message&quot;: &quot;Use the digital DNS bandwidth, then you can override the 1080p application!&quot;,
-     &quot;summary&quot;: &quot;You can&apos;t hack the panel without synthesizing the optical AI application!&quot;,
-   },
-   {
-     &quot;description&quot;: &quot;Try to hack the THX matrix, maybe it will navigate the wireless pixel!&quot;,
-     &quot;message&quot;: &quot;I&apos;ll hack the multi-byte DNS program, that should bus the HTTP system!&quot;,
-     &quot;summary&quot;: &quot;Try to connect the SSL capacitor, maybe it will navigate the haptic monitor!&quot;,
+     &quot;description&quot;: &quot;Use the bluetooth RAM matrix, then you can generate the solid state program!&quot;,
+     &quot;message&quot;: &quot;Use the wireless SSD bus, then you can navigate the wireless array!&quot;,
+     &quot;summary&quot;: &quot;If we program the program, we can get to the PCI array through the neural JBOD feed!&quot;,
    },
    {
-     &quot;description&quot;: &quot;Try to copy the XML array, maybe it will connect the bluetooth circuit!&quot;,
-     &quot;message&quot;: &quot;You can&apos;t program the system without calculating the haptic FTP port!&quot;,
-     &quot;summary&quot;: &quot;Try to index the EXE port, maybe it will program the cross-platform array!&quot;,
+     &quot;description&quot;: &quot;synthesizing the port won&apos;t do anything, we need to copy the haptic RSS panel!&quot;,
+     &quot;message&quot;: &quot;If we navigate the interface, we can get to the CLI feed through the open-source CSS monitor!&quot;,
+     &quot;summary&quot;: &quot;If we synthesize the card, we can get to the ADP feed through the redundant OCR pixel!&quot;,
    },
  ]

 ❯ src/test-suite-12.spec.ts:21:20
            </failure>
        </testcase>
        <testcase classname="src/test-suite-12.spec.ts" name="&apos;Robust asymmetric moderator&apos; &gt; &apos;You can\&apos;t quantify the bus without c…&apos;" time="0.0000485">
        </testcase>
        <testcase classname="src/test-suite-12.spec.ts" name="&apos;Robust asymmetric moderator&apos; &gt; &apos;We need to program the virtual SMTP p…&apos;" time="0.000280917">
            <failure message="expected [ { …(3) }, { …(3) }, { …(3) }, …(2) ] to deeply equal [ { …(3) }, { …(3) }, { …(3) }, …(1) ]" type="AssertionError">
AssertionError: expected [ { …(3) }, { …(3) }, { …(3) }, …(2) ] to deeply equal [ { …(3) }, { …(3) }, { …(3) }, …(1) ]

- Expected
+ Received

  [
    {
-     &quot;description&quot;: &quot;You can&apos;t transmit the feed without copying the virtual RAM driver!&quot;,
-     &quot;message&quot;: &quot;If we reboot the bus, we can get to the SSL capacitor through the 1080p AGP firewall!&quot;,
-     &quot;summary&quot;: &quot;quantifying the pixel won&apos;t do anything, we need to connect the online TCP capacitor!&quot;,
+     &quot;description&quot;: &quot;Use the primary VGA application, then you can generate the digital interface!&quot;,
+     &quot;message&quot;: &quot;If we program the alarm, we can get to the JSON circuit through the 1080p TCP alarm!&quot;,
+     &quot;summary&quot;: &quot;I&apos;ll quantify the 1080p OCR monitor, that should matrix the AI system!&quot;,
    },
    {
-     &quot;description&quot;: &quot;If we back up the sensor, we can get to the UDP interface through the cross-platform RAM interface!&quot;,
-     &quot;message&quot;: &quot;I&apos;ll copy the primary CLI feed, that should driver the IP transmitter!&quot;,
-     &quot;summary&quot;: &quot;Use the back-end SSL bandwidth, then you can calculate the bluetooth array!&quot;,
+     &quot;description&quot;: &quot;I&apos;ll compress the primary HTTP program, that should hard drive the SCSI interface!&quot;,
+     &quot;message&quot;: &quot;If we hack the panel, we can get to the HEX card through the multi-byte JSON array!&quot;,
+     &quot;summary&quot;: &quot;I&apos;ll calculate the back-end RAM firewall, that should matrix the EXE alarm!&quot;,
+   },
+   {
+     &quot;description&quot;: &quot;If we connect the feed, we can get to the XML hard drive through the cross-platform XML system!&quot;,
+     &quot;message&quot;: &quot;I&apos;ll transmit the virtual EXE monitor, that should pixel the TCP program!&quot;,
+     &quot;summary&quot;: &quot;You can&apos;t synthesize the capacitor without overriding the wireless HTTP feed!&quot;,
    },
    {
-     &quot;description&quot;: &quot;We need to connect the neural CLI circuit!&quot;,
-     &quot;message&quot;: &quot;I&apos;ll input the primary JSON sensor, that should driver the API hard drive!&quot;,
-     &quot;summary&quot;: &quot;We need to quantify the 1080p UDP firewall!&quot;,
+     &quot;description&quot;: &quot;I&apos;ll reboot the bluetooth COM matrix, that should monitor the ADP bandwidth!&quot;,
+     &quot;message&quot;: &quot;I&apos;ll synthesize the back-end PCI alarm, that should system the SCSI microchip!&quot;,
+     &quot;summary&quot;: &quot;Use the solid state PNG array, then you can bypass the neural sensor!&quot;,
    },
    {
-     &quot;description&quot;: &quot;The API interface is down, input the mobile panel so we can connect the HEX firewall!&quot;,
-     &quot;message&quot;: &quot;The JBOD application is down, transmit the optical card so we can generate the SMS capacitor!&quot;,
-     &quot;summary&quot;: &quot;Use the digital AGP alarm, then you can connect the optical firewall!&quot;,
+     &quot;description&quot;: &quot;If we quantify the alarm, we can get to the API bus through the neural PCI pixel!&quot;,
+     &quot;message&quot;: &quot;We need to bypass the digital XML program!&quot;,
+     &quot;summary&quot;: &quot;Use the redundant DRAM array, then you can compress the back-end application!&quot;,
    },
  ]

 ❯ src/test-suite-12.spec.ts:21:20
            </failure>
        </testcase>
        <testcase classname="src/test-suite-12.spec.ts" name="&apos;Robust asymmetric moderator&apos; &gt; &apos;If we program the firewall, we can ge…&apos;" time="0.00003575">
        </testcase>
        <testcase classname="src/test-suite-12.spec.ts" name="&apos;Robust asymmetric moderator&apos; &gt; &apos;We need to navigate the back-end IP c…&apos;" time="0.000277583">
            <failure message="expected [ { …(3) }, { …(3) }, { …(3) }, …(2) ] to deeply equal [ { …(3) }, { …(3) }, { …(3) }, …(1) ]" type="AssertionError">
AssertionError: expected [ { …(3) }, { …(3) }, { …(3) }, …(2) ] to deeply equal [ { …(3) }, { …(3) }, { …(3) }, …(1) ]

- Expected
+ Received

  [
    {
-     &quot;description&quot;: &quot;Try to navigate the API bandwidth, maybe it will input the digital matrix!&quot;,
-     &quot;message&quot;: &quot;Try to reboot the JSON feed, maybe it will parse the optical matrix!&quot;,
-     &quot;summary&quot;: &quot;Use the wireless JBOD feed, then you can calculate the auxiliary port!&quot;,
+     &quot;description&quot;: &quot;You can&apos;t synthesize the protocol without backing up the multi-byte XSS sensor!&quot;,
+     &quot;message&quot;: &quot;Try to override the SAS matrix, maybe it will compress the virtual feed!&quot;,
+     &quot;summary&quot;: &quot;We need to synthesize the auxiliary VGA monitor!&quot;,
    },
    {
-     &quot;description&quot;: &quot;Use the multi-byte HEX hard drive, then you can transmit the open-source system!&quot;,
-     &quot;message&quot;: &quot;We need to calculate the auxiliary SCSI transmitter!&quot;,
-     &quot;summary&quot;: &quot;parsing the bus won&apos;t do anything, we need to calculate the multi-byte XML transmitter!&quot;,
+     &quot;description&quot;: &quot;I&apos;ll input the open-source XML application, that should alarm the XML circuit!&quot;,
+     &quot;message&quot;: &quot;Use the online UTF8 microchip, then you can back up the mobile hard drive!&quot;,
+     &quot;summary&quot;: &quot;If we hack the interface, we can get to the DRAM matrix through the cross-platform SDD application!&quot;,
+   },
+   {
+     &quot;description&quot;: &quot;bypassing the driver won&apos;t do anything, we need to program the digital OCR port!&quot;,
+     &quot;message&quot;: &quot;Use the bluetooth SCSI bus, then you can navigate the virtual monitor!&quot;,
+     &quot;summary&quot;: &quot;You can&apos;t override the array without parsing the virtual AGP alarm!&quot;,
    },
    {
-     &quot;description&quot;: &quot;The PCI system is down, copy the cross-platform alarm so we can generate the API firewall!&quot;,
-     &quot;message&quot;: &quot;If we calculate the sensor, we can get to the ASCII sensor through the primary UTF8 firewall!&quot;,
-     &quot;summary&quot;: &quot;I&apos;ll hack the wireless XSS driver, that should firewall the FTP panel!&quot;,
+     &quot;description&quot;: &quot;Use the virtual DNS microchip, then you can connect the online capacitor!&quot;,
+     &quot;message&quot;: &quot;You can&apos;t index the driver without generating the primary IP transmitter!&quot;,
+     &quot;summary&quot;: &quot;The TLS array is down, reboot the digital hard drive so we can copy the AGP feed!&quot;,
    },
    {
-     &quot;description&quot;: &quot;Try to program the XML alarm, maybe it will compress the optical hard drive!&quot;,
-     &quot;message&quot;: &quot;If we hack the port, we can get to the PCI bandwidth through the bluetooth THX system!&quot;,
-     &quot;summary&quot;: &quot;I&apos;ll override the 1080p RAM circuit, that should hard drive the XSS monitor!&quot;,
+     &quot;description&quot;: &quot;Use the neural XSS bandwidth, then you can copy the bluetooth hard drive!&quot;,
+     &quot;message&quot;: &quot;If we back up the port, we can get to the VGA application through the 1080p IP capacitor!&quot;,
+     &quot;summary&quot;: &quot;We need to compress the wireless CLI firewall!&quot;,
    },
  ]

 ❯ src/test-suite-12.spec.ts:21:20
            </failure>
        </testcase>
        <testcase classname="src/test-suite-12.spec.ts" name="&apos;Robust asymmetric moderator&apos; &gt; &apos;If we calculate the panel, we can get…&apos;" time="0.000069083">
        </testcase>
        <testcase classname="src/test-suite-12.spec.ts" name="&apos;Robust asymmetric moderator&apos; &gt; &apos;We need to bypass the redundant SCSI …&apos;" time="0.000207292">
            <failure message="expected [ { …(3) }, { …(3) }, { …(3) }, …(1) ] to deeply equal [ { …(3) }, { …(3) } ]" type="AssertionError">
AssertionError: expected [ { …(3) }, { …(3) }, { …(3) }, …(1) ] to deeply equal [ { …(3) }, { …(3) } ]

- Expected
+ Received

  [
    {
-     &quot;description&quot;: &quot;You can&apos;t calculate the interface without programming the primary HTTP application!&quot;,
-     &quot;message&quot;: &quot;If we navigate the microchip, we can get to the SMS capacitor through the primary PNG program!&quot;,
-     &quot;summary&quot;: &quot;You can&apos;t navigate the circuit without calculating the neural XSS interface!&quot;,
+     &quot;description&quot;: &quot;If we reboot the hard drive, we can get to the THX pixel through the auxiliary TCP hard drive!&quot;,
+     &quot;message&quot;: &quot;indexing the microchip won&apos;t do anything, we need to calculate the multi-byte HDD panel!&quot;,
+     &quot;summary&quot;: &quot;Try to parse the DRAM bus, maybe it will compress the wireless hard drive!&quot;,
    },
    {
-     &quot;description&quot;: &quot;We need to input the primary VGA application!&quot;,
-     &quot;message&quot;: &quot;Use the haptic HEX driver, then you can bypass the redundant bus!&quot;,
-     &quot;summary&quot;: &quot;You can&apos;t compress the feed without synthesizing the open-source RSS firewall!&quot;,
+     &quot;description&quot;: &quot;Try to hack the CSS capacitor, maybe it will connect the cross-platform alarm!&quot;,
+     &quot;message&quot;: &quot;We need to connect the mobile USB matrix!&quot;,
+     &quot;summary&quot;: &quot;If we quantify the bandwidth, we can get to the SDD panel through the cross-platform SSL panel!&quot;,
+   },
+   {
+     &quot;description&quot;: &quot;I&apos;ll navigate the wireless IP hard drive, that should array the JSON application!&quot;,
+     &quot;message&quot;: &quot;I&apos;ll index the primary RAM capacitor, that should array the THX sensor!&quot;,
+     &quot;summary&quot;: &quot;The DRAM system is down, copy the redundant driver so we can back up the EXE sensor!&quot;,
+   },
+   {
+     &quot;description&quot;: &quot;We need to calculate the online SQL panel!&quot;,
+     &quot;message&quot;: &quot;I&apos;ll override the haptic RSS driver, that should bus the USB array!&quot;,
+     &quot;summary&quot;: &quot;You can&apos;t connect the transmitter without copying the mobile SAS circuit!&quot;,
    },
  ]

 ❯ src/test-suite-12.spec.ts:21:20
            </failure>
        </testcase>
        <testcase classname="src/test-suite-12.spec.ts" name="&apos;Robust asymmetric moderator&apos; &gt; &apos;The HDD application is down, transmit…&apos;" time="0.000049083">
        </testcase>
        <testcase classname="src/test-suite-12.spec.ts" name="&apos;Robust asymmetric moderator&apos; &gt; &apos;If we synthesize the card, we can get…&apos;" time="0.00023625">
            <failure message="expected [ { …(3) }, { …(3) }, { …(3) }, …(2) ] to deeply equal [ { …(3) }, { …(3) } ]" type="AssertionError">
AssertionError: expected [ { …(3) }, { …(3) }, { …(3) }, …(2) ] to deeply equal [ { …(3) }, { …(3) } ]

- Expected
+ Received

  [
    {
-     &quot;description&quot;: &quot;overriding the monitor won&apos;t do anything, we need to parse the virtual XSS application!&quot;,
-     &quot;message&quot;: &quot;You can&apos;t index the transmitter without bypassing the solid state UDP array!&quot;,
-     &quot;summary&quot;: &quot;You can&apos;t generate the bandwidth without connecting the bluetooth JSON transmitter!&quot;,
+     &quot;description&quot;: &quot;The DRAM interface is down, transmit the open-source feed so we can connect the OCR matrix!&quot;,
+     &quot;message&quot;: &quot;I&apos;ll index the multi-byte JBOD protocol, that should bus the SQL pixel!&quot;,
+     &quot;summary&quot;: &quot;You can&apos;t reboot the system without navigating the digital FTP pixel!&quot;,
+   },
+   {
+     &quot;description&quot;: &quot;If we bypass the port, we can get to the AGP monitor through the virtual USB hard drive!&quot;,
+     &quot;message&quot;: &quot;If we program the card, we can get to the ADP capacitor through the back-end JBOD circuit!&quot;,
+     &quot;summary&quot;: &quot;Use the digital ASCII protocol, then you can reboot the optical driver!&quot;,
+   },
+   {
+     &quot;description&quot;: &quot;You can&apos;t navigate the matrix without calculating the cross-platform HTTP firewall!&quot;,
+     &quot;message&quot;: &quot;You can&apos;t program the firewall without calculating the solid state EXE pixel!&quot;,
+     &quot;summary&quot;: &quot;You can&apos;t transmit the system without calculating the primary IB application!&quot;,
+   },
+   {
+     &quot;description&quot;: &quot;generating the bus won&apos;t do anything, we need to compress the bluetooth IP panel!&quot;,
+     &quot;message&quot;: &quot;programming the alarm won&apos;t do anything, we need to generate the back-end SQL system!&quot;,
+     &quot;summary&quot;: &quot;Use the primary HTTP driver, then you can index the primary array!&quot;,
    },
    {
-     &quot;description&quot;: &quot;The SDD panel is down, navigate the online microchip so we can synthesize the USB circuit!&quot;,
-     &quot;message&quot;: &quot;If we index the pixel, we can get to the IP bus through the optical SQL firewall!&quot;,
-     &quot;summary&quot;: &quot;Use the haptic SQL port, then you can program the multi-byte hard drive!&quot;,
+     &quot;description&quot;: &quot;We need to back up the bluetooth USB alarm!&quot;,
+     &quot;message&quot;: &quot;Use the digital CLI alarm, then you can program the redundant bandwidth!&quot;,
+     &quot;summary&quot;: &quot;You can&apos;t compress the pixel without quantifying the redundant AI panel!&quot;,
    },
  ]

 ❯ src/test-suite-12.spec.ts:21:20
            </failure>
        </testcase>
        <testcase classname="src/test-suite-12.spec.ts" name="&apos;Robust asymmetric moderator&apos; &gt; &apos;You can\&apos;t quantify the program witho…&apos;" time="0.000047959">
        </testcase>
        <testcase classname="src/test-suite-12.spec.ts" name="&apos;Robust asymmetric moderator&apos; &gt; &apos;navigating the system won\&apos;t do anyth…&apos;" time="0.000239083">
            <failure message="expected [ { …(3) }, { …(3) }, { …(3) } ] to deeply equal [ { …(3) }, { …(3) } ]" type="AssertionError">
AssertionError: expected [ { …(3) }, { …(3) }, { …(3) } ] to deeply equal [ { …(3) }, { …(3) } ]

- Expected
+ Received

  [
    {
-     &quot;description&quot;: &quot;Use the haptic COM panel, then you can back up the redundant microchip!&quot;,
-     &quot;message&quot;: &quot;We need to hack the optical TCP hard drive!&quot;,
-     &quot;summary&quot;: &quot;Use the bluetooth AGP bandwidth, then you can reboot the solid state feed!&quot;,
+     &quot;description&quot;: &quot;I&apos;ll index the digital SDD panel, that should pixel the SQL card!&quot;,
+     &quot;message&quot;: &quot;I&apos;ll calculate the auxiliary JBOD firewall, that should panel the SAS driver!&quot;,
+     &quot;summary&quot;: &quot;If we program the panel, we can get to the SCSI port through the virtual XML matrix!&quot;,
+   },
+   {
+     &quot;description&quot;: &quot;connecting the panel won&apos;t do anything, we need to connect the back-end XSS matrix!&quot;,
+     &quot;message&quot;: &quot;You can&apos;t override the pixel without indexing the virtual CLI transmitter!&quot;,
+     &quot;summary&quot;: &quot;The CLI application is down, calculate the neural protocol so we can transmit the SCSI array!&quot;,
    },
    {
-     &quot;description&quot;: &quot;You can&apos;t reboot the port without indexing the cross-platform SSD bus!&quot;,
-     &quot;message&quot;: &quot;Use the 1080p DNS alarm, then you can hack the redundant array!&quot;,
-     &quot;summary&quot;: &quot;I&apos;ll override the primary IP driver, that should microchip the COM array!&quot;,
+     &quot;description&quot;: &quot;I&apos;ll compress the digital IP driver, that should microchip the RAM transmitter!&quot;,
+     &quot;message&quot;: &quot;We need to connect the solid state CLI matrix!&quot;,
+     &quot;summary&quot;: &quot;connecting the card won&apos;t do anything, we need to compress the wireless XSS port!&quot;,
    },
  ]

 ❯ src/test-suite-12.spec.ts:21:20
            </failure>
        </testcase>
        <testcase classname="src/test-suite-12.spec.ts" name="&apos;Robust asymmetric moderator&apos; &gt; &apos;If we index the matrix, we can get to…&apos;" time="0.00004025">
        </testcase>
        <testcase classname="src/test-suite-12.spec.ts" name="&apos;Robust asymmetric moderator&apos; &gt; &apos;You can\&apos;t calculate the capacitor wi…&apos;" time="0.000236292">
            <failure message="expected [ { …(3) }, { …(3) }, { …(3) }, …(1) ] to deeply equal [ { …(3) }, { …(3) } ]" type="AssertionError">
AssertionError: expected [ { …(3) }, { …(3) }, { …(3) }, …(1) ] to deeply equal [ { …(3) }, { …(3) } ]

- Expected
+ Received

  [
    {
-     &quot;description&quot;: &quot;Try to navigate the SAS matrix, maybe it will generate the neural monitor!&quot;,
-     &quot;message&quot;: &quot;Use the neural SSD panel, then you can calculate the virtual alarm!&quot;,
-     &quot;summary&quot;: &quot;The XML circuit is down, parse the digital interface so we can index the DRAM transmitter!&quot;,
+     &quot;description&quot;: &quot;Use the optical THX hard drive, then you can back up the open-source circuit!&quot;,
+     &quot;message&quot;: &quot;We need to compress the back-end PNG bandwidth!&quot;,
+     &quot;summary&quot;: &quot;If we hack the microchip, we can get to the DRAM capacitor through the primary SMTP program!&quot;,
    },
    {
-     &quot;description&quot;: &quot;We need to connect the bluetooth API pixel!&quot;,
-     &quot;message&quot;: &quot;The SQL pixel is down, generate the online program so we can index the XML interface!&quot;,
-     &quot;summary&quot;: &quot;hacking the sensor won&apos;t do anything, we need to parse the bluetooth HDD monitor!&quot;,
+     &quot;description&quot;: &quot;Use the primary JSON circuit, then you can hack the online bus!&quot;,
+     &quot;message&quot;: &quot;If we synthesize the array, we can get to the AI card through the haptic HEX application!&quot;,
+     &quot;summary&quot;: &quot;I&apos;ll transmit the online HEX feed, that should pixel the RAM protocol!&quot;,
+   },
+   {
+     &quot;description&quot;: &quot;The HDD monitor is down, override the wireless driver so we can generate the IB hard drive!&quot;,
+     &quot;message&quot;: &quot;The HEX driver is down, bypass the online microchip so we can back up the USB monitor!&quot;,
+     &quot;summary&quot;: &quot;I&apos;ll generate the wireless CSS pixel, that should sensor the API microchip!&quot;,
+   },
+   {
+     &quot;description&quot;: &quot;We need to synthesize the cross-platform USB protocol!&quot;,
+     &quot;message&quot;: &quot;If we parse the protocol, we can get to the SMTP bandwidth through the optical HEX alarm!&quot;,
+     &quot;summary&quot;: &quot;calculating the hard drive won&apos;t do anything, we need to synthesize the wireless PNG sensor!&quot;,
    },
  ]

 ❯ src/test-suite-12.spec.ts:21:20
            </failure>
        </testcase>
        <testcase classname="src/test-suite-12.spec.ts" name="&apos;Robust asymmetric moderator&apos; &gt; &apos;You can\&apos;t reboot the system without …&apos;" time="0.000042167">
        </testcase>
        <testcase classname="src/test-suite-12.spec.ts" name="&apos;Robust asymmetric moderator&apos; &gt; &apos;Use the virtual JBOD bus, then you ca…&apos;" time="0.000233542">
            <failure message="expected [ { …(3) }, { …(3) } ] to deeply equal [ { …(3) }, { …(3) }, { …(3) }, …(1) ]" type="AssertionError">
AssertionError: expected [ { …(3) }, { …(3) } ] to deeply equal [ { …(3) }, { …(3) }, { …(3) }, …(1) ]

- Expected
+ Received

  [
    {
-     &quot;description&quot;: &quot;You can&apos;t program the circuit without compressing the wireless SDD panel!&quot;,
-     &quot;message&quot;: &quot;I&apos;ll input the auxiliary PCI transmitter, that should hard drive the ADP capacitor!&quot;,
-     &quot;summary&quot;: &quot;We need to quantify the bluetooth GB pixel!&quot;,
+     &quot;description&quot;: &quot;You can&apos;t override the program without quantifying the mobile UTF8 feed!&quot;,
+     &quot;message&quot;: &quot;Try to back up the TCP microchip, maybe it will quantify the bluetooth driver!&quot;,
+     &quot;summary&quot;: &quot;Try to parse the HTTP system, maybe it will hack the open-source pixel!&quot;,
    },
    {
-     &quot;description&quot;: &quot;You can&apos;t back up the driver without hacking the auxiliary UDP feed!&quot;,
-     &quot;message&quot;: &quot;Use the auxiliary CLI array, then you can back up the bluetooth bus!&quot;,
-     &quot;summary&quot;: &quot;I&apos;ll input the redundant COM matrix, that should firewall the CSS feed!&quot;,
-   },
-   {
-     &quot;description&quot;: &quot;Use the back-end CLI feed, then you can transmit the online alarm!&quot;,
-     &quot;message&quot;: &quot;The XSS sensor is down, generate the back-end capacitor so we can override the OCR firewall!&quot;,
-     &quot;summary&quot;: &quot;Use the redundant SMS interface, then you can bypass the 1080p program!&quot;,
-   },
-   {
-     &quot;description&quot;: &quot;We need to compress the bluetooth THX microchip!&quot;,
-     &quot;message&quot;: &quot;Try to back up the ASCII capacitor, maybe it will input the back-end application!&quot;,
-     &quot;summary&quot;: &quot;Try to program the SAS feed, maybe it will transmit the solid state panel!&quot;,
+     &quot;description&quot;: &quot;bypassing the microchip won&apos;t do anything, we need to connect the bluetooth RAM microchip!&quot;,
+     &quot;message&quot;: &quot;Try to calculate the COM matrix, maybe it will connect the optical driver!&quot;,
+     &quot;summary&quot;: &quot;I&apos;ll program the bluetooth XML transmitter, that should array the UDP port!&quot;,
    },
  ]

 ❯ src/test-suite-12.spec.ts:21:20
            </failure>
        </testcase>
        <testcase classname="src/test-suite-12.spec.ts" name="&apos;Robust asymmetric moderator&apos; &gt; &apos;Use the optical HTTP array, then you …&apos;" time="0.000050791">
        </testcase>
        <testcase classname="src/test-suite-12.spec.ts" name="&apos;Robust asymmetric moderator&apos; &gt; &apos;If we back up the firewall, we can ge…&apos;" time="0.000215834">
            <failure message="expected [ { …(3) }, { …(3) }, { …(3) } ] to deeply equal [ { …(3) }, { …(3) } ]" type="AssertionError">
AssertionError: expected [ { …(3) }, { …(3) }, { …(3) } ] to deeply equal [ { …(3) }, { …(3) } ]

- Expected
+ Received

  [
    {
-     &quot;description&quot;: &quot;programming the port won&apos;t do anything, we need to synthesize the virtual JSON bandwidth!&quot;,
-     &quot;message&quot;: &quot;Use the mobile IB matrix, then you can input the virtual transmitter!&quot;,
-     &quot;summary&quot;: &quot;Use the online SAS sensor, then you can hack the multi-byte program!&quot;,
+     &quot;description&quot;: &quot;Try to reboot the IB feed, maybe it will compress the open-source capacitor!&quot;,
+     &quot;message&quot;: &quot;You can&apos;t bypass the system without compressing the bluetooth SMTP microchip!&quot;,
+     &quot;summary&quot;: &quot;We need to transmit the primary SAS interface!&quot;,
+   },
+   {
+     &quot;description&quot;: &quot;If we bypass the array, we can get to the JSON protocol through the auxiliary XSS circuit!&quot;,
+     &quot;message&quot;: &quot;I&apos;ll bypass the neural SQL microchip, that should program the SAS monitor!&quot;,
+     &quot;summary&quot;: &quot;We need to back up the back-end AI card!&quot;,
    },
    {
-     &quot;description&quot;: &quot;You can&apos;t input the circuit without programming the mobile SAS interface!&quot;,
-     &quot;message&quot;: &quot;transmitting the hard drive won&apos;t do anything, we need to parse the mobile SCSI bus!&quot;,
-     &quot;summary&quot;: &quot;If we compress the sensor, we can get to the UDP array through the open-source IB protocol!&quot;,
+     &quot;description&quot;: &quot;I&apos;ll quantify the mobile JBOD application, that should sensor the RSS protocol!&quot;,
+     &quot;message&quot;: &quot;You can&apos;t synthesize the monitor without calculating the virtual CLI microchip!&quot;,
+     &quot;summary&quot;: &quot;The UTF8 system is down, hack the solid state circuit so we can bypass the AGP pixel!&quot;,
    },
  ]

 ❯ src/test-suite-12.spec.ts:21:20
            </failure>
        </testcase>
        <testcase classname="src/test-suite-12.spec.ts" name="&apos;Robust asymmetric moderator&apos; &gt; &apos;We need to compress the bluetooth SSD…&apos;" time="0.000057542">
        </testcase>
        <testcase classname="src/test-suite-12.spec.ts" name="&apos;Robust asymmetric moderator&apos; &gt; &apos;If we connect the panel, we can get t…&apos;" time="0.000328959">
            <failure message="expected [ { …(3) }, { …(3) } ] to deeply equal [ { …(3) }, { …(3) }, { …(3) }, …(2) ]" type="AssertionError">
AssertionError: expected [ { …(3) }, { …(3) } ] to deeply equal [ { …(3) }, { …(3) }, { …(3) }, …(2) ]

- Expected
+ Received

  [
    {
-     &quot;description&quot;: &quot;We need to calculate the digital RAM transmitter!&quot;,
-     &quot;message&quot;: &quot;transmitting the capacitor won&apos;t do anything, we need to quantify the optical SQL system!&quot;,
-     &quot;summary&quot;: &quot;transmitting the application won&apos;t do anything, we need to program the digital AGP port!&quot;,
-   },
-   {
-     &quot;description&quot;: &quot;The PCI circuit is down, transmit the 1080p program so we can transmit the USB panel!&quot;,
-     &quot;message&quot;: &quot;We need to back up the optical JSON program!&quot;,
-     &quot;summary&quot;: &quot;You can&apos;t connect the bus without copying the optical THX protocol!&quot;,
-   },
-   {
-     &quot;description&quot;: &quot;You can&apos;t connect the system without copying the haptic TLS circuit!&quot;,
-     &quot;message&quot;: &quot;Use the solid state ASCII circuit, then you can copy the bluetooth pixel!&quot;,
-     &quot;summary&quot;: &quot;Use the auxiliary XML alarm, then you can reboot the back-end hard drive!&quot;,
-   },
-   {
-     &quot;description&quot;: &quot;If we navigate the system, we can get to the COM bandwidth through the mobile XSS protocol!&quot;,
-     &quot;message&quot;: &quot;If we override the protocol, we can get to the SDD circuit through the digital TLS capacitor!&quot;,
-     &quot;summary&quot;: &quot;We need to bypass the open-source CLI protocol!&quot;,
+     &quot;description&quot;: &quot;Try to input the CLI interface, maybe it will reboot the open-source hard drive!&quot;,
+     &quot;message&quot;: &quot;Use the cross-platform JSON port, then you can index the primary transmitter!&quot;,
+     &quot;summary&quot;: &quot;I&apos;ll quantify the primary DNS bus, that should capacitor the JBOD monitor!&quot;,
    },
    {
-     &quot;description&quot;: &quot;Try to navigate the XML circuit, maybe it will generate the auxiliary capacitor!&quot;,
-     &quot;message&quot;: &quot;You can&apos;t compress the hard drive without compressing the mobile API bandwidth!&quot;,
-     &quot;summary&quot;: &quot;Try to generate the AGP transmitter, maybe it will generate the haptic circuit!&quot;,
+     &quot;description&quot;: &quot;You can&apos;t reboot the bandwidth without calculating the neural THX protocol!&quot;,
+     &quot;message&quot;: &quot;Use the optical HEX firewall, then you can bypass the multi-byte firewall!&quot;,
+     &quot;summary&quot;: &quot;If we navigate the microchip, we can get to the JSON capacitor through the solid state OCR sensor!&quot;,
    },
  ]

 ❯ src/test-suite-12.spec.ts:21:20
            </failure>
        </testcase>
        <testcase classname="src/test-suite-12.spec.ts" name="&apos;Robust asymmetric moderator&apos; &gt; &apos;Try to input the JSON interface, mayb…&apos;" time="0.000081167">
        </testcase>
        <testcase classname="src/test-suite-12.spec.ts" name="&apos;Robust asymmetric moderator&apos; &gt; &apos;Try to parse the ADP card, maybe it w…&apos;" time="0.000312042">
            <failure message="expected [ { …(3) }, { …(3) }, { …(3) }, …(1) ] to deeply equal [ { …(3) }, { …(3) }, { …(3) } ]" type="AssertionError">
AssertionError: expected [ { …(3) }, { …(3) }, { …(3) }, …(1) ] to deeply equal [ { …(3) }, { …(3) }, { …(3) } ]

- Expected
+ Received

  [
    {
-     &quot;description&quot;: &quot;If we hack the pixel, we can get to the PCI interface through the optical TCP microchip!&quot;,
-     &quot;message&quot;: &quot;Use the haptic THX monitor, then you can synthesize the auxiliary hard drive!&quot;,
-     &quot;summary&quot;: &quot;Use the auxiliary FTP protocol, then you can reboot the open-source card!&quot;,
+     &quot;description&quot;: &quot;parsing the matrix won&apos;t do anything, we need to parse the multi-byte DNS firewall!&quot;,
+     &quot;message&quot;: &quot;The TCP feed is down, index the back-end array so we can generate the TLS card!&quot;,
+     &quot;summary&quot;: &quot;backing up the interface won&apos;t do anything, we need to transmit the open-source UDP monitor!&quot;,
+   },
+   {
+     &quot;description&quot;: &quot;The AI panel is down, reboot the digital transmitter so we can navigate the COM interface!&quot;,
+     &quot;message&quot;: &quot;The CSS circuit is down, hack the redundant circuit so we can synthesize the SCSI sensor!&quot;,
+     &quot;summary&quot;: &quot;Use the neural EXE hard drive, then you can transmit the 1080p program!&quot;,
    },
    {
-     &quot;description&quot;: &quot;bypassing the transmitter won&apos;t do anything, we need to input the online GB bus!&quot;,
-     &quot;message&quot;: &quot;Use the 1080p SSD port, then you can compress the solid state application!&quot;,
-     &quot;summary&quot;: &quot;The XSS port is down, copy the primary capacitor so we can hack the ADP sensor!&quot;,
+     &quot;description&quot;: &quot;The SMS alarm is down, reboot the solid state alarm so we can back up the PCI panel!&quot;,
+     &quot;message&quot;: &quot;You can&apos;t index the sensor without navigating the redundant ASCII program!&quot;,
+     &quot;summary&quot;: &quot;You can&apos;t generate the alarm without parsing the auxiliary RAM sensor!&quot;,
    },
    {
-     &quot;description&quot;: &quot;We need to parse the cross-platform JSON matrix!&quot;,
-     &quot;message&quot;: &quot;If we connect the transmitter, we can get to the CSS alarm through the multi-byte THX port!&quot;,
-     &quot;summary&quot;: &quot;hacking the interface won&apos;t do anything, we need to quantify the bluetooth SMTP program!&quot;,
+     &quot;description&quot;: &quot;backing up the matrix won&apos;t do anything, we need to bypass the haptic HTTP panel!&quot;,
+     &quot;message&quot;: &quot;The UTF8 microchip is down, bypass the digital monitor so we can connect the HTTP bandwidth!&quot;,
+     &quot;summary&quot;: &quot;We need to parse the optical TCP transmitter!&quot;,
    },
  ]

 ❯ src/test-suite-12.spec.ts:21:20
            </failure>
        </testcase>
        <testcase classname="src/test-suite-12.spec.ts" name="&apos;Robust asymmetric moderator&apos; &gt; &apos;I\&apos;ll index the back-end ADP capacito…&apos;" time="0.000041667">
        </testcase>
        <testcase classname="src/test-suite-12.spec.ts" name="&apos;Robust asymmetric moderator&apos; &gt; &apos;We need to connect the redundant USB …&apos;" time="0.000245959">
            <failure message="expected [ { …(3) }, { …(3) } ] to deeply equal [ { …(3) }, { …(3) }, { …(3) }, …(2) ]" type="AssertionError">
AssertionError: expected [ { …(3) }, { …(3) } ] to deeply equal [ { …(3) }, { …(3) }, { …(3) }, …(2) ]

- Expected
+ Received

  [
    {
-     &quot;description&quot;: &quot;transmitting the pixel won&apos;t do anything, we need to input the wireless PNG microchip!&quot;,
-     &quot;message&quot;: &quot;If we synthesize the alarm, we can get to the HTTP array through the online RAM bus!&quot;,
-     &quot;summary&quot;: &quot;Try to generate the JSON protocol, maybe it will navigate the auxiliary card!&quot;,
-   },
-   {
-     &quot;description&quot;: &quot;Try to program the TLS matrix, maybe it will input the neural driver!&quot;,
-     &quot;message&quot;: &quot;The XML card is down, navigate the optical capacitor so we can quantify the UDP alarm!&quot;,
-     &quot;summary&quot;: &quot;I&apos;ll input the wireless HDD alarm, that should bandwidth the VGA matrix!&quot;,
-   },
-   {
-     &quot;description&quot;: &quot;Use the open-source EXE program, then you can synthesize the solid state matrix!&quot;,
-     &quot;message&quot;: &quot;overriding the pixel won&apos;t do anything, we need to connect the online JBOD bandwidth!&quot;,
-     &quot;summary&quot;: &quot;Use the multi-byte XML firewall, then you can back up the back-end capacitor!&quot;,
-   },
-   {
-     &quot;description&quot;: &quot;If we index the monitor, we can get to the TLS system through the digital VGA capacitor!&quot;,
-     &quot;message&quot;: &quot;Use the optical AI pixel, then you can compress the mobile protocol!&quot;,
-     &quot;summary&quot;: &quot;transmitting the transmitter won&apos;t do anything, we need to override the back-end HEX firewall!&quot;,
+     &quot;description&quot;: &quot;I&apos;ll transmit the digital HTTP monitor, that should monitor the JSON bus!&quot;,
+     &quot;message&quot;: &quot;If we override the microchip, we can get to the SDD transmitter through the auxiliary IB circuit!&quot;,
+     &quot;summary&quot;: &quot;You can&apos;t compress the system without transmitting the solid state OCR driver!&quot;,
    },
    {
-     &quot;description&quot;: &quot;Use the back-end XSS microchip, then you can input the back-end circuit!&quot;,
-     &quot;message&quot;: &quot;We need to calculate the back-end COM firewall!&quot;,
-     &quot;summary&quot;: &quot;Try to override the XML alarm, maybe it will calculate the neural system!&quot;,
+     &quot;description&quot;: &quot;We need to parse the wireless OCR monitor!&quot;,
+     &quot;message&quot;: &quot;The SMTP alarm is down, generate the neural protocol so we can back up the SAS driver!&quot;,
+     &quot;summary&quot;: &quot;Try to synthesize the IB port, maybe it will compress the wireless feed!&quot;,
    },
  ]

 ❯ src/test-suite-12.spec.ts:21:20
            </failure>
        </testcase>
        <testcase classname="src/test-suite-12.spec.ts" name="&apos;Robust asymmetric moderator&apos; &gt; &apos;I\&apos;ll override the back-end DNS feed,…&apos;" time="0.000048625">
        </testcase>
        <testcase classname="src/test-suite-12.spec.ts" name="&apos;Robust asymmetric moderator&apos; &gt; &apos;If we reboot the application, we can …&apos;" time="0.000272417">
            <failure message="expected [ { …(3) }, { …(3) }, { …(3) }, …(1) ] to deeply equal [ { …(3) }, { …(3) }, { …(3) }, …(1) ]" type="AssertionError">
AssertionError: expected [ { …(3) }, { …(3) }, { …(3) }, …(1) ] to deeply equal [ { …(3) }, { …(3) }, { …(3) }, …(1) ]

- Expected
+ Received

  [
    {
-     &quot;description&quot;: &quot;You can&apos;t quantify the card without synthesizing the 1080p TLS hard drive!&quot;,
-     &quot;message&quot;: &quot;If we reboot the bandwidth, we can get to the PNG matrix through the solid state SSL card!&quot;,
-     &quot;summary&quot;: &quot;We need to hack the bluetooth USB protocol!&quot;,
+     &quot;description&quot;: &quot;The SCSI program is down, calculate the mobile bandwidth so we can connect the DNS sensor!&quot;,
+     &quot;message&quot;: &quot;Try to quantify the FTP array, maybe it will back up the 1080p circuit!&quot;,
+     &quot;summary&quot;: &quot;indexing the hard drive won&apos;t do anything, we need to compress the back-end SSD port!&quot;,
    },
    {
-     &quot;description&quot;: &quot;I&apos;ll input the online JSON card, that should bandwidth the SMTP program!&quot;,
-     &quot;message&quot;: &quot;Use the virtual FTP capacitor, then you can generate the back-end bus!&quot;,
-     &quot;summary&quot;: &quot;I&apos;ll synthesize the primary API array, that should matrix the TCP feed!&quot;,
+     &quot;description&quot;: &quot;Try to override the GB circuit, maybe it will input the open-source transmitter!&quot;,
+     &quot;message&quot;: &quot;I&apos;ll connect the cross-platform API driver, that should system the OCR program!&quot;,
+     &quot;summary&quot;: &quot;The SAS pixel is down, calculate the virtual panel so we can parse the GB capacitor!&quot;,
    },
    {
-     &quot;description&quot;: &quot;Use the optical UDP bus, then you can parse the primary system!&quot;,
-     &quot;message&quot;: &quot;Use the primary DRAM interface, then you can parse the wireless hard drive!&quot;,
-     &quot;summary&quot;: &quot;The VGA capacitor is down, reboot the optical hard drive so we can transmit the USB panel!&quot;,
+     &quot;description&quot;: &quot;You can&apos;t navigate the matrix without bypassing the auxiliary GB system!&quot;,
+     &quot;message&quot;: &quot;Use the neural API microchip, then you can hack the cross-platform hard drive!&quot;,
+     &quot;summary&quot;: &quot;Try to override the PNG hard drive, maybe it will transmit the multi-byte monitor!&quot;,
    },
    {
-     &quot;description&quot;: &quot;Use the solid state GB driver, then you can back up the optical sensor!&quot;,
-     &quot;message&quot;: &quot;If we connect the circuit, we can get to the THX matrix through the optical TLS port!&quot;,
-     &quot;summary&quot;: &quot;I&apos;ll calculate the optical USB array, that should panel the HTTP application!&quot;,
+     &quot;description&quot;: &quot;We need to synthesize the haptic AI bandwidth!&quot;,
+     &quot;message&quot;: &quot;If we navigate the sensor, we can get to the SSD feed through the online PNG driver!&quot;,
+     &quot;summary&quot;: &quot;Use the back-end EXE hard drive, then you can connect the haptic microchip!&quot;,
    },
  ]

 ❯ src/test-suite-12.spec.ts:21:20
            </failure>
        </testcase>
        <testcase classname="src/test-suite-12.spec.ts" name="&apos;Sharable responsive initiative&apos; &gt; &apos;The COM bandwidth is down, bypass the…&apos;" time="0.000235291">
            <failure message="expected [ { …(3) }, { …(3) } ] to deeply equal [ { …(3) }, { …(3) }, { …(3) }, …(2) ]" type="AssertionError">
AssertionError: expected [ { …(3) }, { …(3) } ] to deeply equal [ { …(3) }, { …(3) }, { …(3) }, …(2) ]

- Expected
+ Received

  [
    {
-     &quot;description&quot;: &quot;The THX microchip is down, hack the bluetooth firewall so we can transmit the IP card!&quot;,
-     &quot;message&quot;: &quot;backing up the monitor won&apos;t do anything, we need to compress the online THX transmitter!&quot;,
-     &quot;summary&quot;: &quot;synthesizing the alarm won&apos;t do anything, we need to override the mobile HTTP feed!&quot;,
-   },
-   {
-     &quot;description&quot;: &quot;The SDD panel is down, quantify the open-source firewall so we can navigate the USB panel!&quot;,
-     &quot;message&quot;: &quot;I&apos;ll generate the mobile JBOD card, that should transmitter the COM card!&quot;,
-     &quot;summary&quot;: &quot;The API port is down, program the neural sensor so we can reboot the IP protocol!&quot;,
-   },
-   {
-     &quot;description&quot;: &quot;We need to index the cross-platform JSON bandwidth!&quot;,
-     &quot;message&quot;: &quot;The PCI alarm is down, navigate the redundant system so we can bypass the TLS transmitter!&quot;,
-     &quot;summary&quot;: &quot;Try to bypass the AI monitor, maybe it will synthesize the multi-byte transmitter!&quot;,
-   },
-   {
-     &quot;description&quot;: &quot;You can&apos;t compress the monitor without parsing the open-source JSON system!&quot;,
-     &quot;message&quot;: &quot;The IP alarm is down, synthesize the open-source matrix so we can program the XML matrix!&quot;,
-     &quot;summary&quot;: &quot;You can&apos;t index the matrix without connecting the redundant ASCII monitor!&quot;,
+     &quot;description&quot;: &quot;If we copy the interface, we can get to the CLI array through the primary SMS sensor!&quot;,
+     &quot;message&quot;: &quot;parsing the firewall won&apos;t do anything, we need to calculate the haptic JSON program!&quot;,
+     &quot;summary&quot;: &quot;Use the cross-platform CSS driver, then you can transmit the multi-byte bus!&quot;,
    },
    {
-     &quot;description&quot;: &quot;You can&apos;t generate the port without compressing the wireless USB monitor!&quot;,
-     &quot;message&quot;: &quot;If we navigate the driver, we can get to the DRAM program through the primary CSS panel!&quot;,
-     &quot;summary&quot;: &quot;The RSS program is down, program the primary monitor so we can compress the ADP capacitor!&quot;,
+     &quot;description&quot;: &quot;Use the open-source SQL monitor, then you can navigate the redundant array!&quot;,
+     &quot;message&quot;: &quot;If we generate the port, we can get to the JSON firewall through the mobile ADP protocol!&quot;,
+     &quot;summary&quot;: &quot;The IB sensor is down, navigate the mobile array so we can hack the PNG panel!&quot;,
    },
  ]

 ❯ src/test-suite-12.spec.ts:21:20
            </failure>
        </testcase>
        <testcase classname="src/test-suite-12.spec.ts" name="&apos;Sharable responsive initiative&apos; &gt; &apos;transmitting the pixel won\&apos;t do anyt…&apos;" time="0.0000355">
        </testcase>
        <testcase classname="src/test-suite-12.spec.ts" name="&apos;Sharable responsive initiative&apos; &gt; &apos;synthesizing the circuit won\&apos;t do an…&apos;" time="0.000192292">
            <failure message="expected [ { …(3) }, { …(3) }, { …(3) } ] to deeply equal [ { …(3) }, { …(3) } ]" type="AssertionError">
AssertionError: expected [ { …(3) }, { …(3) }, { …(3) } ] to deeply equal [ { …(3) }, { …(3) } ]

- Expected
+ Received

  [
    {
-     &quot;description&quot;: &quot;I&apos;ll copy the mobile RAM port, that should system the AGP protocol!&quot;,
-     &quot;message&quot;: &quot;I&apos;ll back up the open-source GB hard drive, that should circuit the OCR sensor!&quot;,
-     &quot;summary&quot;: &quot;Try to compress the SDD feed, maybe it will calculate the virtual sensor!&quot;,
+     &quot;description&quot;: &quot;The EXE bandwidth is down, generate the primary card so we can parse the SAS capacitor!&quot;,
+     &quot;message&quot;: &quot;If we bypass the application, we can get to the TLS matrix through the online DRAM sensor!&quot;,
+     &quot;summary&quot;: &quot;You can&apos;t hack the pixel without connecting the back-end SCSI pixel!&quot;,
+   },
+   {
+     &quot;description&quot;: &quot;Try to reboot the SAS program, maybe it will override the virtual card!&quot;,
+     &quot;message&quot;: &quot;I&apos;ll navigate the bluetooth OCR application, that should bandwidth the COM protocol!&quot;,
+     &quot;summary&quot;: &quot;Try to back up the SSL interface, maybe it will program the cross-platform firewall!&quot;,
    },
    {
-     &quot;description&quot;: &quot;If we transmit the application, we can get to the OCR firewall through the online VGA program!&quot;,
-     &quot;message&quot;: &quot;I&apos;ll transmit the neural TLS panel, that should program the XSS firewall!&quot;,
-     &quot;summary&quot;: &quot;Try to bypass the SSD hard drive, maybe it will index the haptic application!&quot;,
+     &quot;description&quot;: &quot;If we index the monitor, we can get to the AGP system through the neural TCP protocol!&quot;,
+     &quot;message&quot;: &quot;You can&apos;t parse the hard drive without quantifying the optical SMS transmitter!&quot;,
+     &quot;summary&quot;: &quot;You can&apos;t bypass the application without backing up the cross-platform JBOD hard drive!&quot;,
    },
  ]

 ❯ src/test-suite-12.spec.ts:21:20
            </failure>
        </testcase>
        <testcase classname="src/test-suite-12.spec.ts" name="&apos;Sharable responsive initiative&apos; &gt; &apos;generating the capacitor won\&apos;t do an…&apos;" time="0.000051708">
        </testcase>
        <testcase classname="src/test-suite-12.spec.ts" name="&apos;Sharable responsive initiative&apos; &gt; &apos;I\&apos;ll quantify the auxiliary HDD matr…&apos;" time="0.000190708">
            <failure message="expected [ { …(3) }, { …(3) }, { …(3) } ] to deeply equal [ { …(3) }, { …(3) } ]" type="AssertionError">
AssertionError: expected [ { …(3) }, { …(3) }, { …(3) } ] to deeply equal [ { …(3) }, { …(3) } ]

- Expected
+ Received

  [
    {
-     &quot;description&quot;: &quot;Try to connect the HDD hard drive, maybe it will hack the open-source port!&quot;,
-     &quot;message&quot;: &quot;Try to input the AGP alarm, maybe it will quantify the primary hard drive!&quot;,
-     &quot;summary&quot;: &quot;Use the auxiliary USB firewall, then you can program the wireless interface!&quot;,
+     &quot;description&quot;: &quot;connecting the feed won&apos;t do anything, we need to back up the optical EXE array!&quot;,
+     &quot;message&quot;: &quot;I&apos;ll connect the mobile AI capacitor, that should transmitter the TCP panel!&quot;,
+     &quot;summary&quot;: &quot;Use the neural RAM panel, then you can quantify the open-source microchip!&quot;,
+   },
+   {
+     &quot;description&quot;: &quot;We need to back up the wireless UTF8 system!&quot;,
+     &quot;message&quot;: &quot;If we quantify the interface, we can get to the XML hard drive through the virtual GB program!&quot;,
+     &quot;summary&quot;: &quot;Use the online UDP hard drive, then you can navigate the online bus!&quot;,
    },
    {
-     &quot;description&quot;: &quot;Try to quantify the SAS feed, maybe it will transmit the wireless protocol!&quot;,
-     &quot;message&quot;: &quot;We need to compress the multi-byte SMTP circuit!&quot;,
-     &quot;summary&quot;: &quot;I&apos;ll bypass the auxiliary HDD protocol, that should application the RAM interface!&quot;,
+     &quot;description&quot;: &quot;hacking the capacitor won&apos;t do anything, we need to program the online IP system!&quot;,
+     &quot;message&quot;: &quot;You can&apos;t calculate the sensor without overriding the open-source USB port!&quot;,
+     &quot;summary&quot;: &quot;generating the card won&apos;t do anything, we need to compress the optical PNG application!&quot;,
    },
  ]

 ❯ src/test-suite-12.spec.ts:21:20
            </failure>
        </testcase>
        <testcase classname="src/test-suite-12.spec.ts" name="&apos;Sharable responsive initiative&apos; &gt; &apos;I\&apos;ll parse the haptic AI array, that…&apos;" time="0.000038375">
        </testcase>
        <testcase classname="src/test-suite-12.spec.ts" name="&apos;Sharable responsive initiative&apos; &gt; &apos;Try to connect the OCR firewall, mayb…&apos;" time="0.000262958">
            <failure message="expected [ { …(3) }, { …(3) }, { …(3) }, …(2) ] to deeply equal [ { …(3) }, { …(3) }, { …(3) }, …(1) ]" type="AssertionError">
AssertionError: expected [ { …(3) }, { …(3) }, { …(3) }, …(2) ] to deeply equal [ { …(3) }, { …(3) }, { …(3) }, …(1) ]

- Expected
+ Received

  [
    {
-     &quot;description&quot;: &quot;Try to reboot the SSD matrix, maybe it will index the 1080p firewall!&quot;,
-     &quot;message&quot;: &quot;I&apos;ll bypass the online RSS alarm, that should bandwidth the PNG pixel!&quot;,
-     &quot;summary&quot;: &quot;I&apos;ll connect the back-end FTP interface, that should pixel the DNS firewall!&quot;,
+     &quot;description&quot;: &quot;We need to reboot the back-end IB feed!&quot;,
+     &quot;message&quot;: &quot;I&apos;ll reboot the primary SMTP firewall, that should matrix the EXE panel!&quot;,
+     &quot;summary&quot;: &quot;bypassing the feed won&apos;t do anything, we need to navigate the primary SDD sensor!&quot;,
    },
    {
-     &quot;description&quot;: &quot;You can&apos;t calculate the sensor without bypassing the digital PCI bus!&quot;,
-     &quot;message&quot;: &quot;transmitting the system won&apos;t do anything, we need to connect the neural EXE firewall!&quot;,
-     &quot;summary&quot;: &quot;We need to transmit the online SSL array!&quot;,
+     &quot;description&quot;: &quot;The RSS driver is down, calculate the multi-byte microchip so we can back up the SAS protocol!&quot;,
+     &quot;message&quot;: &quot;We need to generate the primary CLI driver!&quot;,
+     &quot;summary&quot;: &quot;We need to reboot the open-source JBOD program!&quot;,
+   },
+   {
+     &quot;description&quot;: &quot;You can&apos;t navigate the capacitor without calculating the 1080p SMS hard drive!&quot;,
+     &quot;message&quot;: &quot;If we override the protocol, we can get to the VGA firewall through the solid state UDP bandwidth!&quot;,
+     &quot;summary&quot;: &quot;You can&apos;t input the bus without compressing the auxiliary GB application!&quot;,
    },
    {
-     &quot;description&quot;: &quot;Use the solid state IP port, then you can parse the open-source hard drive!&quot;,
-     &quot;message&quot;: &quot;We need to quantify the multi-byte XML alarm!&quot;,
-     &quot;summary&quot;: &quot;Use the primary PNG bandwidth, then you can connect the open-source circuit!&quot;,
+     &quot;description&quot;: &quot;If we reboot the circuit, we can get to the SSD interface through the multi-byte UTF8 array!&quot;,
+     &quot;message&quot;: &quot;If we generate the port, we can get to the EXE driver through the digital API hard drive!&quot;,
+     &quot;summary&quot;: &quot;We need to navigate the optical SSL pixel!&quot;,
    },
    {
-     &quot;description&quot;: &quot;Use the haptic COM bus, then you can bypass the back-end microchip!&quot;,
-     &quot;message&quot;: &quot;I&apos;ll override the bluetooth PNG array, that should bandwidth the XSS port!&quot;,
-     &quot;summary&quot;: &quot;You can&apos;t synthesize the feed without navigating the virtual COM card!&quot;,
+     &quot;description&quot;: &quot;The SSD alarm is down, copy the auxiliary protocol so we can compress the SQL driver!&quot;,
+     &quot;message&quot;: &quot;synthesizing the microchip won&apos;t do anything, we need to synthesize the virtual AI firewall!&quot;,
+     &quot;summary&quot;: &quot;If we quantify the monitor, we can get to the DRAM port through the neural VGA capacitor!&quot;,
    },
  ]

 ❯ src/test-suite-12.spec.ts:21:20
            </failure>
        </testcase>
        <testcase classname="src/test-suite-12.spec.ts" name="&apos;Sharable responsive initiative&apos; &gt; &apos;The HEX interface is down, hack the o…&apos;" time="0.000067167">
        </testcase>
        <testcase classname="src/test-suite-12.spec.ts" name="&apos;Sharable responsive initiative&apos; &gt; &apos;You can\&apos;t input the array without ge…&apos;" time="0.000313209">
            <failure message="expected [ { …(3) }, { …(3) }, { …(3) }, …(2) ] to deeply equal [ { …(3) }, { …(3) }, { …(3) } ]" type="AssertionError">
AssertionError: expected [ { …(3) }, { …(3) }, { …(3) }, …(2) ] to deeply equal [ { …(3) }, { …(3) }, { …(3) } ]

- Expected
+ Received

  [
    {
-     &quot;description&quot;: &quot;I&apos;ll calculate the multi-byte SSD panel, that should circuit the HDD system!&quot;,
-     &quot;message&quot;: &quot;I&apos;ll generate the optical TCP protocol, that should bandwidth the HEX port!&quot;,
-     &quot;summary&quot;: &quot;copying the firewall won&apos;t do anything, we need to compress the primary HEX alarm!&quot;,
+     &quot;description&quot;: &quot;We need to calculate the primary JBOD hard drive!&quot;,
+     &quot;message&quot;: &quot;We need to back up the redundant CSS driver!&quot;,
+     &quot;summary&quot;: &quot;Try to program the DRAM feed, maybe it will quantify the optical array!&quot;,
    },
    {
-     &quot;description&quot;: &quot;If we copy the program, we can get to the FTP interface through the redundant AI feed!&quot;,
-     &quot;message&quot;: &quot;I&apos;ll generate the back-end ADP capacitor, that should alarm the EXE application!&quot;,
-     &quot;summary&quot;: &quot;The JBOD matrix is down, input the online sensor so we can parse the SDD driver!&quot;,
+     &quot;description&quot;: &quot;Try to input the HEX monitor, maybe it will calculate the online matrix!&quot;,
+     &quot;message&quot;: &quot;I&apos;ll synthesize the mobile IP hard drive, that should firewall the UDP transmitter!&quot;,
+     &quot;summary&quot;: &quot;Try to connect the SSL application, maybe it will quantify the online hard drive!&quot;,
    },
    {
-     &quot;description&quot;: &quot;You can&apos;t calculate the sensor without overriding the neural GB transmitter!&quot;,
-     &quot;message&quot;: &quot;Use the solid state EXE card, then you can override the multi-byte capacitor!&quot;,
-     &quot;summary&quot;: &quot;We need to parse the multi-byte PCI transmitter!&quot;,
+     &quot;description&quot;: &quot;I&apos;ll synthesize the digital DRAM driver, that should program the VGA bandwidth!&quot;,
+     &quot;message&quot;: &quot;Try to bypass the SMTP monitor, maybe it will bypass the haptic system!&quot;,
+     &quot;summary&quot;: &quot;The ADP firewall is down, quantify the online system so we can index the IB firewall!&quot;,
+   },
+   {
+     &quot;description&quot;: &quot;Use the optical HTTP system, then you can copy the solid state system!&quot;,
+     &quot;message&quot;: &quot;I&apos;ll transmit the neural JBOD alarm, that should port the API interface!&quot;,
+     &quot;summary&quot;: &quot;Try to back up the RSS driver, maybe it will program the neural monitor!&quot;,
+   },
+   {
+     &quot;description&quot;: &quot;We need to bypass the haptic EXE matrix!&quot;,
+     &quot;message&quot;: &quot;Try to back up the GB protocol, maybe it will quantify the bluetooth monitor!&quot;,
+     &quot;summary&quot;: &quot;Use the back-end EXE panel, then you can connect the cross-platform system!&quot;,
    },
  ]

 ❯ src/test-suite-12.spec.ts:21:20
            </failure>
        </testcase>
        <testcase classname="src/test-suite-12.spec.ts" name="&apos;Sharable responsive initiative&apos; &gt; &apos;Use the redundant SSL system, then yo…&apos;" time="0.000035958">
        </testcase>
        <testcase classname="src/test-suite-12.spec.ts" name="&apos;Sharable responsive initiative&apos; &gt; &apos;Use the multi-byte HDD monitor, then …&apos;" time="0.001247041">
            <failure message="expected [ { …(3) }, { …(3) }, { …(3) }, …(2) ] to deeply equal [ { …(3) }, { …(3) }, { …(3) }, …(2) ]" type="AssertionError">
AssertionError: expected [ { …(3) }, { …(3) }, { …(3) }, …(2) ] to deeply equal [ { …(3) }, { …(3) }, { …(3) }, …(2) ]

- Expected
+ Received

  [
    {
-     &quot;description&quot;: &quot;Try to hack the SCSI application, maybe it will quantify the haptic monitor!&quot;,
-     &quot;message&quot;: &quot;If we calculate the driver, we can get to the COM firewall through the open-source AGP microchip!&quot;,
-     &quot;summary&quot;: &quot;I&apos;ll index the multi-byte FTP pixel, that should circuit the HDD microchip!&quot;,
+     &quot;description&quot;: &quot;You can&apos;t generate the array without overriding the auxiliary SMS bus!&quot;,
+     &quot;message&quot;: &quot;The THX panel is down, parse the virtual panel so we can connect the THX bus!&quot;,
+     &quot;summary&quot;: &quot;I&apos;ll parse the multi-byte HDD hard drive, that should alarm the IB system!&quot;,
    },
    {
-     &quot;description&quot;: &quot;You can&apos;t copy the sensor without compressing the redundant ADP microchip!&quot;,
-     &quot;message&quot;: &quot;You can&apos;t transmit the firewall without parsing the optical ADP circuit!&quot;,
-     &quot;summary&quot;: &quot;Try to index the DRAM pixel, maybe it will transmit the neural capacitor!&quot;,
+     &quot;description&quot;: &quot;The UDP program is down, reboot the haptic card so we can override the DRAM transmitter!&quot;,
+     &quot;message&quot;: &quot;Try to override the SQL hard drive, maybe it will synthesize the wireless pixel!&quot;,
+     &quot;summary&quot;: &quot;The SDD driver is down, program the redundant port so we can navigate the XML system!&quot;,
    },
    {
-     &quot;description&quot;: &quot;Use the 1080p ADP program, then you can copy the mobile sensor!&quot;,
-     &quot;message&quot;: &quot;We need to back up the online XSS circuit!&quot;,
-     &quot;summary&quot;: &quot;We need to input the mobile EXE bus!&quot;,
+     &quot;description&quot;: &quot;Use the auxiliary XSS panel, then you can transmit the neural system!&quot;,
+     &quot;message&quot;: &quot;The SMS alarm is down, copy the 1080p array so we can program the AGP hard drive!&quot;,
+     &quot;summary&quot;: &quot;If we connect the card, we can get to the PCI alarm through the virtual SDD system!&quot;,
    },
    {
-     &quot;description&quot;: &quot;I&apos;ll generate the auxiliary API port, that should microchip the USB application!&quot;,
-     &quot;message&quot;: &quot;I&apos;ll calculate the neural THX pixel, that should hard drive the PNG application!&quot;,
-     &quot;summary&quot;: &quot;The FTP driver is down, override the cross-platform bus so we can generate the DNS protocol!&quot;,
+     &quot;description&quot;: &quot;The SSD card is down, hack the digital hard drive so we can copy the HDD alarm!&quot;,
+     &quot;message&quot;: &quot;Try to override the JSON matrix, maybe it will transmit the auxiliary monitor!&quot;,
+     &quot;summary&quot;: &quot;You can&apos;t generate the alarm without calculating the neural SSL firewall!&quot;,
    },
    {
-     &quot;description&quot;: &quot;We need to copy the mobile CSS protocol!&quot;,
-     &quot;message&quot;: &quot;Try to parse the API card, maybe it will program the neural matrix!&quot;,
-     &quot;summary&quot;: &quot;If we bypass the card, we can get to the FTP system through the virtual SDD bus!&quot;,
+     &quot;description&quot;: &quot;Use the virtual SAS transmitter, then you can connect the online system!&quot;,
+     &quot;message&quot;: &quot;If we calculate the capacitor, we can get to the HEX card through the primary AGP alarm!&quot;,
+     &quot;summary&quot;: &quot;Try to generate the HTTP alarm, maybe it will override the multi-byte monitor!&quot;,
    },
  ]

 ❯ src/test-suite-12.spec.ts:21:20
            </failure>
        </testcase>
        <testcase classname="src/test-suite-12.spec.ts" name="&apos;Sharable responsive initiative&apos; &gt; &apos;indexing the protocol won\&apos;t do anyth…&apos;" time="0.000081959">
        </testcase>
        <testcase classname="src/test-suite-12.spec.ts" name="&apos;Sharable responsive initiative&apos; &gt; &apos;You can\&apos;t copy the system without in…&apos;" time="0.000270625">
            <failure message="expected [ { …(3) }, { …(3) }, { …(3) }, …(1) ] to deeply equal [ { …(3) }, { …(3) } ]" type="AssertionError">
AssertionError: expected [ { …(3) }, { …(3) }, { …(3) }, …(1) ] to deeply equal [ { …(3) }, { …(3) } ]

- Expected
+ Received

  [
    {
-     &quot;description&quot;: &quot;I&apos;ll synthesize the 1080p SAS alarm, that should microchip the GB port!&quot;,
-     &quot;message&quot;: &quot;Use the online TLS bandwidth, then you can override the digital feed!&quot;,
-     &quot;summary&quot;: &quot;We need to index the wireless DRAM panel!&quot;,
+     &quot;description&quot;: &quot;Use the mobile UDP matrix, then you can hack the multi-byte pixel!&quot;,
+     &quot;message&quot;: &quot;If we program the capacitor, we can get to the FTP bus through the 1080p USB alarm!&quot;,
+     &quot;summary&quot;: &quot;Use the open-source SDD matrix, then you can back up the solid state pixel!&quot;,
    },
    {
-     &quot;description&quot;: &quot;overriding the transmitter won&apos;t do anything, we need to copy the optical AI panel!&quot;,
-     &quot;message&quot;: &quot;I&apos;ll reboot the optical JSON feed, that should sensor the OCR program!&quot;,
-     &quot;summary&quot;: &quot;We need to copy the multi-byte IB protocol!&quot;,
+     &quot;description&quot;: &quot;We need to input the back-end THX system!&quot;,
+     &quot;message&quot;: &quot;If we transmit the alarm, we can get to the SAS card through the bluetooth JSON program!&quot;,
+     &quot;summary&quot;: &quot;We need to hack the cross-platform COM panel!&quot;,
+   },
+   {
+     &quot;description&quot;: &quot;Try to hack the ADP firewall, maybe it will calculate the virtual bandwidth!&quot;,
+     &quot;message&quot;: &quot;The JBOD feed is down, parse the 1080p program so we can copy the COM feed!&quot;,
+     &quot;summary&quot;: &quot;We need to compress the haptic THX driver!&quot;,
+   },
+   {
+     &quot;description&quot;: &quot;The JSON panel is down, hack the haptic alarm so we can parse the CLI array!&quot;,
+     &quot;message&quot;: &quot;quantifying the interface won&apos;t do anything, we need to index the auxiliary AGP transmitter!&quot;,
+     &quot;summary&quot;: &quot;We need to program the primary UDP program!&quot;,
    },
  ]

 ❯ src/test-suite-12.spec.ts:21:20
            </failure>
        </testcase>
        <testcase classname="src/test-suite-12.spec.ts" name="&apos;Sharable responsive initiative&apos; &gt; &apos;I\&apos;ll compress the cross-platform FTP…&apos;" time="0.000052834">
        </testcase>
        <testcase classname="src/test-suite-12.spec.ts" name="&apos;Sharable responsive initiative&apos; &gt; &apos;Try to input the SDD feed, maybe it w…&apos;" time="0.00022725">
            <failure message="expected [ { …(3) }, { …(3) } ] to deeply equal [ { …(3) }, { …(3) }, { …(3) }, …(1) ]" type="AssertionError">
AssertionError: expected [ { …(3) }, { …(3) } ] to deeply equal [ { …(3) }, { …(3) }, { …(3) }, …(1) ]

- Expected
+ Received

  [
    {
-     &quot;description&quot;: &quot;We need to hack the virtual SAS application!&quot;,
-     &quot;message&quot;: &quot;The THX firewall is down, reboot the cross-platform firewall so we can synthesize the VGA hard drive!&quot;,
-     &quot;summary&quot;: &quot;Use the wireless AI pixel, then you can quantify the solid state program!&quot;,
+     &quot;description&quot;: &quot;The RAM port is down, reboot the cross-platform protocol so we can synthesize the SDD port!&quot;,
+     &quot;message&quot;: &quot;If we parse the circuit, we can get to the GB firewall through the digital SDD panel!&quot;,
+     &quot;summary&quot;: &quot;Use the digital RAM bus, then you can reboot the wireless capacitor!&quot;,
    },
    {
-     &quot;description&quot;: &quot;The ASCII array is down, override the mobile array so we can program the COM card!&quot;,
-     &quot;message&quot;: &quot;I&apos;ll parse the 1080p AI panel, that should panel the VGA firewall!&quot;,
-     &quot;summary&quot;: &quot;I&apos;ll hack the digital API hard drive, that should array the SAS circuit!&quot;,
-   },
-   {
-     &quot;description&quot;: &quot;Try to back up the TCP driver, maybe it will parse the online panel!&quot;,
-     &quot;message&quot;: &quot;The UTF8 bandwidth is down, calculate the open-source monitor so we can index the DNS card!&quot;,
-     &quot;summary&quot;: &quot;If we program the protocol, we can get to the HEX program through the solid state SQL hard drive!&quot;,
-   },
-   {
-     &quot;description&quot;: &quot;I&apos;ll program the virtual USB transmitter, that should sensor the AI port!&quot;,
-     &quot;message&quot;: &quot;You can&apos;t hack the array without navigating the optical PNG sensor!&quot;,
-     &quot;summary&quot;: &quot;The TCP pixel is down, program the auxiliary panel so we can connect the GB circuit!&quot;,
+     &quot;description&quot;: &quot;Try to index the CSS sensor, maybe it will bypass the auxiliary card!&quot;,
+     &quot;message&quot;: &quot;Use the wireless JSON panel, then you can program the primary bandwidth!&quot;,
+     &quot;summary&quot;: &quot;Use the auxiliary COM transmitter, then you can calculate the cross-platform microchip!&quot;,
    },
  ]

 ❯ src/test-suite-12.spec.ts:21:20
            </failure>
        </testcase>
        <testcase classname="src/test-suite-12.spec.ts" name="&apos;Sharable responsive initiative&apos; &gt; &apos;You can\&apos;t quantify the bus without c…&apos;" time="0.000048083">
        </testcase>
        <testcase classname="src/test-suite-12.spec.ts" name="&apos;Sharable responsive initiative&apos; &gt; &apos;We need to program the virtual SMTP p…&apos;" time="0.000234875">
            <failure message="expected [ { …(3) }, { …(3) }, { …(3) } ] to deeply equal [ { …(3) }, { …(3) }, { …(3) }, …(1) ]" type="AssertionError">
AssertionError: expected [ { …(3) }, { …(3) }, { …(3) } ] to deeply equal [ { …(3) }, { …(3) }, { …(3) }, …(1) ]

- Expected
+ Received

  [
    {
-     &quot;description&quot;: &quot;If we parse the bandwidth, we can get to the SCSI bandwidth through the redundant PCI matrix!&quot;,
-     &quot;message&quot;: &quot;Try to connect the HDD program, maybe it will program the primary sensor!&quot;,
-     &quot;summary&quot;: &quot;If we quantify the microchip, we can get to the PCI monitor through the haptic SDD firewall!&quot;,
-   },
-   {
-     &quot;description&quot;: &quot;If we override the firewall, we can get to the IP monitor through the open-source HTTP array!&quot;,
-     &quot;message&quot;: &quot;Try to quantify the IB interface, maybe it will bypass the redundant matrix!&quot;,
-     &quot;summary&quot;: &quot;We need to calculate the open-source COM card!&quot;,
+     &quot;description&quot;: &quot;Try to navigate the SDD bandwidth, maybe it will compress the 1080p microchip!&quot;,
+     &quot;message&quot;: &quot;I&apos;ll quantify the mobile CSS feed, that should circuit the HEX program!&quot;,
+     &quot;summary&quot;: &quot;You can&apos;t parse the panel without parsing the optical EXE program!&quot;,
    },
    {
-     &quot;description&quot;: &quot;indexing the protocol won&apos;t do anything, we need to bypass the optical GB system!&quot;,
-     &quot;message&quot;: &quot;If we back up the alarm, we can get to the XSS card through the 1080p SSL interface!&quot;,
-     &quot;summary&quot;: &quot;We need to input the haptic SSD matrix!&quot;,
+     &quot;description&quot;: &quot;If we generate the driver, we can get to the SMS microchip through the cross-platform ADP matrix!&quot;,
+     &quot;message&quot;: &quot;I&apos;ll hack the wireless CSS system, that should driver the SSD program!&quot;,
+     &quot;summary&quot;: &quot;Try to reboot the TLS bandwidth, maybe it will compress the solid state sensor!&quot;,
    },
    {
-     &quot;description&quot;: &quot;The ADP feed is down, index the 1080p firewall so we can reboot the XSS array!&quot;,
-     &quot;message&quot;: &quot;Try to hack the SSL sensor, maybe it will bypass the online firewall!&quot;,
-     &quot;summary&quot;: &quot;bypassing the panel won&apos;t do anything, we need to program the mobile SMS protocol!&quot;,
+     &quot;description&quot;: &quot;I&apos;ll back up the optical API monitor, that should card the SMS bandwidth!&quot;,
+     &quot;message&quot;: &quot;Try to input the OCR monitor, maybe it will connect the auxiliary application!&quot;,
+     &quot;summary&quot;: &quot;Try to input the GB bus, maybe it will generate the redundant interface!&quot;,
    },
  ]

 ❯ src/test-suite-12.spec.ts:21:20
            </failure>
        </testcase>
        <testcase classname="src/test-suite-12.spec.ts" name="&apos;Sharable responsive initiative&apos; &gt; &apos;If we program the firewall, we can ge…&apos;" time="0.000046208">
        </testcase>
        <testcase classname="src/test-suite-12.spec.ts" name="&apos;Sharable responsive initiative&apos; &gt; &apos;We need to navigate the back-end IP c…&apos;" time="0.000276875">
            <failure message="expected [ { …(3) }, { …(3) }, { …(3) } ] to deeply equal [ { …(3) }, { …(3) }, { …(3) }, …(2) ]" type="AssertionError">
AssertionError: expected [ { …(3) }, { …(3) }, { …(3) } ] to deeply equal [ { …(3) }, { …(3) }, { …(3) }, …(2) ]

- Expected
+ Received

  [
    {
-     &quot;description&quot;: &quot;We need to calculate the neural SMS port!&quot;,
-     &quot;message&quot;: &quot;Use the open-source THX circuit, then you can parse the neural panel!&quot;,
-     &quot;summary&quot;: &quot;I&apos;ll generate the virtual UTF8 card, that should monitor the PNG firewall!&quot;,
+     &quot;description&quot;: &quot;The RSS capacitor is down, navigate the bluetooth microchip so we can index the SMS alarm!&quot;,
+     &quot;message&quot;: &quot;I&apos;ll bypass the wireless VGA panel, that should program the HTTP bandwidth!&quot;,
+     &quot;summary&quot;: &quot;If we compress the card, we can get to the GB capacitor through the virtual DRAM alarm!&quot;,
    },
    {
-     &quot;description&quot;: &quot;You can&apos;t reboot the sensor without programming the open-source CLI system!&quot;,
-     &quot;message&quot;: &quot;The SSL system is down, generate the virtual microchip so we can parse the SMS matrix!&quot;,
-     &quot;summary&quot;: &quot;The XSS program is down, navigate the wireless bandwidth so we can synthesize the VGA card!&quot;,
+     &quot;description&quot;: &quot;navigating the sensor won&apos;t do anything, we need to navigate the open-source CSS interface!&quot;,
+     &quot;message&quot;: &quot;Use the primary XML circuit, then you can synthesize the bluetooth transmitter!&quot;,
+     &quot;summary&quot;: &quot;The VGA program is down, compress the solid state protocol so we can synthesize the CLI microchip!&quot;,
    },
    {
-     &quot;description&quot;: &quot;I&apos;ll quantify the solid state USB bus, that should matrix the CSS transmitter!&quot;,
-     &quot;message&quot;: &quot;Use the multi-byte EXE bus, then you can copy the mobile hard drive!&quot;,
-     &quot;summary&quot;: &quot;I&apos;ll override the online TLS matrix, that should port the SMTP driver!&quot;,
-   },
-   {
-     &quot;description&quot;: &quot;The UDP circuit is down, hack the open-source sensor so we can navigate the SDD application!&quot;,
-     &quot;message&quot;: &quot;Try to hack the UDP capacitor, maybe it will calculate the solid state alarm!&quot;,
-     &quot;summary&quot;: &quot;The AGP array is down, synthesize the haptic driver so we can hack the UDP sensor!&quot;,
-   },
-   {
-     &quot;description&quot;: &quot;The TCP transmitter is down, calculate the online application so we can program the SMTP monitor!&quot;,
-     &quot;message&quot;: &quot;Use the mobile SCSI system, then you can reboot the primary panel!&quot;,
-     &quot;summary&quot;: &quot;transmitting the interface won&apos;t do anything, we need to compress the 1080p XSS hard drive!&quot;,
+     &quot;description&quot;: &quot;You can&apos;t quantify the driver without indexing the haptic ADP sensor!&quot;,
+     &quot;message&quot;: &quot;The COM matrix is down, synthesize the optical sensor so we can parse the API bandwidth!&quot;,
+     &quot;summary&quot;: &quot;Use the 1080p TLS monitor, then you can quantify the mobile matrix!&quot;,
    },
  ]

 ❯ src/test-suite-12.spec.ts:21:20
            </failure>
        </testcase>
        <testcase classname="src/test-suite-12.spec.ts" name="&apos;Sharable responsive initiative&apos; &gt; &apos;If we calculate the panel, we can get…&apos;" time="0.00005525">
        </testcase>
        <testcase classname="src/test-suite-12.spec.ts" name="&apos;Sharable responsive initiative&apos; &gt; &apos;We need to bypass the redundant SCSI …&apos;" time="0.000256834">
            <failure message="expected [ { …(3) }, { …(3) }, { …(3) }, …(2) ] to deeply equal [ { …(3) }, { …(3) }, { …(3) } ]" type="AssertionError">
AssertionError: expected [ { …(3) }, { …(3) }, { …(3) }, …(2) ] to deeply equal [ { …(3) }, { …(3) }, { …(3) } ]

- Expected
+ Received

  [
    {
-     &quot;description&quot;: &quot;If we parse the circuit, we can get to the TCP driver through the digital JSON transmitter!&quot;,
-     &quot;message&quot;: &quot;You can&apos;t input the feed without overriding the optical XML system!&quot;,
-     &quot;summary&quot;: &quot;Use the wireless API hard drive, then you can navigate the multi-byte capacitor!&quot;,
+     &quot;description&quot;: &quot;You can&apos;t calculate the port without hacking the redundant SDD program!&quot;,
+     &quot;message&quot;: &quot;The API monitor is down, program the digital pixel so we can index the TCP bus!&quot;,
+     &quot;summary&quot;: &quot;The SSD matrix is down, hack the wireless transmitter so we can reboot the XML hard drive!&quot;,
    },
    {
-     &quot;description&quot;: &quot;We need to generate the digital RSS hard drive!&quot;,
-     &quot;message&quot;: &quot;I&apos;ll input the mobile SMTP bandwidth, that should port the SDD bus!&quot;,
-     &quot;summary&quot;: &quot;If we navigate the array, we can get to the USB card through the online SDD system!&quot;,
+     &quot;description&quot;: &quot;You can&apos;t index the application without programming the mobile XSS bandwidth!&quot;,
+     &quot;message&quot;: &quot;I&apos;ll transmit the primary SSL card, that should transmitter the SMTP microchip!&quot;,
+     &quot;summary&quot;: &quot;Use the virtual HTTP card, then you can copy the cross-platform port!&quot;,
    },
    {
-     &quot;description&quot;: &quot;You can&apos;t program the interface without programming the multi-byte SQL interface!&quot;,
-     &quot;message&quot;: &quot;If we quantify the microchip, we can get to the SCSI application through the digital UTF8 array!&quot;,
-     &quot;summary&quot;: &quot;Use the open-source AI port, then you can hack the open-source microchip!&quot;,
+     &quot;description&quot;: &quot;If we quantify the monitor, we can get to the JSON bus through the redundant DNS driver!&quot;,
+     &quot;message&quot;: &quot;The GB bandwidth is down, index the cross-platform bus so we can navigate the ASCII system!&quot;,
+     &quot;summary&quot;: &quot;We need to quantify the back-end DRAM monitor!&quot;,
+   },
+   {
+     &quot;description&quot;: &quot;I&apos;ll generate the bluetooth HTTP system, that should protocol the ASCII program!&quot;,
+     &quot;message&quot;: &quot;Use the multi-byte HDD sensor, then you can calculate the back-end array!&quot;,
+     &quot;summary&quot;: &quot;The CLI driver is down, calculate the online circuit so we can index the DRAM feed!&quot;,
+   },
+   {
+     &quot;description&quot;: &quot;If we override the feed, we can get to the IB sensor through the redundant CSS firewall!&quot;,
+     &quot;message&quot;: &quot;synthesizing the feed won&apos;t do anything, we need to override the wireless HTTP interface!&quot;,
+     &quot;summary&quot;: &quot;You can&apos;t index the protocol without compressing the neural JBOD microchip!&quot;,
    },
  ]

 ❯ src/test-suite-12.spec.ts:21:20
            </failure>
        </testcase>
        <testcase classname="src/test-suite-12.spec.ts" name="&apos;Sharable responsive initiative&apos; &gt; &apos;The HDD application is down, transmit…&apos;" time="0.000052625">
        </testcase>
        <testcase classname="src/test-suite-12.spec.ts" name="&apos;Sharable responsive initiative&apos; &gt; &apos;If we synthesize the card, we can get…&apos;" time="0.000194375">
            <failure message="expected [ { …(3) }, { …(3) }, { …(3) } ] to deeply equal [ { …(3) }, { …(3) } ]" type="AssertionError">
AssertionError: expected [ { …(3) }, { …(3) }, { …(3) } ] to deeply equal [ { …(3) }, { …(3) } ]

- Expected
+ Received

  [
    {
-     &quot;description&quot;: &quot;Use the auxiliary PCI card, then you can parse the multi-byte card!&quot;,
-     &quot;message&quot;: &quot;We need to index the 1080p SSL microchip!&quot;,
-     &quot;summary&quot;: &quot;Try to generate the SMS microchip, maybe it will synthesize the optical program!&quot;,
+     &quot;description&quot;: &quot;I&apos;ll input the solid state XML interface, that should bandwidth the SAS transmitter!&quot;,
+     &quot;message&quot;: &quot;The DRAM array is down, compress the haptic application so we can back up the OCR port!&quot;,
+     &quot;summary&quot;: &quot;I&apos;ll program the cross-platform AI hard drive, that should circuit the PNG firewall!&quot;,
+   },
+   {
+     &quot;description&quot;: &quot;If we transmit the transmitter, we can get to the AGP array through the wireless DNS matrix!&quot;,
+     &quot;message&quot;: &quot;The THX hard drive is down, hack the mobile capacitor so we can compress the SMS interface!&quot;,
+     &quot;summary&quot;: &quot;The OCR feed is down, hack the open-source protocol so we can transmit the RSS transmitter!&quot;,
    },
    {
-     &quot;description&quot;: &quot;Use the back-end COM driver, then you can override the neural sensor!&quot;,
-     &quot;message&quot;: &quot;Use the primary CSS interface, then you can input the 1080p transmitter!&quot;,
-     &quot;summary&quot;: &quot;synthesizing the application won&apos;t do anything, we need to reboot the mobile RAM matrix!&quot;,
+     &quot;description&quot;: &quot;If we transmit the port, we can get to the CLI firewall through the 1080p SQL firewall!&quot;,
+     &quot;message&quot;: &quot;Use the redundant COM sensor, then you can synthesize the multi-byte matrix!&quot;,
+     &quot;summary&quot;: &quot;If we program the bus, we can get to the SSD program through the redundant UDP port!&quot;,
    },
  ]

 ❯ src/test-suite-12.spec.ts:21:20
            </failure>
        </testcase>
        <testcase classname="src/test-suite-12.spec.ts" name="&apos;Sharable responsive initiative&apos; &gt; &apos;You can\&apos;t quantify the program witho…&apos;" time="0.000057833">
        </testcase>
        <testcase classname="src/test-suite-12.spec.ts" name="&apos;Sharable responsive initiative&apos; &gt; &apos;navigating the system won\&apos;t do anyth…&apos;" time="0.00023">
            <failure message="expected [ { …(3) }, { …(3) }, { …(3) }, …(2) ] to deeply equal [ { …(3) }, { …(3) } ]" type="AssertionError">
AssertionError: expected [ { …(3) }, { …(3) }, { …(3) }, …(2) ] to deeply equal [ { …(3) }, { …(3) } ]

- Expected
+ Received

  [
    {
-     &quot;description&quot;: &quot;calculating the array won&apos;t do anything, we need to calculate the neural VGA bus!&quot;,
-     &quot;message&quot;: &quot;Try to reboot the GB driver, maybe it will transmit the haptic port!&quot;,
-     &quot;summary&quot;: &quot;The IB circuit is down, copy the multi-byte card so we can input the PCI bandwidth!&quot;,
+     &quot;description&quot;: &quot;We need to calculate the haptic SQL capacitor!&quot;,
+     &quot;message&quot;: &quot;The XML driver is down, copy the optical alarm so we can synthesize the RSS firewall!&quot;,
+     &quot;summary&quot;: &quot;Try to override the UDP hard drive, maybe it will navigate the mobile firewall!&quot;,
+   },
+   {
+     &quot;description&quot;: &quot;The PCI protocol is down, reboot the 1080p port so we can connect the USB feed!&quot;,
+     &quot;message&quot;: &quot;transmitting the bus won&apos;t do anything, we need to navigate the virtual PCI driver!&quot;,
+     &quot;summary&quot;: &quot;We need to generate the auxiliary ASCII firewall!&quot;,
+   },
+   {
+     &quot;description&quot;: &quot;Use the mobile XSS driver, then you can synthesize the wireless driver!&quot;,
+     &quot;message&quot;: &quot;We need to generate the wireless GB port!&quot;,
+     &quot;summary&quot;: &quot;I&apos;ll navigate the mobile HEX feed, that should firewall the PCI program!&quot;,
+   },
+   {
+     &quot;description&quot;: &quot;Use the bluetooth PCI interface, then you can program the digital circuit!&quot;,
+     &quot;message&quot;: &quot;Try to bypass the ASCII monitor, maybe it will quantify the haptic firewall!&quot;,
+     &quot;summary&quot;: &quot;Try to connect the RSS circuit, maybe it will parse the optical bus!&quot;,
    },
    {
-     &quot;description&quot;: &quot;You can&apos;t transmit the feed without parsing the wireless HTTP pixel!&quot;,
-     &quot;message&quot;: &quot;Use the primary GB application, then you can calculate the auxiliary feed!&quot;,
-     &quot;summary&quot;: &quot;The AGP microchip is down, program the 1080p card so we can connect the CLI driver!&quot;,
+     &quot;description&quot;: &quot;I&apos;ll copy the wireless DNS alarm, that should driver the SCSI panel!&quot;,
+     &quot;message&quot;: &quot;The DNS port is down, back up the open-source application so we can reboot the XML hard drive!&quot;,
+     &quot;summary&quot;: &quot;The AI circuit is down, program the digital circuit so we can override the SMS firewall!&quot;,
    },
  ]

 ❯ src/test-suite-12.spec.ts:21:20
            </failure>
        </testcase>
        <testcase classname="src/test-suite-12.spec.ts" name="&apos;Sharable responsive initiative&apos; &gt; &apos;If we index the matrix, we can get to…&apos;" time="0.000033792">
        </testcase>
        <testcase classname="src/test-suite-12.spec.ts" name="&apos;Sharable responsive initiative&apos; &gt; &apos;You can\&apos;t calculate the capacitor wi…&apos;" time="0.000196833">
            <failure message="expected [ { …(3) }, { …(3) }, { …(3) } ] to deeply equal [ { …(3) }, { …(3) } ]" type="AssertionError">
AssertionError: expected [ { …(3) }, { …(3) }, { …(3) } ] to deeply equal [ { …(3) }, { …(3) } ]

- Expected
+ Received

  [
    {
-     &quot;description&quot;: &quot;bypassing the protocol won&apos;t do anything, we need to calculate the auxiliary JSON matrix!&quot;,
-     &quot;message&quot;: &quot;If we back up the panel, we can get to the IP pixel through the back-end DNS panel!&quot;,
-     &quot;summary&quot;: &quot;If we parse the pixel, we can get to the JSON bandwidth through the neural THX card!&quot;,
+     &quot;description&quot;: &quot;We need to reboot the optical HTTP array!&quot;,
+     &quot;message&quot;: &quot;You can&apos;t navigate the microchip without overriding the multi-byte ASCII transmitter!&quot;,
+     &quot;summary&quot;: &quot;We need to index the 1080p CSS array!&quot;,
+   },
+   {
+     &quot;description&quot;: &quot;We need to connect the bluetooth VGA bus!&quot;,
+     &quot;message&quot;: &quot;The DRAM circuit is down, compress the multi-byte driver so we can synthesize the TCP microchip!&quot;,
+     &quot;summary&quot;: &quot;Try to hack the THX microchip, maybe it will transmit the solid state monitor!&quot;,
    },
    {
-     &quot;description&quot;: &quot;The DRAM port is down, reboot the 1080p pixel so we can bypass the SCSI monitor!&quot;,
-     &quot;message&quot;: &quot;If we synthesize the transmitter, we can get to the SDD panel through the mobile DRAM circuit!&quot;,
-     &quot;summary&quot;: &quot;We need to quantify the open-source UDP interface!&quot;,
+     &quot;description&quot;: &quot;Use the bluetooth DRAM card, then you can generate the multi-byte program!&quot;,
+     &quot;message&quot;: &quot;Use the haptic CSS system, then you can program the redundant application!&quot;,
+     &quot;summary&quot;: &quot;You can&apos;t calculate the transmitter without programming the digital VGA sensor!&quot;,
    },
  ]

 ❯ src/test-suite-12.spec.ts:21:20
            </failure>
        </testcase>
        <testcase classname="src/test-suite-12.spec.ts" name="&apos;Sharable responsive initiative&apos; &gt; &apos;You can\&apos;t reboot the system without …&apos;" time="0.000042208">
        </testcase>
        <testcase classname="src/test-suite-12.spec.ts" name="&apos;Sharable responsive initiative&apos; &gt; &apos;Use the virtual JBOD bus, then you ca…&apos;" time="0.000237542">
            <failure message="expected [ { …(3) }, { …(3) }, { …(3) }, …(2) ] to deeply equal [ { …(3) }, { …(3) } ]" type="AssertionError">
AssertionError: expected [ { …(3) }, { …(3) }, { …(3) }, …(2) ] to deeply equal [ { …(3) }, { …(3) } ]

- Expected
+ Received

  [
    {
-     &quot;description&quot;: &quot;You can&apos;t transmit the array without connecting the virtual SQL program!&quot;,
-     &quot;message&quot;: &quot;Use the haptic AI hard drive, then you can parse the haptic port!&quot;,
-     &quot;summary&quot;: &quot;If we reboot the feed, we can get to the AI firewall through the primary RAM firewall!&quot;,
+     &quot;description&quot;: &quot;Try to input the SQL system, maybe it will quantify the 1080p capacitor!&quot;,
+     &quot;message&quot;: &quot;The IB application is down, hack the cross-platform pixel so we can index the HTTP driver!&quot;,
+     &quot;summary&quot;: &quot;If we connect the bus, we can get to the UTF8 interface through the neural PCI bandwidth!&quot;,
+   },
+   {
+     &quot;description&quot;: &quot;copying the pixel won&apos;t do anything, we need to generate the digital JBOD system!&quot;,
+     &quot;message&quot;: &quot;If we bypass the bus, we can get to the AGP card through the mobile PCI card!&quot;,
+     &quot;summary&quot;: &quot;If we override the microchip, we can get to the COM alarm through the multi-byte PCI sensor!&quot;,
+   },
+   {
+     &quot;description&quot;: &quot;You can&apos;t calculate the firewall without copying the open-source JSON capacitor!&quot;,
+     &quot;message&quot;: &quot;We need to synthesize the 1080p SAS firewall!&quot;,
+     &quot;summary&quot;: &quot;Try to copy the SDD protocol, maybe it will generate the wireless bus!&quot;,
+   },
+   {
+     &quot;description&quot;: &quot;The IP matrix is down, input the bluetooth hard drive so we can override the OCR hard drive!&quot;,
+     &quot;message&quot;: &quot;Try to copy the HDD pixel, maybe it will index the primary panel!&quot;,
+     &quot;summary&quot;: &quot;quantifying the transmitter won&apos;t do anything, we need to index the cross-platform XML monitor!&quot;,
    },
    {
-     &quot;description&quot;: &quot;We need to synthesize the open-source XML array!&quot;,
-     &quot;message&quot;: &quot;backing up the system won&apos;t do anything, we need to compress the optical TLS sensor!&quot;,
-     &quot;summary&quot;: &quot;Try to generate the ASCII alarm, maybe it will compress the redundant sensor!&quot;,
+     &quot;description&quot;: &quot;The RAM bandwidth is down, override the wireless application so we can generate the UTF8 system!&quot;,
+     &quot;message&quot;: &quot;The ADP pixel is down, navigate the open-source pixel so we can input the PNG sensor!&quot;,
+     &quot;summary&quot;: &quot;Use the open-source SCSI alarm, then you can input the multi-byte hard drive!&quot;,
    },
  ]

 ❯ src/test-suite-12.spec.ts:21:20
            </failure>
        </testcase>
        <testcase classname="src/test-suite-12.spec.ts" name="&apos;Sharable responsive initiative&apos; &gt; &apos;Use the optical HTTP array, then you …&apos;" time="0.00004875">
        </testcase>
        <testcase classname="src/test-suite-12.spec.ts" name="&apos;Sharable responsive initiative&apos; &gt; &apos;If we back up the firewall, we can ge…&apos;" time="0.000305209">
            <failure message="expected [ { …(3) }, { …(3) }, { …(3) }, …(2) ] to deeply equal [ { …(3) }, { …(3) }, { …(3) }, …(2) ]" type="AssertionError">
AssertionError: expected [ { …(3) }, { …(3) }, { …(3) }, …(2) ] to deeply equal [ { …(3) }, { …(3) }, { …(3) }, …(2) ]

- Expected
+ Received

  [
    {
-     &quot;description&quot;: &quot;You can&apos;t copy the application without generating the wireless TCP feed!&quot;,
-     &quot;message&quot;: &quot;We need to parse the redundant ADP port!&quot;,
-     &quot;summary&quot;: &quot;You can&apos;t calculate the array without programming the haptic SSD pixel!&quot;,
+     &quot;description&quot;: &quot;Try to copy the SMTP monitor, maybe it will calculate the open-source port!&quot;,
+     &quot;message&quot;: &quot;If we reboot the matrix, we can get to the VGA firewall through the 1080p SSD alarm!&quot;,
+     &quot;summary&quot;: &quot;If we navigate the transmitter, we can get to the OCR bandwidth through the wireless RAM card!&quot;,
    },
    {
-     &quot;description&quot;: &quot;We need to calculate the primary COM port!&quot;,
-     &quot;message&quot;: &quot;We need to copy the virtual SQL hard drive!&quot;,
-     &quot;summary&quot;: &quot;parsing the interface won&apos;t do anything, we need to copy the mobile GB firewall!&quot;,
+     &quot;description&quot;: &quot;I&apos;ll program the neural TLS pixel, that should alarm the SDD alarm!&quot;,
+     &quot;message&quot;: &quot;You can&apos;t copy the transmitter without bypassing the back-end OCR card!&quot;,
+     &quot;summary&quot;: &quot;We need to back up the primary JBOD pixel!&quot;,
    },
    {
-     &quot;description&quot;: &quot;Use the haptic XSS sensor, then you can hack the digital bandwidth!&quot;,
-     &quot;message&quot;: &quot;Try to reboot the OCR system, maybe it will input the mobile sensor!&quot;,
-     &quot;summary&quot;: &quot;You can&apos;t compress the hard drive without backing up the bluetooth THX driver!&quot;,
+     &quot;description&quot;: &quot;Try to reboot the DNS protocol, maybe it will back up the 1080p driver!&quot;,
+     &quot;message&quot;: &quot;You can&apos;t program the program without transmitting the primary AI application!&quot;,
+     &quot;summary&quot;: &quot;The COM firewall is down, copy the neural firewall so we can parse the SSL program!&quot;,
    },
    {
-     &quot;description&quot;: &quot;Try to reboot the ADP capacitor, maybe it will copy the redundant microchip!&quot;,
-     &quot;message&quot;: &quot;I&apos;ll hack the cross-platform HEX monitor, that should application the THX capacitor!&quot;,
-     &quot;summary&quot;: &quot;If we generate the circuit, we can get to the AGP hard drive through the bluetooth TLS array!&quot;,
+     &quot;description&quot;: &quot;I&apos;ll copy the multi-byte OCR transmitter, that should pixel the PNG hard drive!&quot;,
+     &quot;message&quot;: &quot;If we back up the driver, we can get to the DNS pixel through the cross-platform HTTP firewall!&quot;,
+     &quot;summary&quot;: &quot;Use the wireless OCR bus, then you can quantify the primary port!&quot;,
    },
    {
-     &quot;description&quot;: &quot;Use the haptic ADP feed, then you can compress the wireless capacitor!&quot;,
-     &quot;message&quot;: &quot;The ADP transmitter is down, hack the neural bandwidth so we can hack the COM circuit!&quot;,
-     &quot;summary&quot;: &quot;The AGP matrix is down, back up the virtual system so we can connect the RSS microchip!&quot;,
+     &quot;description&quot;: &quot;You can&apos;t connect the program without calculating the virtual TCP application!&quot;,
+     &quot;message&quot;: &quot;Use the online HTTP transmitter, then you can override the online protocol!&quot;,
+     &quot;summary&quot;: &quot;transmitting the protocol won&apos;t do anything, we need to generate the 1080p HTTP hard drive!&quot;,
    },
  ]

 ❯ src/test-suite-12.spec.ts:21:20
            </failure>
        </testcase>
        <testcase classname="src/test-suite-12.spec.ts" name="&apos;Sharable responsive initiative&apos; &gt; &apos;We need to compress the bluetooth SSD…&apos;" time="0.00004825">
        </testcase>
        <testcase classname="src/test-suite-12.spec.ts" name="&apos;Sharable responsive initiative&apos; &gt; &apos;If we connect the panel, we can get t…&apos;" time="0.000281292">
            <failure message="expected [ { …(3) }, { …(3) }, { …(3) }, …(2) ] to deeply equal [ { …(3) }, { …(3) }, { …(3) }, …(1) ]" type="AssertionError">
AssertionError: expected [ { …(3) }, { …(3) }, { …(3) }, …(2) ] to deeply equal [ { …(3) }, { …(3) }, { …(3) }, …(1) ]

- Expected
+ Received

  [
    {
-     &quot;description&quot;: &quot;Use the back-end COM program, then you can index the redundant interface!&quot;,
-     &quot;message&quot;: &quot;If we generate the port, we can get to the AI circuit through the open-source GB firewall!&quot;,
-     &quot;summary&quot;: &quot;Use the wireless COM panel, then you can connect the solid state panel!&quot;,
+     &quot;description&quot;: &quot;I&apos;ll transmit the optical TCP feed, that should interface the THX circuit!&quot;,
+     &quot;message&quot;: &quot;We need to index the optical JBOD program!&quot;,
+     &quot;summary&quot;: &quot;You can&apos;t index the card without compressing the 1080p CLI bandwidth!&quot;,
    },
    {
-     &quot;description&quot;: &quot;The AI card is down, copy the 1080p microchip so we can program the AGP alarm!&quot;,
-     &quot;message&quot;: &quot;You can&apos;t quantify the bandwidth without compressing the auxiliary CSS transmitter!&quot;,
-     &quot;summary&quot;: &quot;You can&apos;t synthesize the transmitter without overriding the virtual HTTP monitor!&quot;,
+     &quot;description&quot;: &quot;The HEX application is down, bypass the multi-byte monitor so we can navigate the OCR program!&quot;,
+     &quot;message&quot;: &quot;We need to generate the mobile TLS transmitter!&quot;,
+     &quot;summary&quot;: &quot;We need to compress the bluetooth THX sensor!&quot;,
+   },
+   {
+     &quot;description&quot;: &quot;If we connect the sensor, we can get to the API matrix through the optical SAS protocol!&quot;,
+     &quot;message&quot;: &quot;Try to index the SSL panel, maybe it will input the virtual transmitter!&quot;,
+     &quot;summary&quot;: &quot;Try to copy the PNG circuit, maybe it will quantify the bluetooth transmitter!&quot;,
    },
    {
-     &quot;description&quot;: &quot;If we navigate the bus, we can get to the EXE firewall through the virtual UDP driver!&quot;,
-     &quot;message&quot;: &quot;backing up the pixel won&apos;t do anything, we need to navigate the wireless SQL matrix!&quot;,
-     &quot;summary&quot;: &quot;If we synthesize the driver, we can get to the VGA hard drive through the back-end CSS monitor!&quot;,
+     &quot;description&quot;: &quot;You can&apos;t compress the sensor without connecting the open-source RSS array!&quot;,
+     &quot;message&quot;: &quot;If we synthesize the bandwidth, we can get to the COM panel through the auxiliary SMTP pixel!&quot;,
+     &quot;summary&quot;: &quot;I&apos;ll index the 1080p ASCII pixel, that should hard drive the RAM driver!&quot;,
    },
    {
-     &quot;description&quot;: &quot;Use the virtual EXE pixel, then you can parse the 1080p application!&quot;,
-     &quot;message&quot;: &quot;We need to quantify the 1080p SQL bandwidth!&quot;,
-     &quot;summary&quot;: &quot;We need to index the cross-platform SCSI pixel!&quot;,
+     &quot;description&quot;: &quot;We need to generate the back-end SQL sensor!&quot;,
+     &quot;message&quot;: &quot;We need to synthesize the multi-byte DNS port!&quot;,
+     &quot;summary&quot;: &quot;Try to synthesize the TLS application, maybe it will calculate the back-end bandwidth!&quot;,
    },
  ]

 ❯ src/test-suite-12.spec.ts:21:20
            </failure>
        </testcase>
        <testcase classname="src/test-suite-12.spec.ts" name="&apos;Sharable responsive initiative&apos; &gt; &apos;Try to input the JSON interface, mayb…&apos;" time="0.000037041">
        </testcase>
        <testcase classname="src/test-suite-12.spec.ts" name="&apos;Sharable responsive initiative&apos; &gt; &apos;Try to parse the ADP card, maybe it w…&apos;" time="0.000225083">
            <failure message="expected [ { …(3) }, { …(3) }, { …(3) } ] to deeply equal [ { …(3) }, { …(3) }, { …(3) } ]" type="AssertionError">
AssertionError: expected [ { …(3) }, { …(3) }, { …(3) } ] to deeply equal [ { …(3) }, { …(3) }, { …(3) } ]

- Expected
+ Received

  [
    {
-     &quot;description&quot;: &quot;navigating the alarm won&apos;t do anything, we need to index the redundant PCI circuit!&quot;,
-     &quot;message&quot;: &quot;I&apos;ll index the redundant AGP card, that should firewall the HEX capacitor!&quot;,
-     &quot;summary&quot;: &quot;connecting the bandwidth won&apos;t do anything, we need to generate the haptic SQL firewall!&quot;,
+     &quot;description&quot;: &quot;The ASCII application is down, transmit the neural protocol so we can hack the ASCII system!&quot;,
+     &quot;message&quot;: &quot;Use the online GB panel, then you can connect the virtual application!&quot;,
+     &quot;summary&quot;: &quot;The SSD hard drive is down, transmit the 1080p alarm so we can generate the JBOD matrix!&quot;,
    },
    {
-     &quot;description&quot;: &quot;Use the cross-platform EXE monitor, then you can override the back-end driver!&quot;,
-     &quot;message&quot;: &quot;Try to back up the RAM array, maybe it will hack the digital pixel!&quot;,
-     &quot;summary&quot;: &quot;We need to bypass the cross-platform HEX driver!&quot;,
+     &quot;description&quot;: &quot;Use the multi-byte SMTP alarm, then you can program the primary driver!&quot;,
+     &quot;message&quot;: &quot;The UTF8 array is down, connect the 1080p card so we can transmit the JSON card!&quot;,
+     &quot;summary&quot;: &quot;The DRAM transmitter is down, input the wireless pixel so we can compress the SMS monitor!&quot;,
    },
    {
-     &quot;description&quot;: &quot;Try to synthesize the PCI card, maybe it will program the bluetooth driver!&quot;,
-     &quot;message&quot;: &quot;We need to index the cross-platform FTP circuit!&quot;,
-     &quot;summary&quot;: &quot;The COM port is down, parse the optical alarm so we can copy the ADP pixel!&quot;,
+     &quot;description&quot;: &quot;Try to back up the PCI system, maybe it will override the haptic capacitor!&quot;,
+     &quot;message&quot;: &quot;If we compress the firewall, we can get to the SCSI feed through the online UTF8 panel!&quot;,
+     &quot;summary&quot;: &quot;You can&apos;t program the bus without programming the cross-platform HEX protocol!&quot;,
    },
  ]

 ❯ src/test-suite-12.spec.ts:21:20
            </failure>
        </testcase>
        <testcase classname="src/test-suite-12.spec.ts" name="&apos;Sharable responsive initiative&apos; &gt; &apos;I\&apos;ll index the back-end ADP capacito…&apos;" time="0.00004225">
        </testcase>
        <testcase classname="src/test-suite-12.spec.ts" name="&apos;Sharable responsive initiative&apos; &gt; &apos;We need to connect the redundant USB …&apos;" time="0.0002695">
            <failure message="expected [ { …(3) }, { …(3) }, { …(3) }, …(1) ] to deeply equal [ { …(3) }, { …(3) }, { …(3) }, …(1) ]" type="AssertionError">
AssertionError: expected [ { …(3) }, { …(3) }, { …(3) }, …(1) ] to deeply equal [ { …(3) }, { …(3) }, { …(3) }, …(1) ]

- Expected
+ Received

  [
    {
-     &quot;description&quot;: &quot;Use the virtual ADP transmitter, then you can compress the digital system!&quot;,
-     &quot;message&quot;: &quot;If we calculate the system, we can get to the THX interface through the redundant USB panel!&quot;,
-     &quot;summary&quot;: &quot;You can&apos;t parse the feed without backing up the optical IB application!&quot;,
+     &quot;description&quot;: &quot;You can&apos;t bypass the matrix without overriding the wireless SQL bus!&quot;,
+     &quot;message&quot;: &quot;The CLI sensor is down, hack the optical circuit so we can compress the SSD transmitter!&quot;,
+     &quot;summary&quot;: &quot;Try to copy the SCSI application, maybe it will copy the haptic array!&quot;,
    },
    {
-     &quot;description&quot;: &quot;You can&apos;t synthesize the hard drive without copying the bluetooth CSS array!&quot;,
-     &quot;message&quot;: &quot;The CSS protocol is down, reboot the virtual monitor so we can copy the HTTP monitor!&quot;,
-     &quot;summary&quot;: &quot;We need to index the haptic XSS driver!&quot;,
+     &quot;description&quot;: &quot;I&apos;ll generate the auxiliary THX system, that should protocol the XML transmitter!&quot;,
+     &quot;message&quot;: &quot;Use the digital FTP card, then you can hack the solid state transmitter!&quot;,
+     &quot;summary&quot;: &quot;I&apos;ll input the cross-platform AI system, that should pixel the AI driver!&quot;,
    },
    {
-     &quot;description&quot;: &quot;The VGA card is down, synthesize the redundant circuit so we can bypass the DRAM alarm!&quot;,
-     &quot;message&quot;: &quot;You can&apos;t compress the circuit without copying the solid state SSL card!&quot;,
-     &quot;summary&quot;: &quot;The OCR driver is down, reboot the bluetooth driver so we can reboot the SSL monitor!&quot;,
+     &quot;description&quot;: &quot;Try to calculate the HEX transmitter, maybe it will bypass the wireless interface!&quot;,
+     &quot;message&quot;: &quot;compressing the application won&apos;t do anything, we need to hack the haptic HEX microchip!&quot;,
+     &quot;summary&quot;: &quot;You can&apos;t synthesize the card without backing up the mobile RSS pixel!&quot;,
    },
    {
-     &quot;description&quot;: &quot;Use the open-source XML system, then you can calculate the redundant array!&quot;,
-     &quot;message&quot;: &quot;Use the open-source IB capacitor, then you can calculate the primary capacitor!&quot;,
-     &quot;summary&quot;: &quot;transmitting the card won&apos;t do anything, we need to reboot the open-source AI card!&quot;,
+     &quot;description&quot;: &quot;Use the multi-byte CLI interface, then you can bypass the virtual sensor!&quot;,
+     &quot;message&quot;: &quot;I&apos;ll generate the multi-byte OCR capacitor, that should hard drive the AI pixel!&quot;,
+     &quot;summary&quot;: &quot;Try to quantify the GB bus, maybe it will copy the bluetooth matrix!&quot;,
    },
  ]

 ❯ src/test-suite-12.spec.ts:21:20
            </failure>
        </testcase>
        <testcase classname="src/test-suite-12.spec.ts" name="&apos;Sharable responsive initiative&apos; &gt; &apos;I\&apos;ll override the back-end DNS feed,…&apos;" time="0.000041667">
        </testcase>
        <testcase classname="src/test-suite-12.spec.ts" name="&apos;Sharable responsive initiative&apos; &gt; &apos;If we reboot the application, we can …&apos;" time="0.000221542">
            <failure message="expected [ { …(3) }, { …(3) }, { …(3) } ] to deeply equal [ { …(3) }, { …(3) }, { …(3) } ]" type="AssertionError">
AssertionError: expected [ { …(3) }, { …(3) }, { …(3) } ] to deeply equal [ { …(3) }, { …(3) }, { …(3) } ]

- Expected
+ Received

  [
    {
-     &quot;description&quot;: &quot;You can&apos;t calculate the interface without navigating the neural AGP firewall!&quot;,
-     &quot;message&quot;: &quot;We need to compress the optical OCR microchip!&quot;,
-     &quot;summary&quot;: &quot;Use the neural SMS bandwidth, then you can compress the multi-byte feed!&quot;,
+     &quot;description&quot;: &quot;You can&apos;t index the panel without compressing the auxiliary XML driver!&quot;,
+     &quot;message&quot;: &quot;The RAM sensor is down, bypass the solid state matrix so we can reboot the VGA bus!&quot;,
+     &quot;summary&quot;: &quot;quantifying the interface won&apos;t do anything, we need to input the solid state SSD array!&quot;,
    },
    {
-     &quot;description&quot;: &quot;hacking the bandwidth won&apos;t do anything, we need to connect the wireless SSL circuit!&quot;,
-     &quot;message&quot;: &quot;I&apos;ll navigate the back-end RAM panel, that should system the JBOD hard drive!&quot;,
-     &quot;summary&quot;: &quot;You can&apos;t reboot the hard drive without connecting the cross-platform SAS program!&quot;,
+     &quot;description&quot;: &quot;I&apos;ll navigate the solid state PCI matrix, that should program the VGA microchip!&quot;,
+     &quot;message&quot;: &quot;Try to back up the IP system, maybe it will transmit the neural program!&quot;,
+     &quot;summary&quot;: &quot;The SMTP firewall is down, calculate the primary bandwidth so we can synthesize the SSL alarm!&quot;,
    },
    {
-     &quot;description&quot;: &quot;If we bypass the program, we can get to the SSD application through the back-end ADP bandwidth!&quot;,
-     &quot;message&quot;: &quot;You can&apos;t input the transmitter without compressing the wireless COM port!&quot;,
-     &quot;summary&quot;: &quot;backing up the program won&apos;t do anything, we need to transmit the optical SMTP microchip!&quot;,
+     &quot;description&quot;: &quot;We need to calculate the neural EXE alarm!&quot;,
+     &quot;message&quot;: &quot;We need to program the auxiliary ADP panel!&quot;,
+     &quot;summary&quot;: &quot;I&apos;ll bypass the open-source TLS monitor, that should system the COM circuit!&quot;,
    },
  ]

 ❯ src/test-suite-12.spec.ts:21:20
            </failure>
        </testcase>
        <testcase classname="src/test-suite-12.spec.ts" name="&apos;Proactive well-modulated monitoring&apos; &gt; &apos;The COM bandwidth is down, bypass the…&apos;" time="0.000244208">
            <failure message="expected [ { …(3) }, { …(3) }, { …(3) }, …(1) ] to deeply equal [ { …(3) }, { …(3) }, { …(3) } ]" type="AssertionError">
AssertionError: expected [ { …(3) }, { …(3) }, { …(3) }, …(1) ] to deeply equal [ { …(3) }, { …(3) }, { …(3) } ]

- Expected
+ Received

  [
    {
-     &quot;description&quot;: &quot;I&apos;ll hack the primary GB firewall, that should application the DRAM system!&quot;,
-     &quot;message&quot;: &quot;Use the haptic UDP feed, then you can compress the optical capacitor!&quot;,
-     &quot;summary&quot;: &quot;transmitting the monitor won&apos;t do anything, we need to program the virtual AI protocol!&quot;,
+     &quot;description&quot;: &quot;The AGP firewall is down, connect the back-end firewall so we can parse the FTP hard drive!&quot;,
+     &quot;message&quot;: &quot;I&apos;ll compress the bluetooth PCI hard drive, that should card the CSS firewall!&quot;,
+     &quot;summary&quot;: &quot;I&apos;ll input the mobile JBOD pixel, that should monitor the GB application!&quot;,
+   },
+   {
+     &quot;description&quot;: &quot;If we transmit the microchip, we can get to the CSS card through the 1080p HEX alarm!&quot;,
+     &quot;message&quot;: &quot;If we synthesize the alarm, we can get to the JBOD feed through the optical XML array!&quot;,
+     &quot;summary&quot;: &quot;The IP protocol is down, hack the primary microchip so we can connect the RSS bandwidth!&quot;,
    },
    {
-     &quot;description&quot;: &quot;The GB feed is down, compress the optical microchip so we can reboot the SQL bandwidth!&quot;,
-     &quot;message&quot;: &quot;Try to hack the JBOD protocol, maybe it will synthesize the mobile circuit!&quot;,
-     &quot;summary&quot;: &quot;The HEX card is down, back up the mobile matrix so we can copy the USB system!&quot;,
+     &quot;description&quot;: &quot;I&apos;ll navigate the back-end SCSI bandwidth, that should system the SAS system!&quot;,
+     &quot;message&quot;: &quot;I&apos;ll override the online ADP sensor, that should protocol the HDD monitor!&quot;,
+     &quot;summary&quot;: &quot;We need to calculate the multi-byte HTTP alarm!&quot;,
    },
    {
-     &quot;description&quot;: &quot;Try to reboot the HEX port, maybe it will reboot the 1080p bandwidth!&quot;,
-     &quot;message&quot;: &quot;Use the 1080p THX sensor, then you can reboot the cross-platform card!&quot;,
-     &quot;summary&quot;: &quot;programming the panel won&apos;t do anything, we need to copy the wireless IB capacitor!&quot;,
+     &quot;description&quot;: &quot;Use the wireless VGA bandwidth, then you can compress the bluetooth circuit!&quot;,
+     &quot;message&quot;: &quot;The HTTP hard drive is down, synthesize the back-end pixel so we can navigate the SDD interface!&quot;,
+     &quot;summary&quot;: &quot;Try to index the CSS application, maybe it will connect the mobile matrix!&quot;,
    },
  ]

 ❯ src/test-suite-12.spec.ts:21:20
            </failure>
        </testcase>
        <testcase classname="src/test-suite-12.spec.ts" name="&apos;Proactive well-modulated monitoring&apos; &gt; &apos;transmitting the pixel won\&apos;t do anyt…&apos;" time="0.000056292">
        </testcase>
        <testcase classname="src/test-suite-12.spec.ts" name="&apos;Proactive well-modulated monitoring&apos; &gt; &apos;synthesizing the circuit won\&apos;t do an…&apos;" time="0.000223875">
            <failure message="expected [ { …(3) }, { …(3) } ] to deeply equal [ { …(3) }, { …(3) }, { …(3) }, …(1) ]" type="AssertionError">
AssertionError: expected [ { …(3) }, { …(3) } ] to deeply equal [ { …(3) }, { …(3) }, { …(3) }, …(1) ]

- Expected
+ Received

  [
    {
-     &quot;description&quot;: &quot;Try to synthesize the UTF8 bandwidth, maybe it will program the back-end bandwidth!&quot;,
-     &quot;message&quot;: &quot;If we program the interface, we can get to the PNG card through the multi-byte AGP driver!&quot;,
-     &quot;summary&quot;: &quot;hacking the pixel won&apos;t do anything, we need to bypass the neural AI feed!&quot;,
+     &quot;description&quot;: &quot;Try to parse the SMTP alarm, maybe it will transmit the neural array!&quot;,
+     &quot;message&quot;: &quot;The SCSI pixel is down, program the mobile bandwidth so we can synthesize the DRAM application!&quot;,
+     &quot;summary&quot;: &quot;We need to bypass the haptic THX firewall!&quot;,
    },
    {
-     &quot;description&quot;: &quot;I&apos;ll generate the multi-byte IB microchip, that should alarm the SDD system!&quot;,
-     &quot;message&quot;: &quot;overriding the port won&apos;t do anything, we need to transmit the wireless CSS monitor!&quot;,
-     &quot;summary&quot;: &quot;If we navigate the transmitter, we can get to the PCI application through the optical SMTP firewall!&quot;,
-   },
-   {
-     &quot;description&quot;: &quot;We need to parse the 1080p PNG interface!&quot;,
-     &quot;message&quot;: &quot;We need to bypass the digital SMS transmitter!&quot;,
-     &quot;summary&quot;: &quot;Use the back-end TCP capacitor, then you can program the solid state firewall!&quot;,
-   },
-   {
-     &quot;description&quot;: &quot;Use the open-source CSS array, then you can calculate the optical card!&quot;,
-     &quot;message&quot;: &quot;If we calculate the pixel, we can get to the JBOD driver through the haptic SQL array!&quot;,
-     &quot;summary&quot;: &quot;Try to override the UTF8 application, maybe it will transmit the optical sensor!&quot;,
+     &quot;description&quot;: &quot;Use the back-end AGP driver, then you can synthesize the back-end alarm!&quot;,
+     &quot;message&quot;: &quot;I&apos;ll input the solid state XML alarm, that should panel the SCSI application!&quot;,
+     &quot;summary&quot;: &quot;I&apos;ll back up the neural SCSI card, that should firewall the SMS hard drive!&quot;,
    },
  ]

 ❯ src/test-suite-12.spec.ts:21:20
            </failure>
        </testcase>
        <testcase classname="src/test-suite-12.spec.ts" name="&apos;Proactive well-modulated monitoring&apos; &gt; &apos;generating the capacitor won\&apos;t do an…&apos;" time="0.000041083">
        </testcase>
        <testcase classname="src/test-suite-12.spec.ts" name="&apos;Proactive well-modulated monitoring&apos; &gt; &apos;I\&apos;ll quantify the auxiliary HDD matr…&apos;" time="0.00027725">
            <failure message="expected [ { …(3) }, { …(3) }, { …(3) }, …(2) ] to deeply equal [ { …(3) }, { …(3) }, { …(3) }, …(1) ]" type="AssertionError">
AssertionError: expected [ { …(3) }, { …(3) }, { …(3) }, …(2) ] to deeply equal [ { …(3) }, { …(3) }, { …(3) }, …(1) ]

- Expected
+ Received

  [
    {
-     &quot;description&quot;: &quot;You can&apos;t back up the bus without generating the open-source FTP alarm!&quot;,
-     &quot;message&quot;: &quot;You can&apos;t override the sensor without navigating the optical TLS protocol!&quot;,
-     &quot;summary&quot;: &quot;You can&apos;t connect the firewall without copying the auxiliary IP capacitor!&quot;,
+     &quot;description&quot;: &quot;copying the program won&apos;t do anything, we need to program the 1080p USB firewall!&quot;,
+     &quot;message&quot;: &quot;We need to parse the mobile UDP protocol!&quot;,
+     &quot;summary&quot;: &quot;The TCP system is down, back up the virtual sensor so we can program the UTF8 sensor!&quot;,
    },
    {
-     &quot;description&quot;: &quot;Try to navigate the SSD system, maybe it will calculate the 1080p firewall!&quot;,
-     &quot;message&quot;: &quot;Try to parse the PNG matrix, maybe it will input the 1080p feed!&quot;,
-     &quot;summary&quot;: &quot;We need to navigate the primary CLI microchip!&quot;,
+     &quot;description&quot;: &quot;The SSL port is down, quantify the cross-platform pixel so we can copy the JSON interface!&quot;,
+     &quot;message&quot;: &quot;Try to back up the ADP driver, maybe it will bypass the primary transmitter!&quot;,
+     &quot;summary&quot;: &quot;indexing the transmitter won&apos;t do anything, we need to hack the haptic RSS protocol!&quot;,
+   },
+   {
+     &quot;description&quot;: &quot;Use the solid state ASCII capacitor, then you can reboot the wireless program!&quot;,
+     &quot;message&quot;: &quot;You can&apos;t compress the monitor without compressing the online IP monitor!&quot;,
+     &quot;summary&quot;: &quot;We need to transmit the online SCSI interface!&quot;,
    },
    {
-     &quot;description&quot;: &quot;You can&apos;t hack the circuit without backing up the 1080p XSS firewall!&quot;,
-     &quot;message&quot;: &quot;compressing the pixel won&apos;t do anything, we need to synthesize the redundant USB pixel!&quot;,
-     &quot;summary&quot;: &quot;The AGP matrix is down, transmit the wireless microchip so we can compress the XSS driver!&quot;,
+     &quot;description&quot;: &quot;generating the transmitter won&apos;t do anything, we need to input the primary IP protocol!&quot;,
+     &quot;message&quot;: &quot;If we index the sensor, we can get to the XSS sensor through the bluetooth OCR port!&quot;,
+     &quot;summary&quot;: &quot;Try to reboot the PNG bandwidth, maybe it will compress the multi-byte firewall!&quot;,
    },
    {
-     &quot;description&quot;: &quot;I&apos;ll quantify the redundant USB capacitor, that should application the PNG system!&quot;,
-     &quot;message&quot;: &quot;You can&apos;t copy the sensor without connecting the haptic SSD application!&quot;,
-     &quot;summary&quot;: &quot;I&apos;ll back up the 1080p AI bus, that should program the GB panel!&quot;,
+     &quot;description&quot;: &quot;If we transmit the panel, we can get to the UTF8 monitor through the auxiliary HTTP microchip!&quot;,
+     &quot;message&quot;: &quot;Use the 1080p COM array, then you can copy the auxiliary program!&quot;,
+     &quot;summary&quot;: &quot;Try to calculate the FTP port, maybe it will quantify the neural monitor!&quot;,
    },
  ]

 ❯ src/test-suite-12.spec.ts:21:20
            </failure>
        </testcase>
        <testcase classname="src/test-suite-12.spec.ts" name="&apos;Proactive well-modulated monitoring&apos; &gt; &apos;I\&apos;ll parse the haptic AI array, that…&apos;" time="0.000047959">
        </testcase>
        <testcase classname="src/test-suite-12.spec.ts" name="&apos;Proactive well-modulated monitoring&apos; &gt; &apos;Try to connect the OCR firewall, mayb…&apos;" time="0.000275541">
            <failure message="expected [ { …(3) }, { …(3) }, { …(3) }, …(1) ] to deeply equal [ { …(3) }, { …(3) }, { …(3) }, …(2) ]" type="AssertionError">
AssertionError: expected [ { …(3) }, { …(3) }, { …(3) }, …(1) ] to deeply equal [ { …(3) }, { …(3) }, { …(3) }, …(2) ]

- Expected
+ Received

  [
    {
-     &quot;description&quot;: &quot;We need to quantify the open-source CSS card!&quot;,
-     &quot;message&quot;: &quot;Use the bluetooth TCP bandwidth, then you can reboot the 1080p pixel!&quot;,
-     &quot;summary&quot;: &quot;calculating the hard drive won&apos;t do anything, we need to back up the haptic UTF8 firewall!&quot;,
+     &quot;description&quot;: &quot;I&apos;ll synthesize the virtual OCR alarm, that should transmitter the SAS port!&quot;,
+     &quot;message&quot;: &quot;The SMTP firewall is down, back up the primary firewall so we can hack the TLS card!&quot;,
+     &quot;summary&quot;: &quot;We need to quantify the auxiliary SSD bus!&quot;,
    },
    {
-     &quot;description&quot;: &quot;Use the back-end XML panel, then you can input the multi-byte port!&quot;,
-     &quot;message&quot;: &quot;I&apos;ll connect the back-end IP bandwidth, that should firewall the SSL card!&quot;,
-     &quot;summary&quot;: &quot;Use the optical XSS card, then you can bypass the multi-byte card!&quot;,
-   },
-   {
-     &quot;description&quot;: &quot;synthesizing the bus won&apos;t do anything, we need to input the cross-platform COM array!&quot;,
-     &quot;message&quot;: &quot;You can&apos;t navigate the monitor without hacking the 1080p PCI interface!&quot;,
-     &quot;summary&quot;: &quot;Try to bypass the JSON firewall, maybe it will bypass the solid state matrix!&quot;,
+     &quot;description&quot;: &quot;You can&apos;t quantify the transmitter without hacking the bluetooth TCP array!&quot;,
+     &quot;message&quot;: &quot;Use the multi-byte HEX matrix, then you can bypass the multi-byte protocol!&quot;,
+     &quot;summary&quot;: &quot;I&apos;ll hack the auxiliary HDD port, that should card the XSS bus!&quot;,
    },
    {
-     &quot;description&quot;: &quot;programming the card won&apos;t do anything, we need to bypass the multi-byte RSS port!&quot;,
-     &quot;message&quot;: &quot;You can&apos;t transmit the card without quantifying the 1080p GB panel!&quot;,
-     &quot;summary&quot;: &quot;We need to back up the digital ASCII interface!&quot;,
+     &quot;description&quot;: &quot;If we input the circuit, we can get to the API firewall through the primary VGA bandwidth!&quot;,
+     &quot;message&quot;: &quot;I&apos;ll program the auxiliary EXE protocol, that should panel the FTP bus!&quot;,
+     &quot;summary&quot;: &quot;synthesizing the application won&apos;t do anything, we need to compress the back-end AI port!&quot;,
    },
    {
-     &quot;description&quot;: &quot;If we reboot the port, we can get to the OCR panel through the bluetooth USB system!&quot;,
-     &quot;message&quot;: &quot;I&apos;ll program the back-end SDD bus, that should monitor the SSL bandwidth!&quot;,
-     &quot;summary&quot;: &quot;I&apos;ll back up the solid state SSD matrix, that should driver the PNG monitor!&quot;,
+     &quot;description&quot;: &quot;transmitting the sensor won&apos;t do anything, we need to index the bluetooth SDD array!&quot;,
+     &quot;message&quot;: &quot;Try to compress the GB system, maybe it will program the haptic pixel!&quot;,
+     &quot;summary&quot;: &quot;The JBOD capacitor is down, index the haptic firewall so we can generate the UDP application!&quot;,
    },
  ]

 ❯ src/test-suite-12.spec.ts:21:20
            </failure>
        </testcase>
        <testcase classname="src/test-suite-12.spec.ts" name="&apos;Proactive well-modulated monitoring&apos; &gt; &apos;The HEX interface is down, hack the o…&apos;" time="0.000060041">
        </testcase>
        <testcase classname="src/test-suite-12.spec.ts" name="&apos;Proactive well-modulated monitoring&apos; &gt; &apos;You can\&apos;t input the array without ge…&apos;" time="0.000280708">
            <failure message="expected [ { …(3) }, { …(3) }, { …(3) }, …(1) ] to deeply equal [ { …(3) }, { …(3) }, { …(3) }, …(2) ]" type="AssertionError">
AssertionError: expected [ { …(3) }, { …(3) }, { …(3) }, …(1) ] to deeply equal [ { …(3) }, { …(3) }, { …(3) }, …(2) ]

- Expected
+ Received

  [
    {
-     &quot;description&quot;: &quot;We need to transmit the cross-platform TCP matrix!&quot;,
-     &quot;message&quot;: &quot;We need to generate the back-end IB bus!&quot;,
-     &quot;summary&quot;: &quot;We need to compress the haptic HTTP application!&quot;,
+     &quot;description&quot;: &quot;Try to parse the PNG circuit, maybe it will calculate the redundant bus!&quot;,
+     &quot;message&quot;: &quot;The USB transmitter is down, calculate the virtual transmitter so we can parse the IB capacitor!&quot;,
+     &quot;summary&quot;: &quot;Try to quantify the XSS application, maybe it will program the online alarm!&quot;,
    },
    {
-     &quot;description&quot;: &quot;You can&apos;t back up the system without parsing the auxiliary DNS monitor!&quot;,
-     &quot;message&quot;: &quot;You can&apos;t program the port without overriding the virtual SAS bus!&quot;,
-     &quot;summary&quot;: &quot;You can&apos;t parse the matrix without connecting the solid state SDD bandwidth!&quot;,
-   },
-   {
-     &quot;description&quot;: &quot;Try to hack the HTTP monitor, maybe it will navigate the optical port!&quot;,
-     &quot;message&quot;: &quot;Use the bluetooth FTP feed, then you can transmit the primary driver!&quot;,
-     &quot;summary&quot;: &quot;calculating the system won&apos;t do anything, we need to bypass the virtual AGP monitor!&quot;,
+     &quot;description&quot;: &quot;I&apos;ll parse the 1080p AI capacitor, that should program the SMTP circuit!&quot;,
+     &quot;message&quot;: &quot;Try to reboot the CSS microchip, maybe it will override the bluetooth matrix!&quot;,
+     &quot;summary&quot;: &quot;If we copy the microchip, we can get to the ASCII transmitter through the primary DRAM matrix!&quot;,
    },
    {
-     &quot;description&quot;: &quot;You can&apos;t back up the driver without parsing the digital CLI transmitter!&quot;,
-     &quot;message&quot;: &quot;If we reboot the protocol, we can get to the AI capacitor through the bluetooth AI sensor!&quot;,
-     &quot;summary&quot;: &quot;You can&apos;t program the microchip without synthesizing the virtual ADP program!&quot;,
+     &quot;description&quot;: &quot;The SSD driver is down, program the solid state port so we can copy the HDD application!&quot;,
+     &quot;message&quot;: &quot;I&apos;ll override the mobile SDD card, that should array the TLS matrix!&quot;,
+     &quot;summary&quot;: &quot;The EXE port is down, connect the mobile hard drive so we can hack the SQL circuit!&quot;,
    },
    {
-     &quot;description&quot;: &quot;You can&apos;t parse the matrix without generating the open-source XML panel!&quot;,
-     &quot;message&quot;: &quot;The ADP transmitter is down, program the open-source pixel so we can program the GB interface!&quot;,
-     &quot;summary&quot;: &quot;You can&apos;t compress the firewall without copying the optical AGP transmitter!&quot;,
+     &quot;description&quot;: &quot;You can&apos;t navigate the application without synthesizing the haptic XSS alarm!&quot;,
+     &quot;message&quot;: &quot;You can&apos;t calculate the alarm without bypassing the bluetooth HDD array!&quot;,
+     &quot;summary&quot;: &quot;We need to transmit the online SMS bus!&quot;,
    },
  ]

 ❯ src/test-suite-12.spec.ts:21:20
            </failure>
        </testcase>
        <testcase classname="src/test-suite-12.spec.ts" name="&apos;Proactive well-modulated monitoring&apos; &gt; &apos;Use the redundant SSL system, then yo…&apos;" time="0.000056416">
        </testcase>
        <testcase classname="src/test-suite-12.spec.ts" name="&apos;Proactive well-modulated monitoring&apos; &gt; &apos;Use the multi-byte HDD monitor, then …&apos;" time="0.000217791">
            <failure message="expected [ { …(3) }, { …(3) } ] to deeply equal [ { …(3) }, { …(3) }, { …(3) }, …(1) ]" type="AssertionError">
AssertionError: expected [ { …(3) }, { …(3) } ] to deeply equal [ { …(3) }, { …(3) }, { …(3) }, …(1) ]

- Expected
+ Received

  [
    {
-     &quot;description&quot;: &quot;transmitting the system won&apos;t do anything, we need to parse the primary JBOD array!&quot;,
-     &quot;message&quot;: &quot;I&apos;ll override the wireless USB microchip, that should firewall the HDD transmitter!&quot;,
-     &quot;summary&quot;: &quot;Try to quantify the AI application, maybe it will navigate the 1080p port!&quot;,
+     &quot;description&quot;: &quot;Use the 1080p SSL monitor, then you can index the primary card!&quot;,
+     &quot;message&quot;: &quot;If we back up the capacitor, we can get to the COM alarm through the wireless VGA protocol!&quot;,
+     &quot;summary&quot;: &quot;The TLS bus is down, navigate the open-source circuit so we can compress the SMS sensor!&quot;,
    },
    {
-     &quot;description&quot;: &quot;You can&apos;t hack the bus without bypassing the virtual PCI protocol!&quot;,
-     &quot;message&quot;: &quot;copying the panel won&apos;t do anything, we need to transmit the cross-platform RSS microchip!&quot;,
-     &quot;summary&quot;: &quot;Try to copy the HEX pixel, maybe it will compress the 1080p firewall!&quot;,
-   },
-   {
-     &quot;description&quot;: &quot;You can&apos;t bypass the monitor without hacking the 1080p CLI microchip!&quot;,
-     &quot;message&quot;: &quot;We need to copy the 1080p UDP application!&quot;,
-     &quot;summary&quot;: &quot;The SCSI pixel is down, index the back-end bandwidth so we can reboot the DRAM monitor!&quot;,
-   },
-   {
-     &quot;description&quot;: &quot;The IB array is down, copy the digital program so we can hack the RAM panel!&quot;,
-     &quot;message&quot;: &quot;If we navigate the bandwidth, we can get to the EXE system through the online PCI protocol!&quot;,
-     &quot;summary&quot;: &quot;You can&apos;t bypass the panel without connecting the mobile USB microchip!&quot;,
+     &quot;description&quot;: &quot;You can&apos;t connect the circuit without copying the digital IB hard drive!&quot;,
+     &quot;message&quot;: &quot;We need to connect the primary XML bandwidth!&quot;,
+     &quot;summary&quot;: &quot;Use the bluetooth TCP alarm, then you can parse the redundant driver!&quot;,
    },
  ]

 ❯ src/test-suite-12.spec.ts:21:20
            </failure>
        </testcase>
        <testcase classname="src/test-suite-12.spec.ts" name="&apos;Proactive well-modulated monitoring&apos; &gt; &apos;indexing the protocol won\&apos;t do anyth…&apos;" time="0.000038208">
        </testcase>
        <testcase classname="src/test-suite-12.spec.ts" name="&apos;Proactive well-modulated monitoring&apos; &gt; &apos;You can\&apos;t copy the system without in…&apos;" time="0.0003145">
            <failure message="expected [ { …(3) }, { …(3) }, { …(3) }, …(1) ] to deeply equal [ { …(3) }, { …(3) }, { …(3) }, …(2) ]" type="AssertionError">
AssertionError: expected [ { …(3) }, { …(3) }, { …(3) }, …(1) ] to deeply equal [ { …(3) }, { …(3) }, { …(3) }, …(2) ]

- Expected
+ Received

  [
    {
-     &quot;description&quot;: &quot;backing up the transmitter won&apos;t do anything, we need to synthesize the auxiliary VGA driver!&quot;,
-     &quot;message&quot;: &quot;Try to generate the RSS protocol, maybe it will back up the neural sensor!&quot;,
-     &quot;summary&quot;: &quot;I&apos;ll generate the neural ADP program, that should program the JSON hard drive!&quot;,
+     &quot;description&quot;: &quot;compressing the port won&apos;t do anything, we need to quantify the redundant DRAM transmitter!&quot;,
+     &quot;message&quot;: &quot;Try to program the HDD pixel, maybe it will index the 1080p capacitor!&quot;,
+     &quot;summary&quot;: &quot;Try to program the PNG bandwidth, maybe it will navigate the primary application!&quot;,
    },
    {
-     &quot;description&quot;: &quot;You can&apos;t parse the port without bypassing the wireless USB panel!&quot;,
-     &quot;message&quot;: &quot;copying the protocol won&apos;t do anything, we need to generate the haptic XSS interface!&quot;,
-     &quot;summary&quot;: &quot;You can&apos;t quantify the array without indexing the open-source IP feed!&quot;,
-   },
-   {
-     &quot;description&quot;: &quot;I&apos;ll calculate the solid state TLS panel, that should bandwidth the UTF8 feed!&quot;,
-     &quot;message&quot;: &quot;You can&apos;t quantify the application without connecting the bluetooth PNG feed!&quot;,
-     &quot;summary&quot;: &quot;You can&apos;t override the microchip without bypassing the neural THX bus!&quot;,
+     &quot;description&quot;: &quot;I&apos;ll synthesize the back-end HDD array, that should monitor the RAM pixel!&quot;,
+     &quot;message&quot;: &quot;Try to quantify the PCI bus, maybe it will index the redundant monitor!&quot;,
+     &quot;summary&quot;: &quot;Try to parse the GB pixel, maybe it will program the haptic program!&quot;,
    },
    {
-     &quot;description&quot;: &quot;Use the virtual PNG firewall, then you can quantify the neural transmitter!&quot;,
-     &quot;message&quot;: &quot;Use the neural THX firewall, then you can reboot the redundant hard drive!&quot;,
-     &quot;summary&quot;: &quot;We need to index the auxiliary AI array!&quot;,
+     &quot;description&quot;: &quot;If we transmit the application, we can get to the UDP alarm through the cross-platform EXE card!&quot;,
+     &quot;message&quot;: &quot;Try to index the SAS protocol, maybe it will calculate the 1080p bus!&quot;,
+     &quot;summary&quot;: &quot;We need to compress the back-end PCI transmitter!&quot;,
    },
    {
-     &quot;description&quot;: &quot;hacking the bandwidth won&apos;t do anything, we need to quantify the mobile HEX sensor!&quot;,
-     &quot;message&quot;: &quot;I&apos;ll calculate the virtual SMTP sensor, that should array the IB panel!&quot;,
-     &quot;summary&quot;: &quot;The COM alarm is down, program the cross-platform port so we can hack the HEX panel!&quot;,
+     &quot;description&quot;: &quot;Try to bypass the EXE program, maybe it will back up the solid state circuit!&quot;,
+     &quot;message&quot;: &quot;I&apos;ll override the primary XSS circuit, that should feed the SCSI feed!&quot;,
+     &quot;summary&quot;: &quot;Try to quantify the UDP system, maybe it will copy the open-source protocol!&quot;,
    },
  ]

 ❯ src/test-suite-12.spec.ts:21:20
            </failure>
        </testcase>
        <testcase classname="src/test-suite-12.spec.ts" name="&apos;Proactive well-modulated monitoring&apos; &gt; &apos;I\&apos;ll compress the cross-platform FTP…&apos;" time="0.000049291">
        </testcase>
        <testcase classname="src/test-suite-12.spec.ts" name="&apos;Proactive well-modulated monitoring&apos; &gt; &apos;Try to input the SDD feed, maybe it w…&apos;" time="0.000401708">
            <failure message="expected [ { …(3) }, { …(3) }, { …(3) }, …(2) ] to deeply equal [ { …(3) }, { …(3) }, { …(3) }, …(2) ]" type="AssertionError">
AssertionError: expected [ { …(3) }, { …(3) }, { …(3) }, …(2) ] to deeply equal [ { …(3) }, { …(3) }, { …(3) }, …(2) ]

- Expected
+ Received

  [
    {
-     &quot;description&quot;: &quot;Use the auxiliary DNS transmitter, then you can hack the auxiliary transmitter!&quot;,
-     &quot;message&quot;: &quot;The HTTP array is down, calculate the digital array so we can hack the UDP monitor!&quot;,
-     &quot;summary&quot;: &quot;You can&apos;t program the microchip without parsing the cross-platform HDD capacitor!&quot;,
+     &quot;description&quot;: &quot;I&apos;ll back up the virtual EXE monitor, that should circuit the SMS driver!&quot;,
+     &quot;message&quot;: &quot;If we transmit the sensor, we can get to the AGP monitor through the online COM matrix!&quot;,
+     &quot;summary&quot;: &quot;If we back up the sensor, we can get to the CLI circuit through the redundant ADP microchip!&quot;,
    },
    {
-     &quot;description&quot;: &quot;Try to program the ASCII circuit, maybe it will transmit the open-source system!&quot;,
-     &quot;message&quot;: &quot;I&apos;ll quantify the redundant VGA capacitor, that should bus the HDD circuit!&quot;,
-     &quot;summary&quot;: &quot;The DNS driver is down, copy the back-end application so we can hack the SAS transmitter!&quot;,
+     &quot;description&quot;: &quot;You can&apos;t navigate the matrix without calculating the neural HTTP panel!&quot;,
+     &quot;message&quot;: &quot;I&apos;ll synthesize the bluetooth ADP monitor, that should feed the TLS program!&quot;,
+     &quot;summary&quot;: &quot;overriding the capacitor won&apos;t do anything, we need to compress the back-end EXE protocol!&quot;,
    },
    {
-     &quot;description&quot;: &quot;Use the optical UTF8 system, then you can navigate the wireless card!&quot;,
-     &quot;message&quot;: &quot;We need to input the wireless XSS hard drive!&quot;,
-     &quot;summary&quot;: &quot;copying the sensor won&apos;t do anything, we need to index the neural FTP bandwidth!&quot;,
+     &quot;description&quot;: &quot;navigating the array won&apos;t do anything, we need to quantify the optical SCSI program!&quot;,
+     &quot;message&quot;: &quot;connecting the bus won&apos;t do anything, we need to navigate the primary UTF8 transmitter!&quot;,
+     &quot;summary&quot;: &quot;If we transmit the monitor, we can get to the RAM monitor through the mobile JSON alarm!&quot;,
    },
    {
-     &quot;description&quot;: &quot;Try to override the RAM system, maybe it will index the digital monitor!&quot;,
-     &quot;message&quot;: &quot;indexing the port won&apos;t do anything, we need to synthesize the multi-byte PNG bus!&quot;,
-     &quot;summary&quot;: &quot;You can&apos;t bypass the system without copying the neural COM firewall!&quot;,
+     &quot;description&quot;: &quot;Use the cross-platform PCI alarm, then you can index the primary driver!&quot;,
+     &quot;message&quot;: &quot;indexing the microchip won&apos;t do anything, we need to override the multi-byte GB transmitter!&quot;,
+     &quot;summary&quot;: &quot;Use the back-end RAM port, then you can parse the mobile circuit!&quot;,
    },
    {
-     &quot;description&quot;: &quot;compressing the microchip won&apos;t do anything, we need to parse the virtual ADP panel!&quot;,
-     &quot;message&quot;: &quot;The FTP program is down, reboot the primary bandwidth so we can calculate the RAM capacitor!&quot;,
-     &quot;summary&quot;: &quot;generating the capacitor won&apos;t do anything, we need to bypass the mobile DNS port!&quot;,
+     &quot;description&quot;: &quot;Use the neural TCP protocol, then you can bypass the neural feed!&quot;,
+     &quot;message&quot;: &quot;Try to calculate the IB matrix, maybe it will synthesize the virtual card!&quot;,
+     &quot;summary&quot;: &quot;The CSS capacitor is down, navigate the optical interface so we can input the ADP port!&quot;,
    },
  ]

 ❯ src/test-suite-12.spec.ts:21:20
            </failure>
        </testcase>
        <testcase classname="src/test-suite-12.spec.ts" name="&apos;Proactive well-modulated monitoring&apos; &gt; &apos;You can\&apos;t quantify the bus without c…&apos;" time="0.000044208">
        </testcase>
        <testcase classname="src/test-suite-12.spec.ts" name="&apos;Proactive well-modulated monitoring&apos; &gt; &apos;We need to program the virtual SMTP p…&apos;" time="0.000190834">
            <failure message="expected [ { …(3) }, { …(3) } ] to deeply equal [ { …(3) }, { …(3) }, { …(3) } ]" type="AssertionError">
AssertionError: expected [ { …(3) }, { …(3) } ] to deeply equal [ { …(3) }, { …(3) }, { …(3) } ]

- Expected
+ Received

  [
    {
-     &quot;description&quot;: &quot;copying the interface won&apos;t do anything, we need to calculate the wireless FTP monitor!&quot;,
-     &quot;message&quot;: &quot;You can&apos;t back up the matrix without copying the wireless OCR protocol!&quot;,
-     &quot;summary&quot;: &quot;If we override the port, we can get to the IB program through the neural HDD protocol!&quot;,
-   },
-   {
-     &quot;description&quot;: &quot;I&apos;ll compress the virtual PNG circuit, that should bandwidth the SSL bandwidth!&quot;,
-     &quot;message&quot;: &quot;Try to calculate the CSS alarm, maybe it will calculate the digital application!&quot;,
-     &quot;summary&quot;: &quot;You can&apos;t connect the firewall without transmitting the mobile IB feed!&quot;,
+     &quot;description&quot;: &quot;The GB port is down, quantify the solid state matrix so we can connect the XML bus!&quot;,
+     &quot;message&quot;: &quot;Use the auxiliary JSON capacitor, then you can bypass the redundant system!&quot;,
+     &quot;summary&quot;: &quot;generating the system won&apos;t do anything, we need to transmit the optical OCR bus!&quot;,
    },
    {
-     &quot;description&quot;: &quot;I&apos;ll parse the neural SMS microchip, that should driver the THX pixel!&quot;,
-     &quot;message&quot;: &quot;You can&apos;t connect the pixel without navigating the open-source SCSI card!&quot;,
-     &quot;summary&quot;: &quot;The ADP panel is down, parse the cross-platform array so we can connect the THX port!&quot;,
+     &quot;description&quot;: &quot;If we reboot the card, we can get to the EXE bus through the virtual IB hard drive!&quot;,
+     &quot;message&quot;: &quot;connecting the monitor won&apos;t do anything, we need to connect the haptic JSON circuit!&quot;,
+     &quot;summary&quot;: &quot;Use the optical SMS pixel, then you can parse the bluetooth microchip!&quot;,
    },
  ]

 ❯ src/test-suite-12.spec.ts:21:20
            </failure>
        </testcase>
        <testcase classname="src/test-suite-12.spec.ts" name="&apos;Proactive well-modulated monitoring&apos; &gt; &apos;If we program the firewall, we can ge…&apos;" time="0.000053792">
        </testcase>
        <testcase classname="src/test-suite-12.spec.ts" name="&apos;Proactive well-modulated monitoring&apos; &gt; &apos;We need to navigate the back-end IP c…&apos;" time="0.000284375">
            <failure message="expected [ { …(3) }, { …(3) }, { …(3) }, …(2) ] to deeply equal [ { …(3) }, { …(3) }, { …(3) }, …(2) ]" type="AssertionError">
AssertionError: expected [ { …(3) }, { …(3) }, { …(3) }, …(2) ] to deeply equal [ { …(3) }, { …(3) }, { …(3) }, …(2) ]

- Expected
+ Received

  [
    {
-     &quot;description&quot;: &quot;Try to parse the TCP feed, maybe it will parse the online panel!&quot;,
-     &quot;message&quot;: &quot;navigating the card won&apos;t do anything, we need to hack the primary SSD sensor!&quot;,
-     &quot;summary&quot;: &quot;Try to bypass the OCR circuit, maybe it will override the back-end sensor!&quot;,
+     &quot;description&quot;: &quot;If we bypass the array, we can get to the COM system through the cross-platform SAS alarm!&quot;,
+     &quot;message&quot;: &quot;Try to compress the CLI pixel, maybe it will compress the virtual sensor!&quot;,
+     &quot;summary&quot;: &quot;We need to transmit the solid state IP interface!&quot;,
    },
    {
-     &quot;description&quot;: &quot;compressing the bandwidth won&apos;t do anything, we need to synthesize the virtual THX card!&quot;,
-     &quot;message&quot;: &quot;We need to program the 1080p SQL card!&quot;,
-     &quot;summary&quot;: &quot;Use the digital ASCII matrix, then you can copy the virtual application!&quot;,
+     &quot;description&quot;: &quot;I&apos;ll calculate the solid state CLI transmitter, that should bandwidth the COM protocol!&quot;,
+     &quot;message&quot;: &quot;calculating the sensor won&apos;t do anything, we need to compress the open-source USB microchip!&quot;,
+     &quot;summary&quot;: &quot;If we parse the matrix, we can get to the EXE capacitor through the digital GB bandwidth!&quot;,
    },
    {
-     &quot;description&quot;: &quot;We need to reboot the virtual HEX pixel!&quot;,
-     &quot;message&quot;: &quot;Try to program the ADP card, maybe it will copy the redundant alarm!&quot;,
-     &quot;summary&quot;: &quot;Use the auxiliary COM card, then you can override the bluetooth sensor!&quot;,
+     &quot;description&quot;: &quot;Use the primary USB firewall, then you can transmit the primary driver!&quot;,
+     &quot;message&quot;: &quot;We need to hack the back-end JBOD bandwidth!&quot;,
+     &quot;summary&quot;: &quot;I&apos;ll override the wireless ADP array, that should panel the SSD system!&quot;,
    },
    {
-     &quot;description&quot;: &quot;The JSON alarm is down, navigate the solid state feed so we can input the OCR pixel!&quot;,
-     &quot;message&quot;: &quot;If we hack the hard drive, we can get to the ASCII program through the haptic SMS sensor!&quot;,
-     &quot;summary&quot;: &quot;You can&apos;t navigate the bus without programming the mobile API matrix!&quot;,
+     &quot;description&quot;: &quot;Use the neural HEX driver, then you can back up the open-source application!&quot;,
+     &quot;message&quot;: &quot;Try to bypass the API monitor, maybe it will parse the open-source sensor!&quot;,
+     &quot;summary&quot;: &quot;You can&apos;t back up the microchip without calculating the solid state COM interface!&quot;,
    },
    {
-     &quot;description&quot;: &quot;Try to transmit the AI microchip, maybe it will copy the back-end card!&quot;,
-     &quot;message&quot;: &quot;I&apos;ll parse the back-end SSD bandwidth, that should capacitor the DRAM bandwidth!&quot;,
-     &quot;summary&quot;: &quot;transmitting the driver won&apos;t do anything, we need to quantify the auxiliary SDD microchip!&quot;,
+     &quot;description&quot;: &quot;Use the wireless SQL hard drive, then you can connect the 1080p bandwidth!&quot;,
+     &quot;message&quot;: &quot;Use the bluetooth PCI capacitor, then you can hack the back-end pixel!&quot;,
+     &quot;summary&quot;: &quot;Use the primary XSS monitor, then you can calculate the optical application!&quot;,
    },
  ]

 ❯ src/test-suite-12.spec.ts:21:20
            </failure>
        </testcase>
        <testcase classname="src/test-suite-12.spec.ts" name="&apos;Proactive well-modulated monitoring&apos; &gt; &apos;If we calculate the panel, we can get…&apos;" time="0.000038834">
        </testcase>
        <testcase classname="src/test-suite-12.spec.ts" name="&apos;Proactive well-modulated monitoring&apos; &gt; &apos;We need to bypass the redundant SCSI …&apos;" time="0.000219666">
            <failure message="expected [ { …(3) }, { …(3) }, { …(3) }, …(2) ] to deeply equal [ { …(3) }, { …(3) } ]" type="AssertionError">
AssertionError: expected [ { …(3) }, { …(3) }, { …(3) }, …(2) ] to deeply equal [ { …(3) }, { …(3) } ]

- Expected
+ Received

  [
    {
-     &quot;description&quot;: &quot;I&apos;ll quantify the cross-platform RAM firewall, that should protocol the ADP transmitter!&quot;,
-     &quot;message&quot;: &quot;Use the redundant ASCII pixel, then you can program the open-source capacitor!&quot;,
-     &quot;summary&quot;: &quot;If we generate the transmitter, we can get to the SAS sensor through the haptic UTF8 bandwidth!&quot;,
+     &quot;description&quot;: &quot;Use the wireless TCP array, then you can input the 1080p panel!&quot;,
+     &quot;message&quot;: &quot;If we transmit the system, we can get to the COM array through the optical THX driver!&quot;,
+     &quot;summary&quot;: &quot;hacking the capacitor won&apos;t do anything, we need to back up the open-source RSS interface!&quot;,
+   },
+   {
+     &quot;description&quot;: &quot;We need to index the haptic PNG alarm!&quot;,
+     &quot;message&quot;: &quot;You can&apos;t calculate the hard drive without programming the auxiliary SCSI interface!&quot;,
+     &quot;summary&quot;: &quot;I&apos;ll back up the primary THX driver, that should driver the COM hard drive!&quot;,
+   },
+   {
+     &quot;description&quot;: &quot;Try to synthesize the SAS alarm, maybe it will copy the optical transmitter!&quot;,
+     &quot;message&quot;: &quot;We need to parse the primary PCI feed!&quot;,
+     &quot;summary&quot;: &quot;Use the primary XSS array, then you can navigate the back-end matrix!&quot;,
+   },
+   {
+     &quot;description&quot;: &quot;Use the auxiliary SDD circuit, then you can index the online protocol!&quot;,
+     &quot;message&quot;: &quot;Try to input the THX system, maybe it will navigate the auxiliary alarm!&quot;,
+     &quot;summary&quot;: &quot;Try to quantify the XML panel, maybe it will copy the digital port!&quot;,
    },
    {
-     &quot;description&quot;: &quot;Use the neural GB program, then you can quantify the haptic monitor!&quot;,
-     &quot;message&quot;: &quot;connecting the matrix won&apos;t do anything, we need to copy the back-end SMTP alarm!&quot;,
-     &quot;summary&quot;: &quot;We need to bypass the mobile OCR card!&quot;,
+     &quot;description&quot;: &quot;hacking the firewall won&apos;t do anything, we need to copy the digital RSS transmitter!&quot;,
+     &quot;message&quot;: &quot;We need to transmit the solid state HDD driver!&quot;,
+     &quot;summary&quot;: &quot;Try to quantify the CSS panel, maybe it will synthesize the open-source firewall!&quot;,
    },
  ]

 ❯ src/test-suite-12.spec.ts:21:20
            </failure>
        </testcase>
        <testcase classname="src/test-suite-12.spec.ts" name="&apos;Proactive well-modulated monitoring&apos; &gt; &apos;The HDD application is down, transmit…&apos;" time="0.000051791">
        </testcase>
        <testcase classname="src/test-suite-12.spec.ts" name="&apos;Proactive well-modulated monitoring&apos; &gt; &apos;If we synthesize the card, we can get…&apos;" time="0.000165834">
            <failure message="expected [ { …(3) }, { …(3) } ] to deeply equal [ { …(3) }, { …(3) } ]" type="AssertionError">
AssertionError: expected [ { …(3) }, { …(3) } ] to deeply equal [ { …(3) }, { …(3) } ]

- Expected
+ Received

  [
    {
-     &quot;description&quot;: &quot;Try to hack the ASCII feed, maybe it will reboot the primary monitor!&quot;,
-     &quot;message&quot;: &quot;I&apos;ll bypass the digital ASCII protocol, that should monitor the SAS bandwidth!&quot;,
-     &quot;summary&quot;: &quot;We need to hack the redundant EXE interface!&quot;,
+     &quot;description&quot;: &quot;If we bypass the card, we can get to the SAS protocol through the cross-platform VGA transmitter!&quot;,
+     &quot;message&quot;: &quot;quantifying the protocol won&apos;t do anything, we need to calculate the cross-platform ADP pixel!&quot;,
+     &quot;summary&quot;: &quot;If we copy the alarm, we can get to the HDD program through the redundant IP interface!&quot;,
    },
    {
-     &quot;description&quot;: &quot;The PCI alarm is down, bypass the digital firewall so we can copy the DNS feed!&quot;,
-     &quot;message&quot;: &quot;You can&apos;t hack the firewall without navigating the auxiliary OCR system!&quot;,
-     &quot;summary&quot;: &quot;You can&apos;t quantify the microchip without parsing the 1080p XML system!&quot;,
+     &quot;description&quot;: &quot;If we bypass the array, we can get to the SDD application through the multi-byte PNG hard drive!&quot;,
+     &quot;message&quot;: &quot;We need to input the online CLI protocol!&quot;,
+     &quot;summary&quot;: &quot;Try to input the AGP transmitter, maybe it will copy the mobile bandwidth!&quot;,
    },
  ]

 ❯ src/test-suite-12.spec.ts:21:20
            </failure>
        </testcase>
        <testcase classname="src/test-suite-12.spec.ts" name="&apos;Proactive well-modulated monitoring&apos; &gt; &apos;You can\&apos;t quantify the program witho…&apos;" time="0.000035167">
        </testcase>
        <testcase classname="src/test-suite-12.spec.ts" name="&apos;Proactive well-modulated monitoring&apos; &gt; &apos;navigating the system won\&apos;t do anyth…&apos;" time="0.000200334">
            <failure message="expected [ { …(3) }, { …(3) }, { …(3) }, …(1) ] to deeply equal [ { …(3) }, { …(3) } ]" type="AssertionError">
AssertionError: expected [ { …(3) }, { …(3) }, { …(3) }, …(1) ] to deeply equal [ { …(3) }, { …(3) } ]

- Expected
+ Received

  [
    {
-     &quot;description&quot;: &quot;If we transmit the bandwidth, we can get to the JBOD panel through the optical SDD matrix!&quot;,
-     &quot;message&quot;: &quot;The JBOD capacitor is down, compress the auxiliary panel so we can reboot the RSS capacitor!&quot;,
-     &quot;summary&quot;: &quot;If we override the application, we can get to the SSL protocol through the 1080p RSS interface!&quot;,
+     &quot;description&quot;: &quot;You can&apos;t back up the card without hacking the open-source UTF8 matrix!&quot;,
+     &quot;message&quot;: &quot;synthesizing the matrix won&apos;t do anything, we need to parse the digital SCSI microchip!&quot;,
+     &quot;summary&quot;: &quot;The AI bus is down, parse the neural capacitor so we can navigate the HTTP matrix!&quot;,
    },
    {
-     &quot;description&quot;: &quot;We need to connect the haptic SCSI hard drive!&quot;,
-     &quot;message&quot;: &quot;Use the redundant OCR monitor, then you can hack the neural interface!&quot;,
-     &quot;summary&quot;: &quot;You can&apos;t override the firewall without transmitting the redundant FTP alarm!&quot;,
+     &quot;description&quot;: &quot;Use the neural SSD sensor, then you can input the cross-platform circuit!&quot;,
+     &quot;message&quot;: &quot;We need to synthesize the 1080p TLS driver!&quot;,
+     &quot;summary&quot;: &quot;We need to generate the redundant SDD driver!&quot;,
+   },
+   {
+     &quot;description&quot;: &quot;I&apos;ll program the open-source XML protocol, that should bandwidth the AGP alarm!&quot;,
+     &quot;message&quot;: &quot;If we parse the matrix, we can get to the HEX matrix through the wireless API microchip!&quot;,
+     &quot;summary&quot;: &quot;Use the 1080p RAM system, then you can index the mobile driver!&quot;,
+   },
+   {
+     &quot;description&quot;: &quot;I&apos;ll generate the digital IB bus, that should feed the SMTP circuit!&quot;,
+     &quot;message&quot;: &quot;If we parse the pixel, we can get to the SDD circuit through the open-source CLI feed!&quot;,
+     &quot;summary&quot;: &quot;If we generate the monitor, we can get to the SSD interface through the auxiliary SSD feed!&quot;,
    },
  ]

 ❯ src/test-suite-12.spec.ts:21:20
            </failure>
        </testcase>
        <testcase classname="src/test-suite-12.spec.ts" name="&apos;Proactive well-modulated monitoring&apos; &gt; &apos;If we index the matrix, we can get to…&apos;" time="0.0000445">
        </testcase>
        <testcase classname="src/test-suite-12.spec.ts" name="&apos;Proactive well-modulated monitoring&apos; &gt; &apos;You can\&apos;t calculate the capacitor wi…&apos;" time="0.000164167">
            <failure message="expected [ { …(3) }, { …(3) } ] to deeply equal [ { …(3) }, { …(3) } ]" type="AssertionError">
AssertionError: expected [ { …(3) }, { …(3) } ] to deeply equal [ { …(3) }, { …(3) } ]

- Expected
+ Received

  [
    {
-     &quot;description&quot;: &quot;The PCI capacitor is down, back up the open-source bus so we can reboot the EXE port!&quot;,
-     &quot;message&quot;: &quot;We need to generate the mobile EXE array!&quot;,
-     &quot;summary&quot;: &quot;Use the online PNG transmitter, then you can program the 1080p circuit!&quot;,
+     &quot;description&quot;: &quot;I&apos;ll index the bluetooth HDD pixel, that should feed the CLI microchip!&quot;,
+     &quot;message&quot;: &quot;You can&apos;t parse the firewall without connecting the 1080p TLS circuit!&quot;,
+     &quot;summary&quot;: &quot;Try to navigate the DNS feed, maybe it will hack the haptic capacitor!&quot;,
    },
    {
-     &quot;description&quot;: &quot;If we program the pixel, we can get to the PCI panel through the solid state EXE bandwidth!&quot;,
-     &quot;message&quot;: &quot;Try to navigate the SSL system, maybe it will transmit the auxiliary protocol!&quot;,
-     &quot;summary&quot;: &quot;The SMS interface is down, transmit the 1080p panel so we can program the SMS system!&quot;,
+     &quot;description&quot;: &quot;Try to bypass the PNG hard drive, maybe it will synthesize the online capacitor!&quot;,
+     &quot;message&quot;: &quot;parsing the feed won&apos;t do anything, we need to navigate the open-source AI firewall!&quot;,
+     &quot;summary&quot;: &quot;The TCP bandwidth is down, synthesize the back-end system so we can reboot the SSL application!&quot;,
    },
  ]

 ❯ src/test-suite-12.spec.ts:21:20
            </failure>
        </testcase>
        <testcase classname="src/test-suite-12.spec.ts" name="&apos;Proactive well-modulated monitoring&apos; &gt; &apos;You can\&apos;t reboot the system without …&apos;" time="0.000039167">
        </testcase>
        <testcase classname="src/test-suite-12.spec.ts" name="&apos;Proactive well-modulated monitoring&apos; &gt; &apos;Use the virtual JBOD bus, then you ca…&apos;" time="0.000182167">
            <failure message="expected [ { …(3) }, { …(3) }, { …(3) } ] to deeply equal [ { …(3) }, { …(3) } ]" type="AssertionError">
AssertionError: expected [ { …(3) }, { …(3) }, { …(3) } ] to deeply equal [ { …(3) }, { …(3) } ]

- Expected
+ Received

  [
    {
-     &quot;description&quot;: &quot;navigating the array won&apos;t do anything, we need to override the online GB driver!&quot;,
-     &quot;message&quot;: &quot;The SQL driver is down, synthesize the multi-byte feed so we can navigate the SAS bandwidth!&quot;,
-     &quot;summary&quot;: &quot;If we transmit the transmitter, we can get to the SDD circuit through the primary SQL pixel!&quot;,
+     &quot;description&quot;: &quot;The SDD panel is down, calculate the virtual protocol so we can program the PCI panel!&quot;,
+     &quot;message&quot;: &quot;I&apos;ll back up the optical VGA card, that should array the PCI firewall!&quot;,
+     &quot;summary&quot;: &quot;You can&apos;t copy the driver without backing up the solid state CLI alarm!&quot;,
+   },
+   {
+     &quot;description&quot;: &quot;We need to transmit the 1080p COM driver!&quot;,
+     &quot;message&quot;: &quot;programming the panel won&apos;t do anything, we need to compress the haptic THX circuit!&quot;,
+     &quot;summary&quot;: &quot;You can&apos;t connect the matrix without navigating the auxiliary HDD hard drive!&quot;,
    },
    {
-     &quot;description&quot;: &quot;If we generate the panel, we can get to the ASCII feed through the bluetooth SMS array!&quot;,
-     &quot;message&quot;: &quot;I&apos;ll input the wireless IP system, that should interface the CSS driver!&quot;,
-     &quot;summary&quot;: &quot;You can&apos;t synthesize the program without hacking the optical CLI feed!&quot;,
+     &quot;description&quot;: &quot;Try to connect the UTF8 card, maybe it will reboot the back-end port!&quot;,
+     &quot;message&quot;: &quot;We need to transmit the bluetooth JBOD circuit!&quot;,
+     &quot;summary&quot;: &quot;If we copy the interface, we can get to the XSS port through the optical CLI circuit!&quot;,
    },
  ]

 ❯ src/test-suite-12.spec.ts:21:20
            </failure>
        </testcase>
        <testcase classname="src/test-suite-12.spec.ts" name="&apos;Proactive well-modulated monitoring&apos; &gt; &apos;Use the optical HTTP array, then you …&apos;" time="0.0000535">
        </testcase>
        <testcase classname="src/test-suite-12.spec.ts" name="&apos;Proactive well-modulated monitoring&apos; &gt; &apos;If we back up the firewall, we can ge…&apos;" time="0.00029025">
            <failure message="expected [ { …(3) }, { …(3) }, { …(3) }, …(2) ] to deeply equal [ { …(3) }, { …(3) }, { …(3) }, …(2) ]" type="AssertionError">
AssertionError: expected [ { …(3) }, { …(3) }, { …(3) }, …(2) ] to deeply equal [ { …(3) }, { …(3) }, { …(3) }, …(2) ]

- Expected
+ Received

  [
    {
-     &quot;description&quot;: &quot;You can&apos;t connect the pixel without parsing the optical RAM sensor!&quot;,
-     &quot;message&quot;: &quot;I&apos;ll input the wireless CLI feed, that should pixel the ADP transmitter!&quot;,
-     &quot;summary&quot;: &quot;synthesizing the firewall won&apos;t do anything, we need to compress the redundant SAS driver!&quot;,
+     &quot;description&quot;: &quot;You can&apos;t hack the hard drive without backing up the digital FTP system!&quot;,
+     &quot;message&quot;: &quot;We need to reboot the digital THX interface!&quot;,
+     &quot;summary&quot;: &quot;The EXE monitor is down, connect the multi-byte port so we can connect the EXE application!&quot;,
    },
    {
-     &quot;description&quot;: &quot;If we connect the hard drive, we can get to the SCSI monitor through the open-source DNS hard drive!&quot;,
-     &quot;message&quot;: &quot;bypassing the transmitter won&apos;t do anything, we need to reboot the haptic OCR hard drive!&quot;,
-     &quot;summary&quot;: &quot;Use the online ASCII driver, then you can reboot the haptic program!&quot;,
+     &quot;description&quot;: &quot;The IB hard drive is down, input the primary protocol so we can transmit the XSS circuit!&quot;,
+     &quot;message&quot;: &quot;I&apos;ll back up the mobile JSON capacitor, that should program the JSON bandwidth!&quot;,
+     &quot;summary&quot;: &quot;The AGP capacitor is down, bypass the primary monitor so we can connect the PCI array!&quot;,
    },
    {
-     &quot;description&quot;: &quot;We need to bypass the haptic IB circuit!&quot;,
-     &quot;message&quot;: &quot;I&apos;ll input the multi-byte EXE card, that should firewall the AGP capacitor!&quot;,
-     &quot;summary&quot;: &quot;hacking the feed won&apos;t do anything, we need to program the redundant CSS application!&quot;,
+     &quot;description&quot;: &quot;Try to navigate the EXE transmitter, maybe it will calculate the haptic transmitter!&quot;,
+     &quot;message&quot;: &quot;Use the wireless SDD driver, then you can override the primary monitor!&quot;,
+     &quot;summary&quot;: &quot;compressing the feed won&apos;t do anything, we need to input the back-end EXE transmitter!&quot;,
    },
    {
-     &quot;description&quot;: &quot;We need to override the neural HEX firewall!&quot;,
-     &quot;message&quot;: &quot;You can&apos;t quantify the card without connecting the digital EXE system!&quot;,
-     &quot;summary&quot;: &quot;You can&apos;t quantify the protocol without compressing the neural DNS port!&quot;,
+     &quot;description&quot;: &quot;You can&apos;t quantify the capacitor without navigating the primary XML port!&quot;,
+     &quot;message&quot;: &quot;indexing the array won&apos;t do anything, we need to compress the digital RSS card!&quot;,
+     &quot;summary&quot;: &quot;We need to transmit the neural ADP matrix!&quot;,
    },
    {
-     &quot;description&quot;: &quot;Use the back-end PCI matrix, then you can program the virtual program!&quot;,
-     &quot;message&quot;: &quot;You can&apos;t generate the firewall without compressing the auxiliary SAS feed!&quot;,
-     &quot;summary&quot;: &quot;parsing the application won&apos;t do anything, we need to bypass the wireless AI feed!&quot;,
+     &quot;description&quot;: &quot;I&apos;ll reboot the digital PNG bus, that should microchip the HTTP circuit!&quot;,
+     &quot;message&quot;: &quot;bypassing the card won&apos;t do anything, we need to bypass the solid state COM capacitor!&quot;,
+     &quot;summary&quot;: &quot;I&apos;ll compress the solid state CLI capacitor, that should interface the USB port!&quot;,
    },
  ]

 ❯ src/test-suite-12.spec.ts:21:20
            </failure>
        </testcase>
        <testcase classname="src/test-suite-12.spec.ts" name="&apos;Proactive well-modulated monitoring&apos; &gt; &apos;We need to compress the bluetooth SSD…&apos;" time="0.000033667">
        </testcase>
        <testcase classname="src/test-suite-12.spec.ts" name="&apos;Proactive well-modulated monitoring&apos; &gt; &apos;If we connect the panel, we can get t…&apos;" time="0.00051575">
            <failure message="expected [ { …(3) }, { …(3) }, { …(3) }, …(2) ] to deeply equal [ { …(3) }, { …(3) }, { …(3) } ]" type="AssertionError">
AssertionError: expected [ { …(3) }, { …(3) }, { …(3) }, …(2) ] to deeply equal [ { …(3) }, { …(3) }, { …(3) } ]

- Expected
+ Received

  [
    {
-     &quot;description&quot;: &quot;connecting the panel won&apos;t do anything, we need to copy the auxiliary VGA capacitor!&quot;,
-     &quot;message&quot;: &quot;You can&apos;t parse the application without quantifying the primary ASCII bandwidth!&quot;,
-     &quot;summary&quot;: &quot;We need to input the optical THX card!&quot;,
+     &quot;description&quot;: &quot;We need to hack the solid state JBOD interface!&quot;,
+     &quot;message&quot;: &quot;calculating the card won&apos;t do anything, we need to synthesize the back-end AI bus!&quot;,
+     &quot;summary&quot;: &quot;transmitting the firewall won&apos;t do anything, we need to index the redundant TCP circuit!&quot;,
    },
    {
-     &quot;description&quot;: &quot;I&apos;ll generate the digital XML sensor, that should bus the CLI feed!&quot;,
-     &quot;message&quot;: &quot;Use the neural API pixel, then you can calculate the solid state feed!&quot;,
-     &quot;summary&quot;: &quot;copying the microchip won&apos;t do anything, we need to override the digital CSS hard drive!&quot;,
+     &quot;description&quot;: &quot;I&apos;ll calculate the multi-byte AGP sensor, that should alarm the OCR bus!&quot;,
+     &quot;message&quot;: &quot;transmitting the application won&apos;t do anything, we need to compress the 1080p SSD bandwidth!&quot;,
+     &quot;summary&quot;: &quot;Try to generate the TCP microchip, maybe it will program the online panel!&quot;,
    },
    {
-     &quot;description&quot;: &quot;The RSS microchip is down, back up the optical sensor so we can calculate the VGA capacitor!&quot;,
-     &quot;message&quot;: &quot;Use the open-source SMTP panel, then you can index the wireless feed!&quot;,
-     &quot;summary&quot;: &quot;Try to override the JSON capacitor, maybe it will quantify the bluetooth hard drive!&quot;,
+     &quot;description&quot;: &quot;If we reboot the matrix, we can get to the UDP firewall through the online OCR sensor!&quot;,
+     &quot;message&quot;: &quot;You can&apos;t hack the panel without navigating the open-source PCI bus!&quot;,
+     &quot;summary&quot;: &quot;Use the multi-byte EXE capacitor, then you can transmit the mobile protocol!&quot;,
+   },
+   {
+     &quot;description&quot;: &quot;Try to reboot the SQL matrix, maybe it will navigate the multi-byte capacitor!&quot;,
+     &quot;message&quot;: &quot;The THX circuit is down, parse the 1080p matrix so we can connect the UTF8 feed!&quot;,
+     &quot;summary&quot;: &quot;Try to compress the THX array, maybe it will bypass the cross-platform system!&quot;,
+   },
+   {
+     &quot;description&quot;: &quot;navigating the feed won&apos;t do anything, we need to synthesize the online COM matrix!&quot;,
+     &quot;message&quot;: &quot;We need to generate the auxiliary HEX sensor!&quot;,
+     &quot;summary&quot;: &quot;Use the wireless SMS firewall, then you can parse the multi-byte monitor!&quot;,
    },
  ]

 ❯ src/test-suite-12.spec.ts:21:20
            </failure>
        </testcase>
        <testcase classname="src/test-suite-12.spec.ts" name="&apos;Proactive well-modulated monitoring&apos; &gt; &apos;Try to input the JSON interface, mayb…&apos;" time="0.000061208">
        </testcase>
        <testcase classname="src/test-suite-12.spec.ts" name="&apos;Proactive well-modulated monitoring&apos; &gt; &apos;Try to parse the ADP card, maybe it w…&apos;" time="0.000289417">
            <failure message="expected [ { …(3) }, { …(3) }, { …(3) }, …(1) ] to deeply equal [ { …(3) }, { …(3) }, { …(3) }, …(2) ]" type="AssertionError">
AssertionError: expected [ { …(3) }, { …(3) }, { …(3) }, …(1) ] to deeply equal [ { …(3) }, { …(3) }, { …(3) }, …(2) ]

- Expected
+ Received

  [
    {
-     &quot;description&quot;: &quot;parsing the interface won&apos;t do anything, we need to synthesize the neural RAM program!&quot;,
-     &quot;message&quot;: &quot;I&apos;ll transmit the open-source USB pixel, that should circuit the SDD protocol!&quot;,
-     &quot;summary&quot;: &quot;If we copy the card, we can get to the HEX capacitor through the multi-byte IP hard drive!&quot;,
+     &quot;description&quot;: &quot;Try to compress the GB firewall, maybe it will override the open-source capacitor!&quot;,
+     &quot;message&quot;: &quot;overriding the circuit won&apos;t do anything, we need to navigate the online CLI panel!&quot;,
+     &quot;summary&quot;: &quot;synthesizing the matrix won&apos;t do anything, we need to index the primary USB interface!&quot;,
    },
    {
-     &quot;description&quot;: &quot;Use the neural CSS hard drive, then you can back up the primary pixel!&quot;,
-     &quot;message&quot;: &quot;You can&apos;t parse the interface without connecting the auxiliary DNS capacitor!&quot;,
-     &quot;summary&quot;: &quot;Try to synthesize the SSD capacitor, maybe it will override the virtual pixel!&quot;,
-   },
-   {
-     &quot;description&quot;: &quot;You can&apos;t generate the application without programming the redundant TLS microchip!&quot;,
-     &quot;message&quot;: &quot;If we calculate the bandwidth, we can get to the COM application through the optical THX driver!&quot;,
-     &quot;summary&quot;: &quot;Use the online ADP sensor, then you can compress the 1080p capacitor!&quot;,
+     &quot;description&quot;: &quot;If we quantify the bus, we can get to the HTTP panel through the haptic IP protocol!&quot;,
+     &quot;message&quot;: &quot;copying the feed won&apos;t do anything, we need to copy the back-end SDD driver!&quot;,
+     &quot;summary&quot;: &quot;Try to copy the USB program, maybe it will quantify the online matrix!&quot;,
    },
    {
-     &quot;description&quot;: &quot;Try to calculate the HEX transmitter, maybe it will copy the virtual alarm!&quot;,
-     &quot;message&quot;: &quot;You can&apos;t copy the alarm without overriding the digital VGA microchip!&quot;,
-     &quot;summary&quot;: &quot;You can&apos;t reboot the array without generating the haptic RAM panel!&quot;,
+     &quot;description&quot;: &quot;We need to hack the solid state XML card!&quot;,
+     &quot;message&quot;: &quot;The JSON pixel is down, copy the wireless array so we can copy the SQL protocol!&quot;,
+     &quot;summary&quot;: &quot;Try to copy the USB panel, maybe it will index the auxiliary alarm!&quot;,
    },
    {
-     &quot;description&quot;: &quot;Use the digital XSS sensor, then you can connect the solid state port!&quot;,
-     &quot;message&quot;: &quot;We need to back up the mobile CLI hard drive!&quot;,
-     &quot;summary&quot;: &quot;hacking the bus won&apos;t do anything, we need to hack the cross-platform GB firewall!&quot;,
+     &quot;description&quot;: &quot;navigating the alarm won&apos;t do anything, we need to quantify the online FTP pixel!&quot;,
+     &quot;message&quot;: &quot;We need to index the back-end GB capacitor!&quot;,
+     &quot;summary&quot;: &quot;navigating the port won&apos;t do anything, we need to transmit the open-source RAM program!&quot;,
    },
  ]

 ❯ src/test-suite-12.spec.ts:21:20
            </failure>
        </testcase>
        <testcase classname="src/test-suite-12.spec.ts" name="&apos;Proactive well-modulated monitoring&apos; &gt; &apos;I\&apos;ll index the back-end ADP capacito…&apos;" time="0.000043167">
        </testcase>
        <testcase classname="src/test-suite-12.spec.ts" name="&apos;Proactive well-modulated monitoring&apos; &gt; &apos;We need to connect the redundant USB …&apos;" time="0.000181166">
            <failure message="expected [ { …(3) }, { …(3) } ] to deeply equal [ { …(3) }, { …(3) } ]" type="AssertionError">
AssertionError: expected [ { …(3) }, { …(3) } ] to deeply equal [ { …(3) }, { …(3) } ]

- Expected
+ Received

  [
    {
-     &quot;description&quot;: &quot;You can&apos;t index the hard drive without parsing the multi-byte THX capacitor!&quot;,
-     &quot;message&quot;: &quot;The SAS microchip is down, compress the optical system so we can synthesize the AI alarm!&quot;,
-     &quot;summary&quot;: &quot;Use the primary USB array, then you can bypass the cross-platform array!&quot;,
+     &quot;description&quot;: &quot;You can&apos;t transmit the port without indexing the virtual DNS matrix!&quot;,
+     &quot;message&quot;: &quot;We need to navigate the bluetooth SAS firewall!&quot;,
+     &quot;summary&quot;: &quot;Use the haptic SQL hard drive, then you can generate the neural program!&quot;,
    },
    {
-     &quot;description&quot;: &quot;I&apos;ll quantify the primary USB card, that should firewall the SCSI capacitor!&quot;,
-     &quot;message&quot;: &quot;The AI card is down, navigate the auxiliary bus so we can override the GB feed!&quot;,
-     &quot;summary&quot;: &quot;We need to generate the back-end XSS system!&quot;,
+     &quot;description&quot;: &quot;The COM system is down, hack the online panel so we can parse the RAM bandwidth!&quot;,
+     &quot;message&quot;: &quot;We need to compress the solid state USB hard drive!&quot;,
+     &quot;summary&quot;: &quot;Try to calculate the UTF8 alarm, maybe it will connect the cross-platform alarm!&quot;,
    },
  ]

 ❯ src/test-suite-12.spec.ts:21:20
            </failure>
        </testcase>
        <testcase classname="src/test-suite-12.spec.ts" name="&apos;Proactive well-modulated monitoring&apos; &gt; &apos;I\&apos;ll override the back-end DNS feed,…&apos;" time="0.000081792">
        </testcase>
        <testcase classname="src/test-suite-12.spec.ts" name="&apos;Proactive well-modulated monitoring&apos; &gt; &apos;If we reboot the application, we can …&apos;" time="0.00022475">
            <failure message="expected [ { …(3) }, { …(3) }, { …(3) } ] to deeply equal [ { …(3) }, { …(3) }, { …(3) } ]" type="AssertionError">
AssertionError: expected [ { …(3) }, { …(3) }, { …(3) } ] to deeply equal [ { …(3) }, { …(3) }, { …(3) } ]

- Expected
+ Received

  [
    {
-     &quot;description&quot;: &quot;The THX driver is down, back up the haptic bandwidth so we can compress the RAM feed!&quot;,
-     &quot;message&quot;: &quot;The SAS microchip is down, compress the wireless pixel so we can copy the SQL panel!&quot;,
-     &quot;summary&quot;: &quot;We need to navigate the solid state GB port!&quot;,
+     &quot;description&quot;: &quot;You can&apos;t program the firewall without backing up the primary ADP hard drive!&quot;,
+     &quot;message&quot;: &quot;I&apos;ll back up the neural DNS bus, that should alarm the XSS array!&quot;,
+     &quot;summary&quot;: &quot;If we reboot the microchip, we can get to the AGP sensor through the wireless AGP port!&quot;,
    },
    {
-     &quot;description&quot;: &quot;Try to override the DRAM system, maybe it will back up the solid state matrix!&quot;,
-     &quot;message&quot;: &quot;We need to generate the virtual IB bandwidth!&quot;,
-     &quot;summary&quot;: &quot;Use the bluetooth AI bus, then you can program the solid state sensor!&quot;,
+     &quot;description&quot;: &quot;The SMTP program is down, copy the back-end circuit so we can hack the TCP bus!&quot;,
+     &quot;message&quot;: &quot;We need to hack the virtual DNS port!&quot;,
+     &quot;summary&quot;: &quot;calculating the array won&apos;t do anything, we need to program the open-source ADP program!&quot;,
    },
    {
-     &quot;description&quot;: &quot;If we program the sensor, we can get to the OCR driver through the online XSS bus!&quot;,
-     &quot;message&quot;: &quot;We need to calculate the virtual CSS application!&quot;,
-     &quot;summary&quot;: &quot;I&apos;ll reboot the neural PCI bus, that should protocol the AI interface!&quot;,
+     &quot;description&quot;: &quot;Try to calculate the JBOD feed, maybe it will back up the primary card!&quot;,
+     &quot;message&quot;: &quot;calculating the program won&apos;t do anything, we need to connect the primary XML sensor!&quot;,
+     &quot;summary&quot;: &quot;We need to quantify the redundant SCSI capacitor!&quot;,
    },
  ]

 ❯ src/test-suite-12.spec.ts:21:20
            </failure>
        </testcase>
        <testcase classname="src/test-suite-12.spec.ts" name="&apos;Phased systematic toolset&apos; &gt; &apos;The COM bandwidth is down, bypass the…&apos;" time="0.000241792">
            <failure message="expected [ { …(3) }, { …(3) }, { …(3) }, …(2) ] to deeply equal [ { …(3) }, { …(3) } ]" type="AssertionError">
AssertionError: expected [ { …(3) }, { …(3) }, { …(3) }, …(2) ] to deeply equal [ { …(3) }, { …(3) } ]

- Expected
+ Received

  [
    {
-     &quot;description&quot;: &quot;Try to hack the VGA feed, maybe it will hack the neural driver!&quot;,
-     &quot;message&quot;: &quot;The AGP bus is down, override the neural firewall so we can quantify the FTP alarm!&quot;,
-     &quot;summary&quot;: &quot;The ASCII bandwidth is down, parse the auxiliary card so we can connect the PNG pixel!&quot;,
+     &quot;description&quot;: &quot;Use the 1080p HDD program, then you can quantify the redundant card!&quot;,
+     &quot;message&quot;: &quot;You can&apos;t transmit the application without hacking the virtual THX hard drive!&quot;,
+     &quot;summary&quot;: &quot;The SMS sensor is down, input the neural microchip so we can copy the XSS circuit!&quot;,
+   },
+   {
+     &quot;description&quot;: &quot;I&apos;ll hack the virtual GB monitor, that should array the VGA protocol!&quot;,
+     &quot;message&quot;: &quot;I&apos;ll copy the redundant ADP monitor, that should application the SMTP driver!&quot;,
+     &quot;summary&quot;: &quot;overriding the sensor won&apos;t do anything, we need to transmit the bluetooth SAS array!&quot;,
+   },
+   {
+     &quot;description&quot;: &quot;Try to program the VGA protocol, maybe it will calculate the cross-platform feed!&quot;,
+     &quot;message&quot;: &quot;overriding the panel won&apos;t do anything, we need to copy the wireless SSD transmitter!&quot;,
+     &quot;summary&quot;: &quot;You can&apos;t transmit the port without quantifying the open-source VGA alarm!&quot;,
+   },
+   {
+     &quot;description&quot;: &quot;We need to hack the back-end HEX program!&quot;,
+     &quot;message&quot;: &quot;Try to input the DRAM array, maybe it will hack the 1080p transmitter!&quot;,
+     &quot;summary&quot;: &quot;Try to generate the JBOD interface, maybe it will generate the haptic application!&quot;,
    },
    {
-     &quot;description&quot;: &quot;The CSS card is down, navigate the multi-byte application so we can hack the DNS protocol!&quot;,
-     &quot;message&quot;: &quot;If we index the driver, we can get to the PNG program through the bluetooth AI array!&quot;,
-     &quot;summary&quot;: &quot;Use the optical RAM pixel, then you can copy the online driver!&quot;,
+     &quot;description&quot;: &quot;Use the bluetooth SCSI matrix, then you can override the primary firewall!&quot;,
+     &quot;message&quot;: &quot;Try to transmit the UTF8 array, maybe it will override the mobile microchip!&quot;,
+     &quot;summary&quot;: &quot;Try to calculate the DNS microchip, maybe it will navigate the back-end capacitor!&quot;,
    },
  ]

 ❯ src/test-suite-12.spec.ts:21:20
            </failure>
        </testcase>
        <testcase classname="src/test-suite-12.spec.ts" name="&apos;Phased systematic toolset&apos; &gt; &apos;transmitting the pixel won\&apos;t do anyt…&apos;" time="0.000036125">
        </testcase>
        <testcase classname="src/test-suite-12.spec.ts" name="&apos;Phased systematic toolset&apos; &gt; &apos;synthesizing the circuit won\&apos;t do an…&apos;" time="0.000231625">
            <failure message="expected [ { …(3) }, { …(3) }, { …(3) } ] to deeply equal [ { …(3) }, { …(3) }, { …(3) }, …(1) ]" type="AssertionError">
AssertionError: expected [ { …(3) }, { …(3) }, { …(3) } ] to deeply equal [ { …(3) }, { …(3) }, { …(3) }, …(1) ]

- Expected
+ Received

  [
    {
-     &quot;description&quot;: &quot;If we connect the transmitter, we can get to the JBOD interface through the redundant PCI sensor!&quot;,
-     &quot;message&quot;: &quot;If we synthesize the transmitter, we can get to the COM circuit through the optical CLI array!&quot;,
-     &quot;summary&quot;: &quot;If we input the feed, we can get to the SAS protocol through the auxiliary SSL interface!&quot;,
-   },
-   {
-     &quot;description&quot;: &quot;bypassing the microchip won&apos;t do anything, we need to connect the primary API hard drive!&quot;,
-     &quot;message&quot;: &quot;The RAM application is down, compress the 1080p alarm so we can back up the SDD firewall!&quot;,
-     &quot;summary&quot;: &quot;You can&apos;t generate the system without calculating the cross-platform SMTP interface!&quot;,
+     &quot;description&quot;: &quot;If we navigate the monitor, we can get to the RSS card through the online CLI interface!&quot;,
+     &quot;message&quot;: &quot;copying the firewall won&apos;t do anything, we need to calculate the primary TLS circuit!&quot;,
+     &quot;summary&quot;: &quot;I&apos;ll override the haptic RSS system, that should protocol the VGA application!&quot;,
    },
    {
-     &quot;description&quot;: &quot;We need to input the virtual UTF8 circuit!&quot;,
-     &quot;message&quot;: &quot;Try to input the JBOD feed, maybe it will back up the auxiliary pixel!&quot;,
-     &quot;summary&quot;: &quot;I&apos;ll index the optical HTTP monitor, that should transmitter the HDD array!&quot;,
+     &quot;description&quot;: &quot;synthesizing the array won&apos;t do anything, we need to program the wireless IP matrix!&quot;,
+     &quot;message&quot;: &quot;I&apos;ll copy the bluetooth UTF8 card, that should capacitor the CLI pixel!&quot;,
+     &quot;summary&quot;: &quot;If we synthesize the sensor, we can get to the SSL alarm through the open-source SQL driver!&quot;,
    },
    {
-     &quot;description&quot;: &quot;If we connect the driver, we can get to the COM panel through the digital AGP system!&quot;,
-     &quot;message&quot;: &quot;Try to reboot the JSON card, maybe it will override the auxiliary card!&quot;,
-     &quot;summary&quot;: &quot;calculating the microchip won&apos;t do anything, we need to program the neural ADP capacitor!&quot;,
+     &quot;description&quot;: &quot;I&apos;ll compress the optical ADP system, that should microchip the SSL program!&quot;,
+     &quot;message&quot;: &quot;If we navigate the hard drive, we can get to the ADP panel through the bluetooth RSS card!&quot;,
+     &quot;summary&quot;: &quot;navigating the circuit won&apos;t do anything, we need to parse the auxiliary GB bandwidth!&quot;,
    },
  ]

 ❯ src/test-suite-12.spec.ts:21:20
            </failure>
        </testcase>
        <testcase classname="src/test-suite-12.spec.ts" name="&apos;Phased systematic toolset&apos; &gt; &apos;generating the capacitor won\&apos;t do an…&apos;" time="0.000078333">
        </testcase>
        <testcase classname="src/test-suite-12.spec.ts" name="&apos;Phased systematic toolset&apos; &gt; &apos;I\&apos;ll quantify the auxiliary HDD matr…&apos;" time="0.000316917">
            <failure message="expected [ { …(3) }, { …(3) }, { …(3) } ] to deeply equal [ { …(3) }, { …(3) }, { …(3) }, …(2) ]" type="AssertionError">
AssertionError: expected [ { …(3) }, { …(3) }, { …(3) } ] to deeply equal [ { …(3) }, { …(3) }, { …(3) }, …(2) ]

- Expected
+ Received

  [
    {
-     &quot;description&quot;: &quot;Use the cross-platform API array, then you can bypass the back-end port!&quot;,
-     &quot;message&quot;: &quot;You can&apos;t connect the pixel without copying the 1080p TLS pixel!&quot;,
-     &quot;summary&quot;: &quot;We need to transmit the 1080p JBOD application!&quot;,
+     &quot;description&quot;: &quot;I&apos;ll synthesize the bluetooth API protocol, that should hard drive the HEX program!&quot;,
+     &quot;message&quot;: &quot;The COM alarm is down, reboot the haptic pixel so we can synthesize the DRAM capacitor!&quot;,
+     &quot;summary&quot;: &quot;The FTP circuit is down, quantify the cross-platform matrix so we can input the DRAM card!&quot;,
    },
    {
-     &quot;description&quot;: &quot;Try to index the FTP protocol, maybe it will parse the primary monitor!&quot;,
-     &quot;message&quot;: &quot;If we program the pixel, we can get to the API panel through the 1080p DRAM feed!&quot;,
-     &quot;summary&quot;: &quot;I&apos;ll override the optical UTF8 pixel, that should panel the DRAM pixel!&quot;,
+     &quot;description&quot;: &quot;I&apos;ll quantify the neural SCSI feed, that should bandwidth the IP microchip!&quot;,
+     &quot;message&quot;: &quot;If we program the transmitter, we can get to the XML driver through the multi-byte SDD capacitor!&quot;,
+     &quot;summary&quot;: &quot;The JSON program is down, input the redundant sensor so we can hack the TLS interface!&quot;,
    },
    {
-     &quot;description&quot;: &quot;You can&apos;t synthesize the interface without bypassing the primary DRAM application!&quot;,
-     &quot;message&quot;: &quot;Use the neural TLS interface, then you can navigate the cross-platform panel!&quot;,
-     &quot;summary&quot;: &quot;We need to back up the wireless CLI system!&quot;,
-   },
-   {
-     &quot;description&quot;: &quot;You can&apos;t generate the application without copying the primary PNG program!&quot;,
-     &quot;message&quot;: &quot;Try to bypass the SSL firewall, maybe it will index the primary feed!&quot;,
-     &quot;summary&quot;: &quot;You can&apos;t bypass the array without generating the neural SCSI feed!&quot;,
-   },
-   {
-     &quot;description&quot;: &quot;You can&apos;t generate the sensor without quantifying the redundant SQL protocol!&quot;,
-     &quot;message&quot;: &quot;Use the multi-byte SSL protocol, then you can calculate the solid state interface!&quot;,
-     &quot;summary&quot;: &quot;Try to calculate the SDD transmitter, maybe it will copy the auxiliary transmitter!&quot;,
+     &quot;description&quot;: &quot;If we navigate the transmitter, we can get to the SCSI interface through the redundant JBOD bandwidth!&quot;,
+     &quot;message&quot;: &quot;compressing the system won&apos;t do anything, we need to connect the virtual HTTP feed!&quot;,
+     &quot;summary&quot;: &quot;programming the transmitter won&apos;t do anything, we need to input the mobile XSS circuit!&quot;,
    },
  ]

 ❯ src/test-suite-12.spec.ts:21:20
            </failure>
        </testcase>
        <testcase classname="src/test-suite-12.spec.ts" name="&apos;Phased systematic toolset&apos; &gt; &apos;I\&apos;ll parse the haptic AI array, that…&apos;" time="0.000057125">
        </testcase>
        <testcase classname="src/test-suite-12.spec.ts" name="&apos;Phased systematic toolset&apos; &gt; &apos;Try to connect the OCR firewall, mayb…&apos;" time="0.000296583">
            <failure message="expected [ { …(3) }, { …(3) }, { …(3) }, …(1) ] to deeply equal [ { …(3) }, { …(3) }, { …(3) } ]" type="AssertionError">
AssertionError: expected [ { …(3) }, { …(3) }, { …(3) }, …(1) ] to deeply equal [ { …(3) }, { …(3) }, { …(3) } ]

- Expected
+ Received

  [
    {
-     &quot;description&quot;: &quot;The PCI sensor is down, parse the redundant sensor so we can navigate the TLS alarm!&quot;,
-     &quot;message&quot;: &quot;Try to synthesize the SMS array, maybe it will calculate the haptic pixel!&quot;,
-     &quot;summary&quot;: &quot;If we calculate the system, we can get to the EXE panel through the back-end SSL system!&quot;,
+     &quot;description&quot;: &quot;You can&apos;t input the capacitor without generating the open-source RSS alarm!&quot;,
+     &quot;message&quot;: &quot;If we override the feed, we can get to the ADP panel through the back-end USB feed!&quot;,
+     &quot;summary&quot;: &quot;Try to compress the SSD bus, maybe it will connect the redundant firewall!&quot;,
+   },
+   {
+     &quot;description&quot;: &quot;Use the bluetooth SSL port, then you can copy the auxiliary system!&quot;,
+     &quot;message&quot;: &quot;I&apos;ll calculate the bluetooth SCSI port, that should capacitor the USB protocol!&quot;,
+     &quot;summary&quot;: &quot;We need to override the 1080p GB microchip!&quot;,
    },
    {
-     &quot;description&quot;: &quot;We need to calculate the mobile SSL transmitter!&quot;,
-     &quot;message&quot;: &quot;You can&apos;t transmit the feed without calculating the virtual SQL system!&quot;,
-     &quot;summary&quot;: &quot;Use the optical CSS bandwidth, then you can index the cross-platform microchip!&quot;,
+     &quot;description&quot;: &quot;transmitting the application won&apos;t do anything, we need to generate the 1080p CSS matrix!&quot;,
+     &quot;message&quot;: &quot;We need to parse the haptic IB alarm!&quot;,
+     &quot;summary&quot;: &quot;We need to synthesize the open-source HEX port!&quot;,
    },
    {
-     &quot;description&quot;: &quot;Try to copy the RAM interface, maybe it will compress the haptic driver!&quot;,
-     &quot;message&quot;: &quot;The RAM alarm is down, reboot the wireless hard drive so we can hack the ASCII pixel!&quot;,
-     &quot;summary&quot;: &quot;If we reboot the sensor, we can get to the ASCII monitor through the digital GB sensor!&quot;,
+     &quot;description&quot;: &quot;We need to parse the mobile SSL port!&quot;,
+     &quot;message&quot;: &quot;You can&apos;t override the protocol without hacking the redundant AGP array!&quot;,
+     &quot;summary&quot;: &quot;You can&apos;t bypass the interface without generating the optical HEX pixel!&quot;,
    },
  ]

 ❯ src/test-suite-12.spec.ts:21:20
            </failure>
        </testcase>
        <testcase classname="src/test-suite-12.spec.ts" name="&apos;Phased systematic toolset&apos; &gt; &apos;The HEX interface is down, hack the o…&apos;" time="0.000069542">
        </testcase>
        <testcase classname="src/test-suite-12.spec.ts" name="&apos;Phased systematic toolset&apos; &gt; &apos;You can\&apos;t input the array without ge…&apos;" time="0.000254667">
            <failure message="expected [ { …(3) }, { …(3) } ] to deeply equal [ { …(3) }, { …(3) }, { …(3) } ]" type="AssertionError">
AssertionError: expected [ { …(3) }, { …(3) } ] to deeply equal [ { …(3) }, { …(3) }, { …(3) } ]

- Expected
+ Received

  [
    {
-     &quot;description&quot;: &quot;You can&apos;t connect the sensor without navigating the auxiliary XSS sensor!&quot;,
-     &quot;message&quot;: &quot;hacking the bus won&apos;t do anything, we need to index the virtual SMTP firewall!&quot;,
-     &quot;summary&quot;: &quot;hacking the interface won&apos;t do anything, we need to reboot the bluetooth DNS bus!&quot;,
-   },
-   {
-     &quot;description&quot;: &quot;hacking the port won&apos;t do anything, we need to compress the wireless RAM bus!&quot;,
-     &quot;message&quot;: &quot;Try to navigate the SDD card, maybe it will input the open-source microchip!&quot;,
-     &quot;summary&quot;: &quot;I&apos;ll calculate the wireless VGA pixel, that should card the VGA application!&quot;,
+     &quot;description&quot;: &quot;The DNS microchip is down, copy the mobile bus so we can input the EXE matrix!&quot;,
+     &quot;message&quot;: &quot;The RAM matrix is down, generate the cross-platform circuit so we can generate the DNS driver!&quot;,
+     &quot;summary&quot;: &quot;The XSS feed is down, index the auxiliary program so we can input the SMS port!&quot;,
    },
    {
-     &quot;description&quot;: &quot;We need to reboot the 1080p JSON transmitter!&quot;,
-     &quot;message&quot;: &quot;generating the port won&apos;t do anything, we need to input the multi-byte API microchip!&quot;,
-     &quot;summary&quot;: &quot;Try to compress the API sensor, maybe it will navigate the 1080p application!&quot;,
+     &quot;description&quot;: &quot;I&apos;ll quantify the primary PCI interface, that should alarm the JBOD driver!&quot;,
+     &quot;message&quot;: &quot;Use the back-end GB card, then you can back up the cross-platform monitor!&quot;,
+     &quot;summary&quot;: &quot;connecting the program won&apos;t do anything, we need to input the open-source USB system!&quot;,
    },
  ]

 ❯ src/test-suite-12.spec.ts:21:20
            </failure>
        </testcase>
        <testcase classname="src/test-suite-12.spec.ts" name="&apos;Phased systematic toolset&apos; &gt; &apos;Use the redundant SSL system, then yo…&apos;" time="0.000061584">
        </testcase>
        <testcase classname="src/test-suite-12.spec.ts" name="&apos;Phased systematic toolset&apos; &gt; &apos;Use the multi-byte HDD monitor, then …&apos;" time="0.000249291">
            <failure message="expected [ { …(3) }, { …(3) }, { …(3) } ] to deeply equal [ { …(3) }, { …(3) }, { …(3) }, …(1) ]" type="AssertionError">
AssertionError: expected [ { …(3) }, { …(3) }, { …(3) } ] to deeply equal [ { …(3) }, { …(3) }, { …(3) }, …(1) ]

- Expected
+ Received

  [
    {
-     &quot;description&quot;: &quot;quantifying the interface won&apos;t do anything, we need to back up the 1080p SCSI capacitor!&quot;,
-     &quot;message&quot;: &quot;If we reboot the microchip, we can get to the IP matrix through the cross-platform USB bandwidth!&quot;,
-     &quot;summary&quot;: &quot;We need to generate the digital COM alarm!&quot;,
-   },
-   {
-     &quot;description&quot;: &quot;You can&apos;t program the microchip without quantifying the primary API microchip!&quot;,
-     &quot;message&quot;: &quot;Try to transmit the XSS monitor, maybe it will program the mobile alarm!&quot;,
-     &quot;summary&quot;: &quot;Use the back-end XML interface, then you can program the wireless pixel!&quot;,
+     &quot;description&quot;: &quot;I&apos;ll quantify the back-end JSON circuit, that should system the FTP port!&quot;,
+     &quot;message&quot;: &quot;If we program the array, we can get to the THX system through the digital VGA capacitor!&quot;,
+     &quot;summary&quot;: &quot;transmitting the hard drive won&apos;t do anything, we need to program the cross-platform USB program!&quot;,
    },
    {
-     &quot;description&quot;: &quot;I&apos;ll hack the haptic TLS sensor, that should alarm the TCP transmitter!&quot;,
-     &quot;message&quot;: &quot;Try to program the DNS hard drive, maybe it will connect the cross-platform application!&quot;,
-     &quot;summary&quot;: &quot;If we navigate the card, we can get to the HDD card through the cross-platform GB application!&quot;,
+     &quot;description&quot;: &quot;If we quantify the array, we can get to the ADP bandwidth through the digital GB protocol!&quot;,
+     &quot;message&quot;: &quot;Use the neural TLS capacitor, then you can parse the wireless capacitor!&quot;,
+     &quot;summary&quot;: &quot;generating the capacitor won&apos;t do anything, we need to override the cross-platform DRAM bus!&quot;,
    },
    {
-     &quot;description&quot;: &quot;I&apos;ll transmit the back-end XSS hard drive, that should driver the DNS firewall!&quot;,
-     &quot;message&quot;: &quot;Try to hack the IB application, maybe it will transmit the neural panel!&quot;,
-     &quot;summary&quot;: &quot;If we connect the firewall, we can get to the HTTP microchip through the digital AGP port!&quot;,
+     &quot;description&quot;: &quot;I&apos;ll quantify the multi-byte JBOD interface, that should port the THX capacitor!&quot;,
+     &quot;message&quot;: &quot;backing up the bandwidth won&apos;t do anything, we need to input the online SCSI matrix!&quot;,
+     &quot;summary&quot;: &quot;I&apos;ll generate the open-source AGP feed, that should alarm the IP feed!&quot;,
    },
  ]

 ❯ src/test-suite-12.spec.ts:21:20
            </failure>
        </testcase>
        <testcase classname="src/test-suite-12.spec.ts" name="&apos;Phased systematic toolset&apos; &gt; &apos;indexing the protocol won\&apos;t do anyth…&apos;" time="0.00003975">
        </testcase>
        <testcase classname="src/test-suite-12.spec.ts" name="&apos;Phased systematic toolset&apos; &gt; &apos;You can\&apos;t copy the system without in…&apos;" time="0.00022725">
            <failure message="expected [ { …(3) }, { …(3) }, { …(3) } ] to deeply equal [ { …(3) }, { …(3) }, { …(3) } ]" type="AssertionError">
AssertionError: expected [ { …(3) }, { …(3) }, { …(3) } ] to deeply equal [ { …(3) }, { …(3) }, { …(3) } ]

- Expected
+ Received

  [
    {
-     &quot;description&quot;: &quot;backing up the matrix won&apos;t do anything, we need to override the back-end AI protocol!&quot;,
-     &quot;message&quot;: &quot;If we transmit the sensor, we can get to the THX system through the open-source SDD protocol!&quot;,
-     &quot;summary&quot;: &quot;If we synthesize the hard drive, we can get to the AI matrix through the bluetooth SDD capacitor!&quot;,
+     &quot;description&quot;: &quot;You can&apos;t hack the program without synthesizing the multi-byte TLS circuit!&quot;,
+     &quot;message&quot;: &quot;The TCP interface is down, connect the haptic sensor so we can reboot the HTTP firewall!&quot;,
+     &quot;summary&quot;: &quot;Try to parse the SQL transmitter, maybe it will parse the solid state program!&quot;,
    },
    {
-     &quot;description&quot;: &quot;You can&apos;t back up the driver without copying the optical DRAM matrix!&quot;,
-     &quot;message&quot;: &quot;If we copy the transmitter, we can get to the JBOD interface through the 1080p CLI card!&quot;,
-     &quot;summary&quot;: &quot;I&apos;ll calculate the 1080p XML array, that should port the SSL protocol!&quot;,
+     &quot;description&quot;: &quot;We need to override the bluetooth API circuit!&quot;,
+     &quot;message&quot;: &quot;I&apos;ll connect the wireless SQL sensor, that should transmitter the USB matrix!&quot;,
+     &quot;summary&quot;: &quot;The IB capacitor is down, copy the virtual transmitter so we can navigate the UDP feed!&quot;,
    },
    {
-     &quot;description&quot;: &quot;The SAS system is down, quantify the bluetooth pixel so we can navigate the FTP driver!&quot;,
-     &quot;message&quot;: &quot;Use the open-source UDP pixel, then you can quantify the optical microchip!&quot;,
-     &quot;summary&quot;: &quot;We need to bypass the wireless ASCII application!&quot;,
+     &quot;description&quot;: &quot;Try to calculate the SQL firewall, maybe it will bypass the cross-platform feed!&quot;,
+     &quot;message&quot;: &quot;If we copy the pixel, we can get to the DNS pixel through the optical PCI circuit!&quot;,
+     &quot;summary&quot;: &quot;Try to compress the COM microchip, maybe it will calculate the haptic system!&quot;,
    },
  ]

 ❯ src/test-suite-12.spec.ts:21:20
            </failure>
        </testcase>
        <testcase classname="src/test-suite-12.spec.ts" name="&apos;Phased systematic toolset&apos; &gt; &apos;I\&apos;ll compress the cross-platform FTP…&apos;" time="0.000036541">
        </testcase>
        <testcase classname="src/test-suite-12.spec.ts" name="&apos;Phased systematic toolset&apos; &gt; &apos;Try to input the SDD feed, maybe it w…&apos;" time="0.000299791">
            <failure message="expected [ { …(3) }, { …(3) }, { …(3) }, …(2) ] to deeply equal [ { …(3) }, { …(3) }, { …(3) }, …(2) ]" type="AssertionError">
AssertionError: expected [ { …(3) }, { …(3) }, { …(3) }, …(2) ] to deeply equal [ { …(3) }, { …(3) }, { …(3) }, …(2) ]

- Expected
+ Received

  [
    {
-     &quot;description&quot;: &quot;You can&apos;t copy the pixel without programming the bluetooth XML program!&quot;,
-     &quot;message&quot;: &quot;The DRAM card is down, transmit the digital port so we can compress the JSON monitor!&quot;,
-     &quot;summary&quot;: &quot;overriding the hard drive won&apos;t do anything, we need to program the solid state SCSI transmitter!&quot;,
+     &quot;description&quot;: &quot;You can&apos;t reboot the program without compressing the neural SMS port!&quot;,
+     &quot;message&quot;: &quot;Use the primary XSS panel, then you can bypass the online pixel!&quot;,
+     &quot;summary&quot;: &quot;You can&apos;t synthesize the array without synthesizing the solid state SSL driver!&quot;,
    },
    {
-     &quot;description&quot;: &quot;Use the auxiliary IP driver, then you can synthesize the optical monitor!&quot;,
-     &quot;message&quot;: &quot;If we quantify the port, we can get to the AGP protocol through the online VGA system!&quot;,
-     &quot;summary&quot;: &quot;We need to compress the digital ADP microchip!&quot;,
+     &quot;description&quot;: &quot;We need to generate the mobile XML array!&quot;,
+     &quot;message&quot;: &quot;We need to back up the mobile SDD card!&quot;,
+     &quot;summary&quot;: &quot;Use the multi-byte RAM interface, then you can index the virtual alarm!&quot;,
    },
    {
-     &quot;description&quot;: &quot;You can&apos;t calculate the hard drive without navigating the back-end GB bandwidth!&quot;,
-     &quot;message&quot;: &quot;Try to connect the SCSI interface, maybe it will transmit the 1080p protocol!&quot;,
-     &quot;summary&quot;: &quot;We need to reboot the cross-platform TLS application!&quot;,
+     &quot;description&quot;: &quot;The TCP array is down, synthesize the auxiliary hard drive so we can index the XML application!&quot;,
+     &quot;message&quot;: &quot;We need to compress the auxiliary PCI system!&quot;,
+     &quot;summary&quot;: &quot;The SAS alarm is down, generate the multi-byte port so we can synthesize the AGP hard drive!&quot;,
    },
    {
-     &quot;description&quot;: &quot;We need to bypass the cross-platform USB alarm!&quot;,
-     &quot;message&quot;: &quot;We need to calculate the wireless SMTP matrix!&quot;,
-     &quot;summary&quot;: &quot;We need to program the solid state SDD driver!&quot;,
+     &quot;description&quot;: &quot;navigating the bus won&apos;t do anything, we need to copy the 1080p CLI card!&quot;,
+     &quot;message&quot;: &quot;The PCI interface is down, quantify the back-end transmitter so we can reboot the SQL sensor!&quot;,
+     &quot;summary&quot;: &quot;If we input the capacitor, we can get to the FTP bus through the online JBOD interface!&quot;,
    },
    {
-     &quot;description&quot;: &quot;The TCP program is down, override the 1080p alarm so we can connect the ASCII alarm!&quot;,
-     &quot;message&quot;: &quot;transmitting the pixel won&apos;t do anything, we need to compress the auxiliary AGP microchip!&quot;,
-     &quot;summary&quot;: &quot;The IB driver is down, quantify the virtual feed so we can generate the XSS circuit!&quot;,
+     &quot;description&quot;: &quot;Try to navigate the SCSI monitor, maybe it will hack the virtual array!&quot;,
+     &quot;message&quot;: &quot;Try to compress the SCSI system, maybe it will transmit the haptic transmitter!&quot;,
+     &quot;summary&quot;: &quot;I&apos;ll transmit the wireless SMS pixel, that should card the COM bus!&quot;,
    },
  ]

 ❯ src/test-suite-12.spec.ts:21:20
            </failure>
        </testcase>
        <testcase classname="src/test-suite-12.spec.ts" name="&apos;Phased systematic toolset&apos; &gt; &apos;You can\&apos;t quantify the bus without c…&apos;" time="0.000055542">
        </testcase>
        <testcase classname="src/test-suite-12.spec.ts" name="&apos;Phased systematic toolset&apos; &gt; &apos;We need to program the virtual SMTP p…&apos;" time="0.0002745">
            <failure message="expected [ { …(3) }, { …(3) }, { …(3) }, …(2) ] to deeply equal [ { …(3) }, { …(3) }, { …(3) }, …(1) ]" type="AssertionError">
AssertionError: expected [ { …(3) }, { …(3) }, { …(3) }, …(2) ] to deeply equal [ { …(3) }, { …(3) }, { …(3) }, …(1) ]

- Expected
+ Received

  [
    {
-     &quot;description&quot;: &quot;parsing the microchip won&apos;t do anything, we need to index the online DNS interface!&quot;,
-     &quot;message&quot;: &quot;If we program the matrix, we can get to the GB application through the back-end AI panel!&quot;,
-     &quot;summary&quot;: &quot;I&apos;ll generate the open-source SQL application, that should feed the CLI transmitter!&quot;,
+     &quot;description&quot;: &quot;Use the multi-byte EXE panel, then you can synthesize the neural firewall!&quot;,
+     &quot;message&quot;: &quot;The SMS program is down, override the back-end card so we can calculate the IB transmitter!&quot;,
+     &quot;summary&quot;: &quot;We need to synthesize the primary SMTP application!&quot;,
    },
    {
-     &quot;description&quot;: &quot;I&apos;ll synthesize the optical TLS array, that should alarm the RSS bandwidth!&quot;,
-     &quot;message&quot;: &quot;Use the virtual UDP card, then you can generate the neural bus!&quot;,
-     &quot;summary&quot;: &quot;I&apos;ll quantify the primary ASCII program, that should pixel the SSD card!&quot;,
+     &quot;description&quot;: &quot;We need to transmit the haptic PNG port!&quot;,
+     &quot;message&quot;: &quot;I&apos;ll parse the auxiliary CSS feed, that should application the RSS application!&quot;,
+     &quot;summary&quot;: &quot;Use the mobile IP capacitor, then you can bypass the digital monitor!&quot;,
+   },
+   {
+     &quot;description&quot;: &quot;We need to bypass the multi-byte UDP card!&quot;,
+     &quot;message&quot;: &quot;The SSD microchip is down, hack the digital program so we can compress the IP pixel!&quot;,
+     &quot;summary&quot;: &quot;If we override the microchip, we can get to the DRAM hard drive through the solid state UDP protocol!&quot;,
    },
    {
-     &quot;description&quot;: &quot;You can&apos;t input the program without navigating the digital FTP system!&quot;,
-     &quot;message&quot;: &quot;synthesizing the transmitter won&apos;t do anything, we need to parse the primary VGA matrix!&quot;,
-     &quot;summary&quot;: &quot;calculating the pixel won&apos;t do anything, we need to generate the multi-byte IB firewall!&quot;,
+     &quot;description&quot;: &quot;You can&apos;t index the monitor without indexing the 1080p PCI driver!&quot;,
+     &quot;message&quot;: &quot;connecting the system won&apos;t do anything, we need to index the bluetooth UDP transmitter!&quot;,
+     &quot;summary&quot;: &quot;Use the wireless TLS array, then you can parse the 1080p microchip!&quot;,
    },
    {
-     &quot;description&quot;: &quot;I&apos;ll hack the multi-byte HEX circuit, that should hard drive the CLI hard drive!&quot;,
-     &quot;message&quot;: &quot;If we navigate the interface, we can get to the CSS program through the open-source XML monitor!&quot;,
-     &quot;summary&quot;: &quot;compressing the firewall won&apos;t do anything, we need to synthesize the redundant ADP system!&quot;,
+     &quot;description&quot;: &quot;Try to generate the DNS bandwidth, maybe it will bypass the solid state sensor!&quot;,
+     &quot;message&quot;: &quot;Try to quantify the IP circuit, maybe it will hack the mobile bus!&quot;,
+     &quot;summary&quot;: &quot;Try to program the HEX firewall, maybe it will quantify the wireless alarm!&quot;,
    },
  ]

 ❯ src/test-suite-12.spec.ts:21:20
            </failure>
        </testcase>
        <testcase classname="src/test-suite-12.spec.ts" name="&apos;Phased systematic toolset&apos; &gt; &apos;If we program the firewall, we can ge…&apos;" time="0.000033583">
        </testcase>
        <testcase classname="src/test-suite-12.spec.ts" name="&apos;Phased systematic toolset&apos; &gt; &apos;We need to navigate the back-end IP c…&apos;" time="0.000265708">
            <failure message="expected [ { …(3) }, { …(3) }, { …(3) }, …(1) ] to deeply equal [ { …(3) }, { …(3) }, { …(3) } ]" type="AssertionError">
AssertionError: expected [ { …(3) }, { …(3) }, { …(3) }, …(1) ] to deeply equal [ { …(3) }, { …(3) }, { …(3) } ]

- Expected
+ Received

  [
    {
-     &quot;description&quot;: &quot;The OCR pixel is down, parse the auxiliary card so we can input the SSL monitor!&quot;,
-     &quot;message&quot;: &quot;I&apos;ll reboot the redundant SCSI monitor, that should pixel the FTP system!&quot;,
-     &quot;summary&quot;: &quot;We need to transmit the optical DNS bandwidth!&quot;,
+     &quot;description&quot;: &quot;hacking the alarm won&apos;t do anything, we need to bypass the virtual COM bus!&quot;,
+     &quot;message&quot;: &quot;Use the auxiliary ADP protocol, then you can transmit the primary panel!&quot;,
+     &quot;summary&quot;: &quot;You can&apos;t override the bus without calculating the neural API transmitter!&quot;,
+   },
+   {
+     &quot;description&quot;: &quot;The PCI panel is down, synthesize the redundant bandwidth so we can override the XML bus!&quot;,
+     &quot;message&quot;: &quot;Try to input the IB pixel, maybe it will back up the redundant application!&quot;,
+     &quot;summary&quot;: &quot;navigating the interface won&apos;t do anything, we need to compress the primary SCSI panel!&quot;,
    },
    {
-     &quot;description&quot;: &quot;You can&apos;t quantify the array without transmitting the haptic OCR panel!&quot;,
-     &quot;message&quot;: &quot;The SSD bus is down, override the virtual panel so we can synthesize the CSS transmitter!&quot;,
-     &quot;summary&quot;: &quot;You can&apos;t transmit the matrix without generating the haptic RAM hard drive!&quot;,
+     &quot;description&quot;: &quot;You can&apos;t compress the sensor without overriding the primary DRAM card!&quot;,
+     &quot;message&quot;: &quot;We need to parse the back-end IB system!&quot;,
+     &quot;summary&quot;: &quot;I&apos;ll reboot the primary HTTP card, that should array the EXE interface!&quot;,
    },
    {
-     &quot;description&quot;: &quot;You can&apos;t parse the protocol without overriding the mobile UDP monitor!&quot;,
-     &quot;message&quot;: &quot;copying the port won&apos;t do anything, we need to calculate the multi-byte FTP protocol!&quot;,
-     &quot;summary&quot;: &quot;hacking the matrix won&apos;t do anything, we need to generate the virtual CSS system!&quot;,
+     &quot;description&quot;: &quot;The PNG feed is down, synthesize the solid state alarm so we can synthesize the USB alarm!&quot;,
+     &quot;message&quot;: &quot;We need to program the mobile USB pixel!&quot;,
+     &quot;summary&quot;: &quot;If we hack the bandwidth, we can get to the ASCII bus through the primary SCSI capacitor!&quot;,
    },
  ]

 ❯ src/test-suite-12.spec.ts:21:20
            </failure>
        </testcase>
        <testcase classname="src/test-suite-12.spec.ts" name="&apos;Phased systematic toolset&apos; &gt; &apos;If we calculate the panel, we can get…&apos;" time="0.000042958">
        </testcase>
        <testcase classname="src/test-suite-12.spec.ts" name="&apos;Phased systematic toolset&apos; &gt; &apos;We need to bypass the redundant SCSI …&apos;" time="0.000261083">
            <failure message="expected [ { …(3) }, { …(3) }, { …(3) }, …(2) ] to deeply equal [ { …(3) }, { …(3) }, { …(3) } ]" type="AssertionError">
AssertionError: expected [ { …(3) }, { …(3) }, { …(3) }, …(2) ] to deeply equal [ { …(3) }, { …(3) }, { …(3) } ]

- Expected
+ Received

  [
    {
-     &quot;description&quot;: &quot;The SSD bus is down, synthesize the cross-platform program so we can hack the UDP matrix!&quot;,
-     &quot;message&quot;: &quot;If we quantify the hard drive, we can get to the HEX program through the online RSS system!&quot;,
-     &quot;summary&quot;: &quot;We need to override the bluetooth DNS system!&quot;,
+     &quot;description&quot;: &quot;I&apos;ll copy the multi-byte AI firewall, that should protocol the CLI monitor!&quot;,
+     &quot;message&quot;: &quot;I&apos;ll override the optical OCR capacitor, that should port the SMTP pixel!&quot;,
+     &quot;summary&quot;: &quot;Try to compress the EXE monitor, maybe it will override the haptic hard drive!&quot;,
    },
    {
-     &quot;description&quot;: &quot;I&apos;ll transmit the neural PNG pixel, that should matrix the HEX protocol!&quot;,
-     &quot;message&quot;: &quot;Use the wireless API bandwidth, then you can compress the cross-platform port!&quot;,
-     &quot;summary&quot;: &quot;Use the wireless USB firewall, then you can index the primary panel!&quot;,
+     &quot;description&quot;: &quot;Use the online JSON interface, then you can back up the online feed!&quot;,
+     &quot;message&quot;: &quot;I&apos;ll generate the 1080p VGA bus, that should array the SMTP bandwidth!&quot;,
+     &quot;summary&quot;: &quot;You can&apos;t override the firewall without copying the primary AGP interface!&quot;,
    },
    {
-     &quot;description&quot;: &quot;If we copy the program, we can get to the OCR program through the solid state OCR card!&quot;,
-     &quot;message&quot;: &quot;You can&apos;t transmit the driver without synthesizing the auxiliary EXE panel!&quot;,
-     &quot;summary&quot;: &quot;We need to copy the back-end FTP alarm!&quot;,
+     &quot;description&quot;: &quot;We need to input the solid state PNG bus!&quot;,
+     &quot;message&quot;: &quot;I&apos;ll navigate the cross-platform XML driver, that should system the EXE program!&quot;,
+     &quot;summary&quot;: &quot;Try to calculate the OCR capacitor, maybe it will override the virtual sensor!&quot;,
+   },
+   {
+     &quot;description&quot;: &quot;The CLI alarm is down, quantify the online application so we can program the RSS matrix!&quot;,
+     &quot;message&quot;: &quot;If we navigate the firewall, we can get to the HEX matrix through the optical SQL matrix!&quot;,
+     &quot;summary&quot;: &quot;The XML sensor is down, index the bluetooth feed so we can input the FTP protocol!&quot;,
+   },
+   {
+     &quot;description&quot;: &quot;Try to parse the RAM card, maybe it will synthesize the 1080p matrix!&quot;,
+     &quot;message&quot;: &quot;I&apos;ll input the mobile HDD interface, that should bus the UTF8 protocol!&quot;,
+     &quot;summary&quot;: &quot;parsing the driver won&apos;t do anything, we need to program the optical RAM driver!&quot;,
    },
  ]

 ❯ src/test-suite-12.spec.ts:21:20
            </failure>
        </testcase>
        <testcase classname="src/test-suite-12.spec.ts" name="&apos;Phased systematic toolset&apos; &gt; &apos;The HDD application is down, transmit…&apos;" time="0.00005375">
        </testcase>
        <testcase classname="src/test-suite-12.spec.ts" name="&apos;Phased systematic toolset&apos; &gt; &apos;If we synthesize the card, we can get…&apos;" time="0.000224125">
            <failure message="expected [ { …(3) }, { …(3) }, { …(3) } ] to deeply equal [ { …(3) }, { …(3) }, { …(3) }, …(1) ]" type="AssertionError">
AssertionError: expected [ { …(3) }, { …(3) }, { …(3) } ] to deeply equal [ { …(3) }, { …(3) }, { …(3) }, …(1) ]

- Expected
+ Received

  [
    {
-     &quot;description&quot;: &quot;Try to reboot the HEX driver, maybe it will copy the redundant circuit!&quot;,
-     &quot;message&quot;: &quot;indexing the application won&apos;t do anything, we need to index the neural FTP system!&quot;,
-     &quot;summary&quot;: &quot;You can&apos;t override the microchip without navigating the 1080p CLI interface!&quot;,
-   },
-   {
-     &quot;description&quot;: &quot;You can&apos;t navigate the bandwidth without connecting the mobile SMS pixel!&quot;,
-     &quot;message&quot;: &quot;Try to navigate the UDP circuit, maybe it will copy the bluetooth protocol!&quot;,
-     &quot;summary&quot;: &quot;hacking the hard drive won&apos;t do anything, we need to generate the virtual EXE panel!&quot;,
+     &quot;description&quot;: &quot;We need to hack the online CLI circuit!&quot;,
+     &quot;message&quot;: &quot;backing up the hard drive won&apos;t do anything, we need to reboot the solid state THX circuit!&quot;,
+     &quot;summary&quot;: &quot;The XSS card is down, index the digital bandwidth so we can index the PCI hard drive!&quot;,
    },
    {
-     &quot;description&quot;: &quot;If we connect the interface, we can get to the FTP card through the bluetooth RAM panel!&quot;,
-     &quot;message&quot;: &quot;backing up the application won&apos;t do anything, we need to compress the back-end SAS microchip!&quot;,
-     &quot;summary&quot;: &quot;You can&apos;t connect the pixel without bypassing the haptic JSON bandwidth!&quot;,
+     &quot;description&quot;: &quot;You can&apos;t program the pixel without generating the cross-platform CLI protocol!&quot;,
+     &quot;message&quot;: &quot;If we reboot the card, we can get to the EXE capacitor through the wireless HDD port!&quot;,
+     &quot;summary&quot;: &quot;If we connect the hard drive, we can get to the XSS hard drive through the solid state SMS alarm!&quot;,
    },
    {
-     &quot;description&quot;: &quot;I&apos;ll transmit the digital AI application, that should driver the THX array!&quot;,
-     &quot;message&quot;: &quot;copying the port won&apos;t do anything, we need to program the multi-byte FTP sensor!&quot;,
-     &quot;summary&quot;: &quot;We need to copy the bluetooth JBOD capacitor!&quot;,
+     &quot;description&quot;: &quot;I&apos;ll parse the bluetooth JBOD program, that should firewall the PNG hard drive!&quot;,
+     &quot;message&quot;: &quot;Use the online API bus, then you can quantify the digital panel!&quot;,
+     &quot;summary&quot;: &quot;If we input the sensor, we can get to the TLS interface through the open-source RAM bandwidth!&quot;,
    },
  ]

 ❯ src/test-suite-12.spec.ts:21:20
            </failure>
        </testcase>
        <testcase classname="src/test-suite-12.spec.ts" name="&apos;Phased systematic toolset&apos; &gt; &apos;You can\&apos;t quantify the program witho…&apos;" time="0.000046167">
        </testcase>
        <testcase classname="src/test-suite-12.spec.ts" name="&apos;Phased systematic toolset&apos; &gt; &apos;navigating the system won\&apos;t do anyth…&apos;" time="0.000283292">
            <failure message="expected [ { …(3) }, { …(3) }, { …(3) }, …(2) ] to deeply equal [ { …(3) }, { …(3) }, { …(3) }, …(2) ]" type="AssertionError">
AssertionError: expected [ { …(3) }, { …(3) }, { …(3) }, …(2) ] to deeply equal [ { …(3) }, { …(3) }, { …(3) }, …(2) ]

- Expected
+ Received

  [
    {
-     &quot;description&quot;: &quot;If we program the bandwidth, we can get to the HEX transmitter through the redundant USB panel!&quot;,
-     &quot;message&quot;: &quot;If we back up the hard drive, we can get to the COM firewall through the multi-byte JSON port!&quot;,
-     &quot;summary&quot;: &quot;We need to copy the haptic RAM panel!&quot;,
+     &quot;description&quot;: &quot;Use the optical JBOD bandwidth, then you can override the wireless driver!&quot;,
+     &quot;message&quot;: &quot;If we generate the bandwidth, we can get to the XML bandwidth through the 1080p IB system!&quot;,
+     &quot;summary&quot;: &quot;Try to program the IB array, maybe it will input the auxiliary driver!&quot;,
    },
    {
-     &quot;description&quot;: &quot;We need to copy the multi-byte SQL bandwidth!&quot;,
-     &quot;message&quot;: &quot;You can&apos;t generate the alarm without copying the mobile EXE monitor!&quot;,
-     &quot;summary&quot;: &quot;Try to quantify the AI circuit, maybe it will calculate the wireless program!&quot;,
+     &quot;description&quot;: &quot;The SDD program is down, quantify the online alarm so we can compress the SAS card!&quot;,
+     &quot;message&quot;: &quot;Try to connect the COM bus, maybe it will input the online capacitor!&quot;,
+     &quot;summary&quot;: &quot;Try to bypass the SSD system, maybe it will synthesize the solid state firewall!&quot;,
    },
    {
-     &quot;description&quot;: &quot;If we back up the capacitor, we can get to the PNG monitor through the optical SMTP program!&quot;,
-     &quot;message&quot;: &quot;Try to calculate the SSD bus, maybe it will generate the optical sensor!&quot;,
-     &quot;summary&quot;: &quot;I&apos;ll connect the haptic USB sensor, that should firewall the THX array!&quot;,
+     &quot;description&quot;: &quot;You can&apos;t navigate the system without copying the 1080p RAM microchip!&quot;,
+     &quot;message&quot;: &quot;If we hack the program, we can get to the SSL circuit through the online XML bus!&quot;,
+     &quot;summary&quot;: &quot;Use the redundant HDD card, then you can program the wireless panel!&quot;,
    },
    {
-     &quot;description&quot;: &quot;We need to navigate the wireless AGP matrix!&quot;,
-     &quot;message&quot;: &quot;Use the online PNG port, then you can override the online sensor!&quot;,
-     &quot;summary&quot;: &quot;transmitting the bandwidth won&apos;t do anything, we need to calculate the optical HEX bandwidth!&quot;,
+     &quot;description&quot;: &quot;The RAM panel is down, compress the wireless firewall so we can back up the CSS bandwidth!&quot;,
+     &quot;message&quot;: &quot;You can&apos;t navigate the bandwidth without navigating the solid state JSON feed!&quot;,
+     &quot;summary&quot;: &quot;The IP port is down, bypass the bluetooth array so we can generate the TCP bus!&quot;,
    },
    {
-     &quot;description&quot;: &quot;I&apos;ll index the optical SQL pixel, that should pixel the THX monitor!&quot;,
-     &quot;message&quot;: &quot;Use the cross-platform DRAM hard drive, then you can copy the cross-platform firewall!&quot;,
-     &quot;summary&quot;: &quot;overriding the interface won&apos;t do anything, we need to compress the multi-byte HTTP alarm!&quot;,
+     &quot;description&quot;: &quot;We need to bypass the online OCR bandwidth!&quot;,
+     &quot;message&quot;: &quot;If we copy the monitor, we can get to the SMS bandwidth through the mobile SSL protocol!&quot;,
+     &quot;summary&quot;: &quot;If we compress the program, we can get to the HTTP port through the multi-byte OCR driver!&quot;,
    },
  ]

 ❯ src/test-suite-12.spec.ts:21:20
            </failure>
        </testcase>
        <testcase classname="src/test-suite-12.spec.ts" name="&apos;Phased systematic toolset&apos; &gt; &apos;If we index the matrix, we can get to…&apos;" time="0.000039625">
        </testcase>
        <testcase classname="src/test-suite-12.spec.ts" name="&apos;Phased systematic toolset&apos; &gt; &apos;You can\&apos;t calculate the capacitor wi…&apos;" time="0.000184083">
            <failure message="expected [ { …(3) }, { …(3) }, { …(3) } ] to deeply equal [ { …(3) }, { …(3) } ]" type="AssertionError">
AssertionError: expected [ { …(3) }, { …(3) }, { …(3) } ] to deeply equal [ { …(3) }, { …(3) } ]

- Expected
+ Received

  [
    {
-     &quot;description&quot;: &quot;overriding the system won&apos;t do anything, we need to program the multi-byte HEX transmitter!&quot;,
-     &quot;message&quot;: &quot;Use the mobile API transmitter, then you can generate the open-source port!&quot;,
-     &quot;summary&quot;: &quot;The EXE system is down, override the online matrix so we can synthesize the IP bandwidth!&quot;,
+     &quot;description&quot;: &quot;The COM transmitter is down, transmit the virtual bus so we can quantify the XSS panel!&quot;,
+     &quot;message&quot;: &quot;I&apos;ll quantify the mobile HDD card, that should system the AGP hard drive!&quot;,
+     &quot;summary&quot;: &quot;compressing the transmitter won&apos;t do anything, we need to navigate the 1080p SDD sensor!&quot;,
+   },
+   {
+     &quot;description&quot;: &quot;I&apos;ll connect the optical DNS hard drive, that should feed the RAM port!&quot;,
+     &quot;message&quot;: &quot;I&apos;ll synthesize the optical HEX bandwidth, that should program the API driver!&quot;,
+     &quot;summary&quot;: &quot;Try to transmit the IP interface, maybe it will input the optical application!&quot;,
    },
    {
-     &quot;description&quot;: &quot;You can&apos;t synthesize the sensor without parsing the virtual XML circuit!&quot;,
-     &quot;message&quot;: &quot;Use the bluetooth EXE array, then you can program the auxiliary matrix!&quot;,
-     &quot;summary&quot;: &quot;parsing the application won&apos;t do anything, we need to transmit the auxiliary TCP application!&quot;,
+     &quot;description&quot;: &quot;If we copy the microchip, we can get to the SMTP protocol through the optical SMTP port!&quot;,
+     &quot;message&quot;: &quot;I&apos;ll generate the neural SQL matrix, that should panel the SMTP monitor!&quot;,
+     &quot;summary&quot;: &quot;I&apos;ll index the neural DNS system, that should driver the XSS pixel!&quot;,
    },
  ]

 ❯ src/test-suite-12.spec.ts:21:20
            </failure>
        </testcase>
        <testcase classname="src/test-suite-12.spec.ts" name="&apos;Phased systematic toolset&apos; &gt; &apos;You can\&apos;t reboot the system without …&apos;" time="0.000050791">
        </testcase>
        <testcase classname="src/test-suite-12.spec.ts" name="&apos;Phased systematic toolset&apos; &gt; &apos;Use the virtual JBOD bus, then you ca…&apos;" time="0.000219625">
            <failure message="expected [ { …(3) }, { …(3) }, { …(3) } ] to deeply equal [ { …(3) }, { …(3) }, { …(3) }, …(1) ]" type="AssertionError">
AssertionError: expected [ { …(3) }, { …(3) }, { …(3) } ] to deeply equal [ { …(3) }, { …(3) }, { …(3) }, …(1) ]

- Expected
+ Received

  [
    {
-     &quot;description&quot;: &quot;calculating the application won&apos;t do anything, we need to index the bluetooth AGP panel!&quot;,
-     &quot;message&quot;: &quot;I&apos;ll copy the mobile IB card, that should application the SAS panel!&quot;,
-     &quot;summary&quot;: &quot;The THX program is down, index the solid state driver so we can connect the VGA matrix!&quot;,
-   },
-   {
-     &quot;description&quot;: &quot;Use the haptic USB program, then you can hack the primary driver!&quot;,
-     &quot;message&quot;: &quot;You can&apos;t parse the sensor without calculating the redundant XML feed!&quot;,
-     &quot;summary&quot;: &quot;If we override the feed, we can get to the PCI capacitor through the online DNS circuit!&quot;,
+     &quot;description&quot;: &quot;The AGP bus is down, connect the haptic feed so we can copy the UDP matrix!&quot;,
+     &quot;message&quot;: &quot;I&apos;ll parse the multi-byte XML program, that should transmitter the RAM program!&quot;,
+     &quot;summary&quot;: &quot;We need to copy the haptic RAM program!&quot;,
    },
    {
-     &quot;description&quot;: &quot;Use the solid state GB feed, then you can input the bluetooth bandwidth!&quot;,
-     &quot;message&quot;: &quot;You can&apos;t override the array without hacking the bluetooth RAM feed!&quot;,
-     &quot;summary&quot;: &quot;Try to calculate the ADP sensor, maybe it will bypass the neural interface!&quot;,
+     &quot;description&quot;: &quot;Try to reboot the RSS capacitor, maybe it will override the haptic circuit!&quot;,
+     &quot;message&quot;: &quot;We need to copy the primary ASCII circuit!&quot;,
+     &quot;summary&quot;: &quot;We need to index the open-source SSD monitor!&quot;,
    },
    {
-     &quot;description&quot;: &quot;Use the redundant DNS alarm, then you can transmit the back-end alarm!&quot;,
-     &quot;message&quot;: &quot;backing up the pixel won&apos;t do anything, we need to override the 1080p SDD sensor!&quot;,
-     &quot;summary&quot;: &quot;synthesizing the bandwidth won&apos;t do anything, we need to override the solid state API program!&quot;,
+     &quot;description&quot;: &quot;The HEX port is down, back up the neural transmitter so we can bypass the API firewall!&quot;,
+     &quot;message&quot;: &quot;We need to override the wireless AGP feed!&quot;,
+     &quot;summary&quot;: &quot;Try to copy the TLS monitor, maybe it will reboot the redundant program!&quot;,
    },
  ]

 ❯ src/test-suite-12.spec.ts:21:20
            </failure>
        </testcase>
        <testcase classname="src/test-suite-12.spec.ts" name="&apos;Phased systematic toolset&apos; &gt; &apos;Use the optical HTTP array, then you …&apos;" time="0.000039666">
        </testcase>
        <testcase classname="src/test-suite-12.spec.ts" name="&apos;Phased systematic toolset&apos; &gt; &apos;If we back up the firewall, we can ge…&apos;" time="0.000186625">
            <failure message="expected [ { …(3) }, { …(3) } ] to deeply equal [ { …(3) }, { …(3) }, { …(3) } ]" type="AssertionError">
AssertionError: expected [ { …(3) }, { …(3) } ] to deeply equal [ { …(3) }, { …(3) }, { …(3) } ]

- Expected
+ Received

  [
    {
-     &quot;description&quot;: &quot;Try to copy the CSS firewall, maybe it will calculate the neural monitor!&quot;,
-     &quot;message&quot;: &quot;Use the 1080p CSS panel, then you can bypass the bluetooth panel!&quot;,
-     &quot;summary&quot;: &quot;Use the neural FTP circuit, then you can parse the neural monitor!&quot;,
-   },
-   {
-     &quot;description&quot;: &quot;We need to quantify the back-end PNG program!&quot;,
-     &quot;message&quot;: &quot;Try to generate the JSON capacitor, maybe it will override the haptic bus!&quot;,
-     &quot;summary&quot;: &quot;Use the optical IB alarm, then you can hack the cross-platform transmitter!&quot;,
+     &quot;description&quot;: &quot;hacking the hard drive won&apos;t do anything, we need to parse the haptic UTF8 monitor!&quot;,
+     &quot;message&quot;: &quot;If we synthesize the capacitor, we can get to the XSS transmitter through the solid state UTF8 monitor!&quot;,
+     &quot;summary&quot;: &quot;You can&apos;t input the card without generating the 1080p UDP firewall!&quot;,
    },
    {
-     &quot;description&quot;: &quot;We need to compress the bluetooth SCSI bandwidth!&quot;,
-     &quot;message&quot;: &quot;Try to bypass the TCP driver, maybe it will quantify the open-source application!&quot;,
-     &quot;summary&quot;: &quot;You can&apos;t quantify the monitor without programming the 1080p IP hard drive!&quot;,
+     &quot;description&quot;: &quot;You can&apos;t generate the bandwidth without transmitting the back-end AGP microchip!&quot;,
+     &quot;message&quot;: &quot;We need to bypass the online DRAM array!&quot;,
+     &quot;summary&quot;: &quot;You can&apos;t parse the bus without hacking the wireless TLS system!&quot;,
    },
  ]

 ❯ src/test-suite-12.spec.ts:21:20
            </failure>
        </testcase>
        <testcase classname="src/test-suite-12.spec.ts" name="&apos;Phased systematic toolset&apos; &gt; &apos;We need to compress the bluetooth SSD…&apos;" time="0.000033458">
        </testcase>
        <testcase classname="src/test-suite-12.spec.ts" name="&apos;Phased systematic toolset&apos; &gt; &apos;If we connect the panel, we can get t…&apos;" time="0.000268083">
            <failure message="expected [ { …(3) }, { …(3) }, { …(3) }, …(2) ] to deeply equal [ { …(3) }, { …(3) }, { …(3) }, …(1) ]" type="AssertionError">
AssertionError: expected [ { …(3) }, { …(3) }, { …(3) }, …(2) ] to deeply equal [ { …(3) }, { …(3) }, { …(3) }, …(1) ]

- Expected
+ Received

  [
    {
-     &quot;description&quot;: &quot;You can&apos;t navigate the sensor without indexing the multi-byte TCP sensor!&quot;,
-     &quot;message&quot;: &quot;Use the 1080p COM matrix, then you can index the solid state transmitter!&quot;,
-     &quot;summary&quot;: &quot;Use the digital ADP sensor, then you can connect the neural transmitter!&quot;,
+     &quot;description&quot;: &quot;You can&apos;t input the interface without connecting the bluetooth SMTP port!&quot;,
+     &quot;message&quot;: &quot;compressing the bandwidth won&apos;t do anything, we need to synthesize the neural XSS bandwidth!&quot;,
+     &quot;summary&quot;: &quot;quantifying the card won&apos;t do anything, we need to navigate the 1080p IB bandwidth!&quot;,
    },
    {
-     &quot;description&quot;: &quot;You can&apos;t navigate the transmitter without parsing the auxiliary HTTP bus!&quot;,
-     &quot;message&quot;: &quot;The SSD hard drive is down, quantify the open-source panel so we can copy the JBOD sensor!&quot;,
-     &quot;summary&quot;: &quot;Try to input the IP card, maybe it will transmit the mobile firewall!&quot;,
+     &quot;description&quot;: &quot;Try to override the XSS card, maybe it will reboot the multi-byte circuit!&quot;,
+     &quot;message&quot;: &quot;Use the wireless RSS application, then you can connect the optical firewall!&quot;,
+     &quot;summary&quot;: &quot;The VGA system is down, synthesize the optical sensor so we can synthesize the HEX transmitter!&quot;,
+   },
+   {
+     &quot;description&quot;: &quot;The SQL matrix is down, bypass the optical transmitter so we can reboot the GB port!&quot;,
+     &quot;message&quot;: &quot;The DNS system is down, transmit the primary driver so we can compress the EXE pixel!&quot;,
+     &quot;summary&quot;: &quot;If we program the port, we can get to the SDD monitor through the wireless SSD interface!&quot;,
    },
    {
-     &quot;description&quot;: &quot;If we index the interface, we can get to the HEX capacitor through the auxiliary SQL bandwidth!&quot;,
-     &quot;message&quot;: &quot;We need to synthesize the open-source AI transmitter!&quot;,
-     &quot;summary&quot;: &quot;We need to calculate the redundant COM microchip!&quot;,
+     &quot;description&quot;: &quot;Use the primary SCSI sensor, then you can generate the open-source bandwidth!&quot;,
+     &quot;message&quot;: &quot;You can&apos;t input the microchip without quantifying the back-end HDD microchip!&quot;,
+     &quot;summary&quot;: &quot;You can&apos;t quantify the program without navigating the neural FTP interface!&quot;,
    },
    {
-     &quot;description&quot;: &quot;The AI sensor is down, navigate the back-end monitor so we can input the SAS circuit!&quot;,
-     &quot;message&quot;: &quot;I&apos;ll parse the back-end COM firewall, that should port the UDP port!&quot;,
-     &quot;summary&quot;: &quot;If we connect the program, we can get to the XML port through the mobile RSS driver!&quot;,
+     &quot;description&quot;: &quot;The DRAM feed is down, compress the wireless circuit so we can synthesize the DRAM application!&quot;,
+     &quot;message&quot;: &quot;Try to index the RSS interface, maybe it will reboot the mobile panel!&quot;,
+     &quot;summary&quot;: &quot;synthesizing the panel won&apos;t do anything, we need to connect the cross-platform FTP matrix!&quot;,
    },
  ]

 ❯ src/test-suite-12.spec.ts:21:20
            </failure>
        </testcase>
        <testcase classname="src/test-suite-12.spec.ts" name="&apos;Phased systematic toolset&apos; &gt; &apos;Try to input the JSON interface, mayb…&apos;" time="0.000040125">
        </testcase>
        <testcase classname="src/test-suite-12.spec.ts" name="&apos;Phased systematic toolset&apos; &gt; &apos;Try to parse the ADP card, maybe it w…&apos;" time="0.000242333">
            <failure message="expected [ { …(3) }, { …(3) }, { …(3) } ] to deeply equal [ { …(3) }, { …(3) }, { …(3) }, …(2) ]" type="AssertionError">
AssertionError: expected [ { …(3) }, { …(3) }, { …(3) } ] to deeply equal [ { …(3) }, { …(3) }, { …(3) }, …(2) ]

- Expected
+ Received

  [
    {
-     &quot;description&quot;: &quot;If we calculate the pixel, we can get to the SMS bus through the cross-platform PCI circuit!&quot;,
-     &quot;message&quot;: &quot;You can&apos;t back up the pixel without compressing the back-end SSL capacitor!&quot;,
-     &quot;summary&quot;: &quot;I&apos;ll override the multi-byte COM panel, that should matrix the SQL alarm!&quot;,
+     &quot;description&quot;: &quot;You can&apos;t reboot the capacitor without generating the neural JSON protocol!&quot;,
+     &quot;message&quot;: &quot;You can&apos;t override the microchip without copying the bluetooth OCR microchip!&quot;,
+     &quot;summary&quot;: &quot;compressing the circuit won&apos;t do anything, we need to index the auxiliary DRAM array!&quot;,
    },
    {
-     &quot;description&quot;: &quot;I&apos;ll navigate the auxiliary API bus, that should pixel the PNG circuit!&quot;,
-     &quot;message&quot;: &quot;calculating the monitor won&apos;t do anything, we need to index the virtual SMS port!&quot;,
-     &quot;summary&quot;: &quot;The IB microchip is down, navigate the haptic pixel so we can input the XML alarm!&quot;,
+     &quot;description&quot;: &quot;If we connect the driver, we can get to the HDD monitor through the back-end XML sensor!&quot;,
+     &quot;message&quot;: &quot;Try to copy the PNG port, maybe it will transmit the wireless protocol!&quot;,
+     &quot;summary&quot;: &quot;You can&apos;t calculate the circuit without overriding the solid state RSS program!&quot;,
    },
    {
-     &quot;description&quot;: &quot;Use the cross-platform JSON bus, then you can index the primary hard drive!&quot;,
-     &quot;message&quot;: &quot;I&apos;ll connect the optical JBOD circuit, that should driver the XSS hard drive!&quot;,
-     &quot;summary&quot;: &quot;The SDD microchip is down, navigate the multi-byte microchip so we can synthesize the GB firewall!&quot;,
-   },
-   {
-     &quot;description&quot;: &quot;If we hack the transmitter, we can get to the CLI matrix through the cross-platform SMS circuit!&quot;,
-     &quot;message&quot;: &quot;bypassing the system won&apos;t do anything, we need to generate the 1080p SMTP microchip!&quot;,
-     &quot;summary&quot;: &quot;You can&apos;t generate the bandwidth without bypassing the back-end OCR matrix!&quot;,
-   },
-   {
-     &quot;description&quot;: &quot;The SCSI matrix is down, copy the solid state hard drive so we can compress the SMTP program!&quot;,
-     &quot;message&quot;: &quot;You can&apos;t back up the program without bypassing the open-source UTF8 program!&quot;,
-     &quot;summary&quot;: &quot;I&apos;ll bypass the digital DNS bandwidth, that should card the HDD capacitor!&quot;,
+     &quot;description&quot;: &quot;We need to generate the auxiliary SSD protocol!&quot;,
+     &quot;message&quot;: &quot;We need to connect the online XML driver!&quot;,
+     &quot;summary&quot;: &quot;hacking the application won&apos;t do anything, we need to parse the open-source JBOD alarm!&quot;,
    },
  ]

 ❯ src/test-suite-12.spec.ts:21:20
            </failure>
        </testcase>
        <testcase classname="src/test-suite-12.spec.ts" name="&apos;Phased systematic toolset&apos; &gt; &apos;I\&apos;ll index the back-end ADP capacito…&apos;" time="0.00003725">
        </testcase>
        <testcase classname="src/test-suite-12.spec.ts" name="&apos;Phased systematic toolset&apos; &gt; &apos;We need to connect the redundant USB …&apos;" time="0.000193875">
            <failure message="expected [ { …(3) }, { …(3) }, { …(3) } ] to deeply equal [ { …(3) }, { …(3) } ]" type="AssertionError">
AssertionError: expected [ { …(3) }, { …(3) }, { …(3) } ] to deeply equal [ { …(3) }, { …(3) } ]

- Expected
+ Received

  [
    {
-     &quot;description&quot;: &quot;The UDP circuit is down, input the back-end protocol so we can input the USB matrix!&quot;,
-     &quot;message&quot;: &quot;We need to connect the optical IP protocol!&quot;,
-     &quot;summary&quot;: &quot;Use the neural SSL matrix, then you can navigate the primary panel!&quot;,
+     &quot;description&quot;: &quot;The SQL circuit is down, input the digital circuit so we can compress the JBOD port!&quot;,
+     &quot;message&quot;: &quot;Try to input the SAS transmitter, maybe it will bypass the optical program!&quot;,
+     &quot;summary&quot;: &quot;generating the card won&apos;t do anything, we need to calculate the solid state UDP firewall!&quot;,
+   },
+   {
+     &quot;description&quot;: &quot;The EXE array is down, back up the back-end alarm so we can override the TLS feed!&quot;,
+     &quot;message&quot;: &quot;Try to bypass the SSD interface, maybe it will copy the multi-byte application!&quot;,
+     &quot;summary&quot;: &quot;If we quantify the card, we can get to the ASCII driver through the neural HEX firewall!&quot;,
    },
    {
-     &quot;description&quot;: &quot;We need to program the 1080p XSS sensor!&quot;,
-     &quot;message&quot;: &quot;You can&apos;t index the card without synthesizing the neural SMS card!&quot;,
-     &quot;summary&quot;: &quot;I&apos;ll generate the mobile XML hard drive, that should sensor the XSS bandwidth!&quot;,
+     &quot;description&quot;: &quot;If we reboot the sensor, we can get to the UTF8 monitor through the virtual JBOD protocol!&quot;,
+     &quot;message&quot;: &quot;We need to parse the neural DRAM hard drive!&quot;,
+     &quot;summary&quot;: &quot;Use the primary PNG firewall, then you can override the back-end pixel!&quot;,
    },
  ]

 ❯ src/test-suite-12.spec.ts:21:20
            </failure>
        </testcase>
        <testcase classname="src/test-suite-12.spec.ts" name="&apos;Phased systematic toolset&apos; &gt; &apos;I\&apos;ll override the back-end DNS feed,…&apos;" time="0.000037292">
        </testcase>
        <testcase classname="src/test-suite-12.spec.ts" name="&apos;Phased systematic toolset&apos; &gt; &apos;If we reboot the application, we can …&apos;" time="0.000207792">
            <failure message="expected [ { …(3) }, { …(3) }, { …(3) } ] to deeply equal [ { …(3) }, { …(3) }, { …(3) } ]" type="AssertionError">
AssertionError: expected [ { …(3) }, { …(3) }, { …(3) } ] to deeply equal [ { …(3) }, { …(3) }, { …(3) } ]

- Expected
+ Received

  [
    {
-     &quot;description&quot;: &quot;I&apos;ll transmit the cross-platform JSON array, that should array the ASCII port!&quot;,
-     &quot;message&quot;: &quot;If we compress the hard drive, we can get to the USB bus through the haptic XSS protocol!&quot;,
-     &quot;summary&quot;: &quot;You can&apos;t hack the sensor without hacking the cross-platform XSS sensor!&quot;,
+     &quot;description&quot;: &quot;I&apos;ll connect the cross-platform EXE sensor, that should port the PCI feed!&quot;,
+     &quot;message&quot;: &quot;The UTF8 port is down, input the 1080p interface so we can parse the SSL capacitor!&quot;,
+     &quot;summary&quot;: &quot;You can&apos;t generate the microchip without calculating the virtual PCI application!&quot;,
    },
    {
-     &quot;description&quot;: &quot;I&apos;ll back up the multi-byte CSS protocol, that should port the IB bandwidth!&quot;,
-     &quot;message&quot;: &quot;Use the back-end SSD protocol, then you can override the solid state driver!&quot;,
-     &quot;summary&quot;: &quot;The ADP bus is down, reboot the cross-platform microchip so we can reboot the SSD card!&quot;,
+     &quot;description&quot;: &quot;I&apos;ll reboot the auxiliary SQL firewall, that should hard drive the OCR microchip!&quot;,
+     &quot;message&quot;: &quot;I&apos;ll input the multi-byte JBOD card, that should program the SDD hard drive!&quot;,
+     &quot;summary&quot;: &quot;programming the microchip won&apos;t do anything, we need to bypass the haptic VGA array!&quot;,
    },
    {
-     &quot;description&quot;: &quot;The RSS capacitor is down, synthesize the back-end bus so we can compress the UTF8 feed!&quot;,
-     &quot;message&quot;: &quot;I&apos;ll bypass the 1080p SQL alarm, that should feed the HEX hard drive!&quot;,
-     &quot;summary&quot;: &quot;navigating the array won&apos;t do anything, we need to bypass the cross-platform TCP application!&quot;,
+     &quot;description&quot;: &quot;hacking the sensor won&apos;t do anything, we need to transmit the haptic CLI hard drive!&quot;,
+     &quot;message&quot;: &quot;quantifying the protocol won&apos;t do anything, we need to override the virtual SQL alarm!&quot;,
+     &quot;summary&quot;: &quot;If we back up the system, we can get to the SQL program through the haptic UDP matrix!&quot;,
    },
  ]

 ❯ src/test-suite-12.spec.ts:21:20
            </failure>
        </testcase>
        <testcase classname="src/test-suite-12.spec.ts" name="&apos;Team-oriented intermediate utilisation&apos; &gt; &apos;The COM bandwidth is down, bypass the…&apos;" time="0.000218042">
            <failure message="expected [ { …(3) }, { …(3) } ] to deeply equal [ { …(3) }, { …(3) }, { …(3) }, …(2) ]" type="AssertionError">
AssertionError: expected [ { …(3) }, { …(3) } ] to deeply equal [ { …(3) }, { …(3) }, { …(3) }, …(2) ]

- Expected
+ Received

  [
    {
-     &quot;description&quot;: &quot;I&apos;ll navigate the wireless VGA sensor, that should bandwidth the SSL protocol!&quot;,
-     &quot;message&quot;: &quot;If we index the panel, we can get to the ADP sensor through the redundant EXE hard drive!&quot;,
-     &quot;summary&quot;: &quot;The SMS monitor is down, index the virtual transmitter so we can index the HEX application!&quot;,
-   },
-   {
-     &quot;description&quot;: &quot;Try to navigate the UDP system, maybe it will connect the wireless alarm!&quot;,
-     &quot;message&quot;: &quot;Try to calculate the HDD monitor, maybe it will bypass the neural transmitter!&quot;,
-     &quot;summary&quot;: &quot;We need to back up the bluetooth PNG firewall!&quot;,
-   },
-   {
-     &quot;description&quot;: &quot;If we transmit the hard drive, we can get to the DNS application through the virtual FTP application!&quot;,
-     &quot;message&quot;: &quot;The API hard drive is down, program the redundant circuit so we can bypass the VGA interface!&quot;,
-     &quot;summary&quot;: &quot;We need to calculate the cross-platform TCP bandwidth!&quot;,
-   },
-   {
-     &quot;description&quot;: &quot;Try to copy the VGA program, maybe it will parse the mobile transmitter!&quot;,
-     &quot;message&quot;: &quot;If we copy the panel, we can get to the XSS capacitor through the optical HDD alarm!&quot;,
-     &quot;summary&quot;: &quot;The PNG bus is down, copy the primary circuit so we can back up the VGA array!&quot;,
+     &quot;description&quot;: &quot;We need to hack the wireless DNS feed!&quot;,
+     &quot;message&quot;: &quot;We need to quantify the optical IP protocol!&quot;,
+     &quot;summary&quot;: &quot;We need to input the open-source SSD monitor!&quot;,
    },
    {
-     &quot;description&quot;: &quot;We need to program the redundant UDP sensor!&quot;,
-     &quot;message&quot;: &quot;Use the digital OCR circuit, then you can navigate the neural application!&quot;,
-     &quot;summary&quot;: &quot;synthesizing the system won&apos;t do anything, we need to parse the virtual PCI transmitter!&quot;,
+     &quot;description&quot;: &quot;I&apos;ll copy the digital AI system, that should protocol the TCP protocol!&quot;,
+     &quot;message&quot;: &quot;You can&apos;t generate the sensor without synthesizing the open-source CSS matrix!&quot;,
+     &quot;summary&quot;: &quot;You can&apos;t transmit the circuit without parsing the cross-platform RAM matrix!&quot;,
    },
  ]

 ❯ src/test-suite-12.spec.ts:21:20
            </failure>
        </testcase>
        <testcase classname="src/test-suite-12.spec.ts" name="&apos;Team-oriented intermediate utilisation&apos; &gt; &apos;transmitting the pixel won\&apos;t do anyt…&apos;" time="0.000048333">
        </testcase>
        <testcase classname="src/test-suite-12.spec.ts" name="&apos;Team-oriented intermediate utilisation&apos; &gt; &apos;synthesizing the circuit won\&apos;t do an…&apos;" time="0.000214708">
            <failure message="expected [ { …(3) }, { …(3) }, { …(3) } ] to deeply equal [ { …(3) }, { …(3) }, { …(3) } ]" type="AssertionError">
AssertionError: expected [ { …(3) }, { …(3) }, { …(3) } ] to deeply equal [ { …(3) }, { …(3) }, { …(3) } ]

- Expected
+ Received

  [
    {
-     &quot;description&quot;: &quot;The SDD circuit is down, hack the primary interface so we can copy the ASCII matrix!&quot;,
-     &quot;message&quot;: &quot;indexing the interface won&apos;t do anything, we need to back up the neural AI interface!&quot;,
-     &quot;summary&quot;: &quot;You can&apos;t copy the panel without backing up the online AGP panel!&quot;,
+     &quot;description&quot;: &quot;I&apos;ll navigate the cross-platform IP system, that should panel the XML program!&quot;,
+     &quot;message&quot;: &quot;You can&apos;t connect the alarm without navigating the mobile SQL microchip!&quot;,
+     &quot;summary&quot;: &quot;We need to copy the optical THX panel!&quot;,
    },
    {
-     &quot;description&quot;: &quot;The SMS driver is down, navigate the mobile firewall so we can synthesize the PCI bandwidth!&quot;,
-     &quot;message&quot;: &quot;We need to input the bluetooth XML feed!&quot;,
-     &quot;summary&quot;: &quot;The DNS protocol is down, generate the bluetooth driver so we can reboot the SMS interface!&quot;,
+     &quot;description&quot;: &quot;I&apos;ll transmit the auxiliary RAM array, that should system the OCR transmitter!&quot;,
+     &quot;message&quot;: &quot;The SSD protocol is down, parse the open-source monitor so we can override the SCSI program!&quot;,
+     &quot;summary&quot;: &quot;Use the primary JSON application, then you can navigate the bluetooth application!&quot;,
    },
    {
-     &quot;description&quot;: &quot;We need to input the optical PCI array!&quot;,
-     &quot;message&quot;: &quot;If we index the array, we can get to the SAS sensor through the cross-platform UTF8 application!&quot;,
-     &quot;summary&quot;: &quot;Use the optical COM card, then you can program the open-source driver!&quot;,
+     &quot;description&quot;: &quot;If we calculate the bus, we can get to the COM sensor through the bluetooth FTP port!&quot;,
+     &quot;message&quot;: &quot;The HEX system is down, calculate the haptic system so we can generate the USB transmitter!&quot;,
+     &quot;summary&quot;: &quot;Try to quantify the JBOD panel, maybe it will override the haptic application!&quot;,
    },
  ]

 ❯ src/test-suite-12.spec.ts:21:20
            </failure>
        </testcase>
        <testcase classname="src/test-suite-12.spec.ts" name="&apos;Team-oriented intermediate utilisation&apos; &gt; &apos;generating the capacitor won\&apos;t do an…&apos;" time="0.000051167">
        </testcase>
        <testcase classname="src/test-suite-12.spec.ts" name="&apos;Team-oriented intermediate utilisation&apos; &gt; &apos;I\&apos;ll quantify the auxiliary HDD matr…&apos;" time="0.000298042">
            <failure message="expected [ { …(3) }, { …(3) }, { …(3) }, …(2) ] to deeply equal [ { …(3) }, { …(3) }, { …(3) }, …(2) ]" type="AssertionError">
AssertionError: expected [ { …(3) }, { …(3) }, { …(3) }, …(2) ] to deeply equal [ { …(3) }, { …(3) }, { …(3) }, …(2) ]

- Expected
+ Received

  [
    {
-     &quot;description&quot;: &quot;I&apos;ll reboot the haptic IB circuit, that should driver the THX microchip!&quot;,
-     &quot;message&quot;: &quot;You can&apos;t index the capacitor without navigating the redundant SSD feed!&quot;,
-     &quot;summary&quot;: &quot;I&apos;ll index the digital SDD program, that should port the UDP driver!&quot;,
+     &quot;description&quot;: &quot;Try to reboot the OCR card, maybe it will quantify the virtual alarm!&quot;,
+     &quot;message&quot;: &quot;If we input the alarm, we can get to the COM card through the open-source DNS program!&quot;,
+     &quot;summary&quot;: &quot;If we parse the matrix, we can get to the HTTP hard drive through the primary IB capacitor!&quot;,
    },
    {
-     &quot;description&quot;: &quot;Try to override the RSS card, maybe it will input the virtual port!&quot;,
-     &quot;message&quot;: &quot;The HTTP transmitter is down, back up the online panel so we can copy the COM capacitor!&quot;,
-     &quot;summary&quot;: &quot;I&apos;ll copy the bluetooth IB panel, that should program the DRAM array!&quot;,
+     &quot;description&quot;: &quot;If we calculate the application, we can get to the TCP feed through the mobile ASCII alarm!&quot;,
+     &quot;message&quot;: &quot;The CSS transmitter is down, copy the wireless feed so we can reboot the ASCII firewall!&quot;,
+     &quot;summary&quot;: &quot;We need to input the cross-platform XSS bandwidth!&quot;,
    },
    {
-     &quot;description&quot;: &quot;The RAM array is down, connect the online bandwidth so we can compress the VGA card!&quot;,
-     &quot;message&quot;: &quot;We need to program the mobile COM transmitter!&quot;,
-     &quot;summary&quot;: &quot;programming the monitor won&apos;t do anything, we need to transmit the neural TLS port!&quot;,
+     &quot;description&quot;: &quot;transmitting the port won&apos;t do anything, we need to copy the multi-byte SDD firewall!&quot;,
+     &quot;message&quot;: &quot;If we copy the bus, we can get to the THX protocol through the bluetooth SSL feed!&quot;,
+     &quot;summary&quot;: &quot;calculating the circuit won&apos;t do anything, we need to index the primary VGA hard drive!&quot;,
    },
    {
-     &quot;description&quot;: &quot;I&apos;ll quantify the 1080p ADP driver, that should capacitor the RSS array!&quot;,
-     &quot;message&quot;: &quot;backing up the array won&apos;t do anything, we need to program the online SAS array!&quot;,
-     &quot;summary&quot;: &quot;We need to parse the bluetooth THX bandwidth!&quot;,
+     &quot;description&quot;: &quot;Try to input the HTTP panel, maybe it will program the solid state bus!&quot;,
+     &quot;message&quot;: &quot;We need to generate the virtual CSS bandwidth!&quot;,
+     &quot;summary&quot;: &quot;Use the redundant RAM alarm, then you can connect the bluetooth transmitter!&quot;,
    },
    {
-     &quot;description&quot;: &quot;parsing the bus won&apos;t do anything, we need to connect the 1080p IP alarm!&quot;,
-     &quot;message&quot;: &quot;You can&apos;t copy the bandwidth without overriding the solid state COM bus!&quot;,
-     &quot;summary&quot;: &quot;Use the mobile SSD circuit, then you can parse the redundant protocol!&quot;,
+     &quot;description&quot;: &quot;We need to connect the digital AGP interface!&quot;,
+     &quot;message&quot;: &quot;The XML bandwidth is down, connect the optical firewall so we can back up the VGA driver!&quot;,
+     &quot;summary&quot;: &quot;Use the primary API matrix, then you can reboot the bluetooth alarm!&quot;,
    },
  ]

 ❯ src/test-suite-12.spec.ts:21:20
            </failure>
        </testcase>
        <testcase classname="src/test-suite-12.spec.ts" name="&apos;Team-oriented intermediate utilisation&apos; &gt; &apos;I\&apos;ll parse the haptic AI array, that…&apos;" time="0.000045541">
        </testcase>
        <testcase classname="src/test-suite-12.spec.ts" name="&apos;Team-oriented intermediate utilisation&apos; &gt; &apos;Try to connect the OCR firewall, mayb…&apos;" time="0.000243791">
            <failure message="expected [ { …(3) }, { …(3) }, { …(3) }, …(1) ] to deeply equal [ { …(3) }, { …(3) }, { …(3) }, …(1) ]" type="AssertionError">
AssertionError: expected [ { …(3) }, { …(3) }, { …(3) }, …(1) ] to deeply equal [ { …(3) }, { …(3) }, { …(3) }, …(1) ]

- Expected
+ Received

  [
    {
-     &quot;description&quot;: &quot;synthesizing the protocol won&apos;t do anything, we need to input the solid state THX interface!&quot;,
-     &quot;message&quot;: &quot;The THX monitor is down, copy the neural bus so we can quantify the TLS system!&quot;,
-     &quot;summary&quot;: &quot;Try to input the THX bus, maybe it will bypass the neural firewall!&quot;,
+     &quot;description&quot;: &quot;Try to input the DNS application, maybe it will reboot the back-end matrix!&quot;,
+     &quot;message&quot;: &quot;calculating the transmitter won&apos;t do anything, we need to bypass the redundant GB pixel!&quot;,
+     &quot;summary&quot;: &quot;quantifying the circuit won&apos;t do anything, we need to input the open-source SAS capacitor!&quot;,
    },
    {
-     &quot;description&quot;: &quot;I&apos;ll hack the neural SDD port, that should firewall the RSS microchip!&quot;,
-     &quot;message&quot;: &quot;The XSS sensor is down, transmit the neural driver so we can parse the AI system!&quot;,
-     &quot;summary&quot;: &quot;If we generate the card, we can get to the SMS sensor through the open-source ADP microchip!&quot;,
+     &quot;description&quot;: &quot;Use the primary RSS application, then you can override the 1080p feed!&quot;,
+     &quot;message&quot;: &quot;I&apos;ll hack the virtual DRAM hard drive, that should program the SQL transmitter!&quot;,
+     &quot;summary&quot;: &quot;We need to navigate the solid state DNS port!&quot;,
    },
    {
-     &quot;description&quot;: &quot;You can&apos;t index the program without backing up the primary OCR feed!&quot;,
-     &quot;message&quot;: &quot;The XML feed is down, generate the digital application so we can calculate the HDD application!&quot;,
-     &quot;summary&quot;: &quot;I&apos;ll index the digital AGP alarm, that should protocol the SSD port!&quot;,
+     &quot;description&quot;: &quot;Try to connect the GB bandwidth, maybe it will index the 1080p circuit!&quot;,
+     &quot;message&quot;: &quot;We need to transmit the mobile CLI firewall!&quot;,
+     &quot;summary&quot;: &quot;If we back up the transmitter, we can get to the IP matrix through the solid state ADP protocol!&quot;,
    },
    {
-     &quot;description&quot;: &quot;We need to program the haptic SAS port!&quot;,
-     &quot;message&quot;: &quot;Use the digital AI transmitter, then you can navigate the multi-byte matrix!&quot;,
-     &quot;summary&quot;: &quot;You can&apos;t copy the card without backing up the wireless USB protocol!&quot;,
+     &quot;description&quot;: &quot;If we generate the feed, we can get to the SCSI application through the virtual RAM program!&quot;,
+     &quot;message&quot;: &quot;Try to synthesize the HEX transmitter, maybe it will parse the neural monitor!&quot;,
+     &quot;summary&quot;: &quot;Use the virtual USB program, then you can parse the multi-byte pixel!&quot;,
    },
  ]

 ❯ src/test-suite-12.spec.ts:21:20
            </failure>
        </testcase>
        <testcase classname="src/test-suite-12.spec.ts" name="&apos;Team-oriented intermediate utilisation&apos; &gt; &apos;The HEX interface is down, hack the o…&apos;" time="0.000033084">
        </testcase>
        <testcase classname="src/test-suite-12.spec.ts" name="&apos;Team-oriented intermediate utilisation&apos; &gt; &apos;You can\&apos;t input the array without ge…&apos;" time="0.000238209">
            <failure message="expected [ { …(3) }, { …(3) } ] to deeply equal [ { …(3) }, { …(3) }, { …(3) }, …(1) ]" type="AssertionError">
AssertionError: expected [ { …(3) }, { …(3) } ] to deeply equal [ { …(3) }, { …(3) }, { …(3) }, …(1) ]

- Expected
+ Received

  [
    {
-     &quot;description&quot;: &quot;We need to calculate the cross-platform USB array!&quot;,
-     &quot;message&quot;: &quot;backing up the bandwidth won&apos;t do anything, we need to parse the primary USB protocol!&quot;,
-     &quot;summary&quot;: &quot;The SQL card is down, navigate the neural driver so we can bypass the ADP firewall!&quot;,
+     &quot;description&quot;: &quot;I&apos;ll bypass the auxiliary FTP alarm, that should application the ADP firewall!&quot;,
+     &quot;message&quot;: &quot;We need to parse the cross-platform IP feed!&quot;,
+     &quot;summary&quot;: &quot;Use the mobile JSON transmitter, then you can parse the open-source array!&quot;,
    },
    {
-     &quot;description&quot;: &quot;We need to quantify the bluetooth RAM application!&quot;,
-     &quot;message&quot;: &quot;We need to reboot the primary API panel!&quot;,
-     &quot;summary&quot;: &quot;You can&apos;t navigate the array without backing up the 1080p GB protocol!&quot;,
-   },
-   {
-     &quot;description&quot;: &quot;backing up the alarm won&apos;t do anything, we need to transmit the open-source THX application!&quot;,
-     &quot;message&quot;: &quot;You can&apos;t parse the port without synthesizing the auxiliary SSD array!&quot;,
-     &quot;summary&quot;: &quot;Try to hack the PNG firewall, maybe it will transmit the online array!&quot;,
-   },
-   {
-     &quot;description&quot;: &quot;I&apos;ll input the optical SAS circuit, that should bandwidth the HEX bus!&quot;,
-     &quot;message&quot;: &quot;I&apos;ll index the mobile SQL bandwidth, that should system the DNS transmitter!&quot;,
-     &quot;summary&quot;: &quot;You can&apos;t index the system without hacking the auxiliary JBOD card!&quot;,
+     &quot;description&quot;: &quot;copying the card won&apos;t do anything, we need to synthesize the 1080p COM interface!&quot;,
+     &quot;message&quot;: &quot;bypassing the firewall won&apos;t do anything, we need to generate the optical IP bandwidth!&quot;,
+     &quot;summary&quot;: &quot;The FTP sensor is down, override the open-source bandwidth so we can back up the XSS monitor!&quot;,
    },
  ]

 ❯ src/test-suite-12.spec.ts:21:20
            </failure>
        </testcase>
        <testcase classname="src/test-suite-12.spec.ts" name="&apos;Team-oriented intermediate utilisation&apos; &gt; &apos;Use the redundant SSL system, then yo…&apos;" time="0.000054042">
        </testcase>
        <testcase classname="src/test-suite-12.spec.ts" name="&apos;Team-oriented intermediate utilisation&apos; &gt; &apos;Use the multi-byte HDD monitor, then …&apos;" time="0.000372458">
            <failure message="expected [ { …(3) }, { …(3) } ] to deeply equal [ { …(3) }, { …(3) }, { …(3) }, …(2) ]" type="AssertionError">
AssertionError: expected [ { …(3) }, { …(3) } ] to deeply equal [ { …(3) }, { …(3) }, { …(3) }, …(2) ]

- Expected
+ Received

  [
    {
-     &quot;description&quot;: &quot;Use the optical API microchip, then you can copy the digital sensor!&quot;,
-     &quot;message&quot;: &quot;If we generate the port, we can get to the JSON matrix through the digital DRAM monitor!&quot;,
-     &quot;summary&quot;: &quot;We need to index the solid state UDP alarm!&quot;,
-   },
-   {
-     &quot;description&quot;: &quot;The CSS protocol is down, bypass the back-end pixel so we can reboot the API bus!&quot;,
-     &quot;message&quot;: &quot;generating the application won&apos;t do anything, we need to navigate the back-end JSON capacitor!&quot;,
-     &quot;summary&quot;: &quot;I&apos;ll navigate the open-source PCI transmitter, that should capacitor the HTTP firewall!&quot;,
-   },
-   {
-     &quot;description&quot;: &quot;I&apos;ll generate the auxiliary SMTP card, that should system the AI protocol!&quot;,
-     &quot;message&quot;: &quot;quantifying the application won&apos;t do anything, we need to input the solid state SQL panel!&quot;,
-     &quot;summary&quot;: &quot;bypassing the pixel won&apos;t do anything, we need to input the solid state ADP interface!&quot;,
-   },
-   {
-     &quot;description&quot;: &quot;Use the neural IB transmitter, then you can bypass the cross-platform protocol!&quot;,
-     &quot;message&quot;: &quot;The XML hard drive is down, override the online application so we can parse the UTF8 capacitor!&quot;,
-     &quot;summary&quot;: &quot;compressing the firewall won&apos;t do anything, we need to synthesize the virtual CLI card!&quot;,
+     &quot;description&quot;: &quot;Use the virtual ADP bus, then you can hack the 1080p interface!&quot;,
+     &quot;message&quot;: &quot;If we index the matrix, we can get to the SAS bandwidth through the online RAM sensor!&quot;,
+     &quot;summary&quot;: &quot;We need to reboot the primary IB interface!&quot;,
    },
    {
-     &quot;description&quot;: &quot;Use the multi-byte USB matrix, then you can override the online card!&quot;,
-     &quot;message&quot;: &quot;Use the cross-platform IB protocol, then you can connect the multi-byte interface!&quot;,
-     &quot;summary&quot;: &quot;We need to calculate the primary CLI alarm!&quot;,
+     &quot;description&quot;: &quot;Use the primary SSD hard drive, then you can override the online port!&quot;,
+     &quot;message&quot;: &quot;We need to input the primary AGP capacitor!&quot;,
+     &quot;summary&quot;: &quot;If we compress the matrix, we can get to the AGP firewall through the haptic COM array!&quot;,
    },
  ]

 ❯ src/test-suite-12.spec.ts:21:20
            </failure>
        </testcase>
        <testcase classname="src/test-suite-12.spec.ts" name="&apos;Team-oriented intermediate utilisation&apos; &gt; &apos;indexing the protocol won\&apos;t do anyth…&apos;" time="0.000117292">
        </testcase>
        <testcase classname="src/test-suite-12.spec.ts" name="&apos;Team-oriented intermediate utilisation&apos; &gt; &apos;You can\&apos;t copy the system without in…&apos;" time="0.000354916">
            <failure message="expected [ { …(3) }, { …(3) } ] to deeply equal [ { …(3) }, { …(3) }, { …(3) }, …(1) ]" type="AssertionError">
AssertionError: expected [ { …(3) }, { …(3) } ] to deeply equal [ { …(3) }, { …(3) }, { …(3) }, …(1) ]

- Expected
+ Received

  [
    {
-     &quot;description&quot;: &quot;Try to program the JBOD matrix, maybe it will index the multi-byte protocol!&quot;,
-     &quot;message&quot;: &quot;Use the back-end OCR feed, then you can input the open-source pixel!&quot;,
-     &quot;summary&quot;: &quot;We need to connect the wireless ADP firewall!&quot;,
+     &quot;description&quot;: &quot;indexing the port won&apos;t do anything, we need to navigate the solid state SMS array!&quot;,
+     &quot;message&quot;: &quot;You can&apos;t back up the panel without transmitting the redundant HDD transmitter!&quot;,
+     &quot;summary&quot;: &quot;Try to calculate the PNG matrix, maybe it will compress the auxiliary array!&quot;,
    },
    {
-     &quot;description&quot;: &quot;Use the back-end ADP circuit, then you can input the primary driver!&quot;,
-     &quot;message&quot;: &quot;You can&apos;t input the protocol without overriding the virtual SCSI feed!&quot;,
-     &quot;summary&quot;: &quot;I&apos;ll hack the solid state SCSI driver, that should program the DRAM card!&quot;,
-   },
-   {
-     &quot;description&quot;: &quot;If we hack the driver, we can get to the JSON bandwidth through the haptic XML protocol!&quot;,
-     &quot;message&quot;: &quot;I&apos;ll transmit the online ASCII firewall, that should feed the TCP monitor!&quot;,
-     &quot;summary&quot;: &quot;transmitting the circuit won&apos;t do anything, we need to back up the solid state COM feed!&quot;,
-   },
-   {
-     &quot;description&quot;: &quot;Try to quantify the RAM program, maybe it will connect the haptic protocol!&quot;,
-     &quot;message&quot;: &quot;I&apos;ll synthesize the solid state PCI transmitter, that should driver the XSS bus!&quot;,
-     &quot;summary&quot;: &quot;Use the online RAM circuit, then you can generate the auxiliary microchip!&quot;,
+     &quot;description&quot;: &quot;We need to quantify the 1080p HTTP matrix!&quot;,
+     &quot;message&quot;: &quot;You can&apos;t transmit the alarm without quantifying the mobile EXE matrix!&quot;,
+     &quot;summary&quot;: &quot;You can&apos;t generate the bus without compressing the open-source TCP interface!&quot;,
    },
  ]

 ❯ src/test-suite-12.spec.ts:21:20
            </failure>
        </testcase>
        <testcase classname="src/test-suite-12.spec.ts" name="&apos;Team-oriented intermediate utilisation&apos; &gt; &apos;I\&apos;ll compress the cross-platform FTP…&apos;" time="0.000057875">
        </testcase>
        <testcase classname="src/test-suite-12.spec.ts" name="&apos;Team-oriented intermediate utilisation&apos; &gt; &apos;Try to input the SDD feed, maybe it w…&apos;" time="0.000282166">
            <failure message="expected [ { …(3) }, { …(3) }, { …(3) }, …(2) ] to deeply equal [ { …(3) }, { …(3) } ]" type="AssertionError">
AssertionError: expected [ { …(3) }, { …(3) }, { …(3) }, …(2) ] to deeply equal [ { …(3) }, { …(3) } ]

- Expected
+ Received

  [
    {
-     &quot;description&quot;: &quot;If we calculate the monitor, we can get to the HDD array through the auxiliary DRAM circuit!&quot;,
-     &quot;message&quot;: &quot;quantifying the feed won&apos;t do anything, we need to parse the cross-platform HEX microchip!&quot;,
-     &quot;summary&quot;: &quot;We need to hack the 1080p DNS hard drive!&quot;,
+     &quot;description&quot;: &quot;Try to quantify the XSS matrix, maybe it will index the haptic feed!&quot;,
+     &quot;message&quot;: &quot;Try to quantify the SMS microchip, maybe it will program the optical firewall!&quot;,
+     &quot;summary&quot;: &quot;I&apos;ll calculate the open-source UDP microchip, that should microchip the AGP monitor!&quot;,
+   },
+   {
+     &quot;description&quot;: &quot;I&apos;ll quantify the open-source IP circuit, that should transmitter the OCR matrix!&quot;,
+     &quot;message&quot;: &quot;We need to navigate the solid state RSS feed!&quot;,
+     &quot;summary&quot;: &quot;The TCP circuit is down, bypass the auxiliary matrix so we can back up the EXE alarm!&quot;,
+   },
+   {
+     &quot;description&quot;: &quot;Use the bluetooth IP alarm, then you can index the haptic program!&quot;,
+     &quot;message&quot;: &quot;I&apos;ll hack the online USB capacitor, that should panel the CSS application!&quot;,
+     &quot;summary&quot;: &quot;We need to navigate the mobile SSL application!&quot;,
+   },
+   {
+     &quot;description&quot;: &quot;The DRAM bandwidth is down, input the wireless feed so we can synthesize the UDP firewall!&quot;,
+     &quot;message&quot;: &quot;If we calculate the bus, we can get to the GB firewall through the auxiliary HEX panel!&quot;,
+     &quot;summary&quot;: &quot;programming the card won&apos;t do anything, we need to hack the primary USB driver!&quot;,
    },
    {
-     &quot;description&quot;: &quot;We need to connect the neural JBOD matrix!&quot;,
-     &quot;message&quot;: &quot;bypassing the application won&apos;t do anything, we need to back up the online CSS transmitter!&quot;,
-     &quot;summary&quot;: &quot;If we compress the microchip, we can get to the SDD program through the online THX microchip!&quot;,
+     &quot;description&quot;: &quot;You can&apos;t input the card without hacking the mobile FTP bandwidth!&quot;,
+     &quot;message&quot;: &quot;You can&apos;t override the panel without synthesizing the multi-byte PNG microchip!&quot;,
+     &quot;summary&quot;: &quot;Try to generate the HEX feed, maybe it will synthesize the primary matrix!&quot;,
    },
  ]

 ❯ src/test-suite-12.spec.ts:21:20
            </failure>
        </testcase>
        <testcase classname="src/test-suite-12.spec.ts" name="&apos;Team-oriented intermediate utilisation&apos; &gt; &apos;You can\&apos;t quantify the bus without c…&apos;" time="0.00004375">
        </testcase>
        <testcase classname="src/test-suite-12.spec.ts" name="&apos;Team-oriented intermediate utilisation&apos; &gt; &apos;We need to program the virtual SMTP p…&apos;" time="0.000244833">
            <failure message="expected [ { …(3) }, { …(3) } ] to deeply equal [ { …(3) }, { …(3) }, { …(3) }, …(2) ]" type="AssertionError">
AssertionError: expected [ { …(3) }, { …(3) } ] to deeply equal [ { …(3) }, { …(3) }, { …(3) }, …(2) ]

- Expected
+ Received

  [
    {
-     &quot;description&quot;: &quot;The XML sensor is down, navigate the multi-byte array so we can quantify the USB interface!&quot;,
-     &quot;message&quot;: &quot;Try to override the HTTP bandwidth, maybe it will index the cross-platform matrix!&quot;,
-     &quot;summary&quot;: &quot;connecting the bus won&apos;t do anything, we need to reboot the bluetooth AI array!&quot;,
-   },
-   {
-     &quot;description&quot;: &quot;We need to quantify the bluetooth ADP card!&quot;,
-     &quot;message&quot;: &quot;You can&apos;t quantify the port without transmitting the auxiliary TLS panel!&quot;,
-     &quot;summary&quot;: &quot;I&apos;ll calculate the multi-byte SDD system, that should hard drive the CSS transmitter!&quot;,
-   },
-   {
-     &quot;description&quot;: &quot;I&apos;ll connect the mobile IB pixel, that should monitor the SMTP bandwidth!&quot;,
-     &quot;message&quot;: &quot;Try to index the CSS bandwidth, maybe it will program the multi-byte firewall!&quot;,
-     &quot;summary&quot;: &quot;The SQL alarm is down, generate the open-source card so we can navigate the IB program!&quot;,
-   },
-   {
-     &quot;description&quot;: &quot;You can&apos;t synthesize the pixel without overriding the auxiliary SSL protocol!&quot;,
-     &quot;message&quot;: &quot;Use the online HTTP application, then you can hack the bluetooth program!&quot;,
-     &quot;summary&quot;: &quot;The COM capacitor is down, override the wireless transmitter so we can reboot the SCSI bandwidth!&quot;,
+     &quot;description&quot;: &quot;The ASCII program is down, compress the multi-byte feed so we can reboot the SMS array!&quot;,
+     &quot;message&quot;: &quot;We need to navigate the virtual PNG bandwidth!&quot;,
+     &quot;summary&quot;: &quot;Use the virtual USB system, then you can input the bluetooth card!&quot;,
    },
    {
-     &quot;description&quot;: &quot;You can&apos;t input the monitor without indexing the back-end PCI driver!&quot;,
-     &quot;message&quot;: &quot;I&apos;ll connect the optical SCSI sensor, that should transmitter the OCR circuit!&quot;,
-     &quot;summary&quot;: &quot;If we back up the monitor, we can get to the UTF8 alarm through the cross-platform SQL matrix!&quot;,
+     &quot;description&quot;: &quot;We need to copy the open-source SSD panel!&quot;,
+     &quot;message&quot;: &quot;I&apos;ll connect the optical RAM system, that should microchip the UTF8 hard drive!&quot;,
+     &quot;summary&quot;: &quot;You can&apos;t input the program without navigating the optical GB sensor!&quot;,
    },
  ]

 ❯ src/test-suite-12.spec.ts:21:20
            </failure>
        </testcase>
        <testcase classname="src/test-suite-12.spec.ts" name="&apos;Team-oriented intermediate utilisation&apos; &gt; &apos;If we program the firewall, we can ge…&apos;" time="0.000055292">
        </testcase>
        <testcase classname="src/test-suite-12.spec.ts" name="&apos;Team-oriented intermediate utilisation&apos; &gt; &apos;We need to navigate the back-end IP c…&apos;" time="0.00023475">
            <failure message="expected [ { …(3) }, { …(3) } ] to deeply equal [ { …(3) }, { …(3) }, { …(3) }, …(2) ]" type="AssertionError">
AssertionError: expected [ { …(3) }, { …(3) } ] to deeply equal [ { …(3) }, { …(3) }, { …(3) }, …(2) ]

- Expected
+ Received

  [
    {
-     &quot;description&quot;: &quot;I&apos;ll override the mobile AI bandwidth, that should firewall the AGP driver!&quot;,
-     &quot;message&quot;: &quot;calculating the capacitor won&apos;t do anything, we need to generate the digital UDP array!&quot;,
-     &quot;summary&quot;: &quot;We need to quantify the cross-platform IP application!&quot;,
-   },
-   {
-     &quot;description&quot;: &quot;Use the mobile TCP driver, then you can connect the 1080p feed!&quot;,
-     &quot;message&quot;: &quot;I&apos;ll synthesize the digital ASCII feed, that should system the UDP transmitter!&quot;,
-     &quot;summary&quot;: &quot;I&apos;ll quantify the cross-platform VGA array, that should pixel the IB pixel!&quot;,
-   },
-   {
-     &quot;description&quot;: &quot;You can&apos;t copy the panel without indexing the 1080p PCI bus!&quot;,
-     &quot;message&quot;: &quot;Use the primary XSS panel, then you can copy the back-end panel!&quot;,
-     &quot;summary&quot;: &quot;I&apos;ll parse the back-end ASCII feed, that should transmitter the USB sensor!&quot;,
-   },
-   {
-     &quot;description&quot;: &quot;I&apos;ll override the primary GB feed, that should firewall the TLS feed!&quot;,
-     &quot;message&quot;: &quot;I&apos;ll copy the neural SMS bus, that should bandwidth the UDP feed!&quot;,
-     &quot;summary&quot;: &quot;The OCR panel is down, transmit the mobile transmitter so we can bypass the GB driver!&quot;,
+     &quot;description&quot;: &quot;You can&apos;t connect the circuit without parsing the multi-byte FTP application!&quot;,
+     &quot;message&quot;: &quot;Try to parse the SMTP sensor, maybe it will index the bluetooth hard drive!&quot;,
+     &quot;summary&quot;: &quot;The AI driver is down, parse the cross-platform hard drive so we can calculate the SQL circuit!&quot;,
    },
    {
-     &quot;description&quot;: &quot;We need to back up the optical XML feed!&quot;,
-     &quot;message&quot;: &quot;Use the neural UTF8 bandwidth, then you can reboot the mobile firewall!&quot;,
-     &quot;summary&quot;: &quot;The EXE alarm is down, index the online bus so we can parse the SCSI monitor!&quot;,
+     &quot;description&quot;: &quot;You can&apos;t navigate the driver without connecting the cross-platform TLS system!&quot;,
+     &quot;message&quot;: &quot;Try to quantify the CSS sensor, maybe it will input the open-source program!&quot;,
+     &quot;summary&quot;: &quot;We need to hack the bluetooth AGP feed!&quot;,
    },
  ]

 ❯ src/test-suite-12.spec.ts:21:20
            </failure>
        </testcase>
        <testcase classname="src/test-suite-12.spec.ts" name="&apos;Team-oriented intermediate utilisation&apos; &gt; &apos;If we calculate the panel, we can get…&apos;" time="0.000034708">
        </testcase>
        <testcase classname="src/test-suite-12.spec.ts" name="&apos;Team-oriented intermediate utilisation&apos; &gt; &apos;We need to bypass the redundant SCSI …&apos;" time="0.000261709">
            <failure message="expected [ { …(3) }, { …(3) }, { …(3) }, …(1) ] to deeply equal [ { …(3) }, { …(3) }, { …(3) }, …(1) ]" type="AssertionError">
AssertionError: expected [ { …(3) }, { …(3) }, { …(3) }, …(1) ] to deeply equal [ { …(3) }, { …(3) }, { …(3) }, …(1) ]

- Expected
+ Received

  [
    {
-     &quot;description&quot;: &quot;We need to navigate the back-end CSS sensor!&quot;,
-     &quot;message&quot;: &quot;Try to navigate the SAS capacitor, maybe it will reboot the auxiliary port!&quot;,
-     &quot;summary&quot;: &quot;Try to back up the SSL bandwidth, maybe it will navigate the bluetooth driver!&quot;,
+     &quot;description&quot;: &quot;quantifying the monitor won&apos;t do anything, we need to transmit the primary HEX hard drive!&quot;,
+     &quot;message&quot;: &quot;Try to compress the EXE monitor, maybe it will copy the back-end sensor!&quot;,
+     &quot;summary&quot;: &quot;The AI panel is down, override the auxiliary interface so we can calculate the PNG feed!&quot;,
    },
    {
-     &quot;description&quot;: &quot;Use the online SMS alarm, then you can reboot the redundant driver!&quot;,
-     &quot;message&quot;: &quot;I&apos;ll back up the solid state XML interface, that should interface the SDD port!&quot;,
-     &quot;summary&quot;: &quot;Try to input the DRAM driver, maybe it will copy the bluetooth pixel!&quot;,
+     &quot;description&quot;: &quot;Try to program the RSS microchip, maybe it will bypass the 1080p application!&quot;,
+     &quot;message&quot;: &quot;Use the mobile COM firewall, then you can transmit the virtual array!&quot;,
+     &quot;summary&quot;: &quot;navigating the application won&apos;t do anything, we need to input the wireless COM transmitter!&quot;,
    },
    {
-     &quot;description&quot;: &quot;Use the solid state CSS microchip, then you can quantify the redundant hard drive!&quot;,
-     &quot;message&quot;: &quot;You can&apos;t index the bus without transmitting the neural PNG bus!&quot;,
-     &quot;summary&quot;: &quot;I&apos;ll quantify the wireless XSS program, that should protocol the DNS circuit!&quot;,
+     &quot;description&quot;: &quot;We need to program the online SAS interface!&quot;,
+     &quot;message&quot;: &quot;Use the digital UDP hard drive, then you can back up the cross-platform hard drive!&quot;,
+     &quot;summary&quot;: &quot;Use the multi-byte ADP hard drive, then you can calculate the optical application!&quot;,
    },
    {
-     &quot;description&quot;: &quot;If we copy the interface, we can get to the OCR system through the neural PCI microchip!&quot;,
-     &quot;message&quot;: &quot;The XSS bandwidth is down, generate the cross-platform program so we can quantify the OCR interface!&quot;,
-     &quot;summary&quot;: &quot;Use the optical SSD monitor, then you can navigate the online bandwidth!&quot;,
+     &quot;description&quot;: &quot;You can&apos;t input the sensor without quantifying the 1080p CSS bandwidth!&quot;,
+     &quot;message&quot;: &quot;bypassing the card won&apos;t do anything, we need to bypass the multi-byte SAS card!&quot;,
+     &quot;summary&quot;: &quot;Use the cross-platform CSS hard drive, then you can back up the primary application!&quot;,
    },
  ]

 ❯ src/test-suite-12.spec.ts:21:20
            </failure>
        </testcase>
        <testcase classname="src/test-suite-12.spec.ts" name="&apos;Team-oriented intermediate utilisation&apos; &gt; &apos;The HDD application is down, transmit…&apos;" time="0.000048458">
        </testcase>
        <testcase classname="src/test-suite-12.spec.ts" name="&apos;Team-oriented intermediate utilisation&apos; &gt; &apos;If we synthesize the card, we can get…&apos;" time="0.000230959">
            <failure message="expected [ { …(3) }, { …(3) }, { …(3) } ] to deeply equal [ { …(3) }, { …(3) }, { …(3) }, …(1) ]" type="AssertionError">
AssertionError: expected [ { …(3) }, { …(3) }, { …(3) } ] to deeply equal [ { …(3) }, { …(3) }, { …(3) }, …(1) ]

- Expected
+ Received

  [
    {
-     &quot;description&quot;: &quot;If we index the microchip, we can get to the DNS hard drive through the digital ADP driver!&quot;,
-     &quot;message&quot;: &quot;The RAM circuit is down, bypass the 1080p microchip so we can program the HDD interface!&quot;,
-     &quot;summary&quot;: &quot;You can&apos;t transmit the hard drive without calculating the multi-byte SMTP sensor!&quot;,
-   },
-   {
-     &quot;description&quot;: &quot;Use the open-source SMTP microchip, then you can bypass the multi-byte hard drive!&quot;,
-     &quot;message&quot;: &quot;We need to back up the open-source FTP bandwidth!&quot;,
-     &quot;summary&quot;: &quot;If we transmit the bus, we can get to the TCP feed through the virtual JBOD capacitor!&quot;,
+     &quot;description&quot;: &quot;If we parse the application, we can get to the DRAM capacitor through the bluetooth JSON matrix!&quot;,
+     &quot;message&quot;: &quot;You can&apos;t navigate the program without parsing the bluetooth SDD application!&quot;,
+     &quot;summary&quot;: &quot;You can&apos;t parse the bandwidth without navigating the 1080p SMTP monitor!&quot;,
    },
    {
-     &quot;description&quot;: &quot;The IB pixel is down, program the digital sensor so we can program the SQL system!&quot;,
-     &quot;message&quot;: &quot;You can&apos;t calculate the monitor without navigating the haptic RAM system!&quot;,
-     &quot;summary&quot;: &quot;Use the online EXE alarm, then you can program the bluetooth capacitor!&quot;,
+     &quot;description&quot;: &quot;Use the wireless SAS bandwidth, then you can hack the virtual feed!&quot;,
+     &quot;message&quot;: &quot;If we transmit the feed, we can get to the AI hard drive through the mobile PNG application!&quot;,
+     &quot;summary&quot;: &quot;The RAM microchip is down, override the online application so we can connect the DRAM microchip!&quot;,
    },
    {
-     &quot;description&quot;: &quot;The RAM capacitor is down, program the multi-byte array so we can override the AI application!&quot;,
-     &quot;message&quot;: &quot;parsing the system won&apos;t do anything, we need to input the optical SQL panel!&quot;,
-     &quot;summary&quot;: &quot;I&apos;ll reboot the primary SMS program, that should bandwidth the PCI bandwidth!&quot;,
+     &quot;description&quot;: &quot;Try to connect the IB array, maybe it will hack the multi-byte card!&quot;,
+     &quot;message&quot;: &quot;The SSD sensor is down, navigate the bluetooth system so we can synthesize the HEX driver!&quot;,
+     &quot;summary&quot;: &quot;We need to compress the neural THX alarm!&quot;,
    },
  ]

 ❯ src/test-suite-12.spec.ts:21:20
            </failure>
        </testcase>
        <testcase classname="src/test-suite-12.spec.ts" name="&apos;Team-oriented intermediate utilisation&apos; &gt; &apos;You can\&apos;t quantify the program witho…&apos;" time="0.000036458">
        </testcase>
        <testcase classname="src/test-suite-12.spec.ts" name="&apos;Team-oriented intermediate utilisation&apos; &gt; &apos;navigating the system won\&apos;t do anyth…&apos;" time="0.000314834">
            <failure message="expected [ { …(3) }, { …(3) }, { …(3) }, …(1) ] to deeply equal [ { …(3) }, { …(3) }, { …(3) }, …(1) ]" type="AssertionError">
AssertionError: expected [ { …(3) }, { …(3) }, { …(3) }, …(1) ] to deeply equal [ { …(3) }, { …(3) }, { …(3) }, …(1) ]

- Expected
+ Received

  [
    {
-     &quot;description&quot;: &quot;Use the virtual RSS microchip, then you can transmit the redundant program!&quot;,
-     &quot;message&quot;: &quot;If we override the application, we can get to the API firewall through the digital HDD firewall!&quot;,
-     &quot;summary&quot;: &quot;The USB card is down, copy the wireless microchip so we can reboot the ADP pixel!&quot;,
+     &quot;description&quot;: &quot;You can&apos;t override the sensor without parsing the redundant UTF8 system!&quot;,
+     &quot;message&quot;: &quot;transmitting the bandwidth won&apos;t do anything, we need to navigate the neural RAM port!&quot;,
+     &quot;summary&quot;: &quot;Use the redundant XSS driver, then you can program the 1080p system!&quot;,
    },
    {
-     &quot;description&quot;: &quot;If we reboot the application, we can get to the SCSI microchip through the cross-platform CSS microchip!&quot;,
-     &quot;message&quot;: &quot;Use the bluetooth SSD protocol, then you can program the haptic interface!&quot;,
-     &quot;summary&quot;: &quot;You can&apos;t compress the matrix without compressing the virtual IP bandwidth!&quot;,
+     &quot;description&quot;: &quot;If we reboot the array, we can get to the IP protocol through the wireless IP firewall!&quot;,
+     &quot;message&quot;: &quot;You can&apos;t copy the program without overriding the primary SMTP application!&quot;,
+     &quot;summary&quot;: &quot;overriding the card won&apos;t do anything, we need to index the haptic JSON hard drive!&quot;,
    },
    {
-     &quot;description&quot;: &quot;calculating the panel won&apos;t do anything, we need to generate the mobile XML card!&quot;,
-     &quot;message&quot;: &quot;If we quantify the card, we can get to the AGP bus through the wireless USB firewall!&quot;,
-     &quot;summary&quot;: &quot;Try to generate the IP feed, maybe it will parse the primary pixel!&quot;,
+     &quot;description&quot;: &quot;Try to parse the SMS program, maybe it will index the digital bandwidth!&quot;,
+     &quot;message&quot;: &quot;Try to reboot the TLS system, maybe it will bypass the wireless bus!&quot;,
+     &quot;summary&quot;: &quot;I&apos;ll transmit the optical IB capacitor, that should pixel the SCSI hard drive!&quot;,
    },
    {
-     &quot;description&quot;: &quot;You can&apos;t back up the application without bypassing the haptic PCI matrix!&quot;,
-     &quot;message&quot;: &quot;Use the mobile JSON driver, then you can copy the 1080p panel!&quot;,
-     &quot;summary&quot;: &quot;overriding the application won&apos;t do anything, we need to copy the redundant SAS array!&quot;,
+     &quot;description&quot;: &quot;You can&apos;t generate the feed without connecting the digital DNS panel!&quot;,
+     &quot;message&quot;: &quot;Try to compress the JBOD sensor, maybe it will bypass the optical port!&quot;,
+     &quot;summary&quot;: &quot;Use the neural SDD array, then you can back up the 1080p matrix!&quot;,
    },
  ]

 ❯ src/test-suite-12.spec.ts:21:20
            </failure>
        </testcase>
        <testcase classname="src/test-suite-12.spec.ts" name="&apos;Team-oriented intermediate utilisation&apos; &gt; &apos;If we index the matrix, we can get to…&apos;" time="0.000040917">
        </testcase>
        <testcase classname="src/test-suite-12.spec.ts" name="&apos;Team-oriented intermediate utilisation&apos; &gt; &apos;You can\&apos;t calculate the capacitor wi…&apos;" time="0.000188208">
            <failure message="expected [ { …(3) }, { …(3) } ] to deeply equal [ { …(3) }, { …(3) }, { …(3) } ]" type="AssertionError">
AssertionError: expected [ { …(3) }, { …(3) } ] to deeply equal [ { …(3) }, { …(3) }, { …(3) } ]

- Expected
+ Received

  [
    {
-     &quot;description&quot;: &quot;If we hack the array, we can get to the HEX bandwidth through the optical COM application!&quot;,
-     &quot;message&quot;: &quot;Use the redundant FTP panel, then you can generate the 1080p port!&quot;,
-     &quot;summary&quot;: &quot;We need to reboot the 1080p EXE capacitor!&quot;,
-   },
-   {
-     &quot;description&quot;: &quot;If we calculate the hard drive, we can get to the JBOD hard drive through the haptic HEX bus!&quot;,
-     &quot;message&quot;: &quot;Use the bluetooth SAS firewall, then you can calculate the neural panel!&quot;,
-     &quot;summary&quot;: &quot;We need to transmit the bluetooth DRAM monitor!&quot;,
+     &quot;description&quot;: &quot;navigating the alarm won&apos;t do anything, we need to bypass the auxiliary USB hard drive!&quot;,
+     &quot;message&quot;: &quot;If we hack the interface, we can get to the DRAM matrix through the multi-byte TLS application!&quot;,
+     &quot;summary&quot;: &quot;If we program the driver, we can get to the CSS interface through the multi-byte SAS program!&quot;,
    },
    {
-     &quot;description&quot;: &quot;The PCI array is down, copy the neural circuit so we can copy the JSON hard drive!&quot;,
-     &quot;message&quot;: &quot;Use the multi-byte JSON array, then you can reboot the solid state matrix!&quot;,
-     &quot;summary&quot;: &quot;We need to index the digital SMTP bus!&quot;,
+     &quot;description&quot;: &quot;You can&apos;t override the interface without quantifying the cross-platform GB application!&quot;,
+     &quot;message&quot;: &quot;Try to quantify the API circuit, maybe it will quantify the cross-platform matrix!&quot;,
+     &quot;summary&quot;: &quot;Use the open-source IP port, then you can calculate the 1080p system!&quot;,
    },
  ]

 ❯ src/test-suite-12.spec.ts:21:20
            </failure>
        </testcase>
        <testcase classname="src/test-suite-12.spec.ts" name="&apos;Team-oriented intermediate utilisation&apos; &gt; &apos;You can\&apos;t reboot the system without …&apos;" time="0.000038166">
        </testcase>
        <testcase classname="src/test-suite-12.spec.ts" name="&apos;Team-oriented intermediate utilisation&apos; &gt; &apos;Use the virtual JBOD bus, then you ca…&apos;" time="0.00024825">
            <failure message="expected [ { …(3) }, { …(3) } ] to deeply equal [ { …(3) }, { …(3) }, { …(3) }, …(1) ]" type="AssertionError">
AssertionError: expected [ { …(3) }, { …(3) } ] to deeply equal [ { …(3) }, { …(3) }, { …(3) }, …(1) ]

- Expected
+ Received

  [
    {
-     &quot;description&quot;: &quot;We need to compress the bluetooth RSS application!&quot;,
-     &quot;message&quot;: &quot;We need to calculate the cross-platform SDD bandwidth!&quot;,
-     &quot;summary&quot;: &quot;I&apos;ll override the auxiliary SMTP feed, that should port the JBOD monitor!&quot;,
+     &quot;description&quot;: &quot;If we reboot the program, we can get to the HDD transmitter through the cross-platform THX application!&quot;,
+     &quot;message&quot;: &quot;You can&apos;t synthesize the feed without hacking the back-end RSS application!&quot;,
+     &quot;summary&quot;: &quot;Try to bypass the DRAM microchip, maybe it will parse the virtual microchip!&quot;,
    },
    {
-     &quot;description&quot;: &quot;You can&apos;t reboot the interface without hacking the virtual CSS program!&quot;,
-     &quot;message&quot;: &quot;Try to reboot the IB firewall, maybe it will back up the solid state firewall!&quot;,
-     &quot;summary&quot;: &quot;I&apos;ll navigate the cross-platform HEX microchip, that should alarm the HEX panel!&quot;,
-   },
-   {
-     &quot;description&quot;: &quot;I&apos;ll hack the open-source SQL panel, that should card the VGA firewall!&quot;,
-     &quot;message&quot;: &quot;Use the multi-byte AGP bus, then you can bypass the optical hard drive!&quot;,
-     &quot;summary&quot;: &quot;You can&apos;t synthesize the monitor without compressing the primary COM transmitter!&quot;,
-   },
-   {
-     &quot;description&quot;: &quot;We need to transmit the digital ASCII pixel!&quot;,
-     &quot;message&quot;: &quot;Use the online FTP port, then you can reboot the cross-platform system!&quot;,
-     &quot;summary&quot;: &quot;Try to back up the IP transmitter, maybe it will navigate the bluetooth bus!&quot;,
+     &quot;description&quot;: &quot;I&apos;ll connect the neural API driver, that should bus the FTP bus!&quot;,
+     &quot;message&quot;: &quot;I&apos;ll hack the redundant RAM array, that should pixel the AI microchip!&quot;,
+     &quot;summary&quot;: &quot;Use the virtual UTF8 capacitor, then you can navigate the optical system!&quot;,
    },
  ]

 ❯ src/test-suite-12.spec.ts:21:20
            </failure>
        </testcase>
        <testcase classname="src/test-suite-12.spec.ts" name="&apos;Team-oriented intermediate utilisation&apos; &gt; &apos;Use the optical HTTP array, then you …&apos;" time="0.000032333">
        </testcase>
        <testcase classname="src/test-suite-12.spec.ts" name="&apos;Team-oriented intermediate utilisation&apos; &gt; &apos;If we back up the firewall, we can ge…&apos;" time="0.000182959">
            <failure message="expected [ { …(3) }, { …(3) } ] to deeply equal [ { …(3) }, { …(3) }, { …(3) } ]" type="AssertionError">
AssertionError: expected [ { …(3) }, { …(3) } ] to deeply equal [ { …(3) }, { …(3) }, { …(3) } ]

- Expected
+ Received

  [
    {
-     &quot;description&quot;: &quot;You can&apos;t bypass the card without compressing the haptic SSD transmitter!&quot;,
-     &quot;message&quot;: &quot;You can&apos;t parse the transmitter without quantifying the 1080p TLS matrix!&quot;,
-     &quot;summary&quot;: &quot;If we input the bandwidth, we can get to the VGA driver through the digital COM interface!&quot;,
-   },
-   {
-     &quot;description&quot;: &quot;We need to copy the wireless UDP hard drive!&quot;,
-     &quot;message&quot;: &quot;I&apos;ll generate the 1080p API capacitor, that should bus the XML sensor!&quot;,
-     &quot;summary&quot;: &quot;Use the bluetooth TCP protocol, then you can reboot the neural protocol!&quot;,
+     &quot;description&quot;: &quot;I&apos;ll compress the wireless JSON matrix, that should bandwidth the SSD feed!&quot;,
+     &quot;message&quot;: &quot;We need to navigate the multi-byte ASCII bus!&quot;,
+     &quot;summary&quot;: &quot;You can&apos;t calculate the card without parsing the neural IB hard drive!&quot;,
    },
    {
-     &quot;description&quot;: &quot;I&apos;ll navigate the wireless USB driver, that should circuit the GB program!&quot;,
-     &quot;message&quot;: &quot;Try to back up the PCI protocol, maybe it will bypass the wireless alarm!&quot;,
-     &quot;summary&quot;: &quot;The SMS monitor is down, hack the open-source capacitor so we can back up the AI transmitter!&quot;,
+     &quot;description&quot;: &quot;I&apos;ll hack the redundant JSON protocol, that should circuit the EXE panel!&quot;,
+     &quot;message&quot;: &quot;I&apos;ll synthesize the 1080p ADP microchip, that should firewall the AI application!&quot;,
+     &quot;summary&quot;: &quot;Try to bypass the HEX hard drive, maybe it will override the open-source monitor!&quot;,
    },
  ]

 ❯ src/test-suite-12.spec.ts:21:20
            </failure>
        </testcase>
        <testcase classname="src/test-suite-12.spec.ts" name="&apos;Team-oriented intermediate utilisation&apos; &gt; &apos;We need to compress the bluetooth SSD…&apos;" time="0.000032125">
        </testcase>
        <testcase classname="src/test-suite-12.spec.ts" name="&apos;Team-oriented intermediate utilisation&apos; &gt; &apos;If we connect the panel, we can get t…&apos;" time="0.000287917">
            <failure message="expected [ { …(3) }, { …(3) }, { …(3) }, …(2) ] to deeply equal [ { …(3) }, { …(3) }, { …(3) }, …(2) ]" type="AssertionError">
AssertionError: expected [ { …(3) }, { …(3) }, { …(3) }, …(2) ] to deeply equal [ { …(3) }, { …(3) }, { …(3) }, …(2) ]

- Expected
+ Received

  [
    {
-     &quot;description&quot;: &quot;I&apos;ll quantify the haptic HEX hard drive, that should circuit the OCR port!&quot;,
-     &quot;message&quot;: &quot;The DNS sensor is down, synthesize the back-end card so we can back up the SSL port!&quot;,
-     &quot;summary&quot;: &quot;I&apos;ll calculate the back-end HDD sensor, that should matrix the RAM microchip!&quot;,
+     &quot;description&quot;: &quot;I&apos;ll hack the redundant SSL hard drive, that should application the DNS circuit!&quot;,
+     &quot;message&quot;: &quot;You can&apos;t quantify the feed without copying the wireless OCR pixel!&quot;,
+     &quot;summary&quot;: &quot;I&apos;ll bypass the bluetooth XSS transmitter, that should capacitor the OCR transmitter!&quot;,
    },
    {
-     &quot;description&quot;: &quot;The UTF8 bus is down, hack the multi-byte transmitter so we can copy the COM card!&quot;,
-     &quot;message&quot;: &quot;Try to transmit the IP array, maybe it will back up the open-source monitor!&quot;,
-     &quot;summary&quot;: &quot;I&apos;ll bypass the bluetooth SAS circuit, that should pixel the OCR transmitter!&quot;,
+     &quot;description&quot;: &quot;You can&apos;t transmit the bus without programming the redundant COM alarm!&quot;,
+     &quot;message&quot;: &quot;compressing the sensor won&apos;t do anything, we need to bypass the back-end XSS firewall!&quot;,
+     &quot;summary&quot;: &quot;If we connect the card, we can get to the USB application through the mobile CLI protocol!&quot;,
    },
    {
-     &quot;description&quot;: &quot;If we navigate the transmitter, we can get to the RSS pixel through the virtual SMTP driver!&quot;,
-     &quot;message&quot;: &quot;We need to connect the primary PCI port!&quot;,
-     &quot;summary&quot;: &quot;The IB program is down, input the redundant card so we can input the SDD application!&quot;,
+     &quot;description&quot;: &quot;Try to parse the SSL application, maybe it will program the bluetooth feed!&quot;,
+     &quot;message&quot;: &quot;You can&apos;t synthesize the driver without connecting the auxiliary SMS port!&quot;,
+     &quot;summary&quot;: &quot;You can&apos;t navigate the transmitter without calculating the open-source SDD circuit!&quot;,
    },
    {
-     &quot;description&quot;: &quot;Use the 1080p SSL pixel, then you can program the redundant application!&quot;,
-     &quot;message&quot;: &quot;If we calculate the circuit, we can get to the SQL firewall through the solid state SDD array!&quot;,
-     &quot;summary&quot;: &quot;I&apos;ll index the 1080p OCR alarm, that should alarm the PCI interface!&quot;,
+     &quot;description&quot;: &quot;copying the pixel won&apos;t do anything, we need to compress the mobile FTP bus!&quot;,
+     &quot;message&quot;: &quot;Try to index the HTTP hard drive, maybe it will hack the mobile card!&quot;,
+     &quot;summary&quot;: &quot;Use the virtual JBOD bandwidth, then you can back up the bluetooth bus!&quot;,
    },
    {
-     &quot;description&quot;: &quot;If we generate the feed, we can get to the CSS feed through the 1080p COM firewall!&quot;,
-     &quot;message&quot;: &quot;We need to generate the back-end ADP interface!&quot;,
-     &quot;summary&quot;: &quot;If we override the circuit, we can get to the SMTP pixel through the digital SMTP bandwidth!&quot;,
+     &quot;description&quot;: &quot;If we override the capacitor, we can get to the THX hard drive through the wireless UDP monitor!&quot;,
+     &quot;message&quot;: &quot;I&apos;ll synthesize the mobile ADP capacitor, that should application the OCR circuit!&quot;,
+     &quot;summary&quot;: &quot;The COM monitor is down, generate the 1080p array so we can override the SCSI interface!&quot;,
    },
  ]

 ❯ src/test-suite-12.spec.ts:21:20
            </failure>
        </testcase>
        <testcase classname="src/test-suite-12.spec.ts" name="&apos;Team-oriented intermediate utilisation&apos; &gt; &apos;Try to input the JSON interface, mayb…&apos;" time="0.000043167">
        </testcase>
        <testcase classname="src/test-suite-12.spec.ts" name="&apos;Team-oriented intermediate utilisation&apos; &gt; &apos;Try to parse the ADP card, maybe it w…&apos;" time="0.000179416">
            <failure message="expected [ { …(3) }, { …(3) }, { …(3) } ] to deeply equal [ { …(3) }, { …(3) } ]" type="AssertionError">
AssertionError: expected [ { …(3) }, { …(3) }, { …(3) } ] to deeply equal [ { …(3) }, { …(3) } ]

- Expected
+ Received

  [
    {
-     &quot;description&quot;: &quot;We need to bypass the 1080p GB card!&quot;,
-     &quot;message&quot;: &quot;Try to back up the EXE card, maybe it will index the 1080p interface!&quot;,
-     &quot;summary&quot;: &quot;I&apos;ll parse the back-end USB protocol, that should matrix the CSS bus!&quot;,
+     &quot;description&quot;: &quot;I&apos;ll connect the digital HEX interface, that should hard drive the TLS bandwidth!&quot;,
+     &quot;message&quot;: &quot;We need to synthesize the haptic USB monitor!&quot;,
+     &quot;summary&quot;: &quot;You can&apos;t program the pixel without compressing the mobile UDP driver!&quot;,
+   },
+   {
+     &quot;description&quot;: &quot;We need to back up the 1080p HEX feed!&quot;,
+     &quot;message&quot;: &quot;The SSL port is down, back up the primary bandwidth so we can hack the JSON matrix!&quot;,
+     &quot;summary&quot;: &quot;Try to quantify the SDD program, maybe it will navigate the solid state bus!&quot;,
    },
    {
-     &quot;description&quot;: &quot;Try to input the UDP sensor, maybe it will navigate the neural matrix!&quot;,
-     &quot;message&quot;: &quot;You can&apos;t transmit the protocol without hacking the solid state SMS panel!&quot;,
-     &quot;summary&quot;: &quot;We need to bypass the primary CLI circuit!&quot;,
+     &quot;description&quot;: &quot;You can&apos;t calculate the capacitor without transmitting the 1080p SDD panel!&quot;,
+     &quot;message&quot;: &quot;Try to program the XML feed, maybe it will program the digital application!&quot;,
+     &quot;summary&quot;: &quot;Use the auxiliary SCSI monitor, then you can connect the solid state transmitter!&quot;,
    },
  ]

 ❯ src/test-suite-12.spec.ts:21:20
            </failure>
        </testcase>
        <testcase classname="src/test-suite-12.spec.ts" name="&apos;Team-oriented intermediate utilisation&apos; &gt; &apos;I\&apos;ll index the back-end ADP capacito…&apos;" time="0.000038375">
        </testcase>
        <testcase classname="src/test-suite-12.spec.ts" name="&apos;Team-oriented intermediate utilisation&apos; &gt; &apos;We need to connect the redundant USB …&apos;" time="0.000180167">
            <failure message="expected [ { …(3) }, { …(3) } ] to deeply equal [ { …(3) }, { …(3) }, { …(3) } ]" type="AssertionError">
AssertionError: expected [ { …(3) }, { …(3) } ] to deeply equal [ { …(3) }, { …(3) }, { …(3) } ]

- Expected
+ Received

  [
    {
-     &quot;description&quot;: &quot;We need to reboot the online RAM firewall!&quot;,
-     &quot;message&quot;: &quot;The TLS firewall is down, generate the back-end panel so we can index the PCI bus!&quot;,
-     &quot;summary&quot;: &quot;hacking the feed won&apos;t do anything, we need to copy the multi-byte RSS protocol!&quot;,
-   },
-   {
-     &quot;description&quot;: &quot;The ASCII system is down, parse the virtual transmitter so we can synthesize the SSL alarm!&quot;,
-     &quot;message&quot;: &quot;We need to calculate the multi-byte API array!&quot;,
-     &quot;summary&quot;: &quot;The HDD matrix is down, hack the virtual port so we can calculate the JSON transmitter!&quot;,
+     &quot;description&quot;: &quot;You can&apos;t override the card without calculating the digital UTF8 system!&quot;,
+     &quot;message&quot;: &quot;The HTTP transmitter is down, calculate the redundant feed so we can connect the PCI interface!&quot;,
+     &quot;summary&quot;: &quot;You can&apos;t quantify the monitor without quantifying the bluetooth SSL hard drive!&quot;,
    },
    {
-     &quot;description&quot;: &quot;Try to synthesize the RAM microchip, maybe it will parse the primary matrix!&quot;,
-     &quot;message&quot;: &quot;If we input the panel, we can get to the COM sensor through the haptic RSS panel!&quot;,
-     &quot;summary&quot;: &quot;We need to parse the primary SCSI capacitor!&quot;,
+     &quot;description&quot;: &quot;If we back up the transmitter, we can get to the ADP port through the virtual AI monitor!&quot;,
+     &quot;message&quot;: &quot;Try to transmit the XML capacitor, maybe it will back up the virtual application!&quot;,
+     &quot;summary&quot;: &quot;navigating the transmitter won&apos;t do anything, we need to parse the wireless PCI circuit!&quot;,
    },
  ]

 ❯ src/test-suite-12.spec.ts:21:20
            </failure>
        </testcase>
        <testcase classname="src/test-suite-12.spec.ts" name="&apos;Team-oriented intermediate utilisation&apos; &gt; &apos;I\&apos;ll override the back-end DNS feed,…&apos;" time="0.000048417">
        </testcase>
        <testcase classname="src/test-suite-12.spec.ts" name="&apos;Team-oriented intermediate utilisation&apos; &gt; &apos;If we reboot the application, we can …&apos;" time="0.000294">
            <failure message="expected [ { …(3) }, { …(3) }, { …(3) }, …(2) ] to deeply equal [ { …(3) }, { …(3) }, { …(3) }, …(1) ]" type="AssertionError">
AssertionError: expected [ { …(3) }, { …(3) }, { …(3) }, …(2) ] to deeply equal [ { …(3) }, { …(3) }, { …(3) }, …(1) ]

- Expected
+ Received

  [
    {
-     &quot;description&quot;: &quot;backing up the array won&apos;t do anything, we need to reboot the online ADP firewall!&quot;,
-     &quot;message&quot;: &quot;Use the multi-byte JBOD program, then you can compress the primary pixel!&quot;,
-     &quot;summary&quot;: &quot;Use the optical USB sensor, then you can back up the online array!&quot;,
+     &quot;description&quot;: &quot;The EXE interface is down, calculate the primary bandwidth so we can input the XML bandwidth!&quot;,
+     &quot;message&quot;: &quot;Use the optical API pixel, then you can reboot the back-end transmitter!&quot;,
+     &quot;summary&quot;: &quot;Use the solid state ADP array, then you can copy the bluetooth circuit!&quot;,
    },
    {
-     &quot;description&quot;: &quot;You can&apos;t bypass the capacitor without transmitting the haptic HTTP firewall!&quot;,
-     &quot;message&quot;: &quot;Try to program the SMS bus, maybe it will hack the mobile panel!&quot;,
-     &quot;summary&quot;: &quot;bypassing the alarm won&apos;t do anything, we need to index the online CSS transmitter!&quot;,
+     &quot;description&quot;: &quot;The SDD matrix is down, override the haptic panel so we can hack the GB monitor!&quot;,
+     &quot;message&quot;: &quot;I&apos;ll synthesize the mobile PNG matrix, that should hard drive the UTF8 port!&quot;,
+     &quot;summary&quot;: &quot;The UDP port is down, parse the online protocol so we can calculate the COM program!&quot;,
+   },
+   {
+     &quot;description&quot;: &quot;If we reboot the protocol, we can get to the DNS pixel through the cross-platform SAS hard drive!&quot;,
+     &quot;message&quot;: &quot;programming the array won&apos;t do anything, we need to bypass the open-source JBOD array!&quot;,
+     &quot;summary&quot;: &quot;If we back up the array, we can get to the SSD circuit through the digital HEX port!&quot;,
    },
    {
-     &quot;description&quot;: &quot;I&apos;ll index the solid state IB pixel, that should array the JSON pixel!&quot;,
-     &quot;message&quot;: &quot;We need to reboot the redundant UDP microchip!&quot;,
-     &quot;summary&quot;: &quot;We need to reboot the back-end HDD matrix!&quot;,
+     &quot;description&quot;: &quot;quantifying the matrix won&apos;t do anything, we need to override the back-end ADP program!&quot;,
+     &quot;message&quot;: &quot;We need to transmit the cross-platform SSL program!&quot;,
+     &quot;summary&quot;: &quot;Use the auxiliary GB array, then you can input the back-end transmitter!&quot;,
    },
    {
-     &quot;description&quot;: &quot;I&apos;ll input the neural API bus, that should matrix the HTTP transmitter!&quot;,
-     &quot;message&quot;: &quot;We need to quantify the cross-platform HEX panel!&quot;,
-     &quot;summary&quot;: &quot;The JBOD matrix is down, synthesize the 1080p transmitter so we can reboot the SMS hard drive!&quot;,
+     &quot;description&quot;: &quot;We need to reboot the back-end SQL system!&quot;,
+     &quot;message&quot;: &quot;You can&apos;t compress the pixel without parsing the back-end SMS feed!&quot;,
+     &quot;summary&quot;: &quot;You can&apos;t calculate the hard drive without overriding the 1080p XML hard drive!&quot;,
    },
  ]

 ❯ src/test-suite-12.spec.ts:21:20
            </failure>
        </testcase>
        <testcase classname="src/test-suite-12.spec.ts" name="&apos;Grass-roots modular flexibility&apos; &gt; &apos;The COM bandwidth is down, bypass the…&apos;" time="0.000229041">
            <failure message="expected [ { …(3) }, { …(3) }, { …(3) }, …(1) ] to deeply equal [ { …(3) }, { …(3) }, { …(3) } ]" type="AssertionError">
AssertionError: expected [ { …(3) }, { …(3) }, { …(3) }, …(1) ] to deeply equal [ { …(3) }, { …(3) }, { …(3) } ]

- Expected
+ Received

  [
    {
-     &quot;description&quot;: &quot;The TCP application is down, input the back-end microchip so we can back up the AI alarm!&quot;,
-     &quot;message&quot;: &quot;The EXE panel is down, reboot the back-end port so we can override the SAS program!&quot;,
-     &quot;summary&quot;: &quot;The SDD program is down, navigate the solid state sensor so we can transmit the SAS hard drive!&quot;,
+     &quot;description&quot;: &quot;We need to quantify the mobile CSS microchip!&quot;,
+     &quot;message&quot;: &quot;If we copy the firewall, we can get to the PCI sensor through the cross-platform PCI port!&quot;,
+     &quot;summary&quot;: &quot;Use the optical USB transmitter, then you can parse the wireless system!&quot;,
+   },
+   {
+     &quot;description&quot;: &quot;The PNG port is down, bypass the multi-byte monitor so we can calculate the CLI microchip!&quot;,
+     &quot;message&quot;: &quot;The EXE circuit is down, back up the solid state hard drive so we can transmit the SSD pixel!&quot;,
+     &quot;summary&quot;: &quot;backing up the transmitter won&apos;t do anything, we need to program the auxiliary DRAM program!&quot;,
    },
    {
-     &quot;description&quot;: &quot;You can&apos;t copy the driver without synthesizing the cross-platform ASCII driver!&quot;,
-     &quot;message&quot;: &quot;You can&apos;t copy the alarm without bypassing the online CLI card!&quot;,
-     &quot;summary&quot;: &quot;The ASCII firewall is down, program the redundant circuit so we can index the EXE program!&quot;,
+     &quot;description&quot;: &quot;Try to copy the SMTP firewall, maybe it will calculate the haptic program!&quot;,
+     &quot;message&quot;: &quot;We need to calculate the digital COM panel!&quot;,
+     &quot;summary&quot;: &quot;If we transmit the system, we can get to the TCP firewall through the open-source RAM protocol!&quot;,
    },
    {
-     &quot;description&quot;: &quot;We need to copy the multi-byte XML monitor!&quot;,
-     &quot;message&quot;: &quot;The USB circuit is down, quantify the haptic array so we can parse the JSON array!&quot;,
-     &quot;summary&quot;: &quot;I&apos;ll calculate the haptic PCI panel, that should interface the DRAM sensor!&quot;,
+     &quot;description&quot;: &quot;The DNS application is down, copy the online microchip so we can compress the GB pixel!&quot;,
+     &quot;message&quot;: &quot;You can&apos;t override the microchip without transmitting the bluetooth DRAM alarm!&quot;,
+     &quot;summary&quot;: &quot;Use the redundant COM bus, then you can input the cross-platform port!&quot;,
    },
  ]

 ❯ src/test-suite-12.spec.ts:21:20
            </failure>
        </testcase>
        <testcase classname="src/test-suite-12.spec.ts" name="&apos;Grass-roots modular flexibility&apos; &gt; &apos;transmitting the pixel won\&apos;t do anyt…&apos;" time="0.0000395">
        </testcase>
        <testcase classname="src/test-suite-12.spec.ts" name="&apos;Grass-roots modular flexibility&apos; &gt; &apos;synthesizing the circuit won\&apos;t do an…&apos;" time="0.000220041">
            <failure message="expected [ { …(3) }, { …(3) } ] to deeply equal [ { …(3) }, { …(3) }, { …(3) }, …(2) ]" type="AssertionError">
AssertionError: expected [ { …(3) }, { …(3) } ] to deeply equal [ { …(3) }, { …(3) }, { …(3) }, …(2) ]

- Expected
+ Received

  [
    {
-     &quot;description&quot;: &quot;The CLI sensor is down, calculate the cross-platform sensor so we can override the TCP application!&quot;,
-     &quot;message&quot;: &quot;Try to bypass the HEX array, maybe it will bypass the primary pixel!&quot;,
-     &quot;summary&quot;: &quot;We need to input the bluetooth RSS bandwidth!&quot;,
-   },
-   {
-     &quot;description&quot;: &quot;We need to synthesize the optical SDD alarm!&quot;,
-     &quot;message&quot;: &quot;Try to calculate the USB circuit, maybe it will program the wireless monitor!&quot;,
-     &quot;summary&quot;: &quot;If we hack the system, we can get to the HDD driver through the online XSS interface!&quot;,
-   },
-   {
-     &quot;description&quot;: &quot;connecting the capacitor won&apos;t do anything, we need to compress the online XML card!&quot;,
-     &quot;message&quot;: &quot;We need to connect the mobile XML sensor!&quot;,
-     &quot;summary&quot;: &quot;I&apos;ll reboot the back-end SSL program, that should interface the JSON sensor!&quot;,
-   },
-   {
-     &quot;description&quot;: &quot;bypassing the bus won&apos;t do anything, we need to connect the bluetooth SMTP capacitor!&quot;,
-     &quot;message&quot;: &quot;I&apos;ll navigate the back-end IB sensor, that should driver the CLI hard drive!&quot;,
-     &quot;summary&quot;: &quot;You can&apos;t navigate the port without hacking the virtual TLS interface!&quot;,
+     &quot;description&quot;: &quot;We need to hack the optical RAM capacitor!&quot;,
+     &quot;message&quot;: &quot;The THX alarm is down, parse the open-source bus so we can hack the SAS alarm!&quot;,
+     &quot;summary&quot;: &quot;compressing the circuit won&apos;t do anything, we need to index the optical OCR port!&quot;,
    },
    {
-     &quot;description&quot;: &quot;If we bypass the application, we can get to the UDP capacitor through the open-source DRAM interface!&quot;,
-     &quot;message&quot;: &quot;parsing the protocol won&apos;t do anything, we need to override the wireless USB matrix!&quot;,
-     &quot;summary&quot;: &quot;Try to quantify the COM sensor, maybe it will hack the virtual port!&quot;,
+     &quot;description&quot;: &quot;The SAS interface is down, program the primary circuit so we can hack the PNG sensor!&quot;,
+     &quot;message&quot;: &quot;I&apos;ll navigate the wireless UTF8 protocol, that should sensor the COM panel!&quot;,
+     &quot;summary&quot;: &quot;Try to program the SDD circuit, maybe it will index the neural monitor!&quot;,
    },
  ]

 ❯ src/test-suite-12.spec.ts:21:20
            </failure>
        </testcase>
        <testcase classname="src/test-suite-12.spec.ts" name="&apos;Grass-roots modular flexibility&apos; &gt; &apos;generating the capacitor won\&apos;t do an…&apos;" time="0.000048417">
        </testcase>
        <testcase classname="src/test-suite-12.spec.ts" name="&apos;Grass-roots modular flexibility&apos; &gt; &apos;I\&apos;ll quantify the auxiliary HDD matr…&apos;" time="0.000191875">
            <failure message="expected [ { …(3) }, { …(3) }, { …(3) } ] to deeply equal [ { …(3) }, { …(3) } ]" type="AssertionError">
AssertionError: expected [ { …(3) }, { …(3) }, { …(3) } ] to deeply equal [ { …(3) }, { …(3) } ]

- Expected
+ Received

  [
    {
-     &quot;description&quot;: &quot;If we calculate the bus, we can get to the DNS program through the multi-byte RSS hard drive!&quot;,
-     &quot;message&quot;: &quot;We need to calculate the primary EXE firewall!&quot;,
-     &quot;summary&quot;: &quot;You can&apos;t synthesize the bus without overriding the digital GB array!&quot;,
+     &quot;description&quot;: &quot;You can&apos;t back up the hard drive without overriding the wireless VGA monitor!&quot;,
+     &quot;message&quot;: &quot;The THX feed is down, parse the auxiliary monitor so we can program the TLS port!&quot;,
+     &quot;summary&quot;: &quot;I&apos;ll hack the optical HTTP card, that should panel the PNG driver!&quot;,
+   },
+   {
+     &quot;description&quot;: &quot;The API feed is down, navigate the digital transmitter so we can parse the XSS port!&quot;,
+     &quot;message&quot;: &quot;Try to back up the EXE microchip, maybe it will parse the redundant driver!&quot;,
+     &quot;summary&quot;: &quot;The HEX card is down, calculate the bluetooth hard drive so we can reboot the COM interface!&quot;,
    },
    {
-     &quot;description&quot;: &quot;You can&apos;t navigate the program without navigating the 1080p AI matrix!&quot;,
-     &quot;message&quot;: &quot;The IP alarm is down, index the virtual circuit so we can connect the UTF8 array!&quot;,
-     &quot;summary&quot;: &quot;You can&apos;t input the microchip without indexing the bluetooth VGA pixel!&quot;,
+     &quot;description&quot;: &quot;You can&apos;t quantify the system without copying the bluetooth AGP monitor!&quot;,
+     &quot;message&quot;: &quot;The RSS microchip is down, calculate the optical microchip so we can parse the TLS array!&quot;,
+     &quot;summary&quot;: &quot;backing up the application won&apos;t do anything, we need to hack the open-source SSD monitor!&quot;,
    },
  ]

 ❯ src/test-suite-12.spec.ts:21:20
            </failure>
        </testcase>
        <testcase classname="src/test-suite-12.spec.ts" name="&apos;Grass-roots modular flexibility&apos; &gt; &apos;I\&apos;ll parse the haptic AI array, that…&apos;" time="0.000036416">
        </testcase>
        <testcase classname="src/test-suite-12.spec.ts" name="&apos;Grass-roots modular flexibility&apos; &gt; &apos;Try to connect the OCR firewall, mayb…&apos;" time="0.000204083">
            <failure message="expected [ { …(3) }, { …(3) } ] to deeply equal [ { …(3) }, { …(3) }, { …(3) }, …(1) ]" type="AssertionError">
AssertionError: expected [ { …(3) }, { …(3) } ] to deeply equal [ { …(3) }, { …(3) }, { …(3) }, …(1) ]

- Expected
+ Received

  [
    {
-     &quot;description&quot;: &quot;Try to connect the HDD circuit, maybe it will parse the neural system!&quot;,
-     &quot;message&quot;: &quot;If we bypass the hard drive, we can get to the RSS program through the virtual EXE bus!&quot;,
-     &quot;summary&quot;: &quot;We need to synthesize the haptic RAM microchip!&quot;,
+     &quot;description&quot;: &quot;Try to program the CSS bandwidth, maybe it will copy the online feed!&quot;,
+     &quot;message&quot;: &quot;You can&apos;t navigate the card without bypassing the bluetooth API program!&quot;,
+     &quot;summary&quot;: &quot;Try to hack the SMS alarm, maybe it will navigate the back-end interface!&quot;,
    },
    {
-     &quot;description&quot;: &quot;I&apos;ll input the primary SSL transmitter, that should system the SQL alarm!&quot;,
-     &quot;message&quot;: &quot;If we override the driver, we can get to the SSD transmitter through the back-end HTTP bus!&quot;,
-     &quot;summary&quot;: &quot;transmitting the array won&apos;t do anything, we need to generate the redundant HDD program!&quot;,
-   },
-   {
-     &quot;description&quot;: &quot;You can&apos;t compress the microchip without backing up the bluetooth UTF8 bus!&quot;,
-     &quot;message&quot;: &quot;programming the card won&apos;t do anything, we need to input the multi-byte API alarm!&quot;,
-     &quot;summary&quot;: &quot;Try to index the HTTP array, maybe it will connect the auxiliary circuit!&quot;,
-   },
-   {
-     &quot;description&quot;: &quot;Try to parse the THX circuit, maybe it will override the haptic driver!&quot;,
-     &quot;message&quot;: &quot;The AGP protocol is down, back up the redundant pixel so we can copy the HEX array!&quot;,
-     &quot;summary&quot;: &quot;If we quantify the driver, we can get to the DRAM protocol through the open-source CLI program!&quot;,
+     &quot;description&quot;: &quot;The EXE port is down, calculate the primary program so we can synthesize the ASCII array!&quot;,
+     &quot;message&quot;: &quot;Try to connect the JSON array, maybe it will copy the optical firewall!&quot;,
+     &quot;summary&quot;: &quot;Try to copy the IP system, maybe it will compress the wireless pixel!&quot;,
    },
  ]

 ❯ src/test-suite-12.spec.ts:21:20
            </failure>
        </testcase>
        <testcase classname="src/test-suite-12.spec.ts" name="&apos;Grass-roots modular flexibility&apos; &gt; &apos;The HEX interface is down, hack the o…&apos;" time="0.000046167">
        </testcase>
        <testcase classname="src/test-suite-12.spec.ts" name="&apos;Grass-roots modular flexibility&apos; &gt; &apos;You can\&apos;t input the array without ge…&apos;" time="0.0001615">
            <failure message="expected [ { …(3) }, { …(3) } ] to deeply equal [ { …(3) }, { …(3) } ]" type="AssertionError">
AssertionError: expected [ { …(3) }, { …(3) } ] to deeply equal [ { …(3) }, { …(3) } ]

- Expected
+ Received

  [
    {
-     &quot;description&quot;: &quot;I&apos;ll synthesize the neural PCI capacitor, that should matrix the GB firewall!&quot;,
-     &quot;message&quot;: &quot;I&apos;ll reboot the optical UTF8 array, that should bus the COM application!&quot;,
-     &quot;summary&quot;: &quot;We need to transmit the haptic SMS hard drive!&quot;,
+     &quot;description&quot;: &quot;Use the 1080p HDD card, then you can hack the digital bandwidth!&quot;,
+     &quot;message&quot;: &quot;If we parse the panel, we can get to the CSS microchip through the haptic IP feed!&quot;,
+     &quot;summary&quot;: &quot;We need to bypass the redundant XSS program!&quot;,
    },
    {
-     &quot;description&quot;: &quot;If we calculate the bandwidth, we can get to the CSS interface through the cross-platform UTF8 program!&quot;,
-     &quot;message&quot;: &quot;Try to compress the RAM pixel, maybe it will copy the online program!&quot;,
-     &quot;summary&quot;: &quot;generating the application won&apos;t do anything, we need to transmit the 1080p SAS protocol!&quot;,
+     &quot;description&quot;: &quot;We need to quantify the digital XML alarm!&quot;,
+     &quot;message&quot;: &quot;If we copy the panel, we can get to the AGP capacitor through the cross-platform RSS matrix!&quot;,
+     &quot;summary&quot;: &quot;Try to program the RAM sensor, maybe it will hack the wireless card!&quot;,
    },
  ]

 ❯ src/test-suite-12.spec.ts:21:20
            </failure>
        </testcase>
        <testcase classname="src/test-suite-12.spec.ts" name="&apos;Grass-roots modular flexibility&apos; &gt; &apos;Use the redundant SSL system, then yo…&apos;" time="0.000045167">
        </testcase>
        <testcase classname="src/test-suite-12.spec.ts" name="&apos;Grass-roots modular flexibility&apos; &gt; &apos;Use the multi-byte HDD monitor, then …&apos;" time="0.000257459">
            <failure message="expected [ { …(3) }, { …(3) }, { …(3) }, …(1) ] to deeply equal [ { …(3) }, { …(3) }, { …(3) }, …(2) ]" type="AssertionError">
AssertionError: expected [ { …(3) }, { …(3) }, { …(3) }, …(1) ] to deeply equal [ { …(3) }, { …(3) }, { …(3) }, …(2) ]

- Expected
+ Received

  [
    {
-     &quot;description&quot;: &quot;Try to back up the EXE circuit, maybe it will hack the optical bus!&quot;,
-     &quot;message&quot;: &quot;I&apos;ll generate the wireless HTTP panel, that should card the UDP bandwidth!&quot;,
-     &quot;summary&quot;: &quot;Try to bypass the RSS panel, maybe it will back up the open-source bus!&quot;,
+     &quot;description&quot;: &quot;The ADP matrix is down, calculate the digital port so we can parse the TCP driver!&quot;,
+     &quot;message&quot;: &quot;Try to reboot the UTF8 driver, maybe it will synthesize the bluetooth feed!&quot;,
+     &quot;summary&quot;: &quot;If we input the pixel, we can get to the COM matrix through the open-source EXE firewall!&quot;,
    },
    {
-     &quot;description&quot;: &quot;The COM bandwidth is down, hack the wireless application so we can reboot the AI driver!&quot;,
-     &quot;message&quot;: &quot;You can&apos;t hack the array without copying the haptic ADP circuit!&quot;,
-     &quot;summary&quot;: &quot;We need to reboot the solid state GB monitor!&quot;,
-   },
-   {
-     &quot;description&quot;: &quot;The DNS transmitter is down, connect the bluetooth system so we can index the DRAM hard drive!&quot;,
-     &quot;message&quot;: &quot;calculating the system won&apos;t do anything, we need to program the optical DNS port!&quot;,
-     &quot;summary&quot;: &quot;calculating the alarm won&apos;t do anything, we need to copy the bluetooth JSON bus!&quot;,
+     &quot;description&quot;: &quot;If we calculate the system, we can get to the PNG interface through the solid state RAM alarm!&quot;,
+     &quot;message&quot;: &quot;I&apos;ll bypass the redundant COM driver, that should matrix the AI bus!&quot;,
+     &quot;summary&quot;: &quot;I&apos;ll bypass the digital HDD port, that should interface the XML array!&quot;,
    },
    {
-     &quot;description&quot;: &quot;You can&apos;t program the card without quantifying the bluetooth OCR pixel!&quot;,
-     &quot;message&quot;: &quot;You can&apos;t program the monitor without indexing the optical PCI driver!&quot;,
-     &quot;summary&quot;: &quot;Try to quantify the SSL bandwidth, maybe it will reboot the open-source protocol!&quot;,
+     &quot;description&quot;: &quot;I&apos;ll connect the bluetooth TCP capacitor, that should port the COM feed!&quot;,
+     &quot;message&quot;: &quot;Use the haptic TLS pixel, then you can synthesize the virtual hard drive!&quot;,
+     &quot;summary&quot;: &quot;You can&apos;t program the application without hacking the 1080p JSON port!&quot;,
    },
    {
-     &quot;description&quot;: &quot;If we bypass the hard drive, we can get to the HEX firewall through the auxiliary JBOD panel!&quot;,
-     &quot;message&quot;: &quot;Use the mobile SCSI card, then you can navigate the haptic panel!&quot;,
-     &quot;summary&quot;: &quot;You can&apos;t hack the hard drive without generating the 1080p EXE pixel!&quot;,
+     &quot;description&quot;: &quot;You can&apos;t connect the microchip without navigating the 1080p API driver!&quot;,
+     &quot;message&quot;: &quot;We need to calculate the virtual IP sensor!&quot;,
+     &quot;summary&quot;: &quot;Use the multi-byte AGP bus, then you can program the bluetooth capacitor!&quot;,
    },
  ]

 ❯ src/test-suite-12.spec.ts:21:20
            </failure>
        </testcase>
        <testcase classname="src/test-suite-12.spec.ts" name="&apos;Grass-roots modular flexibility&apos; &gt; &apos;indexing the protocol won\&apos;t do anyth…&apos;" time="0.000032958">
        </testcase>
        <testcase classname="src/test-suite-12.spec.ts" name="&apos;Grass-roots modular flexibility&apos; &gt; &apos;You can\&apos;t copy the system without in…&apos;" time="0.00020675">
            <failure message="expected [ { …(3) }, { …(3) }, { …(3) } ] to deeply equal [ { …(3) }, { …(3) }, { …(3) } ]" type="AssertionError">
AssertionError: expected [ { …(3) }, { …(3) }, { …(3) } ] to deeply equal [ { …(3) }, { …(3) }, { …(3) } ]

- Expected
+ Received

  [
    {
-     &quot;description&quot;: &quot;Try to calculate the PNG panel, maybe it will input the neural port!&quot;,
-     &quot;message&quot;: &quot;Use the bluetooth HTTP capacitor, then you can program the digital program!&quot;,
-     &quot;summary&quot;: &quot;You can&apos;t program the interface without overriding the solid state USB matrix!&quot;,
+     &quot;description&quot;: &quot;You can&apos;t index the firewall without quantifying the open-source COM interface!&quot;,
+     &quot;message&quot;: &quot;If we compress the feed, we can get to the USB panel through the solid state SQL sensor!&quot;,
+     &quot;summary&quot;: &quot;The CLI system is down, calculate the digital sensor so we can copy the AI hard drive!&quot;,
    },
    {
-     &quot;description&quot;: &quot;I&apos;ll index the 1080p SQL panel, that should protocol the DRAM application!&quot;,
-     &quot;message&quot;: &quot;The DNS firewall is down, parse the primary matrix so we can transmit the HTTP feed!&quot;,
-     &quot;summary&quot;: &quot;I&apos;ll copy the haptic RSS hard drive, that should program the VGA interface!&quot;,
+     &quot;description&quot;: &quot;If we hack the monitor, we can get to the HEX bandwidth through the solid state HTTP bus!&quot;,
+     &quot;message&quot;: &quot;compressing the pixel won&apos;t do anything, we need to synthesize the wireless EXE capacitor!&quot;,
+     &quot;summary&quot;: &quot;I&apos;ll calculate the redundant SSL card, that should capacitor the HEX array!&quot;,
    },
    {
-     &quot;description&quot;: &quot;Try to parse the VGA driver, maybe it will transmit the online transmitter!&quot;,
-     &quot;message&quot;: &quot;The RAM port is down, calculate the neural capacitor so we can program the TCP bandwidth!&quot;,
-     &quot;summary&quot;: &quot;Try to connect the UDP array, maybe it will hack the open-source microchip!&quot;,
+     &quot;description&quot;: &quot;The RAM microchip is down, generate the wireless port so we can transmit the SAS array!&quot;,
+     &quot;message&quot;: &quot;We need to generate the wireless API bandwidth!&quot;,
+     &quot;summary&quot;: &quot;I&apos;ll index the neural VGA transmitter, that should circuit the JSON system!&quot;,
    },
  ]

 ❯ src/test-suite-12.spec.ts:21:20
            </failure>
        </testcase>
        <testcase classname="src/test-suite-12.spec.ts" name="&apos;Grass-roots modular flexibility&apos; &gt; &apos;I\&apos;ll compress the cross-platform FTP…&apos;" time="0.000038625">
        </testcase>
        <testcase classname="src/test-suite-12.spec.ts" name="&apos;Grass-roots modular flexibility&apos; &gt; &apos;Try to input the SDD feed, maybe it w…&apos;" time="0.001531583">
            <failure message="expected [ { …(3) }, { …(3) }, { …(3) } ] to deeply equal [ { …(3) }, { …(3) } ]" type="AssertionError">
AssertionError: expected [ { …(3) }, { …(3) }, { …(3) } ] to deeply equal [ { …(3) }, { …(3) } ]

- Expected
+ Received

  [
    {
-     &quot;description&quot;: &quot;The JSON capacitor is down, program the solid state hard drive so we can reboot the UTF8 array!&quot;,
-     &quot;message&quot;: &quot;If we override the monitor, we can get to the CLI firewall through the auxiliary ADP transmitter!&quot;,
-     &quot;summary&quot;: &quot;The JBOD interface is down, generate the mobile program so we can compress the RAM interface!&quot;,
+     &quot;description&quot;: &quot;Use the multi-byte SAS microchip, then you can index the wireless bandwidth!&quot;,
+     &quot;message&quot;: &quot;We need to input the back-end THX sensor!&quot;,
+     &quot;summary&quot;: &quot;I&apos;ll input the multi-byte AI array, that should panel the UDP matrix!&quot;,
+   },
+   {
+     &quot;description&quot;: &quot;connecting the protocol won&apos;t do anything, we need to back up the haptic SMTP hard drive!&quot;,
+     &quot;message&quot;: &quot;Try to transmit the IP array, maybe it will generate the primary driver!&quot;,
+     &quot;summary&quot;: &quot;Try to index the RSS pixel, maybe it will synthesize the haptic system!&quot;,
    },
    {
-     &quot;description&quot;: &quot;Try to connect the FTP matrix, maybe it will input the virtual bandwidth!&quot;,
-     &quot;message&quot;: &quot;You can&apos;t program the hard drive without overriding the neural CLI driver!&quot;,
-     &quot;summary&quot;: &quot;If we copy the sensor, we can get to the UDP capacitor through the mobile GB capacitor!&quot;,
+     &quot;description&quot;: &quot;Try to calculate the PNG program, maybe it will hack the wireless bandwidth!&quot;,
+     &quot;message&quot;: &quot;We need to bypass the wireless SQL monitor!&quot;,
+     &quot;summary&quot;: &quot;quantifying the array won&apos;t do anything, we need to program the redundant JBOD port!&quot;,
    },
  ]

 ❯ src/test-suite-12.spec.ts:21:20
            </failure>
        </testcase>
        <testcase classname="src/test-suite-12.spec.ts" name="&apos;Grass-roots modular flexibility&apos; &gt; &apos;You can\&apos;t quantify the bus without c…&apos;" time="0.000088709">
        </testcase>
        <testcase classname="src/test-suite-12.spec.ts" name="&apos;Grass-roots modular flexibility&apos; &gt; &apos;We need to program the virtual SMTP p…&apos;" time="0.000363542">
            <failure message="expected [ { …(3) }, { …(3) }, { …(3) }, …(2) ] to deeply equal [ { …(3) }, { …(3) }, { …(3) }, …(2) ]" type="AssertionError">
AssertionError: expected [ { …(3) }, { …(3) }, { …(3) }, …(2) ] to deeply equal [ { …(3) }, { …(3) }, { …(3) }, …(2) ]

- Expected
+ Received

  [
    {
-     &quot;description&quot;: &quot;Try to connect the SQL pixel, maybe it will input the mobile matrix!&quot;,
-     &quot;message&quot;: &quot;If we copy the matrix, we can get to the SQL system through the cross-platform DNS program!&quot;,
-     &quot;summary&quot;: &quot;I&apos;ll program the solid state THX circuit, that should matrix the DNS interface!&quot;,
+     &quot;description&quot;: &quot;Use the auxiliary AI sensor, then you can hack the online protocol!&quot;,
+     &quot;message&quot;: &quot;If we override the bus, we can get to the ADP matrix through the mobile SSL capacitor!&quot;,
+     &quot;summary&quot;: &quot;Try to back up the USB panel, maybe it will reboot the online microchip!&quot;,
    },
    {
-     &quot;description&quot;: &quot;Use the open-source IP port, then you can hack the auxiliary bus!&quot;,
-     &quot;message&quot;: &quot;We need to synthesize the mobile DNS pixel!&quot;,
-     &quot;summary&quot;: &quot;copying the matrix won&apos;t do anything, we need to parse the digital COM card!&quot;,
+     &quot;description&quot;: &quot;transmitting the protocol won&apos;t do anything, we need to generate the bluetooth FTP matrix!&quot;,
+     &quot;message&quot;: &quot;If we override the bandwidth, we can get to the OCR protocol through the open-source SMTP matrix!&quot;,
+     &quot;summary&quot;: &quot;navigating the alarm won&apos;t do anything, we need to reboot the auxiliary HTTP program!&quot;,
    },
    {
-     &quot;description&quot;: &quot;We need to navigate the bluetooth TLS array!&quot;,
-     &quot;message&quot;: &quot;Use the online HDD monitor, then you can override the primary system!&quot;,
-     &quot;summary&quot;: &quot;The EXE bandwidth is down, bypass the digital interface so we can index the CSS panel!&quot;,
+     &quot;description&quot;: &quot;connecting the protocol won&apos;t do anything, we need to navigate the wireless UDP port!&quot;,
+     &quot;message&quot;: &quot;transmitting the hard drive won&apos;t do anything, we need to hack the cross-platform SQL panel!&quot;,
+     &quot;summary&quot;: &quot;If we generate the capacitor, we can get to the JSON alarm through the 1080p ADP bus!&quot;,
    },
    {
-     &quot;description&quot;: &quot;Use the virtual JBOD sensor, then you can synthesize the back-end circuit!&quot;,
-     &quot;message&quot;: &quot;Try to generate the UTF8 microchip, maybe it will copy the solid state alarm!&quot;,
-     &quot;summary&quot;: &quot;We need to index the neural RAM driver!&quot;,
+     &quot;description&quot;: &quot;Use the optical TLS pixel, then you can copy the multi-byte array!&quot;,
+     &quot;message&quot;: &quot;The UTF8 card is down, parse the bluetooth matrix so we can bypass the SSL interface!&quot;,
+     &quot;summary&quot;: &quot;The THX bus is down, hack the wireless capacitor so we can input the JBOD bus!&quot;,
    },
    {
-     &quot;description&quot;: &quot;The IB circuit is down, parse the 1080p application so we can transmit the RAM feed!&quot;,
-     &quot;message&quot;: &quot;Try to program the UDP alarm, maybe it will bypass the optical interface!&quot;,
-     &quot;summary&quot;: &quot;Try to reboot the SMS system, maybe it will compress the online array!&quot;,
+     &quot;description&quot;: &quot;The USB bus is down, synthesize the optical bandwidth so we can reboot the API driver!&quot;,
+     &quot;message&quot;: &quot;Use the neural COM capacitor, then you can program the cross-platform circuit!&quot;,
+     &quot;summary&quot;: &quot;The RSS transmitter is down, hack the optical bandwidth so we can index the THX hard drive!&quot;,
    },
  ]

 ❯ src/test-suite-12.spec.ts:21:20
            </failure>
        </testcase>
        <testcase classname="src/test-suite-12.spec.ts" name="&apos;Grass-roots modular flexibility&apos; &gt; &apos;If we program the firewall, we can ge…&apos;" time="0.000060625">
        </testcase>
        <testcase classname="src/test-suite-12.spec.ts" name="&apos;Grass-roots modular flexibility&apos; &gt; &apos;We need to navigate the back-end IP c…&apos;" time="0.000292583">
            <failure message="expected [ { …(3) }, { …(3) }, { …(3) }, …(2) ] to deeply equal [ { …(3) }, { …(3) }, { …(3) }, …(2) ]" type="AssertionError">
AssertionError: expected [ { …(3) }, { …(3) }, { …(3) }, …(2) ] to deeply equal [ { …(3) }, { …(3) }, { …(3) }, …(2) ]

- Expected
+ Received

  [
    {
-     &quot;description&quot;: &quot;quantifying the driver won&apos;t do anything, we need to index the auxiliary IP monitor!&quot;,
-     &quot;message&quot;: &quot;quantifying the array won&apos;t do anything, we need to quantify the mobile AGP firewall!&quot;,
-     &quot;summary&quot;: &quot;We need to reboot the redundant SSD feed!&quot;,
+     &quot;description&quot;: &quot;If we calculate the alarm, we can get to the CSS microchip through the 1080p DNS hard drive!&quot;,
+     &quot;message&quot;: &quot;I&apos;ll input the bluetooth HEX microchip, that should system the ADP feed!&quot;,
+     &quot;summary&quot;: &quot;Use the 1080p OCR driver, then you can back up the open-source alarm!&quot;,
    },
    {
-     &quot;description&quot;: &quot;Try to back up the API firewall, maybe it will hack the primary sensor!&quot;,
-     &quot;message&quot;: &quot;If we calculate the bus, we can get to the IP alarm through the optical USB interface!&quot;,
-     &quot;summary&quot;: &quot;If we navigate the driver, we can get to the JSON system through the haptic XML bandwidth!&quot;,
+     &quot;description&quot;: &quot;I&apos;ll quantify the solid state SQL driver, that should driver the UDP firewall!&quot;,
+     &quot;message&quot;: &quot;The PCI array is down, input the solid state microchip so we can bypass the XML driver!&quot;,
+     &quot;summary&quot;: &quot;The HDD protocol is down, compress the bluetooth bandwidth so we can synthesize the JSON card!&quot;,
    },
    {
-     &quot;description&quot;: &quot;You can&apos;t input the capacitor without copying the redundant AI matrix!&quot;,
-     &quot;message&quot;: &quot;If we transmit the panel, we can get to the EXE monitor through the mobile CSS protocol!&quot;,
-     &quot;summary&quot;: &quot;The DRAM array is down, compress the neural monitor so we can back up the PNG firewall!&quot;,
+     &quot;description&quot;: &quot;You can&apos;t connect the transmitter without quantifying the haptic VGA protocol!&quot;,
+     &quot;message&quot;: &quot;I&apos;ll input the 1080p ADP bus, that should pixel the PCI sensor!&quot;,
+     &quot;summary&quot;: &quot;Use the haptic ADP feed, then you can connect the online bus!&quot;,
    },
    {
-     &quot;description&quot;: &quot;Use the virtual AGP feed, then you can parse the mobile system!&quot;,
-     &quot;message&quot;: &quot;If we hack the protocol, we can get to the THX interface through the online FTP protocol!&quot;,
-     &quot;summary&quot;: &quot;You can&apos;t program the circuit without transmitting the haptic TCP card!&quot;,
+     &quot;description&quot;: &quot;Use the neural OCR card, then you can quantify the neural protocol!&quot;,
+     &quot;message&quot;: &quot;The SSD bus is down, reboot the primary protocol so we can override the IB array!&quot;,
+     &quot;summary&quot;: &quot;parsing the pixel won&apos;t do anything, we need to compress the wireless HTTP panel!&quot;,
    },
    {
-     &quot;description&quot;: &quot;I&apos;ll transmit the solid state AI circuit, that should system the DNS port!&quot;,
-     &quot;message&quot;: &quot;You can&apos;t override the microchip without calculating the back-end CSS bus!&quot;,
-     &quot;summary&quot;: &quot;Try to compress the CSS port, maybe it will parse the auxiliary alarm!&quot;,
+     &quot;description&quot;: &quot;You can&apos;t connect the port without connecting the cross-platform ASCII firewall!&quot;,
+     &quot;message&quot;: &quot;You can&apos;t connect the system without transmitting the solid state UDP transmitter!&quot;,
+     &quot;summary&quot;: &quot;Use the online XML alarm, then you can reboot the solid state interface!&quot;,
    },
  ]

 ❯ src/test-suite-12.spec.ts:21:20
            </failure>
        </testcase>
        <testcase classname="src/test-suite-12.spec.ts" name="&apos;Grass-roots modular flexibility&apos; &gt; &apos;If we calculate the panel, we can get…&apos;" time="0.000041125">
        </testcase>
        <testcase classname="src/test-suite-12.spec.ts" name="&apos;Grass-roots modular flexibility&apos; &gt; &apos;We need to bypass the redundant SCSI …&apos;" time="0.000215334">
            <failure message="expected [ { …(3) }, { …(3) }, { …(3) } ] to deeply equal [ { …(3) }, { …(3) }, { …(3) } ]" type="AssertionError">
AssertionError: expected [ { …(3) }, { …(3) }, { …(3) } ] to deeply equal [ { …(3) }, { …(3) }, { …(3) } ]

- Expected
+ Received

  [
    {
-     &quot;description&quot;: &quot;We need to parse the open-source EXE circuit!&quot;,
-     &quot;message&quot;: &quot;You can&apos;t copy the pixel without generating the auxiliary SSL array!&quot;,
-     &quot;summary&quot;: &quot;We need to connect the wireless COM array!&quot;,
+     &quot;description&quot;: &quot;indexing the firewall won&apos;t do anything, we need to back up the back-end XSS microchip!&quot;,
+     &quot;message&quot;: &quot;I&apos;ll copy the cross-platform RAM microchip, that should driver the TLS alarm!&quot;,
+     &quot;summary&quot;: &quot;Use the redundant COM sensor, then you can hack the mobile feed!&quot;,
    },
    {
-     &quot;description&quot;: &quot;hacking the sensor won&apos;t do anything, we need to input the cross-platform DRAM program!&quot;,
-     &quot;message&quot;: &quot;If we override the system, we can get to the RAM capacitor through the haptic GB circuit!&quot;,
-     &quot;summary&quot;: &quot;Use the online COM alarm, then you can generate the digital panel!&quot;,
+     &quot;description&quot;: &quot;Use the 1080p GB application, then you can bypass the solid state feed!&quot;,
+     &quot;message&quot;: &quot;I&apos;ll generate the haptic UTF8 program, that should pixel the AGP capacitor!&quot;,
+     &quot;summary&quot;: &quot;Use the online TLS application, then you can index the bluetooth pixel!&quot;,
    },
    {
-     &quot;description&quot;: &quot;We need to override the wireless CSS feed!&quot;,
-     &quot;message&quot;: &quot;The PNG protocol is down, bypass the optical array so we can hack the UDP pixel!&quot;,
-     &quot;summary&quot;: &quot;I&apos;ll transmit the back-end XML alarm, that should application the SSD protocol!&quot;,
+     &quot;description&quot;: &quot;You can&apos;t synthesize the feed without quantifying the 1080p DRAM bus!&quot;,
+     &quot;message&quot;: &quot;You can&apos;t hack the transmitter without parsing the neural GB capacitor!&quot;,
+     &quot;summary&quot;: &quot;I&apos;ll quantify the online IB feed, that should array the SQL panel!&quot;,
    },
  ]

 ❯ src/test-suite-12.spec.ts:21:20
            </failure>
        </testcase>
        <testcase classname="src/test-suite-12.spec.ts" name="&apos;Grass-roots modular flexibility&apos; &gt; &apos;The HDD application is down, transmit…&apos;" time="0.000052875">
        </testcase>
        <testcase classname="src/test-suite-12.spec.ts" name="&apos;Grass-roots modular flexibility&apos; &gt; &apos;If we synthesize the card, we can get…&apos;" time="0.000243666">
            <failure message="expected [ { …(3) }, { …(3) }, { …(3) }, …(1) ] to deeply equal [ { …(3) }, { …(3) }, { …(3) } ]" type="AssertionError">
AssertionError: expected [ { …(3) }, { …(3) }, { …(3) }, …(1) ] to deeply equal [ { …(3) }, { …(3) }, { …(3) } ]

- Expected
+ Received

  [
    {
-     &quot;description&quot;: &quot;The HTTP system is down, hack the primary driver so we can parse the SMTP application!&quot;,
-     &quot;message&quot;: &quot;You can&apos;t input the matrix without quantifying the back-end UTF8 monitor!&quot;,
-     &quot;summary&quot;: &quot;If we compress the system, we can get to the CLI capacitor through the optical IB alarm!&quot;,
+     &quot;description&quot;: &quot;You can&apos;t override the pixel without copying the cross-platform TLS capacitor!&quot;,
+     &quot;message&quot;: &quot;The ADP sensor is down, copy the optical bandwidth so we can reboot the COM application!&quot;,
+     &quot;summary&quot;: &quot;hacking the bandwidth won&apos;t do anything, we need to override the digital PNG array!&quot;,
+   },
+   {
+     &quot;description&quot;: &quot;I&apos;ll input the haptic SMTP bandwidth, that should monitor the DNS system!&quot;,
+     &quot;message&quot;: &quot;synthesizing the pixel won&apos;t do anything, we need to override the neural SDD circuit!&quot;,
+     &quot;summary&quot;: &quot;If we calculate the panel, we can get to the SDD application through the cross-platform COM array!&quot;,
    },
    {
-     &quot;description&quot;: &quot;I&apos;ll bypass the neural HEX protocol, that should card the SMS interface!&quot;,
-     &quot;message&quot;: &quot;I&apos;ll back up the back-end AGP interface, that should bandwidth the JBOD bandwidth!&quot;,
-     &quot;summary&quot;: &quot;I&apos;ll generate the bluetooth TLS protocol, that should bandwidth the PNG hard drive!&quot;,
+     &quot;description&quot;: &quot;We need to synthesize the back-end IB port!&quot;,
+     &quot;message&quot;: &quot;We need to transmit the online AI circuit!&quot;,
+     &quot;summary&quot;: &quot;The ASCII monitor is down, index the multi-byte bandwidth so we can connect the TLS matrix!&quot;,
    },
    {
-     &quot;description&quot;: &quot;Use the multi-byte VGA microchip, then you can generate the mobile interface!&quot;,
-     &quot;message&quot;: &quot;I&apos;ll program the digital SCSI transmitter, that should interface the SSD pixel!&quot;,
-     &quot;summary&quot;: &quot;We need to quantify the online IB card!&quot;,
+     &quot;description&quot;: &quot;You can&apos;t back up the feed without backing up the online SQL bus!&quot;,
+     &quot;message&quot;: &quot;Try to back up the SSD application, maybe it will parse the neural program!&quot;,
+     &quot;summary&quot;: &quot;If we reboot the protocol, we can get to the HTTP driver through the mobile ASCII sensor!&quot;,
    },
  ]

 ❯ src/test-suite-12.spec.ts:21:20
            </failure>
        </testcase>
        <testcase classname="src/test-suite-12.spec.ts" name="&apos;Grass-roots modular flexibility&apos; &gt; &apos;You can\&apos;t quantify the program witho…&apos;" time="0.000054166">
        </testcase>
        <testcase classname="src/test-suite-12.spec.ts" name="&apos;Grass-roots modular flexibility&apos; &gt; &apos;navigating the system won\&apos;t do anyth…&apos;" time="0.000269833">
            <failure message="expected [ { …(3) }, { …(3) }, { …(3) }, …(2) ] to deeply equal [ { …(3) }, { …(3) }, { …(3) }, …(1) ]" type="AssertionError">
AssertionError: expected [ { …(3) }, { …(3) }, { …(3) }, …(2) ] to deeply equal [ { …(3) }, { …(3) }, { …(3) }, …(1) ]

- Expected
+ Received

  [
    {
-     &quot;description&quot;: &quot;backing up the interface won&apos;t do anything, we need to reboot the optical CSS program!&quot;,
-     &quot;message&quot;: &quot;You can&apos;t back up the panel without backing up the redundant SQL interface!&quot;,
-     &quot;summary&quot;: &quot;I&apos;ll index the digital AI application, that should transmitter the UDP system!&quot;,
+     &quot;description&quot;: &quot;You can&apos;t back up the monitor without compressing the bluetooth PNG matrix!&quot;,
+     &quot;message&quot;: &quot;bypassing the bus won&apos;t do anything, we need to override the cross-platform EXE driver!&quot;,
+     &quot;summary&quot;: &quot;Try to reboot the COM microchip, maybe it will calculate the online bandwidth!&quot;,
    },
    {
-     &quot;description&quot;: &quot;You can&apos;t transmit the circuit without connecting the haptic CSS monitor!&quot;,
-     &quot;message&quot;: &quot;If we hack the bus, we can get to the JBOD feed through the open-source GB protocol!&quot;,
-     &quot;summary&quot;: &quot;You can&apos;t bypass the monitor without connecting the bluetooth RAM bus!&quot;,
+     &quot;description&quot;: &quot;I&apos;ll quantify the solid state GB firewall, that should bandwidth the XSS matrix!&quot;,
+     &quot;message&quot;: &quot;Use the back-end UDP pixel, then you can hack the cross-platform capacitor!&quot;,
+     &quot;summary&quot;: &quot;You can&apos;t override the hard drive without backing up the back-end OCR circuit!&quot;,
+   },
+   {
+     &quot;description&quot;: &quot;Try to quantify the XML feed, maybe it will synthesize the mobile driver!&quot;,
+     &quot;message&quot;: &quot;indexing the alarm won&apos;t do anything, we need to calculate the online AGP port!&quot;,
+     &quot;summary&quot;: &quot;programming the circuit won&apos;t do anything, we need to generate the back-end UDP application!&quot;,
    },
    {
-     &quot;description&quot;: &quot;I&apos;ll connect the primary RAM sensor, that should capacitor the COM system!&quot;,
-     &quot;message&quot;: &quot;Try to parse the IP program, maybe it will reboot the multi-byte card!&quot;,
-     &quot;summary&quot;: &quot;Try to back up the RSS transmitter, maybe it will input the bluetooth protocol!&quot;,
+     &quot;description&quot;: &quot;connecting the alarm won&apos;t do anything, we need to copy the neural HTTP panel!&quot;,
+     &quot;message&quot;: &quot;You can&apos;t override the feed without synthesizing the optical CLI system!&quot;,
+     &quot;summary&quot;: &quot;The CLI program is down, quantify the solid state feed so we can index the CLI capacitor!&quot;,
    },
    {
-     &quot;description&quot;: &quot;We need to bypass the optical SMTP hard drive!&quot;,
-     &quot;message&quot;: &quot;If we back up the array, we can get to the USB interface through the 1080p PNG microchip!&quot;,
-     &quot;summary&quot;: &quot;We need to parse the auxiliary OCR microchip!&quot;,
+     &quot;description&quot;: &quot;You can&apos;t input the application without quantifying the primary RSS capacitor!&quot;,
+     &quot;message&quot;: &quot;I&apos;ll generate the virtual AGP transmitter, that should feed the SMTP firewall!&quot;,
+     &quot;summary&quot;: &quot;We need to copy the digital SCSI panel!&quot;,
    },
  ]

 ❯ src/test-suite-12.spec.ts:21:20
            </failure>
        </testcase>
        <testcase classname="src/test-suite-12.spec.ts" name="&apos;Grass-roots modular flexibility&apos; &gt; &apos;If we index the matrix, we can get to…&apos;" time="0.000040875">
        </testcase>
        <testcase classname="src/test-suite-12.spec.ts" name="&apos;Grass-roots modular flexibility&apos; &gt; &apos;You can\&apos;t calculate the capacitor wi…&apos;" time="0.000267833">
            <failure message="expected [ { …(3) }, { …(3) }, { …(3) }, …(2) ] to deeply equal [ { …(3) }, { …(3) }, { …(3) }, …(1) ]" type="AssertionError">
AssertionError: expected [ { …(3) }, { …(3) }, { …(3) }, …(2) ] to deeply equal [ { …(3) }, { …(3) }, { …(3) }, …(1) ]

- Expected
+ Received

  [
    {
-     &quot;description&quot;: &quot;The API firewall is down, transmit the multi-byte bus so we can generate the ADP monitor!&quot;,
-     &quot;message&quot;: &quot;We need to input the auxiliary SMS matrix!&quot;,
-     &quot;summary&quot;: &quot;I&apos;ll copy the back-end ASCII pixel, that should interface the OCR system!&quot;,
+     &quot;description&quot;: &quot;The ASCII driver is down, back up the auxiliary panel so we can generate the API pixel!&quot;,
+     &quot;message&quot;: &quot;You can&apos;t program the microchip without navigating the 1080p GB transmitter!&quot;,
+     &quot;summary&quot;: &quot;Try to bypass the THX firewall, maybe it will override the digital system!&quot;,
    },
    {
-     &quot;description&quot;: &quot;If we back up the interface, we can get to the JSON protocol through the open-source PCI protocol!&quot;,
-     &quot;message&quot;: &quot;If we generate the bus, we can get to the CSS hard drive through the 1080p DNS port!&quot;,
-     &quot;summary&quot;: &quot;Try to connect the AI program, maybe it will back up the optical transmitter!&quot;,
+     &quot;description&quot;: &quot;You can&apos;t index the alarm without synthesizing the cross-platform IP pixel!&quot;,
+     &quot;message&quot;: &quot;If we calculate the driver, we can get to the USB microchip through the open-source UDP bandwidth!&quot;,
+     &quot;summary&quot;: &quot;If we compress the circuit, we can get to the CLI monitor through the mobile RAM microchip!&quot;,
+   },
+   {
+     &quot;description&quot;: &quot;Try to reboot the XSS feed, maybe it will hack the wireless sensor!&quot;,
+     &quot;message&quot;: &quot;If we program the matrix, we can get to the COM panel through the mobile CSS monitor!&quot;,
+     &quot;summary&quot;: &quot;You can&apos;t reboot the matrix without indexing the 1080p SSL firewall!&quot;,
    },
    {
-     &quot;description&quot;: &quot;I&apos;ll reboot the wireless PCI feed, that should monitor the JSON array!&quot;,
-     &quot;message&quot;: &quot;You can&apos;t copy the application without backing up the cross-platform PCI driver!&quot;,
-     &quot;summary&quot;: &quot;I&apos;ll connect the solid state PCI port, that should program the GB panel!&quot;,
+     &quot;description&quot;: &quot;parsing the array won&apos;t do anything, we need to hack the auxiliary IB alarm!&quot;,
+     &quot;message&quot;: &quot;The RSS interface is down, compress the multi-byte port so we can generate the RSS hard drive!&quot;,
+     &quot;summary&quot;: &quot;We need to copy the haptic COM feed!&quot;,
    },
    {
-     &quot;description&quot;: &quot;Use the auxiliary OCR capacitor, then you can program the primary card!&quot;,
-     &quot;message&quot;: &quot;The TCP microchip is down, index the auxiliary pixel so we can parse the UDP application!&quot;,
-     &quot;summary&quot;: &quot;Try to copy the SMTP monitor, maybe it will compress the digital matrix!&quot;,
+     &quot;description&quot;: &quot;synthesizing the alarm won&apos;t do anything, we need to compress the mobile DRAM program!&quot;,
+     &quot;message&quot;: &quot;generating the circuit won&apos;t do anything, we need to copy the multi-byte IB circuit!&quot;,
+     &quot;summary&quot;: &quot;I&apos;ll back up the bluetooth USB bus, that should matrix the JBOD circuit!&quot;,
    },
  ]

 ❯ src/test-suite-12.spec.ts:21:20
            </failure>
        </testcase>
        <testcase classname="src/test-suite-12.spec.ts" name="&apos;Grass-roots modular flexibility&apos; &gt; &apos;You can\&apos;t reboot the system without …&apos;" time="0.000062">
        </testcase>
        <testcase classname="src/test-suite-12.spec.ts" name="&apos;Grass-roots modular flexibility&apos; &gt; &apos;Use the virtual JBOD bus, then you ca…&apos;" time="0.000247209">
            <failure message="expected [ { …(3) }, { …(3) }, { …(3) }, …(1) ] to deeply equal [ { …(3) }, { …(3) }, { …(3) }, …(1) ]" type="AssertionError">
AssertionError: expected [ { …(3) }, { …(3) }, { …(3) }, …(1) ] to deeply equal [ { …(3) }, { …(3) }, { …(3) }, …(1) ]

- Expected
+ Received

  [
    {
-     &quot;description&quot;: &quot;Use the haptic XML transmitter, then you can parse the virtual program!&quot;,
-     &quot;message&quot;: &quot;You can&apos;t calculate the firewall without synthesizing the haptic IP feed!&quot;,
-     &quot;summary&quot;: &quot;If we override the driver, we can get to the IP pixel through the mobile FTP hard drive!&quot;,
+     &quot;description&quot;: &quot;The AGP program is down, transmit the 1080p capacitor so we can generate the AGP alarm!&quot;,
+     &quot;message&quot;: &quot;Try to override the AI microchip, maybe it will calculate the redundant monitor!&quot;,
+     &quot;summary&quot;: &quot;Use the neural HDD sensor, then you can override the bluetooth system!&quot;,
    },
    {
-     &quot;description&quot;: &quot;calculating the pixel won&apos;t do anything, we need to transmit the cross-platform HTTP sensor!&quot;,
-     &quot;message&quot;: &quot;You can&apos;t reboot the sensor without bypassing the digital CLI panel!&quot;,
-     &quot;summary&quot;: &quot;You can&apos;t reboot the interface without synthesizing the digital HTTP port!&quot;,
+     &quot;description&quot;: &quot;If we quantify the panel, we can get to the VGA port through the redundant PNG feed!&quot;,
+     &quot;message&quot;: &quot;We need to back up the auxiliary CLI sensor!&quot;,
+     &quot;summary&quot;: &quot;Try to generate the XSS pixel, maybe it will synthesize the open-source pixel!&quot;,
    },
    {
-     &quot;description&quot;: &quot;If we input the driver, we can get to the IP protocol through the open-source AI protocol!&quot;,
-     &quot;message&quot;: &quot;Use the redundant CSS system, then you can copy the back-end feed!&quot;,
-     &quot;summary&quot;: &quot;You can&apos;t program the panel without copying the bluetooth UDP interface!&quot;,
+     &quot;description&quot;: &quot;The SMTP program is down, quantify the cross-platform array so we can parse the USB pixel!&quot;,
+     &quot;message&quot;: &quot;I&apos;ll index the redundant FTP microchip, that should hard drive the SSL application!&quot;,
+     &quot;summary&quot;: &quot;I&apos;ll navigate the neural USB circuit, that should circuit the ADP program!&quot;,
    },
    {
-     &quot;description&quot;: &quot;We need to index the cross-platform SQL bus!&quot;,
-     &quot;message&quot;: &quot;If we quantify the array, we can get to the EXE bandwidth through the bluetooth API program!&quot;,
-     &quot;summary&quot;: &quot;Use the bluetooth DRAM transmitter, then you can calculate the cross-platform interface!&quot;,
+     &quot;description&quot;: &quot;You can&apos;t hack the firewall without generating the primary TLS pixel!&quot;,
+     &quot;message&quot;: &quot;The TLS pixel is down, parse the wireless transmitter so we can index the UDP driver!&quot;,
+     &quot;summary&quot;: &quot;You can&apos;t parse the driver without quantifying the online COM driver!&quot;,
    },
  ]

 ❯ src/test-suite-12.spec.ts:21:20
            </failure>
        </testcase>
        <testcase classname="src/test-suite-12.spec.ts" name="&apos;Grass-roots modular flexibility&apos; &gt; &apos;Use the optical HTTP array, then you …&apos;" time="0.000039833">
        </testcase>
        <testcase classname="src/test-suite-12.spec.ts" name="&apos;Grass-roots modular flexibility&apos; &gt; &apos;If we back up the firewall, we can ge…&apos;" time="0.000162958">
            <failure message="expected [ { …(3) }, { …(3) } ] to deeply equal [ { …(3) }, { …(3) } ]" type="AssertionError">
AssertionError: expected [ { …(3) }, { …(3) } ] to deeply equal [ { …(3) }, { …(3) } ]

- Expected
+ Received

  [
    {
-     &quot;description&quot;: &quot;We need to bypass the auxiliary THX transmitter!&quot;,
-     &quot;message&quot;: &quot;Try to parse the VGA program, maybe it will parse the bluetooth capacitor!&quot;,
-     &quot;summary&quot;: &quot;I&apos;ll input the virtual COM firewall, that should interface the HEX feed!&quot;,
+     &quot;description&quot;: &quot;Try to back up the FTP feed, maybe it will generate the auxiliary protocol!&quot;,
+     &quot;message&quot;: &quot;I&apos;ll quantify the mobile SCSI alarm, that should system the SSL protocol!&quot;,
+     &quot;summary&quot;: &quot;calculating the system won&apos;t do anything, we need to navigate the wireless AGP feed!&quot;,
    },
    {
-     &quot;description&quot;: &quot;Use the 1080p FTP sensor, then you can back up the primary pixel!&quot;,
-     &quot;message&quot;: &quot;Use the redundant EXE system, then you can connect the optical sensor!&quot;,
-     &quot;summary&quot;: &quot;Use the primary ASCII application, then you can program the bluetooth driver!&quot;,
+     &quot;description&quot;: &quot;If we parse the bandwidth, we can get to the ADP circuit through the back-end VGA port!&quot;,
+     &quot;message&quot;: &quot;indexing the bandwidth won&apos;t do anything, we need to compress the redundant AGP system!&quot;,
+     &quot;summary&quot;: &quot;Try to parse the UDP protocol, maybe it will navigate the haptic monitor!&quot;,
    },
  ]

 ❯ src/test-suite-12.spec.ts:21:20
            </failure>
        </testcase>
        <testcase classname="src/test-suite-12.spec.ts" name="&apos;Grass-roots modular flexibility&apos; &gt; &apos;We need to compress the bluetooth SSD…&apos;" time="0.000039042">
        </testcase>
        <testcase classname="src/test-suite-12.spec.ts" name="&apos;Grass-roots modular flexibility&apos; &gt; &apos;If we connect the panel, we can get t…&apos;" time="0.000199875">
            <failure message="expected [ { …(3) }, { …(3) } ] to deeply equal [ { …(3) }, { …(3) }, { …(3) }, …(1) ]" type="AssertionError">
AssertionError: expected [ { …(3) }, { …(3) } ] to deeply equal [ { …(3) }, { …(3) }, { …(3) }, …(1) ]

- Expected
+ Received

  [
    {
-     &quot;description&quot;: &quot;We need to compress the multi-byte COM feed!&quot;,
-     &quot;message&quot;: &quot;Try to connect the CLI bandwidth, maybe it will hack the primary system!&quot;,
-     &quot;summary&quot;: &quot;copying the sensor won&apos;t do anything, we need to input the optical UTF8 alarm!&quot;,
+     &quot;description&quot;: &quot;Try to index the SMTP bandwidth, maybe it will generate the 1080p monitor!&quot;,
+     &quot;message&quot;: &quot;indexing the pixel won&apos;t do anything, we need to bypass the mobile SMTP interface!&quot;,
+     &quot;summary&quot;: &quot;Use the optical PCI array, then you can program the neural capacitor!&quot;,
    },
    {
-     &quot;description&quot;: &quot;We need to bypass the mobile JBOD array!&quot;,
-     &quot;message&quot;: &quot;synthesizing the feed won&apos;t do anything, we need to program the primary RAM port!&quot;,
-     &quot;summary&quot;: &quot;We need to reboot the bluetooth RAM firewall!&quot;,
-   },
-   {
-     &quot;description&quot;: &quot;I&apos;ll synthesize the wireless TCP port, that should port the JSON pixel!&quot;,
-     &quot;message&quot;: &quot;If we parse the alarm, we can get to the SCSI system through the bluetooth SMTP protocol!&quot;,
-     &quot;summary&quot;: &quot;If we input the program, we can get to the JSON bandwidth through the digital UTF8 alarm!&quot;,
-   },
-   {
-     &quot;description&quot;: &quot;I&apos;ll input the cross-platform DRAM application, that should matrix the TCP card!&quot;,
-     &quot;message&quot;: &quot;The PCI hard drive is down, input the haptic protocol so we can parse the ADP alarm!&quot;,
-     &quot;summary&quot;: &quot;You can&apos;t compress the sensor without connecting the solid state RSS protocol!&quot;,
+     &quot;description&quot;: &quot;bypassing the port won&apos;t do anything, we need to parse the auxiliary EXE matrix!&quot;,
+     &quot;message&quot;: &quot;We need to navigate the online USB application!&quot;,
+     &quot;summary&quot;: &quot;If we bypass the alarm, we can get to the ADP driver through the bluetooth IP interface!&quot;,
    },
  ]

 ❯ src/test-suite-12.spec.ts:21:20
            </failure>
        </testcase>
        <testcase classname="src/test-suite-12.spec.ts" name="&apos;Grass-roots modular flexibility&apos; &gt; &apos;Try to input the JSON interface, mayb…&apos;" time="0.000032625">
        </testcase>
        <testcase classname="src/test-suite-12.spec.ts" name="&apos;Grass-roots modular flexibility&apos; &gt; &apos;Try to parse the ADP card, maybe it w…&apos;" time="0.000255416">
            <failure message="expected [ { …(3) }, { …(3) }, { …(3) }, …(1) ] to deeply equal [ { …(3) }, { …(3) }, { …(3) }, …(2) ]" type="AssertionError">
AssertionError: expected [ { …(3) }, { …(3) }, { …(3) }, …(1) ] to deeply equal [ { …(3) }, { …(3) }, { …(3) }, …(2) ]

- Expected
+ Received

  [
    {
-     &quot;description&quot;: &quot;The USB circuit is down, navigate the neural transmitter so we can index the SCSI feed!&quot;,
-     &quot;message&quot;: &quot;If we transmit the monitor, we can get to the ADP program through the cross-platform RAM driver!&quot;,
-     &quot;summary&quot;: &quot;We need to connect the optical PNG bandwidth!&quot;,
+     &quot;description&quot;: &quot;We need to parse the online UTF8 pixel!&quot;,
+     &quot;message&quot;: &quot;parsing the monitor won&apos;t do anything, we need to input the digital AI panel!&quot;,
+     &quot;summary&quot;: &quot;If we calculate the port, we can get to the USB array through the back-end GB panel!&quot;,
    },
    {
-     &quot;description&quot;: &quot;We need to bypass the bluetooth USB hard drive!&quot;,
-     &quot;message&quot;: &quot;If we quantify the monitor, we can get to the CLI matrix through the multi-byte API hard drive!&quot;,
-     &quot;summary&quot;: &quot;You can&apos;t reboot the program without quantifying the digital THX driver!&quot;,
-   },
-   {
-     &quot;description&quot;: &quot;The SAS array is down, connect the mobile pixel so we can quantify the JBOD panel!&quot;,
-     &quot;message&quot;: &quot;Use the solid state TCP feed, then you can parse the open-source firewall!&quot;,
-     &quot;summary&quot;: &quot;You can&apos;t compress the array without transmitting the haptic USB transmitter!&quot;,
+     &quot;description&quot;: &quot;We need to program the bluetooth SSD bus!&quot;,
+     &quot;message&quot;: &quot;parsing the system won&apos;t do anything, we need to generate the cross-platform API microchip!&quot;,
+     &quot;summary&quot;: &quot;We need to synthesize the cross-platform OCR system!&quot;,
    },
    {
-     &quot;description&quot;: &quot;If we compress the driver, we can get to the SCSI pixel through the digital IP array!&quot;,
-     &quot;message&quot;: &quot;Use the auxiliary CSS interface, then you can override the digital panel!&quot;,
-     &quot;summary&quot;: &quot;Use the open-source AI driver, then you can back up the neural panel!&quot;,
+     &quot;description&quot;: &quot;Try to parse the VGA monitor, maybe it will navigate the 1080p microchip!&quot;,
+     &quot;message&quot;: &quot;If we compress the array, we can get to the HEX transmitter through the virtual IB sensor!&quot;,
+     &quot;summary&quot;: &quot;parsing the monitor won&apos;t do anything, we need to calculate the primary OCR alarm!&quot;,
    },
    {
-     &quot;description&quot;: &quot;We need to index the back-end API program!&quot;,
-     &quot;message&quot;: &quot;Use the online DRAM bandwidth, then you can quantify the virtual system!&quot;,
-     &quot;summary&quot;: &quot;Try to navigate the AGP application, maybe it will copy the optical program!&quot;,
+     &quot;description&quot;: &quot;Try to back up the COM sensor, maybe it will synthesize the neural interface!&quot;,
+     &quot;message&quot;: &quot;We need to calculate the 1080p USB driver!&quot;,
+     &quot;summary&quot;: &quot;I&apos;ll connect the digital HDD bandwidth, that should port the GB card!&quot;,
    },
  ]

 ❯ src/test-suite-12.spec.ts:21:20
            </failure>
        </testcase>
        <testcase classname="src/test-suite-12.spec.ts" name="&apos;Grass-roots modular flexibility&apos; &gt; &apos;I\&apos;ll index the back-end ADP capacito…&apos;" time="0.000038375">
        </testcase>
        <testcase classname="src/test-suite-12.spec.ts" name="&apos;Grass-roots modular flexibility&apos; &gt; &apos;We need to connect the redundant USB …&apos;" time="0.000239083">
            <failure message="expected [ { …(3) }, { …(3) }, { …(3) }, …(2) ] to deeply equal [ { …(3) }, { …(3) }, { …(3) } ]" type="AssertionError">
AssertionError: expected [ { …(3) }, { …(3) }, { …(3) }, …(2) ] to deeply equal [ { …(3) }, { …(3) }, { …(3) } ]

- Expected
+ Received

  [
    {
-     &quot;description&quot;: &quot;generating the microchip won&apos;t do anything, we need to bypass the back-end VGA port!&quot;,
-     &quot;message&quot;: &quot;The DNS microchip is down, hack the auxiliary transmitter so we can connect the SCSI driver!&quot;,
-     &quot;summary&quot;: &quot;overriding the hard drive won&apos;t do anything, we need to generate the solid state SMTP application!&quot;,
+     &quot;description&quot;: &quot;You can&apos;t reboot the matrix without programming the solid state SCSI card!&quot;,
+     &quot;message&quot;: &quot;Use the solid state TCP firewall, then you can override the redundant sensor!&quot;,
+     &quot;summary&quot;: &quot;The SMTP panel is down, navigate the wireless monitor so we can connect the AI array!&quot;,
    },
    {
-     &quot;description&quot;: &quot;You can&apos;t copy the pixel without copying the back-end COM port!&quot;,
-     &quot;message&quot;: &quot;The JSON alarm is down, reboot the multi-byte card so we can hack the ADP hard drive!&quot;,
-     &quot;summary&quot;: &quot;Use the open-source SMS feed, then you can parse the haptic matrix!&quot;,
+     &quot;description&quot;: &quot;The AGP transmitter is down, input the online capacitor so we can input the SSD array!&quot;,
+     &quot;message&quot;: &quot;calculating the sensor won&apos;t do anything, we need to copy the multi-byte RSS circuit!&quot;,
+     &quot;summary&quot;: &quot;The SMS capacitor is down, override the digital microchip so we can input the USB sensor!&quot;,
    },
    {
-     &quot;description&quot;: &quot;We need to copy the open-source SMTP transmitter!&quot;,
-     &quot;message&quot;: &quot;The ADP driver is down, parse the bluetooth driver so we can input the TCP system!&quot;,
-     &quot;summary&quot;: &quot;You can&apos;t copy the feed without synthesizing the primary TCP system!&quot;,
+     &quot;description&quot;: &quot;I&apos;ll navigate the virtual CLI pixel, that should bus the DRAM panel!&quot;,
+     &quot;message&quot;: &quot;The PNG hard drive is down, index the back-end bandwidth so we can calculate the SDD protocol!&quot;,
+     &quot;summary&quot;: &quot;The FTP matrix is down, reboot the solid state circuit so we can index the SSD sensor!&quot;,
+   },
+   {
+     &quot;description&quot;: &quot;I&apos;ll quantify the back-end JSON feed, that should bus the SSD bus!&quot;,
+     &quot;message&quot;: &quot;You can&apos;t reboot the program without generating the 1080p FTP panel!&quot;,
+     &quot;summary&quot;: &quot;Try to connect the SDD bandwidth, maybe it will compress the virtual firewall!&quot;,
+   },
+   {
+     &quot;description&quot;: &quot;You can&apos;t calculate the firewall without parsing the multi-byte PNG capacitor!&quot;,
+     &quot;message&quot;: &quot;If we transmit the driver, we can get to the TCP program through the haptic SMTP application!&quot;,
+     &quot;summary&quot;: &quot;If we calculate the transmitter, we can get to the SCSI circuit through the optical JBOD protocol!&quot;,
    },
  ]

 ❯ src/test-suite-12.spec.ts:21:20
            </failure>
        </testcase>
        <testcase classname="src/test-suite-12.spec.ts" name="&apos;Grass-roots modular flexibility&apos; &gt; &apos;I\&apos;ll override the back-end DNS feed,…&apos;" time="0.000042">
        </testcase>
        <testcase classname="src/test-suite-12.spec.ts" name="&apos;Grass-roots modular flexibility&apos; &gt; &apos;If we reboot the application, we can …&apos;" time="0.000186458">
            <failure message="expected [ { …(3) }, { …(3) } ] to deeply equal [ { …(3) }, { …(3) }, { …(3) } ]" type="AssertionError">
AssertionError: expected [ { …(3) }, { …(3) } ] to deeply equal [ { …(3) }, { …(3) }, { …(3) } ]

- Expected
+ Received

  [
    {
-     &quot;description&quot;: &quot;Use the bluetooth CLI capacitor, then you can transmit the virtual capacitor!&quot;,
-     &quot;message&quot;: &quot;Try to override the DRAM microchip, maybe it will calculate the neural application!&quot;,
-     &quot;summary&quot;: &quot;Use the mobile IP bandwidth, then you can hack the back-end capacitor!&quot;,
-   },
-   {
-     &quot;description&quot;: &quot;If we compress the card, we can get to the SMS sensor through the digital CSS array!&quot;,
-     &quot;message&quot;: &quot;The XML application is down, override the mobile hard drive so we can navigate the XML monitor!&quot;,
-     &quot;summary&quot;: &quot;We need to quantify the redundant RAM feed!&quot;,
+     &quot;description&quot;: &quot;Try to reboot the AGP port, maybe it will hack the cross-platform array!&quot;,
+     &quot;message&quot;: &quot;You can&apos;t synthesize the panel without transmitting the online HTTP pixel!&quot;,
+     &quot;summary&quot;: &quot;If we synthesize the hard drive, we can get to the JSON hard drive through the auxiliary UDP matrix!&quot;,
    },
    {
-     &quot;description&quot;: &quot;You can&apos;t back up the bandwidth without bypassing the online THX sensor!&quot;,
-     &quot;message&quot;: &quot;The HEX feed is down, compress the solid state application so we can compress the RAM application!&quot;,
-     &quot;summary&quot;: &quot;overriding the microchip won&apos;t do anything, we need to copy the haptic VGA capacitor!&quot;,
+     &quot;description&quot;: &quot;You can&apos;t input the matrix without copying the back-end SMS driver!&quot;,
+     &quot;message&quot;: &quot;I&apos;ll compress the cross-platform SCSI feed, that should microchip the OCR sensor!&quot;,
+     &quot;summary&quot;: &quot;Use the mobile DNS firewall, then you can copy the redundant driver!&quot;,
    },
  ]

 ❯ src/test-suite-12.spec.ts:21:20
            </failure>
        </testcase>
        <testcase classname="src/test-suite-12.spec.ts" name="&apos;Profound incremental data-warehouse&apos; &gt; &apos;The COM bandwidth is down, bypass the…&apos;" time="0.000240541">
            <failure message="expected [ { …(3) }, { …(3) }, { …(3) }, …(1) ] to deeply equal [ { …(3) }, { …(3) }, { …(3) } ]" type="AssertionError">
AssertionError: expected [ { …(3) }, { …(3) }, { …(3) }, …(1) ] to deeply equal [ { …(3) }, { …(3) }, { …(3) } ]

- Expected
+ Received

  [
    {
-     &quot;description&quot;: &quot;The GB circuit is down, quantify the 1080p matrix so we can navigate the JBOD monitor!&quot;,
-     &quot;message&quot;: &quot;I&apos;ll calculate the digital THX pixel, that should alarm the GB hard drive!&quot;,
-     &quot;summary&quot;: &quot;If we connect the feed, we can get to the SMTP circuit through the virtual HEX transmitter!&quot;,
+     &quot;description&quot;: &quot;If we back up the transmitter, we can get to the JBOD capacitor through the mobile THX firewall!&quot;,
+     &quot;message&quot;: &quot;quantifying the program won&apos;t do anything, we need to back up the redundant DRAM port!&quot;,
+     &quot;summary&quot;: &quot;If we synthesize the monitor, we can get to the ADP panel through the open-source EXE feed!&quot;,
+   },
+   {
+     &quot;description&quot;: &quot;transmitting the firewall won&apos;t do anything, we need to index the mobile PCI panel!&quot;,
+     &quot;message&quot;: &quot;Use the virtual RSS card, then you can program the optical bus!&quot;,
+     &quot;summary&quot;: &quot;If we reboot the port, we can get to the COM port through the wireless CSS program!&quot;,
    },
    {
-     &quot;description&quot;: &quot;Use the optical CSS interface, then you can override the haptic pixel!&quot;,
-     &quot;message&quot;: &quot;You can&apos;t index the sensor without backing up the optical CSS system!&quot;,
-     &quot;summary&quot;: &quot;If we parse the microchip, we can get to the XML firewall through the virtual PNG capacitor!&quot;,
+     &quot;description&quot;: &quot;The SCSI application is down, input the digital transmitter so we can override the PNG panel!&quot;,
+     &quot;message&quot;: &quot;You can&apos;t program the feed without synthesizing the cross-platform XML panel!&quot;,
+     &quot;summary&quot;: &quot;You can&apos;t override the port without connecting the virtual OCR bandwidth!&quot;,
    },
    {
-     &quot;description&quot;: &quot;I&apos;ll synthesize the neural SCSI program, that should sensor the SQL sensor!&quot;,
-     &quot;message&quot;: &quot;I&apos;ll override the wireless XML sensor, that should firewall the JBOD capacitor!&quot;,
-     &quot;summary&quot;: &quot;You can&apos;t synthesize the driver without generating the auxiliary SSD system!&quot;,
+     &quot;description&quot;: &quot;Try to override the API firewall, maybe it will program the wireless alarm!&quot;,
+     &quot;message&quot;: &quot;The XML bus is down, bypass the cross-platform microchip so we can parse the DRAM protocol!&quot;,
+     &quot;summary&quot;: &quot;I&apos;ll synthesize the digital CLI alarm, that should application the RSS program!&quot;,
    },
  ]

 ❯ src/test-suite-12.spec.ts:21:20
            </failure>
        </testcase>
        <testcase classname="src/test-suite-12.spec.ts" name="&apos;Profound incremental data-warehouse&apos; &gt; &apos;transmitting the pixel won\&apos;t do anyt…&apos;" time="0.000044709">
        </testcase>
        <testcase classname="src/test-suite-12.spec.ts" name="&apos;Profound incremental data-warehouse&apos; &gt; &apos;synthesizing the circuit won\&apos;t do an…&apos;" time="0.000326625">
            <failure message="expected [ { …(3) }, { …(3) }, { …(3) }, …(2) ] to deeply equal [ { …(3) }, { …(3) }, { …(3) }, …(2) ]" type="AssertionError">
AssertionError: expected [ { …(3) }, { …(3) }, { …(3) }, …(2) ] to deeply equal [ { …(3) }, { …(3) }, { …(3) }, …(2) ]

- Expected
+ Received

  [
    {
-     &quot;description&quot;: &quot;If we calculate the driver, we can get to the HTTP monitor through the optical SAS program!&quot;,
-     &quot;message&quot;: &quot;Use the redundant PNG interface, then you can copy the auxiliary bandwidth!&quot;,
-     &quot;summary&quot;: &quot;The PCI interface is down, parse the optical pixel so we can parse the UTF8 panel!&quot;,
+     &quot;description&quot;: &quot;If we generate the panel, we can get to the IP protocol through the auxiliary XSS array!&quot;,
+     &quot;message&quot;: &quot;Use the open-source HDD panel, then you can override the online hard drive!&quot;,
+     &quot;summary&quot;: &quot;You can&apos;t navigate the sensor without navigating the multi-byte ASCII application!&quot;,
    },
    {
-     &quot;description&quot;: &quot;I&apos;ll compress the open-source PCI capacitor, that should driver the UDP matrix!&quot;,
-     &quot;message&quot;: &quot;We need to index the solid state SAS protocol!&quot;,
-     &quot;summary&quot;: &quot;parsing the bus won&apos;t do anything, we need to synthesize the online API bandwidth!&quot;,
+     &quot;description&quot;: &quot;Use the digital TLS port, then you can index the open-source interface!&quot;,
+     &quot;message&quot;: &quot;indexing the port won&apos;t do anything, we need to program the open-source ADP sensor!&quot;,
+     &quot;summary&quot;: &quot;If we reboot the pixel, we can get to the SDD interface through the 1080p SMTP bus!&quot;,
    },
    {
-     &quot;description&quot;: &quot;If we program the capacitor, we can get to the SSD matrix through the bluetooth XML application!&quot;,
-     &quot;message&quot;: &quot;You can&apos;t synthesize the driver without connecting the bluetooth API driver!&quot;,
-     &quot;summary&quot;: &quot;backing up the alarm won&apos;t do anything, we need to input the bluetooth SAS bandwidth!&quot;,
+     &quot;description&quot;: &quot;The IP bandwidth is down, copy the virtual port so we can calculate the SDD panel!&quot;,
+     &quot;message&quot;: &quot;overriding the bus won&apos;t do anything, we need to calculate the online SCSI program!&quot;,
+     &quot;summary&quot;: &quot;Use the 1080p SDD panel, then you can navigate the cross-platform bandwidth!&quot;,
    },
    {
-     &quot;description&quot;: &quot;copying the firewall won&apos;t do anything, we need to compress the multi-byte USB feed!&quot;,
-     &quot;message&quot;: &quot;The HEX sensor is down, navigate the neural bus so we can transmit the PNG array!&quot;,
-     &quot;summary&quot;: &quot;I&apos;ll override the multi-byte CSS program, that should firewall the IB card!&quot;,
+     &quot;description&quot;: &quot;We need to back up the multi-byte SDD feed!&quot;,
+     &quot;message&quot;: &quot;quantifying the interface won&apos;t do anything, we need to override the bluetooth JBOD matrix!&quot;,
+     &quot;summary&quot;: &quot;Use the wireless SAS protocol, then you can connect the open-source system!&quot;,
    },
    {
-     &quot;description&quot;: &quot;If we index the port, we can get to the SCSI interface through the bluetooth SMS system!&quot;,
-     &quot;message&quot;: &quot;We need to reboot the optical FTP interface!&quot;,
-     &quot;summary&quot;: &quot;Use the online TCP feed, then you can override the redundant interface!&quot;,
+     &quot;description&quot;: &quot;The TCP card is down, input the wireless pixel so we can bypass the HTTP bandwidth!&quot;,
+     &quot;message&quot;: &quot;You can&apos;t input the circuit without navigating the haptic FTP firewall!&quot;,
+     &quot;summary&quot;: &quot;You can&apos;t override the system without overriding the digital CLI monitor!&quot;,
    },
  ]

 ❯ src/test-suite-12.spec.ts:21:20
            </failure>
        </testcase>
        <testcase classname="src/test-suite-12.spec.ts" name="&apos;Profound incremental data-warehouse&apos; &gt; &apos;generating the capacitor won\&apos;t do an…&apos;" time="0.000049292">
        </testcase>
        <testcase classname="src/test-suite-12.spec.ts" name="&apos;Profound incremental data-warehouse&apos; &gt; &apos;I\&apos;ll quantify the auxiliary HDD matr…&apos;" time="0.00032125">
            <failure message="expected [ { …(3) }, { …(3) }, { …(3) }, …(2) ] to deeply equal [ { …(3) }, { …(3) }, { …(3) }, …(2) ]" type="AssertionError">
AssertionError: expected [ { …(3) }, { …(3) }, { …(3) }, …(2) ] to deeply equal [ { …(3) }, { …(3) }, { …(3) }, …(2) ]

- Expected
+ Received

  [
    {
-     &quot;description&quot;: &quot;We need to reboot the haptic ASCII bandwidth!&quot;,
-     &quot;message&quot;: &quot;Try to calculate the USB monitor, maybe it will copy the digital microchip!&quot;,
-     &quot;summary&quot;: &quot;You can&apos;t override the panel without synthesizing the 1080p SQL feed!&quot;,
+     &quot;description&quot;: &quot;Try to copy the FTP protocol, maybe it will compress the back-end system!&quot;,
+     &quot;message&quot;: &quot;hacking the card won&apos;t do anything, we need to transmit the cross-platform XML port!&quot;,
+     &quot;summary&quot;: &quot;The SQL card is down, program the solid state monitor so we can back up the XML capacitor!&quot;,
    },
    {
-     &quot;description&quot;: &quot;If we back up the application, we can get to the JSON application through the neural COM port!&quot;,
-     &quot;message&quot;: &quot;copying the microchip won&apos;t do anything, we need to compress the primary UDP application!&quot;,
-     &quot;summary&quot;: &quot;I&apos;ll hack the solid state OCR hard drive, that should interface the COM circuit!&quot;,
+     &quot;description&quot;: &quot;If we copy the driver, we can get to the CLI bandwidth through the auxiliary SMTP interface!&quot;,
+     &quot;message&quot;: &quot;Use the cross-platform IB panel, then you can compress the mobile transmitter!&quot;,
+     &quot;summary&quot;: &quot;I&apos;ll generate the mobile HDD card, that should bus the UTF8 firewall!&quot;,
    },
    {
-     &quot;description&quot;: &quot;I&apos;ll transmit the digital TCP sensor, that should firewall the USB driver!&quot;,
-     &quot;message&quot;: &quot;backing up the hard drive won&apos;t do anything, we need to generate the mobile THX array!&quot;,
-     &quot;summary&quot;: &quot;I&apos;ll synthesize the virtual IB alarm, that should driver the SQL bus!&quot;,
+     &quot;description&quot;: &quot;Use the redundant VGA sensor, then you can reboot the auxiliary matrix!&quot;,
+     &quot;message&quot;: &quot;Try to program the SMTP bus, maybe it will bypass the redundant card!&quot;,
+     &quot;summary&quot;: &quot;Try to back up the SQL array, maybe it will compress the auxiliary application!&quot;,
    },
    {
-     &quot;description&quot;: &quot;Use the wireless USB transmitter, then you can generate the multi-byte hard drive!&quot;,
-     &quot;message&quot;: &quot;We need to override the redundant ASCII bus!&quot;,
-     &quot;summary&quot;: &quot;We need to copy the primary HTTP hard drive!&quot;,
+     &quot;description&quot;: &quot;Try to copy the DNS capacitor, maybe it will transmit the neural matrix!&quot;,
+     &quot;message&quot;: &quot;You can&apos;t navigate the circuit without copying the bluetooth HEX protocol!&quot;,
+     &quot;summary&quot;: &quot;Try to input the IB matrix, maybe it will index the digital program!&quot;,
    },
    {
-     &quot;description&quot;: &quot;We need to quantify the open-source JSON bandwidth!&quot;,
-     &quot;message&quot;: &quot;You can&apos;t parse the circuit without transmitting the haptic SQL sensor!&quot;,
-     &quot;summary&quot;: &quot;Use the bluetooth API microchip, then you can quantify the digital feed!&quot;,
+     &quot;description&quot;: &quot;Try to connect the DRAM alarm, maybe it will connect the haptic hard drive!&quot;,
+     &quot;message&quot;: &quot;programming the alarm won&apos;t do anything, we need to compress the online HEX array!&quot;,
+     &quot;summary&quot;: &quot;You can&apos;t bypass the sensor without connecting the 1080p EXE interface!&quot;,
    },
  ]

 ❯ src/test-suite-12.spec.ts:21:20
            </failure>
        </testcase>
        <testcase classname="src/test-suite-12.spec.ts" name="&apos;Profound incremental data-warehouse&apos; &gt; &apos;I\&apos;ll parse the haptic AI array, that…&apos;" time="0.000044125">
        </testcase>
        <testcase classname="src/test-suite-12.spec.ts" name="&apos;Profound incremental data-warehouse&apos; &gt; &apos;Try to connect the OCR firewall, mayb…&apos;" time="0.000266709">
            <failure message="expected [ { …(3) }, { …(3) }, { …(3) } ] to deeply equal [ { …(3) }, { …(3) }, { …(3) }, …(2) ]" type="AssertionError">
AssertionError: expected [ { …(3) }, { …(3) }, { …(3) } ] to deeply equal [ { …(3) }, { …(3) }, { …(3) }, …(2) ]

- Expected
+ Received

  [
    {
-     &quot;description&quot;: &quot;If we navigate the transmitter, we can get to the DNS system through the online SSL feed!&quot;,
-     &quot;message&quot;: &quot;If we parse the microchip, we can get to the TCP firewall through the cross-platform CSS transmitter!&quot;,
-     &quot;summary&quot;: &quot;Use the haptic AGP microchip, then you can navigate the bluetooth pixel!&quot;,
+     &quot;description&quot;: &quot;If we back up the microchip, we can get to the TLS application through the haptic AI bandwidth!&quot;,
+     &quot;message&quot;: &quot;I&apos;ll program the haptic JSON system, that should driver the PCI monitor!&quot;,
+     &quot;summary&quot;: &quot;You can&apos;t back up the protocol without backing up the online PNG circuit!&quot;,
    },
    {
-     &quot;description&quot;: &quot;If we index the circuit, we can get to the THX bus through the online SSL bandwidth!&quot;,
-     &quot;message&quot;: &quot;I&apos;ll override the online SAS array, that should interface the IB protocol!&quot;,
-     &quot;summary&quot;: &quot;Try to hack the IB sensor, maybe it will transmit the wireless transmitter!&quot;,
+     &quot;description&quot;: &quot;copying the transmitter won&apos;t do anything, we need to navigate the auxiliary VGA system!&quot;,
+     &quot;message&quot;: &quot;If we program the capacitor, we can get to the PNG hard drive through the primary HTTP firewall!&quot;,
+     &quot;summary&quot;: &quot;Use the mobile SAS panel, then you can reboot the primary feed!&quot;,
    },
    {
-     &quot;description&quot;: &quot;I&apos;ll reboot the online XSS feed, that should port the CLI system!&quot;,
-     &quot;message&quot;: &quot;I&apos;ll input the bluetooth THX system, that should transmitter the JBOD pixel!&quot;,
-     &quot;summary&quot;: &quot;Try to connect the ADP monitor, maybe it will override the bluetooth bandwidth!&quot;,
-   },
-   {
-     &quot;description&quot;: &quot;If we compress the program, we can get to the CLI card through the neural RSS program!&quot;,
-     &quot;message&quot;: &quot;You can&apos;t copy the transmitter without backing up the redundant DNS capacitor!&quot;,
-     &quot;summary&quot;: &quot;I&apos;ll calculate the optical PNG array, that should port the SSL microchip!&quot;,
-   },
-   {
-     &quot;description&quot;: &quot;connecting the card won&apos;t do anything, we need to parse the multi-byte SCSI matrix!&quot;,
-     &quot;message&quot;: &quot;I&apos;ll navigate the 1080p THX protocol, that should bus the HDD card!&quot;,
-     &quot;summary&quot;: &quot;Try to reboot the JSON protocol, maybe it will override the open-source protocol!&quot;,
+     &quot;description&quot;: &quot;We need to compress the neural DNS bus!&quot;,
+     &quot;message&quot;: &quot;I&apos;ll copy the virtual TCP monitor, that should monitor the SSD program!&quot;,
+     &quot;summary&quot;: &quot;hacking the hard drive won&apos;t do anything, we need to transmit the optical AI microchip!&quot;,
    },
  ]

 ❯ src/test-suite-12.spec.ts:21:20
            </failure>
        </testcase>
        <testcase classname="src/test-suite-12.spec.ts" name="&apos;Profound incremental data-warehouse&apos; &gt; &apos;The HEX interface is down, hack the o…&apos;" time="0.000052917">
        </testcase>
        <testcase classname="src/test-suite-12.spec.ts" name="&apos;Profound incremental data-warehouse&apos; &gt; &apos;You can\&apos;t input the array without ge…&apos;" time="0.000169">
            <failure message="expected [ { …(3) }, { …(3) } ] to deeply equal [ { …(3) }, { …(3) } ]" type="AssertionError">
AssertionError: expected [ { …(3) }, { …(3) } ] to deeply equal [ { …(3) }, { …(3) } ]

- Expected
+ Received

  [
    {
-     &quot;description&quot;: &quot;I&apos;ll index the digital JSON bus, that should firewall the IB transmitter!&quot;,
-     &quot;message&quot;: &quot;Use the optical SMS program, then you can program the online application!&quot;,
-     &quot;summary&quot;: &quot;You can&apos;t back up the alarm without programming the open-source TCP driver!&quot;,
+     &quot;description&quot;: &quot;synthesizing the port won&apos;t do anything, we need to generate the 1080p AGP panel!&quot;,
+     &quot;message&quot;: &quot;We need to program the open-source RSS capacitor!&quot;,
+     &quot;summary&quot;: &quot;We need to copy the digital ASCII matrix!&quot;,
    },
    {
-     &quot;description&quot;: &quot;If we input the port, we can get to the SAS pixel through the online HDD panel!&quot;,
-     &quot;message&quot;: &quot;We need to synthesize the neural RAM feed!&quot;,
-     &quot;summary&quot;: &quot;If we index the monitor, we can get to the VGA program through the haptic XML driver!&quot;,
+     &quot;description&quot;: &quot;Try to back up the ADP sensor, maybe it will calculate the haptic driver!&quot;,
+     &quot;message&quot;: &quot;You can&apos;t generate the bus without quantifying the auxiliary GB matrix!&quot;,
+     &quot;summary&quot;: &quot;We need to transmit the online USB alarm!&quot;,
    },
  ]

 ❯ src/test-suite-12.spec.ts:21:20
            </failure>
        </testcase>
        <testcase classname="src/test-suite-12.spec.ts" name="&apos;Profound incremental data-warehouse&apos; &gt; &apos;Use the redundant SSL system, then yo…&apos;" time="0.000052625">
        </testcase>
        <testcase classname="src/test-suite-12.spec.ts" name="&apos;Profound incremental data-warehouse&apos; &gt; &apos;Use the multi-byte HDD monitor, then …&apos;" time="0.000284917">
            <failure message="expected [ { …(3) }, { …(3) }, { …(3) }, …(2) ] to deeply equal [ { …(3) }, { …(3) }, { …(3) }, …(2) ]" type="AssertionError">
AssertionError: expected [ { …(3) }, { …(3) }, { …(3) }, …(2) ] to deeply equal [ { …(3) }, { …(3) }, { …(3) }, …(2) ]

- Expected
+ Received

  [
    {
-     &quot;description&quot;: &quot;We need to index the bluetooth CLI capacitor!&quot;,
-     &quot;message&quot;: &quot;You can&apos;t generate the system without copying the neural SSL alarm!&quot;,
-     &quot;summary&quot;: &quot;compressing the transmitter won&apos;t do anything, we need to connect the virtual CLI hard drive!&quot;,
+     &quot;description&quot;: &quot;copying the firewall won&apos;t do anything, we need to program the multi-byte SAS transmitter!&quot;,
+     &quot;message&quot;: &quot;You can&apos;t bypass the protocol without bypassing the haptic SCSI alarm!&quot;,
+     &quot;summary&quot;: &quot;If we reboot the interface, we can get to the AI bandwidth through the back-end PNG pixel!&quot;,
    },
    {
-     &quot;description&quot;: &quot;I&apos;ll parse the cross-platform DRAM transmitter, that should circuit the SSL pixel!&quot;,
-     &quot;message&quot;: &quot;Use the back-end JSON firewall, then you can calculate the neural panel!&quot;,
-     &quot;summary&quot;: &quot;We need to transmit the digital SAS port!&quot;,
+     &quot;description&quot;: &quot;If we generate the card, we can get to the OCR driver through the back-end ADP monitor!&quot;,
+     &quot;message&quot;: &quot;You can&apos;t input the driver without bypassing the digital DNS protocol!&quot;,
+     &quot;summary&quot;: &quot;I&apos;ll calculate the mobile THX program, that should port the SDD feed!&quot;,
    },
    {
-     &quot;description&quot;: &quot;You can&apos;t transmit the bandwidth without navigating the neural SCSI program!&quot;,
-     &quot;message&quot;: &quot;You can&apos;t index the microchip without programming the cross-platform OCR firewall!&quot;,
-     &quot;summary&quot;: &quot;If we input the card, we can get to the SCSI hard drive through the mobile CLI hard drive!&quot;,
+     &quot;description&quot;: &quot;bypassing the microchip won&apos;t do anything, we need to compress the neural PCI driver!&quot;,
+     &quot;message&quot;: &quot;I&apos;ll quantify the multi-byte DRAM application, that should matrix the XML circuit!&quot;,
+     &quot;summary&quot;: &quot;We need to connect the neural DNS alarm!&quot;,
    },
    {
-     &quot;description&quot;: &quot;generating the application won&apos;t do anything, we need to bypass the online VGA program!&quot;,
-     &quot;message&quot;: &quot;I&apos;ll copy the back-end TCP array, that should port the AI port!&quot;,
-     &quot;summary&quot;: &quot;Try to generate the SDD matrix, maybe it will bypass the online program!&quot;,
+     &quot;description&quot;: &quot;Use the cross-platform TLS monitor, then you can input the haptic circuit!&quot;,
+     &quot;message&quot;: &quot;indexing the pixel won&apos;t do anything, we need to quantify the auxiliary SMTP array!&quot;,
+     &quot;summary&quot;: &quot;We need to navigate the haptic FTP hard drive!&quot;,
    },
    {
-     &quot;description&quot;: &quot;You can&apos;t bypass the matrix without copying the multi-byte TLS hard drive!&quot;,
-     &quot;message&quot;: &quot;I&apos;ll calculate the solid state FTP card, that should circuit the HEX interface!&quot;,
-     &quot;summary&quot;: &quot;We need to bypass the redundant CSS alarm!&quot;,
+     &quot;description&quot;: &quot;I&apos;ll calculate the optical VGA application, that should alarm the RAM circuit!&quot;,
+     &quot;message&quot;: &quot;You can&apos;t synthesize the alarm without quantifying the back-end XSS application!&quot;,
+     &quot;summary&quot;: &quot;Try to input the HEX circuit, maybe it will reboot the online card!&quot;,
    },
  ]

 ❯ src/test-suite-12.spec.ts:21:20
            </failure>
        </testcase>
        <testcase classname="src/test-suite-12.spec.ts" name="&apos;Profound incremental data-warehouse&apos; &gt; &apos;indexing the protocol won\&apos;t do anyth…&apos;" time="0.000053166">
        </testcase>
        <testcase classname="src/test-suite-12.spec.ts" name="&apos;Profound incremental data-warehouse&apos; &gt; &apos;You can\&apos;t copy the system without in…&apos;" time="0.000282833">
            <failure message="expected [ { …(3) }, { …(3) }, { …(3) }, …(2) ] to deeply equal [ { …(3) }, { …(3) }, { …(3) }, …(2) ]" type="AssertionError">
AssertionError: expected [ { …(3) }, { …(3) }, { …(3) }, …(2) ] to deeply equal [ { …(3) }, { …(3) }, { …(3) }, …(2) ]

- Expected
+ Received

  [
    {
-     &quot;description&quot;: &quot;You can&apos;t copy the matrix without calculating the back-end XML pixel!&quot;,
-     &quot;message&quot;: &quot;I&apos;ll back up the primary SSL capacitor, that should microchip the HTTP application!&quot;,
-     &quot;summary&quot;: &quot;The HDD bandwidth is down, calculate the auxiliary hard drive so we can override the HDD capacitor!&quot;,
+     &quot;description&quot;: &quot;Try to synthesize the TLS alarm, maybe it will parse the online transmitter!&quot;,
+     &quot;message&quot;: &quot;You can&apos;t bypass the card without overriding the auxiliary XML matrix!&quot;,
+     &quot;summary&quot;: &quot;I&apos;ll override the optical CLI hard drive, that should hard drive the SMS sensor!&quot;,
    },
    {
-     &quot;description&quot;: &quot;The SAS transmitter is down, copy the auxiliary firewall so we can bypass the RSS bus!&quot;,
-     &quot;message&quot;: &quot;You can&apos;t program the matrix without quantifying the primary COM transmitter!&quot;,
-     &quot;summary&quot;: &quot;You can&apos;t program the bandwidth without generating the auxiliary HEX interface!&quot;,
+     &quot;description&quot;: &quot;navigating the monitor won&apos;t do anything, we need to compress the solid state SAS bandwidth!&quot;,
+     &quot;message&quot;: &quot;I&apos;ll override the back-end SQL driver, that should program the RAM driver!&quot;,
+     &quot;summary&quot;: &quot;You can&apos;t navigate the interface without transmitting the optical API driver!&quot;,
    },
    {
-     &quot;description&quot;: &quot;If we quantify the pixel, we can get to the UDP card through the wireless SMTP application!&quot;,
-     &quot;message&quot;: &quot;Use the solid state ADP array, then you can back up the optical monitor!&quot;,
-     &quot;summary&quot;: &quot;We need to reboot the auxiliary TLS panel!&quot;,
+     &quot;description&quot;: &quot;You can&apos;t input the firewall without quantifying the online PNG bus!&quot;,
+     &quot;message&quot;: &quot;Use the solid state UTF8 circuit, then you can index the cross-platform interface!&quot;,
+     &quot;summary&quot;: &quot;Use the online SMTP feed, then you can connect the back-end hard drive!&quot;,
    },
    {
-     &quot;description&quot;: &quot;I&apos;ll connect the online SSD matrix, that should firewall the PNG matrix!&quot;,
-     &quot;message&quot;: &quot;We need to program the haptic CLI program!&quot;,
-     &quot;summary&quot;: &quot;Try to quantify the THX microchip, maybe it will hack the bluetooth transmitter!&quot;,
+     &quot;description&quot;: &quot;I&apos;ll connect the digital CLI system, that should alarm the SMTP port!&quot;,
+     &quot;message&quot;: &quot;I&apos;ll back up the back-end COM array, that should program the DNS panel!&quot;,
+     &quot;summary&quot;: &quot;We need to compress the mobile API transmitter!&quot;,
    },
    {
-     &quot;description&quot;: &quot;We need to copy the digital CLI sensor!&quot;,
-     &quot;message&quot;: &quot;The DRAM hard drive is down, copy the online bandwidth so we can input the HEX application!&quot;,
-     &quot;summary&quot;: &quot;Use the virtual ADP bus, then you can override the bluetooth protocol!&quot;,
+     &quot;description&quot;: &quot;We need to bypass the solid state AGP capacitor!&quot;,
+     &quot;message&quot;: &quot;If we input the interface, we can get to the EXE interface through the auxiliary SAS pixel!&quot;,
+     &quot;summary&quot;: &quot;copying the sensor won&apos;t do anything, we need to index the neural UTF8 microchip!&quot;,
    },
  ]

 ❯ src/test-suite-12.spec.ts:21:20
            </failure>
        </testcase>
        <testcase classname="src/test-suite-12.spec.ts" name="&apos;Profound incremental data-warehouse&apos; &gt; &apos;I\&apos;ll compress the cross-platform FTP…&apos;" time="0.000054583">
        </testcase>
        <testcase classname="src/test-suite-12.spec.ts" name="&apos;Profound incremental data-warehouse&apos; &gt; &apos;Try to input the SDD feed, maybe it w…&apos;" time="0.000272583">
            <failure message="expected [ { …(3) }, { …(3) }, { …(3) }, …(1) ] to deeply equal [ { …(3) }, { …(3) }, { …(3) }, …(1) ]" type="AssertionError">
AssertionError: expected [ { …(3) }, { …(3) }, { …(3) }, …(1) ] to deeply equal [ { …(3) }, { …(3) }, { …(3) }, …(1) ]

- Expected
+ Received

  [
    {
-     &quot;description&quot;: &quot;Try to back up the RAM array, maybe it will compress the solid state sensor!&quot;,
-     &quot;message&quot;: &quot;The JSON alarm is down, connect the cross-platform interface so we can index the XSS protocol!&quot;,
-     &quot;summary&quot;: &quot;You can&apos;t hack the monitor without transmitting the cross-platform SCSI monitor!&quot;,
+     &quot;description&quot;: &quot;You can&apos;t quantify the firewall without bypassing the bluetooth SSD bus!&quot;,
+     &quot;message&quot;: &quot;You can&apos;t input the pixel without parsing the open-source RSS program!&quot;,
+     &quot;summary&quot;: &quot;You can&apos;t bypass the microchip without synthesizing the primary SDD driver!&quot;,
    },
    {
-     &quot;description&quot;: &quot;The GB capacitor is down, parse the cross-platform firewall so we can copy the VGA alarm!&quot;,
-     &quot;message&quot;: &quot;You can&apos;t index the monitor without calculating the 1080p CSS driver!&quot;,
-     &quot;summary&quot;: &quot;If we connect the capacitor, we can get to the JBOD matrix through the redundant JBOD port!&quot;,
+     &quot;description&quot;: &quot;We need to back up the multi-byte SCSI program!&quot;,
+     &quot;message&quot;: &quot;You can&apos;t connect the port without indexing the redundant RAM firewall!&quot;,
+     &quot;summary&quot;: &quot;Try to compress the AI sensor, maybe it will copy the auxiliary driver!&quot;,
    },
    {
-     &quot;description&quot;: &quot;You can&apos;t calculate the capacitor without hacking the back-end PCI circuit!&quot;,
-     &quot;message&quot;: &quot;You can&apos;t bypass the port without generating the open-source COM application!&quot;,
-     &quot;summary&quot;: &quot;programming the sensor won&apos;t do anything, we need to generate the wireless PNG monitor!&quot;,
+     &quot;description&quot;: &quot;We need to index the primary XSS panel!&quot;,
+     &quot;message&quot;: &quot;We need to parse the open-source PNG circuit!&quot;,
+     &quot;summary&quot;: &quot;We need to transmit the mobile TLS program!&quot;,
    },
    {
-     &quot;description&quot;: &quot;Try to override the UTF8 interface, maybe it will compress the redundant system!&quot;,
-     &quot;message&quot;: &quot;Use the redundant SAS matrix, then you can program the cross-platform capacitor!&quot;,
-     &quot;summary&quot;: &quot;Try to calculate the SMTP hard drive, maybe it will parse the 1080p sensor!&quot;,
+     &quot;description&quot;: &quot;I&apos;ll index the auxiliary ADP firewall, that should matrix the HEX circuit!&quot;,
+     &quot;message&quot;: &quot;If we reboot the capacitor, we can get to the OCR bus through the primary HEX panel!&quot;,
+     &quot;summary&quot;: &quot;Try to input the TCP array, maybe it will calculate the cross-platform driver!&quot;,
    },
  ]

 ❯ src/test-suite-12.spec.ts:21:20
            </failure>
        </testcase>
        <testcase classname="src/test-suite-12.spec.ts" name="&apos;Profound incremental data-warehouse&apos; &gt; &apos;You can\&apos;t quantify the bus without c…&apos;" time="0.000064083">
        </testcase>
        <testcase classname="src/test-suite-12.spec.ts" name="&apos;Profound incremental data-warehouse&apos; &gt; &apos;We need to program the virtual SMTP p…&apos;" time="0.000249416">
            <failure message="expected [ { …(3) }, { …(3) } ] to deeply equal [ { …(3) }, { …(3) } ]" type="AssertionError">
AssertionError: expected [ { …(3) }, { …(3) } ] to deeply equal [ { …(3) }, { …(3) } ]

- Expected
+ Received

  [
    {
-     &quot;description&quot;: &quot;We need to navigate the wireless IB matrix!&quot;,
-     &quot;message&quot;: &quot;The USB interface is down, input the bluetooth feed so we can connect the USB panel!&quot;,
-     &quot;summary&quot;: &quot;You can&apos;t index the panel without navigating the neural XSS sensor!&quot;,
+     &quot;description&quot;: &quot;I&apos;ll navigate the primary RAM driver, that should sensor the XML microchip!&quot;,
+     &quot;message&quot;: &quot;Use the bluetooth JSON program, then you can calculate the mobile feed!&quot;,
+     &quot;summary&quot;: &quot;Use the 1080p SMTP pixel, then you can parse the cross-platform firewall!&quot;,
    },
    {
-     &quot;description&quot;: &quot;We need to parse the optical PNG capacitor!&quot;,
-     &quot;message&quot;: &quot;The FTP system is down, compress the open-source port so we can hack the COM interface!&quot;,
-     &quot;summary&quot;: &quot;You can&apos;t calculate the capacitor without connecting the redundant ASCII interface!&quot;,
+     &quot;description&quot;: &quot;We need to program the solid state JSON capacitor!&quot;,
+     &quot;message&quot;: &quot;The XML protocol is down, connect the haptic bus so we can back up the OCR protocol!&quot;,
+     &quot;summary&quot;: &quot;You can&apos;t index the firewall without navigating the open-source HDD application!&quot;,
    },
  ]

 ❯ src/test-suite-12.spec.ts:21:20
            </failure>
        </testcase>
        <testcase classname="src/test-suite-12.spec.ts" name="&apos;Profound incremental data-warehouse&apos; &gt; &apos;If we program the firewall, we can ge…&apos;" time="0.000046792">
        </testcase>
        <testcase classname="src/test-suite-12.spec.ts" name="&apos;Profound incremental data-warehouse&apos; &gt; &apos;We need to navigate the back-end IP c…&apos;" time="0.000274292">
            <failure message="expected [ { …(3) }, { …(3) }, { …(3) }, …(2) ] to deeply equal [ { …(3) }, { …(3) }, { …(3) }, …(1) ]" type="AssertionError">
AssertionError: expected [ { …(3) }, { …(3) }, { …(3) }, …(2) ] to deeply equal [ { …(3) }, { …(3) }, { …(3) }, …(1) ]

- Expected
+ Received

  [
    {
-     &quot;description&quot;: &quot;We need to copy the haptic HTTP sensor!&quot;,
-     &quot;message&quot;: &quot;If we parse the port, we can get to the JBOD driver through the back-end IB bandwidth!&quot;,
-     &quot;summary&quot;: &quot;I&apos;ll bypass the open-source RAM driver, that should firewall the RAM interface!&quot;,
+     &quot;description&quot;: &quot;I&apos;ll override the online JSON system, that should circuit the AGP protocol!&quot;,
+     &quot;message&quot;: &quot;overriding the feed won&apos;t do anything, we need to reboot the virtual SMTP program!&quot;,
+     &quot;summary&quot;: &quot;If we reboot the alarm, we can get to the COM driver through the online DNS alarm!&quot;,
    },
    {
-     &quot;description&quot;: &quot;The OCR hard drive is down, override the neural feed so we can input the JBOD circuit!&quot;,
-     &quot;message&quot;: &quot;connecting the monitor won&apos;t do anything, we need to reboot the mobile ASCII driver!&quot;,
-     &quot;summary&quot;: &quot;I&apos;ll navigate the neural HDD application, that should interface the SQL feed!&quot;,
+     &quot;description&quot;: &quot;I&apos;ll program the 1080p DNS alarm, that should pixel the DRAM microchip!&quot;,
+     &quot;message&quot;: &quot;If we generate the monitor, we can get to the COM port through the primary DRAM capacitor!&quot;,
+     &quot;summary&quot;: &quot;We need to transmit the multi-byte DRAM transmitter!&quot;,
+   },
+   {
+     &quot;description&quot;: &quot;generating the matrix won&apos;t do anything, we need to index the auxiliary UTF8 matrix!&quot;,
+     &quot;message&quot;: &quot;You can&apos;t navigate the matrix without copying the virtual SMS firewall!&quot;,
+     &quot;summary&quot;: &quot;If we input the sensor, we can get to the RAM matrix through the neural RSS driver!&quot;,
    },
    {
-     &quot;description&quot;: &quot;Try to override the RAM monitor, maybe it will generate the bluetooth program!&quot;,
-     &quot;message&quot;: &quot;transmitting the system won&apos;t do anything, we need to quantify the bluetooth ADP bandwidth!&quot;,
-     &quot;summary&quot;: &quot;The SMTP port is down, bypass the open-source bandwidth so we can parse the SSL array!&quot;,
+     &quot;description&quot;: &quot;You can&apos;t back up the firewall without hacking the open-source DRAM panel!&quot;,
+     &quot;message&quot;: &quot;copying the alarm won&apos;t do anything, we need to index the optical RSS protocol!&quot;,
+     &quot;summary&quot;: &quot;We need to reboot the redundant USB capacitor!&quot;,
    },
    {
-     &quot;description&quot;: &quot;Use the wireless TLS bandwidth, then you can quantify the open-source application!&quot;,
-     &quot;message&quot;: &quot;hacking the card won&apos;t do anything, we need to reboot the open-source ADP circuit!&quot;,
-     &quot;summary&quot;: &quot;We need to navigate the 1080p CSS capacitor!&quot;,
+     &quot;description&quot;: &quot;You can&apos;t connect the pixel without overriding the multi-byte AGP alarm!&quot;,
+     &quot;message&quot;: &quot;The TLS bandwidth is down, parse the virtual sensor so we can index the FTP bus!&quot;,
+     &quot;summary&quot;: &quot;I&apos;ll input the back-end TLS transmitter, that should card the FTP card!&quot;,
    },
  ]

 ❯ src/test-suite-12.spec.ts:21:20
            </failure>
        </testcase>
        <testcase classname="src/test-suite-12.spec.ts" name="&apos;Profound incremental data-warehouse&apos; &gt; &apos;If we calculate the panel, we can get…&apos;" time="0.000054792">
        </testcase>
        <testcase classname="src/test-suite-12.spec.ts" name="&apos;Profound incremental data-warehouse&apos; &gt; &apos;We need to bypass the redundant SCSI …&apos;" time="0.000326375">
            <failure message="expected [ { …(3) }, { …(3) }, { …(3) }, …(2) ] to deeply equal [ { …(3) }, { …(3) }, { …(3) }, …(2) ]" type="AssertionError">
AssertionError: expected [ { …(3) }, { …(3) }, { …(3) }, …(2) ] to deeply equal [ { …(3) }, { …(3) }, { …(3) }, …(2) ]

- Expected
+ Received

  [
    {
-     &quot;description&quot;: &quot;Use the solid state THX bandwidth, then you can program the optical transmitter!&quot;,
-     &quot;message&quot;: &quot;The SMTP program is down, input the neural protocol so we can copy the JSON driver!&quot;,
-     &quot;summary&quot;: &quot;Use the auxiliary EXE program, then you can generate the digital interface!&quot;,
+     &quot;description&quot;: &quot;If we calculate the alarm, we can get to the IP bus through the digital PNG bus!&quot;,
+     &quot;message&quot;: &quot;I&apos;ll override the digital SSD firewall, that should alarm the AI protocol!&quot;,
+     &quot;summary&quot;: &quot;quantifying the circuit won&apos;t do anything, we need to generate the back-end COM bandwidth!&quot;,
    },
    {
-     &quot;description&quot;: &quot;You can&apos;t navigate the interface without quantifying the cross-platform IP bus!&quot;,
-     &quot;message&quot;: &quot;The IB alarm is down, transmit the online firewall so we can program the API bus!&quot;,
-     &quot;summary&quot;: &quot;Try to hack the SMTP firewall, maybe it will index the solid state microchip!&quot;,
+     &quot;description&quot;: &quot;I&apos;ll transmit the open-source CSS array, that should firewall the ASCII application!&quot;,
+     &quot;message&quot;: &quot;Use the primary AI sensor, then you can generate the solid state port!&quot;,
+     &quot;summary&quot;: &quot;Use the cross-platform SQL sensor, then you can hack the 1080p card!&quot;,
    },
    {
-     &quot;description&quot;: &quot;I&apos;ll input the redundant SMS microchip, that should microchip the RAM program!&quot;,
-     &quot;message&quot;: &quot;Use the back-end ADP matrix, then you can back up the online circuit!&quot;,
-     &quot;summary&quot;: &quot;Use the haptic AGP matrix, then you can copy the solid state circuit!&quot;,
+     &quot;description&quot;: &quot;navigating the hard drive won&apos;t do anything, we need to generate the wireless THX application!&quot;,
+     &quot;message&quot;: &quot;Try to transmit the CSS system, maybe it will override the bluetooth microchip!&quot;,
+     &quot;summary&quot;: &quot;If we override the panel, we can get to the EXE firewall through the 1080p SQL interface!&quot;,
    },
    {
-     &quot;description&quot;: &quot;I&apos;ll connect the optical ASCII port, that should feed the ASCII driver!&quot;,
-     &quot;message&quot;: &quot;Try to navigate the SMS capacitor, maybe it will index the auxiliary bandwidth!&quot;,
-     &quot;summary&quot;: &quot;You can&apos;t bypass the driver without calculating the wireless UDP monitor!&quot;,
+     &quot;description&quot;: &quot;Use the solid state XSS card, then you can index the open-source interface!&quot;,
+     &quot;message&quot;: &quot;You can&apos;t hack the alarm without generating the optical RSS bus!&quot;,
+     &quot;summary&quot;: &quot;If we synthesize the pixel, we can get to the AI firewall through the solid state SQL driver!&quot;,
    },
    {
-     &quot;description&quot;: &quot;The SSL transmitter is down, hack the neural sensor so we can compress the XSS bandwidth!&quot;,
-     &quot;message&quot;: &quot;The API matrix is down, reboot the mobile matrix so we can reboot the HDD protocol!&quot;,
-     &quot;summary&quot;: &quot;bypassing the transmitter won&apos;t do anything, we need to generate the auxiliary XML matrix!&quot;,
+     &quot;description&quot;: &quot;Try to parse the API matrix, maybe it will compress the 1080p card!&quot;,
+     &quot;message&quot;: &quot;Try to program the SQL protocol, maybe it will compress the digital interface!&quot;,
+     &quot;summary&quot;: &quot;We need to transmit the auxiliary XSS application!&quot;,
    },
  ]

 ❯ src/test-suite-12.spec.ts:21:20
            </failure>
        </testcase>
        <testcase classname="src/test-suite-12.spec.ts" name="&apos;Profound incremental data-warehouse&apos; &gt; &apos;The HDD application is down, transmit…&apos;" time="0.000046375">
        </testcase>
        <testcase classname="src/test-suite-12.spec.ts" name="&apos;Profound incremental data-warehouse&apos; &gt; &apos;If we synthesize the card, we can get…&apos;" time="0.000237334">
            <failure message="expected [ { …(3) }, { …(3) }, { …(3) }, …(2) ] to deeply equal [ { …(3) }, { …(3) }, { …(3) } ]" type="AssertionError">
AssertionError: expected [ { …(3) }, { …(3) }, { …(3) }, …(2) ] to deeply equal [ { …(3) }, { …(3) }, { …(3) } ]

- Expected
+ Received

  [
    {
-     &quot;description&quot;: &quot;If we quantify the circuit, we can get to the COM feed through the redundant JSON port!&quot;,
-     &quot;message&quot;: &quot;I&apos;ll navigate the solid state SSL firewall, that should alarm the FTP feed!&quot;,
-     &quot;summary&quot;: &quot;You can&apos;t override the application without backing up the auxiliary THX protocol!&quot;,
+     &quot;description&quot;: &quot;You can&apos;t connect the monitor without parsing the back-end OCR bandwidth!&quot;,
+     &quot;message&quot;: &quot;The CSS alarm is down, copy the virtual panel so we can back up the DRAM microchip!&quot;,
+     &quot;summary&quot;: &quot;compressing the system won&apos;t do anything, we need to bypass the neural DNS port!&quot;,
    },
    {
-     &quot;description&quot;: &quot;We need to reboot the optical UDP bus!&quot;,
-     &quot;message&quot;: &quot;If we connect the system, we can get to the SSD array through the redundant COM hard drive!&quot;,
-     &quot;summary&quot;: &quot;If we transmit the program, we can get to the HTTP pixel through the open-source DRAM panel!&quot;,
+     &quot;description&quot;: &quot;Try to transmit the UTF8 monitor, maybe it will transmit the cross-platform alarm!&quot;,
+     &quot;message&quot;: &quot;If we hack the driver, we can get to the GB microchip through the wireless SSL bandwidth!&quot;,
+     &quot;summary&quot;: &quot;Use the multi-byte IB card, then you can index the optical monitor!&quot;,
    },
    {
-     &quot;description&quot;: &quot;generating the capacitor won&apos;t do anything, we need to program the cross-platform DNS pixel!&quot;,
-     &quot;message&quot;: &quot;You can&apos;t override the circuit without parsing the multi-byte AGP system!&quot;,
-     &quot;summary&quot;: &quot;If we back up the port, we can get to the DNS feed through the cross-platform FTP interface!&quot;,
+     &quot;description&quot;: &quot;You can&apos;t index the protocol without navigating the wireless HDD panel!&quot;,
+     &quot;message&quot;: &quot;If we synthesize the bus, we can get to the ADP monitor through the neural HTTP alarm!&quot;,
+     &quot;summary&quot;: &quot;We need to hack the bluetooth SQL pixel!&quot;,
+   },
+   {
+     &quot;description&quot;: &quot;We need to copy the digital IB interface!&quot;,
+     &quot;message&quot;: &quot;We need to generate the redundant CLI driver!&quot;,
+     &quot;summary&quot;: &quot;The SMTP pixel is down, index the multi-byte pixel so we can connect the HTTP matrix!&quot;,
+   },
+   {
+     &quot;description&quot;: &quot;If we override the array, we can get to the PNG card through the auxiliary XSS card!&quot;,
+     &quot;message&quot;: &quot;connecting the capacitor won&apos;t do anything, we need to generate the solid state PNG driver!&quot;,
+     &quot;summary&quot;: &quot;The PCI monitor is down, generate the open-source circuit so we can bypass the DNS circuit!&quot;,
    },
  ]

 ❯ src/test-suite-12.spec.ts:21:20
            </failure>
        </testcase>
        <testcase classname="src/test-suite-12.spec.ts" name="&apos;Profound incremental data-warehouse&apos; &gt; &apos;You can\&apos;t quantify the program witho…&apos;" time="0.000051333">
        </testcase>
        <testcase classname="src/test-suite-12.spec.ts" name="&apos;Profound incremental data-warehouse&apos; &gt; &apos;navigating the system won\&apos;t do anyth…&apos;" time="0.00017625">
            <failure message="expected [ { …(3) }, { …(3) } ] to deeply equal [ { …(3) }, { …(3) }, { …(3) } ]" type="AssertionError">
AssertionError: expected [ { …(3) }, { …(3) } ] to deeply equal [ { …(3) }, { …(3) }, { …(3) } ]

- Expected
+ Received

  [
    {
-     &quot;description&quot;: &quot;The RSS protocol is down, copy the bluetooth program so we can navigate the UTF8 hard drive!&quot;,
-     &quot;message&quot;: &quot;copying the bandwidth won&apos;t do anything, we need to transmit the online SSL firewall!&quot;,
-     &quot;summary&quot;: &quot;We need to synthesize the haptic CLI system!&quot;,
-   },
-   {
-     &quot;description&quot;: &quot;We need to override the virtual ADP system!&quot;,
-     &quot;message&quot;: &quot;I&apos;ll parse the auxiliary SCSI bandwidth, that should microchip the DNS alarm!&quot;,
-     &quot;summary&quot;: &quot;We need to navigate the auxiliary SSL bus!&quot;,
+     &quot;description&quot;: &quot;If we copy the pixel, we can get to the UTF8 sensor through the redundant DNS bandwidth!&quot;,
+     &quot;message&quot;: &quot;I&apos;ll input the auxiliary AGP transmitter, that should hard drive the CSS panel!&quot;,
+     &quot;summary&quot;: &quot;Try to calculate the ADP matrix, maybe it will index the solid state program!&quot;,
    },
    {
-     &quot;description&quot;: &quot;We need to back up the 1080p IB array!&quot;,
-     &quot;message&quot;: &quot;You can&apos;t copy the application without bypassing the back-end GB application!&quot;,
-     &quot;summary&quot;: &quot;Use the auxiliary SCSI firewall, then you can quantify the optical panel!&quot;,
+     &quot;description&quot;: &quot;We need to hack the primary SSD monitor!&quot;,
+     &quot;message&quot;: &quot;We need to back up the open-source JBOD port!&quot;,
+     &quot;summary&quot;: &quot;If we parse the interface, we can get to the IP feed through the primary TLS panel!&quot;,
    },
  ]

 ❯ src/test-suite-12.spec.ts:21:20
            </failure>
        </testcase>
        <testcase classname="src/test-suite-12.spec.ts" name="&apos;Profound incremental data-warehouse&apos; &gt; &apos;If we index the matrix, we can get to…&apos;" time="0.000044084">
        </testcase>
        <testcase classname="src/test-suite-12.spec.ts" name="&apos;Profound incremental data-warehouse&apos; &gt; &apos;You can\&apos;t calculate the capacitor wi…&apos;" time="0.000236333">
            <failure message="expected [ { …(3) }, { …(3) }, { …(3) }, …(1) ] to deeply equal [ { …(3) }, { …(3) }, { …(3) }, …(1) ]" type="AssertionError">
AssertionError: expected [ { …(3) }, { …(3) }, { …(3) }, …(1) ] to deeply equal [ { …(3) }, { …(3) }, { …(3) }, …(1) ]

- Expected
+ Received

  [
    {
-     &quot;description&quot;: &quot;transmitting the pixel won&apos;t do anything, we need to generate the 1080p SSL feed!&quot;,
-     &quot;message&quot;: &quot;We need to generate the redundant DRAM hard drive!&quot;,
-     &quot;summary&quot;: &quot;Try to index the EXE transmitter, maybe it will synthesize the optical port!&quot;,
+     &quot;description&quot;: &quot;You can&apos;t hack the card without compressing the auxiliary ADP transmitter!&quot;,
+     &quot;message&quot;: &quot;Use the neural HEX array, then you can transmit the 1080p capacitor!&quot;,
+     &quot;summary&quot;: &quot;We need to transmit the solid state COM sensor!&quot;,
    },
    {
-     &quot;description&quot;: &quot;If we program the application, we can get to the AGP alarm through the cross-platform HDD panel!&quot;,
-     &quot;message&quot;: &quot;We need to program the primary XML hard drive!&quot;,
-     &quot;summary&quot;: &quot;The PNG port is down, bypass the virtual transmitter so we can reboot the HDD bandwidth!&quot;,
+     &quot;description&quot;: &quot;Use the back-end THX circuit, then you can bypass the open-source pixel!&quot;,
+     &quot;message&quot;: &quot;The JSON monitor is down, generate the solid state panel so we can program the API array!&quot;,
+     &quot;summary&quot;: &quot;You can&apos;t hack the system without parsing the mobile TLS monitor!&quot;,
    },
    {
-     &quot;description&quot;: &quot;Try to calculate the IB circuit, maybe it will connect the wireless matrix!&quot;,
-     &quot;message&quot;: &quot;You can&apos;t input the microchip without backing up the optical XSS application!&quot;,
-     &quot;summary&quot;: &quot;connecting the driver won&apos;t do anything, we need to bypass the neural SMS capacitor!&quot;,
+     &quot;description&quot;: &quot;The XSS microchip is down, copy the virtual bus so we can hack the SCSI circuit!&quot;,
+     &quot;message&quot;: &quot;We need to index the primary DRAM circuit!&quot;,
+     &quot;summary&quot;: &quot;The COM port is down, copy the digital system so we can parse the HEX monitor!&quot;,
    },
    {
-     &quot;description&quot;: &quot;We need to navigate the haptic UDP bus!&quot;,
-     &quot;message&quot;: &quot;I&apos;ll connect the back-end SMS feed, that should matrix the DNS program!&quot;,
-     &quot;summary&quot;: &quot;You can&apos;t navigate the alarm without parsing the back-end PCI protocol!&quot;,
+     &quot;description&quot;: &quot;indexing the matrix won&apos;t do anything, we need to quantify the open-source USB transmitter!&quot;,
+     &quot;message&quot;: &quot;You can&apos;t calculate the firewall without bypassing the digital AGP hard drive!&quot;,
+     &quot;summary&quot;: &quot;The SDD interface is down, reboot the neural monitor so we can transmit the SQL port!&quot;,
    },
  ]

 ❯ src/test-suite-12.spec.ts:21:20
            </failure>
        </testcase>
        <testcase classname="src/test-suite-12.spec.ts" name="&apos;Profound incremental data-warehouse&apos; &gt; &apos;You can\&apos;t reboot the system without …&apos;" time="0.00005025">
        </testcase>
        <testcase classname="src/test-suite-12.spec.ts" name="&apos;Profound incremental data-warehouse&apos; &gt; &apos;Use the virtual JBOD bus, then you ca…&apos;" time="0.0002205">
            <failure message="expected [ { …(3) }, { …(3) } ] to deeply equal [ { …(3) }, { …(3) } ]" type="AssertionError">
AssertionError: expected [ { …(3) }, { …(3) } ] to deeply equal [ { …(3) }, { …(3) } ]

- Expected
+ Received

  [
    {
-     &quot;description&quot;: &quot;Use the wireless DNS alarm, then you can compress the virtual pixel!&quot;,
-     &quot;message&quot;: &quot;Try to compress the VGA array, maybe it will copy the bluetooth card!&quot;,
-     &quot;summary&quot;: &quot;You can&apos;t connect the transmitter without compressing the open-source JSON array!&quot;,
+     &quot;description&quot;: &quot;Try to parse the SQL protocol, maybe it will reboot the back-end sensor!&quot;,
+     &quot;message&quot;: &quot;If we override the sensor, we can get to the USB protocol through the redundant JSON card!&quot;,
+     &quot;summary&quot;: &quot;I&apos;ll calculate the auxiliary UDP circuit, that should matrix the PNG application!&quot;,
    },
    {
-     &quot;description&quot;: &quot;Try to copy the SCSI monitor, maybe it will program the multi-byte port!&quot;,
-     &quot;message&quot;: &quot;I&apos;ll generate the haptic SDD program, that should transmitter the EXE alarm!&quot;,
-     &quot;summary&quot;: &quot;Try to generate the API circuit, maybe it will quantify the cross-platform card!&quot;,
+     &quot;description&quot;: &quot;The DRAM sensor is down, compress the virtual port so we can transmit the SQL capacitor!&quot;,
+     &quot;message&quot;: &quot;The JSON application is down, calculate the mobile hard drive so we can transmit the XML port!&quot;,
+     &quot;summary&quot;: &quot;If we index the interface, we can get to the API system through the primary GB pixel!&quot;,
    },
  ]

 ❯ src/test-suite-12.spec.ts:21:20
            </failure>
        </testcase>
        <testcase classname="src/test-suite-12.spec.ts" name="&apos;Profound incremental data-warehouse&apos; &gt; &apos;Use the optical HTTP array, then you …&apos;" time="0.000042458">
        </testcase>
        <testcase classname="src/test-suite-12.spec.ts" name="&apos;Profound incremental data-warehouse&apos; &gt; &apos;If we back up the firewall, we can ge…&apos;" time="0.0002295">
            <failure message="expected [ { …(3) }, { …(3) }, { …(3) } ] to deeply equal [ { …(3) }, { …(3) }, { …(3) }, …(1) ]" type="AssertionError">
AssertionError: expected [ { …(3) }, { …(3) }, { …(3) } ] to deeply equal [ { …(3) }, { …(3) }, { …(3) }, …(1) ]

- Expected
+ Received

  [
    {
-     &quot;description&quot;: &quot;Use the multi-byte IB interface, then you can generate the optical array!&quot;,
-     &quot;message&quot;: &quot;The ASCII sensor is down, index the auxiliary system so we can generate the SSD alarm!&quot;,
-     &quot;summary&quot;: &quot;The EXE circuit is down, back up the 1080p transmitter so we can synthesize the HEX array!&quot;,
-   },
-   {
-     &quot;description&quot;: &quot;If we compress the bandwidth, we can get to the DNS transmitter through the bluetooth SSD monitor!&quot;,
-     &quot;message&quot;: &quot;The USB hard drive is down, connect the redundant port so we can reboot the OCR array!&quot;,
-     &quot;summary&quot;: &quot;Try to connect the SDD microchip, maybe it will copy the online card!&quot;,
+     &quot;description&quot;: &quot;Try to back up the JBOD program, maybe it will compress the solid state program!&quot;,
+     &quot;message&quot;: &quot;You can&apos;t transmit the application without quantifying the primary SMS transmitter!&quot;,
+     &quot;summary&quot;: &quot;I&apos;ll calculate the mobile SSD capacitor, that should panel the IP array!&quot;,
    },
    {
-     &quot;description&quot;: &quot;Use the cross-platform IB firewall, then you can parse the bluetooth program!&quot;,
-     &quot;message&quot;: &quot;backing up the card won&apos;t do anything, we need to reboot the redundant SMTP driver!&quot;,
-     &quot;summary&quot;: &quot;calculating the bus won&apos;t do anything, we need to hack the back-end DRAM panel!&quot;,
+     &quot;description&quot;: &quot;The RSS firewall is down, program the wireless bandwidth so we can calculate the AGP hard drive!&quot;,
+     &quot;message&quot;: &quot;We need to override the redundant THX matrix!&quot;,
+     &quot;summary&quot;: &quot;If we quantify the system, we can get to the UTF8 protocol through the digital IP circuit!&quot;,
    },
    {
-     &quot;description&quot;: &quot;We need to navigate the bluetooth DNS bandwidth!&quot;,
-     &quot;message&quot;: &quot;backing up the driver won&apos;t do anything, we need to reboot the bluetooth COM alarm!&quot;,
-     &quot;summary&quot;: &quot;You can&apos;t back up the port without bypassing the optical AI bus!&quot;,
+     &quot;description&quot;: &quot;We need to hack the bluetooth AGP capacitor!&quot;,
+     &quot;message&quot;: &quot;indexing the array won&apos;t do anything, we need to back up the cross-platform HEX interface!&quot;,
+     &quot;summary&quot;: &quot;Use the optical RAM program, then you can synthesize the back-end circuit!&quot;,
    },
  ]

 ❯ src/test-suite-12.spec.ts:21:20
            </failure>
        </testcase>
        <testcase classname="src/test-suite-12.spec.ts" name="&apos;Profound incremental data-warehouse&apos; &gt; &apos;We need to compress the bluetooth SSD…&apos;" time="0.000037458">
        </testcase>
        <testcase classname="src/test-suite-12.spec.ts" name="&apos;Profound incremental data-warehouse&apos; &gt; &apos;If we connect the panel, we can get t…&apos;" time="0.000204875">
            <failure message="expected [ { …(3) }, { …(3) }, { …(3) } ] to deeply equal [ { …(3) }, { …(3) }, { …(3) } ]" type="AssertionError">
AssertionError: expected [ { …(3) }, { …(3) }, { …(3) } ] to deeply equal [ { …(3) }, { …(3) }, { …(3) } ]

- Expected
+ Received

  [
    {
-     &quot;description&quot;: &quot;The API panel is down, reboot the optical bandwidth so we can connect the SSL capacitor!&quot;,
-     &quot;message&quot;: &quot;The AI system is down, reboot the mobile driver so we can override the HTTP panel!&quot;,
-     &quot;summary&quot;: &quot;If we compress the firewall, we can get to the DNS card through the auxiliary JBOD bandwidth!&quot;,
+     &quot;description&quot;: &quot;The IP panel is down, bypass the online driver so we can synthesize the HEX card!&quot;,
+     &quot;message&quot;: &quot;The COM capacitor is down, override the redundant application so we can reboot the UDP microchip!&quot;,
+     &quot;summary&quot;: &quot;The TLS interface is down, hack the wireless matrix so we can navigate the SMTP system!&quot;,
    },
    {
-     &quot;description&quot;: &quot;You can&apos;t back up the application without overriding the auxiliary HDD monitor!&quot;,
-     &quot;message&quot;: &quot;Use the wireless RSS interface, then you can compress the multi-byte array!&quot;,
-     &quot;summary&quot;: &quot;indexing the application won&apos;t do anything, we need to program the neural COM matrix!&quot;,
+     &quot;description&quot;: &quot;You can&apos;t calculate the alarm without parsing the wireless SDD port!&quot;,
+     &quot;message&quot;: &quot;The PNG matrix is down, transmit the virtual feed so we can program the AGP program!&quot;,
+     &quot;summary&quot;: &quot;Try to hack the UDP pixel, maybe it will reboot the redundant alarm!&quot;,
    },
    {
-     &quot;description&quot;: &quot;You can&apos;t bypass the circuit without backing up the 1080p AGP protocol!&quot;,
-     &quot;message&quot;: &quot;Use the redundant ASCII program, then you can connect the bluetooth hard drive!&quot;,
-     &quot;summary&quot;: &quot;If we connect the port, we can get to the JSON monitor through the bluetooth HTTP sensor!&quot;,
+     &quot;description&quot;: &quot;I&apos;ll input the neural FTP port, that should driver the HDD bus!&quot;,
+     &quot;message&quot;: &quot;We need to copy the optical IB protocol!&quot;,
+     &quot;summary&quot;: &quot;I&apos;ll generate the redundant TCP port, that should firewall the THX sensor!&quot;,
    },
  ]

 ❯ src/test-suite-12.spec.ts:21:20
            </failure>
        </testcase>
        <testcase classname="src/test-suite-12.spec.ts" name="&apos;Profound incremental data-warehouse&apos; &gt; &apos;Try to input the JSON interface, mayb…&apos;" time="0.0000565">
        </testcase>
        <testcase classname="src/test-suite-12.spec.ts" name="&apos;Profound incremental data-warehouse&apos; &gt; &apos;Try to parse the ADP card, maybe it w…&apos;" time="0.000212">
            <failure message="expected [ { …(3) }, { …(3) }, { …(3) }, …(1) ] to deeply equal [ { …(3) }, { …(3) } ]" type="AssertionError">
AssertionError: expected [ { …(3) }, { …(3) }, { …(3) }, …(1) ] to deeply equal [ { …(3) }, { …(3) } ]

- Expected
+ Received

  [
    {
-     &quot;description&quot;: &quot;indexing the protocol won&apos;t do anything, we need to compress the redundant COM monitor!&quot;,
-     &quot;message&quot;: &quot;If we navigate the driver, we can get to the TCP array through the cross-platform IP circuit!&quot;,
-     &quot;summary&quot;: &quot;parsing the interface won&apos;t do anything, we need to index the online EXE application!&quot;,
+     &quot;description&quot;: &quot;You can&apos;t quantify the protocol without copying the multi-byte VGA port!&quot;,
+     &quot;message&quot;: &quot;Use the auxiliary JSON port, then you can back up the optical bandwidth!&quot;,
+     &quot;summary&quot;: &quot;You can&apos;t reboot the feed without connecting the redundant UTF8 interface!&quot;,
    },
    {
-     &quot;description&quot;: &quot;I&apos;ll program the 1080p TCP pixel, that should system the USB capacitor!&quot;,
-     &quot;message&quot;: &quot;hacking the capacitor won&apos;t do anything, we need to override the online JBOD monitor!&quot;,
-     &quot;summary&quot;: &quot;If we quantify the feed, we can get to the THX alarm through the auxiliary HTTP application!&quot;,
+     &quot;description&quot;: &quot;If we connect the array, we can get to the COM feed through the solid state TCP capacitor!&quot;,
+     &quot;message&quot;: &quot;We need to program the online SSD interface!&quot;,
+     &quot;summary&quot;: &quot;I&apos;ll program the digital CSS system, that should array the JSON matrix!&quot;,
+   },
+   {
+     &quot;description&quot;: &quot;The GB interface is down, back up the optical capacitor so we can generate the PNG firewall!&quot;,
+     &quot;message&quot;: &quot;If we back up the program, we can get to the OCR bandwidth through the online TLS capacitor!&quot;,
+     &quot;summary&quot;: &quot;We need to parse the wireless CSS system!&quot;,
+   },
+   {
+     &quot;description&quot;: &quot;Use the multi-byte RSS array, then you can synthesize the primary feed!&quot;,
+     &quot;message&quot;: &quot;connecting the system won&apos;t do anything, we need to parse the virtual ASCII array!&quot;,
+     &quot;summary&quot;: &quot;Try to back up the CLI bus, maybe it will calculate the digital hard drive!&quot;,
    },
  ]

 ❯ src/test-suite-12.spec.ts:21:20
            </failure>
        </testcase>
        <testcase classname="src/test-suite-12.spec.ts" name="&apos;Profound incremental data-warehouse&apos; &gt; &apos;I\&apos;ll index the back-end ADP capacito…&apos;" time="0.000052708">
        </testcase>
        <testcase classname="src/test-suite-12.spec.ts" name="&apos;Profound incremental data-warehouse&apos; &gt; &apos;We need to connect the redundant USB …&apos;" time="0.000159375">
            <failure message="expected [ { …(3) }, { …(3) } ] to deeply equal [ { …(3) }, { …(3) } ]" type="AssertionError">
AssertionError: expected [ { …(3) }, { …(3) } ] to deeply equal [ { …(3) }, { …(3) } ]

- Expected
+ Received

  [
    {
-     &quot;description&quot;: &quot;If we compress the hard drive, we can get to the JSON sensor through the primary FTP pixel!&quot;,
-     &quot;message&quot;: &quot;parsing the hard drive won&apos;t do anything, we need to compress the back-end AI microchip!&quot;,
-     &quot;summary&quot;: &quot;Use the open-source HDD driver, then you can index the bluetooth card!&quot;,
+     &quot;description&quot;: &quot;If we compress the circuit, we can get to the XML transmitter through the solid state SDD array!&quot;,
+     &quot;message&quot;: &quot;If we override the sensor, we can get to the AGP microchip through the neural XSS panel!&quot;,
+     &quot;summary&quot;: &quot;quantifying the program won&apos;t do anything, we need to index the digital API application!&quot;,
    },
    {
-     &quot;description&quot;: &quot;We need to copy the redundant IB monitor!&quot;,
-     &quot;message&quot;: &quot;generating the circuit won&apos;t do anything, we need to calculate the 1080p PNG application!&quot;,
-     &quot;summary&quot;: &quot;Use the optical EXE matrix, then you can input the digital driver!&quot;,
+     &quot;description&quot;: &quot;You can&apos;t back up the feed without indexing the wireless EXE panel!&quot;,
+     &quot;message&quot;: &quot;You can&apos;t connect the microchip without quantifying the neural ASCII capacitor!&quot;,
+     &quot;summary&quot;: &quot;transmitting the circuit won&apos;t do anything, we need to input the 1080p FTP feed!&quot;,
    },
  ]

 ❯ src/test-suite-12.spec.ts:21:20
            </failure>
        </testcase>
        <testcase classname="src/test-suite-12.spec.ts" name="&apos;Profound incremental data-warehouse&apos; &gt; &apos;I\&apos;ll override the back-end DNS feed,…&apos;" time="0.000032916">
        </testcase>
        <testcase classname="src/test-suite-12.spec.ts" name="&apos;Profound incremental data-warehouse&apos; &gt; &apos;If we reboot the application, we can …&apos;" time="0.000238917">
            <failure message="expected [ { …(3) }, { …(3) }, { …(3) } ] to deeply equal [ { …(3) }, { …(3) }, { …(3) }, …(2) ]" type="AssertionError">
AssertionError: expected [ { …(3) }, { …(3) }, { …(3) } ] to deeply equal [ { …(3) }, { …(3) }, { …(3) }, …(2) ]

- Expected
+ Received

  [
    {
-     &quot;description&quot;: &quot;I&apos;ll bypass the auxiliary DNS protocol, that should hard drive the AI card!&quot;,
-     &quot;message&quot;: &quot;We need to synthesize the wireless UTF8 circuit!&quot;,
-     &quot;summary&quot;: &quot;Use the neural SSD system, then you can copy the bluetooth feed!&quot;,
+     &quot;description&quot;: &quot;Try to bypass the FTP matrix, maybe it will connect the open-source driver!&quot;,
+     &quot;message&quot;: &quot;The AGP feed is down, program the virtual microchip so we can program the SQL feed!&quot;,
+     &quot;summary&quot;: &quot;Use the digital SMTP driver, then you can reboot the haptic transmitter!&quot;,
    },
    {
-     &quot;description&quot;: &quot;The OCR pixel is down, navigate the open-source microchip so we can generate the UDP application!&quot;,
-     &quot;message&quot;: &quot;Use the mobile IP pixel, then you can generate the mobile feed!&quot;,
-     &quot;summary&quot;: &quot;The TCP program is down, index the redundant protocol so we can input the XML matrix!&quot;,
+     &quot;description&quot;: &quot;We need to hack the primary GB sensor!&quot;,
+     &quot;message&quot;: &quot;We need to quantify the digital CLI application!&quot;,
+     &quot;summary&quot;: &quot;I&apos;ll quantify the optical THX card, that should array the VGA transmitter!&quot;,
    },
    {
-     &quot;description&quot;: &quot;You can&apos;t connect the monitor without navigating the wireless COM sensor!&quot;,
-     &quot;message&quot;: &quot;I&apos;ll generate the primary COM port, that should sensor the JSON feed!&quot;,
-     &quot;summary&quot;: &quot;The JBOD capacitor is down, copy the online interface so we can parse the PNG microchip!&quot;,
-   },
-   {
-     &quot;description&quot;: &quot;You can&apos;t hack the program without calculating the bluetooth FTP array!&quot;,
-     &quot;message&quot;: &quot;I&apos;ll synthesize the redundant SQL driver, that should application the SCSI application!&quot;,
-     &quot;summary&quot;: &quot;indexing the microchip won&apos;t do anything, we need to synthesize the multi-byte HTTP card!&quot;,
-   },
-   {
-     &quot;description&quot;: &quot;You can&apos;t bypass the microchip without quantifying the back-end HTTP circuit!&quot;,
-     &quot;message&quot;: &quot;Use the cross-platform IB circuit, then you can reboot the optical hard drive!&quot;,
-     &quot;summary&quot;: &quot;If we copy the interface, we can get to the RSS matrix through the virtual XML transmitter!&quot;,
+     &quot;description&quot;: &quot;The GB capacitor is down, generate the primary driver so we can index the API circuit!&quot;,
+     &quot;message&quot;: &quot;We need to calculate the 1080p DRAM feed!&quot;,
+     &quot;summary&quot;: &quot;calculating the application won&apos;t do anything, we need to copy the redundant ASCII feed!&quot;,
    },
  ]

 ❯ src/test-suite-12.spec.ts:21:20
            </failure>
        </testcase>
    </testsuite>
</testsuites>
